INFO:Slither:Compilation warnings/errors on /sb/0x7b74e83cacf86443a1cad1152179cbeff8e25e29.sol:
/sb/0x7b74e83cacf86443a1cad1152179cbeff8e25e29.sol:19:5: Warning: Defining constructors as functions with the same name as the contract is deprecated. Use "constructor(...) { ... }" instead.
    function RaiseFundsForACause(address beneficiary, string message, uint256 secondsUntilExpiration)
    ^ (Relevant source part starts here and spans across multiple lines).
/sb/0x7b74e83cacf86443a1cad1152179cbeff8e25e29.sol:40:9: Warning: "throw" is deprecated in favour of "revert()", "require()" and "assert()".
        throw;
        ^---^
/sb/0x7b74e83cacf86443a1cad1152179cbeff8e25e29.sol:95:9: Warning: Use of the "var" keyword is deprecated.
        var value = donationData[msg.sender];
        ^-------^
/sb/0x7b74e83cacf86443a1cad1152179cbeff8e25e29.sol:78:17: Warning: Using contract member "balance" inherited from the address type is deprecated. Convert the contract to "address" type to access the member, for example use "address(contract).balance" instead.
        require(this.balance > 0);
                ^----------^
/sb/0x7b74e83cacf86443a1cad1152179cbeff8e25e29.sol:83:27: Warning: Using contract member "balance" inherited from the address type is deprecated. Convert the contract to "address" type to access the member, for example use "address(contract).balance" instead.
        receiver.transfer(this.balance);
                          ^----------^

INFO:Detectors:[92m
RaiseFundsForACause.donate (/sb/0x7b74e83cacf86443a1cad1152179cbeff8e25e29.sol#45-63) uses timestamp for comparisons
	Dangerous comparisons:
	- require(bool)(block.timestamp < (timeStarted + expirationInSeconds)) (/sb/0x7b74e83cacf86443a1cad1152179cbeff8e25e29.sol#48-50)
RaiseFundsForACause.receiverWithdraw (/sb/0x7b74e83cacf86443a1cad1152179cbeff8e25e29.sol#76-91) uses timestamp for comparisons
	Dangerous comparisons:
	- require(bool)(block.timestamp < (timeStarted + expirationInSeconds)) (/sb/0x7b74e83cacf86443a1cad1152179cbeff8e25e29.sol#80-83)
RaiseFundsForACause.withdraw (/sb/0x7b74e83cacf86443a1cad1152179cbeff8e25e29.sol#91-106) uses timestamp for comparisons
	Dangerous comparisons:
	- require(bool)(block.timestamp > (timeStarted + expirationInSeconds)) (/sb/0x7b74e83cacf86443a1cad1152179cbeff8e25e29.sol#93-96)
RaiseFundsForACause.expirationTimestamp (/sb/0x7b74e83cacf86443a1cad1152179cbeff8e25e29.sol#118-121) uses timestamp for comparisons
	Dangerous comparisons:
	- assert(bool)((timeStarted + expirationInSeconds) >= timeStarted) (/sb/0x7b74e83cacf86443a1cad1152179cbeff8e25e29.sol#120-121)
Reference: https://github.com/trailofbits/slither/wiki/Detectors-Documentation#block-timestamp[0m
INFO:Detectors:[92m
Deprecated standard detected @ /sb/0x7b74e83cacf86443a1cad1152179cbeff8e25e29.sol#44:
	- Usage of "throw" should be replaced with "revert()"
Reference: https://github.com/trailofbits/slither/wiki/Detectors-Documentation#deprecated-standards[0m
INFO:Detectors:[92m
RaiseFundsForACause.fallback (/sb/0x7b74e83cacf86443a1cad1152179cbeff8e25e29.sol#40-45) should be declared external
RaiseFundsForACause.donate (/sb/0x7b74e83cacf86443a1cad1152179cbeff8e25e29.sol#45-63) should be declared external
RaiseFundsForACause.receiverSetAmountRequired (/sb/0x7b74e83cacf86443a1cad1152179cbeff8e25e29.sol#64-76) should be declared external
RaiseFundsForACause.receiverWithdraw (/sb/0x7b74e83cacf86443a1cad1152179cbeff8e25e29.sol#76-91) should be declared external
RaiseFundsForACause.withdraw (/sb/0x7b74e83cacf86443a1cad1152179cbeff8e25e29.sol#91-106) should be declared external
RaiseFundsForACause.currentTotalExcess (/sb/0x7b74e83cacf86443a1cad1152179cbeff8e25e29.sol#106-118) should be declared external
RaiseFundsForACause.expirationTimestamp (/sb/0x7b74e83cacf86443a1cad1152179cbeff8e25e29.sol#118-121) should be declared external
Reference: https://github.com/trailofbits/slither/wiki/Detectors-Documentation#public-function-that-could-be-declared-as-external[0m
INFO:Detectors:[92m
Detected issues with version pragma in /sb/0x7b74e83cacf86443a1cad1152179cbeff8e25e29.sol:
	- pragma solidity^0.4.17 (/sb/0x7b74e83cacf86443a1cad1152179cbeff8e25e29.sol#1): it allows old versions
Reference: https://github.com/trailofbits/slither/wiki/Detectors-Documentation#incorrect-version-of-solidity[0m
INFO:Detectors:[92m
Function 'RaiseFundsForACause.RaiseFundsForACause' (/sb/0x7b74e83cacf86443a1cad1152179cbeff8e25e29.sol#19-39) is not in mixedCase
Reference: https://github.com/trailofbits/slither/wiki/Detectors-Documentation#conformance-to-solidity-naming-conventions[0m
INFO:Slither:/sb/0x7b74e83cacf86443a1cad1152179cbeff8e25e29.sol analyzed (1 contracts), 14 result(s) found
