INFO:Detectors:[93m
Address.isContract (/sb/0x0c7cabc5d47b638918f51458215eef0ac8c64358.sol#81-98) is declared view but contains assembly code
Reference: https://github.com/trailofbits/slither/wiki/Detectors-Documentation#constant-functions-changing-the-state[0m
INFO:Detectors:[93m
IERC721 (/sb/0x0c7cabc5d47b638918f51458215eef0ac8c64358.sol#179-225) has incorrect ERC20 function interface(s):
	-approve (/sb/0x0c7cabc5d47b638918f51458215eef0ac8c64358.sol#198-200)
	-transferFrom (/sb/0x0c7cabc5d47b638918f51458215eef0ac8c64358.sol#209-218)
ERC721 (/sb/0x0c7cabc5d47b638918f51458215eef0ac8c64358.sol#259-592) has incorrect ERC20 function interface(s):
	-approve (/sb/0x0c7cabc5d47b638918f51458215eef0ac8c64358.sol#334-339)
	-transferFrom (/sb/0x0c7cabc5d47b638918f51458215eef0ac8c64358.sol#399-405)
Reference: https://github.com/trailofbits/slither/wiki/Detectors-Documentation#incorrect-erc20-interface[0m
INFO:Detectors:[92m
ERC721Metadata.constructor.name (local variable @ /sb/0x0c7cabc5d47b638918f51458215eef0ac8c64358.sol#801) shadows:
	- ERC721Metadata.name (function @ /sb/0x0c7cabc5d47b638918f51458215eef0ac8c64358.sol#811-813)
	- IERC721Metadata.name (function @ /sb/0x0c7cabc5d47b638918f51458215eef0ac8c64358.sol#773-776)
ERC721Metadata.constructor.symbol (local variable @ /sb/0x0c7cabc5d47b638918f51458215eef0ac8c64358.sol#801-802) shadows:
	- ERC721Metadata.symbol (function @ /sb/0x0c7cabc5d47b638918f51458215eef0ac8c64358.sol#818-820)
	- IERC721Metadata.symbol (function @ /sb/0x0c7cabc5d47b638918f51458215eef0ac8c64358.sol#776-777)
ERC721Full.constructor.name (local variable @ /sb/0x0c7cabc5d47b638918f51458215eef0ac8c64358.sol#881-882) shadows:
	- ERC721Metadata.name (function @ /sb/0x0c7cabc5d47b638918f51458215eef0ac8c64358.sol#811-813)
	- IERC721Metadata.name (function @ /sb/0x0c7cabc5d47b638918f51458215eef0ac8c64358.sol#773-776)
ERC721Full.constructor.symbol (local variable @ /sb/0x0c7cabc5d47b638918f51458215eef0ac8c64358.sol#882-884) shadows:
	- ERC721Metadata.symbol (function @ /sb/0x0c7cabc5d47b638918f51458215eef0ac8c64358.sol#818-820)
	- IERC721Metadata.symbol (function @ /sb/0x0c7cabc5d47b638918f51458215eef0ac8c64358.sol#776-777)
ERC721MetadataMintable.mintWithTokenURI.tokenURI (local variable @ /sb/0x0c7cabc5d47b638918f51458215eef0ac8c64358.sol#1022) shadows:
	- ERC721Metadata.tokenURI (function @ /sb/0x0c7cabc5d47b638918f51458215eef0ac8c64358.sol#824-833)
	- IERC721Metadata.tokenURI (function @ /sb/0x0c7cabc5d47b638918f51458215eef0ac8c64358.sol#777-781)
CryptoLand.mintManyWithTokenUri.tokenURI (local variable @ /sb/0x0c7cabc5d47b638918f51458215eef0ac8c64358.sol) shadows:
	- ERC721Metadata.tokenURI (function @ /sb/0x0c7cabc5d47b638918f51458215eef0ac8c64358.sol#824-833)
	- IERC721Metadata.tokenURI (function @ /sb/0x0c7cabc5d47b638918f51458215eef0ac8c64358.sol#777-781)
Reference: https://github.com/trailofbits/slither/wiki/Detectors-Documentation#local-variable-shadowing[0m
INFO:Detectors:[92m
Address.isContract uses assembly (/sb/0x0c7cabc5d47b638918f51458215eef0ac8c64358.sol#81-98)
	- /sb/0x0c7cabc5d47b638918f51458215eef0ac8c64358.sol#97-98
Reference: https://github.com/trailofbits/slither/wiki/Detectors-Documentation#assembly-usage[0m
INFO:Detectors:[92m
IERC721.approve (/sb/0x0c7cabc5d47b638918f51458215eef0ac8c64358.sol#198-200) should be declared external
ERC721.approve (/sb/0x0c7cabc5d47b638918f51458215eef0ac8c64358.sol#334-339) should be declared external
IERC721.setApprovalForAll (/sb/0x0c7cabc5d47b638918f51458215eef0ac8c64358.sol#203-205) should be declared external
ERC721.setApprovalForAll (/sb/0x0c7cabc5d47b638918f51458215eef0ac8c64358.sol#359-364) should be declared external
ERC721.safeTransferFrom (/sb/0x0c7cabc5d47b638918f51458215eef0ac8c64358.sol#424-427) should be declared external
IERC721.safeTransferFrom (/sb/0x0c7cabc5d47b638918f51458215eef0ac8c64358.sol#219-220) should be declared external
IERC721Receiver.onERC721Received (/sb/0x0c7cabc5d47b638918f51458215eef0ac8c64358.sol#251-256) should be declared external
IERC721Enumerable.tokenOfOwnerByIndex (/sb/0x0c7cabc5d47b638918f51458215eef0ac8c64358.sol#600-603) should be declared external
ERC721Enumerable.tokenOfOwnerByIndex (/sb/0x0c7cabc5d47b638918f51458215eef0ac8c64358.sol#648-652) should be declared external
ERC721Enumerable.tokenByIndex (/sb/0x0c7cabc5d47b638918f51458215eef0ac8c64358.sol#663-667) should be declared external
IERC721Enumerable.tokenByIndex (/sb/0x0c7cabc5d47b638918f51458215eef0ac8c64358.sol#603-605) should be declared external
MinterRole.addMinter (/sb/0x0c7cabc5d47b638918f51458215eef0ac8c64358.sol#958-961) should be declared external
MinterRole.renounceMinter (/sb/0x0c7cabc5d47b638918f51458215eef0ac8c64358.sol#961-964) should be declared external
ERC721Mintable.mint (/sb/0x0c7cabc5d47b638918f51458215eef0ac8c64358.sol#991-999) should be declared external
ERC721MetadataMintable.mintWithTokenURI (/sb/0x0c7cabc5d47b638918f51458215eef0ac8c64358.sol#1019-1029) should be declared external
ERC721Burnable.burn (/sb/0x0c7cabc5d47b638918f51458215eef0ac8c64358.sol#1035-1038) should be declared external
Ownable.owner (/sb/0x0c7cabc5d47b638918f51458215eef0ac8c64358.sol#1061-1062) should be declared external
Ownable.renounceOwnership (/sb/0x0c7cabc5d47b638918f51458215eef0ac8c64358.sol#1095-1103) should be declared external
Ownable.transferOwnership (/sb/0x0c7cabc5d47b638918f51458215eef0ac8c64358.sol#1110-1115) should be declared external
CryptoLand.mintManyWithTokenUri (/sb/0x0c7cabc5d47b638918f51458215eef0ac8c64358.sol) should be declared external
CryptoLand.setTokenURI (/sb/0x0c7cabc5d47b638918f51458215eef0ac8c64358.sol) should be declared external
Reference: https://github.com/trailofbits/slither/wiki/Detectors-Documentation#public-function-that-could-be-declared-as-external[0m
INFO:Detectors:[92m
Function 'ERC165._registerInterface' (/sb/0x0c7cabc5d47b638918f51458215eef0ac8c64358.sol#165-171) is not in mixedCase
Constant 'ERC165._InterfaceId_ERC165' (/sb/0x0c7cabc5d47b638918f51458215eef0ac8c64358.sol#125-129) is not in UPPER_CASE_WITH_UNDERSCORES
Parameter '_data' of ERC721.safeTransferFrom (/sb/0x0c7cabc5d47b638918f51458215eef0ac8c64358.sol#452) is not in mixedCase
Function 'ERC721._exists' (/sb/0x0c7cabc5d47b638918f51458215eef0ac8c64358.sol#461-469) is not in mixedCase
Function 'ERC721._isApprovedOrOwner' (/sb/0x0c7cabc5d47b638918f51458215eef0ac8c64358.sol#483-496) is not in mixedCase
Function 'ERC721._mint' (/sb/0x0c7cabc5d47b638918f51458215eef0ac8c64358.sol#502-507) is not in mixedCase
Function 'ERC721._burn' (/sb/0x0c7cabc5d47b638918f51458215eef0ac8c64358.sol#509-512) is not in mixedCase
Function 'ERC721._addTokenTo' (/sb/0x0c7cabc5d47b638918f51458215eef0ac8c64358.sol#522-526) is not in mixedCase
Function 'ERC721._removeTokenFrom' (/sb/0x0c7cabc5d47b638918f51458215eef0ac8c64358.sol#537-541) is not in mixedCase
Function 'ERC721._checkOnERC721Received' (/sb/0x0c7cabc5d47b638918f51458215eef0ac8c64358.sol#562-574) is not in mixedCase
Parameter '_data' of ERC721._checkOnERC721Received (/sb/0x0c7cabc5d47b638918f51458215eef0ac8c64358.sol#564) is not in mixedCase
Function 'ERC721._clearApproval' (/sb/0x0c7cabc5d47b638918f51458215eef0ac8c64358.sol#585-592) is not in mixedCase
Constant 'ERC721._InterfaceId_ERC721' (/sb/0x0c7cabc5d47b638918f51458215eef0ac8c64358.sol#280-281) is not in UPPER_CASE_WITH_UNDERSCORES
Function 'ERC721Enumerable._mint' (/sb/0x0c7cabc5d47b638918f51458215eef0ac8c64358.sol#726-739) is not in mixedCase
Function 'ERC721Enumerable._burn' (/sb/0x0c7cabc5d47b638918f51458215eef0ac8c64358.sol#745-764) is not in mixedCase
Function 'ERC721Enumerable._addTokenTo' (/sb/0x0c7cabc5d47b638918f51458215eef0ac8c64358.sol#676-681) is not in mixedCase
Function 'ERC721Enumerable._removeTokenFrom' (/sb/0x0c7cabc5d47b638918f51458215eef0ac8c64358.sol#691-718) is not in mixedCase
Constant 'ERC721Enumerable._InterfaceId_ERC721Enumerable' (/sb/0x0c7cabc5d47b638918f51458215eef0ac8c64358.sol#621-622) is not in UPPER_CASE_WITH_UNDERSCORES
Function 'ERC721Metadata._burn' (/sb/0x0c7cabc5d47b638918f51458215eef0ac8c64358.sol#853-862) is not in mixedCase
Function 'ERC721Metadata._setTokenURI' (/sb/0x0c7cabc5d47b638918f51458215eef0ac8c64358.sol#837-840) is not in mixedCase
Constant 'ERC721Metadata.InterfaceId_ERC721Metadata' (/sb/0x0c7cabc5d47b638918f51458215eef0ac8c64358.sol#792-796) is not in UPPER_CASE_WITH_UNDERSCORES
Function 'MinterRole._addMinter' (/sb/0x0c7cabc5d47b638918f51458215eef0ac8c64358.sol#964-966) is not in mixedCase
Function 'MinterRole._removeMinter' (/sb/0x0c7cabc5d47b638918f51458215eef0ac8c64358.sol#966-969) is not in mixedCase
Function 'Ownable._transferOwnership' (/sb/0x0c7cabc5d47b638918f51458215eef0ac8c64358.sol) is not in mixedCase
Reference: https://github.com/trailofbits/slither/wiki/Detectors-Documentation#conformance-to-solidity-naming-conventions[0m
INFO:Slither:/sb/0x0c7cabc5d47b638918f51458215eef0ac8c64358.sol analyzed (19 contracts), 55 result(s) found
