INFO:Slither:Compilation warnings/errors on /sb/0xd39a13a504ac8f91d4c0c6b60a431ba2f893aa0f.sol:
/sb/0xd39a13a504ac8f91d4c0c6b60a431ba2f893aa0f.sol:62:5: Warning: Defining constructors as functions with the same name as the contract is deprecated. Use "constructor(...) { ... }" instead.
    function Ownable() public {
    ^ (Relevant source part starts here and spans across multiple lines).
/sb/0xd39a13a504ac8f91d4c0c6b60a431ba2f893aa0f.sol:317:5: Warning: Defining constructors as functions with the same name as the contract is deprecated. Use "constructor(...) { ... }" instead.
    function EchoChainToken() public {
    ^ (Relevant source part starts here and spans across multiple lines).

INFO:Detectors:[92m
StandardToken.balanceOf (/sb/0xd39a13a504ac8f91d4c0c6b60a431ba2f893aa0f.sol#129-131) should be declared external
ERC20Basic.balanceOf (/sb/0xd39a13a504ac8f91d4c0c6b60a431ba2f893aa0f.sol#38-39) should be declared external
ERC20Basic.allowance (/sb/0xd39a13a504ac8f91d4c0c6b60a431ba2f893aa0f.sol#42-43) should be declared external
StandardToken.allowance (/sb/0xd39a13a504ac8f91d4c0c6b60a431ba2f893aa0f.sol#175-179) should be declared external
Ownable.transferOwnership (/sb/0xd39a13a504ac8f91d4c0c6b60a431ba2f893aa0f.sol#79-90) should be declared external
BurnableToken.burn (/sb/0xd39a13a504ac8f91d4c0c6b60a431ba2f893aa0f.sol#189-202) should be declared external
MintableToken.mint (/sb/0xd39a13a504ac8f91d4c0c6b60a431ba2f893aa0f.sol#227-238) should be declared external
MintableToken.finishMinting (/sb/0xd39a13a504ac8f91d4c0c6b60a431ba2f893aa0f.sol#244-254) should be declared external
Pausable.pause (/sb/0xd39a13a504ac8f91d4c0c6b60a431ba2f893aa0f.sol#284-292) should be declared external
Pausable.unpause (/sb/0xd39a13a504ac8f91d4c0c6b60a431ba2f893aa0f.sol#294-298) should be declared external
EchoChainToken.withdrawEther (/sb/0xd39a13a504ac8f91d4c0c6b60a431ba2f893aa0f.sol) should be declared external
EchoChainToken.fallback (/sb/0xd39a13a504ac8f91d4c0c6b60a431ba2f893aa0f.sol) should be declared external
Reference: https://github.com/trailofbits/slither/wiki/Detectors-Documentation#public-function-that-could-be-declared-as-external[0m
INFO:Detectors:[92m
Detected issues with version pragma in /sb/0xd39a13a504ac8f91d4c0c6b60a431ba2f893aa0f.sol:
	- pragma solidity^0.4.21 (/sb/0xd39a13a504ac8f91d4c0c6b60a431ba2f893aa0f.sol#1): it allows old versions
Reference: https://github.com/trailofbits/slither/wiki/Detectors-Documentation#incorrect-version-of-solidity[0m
INFO:Detectors:[92m
Function 'Ownable.Ownable' (/sb/0xd39a13a504ac8f91d4c0c6b60a431ba2f893aa0f.sol#67-69) is not in mixedCase
Parameter '_owner' of StandardToken.balanceOf (/sb/0xd39a13a504ac8f91d4c0c6b60a431ba2f893aa0f.sol#129) is not in mixedCase
Parameter '_to' of StandardToken.transfer (/sb/0xd39a13a504ac8f91d4c0c6b60a431ba2f893aa0f.sol#109) is not in mixedCase
Parameter '_value' of StandardToken.transfer (/sb/0xd39a13a504ac8f91d4c0c6b60a431ba2f893aa0f.sol#109-111) is not in mixedCase
Parameter '_owner' of StandardToken.allowance (/sb/0xd39a13a504ac8f91d4c0c6b60a431ba2f893aa0f.sol#175) is not in mixedCase
Parameter '_spender' of StandardToken.allowance (/sb/0xd39a13a504ac8f91d4c0c6b60a431ba2f893aa0f.sol#175) is not in mixedCase
Parameter '_from' of StandardToken.transferFrom (/sb/0xd39a13a504ac8f91d4c0c6b60a431ba2f893aa0f.sol#137) is not in mixedCase
Parameter '_to' of StandardToken.transferFrom (/sb/0xd39a13a504ac8f91d4c0c6b60a431ba2f893aa0f.sol#137) is not in mixedCase
Parameter '_value' of StandardToken.transferFrom (/sb/0xd39a13a504ac8f91d4c0c6b60a431ba2f893aa0f.sol#137) is not in mixedCase
Parameter '_spender' of StandardToken.approve (/sb/0xd39a13a504ac8f91d4c0c6b60a431ba2f893aa0f.sol#159-162) is not in mixedCase
Parameter '_value' of StandardToken.approve (/sb/0xd39a13a504ac8f91d4c0c6b60a431ba2f893aa0f.sol#162-163) is not in mixedCase
Parameter '_value' of BurnableToken.burn (/sb/0xd39a13a504ac8f91d4c0c6b60a431ba2f893aa0f.sol#189) is not in mixedCase
Parameter '_to' of MintableToken.mint (/sb/0xd39a13a504ac8f91d4c0c6b60a431ba2f893aa0f.sol#227-228) is not in mixedCase
Parameter '_amount' of MintableToken.mint (/sb/0xd39a13a504ac8f91d4c0c6b60a431ba2f893aa0f.sol#228) is not in mixedCase
Parameter '_to' of PausableToken.transfer (/sb/0xd39a13a504ac8f91d4c0c6b60a431ba2f893aa0f.sol#302) is not in mixedCase
Parameter '_value' of PausableToken.transfer (/sb/0xd39a13a504ac8f91d4c0c6b60a431ba2f893aa0f.sol#302) is not in mixedCase
Parameter '_from' of PausableToken.transferFrom (/sb/0xd39a13a504ac8f91d4c0c6b60a431ba2f893aa0f.sol#308-310) is not in mixedCase
Parameter '_to' of PausableToken.transferFrom (/sb/0xd39a13a504ac8f91d4c0c6b60a431ba2f893aa0f.sol#310) is not in mixedCase
Parameter '_value' of PausableToken.transferFrom (/sb/0xd39a13a504ac8f91d4c0c6b60a431ba2f893aa0f.sol#310) is not in mixedCase
Parameter '_spender' of PausableToken.approve (/sb/0xd39a13a504ac8f91d4c0c6b60a431ba2f893aa0f.sol#313-314) is not in mixedCase
Parameter '_value' of PausableToken.approve (/sb/0xd39a13a504ac8f91d4c0c6b60a431ba2f893aa0f.sol#314) is not in mixedCase
Function 'EchoChainToken.EchoChainToken' (/sb/0xd39a13a504ac8f91d4c0c6b60a431ba2f893aa0f.sol#328-336) is not in mixedCase
Reference: https://github.com/trailofbits/slither/wiki/Detectors-Documentation#conformance-to-solidity-naming-conventions[0m
INFO:Slither:/sb/0xd39a13a504ac8f91d4c0c6b60a431ba2f893aa0f.sol analyzed (9 contracts), 35 result(s) found
