INFO:Slither:Compilation warnings/errors on /sb/0x7f35d9f88ace99168c2cfa026c969459db486afb.sol:
/sb/0x7f35d9f88ace99168c2cfa026c969459db486afb.sol:148:5: Warning: Defining constructors as functions with the same name as the contract is deprecated. Use "constructor(...) { ... }" instead.
    function MultiSigWallet(address[] _owners, uint _required)
    ^ (Relevant source part starts here and spans across multiple lines).
/sb/0x7f35d9f88ace99168c2cfa026c969459db486afb.sol:457:5: Warning: Defining constructors as functions with the same name as the contract is deprecated. Use "constructor(...) { ... }" instead.
    function MultiSigWalletWithDailyLimit(address[] _owners, uint _required, uint _dailyLimit)
    ^ (Relevant source part starts here and spans across multiple lines).
/sb/0x7f35d9f88ace99168c2cfa026c969459db486afb.sol:40:9: Warning: Invoking events without "emit" prefix is deprecated.
        ContractInstantiation(msg.sender, instantiation);
        ^----------------------------------------------^
/sb/0x7f35d9f88ace99168c2cfa026c969459db486afb.sol:139:13: Warning: Invoking events without "emit" prefix is deprecated.
            Deposit(msg.sender, msg.value);
            ^----------------------------^
/sb/0x7f35d9f88ace99168c2cfa026c969459db486afb.sol:171:9: Warning: Invoking events without "emit" prefix is deprecated.
        OwnerAddition(owner);
        ^------------------^
/sb/0x7f35d9f88ace99168c2cfa026c969459db486afb.sol:190:9: Warning: Invoking events without "emit" prefix is deprecated.
        OwnerRemoval(owner);
        ^-----------------^
/sb/0x7f35d9f88ace99168c2cfa026c969459db486afb.sol:209:9: Warning: Invoking events without "emit" prefix is deprecated.
        OwnerRemoval(owner);
        ^-----------------^
/sb/0x7f35d9f88ace99168c2cfa026c969459db486afb.sol:210:9: Warning: Invoking events without "emit" prefix is deprecated.
        OwnerAddition(newOwner);
        ^---------------------^
/sb/0x7f35d9f88ace99168c2cfa026c969459db486afb.sol:221:9: Warning: Invoking events without "emit" prefix is deprecated.
        RequirementChange(_required);
        ^--------------------------^
/sb/0x7f35d9f88ace99168c2cfa026c969459db486afb.sol:246:9: Warning: Invoking events without "emit" prefix is deprecated.
        Confirmation(msg.sender, transactionId);
        ^-------------------------------------^
/sb/0x7f35d9f88ace99168c2cfa026c969459db486afb.sol:259:9: Warning: Invoking events without "emit" prefix is deprecated.
        Revocation(msg.sender, transactionId);
        ^-----------------------------------^
/sb/0x7f35d9f88ace99168c2cfa026c969459db486afb.sol:274:17: Warning: Invoking events without "emit" prefix is deprecated.
                Execution(transactionId);
                ^----------------------^
/sb/0x7f35d9f88ace99168c2cfa026c969459db486afb.sol:276:17: Warning: Invoking events without "emit" prefix is deprecated.
                ExecutionFailure(transactionId);
                ^-----------------------------^
/sb/0x7f35d9f88ace99168c2cfa026c969459db486afb.sol:342:9: Warning: Invoking events without "emit" prefix is deprecated.
        Submission(transactionId);
        ^-----------------------^
/sb/0x7f35d9f88ace99168c2cfa026c969459db486afb.sol:471:9: Warning: Invoking events without "emit" prefix is deprecated.
        DailyLimitChange(_dailyLimit);
        ^---------------------------^
/sb/0x7f35d9f88ace99168c2cfa026c969459db486afb.sol:489:17: Warning: Invoking events without "emit" prefix is deprecated.
                Execution(transactionId);
                ^----------------------^
/sb/0x7f35d9f88ace99168c2cfa026c969459db486afb.sol:491:17: Warning: Invoking events without "emit" prefix is deprecated.
                ExecutionFailure(transactionId);
                ^-----------------------------^
/sb/0x7f35d9f88ace99168c2cfa026c969459db486afb.sol:135:5: Warning: No visibility specified. Defaulting to "public". 
    function()
    ^ (Relevant source part starts here and spans across multiple lines).

INFO:Detectors:[92m
MultiSigWallet.external_call uses assembly (/sb/0x7f35d9f88ace99168c2cfa026c969459db486afb.sol#288-313)
	- /sb/0x7f35d9f88ace99168c2cfa026c969459db486afb.sol#290-313
Reference: https://github.com/trailofbits/slither/wiki/Detectors-Documentation#assembly-usage[0m
INFO:Detectors:[92m
Factory.getInstantiationCount (/sb/0x7f35d9f88ace99168c2cfa026c969459db486afb.sol#22-31) should be declared external
MultiSigWallet.fallback (/sb/0x7f35d9f88ace99168c2cfa026c969459db486afb.sol#143-146) should be declared external
MultiSigWallet.addOwner (/sb/0x7f35d9f88ace99168c2cfa026c969459db486afb.sol#167-177) should be declared external
MultiSigWallet.removeOwner (/sb/0x7f35d9f88ace99168c2cfa026c969459db486afb.sol#182-195) should be declared external
MultiSigWallet.replaceOwner (/sb/0x7f35d9f88ace99168c2cfa026c969459db486afb.sol#202-215) should be declared external
MultiSigWallet.submitTransaction (/sb/0x7f35d9f88ace99168c2cfa026c969459db486afb.sol#234-242) should be declared external
MultiSigWallet.revokeConfirmation (/sb/0x7f35d9f88ace99168c2cfa026c969459db486afb.sol#259-268) should be declared external
MultiSigWallet.getConfirmationCount (/sb/0x7f35d9f88ace99168c2cfa026c969459db486afb.sol#362-368) should be declared external
MultiSigWallet.getTransactionCount (/sb/0x7f35d9f88ace99168c2cfa026c969459db486afb.sol#377-388) should be declared external
MultiSigWallet.getOwners (/sb/0x7f35d9f88ace99168c2cfa026c969459db486afb.sol#392-395) should be declared external
MultiSigWallet.getConfirmations (/sb/0x7f35d9f88ace99168c2cfa026c969459db486afb.sol#399-413) should be declared external
MultiSigWallet.getTransactionIds (/sb/0x7f35d9f88ace99168c2cfa026c969459db486afb.sol#423-451) should be declared external
MultiSigWalletWithDailyLimit.changeDailyLimit (/sb/0x7f35d9f88ace99168c2cfa026c969459db486afb.sol#480-484) should be declared external
MultiSigWalletWithDailyLimit.calcMaxWithdraw (/sb/0x7f35d9f88ace99168c2cfa026c969459db486afb.sol) should be declared external
Reference: https://github.com/trailofbits/slither/wiki/Detectors-Documentation#public-function-that-could-be-declared-as-external[0m
INFO:Detectors:[92m
Detected issues with version pragma in /sb/0x7f35d9f88ace99168c2cfa026c969459db486afb.sol:
	- pragma solidity^0.4.15 (/sb/0x7f35d9f88ace99168c2cfa026c969459db486afb.sol#1): it allows old versions
Reference: https://github.com/trailofbits/slither/wiki/Detectors-Documentation#incorrect-version-of-solidity[0m
INFO:Detectors:[92m
Low level call in MultiSigWalletWithDailyLimit.executeTransaction (/sb/0x7f35d9f88ace99168c2cfa026c969459db486afb.sol#487-513):
	-txn.destination.call.value(txn.value)(txn.data) /sb/0x7f35d9f88ace99168c2cfa026c969459db486afb.sol#504-513
Reference: https://github.com/trailofbits/slither/wiki/Detectors-Documentation#low-level-calls[0m
INFO:Detectors:[92m
Function 'MultiSigWallet.MultiSigWallet' (/sb/0x7f35d9f88ace99168c2cfa026c969459db486afb.sol#152-162) is not in mixedCase
Parameter '_owners' of MultiSigWallet.MultiSigWallet (/sb/0x7f35d9f88ace99168c2cfa026c969459db486afb.sol#152-153) is not in mixedCase
Parameter '_required' of MultiSigWallet.MultiSigWallet (/sb/0x7f35d9f88ace99168c2cfa026c969459db486afb.sol#153) is not in mixedCase
Parameter '_required' of MultiSigWallet.changeRequirement (/sb/0x7f35d9f88ace99168c2cfa026c969459db486afb.sol#224) is not in mixedCase
Function 'MultiSigWallet.external_call' (/sb/0x7f35d9f88ace99168c2cfa026c969459db486afb.sol#288-313) is not in mixedCase
Function 'MultiSigWalletWithDailyLimit.MultiSigWalletWithDailyLimit' (/sb/0x7f35d9f88ace99168c2cfa026c969459db486afb.sol#471-476) is not in mixedCase
Parameter '_dailyLimit' of MultiSigWalletWithDailyLimit.MultiSigWalletWithDailyLimit (/sb/0x7f35d9f88ace99168c2cfa026c969459db486afb.sol#474) is not in mixedCase
Parameter '_dailyLimit' of MultiSigWalletWithDailyLimit.changeDailyLimit (/sb/0x7f35d9f88ace99168c2cfa026c969459db486afb.sol#480-482) is not in mixedCase
Reference: https://github.com/trailofbits/slither/wiki/Detectors-Documentation#conformance-to-solidity-naming-conventions[0m
INFO:Slither:/sb/0x7f35d9f88ace99168c2cfa026c969459db486afb.sol analyzed (3 contracts), 25 result(s) found
