INFO:Slither:Compilation warnings/errors on /sb/0x5d2f6108c30a8f93d4a956f74d2289e5ed86e5c3.sol:
/sb/0x5d2f6108c30a8f93d4a956f74d2289e5ed86e5c3.sol:109:9: Warning: Invoking events without "emit" prefix is deprecated.
        Transfer(0, owner, balances[owner]);
        ^---------------------------------^
/sb/0x5d2f6108c30a8f93d4a956f74d2289e5ed86e5c3.sol:175:11: Warning: Invoking events without "emit" prefix is deprecated.
          Transfer(0, address(this), balances[address(this)]);
          ^-------------------------------------------------^
/sb/0x5d2f6108c30a8f93d4a956f74d2289e5ed86e5c3.sol:187:11: Warning: Invoking events without "emit" prefix is deprecated.
          Transfer(0, address(this), balances[address(this)]);
          ^-------------------------------------------------^
/sb/0x5d2f6108c30a8f93d4a956f74d2289e5ed86e5c3.sol:211:10: Warning: Invoking events without "emit" prefix is deprecated.
         Transfer(address(this), 0 , balances[address(this)]);
         ^--------------------------------------------------^
/sb/0x5d2f6108c30a8f93d4a956f74d2289e5ed86e5c3.sol:242:6: Warning: Invoking events without "emit" prefix is deprecated.
     Transfer(_from, _to, _amount);
     ^---------------------------^
/sb/0x5d2f6108c30a8f93d4a956f74d2289e5ed86e5c3.sol:252:10: Warning: Invoking events without "emit" prefix is deprecated.
         Approval(msg.sender, _spender, _amount);
         ^-------------------------------------^
/sb/0x5d2f6108c30a8f93d4a956f74d2289e5ed86e5c3.sol:267:13: Warning: Invoking events without "emit" prefix is deprecated.
            Transfer(owner, _to, _amount);
            ^---------------------------^
/sb/0x5d2f6108c30a8f93d4a956f74d2289e5ed86e5c3.sol:276:13: Warning: Invoking events without "emit" prefix is deprecated.
            Transfer(msg.sender, _to, _amount);
            ^--------------------------------^
/sb/0x5d2f6108c30a8f93d4a956f74d2289e5ed86e5c3.sol:291:9: Warning: Invoking events without "emit" prefix is deprecated.
        Transfer(address(this), _to, _amount);
        ^-----------------------------------^
/sb/0x5d2f6108c30a8f93d4a956f74d2289e5ed86e5c3.sol:300:9: Warning: Invoking events without "emit" prefix is deprecated.
        Transfer(address(this), _to, _amount);
        ^-----------------------------------^
/sb/0x5d2f6108c30a8f93d4a956f74d2289e5ed86e5c3.sol:315:30: Warning: Using contract member "balance" inherited from the address type is deprecated. Convert the contract to "address" type to access the member.
        ethFundMain.transfer(this.balance);
                             ^----------^

INFO:Detectors:[93m
TANDER.bonuscalpre (/sb/0x5d2f6108c30a8f93d4a956f74d2289e5ed86e5c3.sol#152-171) uses a dangerous strict equality:
	- bonusCalculationFactor == 0
Reference: https://github.com/trailofbits/slither/wiki/Detectors-Documentation#dangerous-strict-equalities[0m
INFO:Detectors:[92m
TANDER.bonuscalpre (/sb/0x5d2f6108c30a8f93d4a956f74d2289e5ed86e5c3.sol#152-171) uses timestamp for comparisons
	Dangerous comparisons:
	- bonusCalculationFactor == 0 (/sb/0x5d2f6108c30a8f93d4a956f74d2289e5ed86e5c3.sol#159-169)
Reference: https://github.com/trailofbits/slither/wiki/Detectors-Documentation#block-timestamp[0m
INFO:Detectors:[92m
TANDER.ethFundMain should be constant (/sb/0x5d2f6108c30a8f93d4a956f74d2289e5ed86e5c3.sol#72-74)
TANDER.x should be constant (/sb/0x5d2f6108c30a8f93d4a956f74d2289e5ed86e5c3.sol#84)
Reference: https://github.com/trailofbits/slither/wiki/Detectors-Documentation#state-variables-that-could-be-declared-constant[0m
INFO:Detectors:[92m
ERC20.totalSupply (/sb/0x5d2f6108c30a8f93d4a956f74d2289e5ed86e5c3.sol#37-38) should be declared external
TANDER.totalSupply (/sb/0x5d2f6108c30a8f93d4a956f74d2289e5ed86e5c3.sol#226-230) should be declared external
TANDER.balanceOf (/sb/0x5d2f6108c30a8f93d4a956f74d2289e5ed86e5c3.sol#231-232) should be declared external
ERC20.balanceOf (/sb/0x5d2f6108c30a8f93d4a956f74d2289e5ed86e5c3.sol#38-39) should be declared external
ERC20.allowance (/sb/0x5d2f6108c30a8f93d4a956f74d2289e5ed86e5c3.sol#39-40) should be declared external
TANDER.allowance (/sb/0x5d2f6108c30a8f93d4a956f74d2289e5ed86e5c3.sol#260-264) should be declared external
TANDER.transferFrom (/sb/0x5d2f6108c30a8f93d4a956f74d2289e5ed86e5c3.sol#239-248) should be declared external
ERC20.transferFrom (/sb/0x5d2f6108c30a8f93d4a956f74d2289e5ed86e5c3.sol#40-41) should be declared external
ERC20.approve (/sb/0x5d2f6108c30a8f93d4a956f74d2289e5ed86e5c3.sol#41-42) should be declared external
TANDER.approve (/sb/0x5d2f6108c30a8f93d4a956f74d2289e5ed86e5c3.sol#252-260) should be declared external
ERC20.transfer (/sb/0x5d2f6108c30a8f93d4a956f74d2289e5ed86e5c3.sol#42-43) should be declared external
TANDER.transfer (/sb/0x5d2f6108c30a8f93d4a956f74d2289e5ed86e5c3.sol#265-289) should be declared external
TANDER.fallback (/sb/0x5d2f6108c30a8f93d4a956f74d2289e5ed86e5c3.sol#115-151) should be declared external
TANDER.start_PREICO (/sb/0x5d2f6108c30a8f93d4a956f74d2289e5ed86e5c3.sol#171-183) should be declared external
TANDER.start_ICO (/sb/0x5d2f6108c30a8f93d4a956f74d2289e5ed86e5c3.sol#183-198) should be declared external
TANDER.transferOwnership (/sb/0x5d2f6108c30a8f93d4a956f74d2289e5ed86e5c3.sol) should be declared external
Reference: https://github.com/trailofbits/slither/wiki/Detectors-Documentation#public-function-that-could-be-declared-as-external[0m
INFO:Detectors:[92m
Detected issues with version pragma in /sb/0x5d2f6108c30a8f93d4a956f74d2289e5ed86e5c3.sol:
	- pragma solidity0.4.21 (/sb/0x5d2f6108c30a8f93d4a956f74d2289e5ed86e5c3.sol#1): it allows old versions
Reference: https://github.com/trailofbits/slither/wiki/Detectors-Documentation#incorrect-version-of-solidity[0m
INFO:Detectors:[92m
Parameter '_owner' of TANDER.balanceOf (/sb/0x5d2f6108c30a8f93d4a956f74d2289e5ed86e5c3.sol#231) is not in mixedCase
Parameter '_owner' of TANDER.allowance (/sb/0x5d2f6108c30a8f93d4a956f74d2289e5ed86e5c3.sol#261) is not in mixedCase
Parameter '_spender' of TANDER.allowance (/sb/0x5d2f6108c30a8f93d4a956f74d2289e5ed86e5c3.sol#261) is not in mixedCase
Parameter '_from' of TANDER.transferFrom (/sb/0x5d2f6108c30a8f93d4a956f74d2289e5ed86e5c3.sol#239) is not in mixedCase
Parameter '_to' of TANDER.transferFrom (/sb/0x5d2f6108c30a8f93d4a956f74d2289e5ed86e5c3.sol#239-240) is not in mixedCase
Parameter '_amount' of TANDER.transferFrom (/sb/0x5d2f6108c30a8f93d4a956f74d2289e5ed86e5c3.sol#240) is not in mixedCase
Parameter '_spender' of TANDER.approve (/sb/0x5d2f6108c30a8f93d4a956f74d2289e5ed86e5c3.sol#253-254) is not in mixedCase
Parameter '_amount' of TANDER.approve (/sb/0x5d2f6108c30a8f93d4a956f74d2289e5ed86e5c3.sol#254-256) is not in mixedCase
Parameter '_to' of TANDER.transfer (/sb/0x5d2f6108c30a8f93d4a956f74d2289e5ed86e5c3.sol#265) is not in mixedCase
Parameter '_amount' of TANDER.transfer (/sb/0x5d2f6108c30a8f93d4a956f74d2289e5ed86e5c3.sol#265) is not in mixedCase
Function 'TANDER.TANDER' (/sb/0x5d2f6108c30a8f93d4a956f74d2289e5ed86e5c3.sol#107-115) is not in mixedCase
Function 'TANDER.start_PREICO' (/sb/0x5d2f6108c30a8f93d4a956f74d2289e5ed86e5c3.sol#171-183) is not in mixedCase
Function 'TANDER.start_ICO' (/sb/0x5d2f6108c30a8f93d4a956f74d2289e5ed86e5c3.sol#183-198) is not in mixedCase
Function 'TANDER.StopICO' (/sb/0x5d2f6108c30a8f93d4a956f74d2289e5ed86e5c3.sol#200-204) is not in mixedCase
Function 'TANDER.end_ICO' (/sb/0x5d2f6108c30a8f93d4a956f74d2289e5ed86e5c3.sol#209-217) is not in mixedCase
Parameter 'RunningStatus' of TANDER.fixSpecications (/sb/0x5d2f6108c30a8f93d4a956f74d2289e5ed86e5c3.sol#221) is not in mixedCase
Parameter '_to' of TANDER.transferTokens (/sb/0x5d2f6108c30a8f93d4a956f74d2289e5ed86e5c3.sol#290-291) is not in mixedCase
Parameter '_amount' of TANDER.transferTokens (/sb/0x5d2f6108c30a8f93d4a956f74d2289e5ed86e5c3.sol#291) is not in mixedCase
Parameter '_to' of TANDER.transferby (/sb/0x5d2f6108c30a8f93d4a956f74d2289e5ed86e5c3.sol#299-300) is not in mixedCase
Parameter '_amount' of TANDER.transferby (/sb/0x5d2f6108c30a8f93d4a956f74d2289e5ed86e5c3.sol#300) is not in mixedCase
Variable 'TANDER._totalsupply' (/sb/0x5d2f6108c30a8f93d4a956f74d2289e5ed86e5c3.sol#56-58) is not in mixedCase
Constant 'TANDER._price_tokn' (/sb/0x5d2f6108c30a8f93d4a956f74d2289e5ed86e5c3.sol#59-61) is not in UPPER_CASE_WITH_UNDERSCORES
Variable 'TANDER.no_of_tokens' (/sb/0x5d2f6108c30a8f93d4a956f74d2289e5ed86e5c3.sol#61-62) is not in mixedCase
Variable 'TANDER.bonus_token' (/sb/0x5d2f6108c30a8f93d4a956f74d2289e5ed86e5c3.sol#62-63) is not in mixedCase
Variable 'TANDER.total_token' (/sb/0x5d2f6108c30a8f93d4a956f74d2289e5ed86e5c3.sol#63) is not in mixedCase
Variable 'TANDER.pre_startdate' (/sb/0x5d2f6108c30a8f93d4a956f74d2289e5ed86e5c3.sol#64-66) is not in mixedCase
Variable 'TANDER.ico_startdate' (/sb/0x5d2f6108c30a8f93d4a956f74d2289e5ed86e5c3.sol#66-67) is not in mixedCase
Variable 'TANDER.pre_enddate' (/sb/0x5d2f6108c30a8f93d4a956f74d2289e5ed86e5c3.sol#67-68) is not in mixedCase
Variable 'TANDER.ico_enddate' (/sb/0x5d2f6108c30a8f93d4a956f74d2289e5ed86e5c3.sol#68-69) is not in mixedCase
Variable 'TANDER.maxCap_PRE' (/sb/0x5d2f6108c30a8f93d4a956f74d2289e5ed86e5c3.sol#69) is not in mixedCase
Variable 'TANDER.maxCap_ICO' (/sb/0x5d2f6108c30a8f93d4a956f74d2289e5ed86e5c3.sol#70) is not in mixedCase
Variable 'TANDER.Numtokens' (/sb/0x5d2f6108c30a8f93d4a956f74d2289e5ed86e5c3.sol#75-76) is not in mixedCase
Reference: https://github.com/trailofbits/slither/wiki/Detectors-Documentation#conformance-to-solidity-naming-conventions[0m
INFO:Detectors:[92m
TANDER.x (/sb/0x5d2f6108c30a8f93d4a956f74d2289e5ed86e5c3.sol#84) is never used in TANDER
Reference: https://github.com/trailofbits/slither/wiki/Detectors-Documentation#unused-state-variables[0m
INFO:Slither:/sb/0x5d2f6108c30a8f93d4a956f74d2289e5ed86e5c3.sol analyzed (3 contracts), 53 result(s) found
