INFO:Slither:Compilation warnings/errors on /sb/0x0cb36c6da5575d486224a6b23b307b7e15782429.sol:
/sb/0x0cb36c6da5575d486224a6b23b307b7e15782429.sol:73:9: Warning: Failure condition of 'send' ignored. Consider using 'transfer' instead.
        _recipient.send(1);
        ^----------------^
/sb/0x0cb36c6da5575d486224a6b23b307b7e15782429.sol:98:25: Warning: This function only accepts a single "bytes" argument. Please use "abi.encodePacked(...)" or a similar function to encode the data.
        bytes32 hash1 = keccak256(_hash);
                        ^--------------^
/sb/0x0cb36c6da5575d486224a6b23b307b7e15782429.sol:98:25: Warning: The provided argument of type string memory is not implicitly convertible to expected type bytes memory.
        bytes32 hash1 = keccak256(_hash);
                        ^--------------^
/sb/0x0cb36c6da5575d486224a6b23b307b7e15782429.sol:36:16: Warning: "block.blockhash()" has been deprecated in favor of "blockhash()"
        return block.blockhash(_blockNumber);
               ^-------------^
/sb/0x0cb36c6da5575d486224a6b23b307b7e15782429.sol:47:25: Warning: "msg.gas" has been deprecated in favor of "gasleft()"
        emit gasDetails(msg.gas, tx.gasprice, block.gaslimit);
                        ^-----^
/sb/0x0cb36c6da5575d486224a6b23b307b7e15782429.sol:42:14: Warning: Function declared as view, but this expression (potentially) modifies the state and thus requires non-payable (the default) or payable.
        emit txSenderDetails(msg.sender, tx.origin);
             ^------------------------------------^
/sb/0x0cb36c6da5575d486224a6b23b307b7e15782429.sol:47:14: Warning: Function declared as view, but this expression (potentially) modifies the state and thus requires non-payable (the default) or payable.
        emit gasDetails(msg.gas, tx.gasprice, block.gaslimit);
             ^----------------------------------------------^
/sb/0x0cb36c6da5575d486224a6b23b307b7e15782429.sol:53:14: Warning: Function declared as view, but this expression (potentially) modifies the state and thus requires non-payable (the default) or payable.
        emit blockDetails(block.coinbase, block.difficulty, block.number, block.timestamp);
             ^---------------------------------------------------------------------------^
/sb/0x0cb36c6da5575d486224a6b23b307b7e15782429.sol:97:5: Warning: Function state mutability can be restricted to view
    function verifyBlockHash(string memory _hash, uint _blockNumber) public returns (bytes32, bytes32) {
    ^ (Relevant source part starts here and spans across multiple lines).

INFO:Detectors:[93m
Contract locking ether found in /sb/0x0cb36c6da5575d486224a6b23b307b7e15782429.sol:
	Contract ToucheWhoeverFrontRanThat has payable functions:
	 - deposit (/sb/0x0cb36c6da5575d486224a6b23b307b7e15782429.sol#153-161)
	But does not have a function to withdraw the ether
Reference: https://github.com/trailofbits/slither/wiki/Detectors-Documentation#contracts-that-lock-ether[0m
INFO:Detectors:[92m
ToucheWhoeverFrontRanThat.receiver should be constant (/sb/0x0cb36c6da5575d486224a6b23b307b7e15782429.sol#127-128)
Reference: https://github.com/trailofbits/slither/wiki/Detectors-Documentation#state-variables-that-could-be-declared-constant[0m
INFO:Detectors:[92m
Deprecated standard detected @ /sb/0x0cb36c6da5575d486224a6b23b307b7e15782429.sol#36-39:
	- Usage of "block.blockhash()" should be replaced with "blockhash()"
Deprecated standard detected @ /sb/0x0cb36c6da5575d486224a6b23b307b7e15782429.sol#47-49:
	- Usage of "msg.gas" should be replaced with "gasleft()"
Reference: https://github.com/trailofbits/slither/wiki/Detectors-Documentation#deprecated-standards[0m
INFO:Detectors:[92m
LetsBreakThings.deposit (/sb/0x0cb36c6da5575d486224a6b23b307b7e15782429.sol#11-15) should be declared external
LetsBreakThings.checkBalanceSendEth (/sb/0x0cb36c6da5575d486224a6b23b307b7e15782429.sol#57-88) should be declared external
LetsBreakThings.verifyBlockHash (/sb/0x0cb36c6da5575d486224a6b23b307b7e15782429.sol#97-108) should be declared external
creatorProxy.proxyCall (/sb/0x0cb36c6da5575d486224a6b23b307b7e15782429.sol#111-120) should be declared external
ToucheWhoeverFrontRanThat.breakTheData (/sb/0x0cb36c6da5575d486224a6b23b307b7e15782429.sol#136-152) should be declared external
ToucheWhoeverFrontRanThat.deposit (/sb/0x0cb36c6da5575d486224a6b23b307b7e15782429.sol#153-161) should be declared external
Reference: https://github.com/trailofbits/slither/wiki/Detectors-Documentation#public-function-that-could-be-declared-as-external[0m
INFO:Detectors:[92m
Detected issues with version pragma in /sb/0x0cb36c6da5575d486224a6b23b307b7e15782429.sol:
	- pragma solidity^0.4.23 (/sb/0x0cb36c6da5575d486224a6b23b307b7e15782429.sol#1): it allows old versions
Reference: https://github.com/trailofbits/slither/wiki/Detectors-Documentation#incorrect-version-of-solidity[0m
INFO:Detectors:[92m
Event 'LetsBreakThings.txSenderDetails' (/sb/0x0cb36c6da5575d486224a6b23b307b7e15782429.sol#23-24) is not in CapWords
Event 'LetsBreakThings.gasDetails' (/sb/0x0cb36c6da5575d486224a6b23b307b7e15782429.sol#24-25) is not in CapWords
Event 'LetsBreakThings.balanceLog' (/sb/0x0cb36c6da5575d486224a6b23b307b7e15782429.sol#25-26) is not in CapWords
Event 'LetsBreakThings.blockDetails' (/sb/0x0cb36c6da5575d486224a6b23b307b7e15782429.sol#26-29) is not in CapWords
Parameter '_proxy' of LetsBreakThings. (/sb/0x0cb36c6da5575d486224a6b23b307b7e15782429.sol#16-17) is not in mixedCase
Parameter '_blockNumber' of LetsBreakThings.getBlockHash (/sb/0x0cb36c6da5575d486224a6b23b307b7e15782429.sol#30) is not in mixedCase
Parameter '_recipient' of LetsBreakThings.checkBalanceSendEth (/sb/0x0cb36c6da5575d486224a6b23b307b7e15782429.sol#59) is not in mixedCase
Parameter '_target' of LetsBreakThings.checkBalance (/sb/0x0cb36c6da5575d486224a6b23b307b7e15782429.sol#90-91) is not in mixedCase
Parameter '_hash' of LetsBreakThings.verifyBlockHash (/sb/0x0cb36c6da5575d486224a6b23b307b7e15782429.sol#98) is not in mixedCase
Parameter '_blockNumber' of LetsBreakThings.verifyBlockHash (/sb/0x0cb36c6da5575d486224a6b23b307b7e15782429.sol#98-99) is not in mixedCase
Contract 'creatorProxy' (/sb/0x0cb36c6da5575d486224a6b23b307b7e15782429.sol#111-120) is not in CapWords
Parameter '_target' of creatorProxy.proxyCall (/sb/0x0cb36c6da5575d486224a6b23b307b7e15782429.sol#111-116) is not in mixedCase
Parameter '_contract' of creatorProxy.proxyCall (/sb/0x0cb36c6da5575d486224a6b23b307b7e15782429.sol#116) is not in mixedCase
Reference: https://github.com/trailofbits/slither/wiki/Detectors-Documentation#conformance-to-solidity-naming-conventions[0m
INFO:Slither:/sb/0x0cb36c6da5575d486224a6b23b307b7e15782429.sol analyzed (3 contracts), 24 result(s) found
