INFO:Detectors:[92m
LCB.decimals should be constant (/sb/0x22d50b273daf8ca3ae84e8727ea1cb27e744d522.sol#9-10)
Reference: https://github.com/trailofbits/slither/wiki/Detectors-Documentation#state-variables-that-could-be-declared-constant[0m
INFO:Detectors:[92m
LCB.transfer (/sb/0x22d50b273daf8ca3ae84e8727ea1cb27e744d522.sol#70-78) should be declared external
LCB.transferFrom (/sb/0x22d50b273daf8ca3ae84e8727ea1cb27e744d522.sol#84-94) should be declared external
LCB.approveAndCall (/sb/0x22d50b273daf8ca3ae84e8727ea1cb27e744d522.sol#117-126) should be declared external
Reference: https://github.com/trailofbits/slither/wiki/Detectors-Documentation#public-function-that-could-be-declared-as-external[0m
INFO:Detectors:[92m
Contract 'tokenRecipient' (/sb/0x22d50b273daf8ca3ae84e8727ea1cb27e744d522.sol#3-5) is not in CapWords
Function 'LCB._transfer' (/sb/0x22d50b273daf8ca3ae84e8727ea1cb27e744d522.sol#44-65) is not in mixedCase
Parameter '_from' of LCB._transfer (/sb/0x22d50b273daf8ca3ae84e8727ea1cb27e744d522.sol#44-45) is not in mixedCase
Parameter '_to' of LCB._transfer (/sb/0x22d50b273daf8ca3ae84e8727ea1cb27e744d522.sol#45) is not in mixedCase
Parameter '_value' of LCB._transfer (/sb/0x22d50b273daf8ca3ae84e8727ea1cb27e744d522.sol#45) is not in mixedCase
Parameter '_to' of LCB.transfer (/sb/0x22d50b273daf8ca3ae84e8727ea1cb27e744d522.sol#71) is not in mixedCase
Parameter '_value' of LCB.transfer (/sb/0x22d50b273daf8ca3ae84e8727ea1cb27e744d522.sol#71) is not in mixedCase
Parameter '_from' of LCB.transferFrom (/sb/0x22d50b273daf8ca3ae84e8727ea1cb27e744d522.sol#85) is not in mixedCase
Parameter '_to' of LCB.transferFrom (/sb/0x22d50b273daf8ca3ae84e8727ea1cb27e744d522.sol#85) is not in mixedCase
Parameter '_value' of LCB.transferFrom (/sb/0x22d50b273daf8ca3ae84e8727ea1cb27e744d522.sol#85) is not in mixedCase
Parameter '_spender' of LCB.approve (/sb/0x22d50b273daf8ca3ae84e8727ea1cb27e744d522.sol#101) is not in mixedCase
Parameter '_value' of LCB.approve (/sb/0x22d50b273daf8ca3ae84e8727ea1cb27e744d522.sol#101-102) is not in mixedCase
Parameter '_spender' of LCB.approveAndCall (/sb/0x22d50b273daf8ca3ae84e8727ea1cb27e744d522.sol#118) is not in mixedCase
Parameter '_value' of LCB.approveAndCall (/sb/0x22d50b273daf8ca3ae84e8727ea1cb27e744d522.sol#118) is not in mixedCase
Parameter '_extraData' of LCB.approveAndCall (/sb/0x22d50b273daf8ca3ae84e8727ea1cb27e744d522.sol#118-119) is not in mixedCase
Reference: https://github.com/trailofbits/slither/wiki/Detectors-Documentation#conformance-to-solidity-naming-conventions[0m
INFO:Slither:/sb/0x22d50b273daf8ca3ae84e8727ea1cb27e744d522.sol analyzed (2 contracts), 19 result(s) found
