INFO:Detectors:[91m
RBAC.roles (/sb/0x0ed7d0ba38696d8eaf8f4e86a5b9768280ef1ab9.sol#497-498) is never initialized. It is used in:
	- checkRole (/sb/0x0ed7d0ba38696d8eaf8f4e86a5b9768280ef1ab9.sol#512-517)
	- hasRole (/sb/0x0ed7d0ba38696d8eaf8f4e86a5b9768280ef1ab9.sol#524-530)
	- addRole (/sb/0x0ed7d0ba38696d8eaf8f4e86a5b9768280ef1ab9.sol#535-545)
	- removeRole (/sb/0x0ed7d0ba38696d8eaf8f4e86a5b9768280ef1ab9.sol#546-550)
Reference: https://github.com/trailofbits/slither/wiki/Detectors-Documentation#uninitialized-state-variables[0m
INFO:Detectors:[92m
BasicToken.totalSupply (/sb/0x0ed7d0ba38696d8eaf8f4e86a5b9768280ef1ab9.sol#88-91) should be declared external
ERC20Basic.totalSupply (/sb/0x0ed7d0ba38696d8eaf8f4e86a5b9768280ef1ab9.sol#11-12) should be declared external
ERC20Basic.balanceOf (/sb/0x0ed7d0ba38696d8eaf8f4e86a5b9768280ef1ab9.sol#12-13) should be declared external
BasicToken.balanceOf (/sb/0x0ed7d0ba38696d8eaf8f4e86a5b9768280ef1ab9.sol#115-119) should be declared external
BurnableToken.burn (/sb/0x0ed7d0ba38696d8eaf8f4e86a5b9768280ef1ab9.sol#133-135) should be declared external
ERC20.allowance (/sb/0x0ed7d0ba38696d8eaf8f4e86a5b9768280ef1ab9.sol#155-158) should be declared external
StandardToken.allowance (/sb/0x0ed7d0ba38696d8eaf8f4e86a5b9768280ef1ab9.sol#238-240) should be declared external
Ownable.renounceOwnership (/sb/0x0ed7d0ba38696d8eaf8f4e86a5b9768280ef1ab9.sol#336-341) should be declared external
Ownable.transferOwnership (/sb/0x0ed7d0ba38696d8eaf8f4e86a5b9768280ef1ab9.sol#346-351) should be declared external
MintableToken.mint (/sb/0x0ed7d0ba38696d8eaf8f4e86a5b9768280ef1ab9.sol#399-413) should be declared external
MintableToken.finishMinting (/sb/0x0ed7d0ba38696d8eaf8f4e86a5b9768280ef1ab9.sol#418-424) should be declared external
RBAC.hasRole (/sb/0x0ed7d0ba38696d8eaf8f4e86a5b9768280ef1ab9.sol#524-530) should be declared external
RBACMintableToken.addMinter (/sb/0x0ed7d0ba38696d8eaf8f4e86a5b9768280ef1ab9.sol#619-621) should be declared external
RBACMintableToken.removeMinter (/sb/0x0ed7d0ba38696d8eaf8f4e86a5b9768280ef1ab9.sol#627-635) should be declared external
Pausable.pause (/sb/0x0ed7d0ba38696d8eaf8f4e86a5b9768280ef1ab9.sol#668-675) should be declared external
Pausable.unpause (/sb/0x0ed7d0ba38696d8eaf8f4e86a5b9768280ef1ab9.sol#679-687) should be declared external
Reference: https://github.com/trailofbits/slither/wiki/Detectors-Documentation#public-function-that-could-be-declared-as-external[0m
INFO:Detectors:[92m
Parameter '_a' of SafeMath.mul (/sb/0x0ed7d0ba38696d8eaf8f4e86a5b9768280ef1ab9.sol#28) is not in mixedCase
Parameter '_b' of SafeMath.mul (/sb/0x0ed7d0ba38696d8eaf8f4e86a5b9768280ef1ab9.sol#28) is not in mixedCase
Parameter '_a' of SafeMath.div (/sb/0x0ed7d0ba38696d8eaf8f4e86a5b9768280ef1ab9.sol#44) is not in mixedCase
Parameter '_b' of SafeMath.div (/sb/0x0ed7d0ba38696d8eaf8f4e86a5b9768280ef1ab9.sol#44-45) is not in mixedCase
Parameter '_a' of SafeMath.sub (/sb/0x0ed7d0ba38696d8eaf8f4e86a5b9768280ef1ab9.sol#54-55) is not in mixedCase
Parameter '_b' of SafeMath.sub (/sb/0x0ed7d0ba38696d8eaf8f4e86a5b9768280ef1ab9.sol#55) is not in mixedCase
Parameter '_a' of SafeMath.add (/sb/0x0ed7d0ba38696d8eaf8f4e86a5b9768280ef1ab9.sol#63) is not in mixedCase
Parameter '_b' of SafeMath.add (/sb/0x0ed7d0ba38696d8eaf8f4e86a5b9768280ef1ab9.sol#63-64) is not in mixedCase
Parameter '_owner' of BasicToken.balanceOf (/sb/0x0ed7d0ba38696d8eaf8f4e86a5b9768280ef1ab9.sol#115) is not in mixedCase
Parameter '_to' of BasicToken.transfer (/sb/0x0ed7d0ba38696d8eaf8f4e86a5b9768280ef1ab9.sol#95-96) is not in mixedCase
Parameter '_value' of BasicToken.transfer (/sb/0x0ed7d0ba38696d8eaf8f4e86a5b9768280ef1ab9.sol#96) is not in mixedCase
Parameter '_value' of BurnableToken.burn (/sb/0x0ed7d0ba38696d8eaf8f4e86a5b9768280ef1ab9.sol#134) is not in mixedCase
Function 'BurnableToken._burn' (/sb/0x0ed7d0ba38696d8eaf8f4e86a5b9768280ef1ab9.sol#135-149) is not in mixedCase
Parameter '_who' of BurnableToken._burn (/sb/0x0ed7d0ba38696d8eaf8f4e86a5b9768280ef1ab9.sol#135) is not in mixedCase
Parameter '_value' of BurnableToken._burn (/sb/0x0ed7d0ba38696d8eaf8f4e86a5b9768280ef1ab9.sol#135-136) is not in mixedCase
Parameter '_owner' of StandardToken.allowance (/sb/0x0ed7d0ba38696d8eaf8f4e86a5b9768280ef1ab9.sol#239) is not in mixedCase
Parameter '_spender' of StandardToken.allowance (/sb/0x0ed7d0ba38696d8eaf8f4e86a5b9768280ef1ab9.sol#239) is not in mixedCase
Parameter '_from' of StandardToken.transferFrom (/sb/0x0ed7d0ba38696d8eaf8f4e86a5b9768280ef1ab9.sol#196) is not in mixedCase
Parameter '_to' of StandardToken.transferFrom (/sb/0x0ed7d0ba38696d8eaf8f4e86a5b9768280ef1ab9.sol#196-198) is not in mixedCase
Parameter '_value' of StandardToken.transferFrom (/sb/0x0ed7d0ba38696d8eaf8f4e86a5b9768280ef1ab9.sol#198) is not in mixedCase
Parameter '_spender' of StandardToken.approve (/sb/0x0ed7d0ba38696d8eaf8f4e86a5b9768280ef1ab9.sol#221) is not in mixedCase
Parameter '_value' of StandardToken.approve (/sb/0x0ed7d0ba38696d8eaf8f4e86a5b9768280ef1ab9.sol#221) is not in mixedCase
Parameter '_spender' of StandardToken.increaseApproval (/sb/0x0ed7d0ba38696d8eaf8f4e86a5b9768280ef1ab9.sol#256-257) is not in mixedCase
Parameter '_addedValue' of StandardToken.increaseApproval (/sb/0x0ed7d0ba38696d8eaf8f4e86a5b9768280ef1ab9.sol#259-260) is not in mixedCase
Parameter '_spender' of StandardToken.decreaseApproval (/sb/0x0ed7d0ba38696d8eaf8f4e86a5b9768280ef1ab9.sol#279) is not in mixedCase
Parameter '_subtractedValue' of StandardToken.decreaseApproval (/sb/0x0ed7d0ba38696d8eaf8f4e86a5b9768280ef1ab9.sol#279-281) is not in mixedCase
Parameter '_newOwner' of Ownable.transferOwnership (/sb/0x0ed7d0ba38696d8eaf8f4e86a5b9768280ef1ab9.sol#346) is not in mixedCase
Function 'Ownable._transferOwnership' (/sb/0x0ed7d0ba38696d8eaf8f4e86a5b9768280ef1ab9.sol#356-359) is not in mixedCase
Parameter '_newOwner' of Ownable._transferOwnership (/sb/0x0ed7d0ba38696d8eaf8f4e86a5b9768280ef1ab9.sol#356) is not in mixedCase
Parameter '_to' of MintableToken.mint (/sb/0x0ed7d0ba38696d8eaf8f4e86a5b9768280ef1ab9.sol#399) is not in mixedCase
Parameter '_amount' of MintableToken.mint (/sb/0x0ed7d0ba38696d8eaf8f4e86a5b9768280ef1ab9.sol#400-401) is not in mixedCase
Parameter '_role' of Roles.add (/sb/0x0ed7d0ba38696d8eaf8f4e86a5b9768280ef1ab9.sol#447-448) is not in mixedCase
Parameter '_addr' of Roles.add (/sb/0x0ed7d0ba38696d8eaf8f4e86a5b9768280ef1ab9.sol#448-451) is not in mixedCase
Parameter '_role' of Roles.remove (/sb/0x0ed7d0ba38696d8eaf8f4e86a5b9768280ef1ab9.sol#457-459) is not in mixedCase
Parameter '_addr' of Roles.remove (/sb/0x0ed7d0ba38696d8eaf8f4e86a5b9768280ef1ab9.sol#459) is not in mixedCase
Parameter '_role' of Roles.check (/sb/0x0ed7d0ba38696d8eaf8f4e86a5b9768280ef1ab9.sol#467-468) is not in mixedCase
Parameter '_addr' of Roles.check (/sb/0x0ed7d0ba38696d8eaf8f4e86a5b9768280ef1ab9.sol#468) is not in mixedCase
Parameter '_role' of Roles.has (/sb/0x0ed7d0ba38696d8eaf8f4e86a5b9768280ef1ab9.sol#471) is not in mixedCase
Parameter '_addr' of Roles.has (/sb/0x0ed7d0ba38696d8eaf8f4e86a5b9768280ef1ab9.sol#471) is not in mixedCase
Parameter '_operator' of RBAC.checkRole (/sb/0x0ed7d0ba38696d8eaf8f4e86a5b9768280ef1ab9.sol#513-514) is not in mixedCase
Parameter '_role' of RBAC.checkRole (/sb/0x0ed7d0ba38696d8eaf8f4e86a5b9768280ef1ab9.sol#514) is not in mixedCase
Parameter '_operator' of RBAC.hasRole (/sb/0x0ed7d0ba38696d8eaf8f4e86a5b9768280ef1ab9.sol#525-526) is not in mixedCase
Parameter '_role' of RBAC.hasRole (/sb/0x0ed7d0ba38696d8eaf8f4e86a5b9768280ef1ab9.sol#526) is not in mixedCase
Parameter '_operator' of RBAC.addRole (/sb/0x0ed7d0ba38696d8eaf8f4e86a5b9768280ef1ab9.sol#535-536) is not in mixedCase
Parameter '_role' of RBAC.addRole (/sb/0x0ed7d0ba38696d8eaf8f4e86a5b9768280ef1ab9.sol#536-537) is not in mixedCase
Parameter '_operator' of RBAC.removeRole (/sb/0x0ed7d0ba38696d8eaf8f4e86a5b9768280ef1ab9.sol#548-549) is not in mixedCase
Parameter '_role' of RBAC.removeRole (/sb/0x0ed7d0ba38696d8eaf8f4e86a5b9768280ef1ab9.sol#549) is not in mixedCase
Parameter '_minter' of RBACMintableToken.addMinter (/sb/0x0ed7d0ba38696d8eaf8f4e86a5b9768280ef1ab9.sol#619) is not in mixedCase
Parameter '_minter' of RBACMintableToken.removeMinter (/sb/0x0ed7d0ba38696d8eaf8f4e86a5b9768280ef1ab9.sol#627-629) is not in mixedCase
Parameter '_to' of PausableToken.transfer (/sb/0x0ed7d0ba38696d8eaf8f4e86a5b9768280ef1ab9.sol#701) is not in mixedCase
Parameter '_value' of PausableToken.transfer (/sb/0x0ed7d0ba38696d8eaf8f4e86a5b9768280ef1ab9.sol#701-704) is not in mixedCase
Parameter '_from' of PausableToken.transferFrom (/sb/0x0ed7d0ba38696d8eaf8f4e86a5b9768280ef1ab9.sol#712) is not in mixedCase
Parameter '_to' of PausableToken.transferFrom (/sb/0x0ed7d0ba38696d8eaf8f4e86a5b9768280ef1ab9.sol#712) is not in mixedCase
Parameter '_value' of PausableToken.transferFrom (/sb/0x0ed7d0ba38696d8eaf8f4e86a5b9768280ef1ab9.sol#712) is not in mixedCase
Parameter '_spender' of PausableToken.approve (/sb/0x0ed7d0ba38696d8eaf8f4e86a5b9768280ef1ab9.sol#720) is not in mixedCase
Parameter '_value' of PausableToken.approve (/sb/0x0ed7d0ba38696d8eaf8f4e86a5b9768280ef1ab9.sol#720-721) is not in mixedCase
Parameter '_spender' of PausableToken.increaseApproval (/sb/0x0ed7d0ba38696d8eaf8f4e86a5b9768280ef1ab9.sol#724) is not in mixedCase
Parameter '_addedValue' of PausableToken.increaseApproval (/sb/0x0ed7d0ba38696d8eaf8f4e86a5b9768280ef1ab9.sol#725) is not in mixedCase
Parameter '_spender' of PausableToken.decreaseApproval (/sb/0x0ed7d0ba38696d8eaf8f4e86a5b9768280ef1ab9.sol#732) is not in mixedCase
Parameter '_subtractedValue' of PausableToken.decreaseApproval (/sb/0x0ed7d0ba38696d8eaf8f4e86a5b9768280ef1ab9.sol#733-736) is not in mixedCase
Parameter '_name' of DetailedERC20. (/sb/0x0ed7d0ba38696d8eaf8f4e86a5b9768280ef1ab9.sol) is not in mixedCase
Parameter '_symbol' of DetailedERC20. (/sb/0x0ed7d0ba38696d8eaf8f4e86a5b9768280ef1ab9.sol) is not in mixedCase
Parameter '_decimals' of DetailedERC20. (/sb/0x0ed7d0ba38696d8eaf8f4e86a5b9768280ef1ab9.sol) is not in mixedCase
Parameter '_decimals' of UBScCrypto. (/sb/0x0ed7d0ba38696d8eaf8f4e86a5b9768280ef1ab9.sol) is not in mixedCase
Parameter '_amount' of UBScCrypto. (/sb/0x0ed7d0ba38696d8eaf8f4e86a5b9768280ef1ab9.sol) is not in mixedCase
Reference: https://github.com/trailofbits/slither/wiki/Detectors-Documentation#conformance-to-solidity-naming-conventions[0m
INFO:Slither:/sb/0x0ed7d0ba38696d8eaf8f4e86a5b9768280ef1ab9.sol analyzed (15 contracts), 82 result(s) found
