INFO:Slither:Compilation warnings/errors on /sb/0x313c54eb9f08f1be0f18e8ad505135fa7041a52f.sol:
/sb/0x313c54eb9f08f1be0f18e8ad505135fa7041a52f.sol:151:5: Warning: Defining constructors as functions with the same name as the contract is deprecated. Use "constructor(...) { ... }" instead.
    function CHEXToken(address founderInput, address ownerInput, uint startBlockInput, uint endBlockInput) {
    ^ (Relevant source part starts here and spans across multiple lines).
/sb/0x313c54eb9f08f1be0f18e8ad505135fa7041a52f.sol:188:31: Warning: "throw" is deprecated in favour of "revert()", "require()" and "assert()".
        if (recipient == 0x0) throw;
                              ^---^
/sb/0x313c54eb9f08f1be0f18e8ad505135fa7041a52f.sol:189:36: Warning: "throw" is deprecated in favour of "revert()", "require()" and "assert()".
        if (msg.value < MIN_ETHER) throw;
                                   ^---^
/sb/0x313c54eb9f08f1be0f18e8ad505135fa7041a52f.sol:190:50: Warning: "throw" is deprecated in favour of "revert()", "require()" and "assert()".
        if (_saleState == TokenSaleState.Frozen) throw;
                                                 ^---^
/sb/0x313c54eb9f08f1be0f18e8ad505135fa7041a52f.sol:191:131: Warning: "throw" is deprecated in favour of "revert()", "require()" and "assert()".
        if ((_saleState == TokenSaleState.Initial || _saleState == TokenSaleState.Presale) && presaleSupply >= presaleAllocation) throw;
                                                                                                                                  ^---^
/sb/0x313c54eb9f08f1be0f18e8ad505135fa7041a52f.sol:192:127: Warning: "throw" is deprecated in favour of "revert()", "require()" and "assert()".
        if ((_saleState == TokenSaleState.Initial || _saleState == TokenSaleState.Presale) && presaleEtherRaised >= etherCap) throw;
                                                                                                                              ^---^
/sb/0x313c54eb9f08f1be0f18e8ad505135fa7041a52f.sol:197:26: Warning: "throw" is deprecated in favour of "revert()", "require()" and "assert()".
        if (tokens <= 0) throw;
                         ^---^
/sb/0x313c54eb9f08f1be0f18e8ad505135fa7041a52f.sol:219:26: Warning: "throw" is deprecated in favour of "revert()", "require()" and "assert()".
        if (tokens <= 0) throw;
                         ^---^
/sb/0x313c54eb9f08f1be0f18e8ad505135fa7041a52f.sol:220:41: Warning: "throw" is deprecated in favour of "revert()", "require()" and "assert()".
        if (totalTokens >= totalSupply) throw;
                                        ^---^
/sb/0x313c54eb9f08f1be0f18e8ad505135fa7041a52f.sol:221:50: Warning: "throw" is deprecated in favour of "revert()", "require()" and "assert()".
        if (_saleState == TokenSaleState.Frozen) throw;
                                                 ^---^
/sb/0x313c54eb9f08f1be0f18e8ad505135fa7041a52f.sol:222:131: Warning: "throw" is deprecated in favour of "revert()", "require()" and "assert()".
        if ((_saleState == TokenSaleState.Initial || _saleState == TokenSaleState.Presale) && presaleSupply >= presaleAllocation) throw;
                                                                                                                                  ^---^
/sb/0x313c54eb9f08f1be0f18e8ad505135fa7041a52f.sol:238:39: Warning: "throw" is deprecated in favour of "revert()", "require()" and "assert()".
        if (block.number <= endBlock) throw;
                                      ^---^
/sb/0x313c54eb9f08f1be0f18e8ad505135fa7041a52f.sol:239:33: Warning: "throw" is deprecated in favour of "revert()", "require()" and "assert()".
        if (ecosystemAllocated) throw;
                                ^---^
/sb/0x313c54eb9f08f1be0f18e8ad505135fa7041a52f.sol:260:51: Warning: "throw" is deprecated in favour of "revert()", "require()" and "assert()".
        if (_saleState == TokenSaleState.Presale) throw;
                                                  ^---^
/sb/0x313c54eb9f08f1be0f18e8ad505135fa7041a52f.sol:261:26: Warning: "throw" is deprecated in favour of "revert()", "require()" and "assert()".
        if (length == 0) throw;
                         ^---^
/sb/0x313c54eb9f08f1be0f18e8ad505135fa7041a52f.sol:60:13: Warning: Invoking events without "emit" prefix is deprecated.
            Transfer(msg.sender, _to, _value);
            ^-------------------------------^
/sb/0x313c54eb9f08f1be0f18e8ad505135fa7041a52f.sol:70:13: Warning: Invoking events without "emit" prefix is deprecated.
            Transfer(_from, _to, _value);
            ^--------------------------^
/sb/0x313c54eb9f08f1be0f18e8ad505135fa7041a52f.sol:81:9: Warning: Invoking events without "emit" prefix is deprecated.
        Approval(msg.sender, _spender, _value);
        ^------------------------------------^
/sb/0x313c54eb9f08f1be0f18e8ad505135fa7041a52f.sol:209:9: Warning: Invoking events without "emit" prefix is deprecated.
        Transfer(0, recipient, tokens);
        ^----------------------------^
/sb/0x313c54eb9f08f1be0f18e8ad505135fa7041a52f.sol:210:9: Warning: Invoking events without "emit" prefix is deprecated.
        Buy(recipient, msg.value, tokens);
        ^-------------------------------^
/sb/0x313c54eb9f08f1be0f18e8ad505135fa7041a52f.sol:233:9: Warning: Invoking events without "emit" prefix is deprecated.
        Transfer(0, recipient, tokens);    
        ^----------------------------^
/sb/0x313c54eb9f08f1be0f18e8ad505135fa7041a52f.sol:234:9: Warning: Invoking events without "emit" prefix is deprecated.
        Deliver(recipient, tokens, _for);
        ^------------------------------^
/sb/0x313c54eb9f08f1be0f18e8ad505135fa7041a52f.sol:56:5: Warning: No visibility specified. Defaulting to "public". 
    function transfer(address _to, uint256 _value) returns (bool success) {
    ^ (Relevant source part starts here and spans across multiple lines).
/sb/0x313c54eb9f08f1be0f18e8ad505135fa7041a52f.sol:65:5: Warning: No visibility specified. Defaulting to "public". 
    function transferFrom(address _from, address _to, uint256 _value) returns (bool success) {
    ^ (Relevant source part starts here and spans across multiple lines).
/sb/0x313c54eb9f08f1be0f18e8ad505135fa7041a52f.sol:75:5: Warning: No visibility specified. Defaulting to "public". 
    function balanceOf(address _owner) constant returns (uint256 balance) {
    ^ (Relevant source part starts here and spans across multiple lines).
/sb/0x313c54eb9f08f1be0f18e8ad505135fa7041a52f.sol:79:5: Warning: No visibility specified. Defaulting to "public". 
    function approve(address _spender, uint256 _value) returns (bool success) {
    ^ (Relevant source part starts here and spans across multiple lines).
/sb/0x313c54eb9f08f1be0f18e8ad505135fa7041a52f.sol:85:5: Warning: No visibility specified. Defaulting to "public". 
    function allowance(address _owner, address _spender) constant returns (uint256 remaining) {
    ^ (Relevant source part starts here and spans across multiple lines).
/sb/0x313c54eb9f08f1be0f18e8ad505135fa7041a52f.sol:151:5: Warning: No visibility specified. Defaulting to "public". 
    function CHEXToken(address founderInput, address ownerInput, uint startBlockInput, uint endBlockInput) {
    ^ (Relevant source part starts here and spans across multiple lines).
/sb/0x313c54eb9f08f1be0f18e8ad505135fa7041a52f.sol:160:5: Warning: No visibility specified. Defaulting to "public". 
    function price() constant returns(uint) {
    ^ (Relevant source part starts here and spans across multiple lines).
/sb/0x313c54eb9f08f1be0f18e8ad505135fa7041a52f.sol:169:5: Warning: No visibility specified. Defaulting to "public". 
    function updateTokenSaleState () {
    ^ (Relevant source part starts here and spans across multiple lines).
/sb/0x313c54eb9f08f1be0f18e8ad505135fa7041a52f.sol:183:5: Warning: No visibility specified. Defaulting to "public". 
    function() payable {
    ^ (Relevant source part starts here and spans across multiple lines).
/sb/0x313c54eb9f08f1be0f18e8ad505135fa7041a52f.sol:187:5: Warning: No visibility specified. Defaulting to "public". 
    function buy(address recipient) payable {
    ^ (Relevant source part starts here and spans across multiple lines).
/sb/0x313c54eb9f08f1be0f18e8ad505135fa7041a52f.sol:218:5: Warning: No visibility specified. Defaulting to "public". 
    function deliver(address recipient, uint tokens, string _for) onlyInternal {
    ^ (Relevant source part starts here and spans across multiple lines).
/sb/0x313c54eb9f08f1be0f18e8ad505135fa7041a52f.sol:237:5: Warning: No visibility specified. Defaulting to "public". 
    function allocateEcosystemTokens() onlyInternal {
    ^ (Relevant source part starts here and spans across multiple lines).
/sb/0x313c54eb9f08f1be0f18e8ad505135fa7041a52f.sol:250:5: Warning: No visibility specified. Defaulting to "public". 
    function freeze() onlyInternal {
    ^ (Relevant source part starts here and spans across multiple lines).
/sb/0x313c54eb9f08f1be0f18e8ad505135fa7041a52f.sol:254:5: Warning: No visibility specified. Defaulting to "public". 
    function unfreeze() onlyInternal {
    ^ (Relevant source part starts here and spans across multiple lines).
/sb/0x313c54eb9f08f1be0f18e8ad505135fa7041a52f.sol:259:5: Warning: No visibility specified. Defaulting to "public". 
    function startSalePhase (uint start, uint length) onlyInternal {
    ^ (Relevant source part starts here and spans across multiple lines).
/sb/0x313c54eb9f08f1be0f18e8ad505135fa7041a52f.sol:6:3: Warning: Function state mutability can be restricted to pure
  function mul(uint256 a, uint256 b) internal returns (uint256) {
  ^ (Relevant source part starts here and spans across multiple lines).
/sb/0x313c54eb9f08f1be0f18e8ad505135fa7041a52f.sol:12:3: Warning: Function state mutability can be restricted to pure
  function div(uint256 a, uint256 b) internal returns (uint256) {
  ^ (Relevant source part starts here and spans across multiple lines).
/sb/0x313c54eb9f08f1be0f18e8ad505135fa7041a52f.sol:17:3: Warning: Function state mutability can be restricted to pure
  function pct(uint numerator, uint denominator, uint precision) internal returns(uint quotient) {
  ^ (Relevant source part starts here and spans across multiple lines).
/sb/0x313c54eb9f08f1be0f18e8ad505135fa7041a52f.sol:23:3: Warning: Function state mutability can be restricted to pure
  function sub(uint256 a, uint256 b) internal returns (uint256) {
  ^ (Relevant source part starts here and spans across multiple lines).
/sb/0x313c54eb9f08f1be0f18e8ad505135fa7041a52f.sol:28:3: Warning: Function state mutability can be restricted to pure
  function add(uint256 a, uint256 b) internal returns (uint256) {
  ^ (Relevant source part starts here and spans across multiple lines).
/sb/0x313c54eb9f08f1be0f18e8ad505135fa7041a52f.sol:34:3: Warning: Function state mutability can be restricted to pure
  function max64(uint64 a, uint64 b) internal constant returns (uint64) {
  ^ (Relevant source part starts here and spans across multiple lines).
/sb/0x313c54eb9f08f1be0f18e8ad505135fa7041a52f.sol:38:3: Warning: Function state mutability can be restricted to pure
  function min64(uint64 a, uint64 b) internal constant returns (uint64) {
  ^ (Relevant source part starts here and spans across multiple lines).
/sb/0x313c54eb9f08f1be0f18e8ad505135fa7041a52f.sol:42:3: Warning: Function state mutability can be restricted to pure
  function max256(uint256 a, uint256 b) internal constant returns (uint256) {
  ^ (Relevant source part starts here and spans across multiple lines).
/sb/0x313c54eb9f08f1be0f18e8ad505135fa7041a52f.sol:46:3: Warning: Function state mutability can be restricted to pure
  function min256(uint256 a, uint256 b) internal constant returns (uint256) {
  ^ (Relevant source part starts here and spans across multiple lines).
/sb/0x313c54eb9f08f1be0f18e8ad505135fa7041a52f.sol:163:37: Warning: Function declared as view, but this expression (potentially) modifies the state and thus requires non-payable (the default) or payable.
            uint percentRemaining = pct((endBlock - block.number), (endBlock - startBlock), 3);
                                    ^--------------------------------------------------------^

INFO:Detectors:[91m
CHEXToken.totalSupply (/sb/0x313c54eb9f08f1be0f18e8ad505135fa7041a52f.sol#126-128) shadows:
	- Token.totalSupply (/sb/0x313c54eb9f08f1be0f18e8ad505135fa7041a52f.sol#98-99)
Reference: https://github.com/trailofbits/slither/wiki/Detectors-Documentation#state-variable-shadowing[0m
INFO:Detectors:[92m
CHEXToken.etherCap should be constant (/sb/0x313c54eb9f08f1be0f18e8ad505135fa7041a52f.sol#130-132)
CHEXToken.totalSupply should be constant (/sb/0x313c54eb9f08f1be0f18e8ad505135fa7041a52f.sol#126-128)
Token.totalSupply should be constant (/sb/0x313c54eb9f08f1be0f18e8ad505135fa7041a52f.sol#98-99)
Reference: https://github.com/trailofbits/slither/wiki/Detectors-Documentation#state-variables-that-could-be-declared-constant[0m
INFO:Detectors:[92m
Deprecated standard detected @ /sb/0x313c54eb9f08f1be0f18e8ad505135fa7041a52f.sol#191:
	- Usage of "throw" should be replaced with "revert()"
Deprecated standard detected @ /sb/0x313c54eb9f08f1be0f18e8ad505135fa7041a52f.sol#191:
	- Usage of "throw" should be replaced with "revert()"
Deprecated standard detected @ /sb/0x313c54eb9f08f1be0f18e8ad505135fa7041a52f.sol#192:
	- Usage of "throw" should be replaced with "revert()"
Deprecated standard detected @ /sb/0x313c54eb9f08f1be0f18e8ad505135fa7041a52f.sol#195:
	- Usage of "throw" should be replaced with "revert()"
Deprecated standard detected @ /sb/0x313c54eb9f08f1be0f18e8ad505135fa7041a52f.sol#199-200:
	- Usage of "throw" should be replaced with "revert()"
Deprecated standard detected @ /sb/0x313c54eb9f08f1be0f18e8ad505135fa7041a52f.sol#202:
	- Usage of "throw" should be replaced with "revert()"
Deprecated standard detected @ /sb/0x313c54eb9f08f1be0f18e8ad505135fa7041a52f.sol#222:
	- Usage of "throw" should be replaced with "revert()"
Deprecated standard detected @ /sb/0x313c54eb9f08f1be0f18e8ad505135fa7041a52f.sol#224:
	- Usage of "throw" should be replaced with "revert()"
Deprecated standard detected @ /sb/0x313c54eb9f08f1be0f18e8ad505135fa7041a52f.sol#226:
	- Usage of "throw" should be replaced with "revert()"
Deprecated standard detected @ /sb/0x313c54eb9f08f1be0f18e8ad505135fa7041a52f.sol#229:
	- Usage of "throw" should be replaced with "revert()"
Deprecated standard detected @ /sb/0x313c54eb9f08f1be0f18e8ad505135fa7041a52f.sol#244:
	- Usage of "throw" should be replaced with "revert()"
Deprecated standard detected @ /sb/0x313c54eb9f08f1be0f18e8ad505135fa7041a52f.sol#245:
	- Usage of "throw" should be replaced with "revert()"
Deprecated standard detected @ /sb/0x313c54eb9f08f1be0f18e8ad505135fa7041a52f.sol:
	- Usage of "throw" should be replaced with "revert()"
Deprecated standard detected @ /sb/0x313c54eb9f08f1be0f18e8ad505135fa7041a52f.sol:
	- Usage of "throw" should be replaced with "revert()"
Reference: https://github.com/trailofbits/slither/wiki/Detectors-Documentation#deprecated-standards[0m
INFO:Detectors:[92m
Token.transfer (/sb/0x313c54eb9f08f1be0f18e8ad505135fa7041a52f.sol#56-65) should be declared external
Token.transferFrom (/sb/0x313c54eb9f08f1be0f18e8ad505135fa7041a52f.sol#65-75) should be declared external
Token.balanceOf (/sb/0x313c54eb9f08f1be0f18e8ad505135fa7041a52f.sol#76-79) should be declared external
Token.allowance (/sb/0x313c54eb9f08f1be0f18e8ad505135fa7041a52f.sol#85-90) should be declared external
Token.compareAndApprove (/sb/0x313c54eb9f08f1be0f18e8ad505135fa7041a52f.sol#106-117) should be declared external
CHEXToken.fallback (/sb/0x313c54eb9f08f1be0f18e8ad505135fa7041a52f.sol#190-191) should be declared external
CHEXToken.deliver (/sb/0x313c54eb9f08f1be0f18e8ad505135fa7041a52f.sol#222-242) should be declared external
CHEXToken.allocateEcosystemTokens (/sb/0x313c54eb9f08f1be0f18e8ad505135fa7041a52f.sol#242-259) should be declared external
CHEXToken.freeze (/sb/0x313c54eb9f08f1be0f18e8ad505135fa7041a52f.sol#259-261) should be declared external
CHEXToken.unfreeze (/sb/0x313c54eb9f08f1be0f18e8ad505135fa7041a52f.sol#261-265) should be declared external
CHEXToken.startSalePhase (/sb/0x313c54eb9f08f1be0f18e8ad505135fa7041a52f.sol#265-270) should be declared external
Reference: https://github.com/trailofbits/slither/wiki/Detectors-Documentation#public-function-that-could-be-declared-as-external[0m
INFO:Detectors:[92m
Detected issues with version pragma in /sb/0x313c54eb9f08f1be0f18e8ad505135fa7041a52f.sol:
	- pragma solidity^0.4.11 (/sb/0x313c54eb9f08f1be0f18e8ad505135fa7041a52f.sol#1): it allows old versions
Reference: https://github.com/trailofbits/slither/wiki/Detectors-Documentation#incorrect-version-of-solidity[0m
INFO:Detectors:[92m
Parameter '_to' of Token.transfer (/sb/0x313c54eb9f08f1be0f18e8ad505135fa7041a52f.sol#57) is not in mixedCase
Parameter '_value' of Token.transfer (/sb/0x313c54eb9f08f1be0f18e8ad505135fa7041a52f.sol#57) is not in mixedCase
Parameter '_from' of Token.transferFrom (/sb/0x313c54eb9f08f1be0f18e8ad505135fa7041a52f.sol#65-66) is not in mixedCase
Parameter '_to' of Token.transferFrom (/sb/0x313c54eb9f08f1be0f18e8ad505135fa7041a52f.sol#66) is not in mixedCase
Parameter '_value' of Token.transferFrom (/sb/0x313c54eb9f08f1be0f18e8ad505135fa7041a52f.sol#66) is not in mixedCase
Parameter '_owner' of Token.balanceOf (/sb/0x313c54eb9f08f1be0f18e8ad505135fa7041a52f.sol#76-77) is not in mixedCase
Parameter '_spender' of Token.approve (/sb/0x313c54eb9f08f1be0f18e8ad505135fa7041a52f.sol#80) is not in mixedCase
Parameter '_value' of Token.approve (/sb/0x313c54eb9f08f1be0f18e8ad505135fa7041a52f.sol#80-81) is not in mixedCase
Parameter '_owner' of Token.allowance (/sb/0x313c54eb9f08f1be0f18e8ad505135fa7041a52f.sol#86) is not in mixedCase
Parameter '_spender' of Token.allowance (/sb/0x313c54eb9f08f1be0f18e8ad505135fa7041a52f.sol#86-87) is not in mixedCase
Parameter '_spender' of Token.compareAndApprove (/sb/0x313c54eb9f08f1be0f18e8ad505135fa7041a52f.sol#107) is not in mixedCase
Parameter '_currentValue' of Token.compareAndApprove (/sb/0x313c54eb9f08f1be0f18e8ad505135fa7041a52f.sol#107) is not in mixedCase
Parameter '_newValue' of Token.compareAndApprove (/sb/0x313c54eb9f08f1be0f18e8ad505135fa7041a52f.sol#108) is not in mixedCase
Function 'CHEXToken.CHEXToken' (/sb/0x313c54eb9f08f1be0f18e8ad505135fa7041a52f.sol#153-162) is not in mixedCase
Parameter '_for' of CHEXToken.deliver (/sb/0x313c54eb9f08f1be0f18e8ad505135fa7041a52f.sol#222) is not in mixedCase
Variable 'CHEXToken._saleState' (/sb/0x313c54eb9f08f1be0f18e8ad505135fa7041a52f.sol#151-153) is not in mixedCase
Reference: https://github.com/trailofbits/slither/wiki/Detectors-Documentation#conformance-to-solidity-naming-conventions[0m
INFO:Slither:/sb/0x313c54eb9f08f1be0f18e8ad505135fa7041a52f.sol analyzed (3 contracts), 44 result(s) found
