INFO:Slither:Compilation warnings/errors on /sb/0xd53908999f20e52fc888236e75da1406a593f1b7.sol:
/sb/0xd53908999f20e52fc888236e75da1406a593f1b7.sol:22:3: Warning: Defining constructors as functions with the same name as the contract is deprecated. Use "constructor(...) { ... }" instead.
  function Ownable() public {
  ^ (Relevant source part starts here and spans across multiple lines).
/sb/0xd53908999f20e52fc888236e75da1406a593f1b7.sol:284:5: Warning: Defining constructors as functions with the same name as the contract is deprecated. Use "constructor(...) { ... }" instead.
    function Tbaol() public {
    ^ (Relevant source part starts here and spans across multiple lines).

INFO:Detectors:[92m
Ownable.transferOwnership (/sb/0xd53908999f20e52fc888236e75da1406a593f1b7.sol#38-45) should be declared external
Ownable.renounceOwnership (/sb/0xd53908999f20e52fc888236e75da1406a593f1b7.sol#47-56) should be declared external
ERC20Basic.totalSupply (/sb/0xd53908999f20e52fc888236e75da1406a593f1b7.sol#110-111) should be declared external
BasicToken.totalSupply (/sb/0xd53908999f20e52fc888236e75da1406a593f1b7.sol#136-138) should be declared external
BasicToken.balanceOf (/sb/0xd53908999f20e52fc888236e75da1406a593f1b7.sol#166-169) should be declared external
ERC20Basic.balanceOf (/sb/0xd53908999f20e52fc888236e75da1406a593f1b7.sol#111-112) should be declared external
BasicToken.transfer (/sb/0xd53908999f20e52fc888236e75da1406a593f1b7.sol#142-153) should be declared external
ERC20Basic.transfer (/sb/0xd53908999f20e52fc888236e75da1406a593f1b7.sol#112-115) should be declared external
StandardToken.allowance (/sb/0xd53908999f20e52fc888236e75da1406a593f1b7.sol#237-238) should be declared external
ERC20.allowance (/sb/0xd53908999f20e52fc888236e75da1406a593f1b7.sol#171-173) should be declared external
StandardToken.transferFrom (/sb/0xd53908999f20e52fc888236e75da1406a593f1b7.sol#199-211) should be declared external
ERC20.transferFrom (/sb/0xd53908999f20e52fc888236e75da1406a593f1b7.sol#173-176) should be declared external
ERC20.approve (/sb/0xd53908999f20e52fc888236e75da1406a593f1b7.sol#176-180) should be declared external
StandardToken.approve (/sb/0xd53908999f20e52fc888236e75da1406a593f1b7.sol#225-227) should be declared external
StandardToken.increaseApproval (/sb/0xd53908999f20e52fc888236e75da1406a593f1b7.sol#247-255) should be declared external
StandardToken.decreaseApproval (/sb/0xd53908999f20e52fc888236e75da1406a593f1b7.sol#265-278) should be declared external
Tbaol.safeWithdrawal (/sb/0xd53908999f20e52fc888236e75da1406a593f1b7.sol) should be declared external
Reference: https://github.com/trailofbits/slither/wiki/Detectors-Documentation#public-function-that-could-be-declared-as-external[0m
INFO:Detectors:[92m
Detected issues with version pragma in /sb/0xd53908999f20e52fc888236e75da1406a593f1b7.sol:
	- pragma solidity^0.4.21 (/sb/0xd53908999f20e52fc888236e75da1406a593f1b7.sol#1): it allows old versions
Reference: https://github.com/trailofbits/slither/wiki/Detectors-Documentation#incorrect-version-of-solidity[0m
INFO:Detectors:[92m
Function 'Ownable.Ownable' (/sb/0xd53908999f20e52fc888236e75da1406a593f1b7.sol#22-27) is not in mixedCase
Parameter '_owner' of BasicToken.balanceOf (/sb/0xd53908999f20e52fc888236e75da1406a593f1b7.sol#166-167) is not in mixedCase
Parameter '_to' of BasicToken.transfer (/sb/0xd53908999f20e52fc888236e75da1406a593f1b7.sol#144) is not in mixedCase
Parameter '_value' of BasicToken.transfer (/sb/0xd53908999f20e52fc888236e75da1406a593f1b7.sol#144) is not in mixedCase
Parameter '_owner' of StandardToken.allowance (/sb/0xd53908999f20e52fc888236e75da1406a593f1b7.sol#237) is not in mixedCase
Parameter '_spender' of StandardToken.allowance (/sb/0xd53908999f20e52fc888236e75da1406a593f1b7.sol#237) is not in mixedCase
Parameter '_from' of StandardToken.transferFrom (/sb/0xd53908999f20e52fc888236e75da1406a593f1b7.sol#201) is not in mixedCase
Parameter '_to' of StandardToken.transferFrom (/sb/0xd53908999f20e52fc888236e75da1406a593f1b7.sol#201) is not in mixedCase
Parameter '_value' of StandardToken.transferFrom (/sb/0xd53908999f20e52fc888236e75da1406a593f1b7.sol#201) is not in mixedCase
Parameter '_spender' of StandardToken.approve (/sb/0xd53908999f20e52fc888236e75da1406a593f1b7.sol#225) is not in mixedCase
Parameter '_value' of StandardToken.approve (/sb/0xd53908999f20e52fc888236e75da1406a593f1b7.sol#225) is not in mixedCase
Parameter '_spender' of StandardToken.increaseApproval (/sb/0xd53908999f20e52fc888236e75da1406a593f1b7.sol#250-251) is not in mixedCase
Parameter '_addedValue' of StandardToken.increaseApproval (/sb/0xd53908999f20e52fc888236e75da1406a593f1b7.sol#251) is not in mixedCase
Parameter '_spender' of StandardToken.decreaseApproval (/sb/0xd53908999f20e52fc888236e75da1406a593f1b7.sol#265) is not in mixedCase
Parameter '_subtractedValue' of StandardToken.decreaseApproval (/sb/0xd53908999f20e52fc888236e75da1406a593f1b7.sol#265-267) is not in mixedCase
Function 'Tbaol.Tbaol' (/sb/0xd53908999f20e52fc888236e75da1406a593f1b7.sol#294-297) is not in mixedCase
Function 'Tbaol._transfer' (/sb/0xd53908999f20e52fc888236e75da1406a593f1b7.sol#297-311) is not in mixedCase
Parameter '_from' of Tbaol._transfer (/sb/0xd53908999f20e52fc888236e75da1406a593f1b7.sol#297) is not in mixedCase
Parameter '_to' of Tbaol._transfer (/sb/0xd53908999f20e52fc888236e75da1406a593f1b7.sol#297) is not in mixedCase
Parameter '_value' of Tbaol._transfer (/sb/0xd53908999f20e52fc888236e75da1406a593f1b7.sol#297) is not in mixedCase
Parameter '_value' of Tbaol.safeWithdrawal (/sb/0xd53908999f20e52fc888236e75da1406a593f1b7.sol) is not in mixedCase
Reference: https://github.com/trailofbits/slither/wiki/Detectors-Documentation#conformance-to-solidity-naming-conventions[0m
INFO:Detectors:[92m
Tbaol.touched (/sb/0xd53908999f20e52fc888236e75da1406a593f1b7.sol#293-294) is never used in Tbaol
Reference: https://github.com/trailofbits/slither/wiki/Detectors-Documentation#unused-state-variables[0m
INFO:Slither:/sb/0xd53908999f20e52fc888236e75da1406a593f1b7.sol analyzed (7 contracts), 40 result(s) found
