INFO:Slither:Compilation warnings/errors on /sb/0x68974bb47457c299b18eeb7093b5a8cb95ee073d.sol:
/sb/0x68974bb47457c299b18eeb7093b5a8cb95ee073d.sol:19:3: Warning: Defining constructors as functions with the same name as the contract is deprecated. Use "constructor(...) { ... }" instead.
  function Ownable() public {
  ^ (Relevant source part starts here and spans across multiple lines).
/sb/0x68974bb47457c299b18eeb7093b5a8cb95ee073d.sol:39:5: Warning: Invoking events without "emit" prefix is deprecated.
    OwnershipTransferred(owner, newOwner);
    ^-----------------------------------^
/sb/0x68974bb47457c299b18eeb7093b5a8cb95ee073d.sol:46:5: Warning: Functions in interfaces should be declared external.
    function transferMultiAddressFrom(address _from, address[] _toMulti, uint256[] _values) public returns (bool);
    ^------------------------------------------------------------------------------------------------------------^

INFO:Detectors:[92m
Ownable.transferOwnership (/sb/0x68974bb47457c299b18eeb7093b5a8cb95ee073d.sol#37-46) should be declared external
itoken.transferMultiAddressFrom (/sb/0x68974bb47457c299b18eeb7093b5a8cb95ee073d.sol#46-50) should be declared external
AirsendGifts.multiSend (/sb/0x68974bb47457c299b18eeb7093b5a8cb95ee073d.sol#61-66) should be declared external
Reference: https://github.com/trailofbits/slither/wiki/Detectors-Documentation#public-function-that-could-be-declared-as-external[0m
INFO:Detectors:[92m
Detected issues with version pragma in /sb/0x68974bb47457c299b18eeb7093b5a8cb95ee073d.sol:
	- pragma solidity^0.4.18 (/sb/0x68974bb47457c299b18eeb7093b5a8cb95ee073d.sol#1): it allows old versions
Reference: https://github.com/trailofbits/slither/wiki/Detectors-Documentation#incorrect-version-of-solidity[0m
INFO:Detectors:[92m
Function 'Ownable.Ownable' (/sb/0x68974bb47457c299b18eeb7093b5a8cb95ee073d.sol#19-25) is not in mixedCase
Contract 'itoken' (/sb/0x68974bb47457c299b18eeb7093b5a8cb95ee073d.sol#46-50) is not in CapWords
Parameter '_tokenAddr' of AirsendGifts.multiSend (/sb/0x68974bb47457c299b18eeb7093b5a8cb95ee073d.sol#61) is not in mixedCase
Parameter '_tokenOwner' of AirsendGifts.multiSend (/sb/0x68974bb47457c299b18eeb7093b5a8cb95ee073d.sol#61) is not in mixedCase
Parameter '_destAddrs' of AirsendGifts.multiSend (/sb/0x68974bb47457c299b18eeb7093b5a8cb95ee073d.sol#61-62) is not in mixedCase
Parameter '_values' of AirsendGifts.multiSend (/sb/0x68974bb47457c299b18eeb7093b5a8cb95ee073d.sol#62) is not in mixedCase
Reference: https://github.com/trailofbits/slither/wiki/Detectors-Documentation#conformance-to-solidity-naming-conventions[0m
INFO:Slither:/sb/0x68974bb47457c299b18eeb7093b5a8cb95ee073d.sol analyzed (3 contracts), 10 result(s) found
