INFO:Slither:Compilation warnings/errors on /sb/0x05f49d328452e284a5cb4a113660e9c3a8a7a62c.sol:
/sb/0x05f49d328452e284a5cb4a113660e9c3a8a7a62c.sol:119:5: Warning: Defining constructors as functions with the same name as the contract is deprecated. Use "constructor(...) { ... }" instead.
    function VibeXChainToken () public {
    ^ (Relevant source part starts here and spans across multiple lines).

INFO:Detectors:[93m
VibeXChainToken.totalSupply (/sb/0x05f49d328452e284a5cb4a113660e9c3a8a7a62c.sol#90-91) shadows:
	- ERC20Basic.totalSupply (/sb/0x05f49d328452e284a5cb4a113660e9c3a8a7a62c.sol#65)
Reference: https://github.com/trailofbits/slither/wiki/Detectors-Documentation#state-variable-shadowing-from-abstract-contracts[0m
INFO:Detectors:[92m
ERC20Basic.totalSupply should be constant (/sb/0x05f49d328452e284a5cb4a113660e9c3a8a7a62c.sol#65)
Reference: https://github.com/trailofbits/slither/wiki/Detectors-Documentation#state-variables-that-could-be-declared-constant[0m
INFO:Detectors:[92m
ForeignToken.balanceOf (/sb/0x05f49d328452e284a5cb4a113660e9c3a8a7a62c.sol#59-60) should be declared external
ForeignToken.transfer (/sb/0x05f49d328452e284a5cb4a113660e9c3a8a7a62c.sol#60-65) should be declared external
VibeXChainToken.balanceOf (/sb/0x05f49d328452e284a5cb4a113660e9c3a8a7a62c.sol#208-212) should be declared external
ERC20Basic.balanceOf (/sb/0x05f49d328452e284a5cb4a113660e9c3a8a7a62c.sol#65-66) should be declared external
ERC20Basic.transfer (/sb/0x05f49d328452e284a5cb4a113660e9c3a8a7a62c.sol#66-67) should be declared external
VibeXChainToken.transfer (/sb/0x05f49d328452e284a5cb4a113660e9c3a8a7a62c.sol#217-227) should be declared external
VibeXChainToken.allowance (/sb/0x05f49d328452e284a5cb4a113660e9c3a8a7a62c.sol#249-254) should be declared external
ERC20.allowance (/sb/0x05f49d328452e284a5cb4a113660e9c3a8a7a62c.sol#71-72) should be declared external
ERC20.transferFrom (/sb/0x05f49d328452e284a5cb4a113660e9c3a8a7a62c.sol#72-73) should be declared external
VibeXChainToken.transferFrom (/sb/0x05f49d328452e284a5cb4a113660e9c3a8a7a62c.sol#227-238) should be declared external
VibeXChainToken.approve (/sb/0x05f49d328452e284a5cb4a113660e9c3a8a7a62c.sol#239-248) should be declared external
ERC20.approve (/sb/0x05f49d328452e284a5cb4a113660e9c3a8a7a62c.sol#74) should be declared external
VibeXChainToken.transferOwnership (/sb/0x05f49d328452e284a5cb4a113660e9c3a8a7a62c.sol#126-133) should be declared external
VibeXChainToken.finishDistribution (/sb/0x05f49d328452e284a5cb4a113660e9c3a8a7a62c.sol#133-138) should be declared external
VibeXChainToken.adminClaimAirdrop (/sb/0x05f49d328452e284a5cb4a113660e9c3a8a7a62c.sol#168-169) should be declared external
VibeXChainToken.adminClaimAirdropMultiple (/sb/0x05f49d328452e284a5cb4a113660e9c3a8a7a62c.sol#169-175) should be declared external
VibeXChainToken.updateTokensPerEth (/sb/0x05f49d328452e284a5cb4a113660e9c3a8a7a62c.sol#176-184) should be declared external
VibeXChainToken.getTokenBalance (/sb/0x05f49d328452e284a5cb4a113660e9c3a8a7a62c.sol#254-261) should be declared external
VibeXChainToken.withdraw (/sb/0x05f49d328452e284a5cb4a113660e9c3a8a7a62c.sol#261-263) should be declared external
VibeXChainToken.burn (/sb/0x05f49d328452e284a5cb4a113660e9c3a8a7a62c.sol#263-277) should be declared external
VibeXChainToken.withdrawForeignTokens (/sb/0x05f49d328452e284a5cb4a113660e9c3a8a7a62c.sol) should be declared external
Reference: https://github.com/trailofbits/slither/wiki/Detectors-Documentation#public-function-that-could-be-declared-as-external[0m
INFO:Detectors:[92m
Detected issues with version pragma in /sb/0x05f49d328452e284a5cb4a113660e9c3a8a7a62c.sol:
	- pragma solidity^0.4.23 (/sb/0x05f49d328452e284a5cb4a113660e9c3a8a7a62c.sol#1): it allows old versions
Reference: https://github.com/trailofbits/slither/wiki/Detectors-Documentation#incorrect-version-of-solidity[0m
INFO:Detectors:[92m
Parameter '_owner' of VibeXChainToken.balanceOf (/sb/0x05f49d328452e284a5cb4a113660e9c3a8a7a62c.sol#208) is not in mixedCase
Parameter '_to' of VibeXChainToken.transfer (/sb/0x05f49d328452e284a5cb4a113660e9c3a8a7a62c.sol#217) is not in mixedCase
Parameter '_amount' of VibeXChainToken.transfer (/sb/0x05f49d328452e284a5cb4a113660e9c3a8a7a62c.sol#217) is not in mixedCase
Parameter '_owner' of VibeXChainToken.allowance (/sb/0x05f49d328452e284a5cb4a113660e9c3a8a7a62c.sol#249) is not in mixedCase
Parameter '_spender' of VibeXChainToken.allowance (/sb/0x05f49d328452e284a5cb4a113660e9c3a8a7a62c.sol#249-250) is not in mixedCase
Parameter '_from' of VibeXChainToken.transferFrom (/sb/0x05f49d328452e284a5cb4a113660e9c3a8a7a62c.sol#227) is not in mixedCase
Parameter '_to' of VibeXChainToken.transferFrom (/sb/0x05f49d328452e284a5cb4a113660e9c3a8a7a62c.sol#227-229) is not in mixedCase
Parameter '_amount' of VibeXChainToken.transferFrom (/sb/0x05f49d328452e284a5cb4a113660e9c3a8a7a62c.sol#229) is not in mixedCase
Parameter '_spender' of VibeXChainToken.approve (/sb/0x05f49d328452e284a5cb4a113660e9c3a8a7a62c.sol#239) is not in mixedCase
Parameter '_value' of VibeXChainToken.approve (/sb/0x05f49d328452e284a5cb4a113660e9c3a8a7a62c.sol#239-240) is not in mixedCase
Function 'VibeXChainToken.VibeXChainToken' (/sb/0x05f49d328452e284a5cb4a113660e9c3a8a7a62c.sol#123-126) is not in mixedCase
Parameter '_to' of VibeXChainToken.distr (/sb/0x05f49d328452e284a5cb4a113660e9c3a8a7a62c.sol#139) is not in mixedCase
Parameter '_amount' of VibeXChainToken.distr (/sb/0x05f49d328452e284a5cb4a113660e9c3a8a7a62c.sol#139) is not in mixedCase
Parameter '_participant' of VibeXChainToken.doAirdrop (/sb/0x05f49d328452e284a5cb4a113660e9c3a8a7a62c.sol#151-152) is not in mixedCase
Parameter '_amount' of VibeXChainToken.doAirdrop (/sb/0x05f49d328452e284a5cb4a113660e9c3a8a7a62c.sol#152) is not in mixedCase
Parameter '_participant' of VibeXChainToken.adminClaimAirdrop (/sb/0x05f49d328452e284a5cb4a113660e9c3a8a7a62c.sol#168) is not in mixedCase
Parameter '_amount' of VibeXChainToken.adminClaimAirdrop (/sb/0x05f49d328452e284a5cb4a113660e9c3a8a7a62c.sol#168) is not in mixedCase
Parameter '_addresses' of VibeXChainToken.adminClaimAirdropMultiple (/sb/0x05f49d328452e284a5cb4a113660e9c3a8a7a62c.sol#172) is not in mixedCase
Parameter '_amount' of VibeXChainToken.adminClaimAirdropMultiple (/sb/0x05f49d328452e284a5cb4a113660e9c3a8a7a62c.sol#172) is not in mixedCase
Parameter '_tokensPerEth' of VibeXChainToken.updateTokensPerEth (/sb/0x05f49d328452e284a5cb4a113660e9c3a8a7a62c.sol#177-178) is not in mixedCase
Parameter '_value' of VibeXChainToken.burn (/sb/0x05f49d328452e284a5cb4a113660e9c3a8a7a62c.sol#263-265) is not in mixedCase
Parameter '_tokenContract' of VibeXChainToken.withdrawForeignTokens (/sb/0x05f49d328452e284a5cb4a113660e9c3a8a7a62c.sol) is not in mixedCase
Reference: https://github.com/trailofbits/slither/wiki/Detectors-Documentation#conformance-to-solidity-naming-conventions[0m
INFO:Slither:/sb/0x05f49d328452e284a5cb4a113660e9c3a8a7a62c.sol analyzed (5 contracts), 46 result(s) found
