INFO:Slither:Compilation warnings/errors on /sb/0x0c9cce04224171b03f3b36d576500c0ace70e651.sol:
/sb/0x0c9cce04224171b03f3b36d576500c0ace70e651.sol:32:5: Warning: Defining constructors as functions with the same name as the contract is deprecated. Use "constructor(...) { ... }" instead.
    function DSAuth() public {
    ^ (Relevant source part starts here and spans across multiple lines).
/sb/0x0c9cce04224171b03f3b36d576500c0ace70e651.sol:265:5: Warning: Defining constructors as functions with the same name as the contract is deprecated. Use "constructor(...) { ... }" instead.
    function DSTokenBase(uint supply) public {
    ^ (Relevant source part starts here and spans across multiple lines).
/sb/0x0c9cce04224171b03f3b36d576500c0ace70e651.sol:329:5: Warning: Defining constructors as functions with the same name as the contract is deprecated. Use "constructor(...) { ... }" instead.
    function DSToken(bytes32 symbol_) public {
    ^ (Relevant source part starts here and spans across multiple lines).
/sb/0x0c9cce04224171b03f3b36d576500c0ace70e651.sol:499:5: Warning: Defining constructors as functions with the same name as the contract is deprecated. Use "constructor(...) { ... }" instead.
    function SaiLPC(ERC20 ref_, ERC20 alt_, DSValue pip_, DSToken lps_) public {
    ^ (Relevant source part starts here and spans across multiple lines).
/sb/0x0c9cce04224171b03f3b36d576500c0ace70e651.sol:595:5: Warning: Defining constructors as functions with the same name as the contract is deprecated. Use "constructor(...) { ... }" instead.
    function LPCReserveWrapper(KyberReserveInterface reserve_, WETH weth_, ERC20 dai_, SaiLPC lpc_) public {
    ^ (Relevant source part starts here and spans across multiple lines).
/sb/0x0c9cce04224171b03f3b36d576500c0ace70e651.sol:34:9: Warning: Invoking events without "emit" prefix is deprecated.
        LogSetOwner(msg.sender);
        ^---------------------^
/sb/0x0c9cce04224171b03f3b36d576500c0ace70e651.sol:42:9: Warning: Invoking events without "emit" prefix is deprecated.
        LogSetOwner(owner);
        ^----------------^
/sb/0x0c9cce04224171b03f3b36d576500c0ace70e651.sol:50:9: Warning: Invoking events without "emit" prefix is deprecated.
        LogSetAuthority(authority);
        ^------------------------^
/sb/0x0c9cce04224171b03f3b36d576500c0ace70e651.sol:184:9: Warning: Invoking events without "emit" prefix is deprecated.
        LogNote(msg.sig, msg.sender, foo, bar, msg.value, msg.data);
        ^---------------------------------------------------------^
/sb/0x0c9cce04224171b03f3b36d576500c0ace70e651.sol:295:9: Warning: Invoking events without "emit" prefix is deprecated.
        Transfer(src, dst, wad);
        ^---------------------^
/sb/0x0c9cce04224171b03f3b36d576500c0ace70e651.sol:303:9: Warning: Invoking events without "emit" prefix is deprecated.
        Approval(msg.sender, guy, wad);
        ^----------------------------^
/sb/0x0c9cce04224171b03f3b36d576500c0ace70e651.sol:356:9: Warning: Invoking events without "emit" prefix is deprecated.
        Transfer(src, dst, wad);
        ^---------------------^
/sb/0x0c9cce04224171b03f3b36d576500c0ace70e651.sol:380:9: Warning: Invoking events without "emit" prefix is deprecated.
        Mint(guy, wad);
        ^------------^
/sb/0x0c9cce04224171b03f3b36d576500c0ace70e651.sol:389:9: Warning: Invoking events without "emit" prefix is deprecated.
        Burn(guy, wad);
        ^------------^
/sb/0x0c9cce04224171b03f3b36d576500c0ace70e651.sol:418:23: Warning: This function only accepts a single "bytes" argument. Please use "abi.encodePacked(...)" or a similar function to encode the data.
        return bytes4(keccak256(s));
                      ^----------^
/sb/0x0c9cce04224171b03f3b36d576500c0ace70e651.sol:418:23: Warning: The provided argument of type string memory is not implicitly convertible to expected type bytes memory.
        return bytes4(keccak256(s));
                      ^----------^
/sb/0x0c9cce04224171b03f3b36d576500c0ace70e651.sol:573:5: Warning: Functions in interfaces should be declared external.
    function() payable;
    ^-----------------^
/sb/0x0c9cce04224171b03f3b36d576500c0ace70e651.sol:632:13: Warning: Using contract member "transfer" inherited from the address type is deprecated. Convert the contract to "address" type to access the member, for example use "address(contract).transfer" instead.
            reserve.transfer(amount);
            ^--------------^
/sb/0x0c9cce04224171b03f3b36d576500c0ace70e651.sol:573:5: Warning: No visibility specified. Defaulting to "public". In interfaces it defaults to external.
    function() payable;
    ^-----------------^

INFO:Detectors:[91m
LPCReserveWrapper.withdrawFromReserve (/sb/0x0c9cce04224171b03f3b36d576500c0ace70e651.sol#635-646) sends eth to arbitrary user
	Dangerous calls:
	- weth.deposit.value(amount)() (/sb/0x0c9cce04224171b03f3b36d576500c0ace70e651.sol#643-644)
LPCReserveWrapper.transferToReserve (/sb/0x0c9cce04224171b03f3b36d576500c0ace70e651.sol#646-651) sends eth to arbitrary user
	Dangerous calls:
	- reserve.transfer(amount) (/sb/0x0c9cce04224171b03f3b36d576500c0ace70e651.sol#649)
Reference: https://github.com/trailofbits/slither/wiki/Detectors-Documentation#functions-that-send-ether-to-arbitrary-destinations[0m
INFO:Detectors:[93m
DSMath.mul (/sb/0x0c9cce04224171b03f3b36d576500c0ace70e651.sol#92-96) uses a dangerous strict equality:
	- require(bool)(y == 0 || (z = x * y) / y == x)
Reference: https://github.com/trailofbits/slither/wiki/Detectors-Documentation#dangerous-strict-equalities[0m
INFO:Detectors:[93m
SaiLPC.pool (/sb/0x0c9cce04224171b03f3b36d576500c0ace70e651.sol#548-558) does not use the value returned by external calls:
	-gem.transferFrom(msg.sender,this,wad) (/sb/0x0c9cce04224171b03f3b36d576500c0ace70e651.sol#558)
SaiLPC.exit (/sb/0x0c9cce04224171b03f3b36d576500c0ace70e651.sol#559-574) does not use the value returned by external calls:
	-gem.transfer(msg.sender,wad) (/sb/0x0c9cce04224171b03f3b36d576500c0ace70e651.sol#572-573)
SaiLPC.take (/sb/0x0c9cce04224171b03f3b36d576500c0ace70e651.sol#575-587) does not use the value returned by external calls:
	-pay.transferFrom(msg.sender,this,jam) (/sb/0x0c9cce04224171b03f3b36d576500c0ace70e651.sol#582-585)
	-gem.transfer(msg.sender,wad) (/sb/0x0c9cce04224171b03f3b36d576500c0ace70e651.sol#585-587)
Reference: https://github.com/trailofbits/slither/wiki/Detectors-Documentation#unused-return[0m
INFO:Detectors:[92m
DSToken.decimals should be constant (/sb/0x0c9cce04224171b03f3b36d576500c0ace70e651.sol#336-337)
Reference: https://github.com/trailofbits/slither/wiki/Detectors-Documentation#state-variables-that-could-be-declared-constant[0m
INFO:Detectors:[92m
DSAuthority.canCall (/sb/0x0c9cce04224171b03f3b36d576500c0ace70e651.sol#18-23) should be declared external
DSAuth.setOwner (/sb/0x0c9cce04224171b03f3b36d576500c0ace70e651.sol#38-45) should be declared external
DSAuth.setAuthority (/sb/0x0c9cce04224171b03f3b36d576500c0ace70e651.sol#45-54) should be declared external
DSStop.stop (/sb/0x0c9cce04224171b03f3b36d576500c0ace70e651.sol#224-225) should be declared external
DSStop.start (/sb/0x0c9cce04224171b03f3b36d576500c0ace70e651.sol#225-226) should be declared external
ERC20.totalSupply (/sb/0x0c9cce04224171b03f3b36d576500c0ace70e651.sol#238-239) should be declared external
DSTokenBase.totalSupply (/sb/0x0c9cce04224171b03f3b36d576500c0ace70e651.sol#277-280) should be declared external
DSTokenBase.balanceOf (/sb/0x0c9cce04224171b03f3b36d576500c0ace70e651.sol#280-284) should be declared external
ERC20.balanceOf (/sb/0x0c9cce04224171b03f3b36d576500c0ace70e651.sol#239-240) should be declared external
ERC20.allowance (/sb/0x0c9cce04224171b03f3b36d576500c0ace70e651.sol#240-242) should be declared external
DSTokenBase.allowance (/sb/0x0c9cce04224171b03f3b36d576500c0ace70e651.sol#284-289) should be declared external
ERC20.transfer (/sb/0x0c9cce04224171b03f3b36d576500c0ace70e651.sol#247-248) should be declared external
DSTokenBase.transfer (/sb/0x0c9cce04224171b03f3b36d576500c0ace70e651.sol#289-292) should be declared external
DSToken.approve (/sb/0x0c9cce04224171b03f3b36d576500c0ace70e651.sol#346-350) should be declared external
DSToken.push (/sb/0x0c9cce04224171b03f3b36d576500c0ace70e651.sol#372-377) should be declared external
DSToken.pull (/sb/0x0c9cce04224171b03f3b36d576500c0ace70e651.sol#377-378) should be declared external
DSToken.move (/sb/0x0c9cce04224171b03f3b36d576500c0ace70e651.sol#378-382) should be declared external
DSToken.mint (/sb/0x0c9cce04224171b03f3b36d576500c0ace70e651.sol#382-383) should be declared external
DSToken.burn (/sb/0x0c9cce04224171b03f3b36d576500c0ace70e651.sol#383-384) should be declared external
DSToken.setName (/sb/0x0c9cce04224171b03f3b36d576500c0ace70e651.sol#407-408) should be declared external
DSValue.read (/sb/0x0c9cce04224171b03f3b36d576500c0ace70e651.sol#461-463) should be declared external
DSValue.poke (/sb/0x0c9cce04224171b03f3b36d576500c0ace70e651.sol#463-466) should be declared external
DSValue.void (/sb/0x0c9cce04224171b03f3b36d576500c0ace70e651.sol#466-468) should be declared external
SaiLPC.jump (/sb/0x0c9cce04224171b03f3b36d576500c0ace70e651.sol#527-531) should be declared external
SaiLPC.pool (/sb/0x0c9cce04224171b03f3b36d576500c0ace70e651.sol#548-558) should be declared external
SaiLPC.exit (/sb/0x0c9cce04224171b03f3b36d576500c0ace70e651.sol#559-574) should be declared external
SaiLPC.take (/sb/0x0c9cce04224171b03f3b36d576500c0ace70e651.sol#575-587) should be declared external
KyberReserveInterface.fallback (/sb/0x0c9cce04224171b03f3b36d576500c0ace70e651.sol#588) should be declared external
LPCReserveWrapper.switchLPC (/sb/0x0c9cce04224171b03f3b36d576500c0ace70e651.sol#624-629) should be declared external
LPCReserveWrapper.switchReserve (/sb/0x0c9cce04224171b03f3b36d576500c0ace70e651.sol#629-634) should be declared external
LPCReserveWrapper.fallback (/sb/0x0c9cce04224171b03f3b36d576500c0ace70e651.sol#634) should be declared external
LPCReserveWrapper.approveToken (/sb/0x0c9cce04224171b03f3b36d576500c0ace70e651.sol#651-655) should be declared external
LPCReserveWrapper.take (/sb/0x0c9cce04224171b03f3b36d576500c0ace70e651.sol#655-665) should be declared external
LPCReserveWrapper.withdraw (/sb/0x0c9cce04224171b03f3b36d576500c0ace70e651.sol) should be declared external
Reference: https://github.com/trailofbits/slither/wiki/Detectors-Documentation#public-function-that-could-be-declared-as-external[0m
INFO:Detectors:[92m
Detected issues with version pragma in /sb/0x0c9cce04224171b03f3b36d576500c0ace70e651.sol:
	- pragma solidity^0.4.21 (/sb/0x0c9cce04224171b03f3b36d576500c0ace70e651.sol#1): it allows old versions
Reference: https://github.com/trailofbits/slither/wiki/Detectors-Documentation#incorrect-version-of-solidity[0m
INFO:Detectors:[92m
Function 'DSAuth.DSAuth' (/sb/0x0c9cce04224171b03f3b36d576500c0ace70e651.sol#33-37) is not in mixedCase
Function 'DSTokenBase.DSTokenBase' (/sb/0x0c9cce04224171b03f3b36d576500c0ace70e651.sol#273-276) is not in mixedCase
Variable 'DSTokenBase._supply' (/sb/0x0c9cce04224171b03f3b36d576500c0ace70e651.sol#266-270) is not in mixedCase
Variable 'DSTokenBase._balances' (/sb/0x0c9cce04224171b03f3b36d576500c0ace70e651.sol#270-271) is not in mixedCase
Variable 'DSTokenBase._approvals' (/sb/0x0c9cce04224171b03f3b36d576500c0ace70e651.sol#271-273) is not in mixedCase
Function 'DSToken.DSToken' (/sb/0x0c9cce04224171b03f3b36d576500c0ace70e651.sol#340-341) is not in mixedCase
Function 'DSThing.S' (/sb/0x0c9cce04224171b03f3b36d576500c0ace70e651.sol#430-431) is not in mixedCase
Function 'SaiLPC.SaiLPC' (/sb/0x0c9cce04224171b03f3b36d576500c0ace70e651.sol#520-527) is not in mixedCase
Function 'LPCReserveWrapper.LPCReserveWrapper' (/sb/0x0c9cce04224171b03f3b36d576500c0ace70e651.sol#614-624) is not in mixedCase
Reference: https://github.com/trailofbits/slither/wiki/Detectors-Documentation#conformance-to-solidity-naming-conventions[0m
INFO:Slither:/sb/0x0c9cce04224171b03f3b36d576500c0ace70e651.sol analyzed (17 contracts), 51 result(s) found
