INFO:Slither:Compilation warnings/errors on /sb/0x0d53f391d949405350ede7a66c4dd8c034e6c747.sol:
/sb/0x0d53f391d949405350ede7a66c4dd8c034e6c747.sol:97:5: Warning: Defining constructors as functions with the same name as the contract is deprecated. Use "constructor(...) { ... }" instead.
    function TestTest()
    ^ (Relevant source part starts here and spans across multiple lines).
/sb/0x0d53f391d949405350ede7a66c4dd8c034e6c747.sol:146:9: Warning: Invoking events without "emit" prefix is deprecated.
        onReinvestment(_customerAddress, _dividends, _tokens);
        ^---------------------------------------------------^
/sb/0x0d53f391d949405350ede7a66c4dd8c034e6c747.sol:186:9: Warning: Invoking events without "emit" prefix is deprecated.
        onWithdraw(_customerAddress, _dividends);
        ^--------------------------------------^
/sb/0x0d53f391d949405350ede7a66c4dd8c034e6c747.sol:220:9: Warning: Invoking events without "emit" prefix is deprecated.
        onTokenSell(_customerAddress, _tokens, _taxedEthereum);
        ^----------------------------------------------------^
/sb/0x0d53f391d949405350ede7a66c4dd8c034e6c747.sol:265:9: Warning: Invoking events without "emit" prefix is deprecated.
        Transfer(_customerAddress, _toAddress, _taxedTokens);
        ^--------------------------------------------------^
/sb/0x0d53f391d949405350ede7a66c4dd8c034e6c747.sol:325:16: Warning: Using contract member "balance" inherited from the address type is deprecated. Convert the contract to "address" type to access the member, for example use "address(contract).balance" instead.
        return this.balance;
               ^----------^
/sb/0x0d53f391d949405350ede7a66c4dd8c034e6c747.sol:527:9: Warning: Invoking events without "emit" prefix is deprecated.
        onTokenPurchase(_customerAddress, _incomingEthereum, _amountOfTokens, _referredBy);
        ^--------------------------------------------------------------------------------^

INFO:Detectors:[91m
TestTest.adminsFriends_ (/sb/0x0d53f391d949405350ede7a66c4dd8c034e6c747.sol#77-78) is never initialized. It is used in:
Reference: https://github.com/trailofbits/slither/wiki/Detectors-Documentation#uninitialized-state-variables[0m
INFO:Detectors:[92m
TestTest.buy (/sb/0x0d53f391d949405350ede7a66c4dd8c034e6c747.sol#110-115) should be declared external
TestTest.fallback (/sb/0x0d53f391d949405350ede7a66c4dd8c034e6c747.sol#125-128) should be declared external
TestTest.reinvest (/sb/0x0d53f391d949405350ede7a66c4dd8c034e6c747.sol#132-155) should be declared external
TestTest.exit (/sb/0x0d53f391d949405350ede7a66c4dd8c034e6c747.sol#157-171) should be declared external
TestTest.transfer (/sb/0x0d53f391d949405350ede7a66c4dd8c034e6c747.sol#236-280) should be declared external
TestTest.disableInitialStage (/sb/0x0d53f391d949405350ede7a66c4dd8c034e6c747.sol#288-295) should be declared external
TestTest.setStakingRequirement (/sb/0x0d53f391d949405350ede7a66c4dd8c034e6c747.sol#301-309) should be declared external
TestTest.setName (/sb/0x0d53f391d949405350ede7a66c4dd8c034e6c747.sol#315-317) should be declared external
TestTest.setSymbol (/sb/0x0d53f391d949405350ede7a66c4dd8c034e6c747.sol#320-327) should be declared external
TestTest.totalSupply (/sb/0x0d53f391d949405350ede7a66c4dd8c034e6c747.sol#348-353) should be declared external
TestTest.sellPrice (/sb/0x0d53f391d949405350ede7a66c4dd8c034e6c747.sol#401-419) should be declared external
TestTest.buyPrice (/sb/0x0d53f391d949405350ede7a66c4dd8c034e6c747.sol#421-436) should be declared external
TestTest.calculateTokensReceived (/sb/0x0d53f391d949405350ede7a66c4dd8c034e6c747.sol#442-452) should be declared external
TestTest.calculateEthereumReceived (/sb/0x0d53f391d949405350ede7a66c4dd8c034e6c747.sol#457-467) should be declared external
Reference: https://github.com/trailofbits/slither/wiki/Detectors-Documentation#public-function-that-could-be-declared-as-external[0m
INFO:Detectors:[92m
Detected issues with version pragma in /sb/0x0d53f391d949405350ede7a66c4dd8c034e6c747.sol:
	- pragma solidity^0.4.20 (/sb/0x0d53f391d949405350ede7a66c4dd8c034e6c747.sol#1): it allows old versions
Reference: https://github.com/trailofbits/slither/wiki/Detectors-Documentation#incorrect-version-of-solidity[0m
INFO:Detectors:[92m
Event 'TestTest.onTokenPurchase' (/sb/0x0d53f391d949405350ede7a66c4dd8c034e6c747.sol#40-47) is not in CapWords
Event 'TestTest.onTokenSell' (/sb/0x0d53f391d949405350ede7a66c4dd8c034e6c747.sol#47-53) is not in CapWords
Event 'TestTest.onReinvestment' (/sb/0x0d53f391d949405350ede7a66c4dd8c034e6c747.sol#53-59) is not in CapWords
Event 'TestTest.onWithdraw' (/sb/0x0d53f391d949405350ede7a66c4dd8c034e6c747.sol#59-65) is not in CapWords
Function 'TestTest.TestTest' (/sb/0x0d53f391d949405350ede7a66c4dd8c034e6c747.sol#99-103) is not in mixedCase
Parameter '_referredBy' of TestTest.buy (/sb/0x0d53f391d949405350ede7a66c4dd8c034e6c747.sol#110) is not in mixedCase
Parameter '_amountOfTokens' of TestTest.sell (/sb/0x0d53f391d949405350ede7a66c4dd8c034e6c747.sol#199) is not in mixedCase
Parameter '_toAddress' of TestTest.transfer (/sb/0x0d53f391d949405350ede7a66c4dd8c034e6c747.sol#236-237) is not in mixedCase
Parameter '_amountOfTokens' of TestTest.transfer (/sb/0x0d53f391d949405350ede7a66c4dd8c034e6c747.sol#237) is not in mixedCase
Parameter '_amountOfTokens' of TestTest.setStakingRequirement (/sb/0x0d53f391d949405350ede7a66c4dd8c034e6c747.sol#304-305) is not in mixedCase
Parameter '_name' of TestTest.setName (/sb/0x0d53f391d949405350ede7a66c4dd8c034e6c747.sol#315) is not in mixedCase
Parameter '_symbol' of TestTest.setSymbol (/sb/0x0d53f391d949405350ede7a66c4dd8c034e6c747.sol#320-321) is not in mixedCase
Parameter '_includeReferralBonus' of TestTest.myDividends (/sb/0x0d53f391d949405350ede7a66c4dd8c034e6c747.sol#368-369) is not in mixedCase
Parameter '_customerAddress' of TestTest.balanceOf (/sb/0x0d53f391d949405350ede7a66c4dd8c034e6c747.sol#385) is not in mixedCase
Parameter '_customerAddress' of TestTest.dividendsOf (/sb/0x0d53f391d949405350ede7a66c4dd8c034e6c747.sol#394-396) is not in mixedCase
Parameter '_ethereumToSpend' of TestTest.calculateTokensReceived (/sb/0x0d53f391d949405350ede7a66c4dd8c034e6c747.sol#442) is not in mixedCase
Parameter '_tokensToSell' of TestTest.calculateEthereumReceived (/sb/0x0d53f391d949405350ede7a66c4dd8c034e6c747.sol#458) is not in mixedCase
Parameter '_incomingEthereum' of TestTest.purchaseTokens (/sb/0x0d53f391d949405350ede7a66c4dd8c034e6c747.sol#470) is not in mixedCase
Parameter '_referredBy' of TestTest.purchaseTokens (/sb/0x0d53f391d949405350ede7a66c4dd8c034e6c747.sol#470) is not in mixedCase
Parameter '_ethereum' of TestTest.ethereumToTokens_ (/sb/0x0d53f391d949405350ede7a66c4dd8c034e6c747.sol#554) is not in mixedCase
Parameter '_tokens' of TestTest.tokensToEthereum_ (/sb/0x0d53f391d949405350ede7a66c4dd8c034e6c747.sol#590) is not in mixedCase
Constant 'TestTest.dividendFee_' (/sb/0x0d53f391d949405350ede7a66c4dd8c034e6c747.sol#72-73) is not in UPPER_CASE_WITH_UNDERSCORES
Constant 'TestTest.tokenPriceInitial_' (/sb/0x0d53f391d949405350ede7a66c4dd8c034e6c747.sol#73) is not in UPPER_CASE_WITH_UNDERSCORES
Constant 'TestTest.tokenPriceIncremental_' (/sb/0x0d53f391d949405350ede7a66c4dd8c034e6c747.sol#74-75) is not in UPPER_CASE_WITH_UNDERSCORES
Constant 'TestTest.magnitude' (/sb/0x0d53f391d949405350ede7a66c4dd8c034e6c747.sol#75-76) is not in UPPER_CASE_WITH_UNDERSCORES
Constant 'TestTest.adminsFriendMaxPurchase_' (/sb/0x0d53f391d949405350ede7a66c4dd8c034e6c747.sol#78-79) is not in UPPER_CASE_WITH_UNDERSCORES
Constant 'TestTest.adminsFriendQuota_' (/sb/0x0d53f391d949405350ede7a66c4dd8c034e6c747.sol#79-80) is not in UPPER_CASE_WITH_UNDERSCORES
Reference: https://github.com/trailofbits/slither/wiki/Detectors-Documentation#conformance-to-solidity-naming-conventions[0m
INFO:Slither:/sb/0x0d53f391d949405350ede7a66c4dd8c034e6c747.sol analyzed (2 contracts), 43 result(s) found
