INFO:Slither:Compilation warnings/errors on /sb/0x9a0242b7a33dacbe40edb927834f96eb39f8fbcb.sol:
/sb/0x9a0242b7a33dacbe40edb927834f96eb39f8fbcb.sol:134:3: Warning: Defining constructors as functions with the same name as the contract is deprecated. Use "constructor(...) { ... }" instead.
  function Ownable() public {
  ^ (Relevant source part starts here and spans across multiple lines).
/sb/0x9a0242b7a33dacbe40edb927834f96eb39f8fbcb.sol:327:3: Warning: Defining constructors as functions with the same name as the contract is deprecated. Use "constructor(...) { ... }" instead.
  function CappedToken(uint256 _cap) public {
  ^ (Relevant source part starts here and spans across multiple lines).
/sb/0x9a0242b7a33dacbe40edb927834f96eb39f8fbcb.sol:353:3: Warning: Defining constructors as functions with the same name as the contract is deprecated. Use "constructor(...) { ... }" instead.
  function DetailedERC20(string _name, string _symbol, uint8 _decimals) public {
  ^ (Relevant source part starts here and spans across multiple lines).
/sb/0x9a0242b7a33dacbe40edb927834f96eb39f8fbcb.sol:375:3: Warning: Defining constructors as functions with the same name as the contract is deprecated. Use "constructor(...) { ... }" instead.
  function BaxToken()
  ^ (Relevant source part starts here and spans across multiple lines).
/sb/0x9a0242b7a33dacbe40edb927834f96eb39f8fbcb.sol:75:5: Warning: Invoking events without "emit" prefix is deprecated.
    Transfer(msg.sender, _to, _value);
    ^-------------------------------^
/sb/0x9a0242b7a33dacbe40edb927834f96eb39f8fbcb.sol:112:9: Warning: Invoking events without "emit" prefix is deprecated.
        Burn(burner, _value);
        ^------------------^
/sb/0x9a0242b7a33dacbe40edb927834f96eb39f8fbcb.sol:154:5: Warning: Invoking events without "emit" prefix is deprecated.
    OwnershipTransferred(owner, newOwner);
    ^-----------------------------------^
/sb/0x9a0242b7a33dacbe40edb927834f96eb39f8fbcb.sol:201:5: Warning: Invoking events without "emit" prefix is deprecated.
    Transfer(_from, _to, _value);
    ^--------------------------^
/sb/0x9a0242b7a33dacbe40edb927834f96eb39f8fbcb.sol:217:5: Warning: Invoking events without "emit" prefix is deprecated.
    Approval(msg.sender, _spender, _value);
    ^------------------------------------^
/sb/0x9a0242b7a33dacbe40edb927834f96eb39f8fbcb.sol:243:5: Warning: Invoking events without "emit" prefix is deprecated.
    Approval(msg.sender, _spender, allowed[msg.sender][_spender]);
    ^-----------------------------------------------------------^
/sb/0x9a0242b7a33dacbe40edb927834f96eb39f8fbcb.sol:264:5: Warning: Invoking events without "emit" prefix is deprecated.
    Approval(msg.sender, _spender, allowed[msg.sender][_spender]);
    ^-----------------------------------------------------------^
/sb/0x9a0242b7a33dacbe40edb927834f96eb39f8fbcb.sol:300:5: Warning: Invoking events without "emit" prefix is deprecated.
    Mint(_to, _amount);
    ^----------------^
/sb/0x9a0242b7a33dacbe40edb927834f96eb39f8fbcb.sol:301:5: Warning: Invoking events without "emit" prefix is deprecated.
    Transfer(address(0), _to, _amount);
    ^--------------------------------^
/sb/0x9a0242b7a33dacbe40edb927834f96eb39f8fbcb.sol:311:5: Warning: Invoking events without "emit" prefix is deprecated.
    MintFinished();
    ^------------^

INFO:Detectors:[92m
BasicToken.balanceOf (/sb/0x9a0242b7a33dacbe40edb927834f96eb39f8fbcb.sol#85-93) should be declared external
ERC20Basic.balanceOf (/sb/0x9a0242b7a33dacbe40edb927834f96eb39f8fbcb.sol#47-48) should be declared external
BasicToken.transfer (/sb/0x9a0242b7a33dacbe40edb927834f96eb39f8fbcb.sol#68-81) should be declared external
ERC20Basic.transfer (/sb/0x9a0242b7a33dacbe40edb927834f96eb39f8fbcb.sol#48-49) should be declared external
BurnableToken.burn (/sb/0x9a0242b7a33dacbe40edb927834f96eb39f8fbcb.sol#106-120) should be declared external
Ownable.transferOwnership (/sb/0x9a0242b7a33dacbe40edb927834f96eb39f8fbcb.sol#155-166) should be declared external
ERC20.allowance (/sb/0x9a0242b7a33dacbe40edb927834f96eb39f8fbcb.sol#168-170) should be declared external
StandardToken.allowance (/sb/0x9a0242b7a33dacbe40edb927834f96eb39f8fbcb.sol#234-235) should be declared external
ERC20.transferFrom (/sb/0x9a0242b7a33dacbe40edb927834f96eb39f8fbcb.sol#170-173) should be declared external
StandardToken.transferFrom (/sb/0x9a0242b7a33dacbe40edb927834f96eb39f8fbcb.sol#196-208) should be declared external
ERC20.approve (/sb/0x9a0242b7a33dacbe40edb927834f96eb39f8fbcb.sol#173-176) should be declared external
StandardToken.approve (/sb/0x9a0242b7a33dacbe40edb927834f96eb39f8fbcb.sol#222-224) should be declared external
StandardToken.increaseApproval (/sb/0x9a0242b7a33dacbe40edb927834f96eb39f8fbcb.sol#244-252) should be declared external
StandardToken.decreaseApproval (/sb/0x9a0242b7a33dacbe40edb927834f96eb39f8fbcb.sol#262-276) should be declared external
MintableToken.finishMinting (/sb/0x9a0242b7a33dacbe40edb927834f96eb39f8fbcb.sol#323-333) should be declared external
Reference: https://github.com/trailofbits/slither/wiki/Detectors-Documentation#public-function-that-could-be-declared-as-external[0m
INFO:Detectors:[92m
Detected issues with version pragma in /sb/0x9a0242b7a33dacbe40edb927834f96eb39f8fbcb.sol:
	- pragma solidity^0.4.18 (/sb/0x9a0242b7a33dacbe40edb927834f96eb39f8fbcb.sol#1): it allows old versions
Reference: https://github.com/trailofbits/slither/wiki/Detectors-Documentation#incorrect-version-of-solidity[0m
INFO:Detectors:[92m
Parameter '_owner' of BasicToken.balanceOf (/sb/0x9a0242b7a33dacbe40edb927834f96eb39f8fbcb.sol#85-90) is not in mixedCase
Parameter '_to' of BasicToken.transfer (/sb/0x9a0242b7a33dacbe40edb927834f96eb39f8fbcb.sol#69) is not in mixedCase
Parameter '_value' of BasicToken.transfer (/sb/0x9a0242b7a33dacbe40edb927834f96eb39f8fbcb.sol#69-70) is not in mixedCase
Parameter '_value' of BurnableToken.burn (/sb/0x9a0242b7a33dacbe40edb927834f96eb39f8fbcb.sol#106) is not in mixedCase
Function 'Ownable.Ownable' (/sb/0x9a0242b7a33dacbe40edb927834f96eb39f8fbcb.sol#141-143) is not in mixedCase
Parameter '_owner' of StandardToken.allowance (/sb/0x9a0242b7a33dacbe40edb927834f96eb39f8fbcb.sol#234) is not in mixedCase
Parameter '_spender' of StandardToken.allowance (/sb/0x9a0242b7a33dacbe40edb927834f96eb39f8fbcb.sol#234) is not in mixedCase
Parameter '_from' of StandardToken.transferFrom (/sb/0x9a0242b7a33dacbe40edb927834f96eb39f8fbcb.sol#198) is not in mixedCase
Parameter '_to' of StandardToken.transferFrom (/sb/0x9a0242b7a33dacbe40edb927834f96eb39f8fbcb.sol#198) is not in mixedCase
Parameter '_value' of StandardToken.transferFrom (/sb/0x9a0242b7a33dacbe40edb927834f96eb39f8fbcb.sol#198) is not in mixedCase
Parameter '_spender' of StandardToken.approve (/sb/0x9a0242b7a33dacbe40edb927834f96eb39f8fbcb.sol#222) is not in mixedCase
Parameter '_value' of StandardToken.approve (/sb/0x9a0242b7a33dacbe40edb927834f96eb39f8fbcb.sol#222) is not in mixedCase
Parameter '_spender' of StandardToken.increaseApproval (/sb/0x9a0242b7a33dacbe40edb927834f96eb39f8fbcb.sol#248) is not in mixedCase
Parameter '_addedValue' of StandardToken.increaseApproval (/sb/0x9a0242b7a33dacbe40edb927834f96eb39f8fbcb.sol#248) is not in mixedCase
Parameter '_spender' of StandardToken.decreaseApproval (/sb/0x9a0242b7a33dacbe40edb927834f96eb39f8fbcb.sol#262) is not in mixedCase
Parameter '_subtractedValue' of StandardToken.decreaseApproval (/sb/0x9a0242b7a33dacbe40edb927834f96eb39f8fbcb.sol#262-264) is not in mixedCase
Parameter '_to' of MintableToken.mint (/sb/0x9a0242b7a33dacbe40edb927834f96eb39f8fbcb.sol#306-307) is not in mixedCase
Parameter '_amount' of MintableToken.mint (/sb/0x9a0242b7a33dacbe40edb927834f96eb39f8fbcb.sol#307) is not in mixedCase
Parameter '_to' of CappedToken.mint (/sb/0x9a0242b7a33dacbe40edb927834f96eb39f8fbcb.sol#353) is not in mixedCase
Parameter '_amount' of CappedToken.mint (/sb/0x9a0242b7a33dacbe40edb927834f96eb39f8fbcb.sol#353) is not in mixedCase
Function 'CappedToken.CappedToken' (/sb/0x9a0242b7a33dacbe40edb927834f96eb39f8fbcb.sol#338-339) is not in mixedCase
Parameter '_cap' of CappedToken.CappedToken (/sb/0x9a0242b7a33dacbe40edb927834f96eb39f8fbcb.sol#338) is not in mixedCase
Function 'DetailedERC20.DetailedERC20' (/sb/0x9a0242b7a33dacbe40edb927834f96eb39f8fbcb.sol#373-381) is not in mixedCase
Parameter '_name' of DetailedERC20.DetailedERC20 (/sb/0x9a0242b7a33dacbe40edb927834f96eb39f8fbcb.sol#374-375) is not in mixedCase
Parameter '_symbol' of DetailedERC20.DetailedERC20 (/sb/0x9a0242b7a33dacbe40edb927834f96eb39f8fbcb.sol#375-376) is not in mixedCase
Parameter '_decimals' of DetailedERC20.DetailedERC20 (/sb/0x9a0242b7a33dacbe40edb927834f96eb39f8fbcb.sol#376) is not in mixedCase
Function 'BaxToken.BaxToken' (/sb/0x9a0242b7a33dacbe40edb927834f96eb39f8fbcb.sol) is not in mixedCase
Reference: https://github.com/trailofbits/slither/wiki/Detectors-Documentation#conformance-to-solidity-naming-conventions[0m
INFO:Slither:/sb/0x9a0242b7a33dacbe40edb927834f96eb39f8fbcb.sol analyzed (11 contracts), 43 result(s) found
