INFO:Slither:Compilation warnings/errors on /sb/0x5d2bc5ea02ff6efb44a3b67a4c6b42fbc26d9965.sol:
/sb/0x5d2bc5ea02ff6efb44a3b67a4c6b42fbc26d9965.sol:73:5: Warning: Defining constructors as functions with the same name as the contract is deprecated. Use "constructor(...) { ... }" instead.
    function Owned() public {
    ^ (Relevant source part starts here and spans across multiple lines).
/sb/0x5d2bc5ea02ff6efb44a3b67a4c6b42fbc26d9965.sol:113:5: Warning: Defining constructors as functions with the same name as the contract is deprecated. Use "constructor(...) { ... }" instead.
    function Coin786token18() public {
    ^ (Relevant source part starts here and spans across multiple lines).
/sb/0x5d2bc5ea02ff6efb44a3b67a4c6b42fbc26d9965.sol:87:9: Warning: Invoking events without "emit" prefix is deprecated.
        OwnershipTransferred(owner, newOwner);
        ^-----------------------------------^
/sb/0x5d2bc5ea02ff6efb44a3b67a4c6b42fbc26d9965.sol:146:9: Warning: Invoking events without "emit" prefix is deprecated.
        Transfer(msg.sender, to, tokens);
        ^------------------------------^
/sb/0x5d2bc5ea02ff6efb44a3b67a4c6b42fbc26d9965.sol:161:9: Warning: Invoking events without "emit" prefix is deprecated.
        Approval(msg.sender, spender, tokens);
        ^-----------------------------------^
/sb/0x5d2bc5ea02ff6efb44a3b67a4c6b42fbc26d9965.sol:179:9: Warning: Invoking events without "emit" prefix is deprecated.
        Transfer(from, to, tokens);
        ^------------------------^
/sb/0x5d2bc5ea02ff6efb44a3b67a4c6b42fbc26d9965.sol:200:9: Warning: Invoking events without "emit" prefix is deprecated.
        Approval(msg.sender, spender, tokens);
        ^-----------------------------------^
/sb/0x5d2bc5ea02ff6efb44a3b67a4c6b42fbc26d9965.sol:218:9: Warning: Invoking events without "emit" prefix is deprecated.
        Transfer(address(0), msg.sender, tokens);
        ^--------------------------------------^

INFO:Detectors:[91m
Coin786token18.startDate (/sb/0x5d2bc5ea02ff6efb44a3b67a4c6b42fbc26d9965.sol#107) is never initialized. It is used in:
	- fallback (/sb/0x5d2bc5ea02ff6efb44a3b67a4c6b42fbc26d9965.sol#214-226)
Reference: https://github.com/trailofbits/slither/wiki/Detectors-Documentation#uninitialized-state-variables[0m
INFO:Detectors:[92m
Coin786token18.startDate should be constant (/sb/0x5d2bc5ea02ff6efb44a3b67a4c6b42fbc26d9965.sol#107)
Reference: https://github.com/trailofbits/slither/wiki/Detectors-Documentation#state-variables-that-could-be-declared-constant[0m
INFO:Detectors:[92m
ERC20Interface.totalSupply (/sb/0x5d2bc5ea02ff6efb44a3b67a4c6b42fbc26d9965.sol#44-45) should be declared external
Coin786token18.totalSupply (/sb/0x5d2bc5ea02ff6efb44a3b67a4c6b42fbc26d9965.sol#130-131) should be declared external
ERC20Interface.balanceOf (/sb/0x5d2bc5ea02ff6efb44a3b67a4c6b42fbc26d9965.sol#45-46) should be declared external
Coin786token18.balanceOf (/sb/0x5d2bc5ea02ff6efb44a3b67a4c6b42fbc26d9965.sol#138-139) should be declared external
Coin786token18.allowance (/sb/0x5d2bc5ea02ff6efb44a3b67a4c6b42fbc26d9965.sol#193-195) should be declared external
ERC20Interface.allowance (/sb/0x5d2bc5ea02ff6efb44a3b67a4c6b42fbc26d9965.sol#46-47) should be declared external
Coin786token18.transfer (/sb/0x5d2bc5ea02ff6efb44a3b67a4c6b42fbc26d9965.sol#144-152) should be declared external
ERC20Interface.transfer (/sb/0x5d2bc5ea02ff6efb44a3b67a4c6b42fbc26d9965.sol#47-48) should be declared external
ERC20Interface.approve (/sb/0x5d2bc5ea02ff6efb44a3b67a4c6b42fbc26d9965.sol#48-49) should be declared external
Coin786token18.approve (/sb/0x5d2bc5ea02ff6efb44a3b67a4c6b42fbc26d9965.sol#161-169) should be declared external
ERC20Interface.transferFrom (/sb/0x5d2bc5ea02ff6efb44a3b67a4c6b42fbc26d9965.sol#49-51) should be declared external
Coin786token18.transferFrom (/sb/0x5d2bc5ea02ff6efb44a3b67a4c6b42fbc26d9965.sol#177-186) should be declared external
ApproveAndCallFallBack.receiveApproval (/sb/0x5d2bc5ea02ff6efb44a3b67a4c6b42fbc26d9965.sol#60-64) should be declared external
Owned.transferOwnership (/sb/0x5d2bc5ea02ff6efb44a3b67a4c6b42fbc26d9965.sol#83-87) should be declared external
Owned.acceptOwnership (/sb/0x5d2bc5ea02ff6efb44a3b67a4c6b42fbc26d9965.sol#87-95) should be declared external
Coin786token18.approveAndCall (/sb/0x5d2bc5ea02ff6efb44a3b67a4c6b42fbc26d9965.sol#201-208) should be declared external
Coin786token18.fallback (/sb/0x5d2bc5ea02ff6efb44a3b67a4c6b42fbc26d9965.sol#214-226) should be declared external
Coin786token18.transferAnyERC20Token (/sb/0x5d2bc5ea02ff6efb44a3b67a4c6b42fbc26d9965.sol) should be declared external
Reference: https://github.com/trailofbits/slither/wiki/Detectors-Documentation#public-function-that-could-be-declared-as-external[0m
INFO:Detectors:[92m
Detected issues with version pragma in /sb/0x5d2bc5ea02ff6efb44a3b67a4c6b42fbc26d9965.sol:
	- pragma solidity^0.4.18 (/sb/0x5d2bc5ea02ff6efb44a3b67a4c6b42fbc26d9965.sol#1): it allows old versions
Reference: https://github.com/trailofbits/slither/wiki/Detectors-Documentation#incorrect-version-of-solidity[0m
INFO:Detectors:[92m
Function 'Owned.Owned' (/sb/0x5d2bc5ea02ff6efb44a3b67a4c6b42fbc26d9965.sol#77-79) is not in mixedCase
Parameter '_newOwner' of Owned.transferOwnership (/sb/0x5d2bc5ea02ff6efb44a3b67a4c6b42fbc26d9965.sol#85) is not in mixedCase
Function 'Coin786token18.Coin786token18' (/sb/0x5d2bc5ea02ff6efb44a3b67a4c6b42fbc26d9965.sol#117-124) is not in mixedCase
Variable 'Coin786token18._totalSupply' (/sb/0x5d2bc5ea02ff6efb44a3b67a4c6b42fbc26d9965.sol#106-107) is not in mixedCase
Reference: https://github.com/trailofbits/slither/wiki/Detectors-Documentation#conformance-to-solidity-naming-conventions[0m
INFO:Slither:/sb/0x5d2bc5ea02ff6efb44a3b67a4c6b42fbc26d9965.sol analyzed (5 contracts), 25 result(s) found
