INFO:Slither:Compilation warnings/errors on /sb/0xb53301a17ccfe8a0b3d13899f50e38edfc99477a.sol:
/sb/0xb53301a17ccfe8a0b3d13899f50e38edfc99477a.sol:161:3: Warning: Defining constructors as functions with the same name as the contract is deprecated. Use "constructor(...) { ... }" instead.
  function AbstractToken () public {
  ^ (Relevant source part starts here and spans across multiple lines).
/sb/0xb53301a17ccfe8a0b3d13899f50e38edfc99477a.sol:282:3: Warning: Defining constructors as functions with the same name as the contract is deprecated. Use "constructor(...) { ... }" instead.
  function PonderAirdropToken () public {
  ^ (Relevant source part starts here and spans across multiple lines).
/sb/0xb53301a17ccfe8a0b3d13899f50e38edfc99477a.sol:189:5: Warning: Invoking events without "emit" prefix is deprecated.
    Transfer (msg.sender, _to, _value);
    ^--------------------------------^
/sb/0xb53301a17ccfe8a0b3d13899f50e38edfc99477a.sol:214:5: Warning: Invoking events without "emit" prefix is deprecated.
    Transfer (_from, _to, _value);
    ^---------------------------^
/sb/0xb53301a17ccfe8a0b3d13899f50e38edfc99477a.sol:228:5: Warning: Invoking events without "emit" prefix is deprecated.
    Approval (msg.sender, _spender, _value);
    ^-------------------------------------^
/sb/0xb53301a17ccfe8a0b3d13899f50e38edfc99477a.sol:391:7: Warning: Invoking events without "emit" prefix is deprecated.
      Freeze ();
      ^-------^
/sb/0xb53301a17ccfe8a0b3d13899f50e38edfc99477a.sol:404:7: Warning: Invoking events without "emit" prefix is deprecated.
      Unfreeze ();
      ^---------^

INFO:Detectors:[92m
Token.balanceOf (/sb/0xb53301a17ccfe8a0b3d13899f50e38edfc99477a.sol#27-30) should be declared external
AbstractToken.balanceOf (/sb/0xb53301a17ccfe8a0b3d13899f50e38edfc99477a.sol#177-180) should be declared external
PonderAirdropToken.name (/sb/0xb53301a17ccfe8a0b3d13899f50e38edfc99477a.sol#315-319) should be declared external
PonderAirdropToken.symbol (/sb/0xb53301a17ccfe8a0b3d13899f50e38edfc99477a.sol#324-326) should be declared external
PonderAirdropToken.decimals (/sb/0xb53301a17ccfe8a0b3d13899f50e38edfc99477a.sol#328-330) should be declared external
PonderAirdropToken.approve (/sb/0xb53301a17ccfe8a0b3d13899f50e38edfc99477a.sol#374-384) should be declared external
PonderAirdropToken.setOwner (/sb/0xb53301a17ccfe8a0b3d13899f50e38edfc99477a.sol#396-400) should be declared external
PonderAirdropToken.freezeTransfers (/sb/0xb53301a17ccfe8a0b3d13899f50e38edfc99477a.sol#409-416) should be declared external
PonderAirdropToken.unfreezeTransfers (/sb/0xb53301a17ccfe8a0b3d13899f50e38edfc99477a.sol#419-422) should be declared external
PonderAirdropToken.airdrop (/sb/0xb53301a17ccfe8a0b3d13899f50e38edfc99477a.sol) should be declared external
Reference: https://github.com/trailofbits/slither/wiki/Detectors-Documentation#public-function-that-could-be-declared-as-external[0m
INFO:Detectors:[92m
Detected issues with version pragma in /sb/0xb53301a17ccfe8a0b3d13899f50e38edfc99477a.sol:
	- pragma solidity^0.4.21 (/sb/0xb53301a17ccfe8a0b3d13899f50e38edfc99477a.sol#1): it allows old versions
Reference: https://github.com/trailofbits/slither/wiki/Detectors-Documentation#incorrect-version-of-solidity[0m
INFO:Detectors:[92m
Parameter '_owner' of AbstractToken.balanceOf (/sb/0xb53301a17ccfe8a0b3d13899f50e38edfc99477a.sol#177-179) is not in mixedCase
Parameter '_to' of AbstractToken.transfer (/sb/0xb53301a17ccfe8a0b3d13899f50e38edfc99477a.sol#186) is not in mixedCase
Parameter '_value' of AbstractToken.transfer (/sb/0xb53301a17ccfe8a0b3d13899f50e38edfc99477a.sol#186) is not in mixedCase
Parameter '_from' of AbstractToken.transferFrom (/sb/0xb53301a17ccfe8a0b3d13899f50e38edfc99477a.sol#207) is not in mixedCase
Parameter '_to' of AbstractToken.transferFrom (/sb/0xb53301a17ccfe8a0b3d13899f50e38edfc99477a.sol#207-208) is not in mixedCase
Parameter '_value' of AbstractToken.transferFrom (/sb/0xb53301a17ccfe8a0b3d13899f50e38edfc99477a.sol#208) is not in mixedCase
Parameter '_spender' of AbstractToken.approve (/sb/0xb53301a17ccfe8a0b3d13899f50e38edfc99477a.sol#234) is not in mixedCase
Parameter '_value' of AbstractToken.approve (/sb/0xb53301a17ccfe8a0b3d13899f50e38edfc99477a.sol#234) is not in mixedCase
Parameter '_owner' of AbstractToken.allowance (/sb/0xb53301a17ccfe8a0b3d13899f50e38edfc99477a.sol#252-253) is not in mixedCase
Parameter '_spender' of AbstractToken.allowance (/sb/0xb53301a17ccfe8a0b3d13899f50e38edfc99477a.sol#253) is not in mixedCase
Function 'AbstractToken.AbstractToken' (/sb/0xb53301a17ccfe8a0b3d13899f50e38edfc99477a.sol#168-169) is not in mixedCase
Parameter '_to' of PonderAirdropToken.transfer (/sb/0xb53301a17ccfe8a0b3d13899f50e38edfc99477a.sol#339) is not in mixedCase
Parameter '_value' of PonderAirdropToken.transfer (/sb/0xb53301a17ccfe8a0b3d13899f50e38edfc99477a.sol#339-340) is not in mixedCase
Parameter '_from' of PonderAirdropToken.transferFrom (/sb/0xb53301a17ccfe8a0b3d13899f50e38edfc99477a.sol#353) is not in mixedCase
Parameter '_to' of PonderAirdropToken.transferFrom (/sb/0xb53301a17ccfe8a0b3d13899f50e38edfc99477a.sol#353) is not in mixedCase
Parameter '_value' of PonderAirdropToken.transferFrom (/sb/0xb53301a17ccfe8a0b3d13899f50e38edfc99477a.sol#353) is not in mixedCase
Function 'PonderAirdropToken.PonderAirdropToken' (/sb/0xb53301a17ccfe8a0b3d13899f50e38edfc99477a.sol#292-301) is not in mixedCase
Parameter '_spender' of PonderAirdropToken.approve (/sb/0xb53301a17ccfe8a0b3d13899f50e38edfc99477a.sol#374) is not in mixedCase
Parameter '_currentValue' of PonderAirdropToken.approve (/sb/0xb53301a17ccfe8a0b3d13899f50e38edfc99477a.sol#374-376) is not in mixedCase
Parameter '_newValue' of PonderAirdropToken.approve (/sb/0xb53301a17ccfe8a0b3d13899f50e38edfc99477a.sol#376) is not in mixedCase
Parameter '_newOwner' of PonderAirdropToken.setOwner (/sb/0xb53301a17ccfe8a0b3d13899f50e38edfc99477a.sol#397) is not in mixedCase
Parameter '_addresses' of PonderAirdropToken.airdrop (/sb/0xb53301a17ccfe8a0b3d13899f50e38edfc99477a.sol) is not in mixedCase
Reference: https://github.com/trailofbits/slither/wiki/Detectors-Documentation#conformance-to-solidity-naming-conventions[0m
INFO:Slither:/sb/0xb53301a17ccfe8a0b3d13899f50e38edfc99477a.sol analyzed (4 contracts), 33 result(s) found
