INFO:Detectors:[92m
TradCoin.balanceOf.owner (local variable @ /sb/0xb09ad98524780228d2df4f34aa665d9dbb9999e4.sol#162) shadows:
	- Ownable.owner (state variable @ /sb/0xb09ad98524780228d2df4f34aa665d9dbb9999e4.sol#41)
TradCoin.allowance.owner (local variable @ /sb/0xb09ad98524780228d2df4f34aa665d9dbb9999e4.sol#246) shadows:
	- Ownable.owner (state variable @ /sb/0xb09ad98524780228d2df4f34aa665d9dbb9999e4.sol#41)
TradCoin.availableBalanceInLockingPeriodForInvestor.owner (local variable @ /sb/0xb09ad98524780228d2df4f34aa665d9dbb9999e4.sol#223) shadows:
	- Ownable.owner (state variable @ /sb/0xb09ad98524780228d2df4f34aa665d9dbb9999e4.sol#41)
Reference: https://github.com/trailofbits/slither/wiki/Detectors-Documentation#local-variable-shadowing[0m
INFO:Detectors:[92m
TradCoin.becomesTransferable should be constant (/sb/0xb09ad98524780228d2df4f34aa665d9dbb9999e4.sol#106)
Reference: https://github.com/trailofbits/slither/wiki/Detectors-Documentation#state-variables-that-could-be-declared-constant[0m
INFO:Detectors:[92m
Ownable.transferOwnership (/sb/0xb09ad98524780228d2df4f34aa665d9dbb9999e4.sol#63-68) should be declared external
AbstractERC20.balanceOf (/sb/0xb09ad98524780228d2df4f34aa665d9dbb9999e4.sol#84) should be declared external
TradCoin.balanceOf (/sb/0xb09ad98524780228d2df4f34aa665d9dbb9999e4.sol#162-164) should be declared external
TradCoin.transfer (/sb/0xb09ad98524780228d2df4f34aa665d9dbb9999e4.sol#170-191) should be declared external
AbstractERC20.transfer (/sb/0xb09ad98524780228d2df4f34aa665d9dbb9999e4.sol#85) should be declared external
AbstractERC20.allowance (/sb/0xb09ad98524780228d2df4f34aa665d9dbb9999e4.sol#85-86) should be declared external
TradCoin.allowance (/sb/0xb09ad98524780228d2df4f34aa665d9dbb9999e4.sol#246-249) should be declared external
TradCoin.transferFrom (/sb/0xb09ad98524780228d2df4f34aa665d9dbb9999e4.sol#197-218) should be declared external
AbstractERC20.transferFrom (/sb/0xb09ad98524780228d2df4f34aa665d9dbb9999e4.sol#86-87) should be declared external
AbstractERC20.approve (/sb/0xb09ad98524780228d2df4f34aa665d9dbb9999e4.sol#88-89) should be declared external
TradCoin.approve (/sb/0xb09ad98524780228d2df4f34aa665d9dbb9999e4.sol#234-237) should be declared external
TradCoin.allocateTokensToInvestors (/sb/0xb09ad98524780228d2df4f34aa665d9dbb9999e4.sol#129-142) should be declared external
TradCoin.allocateTokensToTeamAndProjects (/sb/0xb09ad98524780228d2df4f34aa665d9dbb9999e4.sol#143-155) should be declared external
TradCoin.availableBalanceInLockingPeriodForInvestor (/sb/0xb09ad98524780228d2df4f34aa665d9dbb9999e4.sol#222-225) should be declared external
TradCoin.increaseApproval (/sb/0xb09ad98524780228d2df4f34aa665d9dbb9999e4.sol#252-261) should be declared external
TradCoin.decreaseApproval (/sb/0xb09ad98524780228d2df4f34aa665d9dbb9999e4.sol#266-272) should be declared external
Reference: https://github.com/trailofbits/slither/wiki/Detectors-Documentation#public-function-that-could-be-declared-as-external[0m
INFO:Detectors:[92m
Detected issues with version pragma in /sb/0xb09ad98524780228d2df4f34aa665d9dbb9999e4.sol:
	- pragma solidity^0.4.23 (/sb/0xb09ad98524780228d2df4f34aa665d9dbb9999e4.sol#1): it allows old versions
Reference: https://github.com/trailofbits/slither/wiki/Detectors-Documentation#incorrect-version-of-solidity[0m
INFO:Detectors:[92m
Parameter '_newOwner' of Ownable.transferOwnership (/sb/0xb09ad98524780228d2df4f34aa665d9dbb9999e4.sol#64-65) is not in mixedCase
Function 'Ownable._transferOwnership' (/sb/0xb09ad98524780228d2df4f34aa665d9dbb9999e4.sol#72-82) is not in mixedCase
Parameter '_newOwner' of Ownable._transferOwnership (/sb/0xb09ad98524780228d2df4f34aa665d9dbb9999e4.sol#72-73) is not in mixedCase
Parameter '_distributor' of TradCoin. (/sb/0xb09ad98524780228d2df4f34aa665d9dbb9999e4.sol#118) is not in mixedCase
Parameter '_to' of TradCoin.allocateTokensToInvestors (/sb/0xb09ad98524780228d2df4f34aa665d9dbb9999e4.sol#130-131) is not in mixedCase
Parameter '_value' of TradCoin.allocateTokensToInvestors (/sb/0xb09ad98524780228d2df4f34aa665d9dbb9999e4.sol#131) is not in mixedCase
Parameter '_to' of TradCoin.allocateTokensToTeamAndProjects (/sb/0xb09ad98524780228d2df4f34aa665d9dbb9999e4.sol#145) is not in mixedCase
Parameter '_value' of TradCoin.allocateTokensToTeamAndProjects (/sb/0xb09ad98524780228d2df4f34aa665d9dbb9999e4.sol#145) is not in mixedCase
Reference: https://github.com/trailofbits/slither/wiki/Detectors-Documentation#conformance-to-solidity-naming-conventions[0m
INFO:Slither:/sb/0xb09ad98524780228d2df4f34aa665d9dbb9999e4.sol analyzed (4 contracts), 29 result(s) found
