INFO:Slither:Compilation warnings/errors on /sb/0x344005c29af957567f0b40950b425ed018b92170.sol:
/sb/0x344005c29af957567f0b40950b425ed018b92170.sol:47:5: Warning: Defining constructors as functions with the same name as the contract is deprecated. Use "constructor(...) { ... }" instead.
    function Token() internal {
    ^ (Relevant source part starts here and spans across multiple lines).
/sb/0x344005c29af957567f0b40950b425ed018b92170.sol:126:5: Warning: Defining constructors as functions with the same name as the contract is deprecated. Use "constructor(...) { ... }" instead.
    function UniversalToken( 
    ^ (Relevant source part starts here and spans across multiple lines).
/sb/0x344005c29af957567f0b40950b425ed018b92170.sol:170:5: Warning: Defining constructors as functions with the same name as the contract is deprecated. Use "constructor(...) { ... }" instead.
    function LocalToken(
    ^ (Relevant source part starts here and spans across multiple lines).

INFO:Detectors:[92m
Reentrancy in LocalToken.LocalToken (/sb/0x344005c29af957567f0b40950b425ed018b92170.sol#176-209):
	External calls:
	- require(bool)(msg.sender == universalToken.owner()) (/sb/0x344005c29af957567f0b40950b425ed018b92170.sol#191-193)
	State variables written after the call(s):
	- _balances (/sb/0x344005c29af957567f0b40950b425ed018b92170.sol#207-209)
	- _supply (/sb/0x344005c29af957567f0b40950b425ed018b92170.sol#197-198)
	- decimals (/sb/0x344005c29af957567f0b40950b425ed018b92170.sol#193-194)
	- govtAccount (/sb/0x344005c29af957567f0b40950b425ed018b92170.sol#199-201)
	- localityCode (/sb/0x344005c29af957567f0b40950b425ed018b92170.sol#196)
	- name (/sb/0x344005c29af957567f0b40950b425ed018b92170.sol#195)
	- owner (/sb/0x344005c29af957567f0b40950b425ed018b92170.sol#201-202)
	- pmtAccount (/sb/0x344005c29af957567f0b40950b425ed018b92170.sol#201)
	- symbol (/sb/0x344005c29af957567f0b40950b425ed018b92170.sol#194-195)
	- taxRateNumerator (/sb/0x344005c29af957567f0b40950b425ed018b92170.sol#205-207)
Reference: https://github.com/trailofbits/slither/wiki/Detectors-Documentation#reentrancy-vulnerabilities-2[0m
INFO:Detectors:[92m
Token.totalSupply (/sb/0x344005c29af957567f0b40950b425ed018b92170.sol#51-55) should be declared external
Token.balanceOf (/sb/0x344005c29af957567f0b40950b425ed018b92170.sol#55-59) should be declared external
Token.allowance (/sb/0x344005c29af957567f0b40950b425ed018b92170.sol#59-63) should be declared external
Token.transfer (/sb/0x344005c29af957567f0b40950b425ed018b92170.sol#63-74) should be declared external
Token.transferFrom (/sb/0x344005c29af957567f0b40950b425ed018b92170.sol#74-88) should be declared external
Token.approve (/sb/0x344005c29af957567f0b40950b425ed018b92170.sol#88-97) should be declared external
Token.mint (/sb/0x344005c29af957567f0b40950b425ed018b92170.sol#97-106) should be declared external
Token.setOwner (/sb/0x344005c29af957567f0b40950b425ed018b92170.sol#106-110) should be declared external
UniversalToken.modifyTransFee (/sb/0x344005c29af957567f0b40950b425ed018b92170.sol#146-156) should be declared external
UniversalToken.modifyFeeShare (/sb/0x344005c29af957567f0b40950b425ed018b92170.sol#156-166) should be declared external
LocalToken.modifyLocality (/sb/0x344005c29af957567f0b40950b425ed018b92170.sol#209-214) should be declared external
LocalToken.modifyTaxRate (/sb/0x344005c29af957567f0b40950b425ed018b92170.sol#215-217) should be declared external
LocalToken.modifyGovtAccount (/sb/0x344005c29af957567f0b40950b425ed018b92170.sol#226-231) should be declared external
LocalToken.modifyPMTAccount (/sb/0x344005c29af957567f0b40950b425ed018b92170.sol) should be declared external
Reference: https://github.com/trailofbits/slither/wiki/Detectors-Documentation#public-function-that-could-be-declared-as-external[0m
INFO:Detectors:[92m
Detected issues with version pragma in /sb/0x344005c29af957567f0b40950b425ed018b92170.sol:
	- pragma solidity^0.4.21 (/sb/0x344005c29af957567f0b40950b425ed018b92170.sol#1): it allows old versions
Reference: https://github.com/trailofbits/slither/wiki/Detectors-Documentation#incorrect-version-of-solidity[0m
INFO:Detectors:[92m
Function 'Token.Token' (/sb/0x344005c29af957567f0b40950b425ed018b92170.sol#48-51) is not in mixedCase
Variable 'Token._supply' (/sb/0x344005c29af957567f0b40950b425ed018b92170.sol#35) is not in mixedCase
Variable 'Token._balances' (/sb/0x344005c29af957567f0b40950b425ed018b92170.sol#35-36) is not in mixedCase
Function 'UniversalToken.UniversalToken' (/sb/0x344005c29af957567f0b40950b425ed018b92170.sol#130-146) is not in mixedCase
Parameter '_xactionFeeMult' of UniversalToken.modifyTransFee (/sb/0x344005c29af957567f0b40950b425ed018b92170.sol#148) is not in mixedCase
Parameter '_share' of UniversalToken.modifyFeeShare (/sb/0x344005c29af957567f0b40950b425ed018b92170.sol#157-161) is not in mixedCase
Function 'LocalToken.LocalToken' (/sb/0x344005c29af957567f0b40950b425ed018b92170.sol#176-209) is not in mixedCase
Parameter '_maxTokens' of LocalToken.LocalToken (/sb/0x344005c29af957567f0b40950b425ed018b92170.sol#177-178) is not in mixedCase
Parameter '_taxRateMult' of LocalToken.LocalToken (/sb/0x344005c29af957567f0b40950b425ed018b92170.sol#178-179) is not in mixedCase
Parameter '_tokenSymbol' of LocalToken.LocalToken (/sb/0x344005c29af957567f0b40950b425ed018b92170.sol#179-180) is not in mixedCase
Parameter '_tokenName' of LocalToken.LocalToken (/sb/0x344005c29af957567f0b40950b425ed018b92170.sol#180) is not in mixedCase
Parameter '_localityCode' of LocalToken.LocalToken (/sb/0x344005c29af957567f0b40950b425ed018b92170.sol#181) is not in mixedCase
Parameter '_govt' of LocalToken.LocalToken (/sb/0x344005c29af957567f0b40950b425ed018b92170.sol#181) is not in mixedCase
Parameter '_pmt' of LocalToken.LocalToken (/sb/0x344005c29af957567f0b40950b425ed018b92170.sol#182) is not in mixedCase
Parameter '_universalToken' of LocalToken.LocalToken (/sb/0x344005c29af957567f0b40950b425ed018b92170.sol#182) is not in mixedCase
Parameter '_taxMult' of LocalToken.modifyTaxRate (/sb/0x344005c29af957567f0b40950b425ed018b92170.sol#215) is not in mixedCase
Parameter '_pmt' of LocalToken.modifyPMTAccount (/sb/0x344005c29af957567f0b40950b425ed018b92170.sol) is not in mixedCase
Reference: https://github.com/trailofbits/slither/wiki/Detectors-Documentation#conformance-to-solidity-naming-conventions[0m
INFO:Detectors:[92m
DSMath.DENOMINATOR (/sb/0x344005c29af957567f0b40950b425ed018b92170.sol#5-6) is never used in UniversalToken
DSMath.DENOMINATOR (/sb/0x344005c29af957567f0b40950b425ed018b92170.sol#5-6) is never used in LocalToken
Reference: https://github.com/trailofbits/slither/wiki/Detectors-Documentation#unused-state-variables[0m
INFO:Slither:/sb/0x344005c29af957567f0b40950b425ed018b92170.sol analyzed (4 contracts), 35 result(s) found
