INFO:Slither:Compilation warnings/errors on /sb/0x21f3618937f954f8681c93673086d74426f63eb6.sol:
/sb/0x21f3618937f954f8681c93673086d74426f63eb6.sol:120:3: Warning: Defining constructors as functions with the same name as the contract is deprecated. Use "constructor(...) { ... }" instead.
  function Ownable() public {
  ^ (Relevant source part starts here and spans across multiple lines).
/sb/0x21f3618937f954f8681c93673086d74426f63eb6.sol:202:3: Warning: Defining constructors as functions with the same name as the contract is deprecated. Use "constructor(...) { ... }" instead.
  function TokenTimelock(ERC20Basic _token, address _beneficiary, uint256 _releaseTime) public {
  ^ (Relevant source part starts here and spans across multiple lines).
/sb/0x21f3618937f954f8681c93673086d74426f63eb6.sol:56:5: Warning: Invoking events without "emit" prefix is deprecated.
    Transfer(msg.sender, _to, _value);
    ^-------------------------------^
/sb/0x21f3618937f954f8681c93673086d74426f63eb6.sol:78:5: Warning: Invoking events without "emit" prefix is deprecated.
    Transfer(_from, _to, _value);
    ^--------------------------^
/sb/0x21f3618937f954f8681c93673086d74426f63eb6.sol:83:5: Warning: Invoking events without "emit" prefix is deprecated.
    Approval(msg.sender, _spender, _value);
    ^------------------------------------^
/sb/0x21f3618937f954f8681c93673086d74426f63eb6.sol:91:5: Warning: Invoking events without "emit" prefix is deprecated.
    Approval(msg.sender, _spender, allowed[msg.sender][_spender]);
    ^-----------------------------------------------------------^
/sb/0x21f3618937f954f8681c93673086d74426f63eb6.sol:101:5: Warning: Invoking events without "emit" prefix is deprecated.
    Approval(msg.sender, _spender, allowed[msg.sender][_spender]);
    ^-----------------------------------------------------------^
/sb/0x21f3618937f954f8681c93673086d74426f63eb6.sol:129:5: Warning: Invoking events without "emit" prefix is deprecated.
    OwnershipTransferred(owner, newOwner);
    ^-----------------------------------^
/sb/0x21f3618937f954f8681c93673086d74426f63eb6.sol:144:5: Warning: Invoking events without "emit" prefix is deprecated.
    Mint(_to, _amount);
    ^----------------^
/sb/0x21f3618937f954f8681c93673086d74426f63eb6.sol:145:5: Warning: Invoking events without "emit" prefix is deprecated.
    Transfer(address(0), _to, _amount);
    ^--------------------------------^
/sb/0x21f3618937f954f8681c93673086d74426f63eb6.sol:150:5: Warning: Invoking events without "emit" prefix is deprecated.
    MintFinished();
    ^------------^
/sb/0x21f3618937f954f8681c93673086d74426f63eb6.sol:168:5: Warning: Invoking events without "emit" prefix is deprecated.
    Pause();
    ^-----^
/sb/0x21f3618937f954f8681c93673086d74426f63eb6.sol:172:5: Warning: Invoking events without "emit" prefix is deprecated.
    Unpause();
    ^-------^

INFO:Detectors:[92m
MageCoin.decimals should be constant (/sb/0x21f3618937f954f8681c93673086d74426f63eb6.sol#228)
MageCoin.name should be constant (/sb/0x21f3618937f954f8681c93673086d74426f63eb6.sol#227)
MageCoin.symbol should be constant (/sb/0x21f3618937f954f8681c93673086d74426f63eb6.sol#227-228)
Reference: https://github.com/trailofbits/slither/wiki/Detectors-Documentation#state-variables-that-could-be-declared-constant[0m
INFO:Detectors:[92m
ERC20Basic.totalSupply (/sb/0x21f3618937f954f8681c93673086d74426f63eb6.sol#39-40) should be declared external
BasicToken.totalSupply (/sb/0x21f3618937f954f8681c93673086d74426f63eb6.sol#48-51) should be declared external
BasicToken.balanceOf (/sb/0x21f3618937f954f8681c93673086d74426f63eb6.sol#59-64) should be declared external
ERC20Basic.balanceOf (/sb/0x21f3618937f954f8681c93673086d74426f63eb6.sol#40-41) should be declared external
ERC20.allowance (/sb/0x21f3618937f954f8681c93673086d74426f63eb6.sol#64-65) should be declared external
StandardToken.allowance (/sb/0x21f3618937f954f8681c93673086d74426f63eb6.sol#87-89) should be declared external
Ownable.transferOwnership (/sb/0x21f3618937f954f8681c93673086d74426f63eb6.sol#129-136) should be declared external
MintableToken.finishMinting (/sb/0x21f3618937f954f8681c93673086d74426f63eb6.sol#154-160) should be declared external
Pausable.pause (/sb/0x21f3618937f954f8681c93673086d74426f63eb6.sol#172-177) should be declared external
Pausable.unpause (/sb/0x21f3618937f954f8681c93673086d74426f63eb6.sol#177-178) should be declared external
TokenTimelock.release (/sb/0x21f3618937f954f8681c93673086d74426f63eb6.sol#217-223) should be declared external
MageCoin.mintTimelocked (/sb/0x21f3618937f954f8681c93673086d74426f63eb6.sol#229-232) should be declared external
Reference: https://github.com/trailofbits/slither/wiki/Detectors-Documentation#public-function-that-could-be-declared-as-external[0m
INFO:Detectors:[92m
Detected issues with version pragma in /sb/0x21f3618937f954f8681c93673086d74426f63eb6.sol:
	- pragma solidity^0.4.18 (/sb/0x21f3618937f954f8681c93673086d74426f63eb6.sol#1): it allows old versions
Reference: https://github.com/trailofbits/slither/wiki/Detectors-Documentation#incorrect-version-of-solidity[0m
INFO:Detectors:[92m
Parameter '_owner' of BasicToken.balanceOf (/sb/0x21f3618937f954f8681c93673086d74426f63eb6.sol#60) is not in mixedCase
Parameter '_to' of BasicToken.transfer (/sb/0x21f3618937f954f8681c93673086d74426f63eb6.sol#51-52) is not in mixedCase
Parameter '_value' of BasicToken.transfer (/sb/0x21f3618937f954f8681c93673086d74426f63eb6.sol#52) is not in mixedCase
Parameter '_owner' of StandardToken.allowance (/sb/0x21f3618937f954f8681c93673086d74426f63eb6.sol#87) is not in mixedCase
Parameter '_spender' of StandardToken.allowance (/sb/0x21f3618937f954f8681c93673086d74426f63eb6.sol#87-89) is not in mixedCase
Parameter '_from' of StandardToken.transferFrom (/sb/0x21f3618937f954f8681c93673086d74426f63eb6.sol#72) is not in mixedCase
Parameter '_to' of StandardToken.transferFrom (/sb/0x21f3618937f954f8681c93673086d74426f63eb6.sol#72) is not in mixedCase
Parameter '_value' of StandardToken.transferFrom (/sb/0x21f3618937f954f8681c93673086d74426f63eb6.sol#72-73) is not in mixedCase
Parameter '_spender' of StandardToken.approve (/sb/0x21f3618937f954f8681c93673086d74426f63eb6.sol#82) is not in mixedCase
Parameter '_value' of StandardToken.approve (/sb/0x21f3618937f954f8681c93673086d74426f63eb6.sol#82-83) is not in mixedCase
Parameter '_spender' of StandardToken.increaseApproval (/sb/0x21f3618937f954f8681c93673086d74426f63eb6.sol#90) is not in mixedCase
Parameter '_addedValue' of StandardToken.increaseApproval (/sb/0x21f3618937f954f8681c93673086d74426f63eb6.sol#90) is not in mixedCase
Parameter '_spender' of StandardToken.decreaseApproval (/sb/0x21f3618937f954f8681c93673086d74426f63eb6.sol#95) is not in mixedCase
Parameter '_subtractedValue' of StandardToken.decreaseApproval (/sb/0x21f3618937f954f8681c93673086d74426f63eb6.sol#95-96) is not in mixedCase
Function 'Ownable.Ownable' (/sb/0x21f3618937f954f8681c93673086d74426f63eb6.sol#125-127) is not in mixedCase
Parameter '_to' of MintableToken.mint (/sb/0x21f3618937f954f8681c93673086d74426f63eb6.sol#143) is not in mixedCase
Parameter '_amount' of MintableToken.mint (/sb/0x21f3618937f954f8681c93673086d74426f63eb6.sol#143-144) is not in mixedCase
Parameter '_to' of PausableToken.transfer (/sb/0x21f3618937f954f8681c93673086d74426f63eb6.sol#181) is not in mixedCase
Parameter '_value' of PausableToken.transfer (/sb/0x21f3618937f954f8681c93673086d74426f63eb6.sol#181) is not in mixedCase
Parameter '_from' of PausableToken.transferFrom (/sb/0x21f3618937f954f8681c93673086d74426f63eb6.sol#185) is not in mixedCase
Parameter '_to' of PausableToken.transferFrom (/sb/0x21f3618937f954f8681c93673086d74426f63eb6.sol#185) is not in mixedCase
Parameter '_value' of PausableToken.transferFrom (/sb/0x21f3618937f954f8681c93673086d74426f63eb6.sol#185) is not in mixedCase
Parameter '_spender' of PausableToken.approve (/sb/0x21f3618937f954f8681c93673086d74426f63eb6.sol#189) is not in mixedCase
Parameter '_value' of PausableToken.approve (/sb/0x21f3618937f954f8681c93673086d74426f63eb6.sol#189) is not in mixedCase
Parameter '_spender' of PausableToken.increaseApproval (/sb/0x21f3618937f954f8681c93673086d74426f63eb6.sol#193) is not in mixedCase
Parameter '_addedValue' of PausableToken.increaseApproval (/sb/0x21f3618937f954f8681c93673086d74426f63eb6.sol#193) is not in mixedCase
Parameter '_spender' of PausableToken.decreaseApproval (/sb/0x21f3618937f954f8681c93673086d74426f63eb6.sol#198) is not in mixedCase
Parameter '_subtractedValue' of PausableToken.decreaseApproval (/sb/0x21f3618937f954f8681c93673086d74426f63eb6.sol#198-199) is not in mixedCase
Function 'TokenTimelock.TokenTimelock' (/sb/0x21f3618937f954f8681c93673086d74426f63eb6.sol#206-216) is not in mixedCase
Parameter '_token' of TokenTimelock.TokenTimelock (/sb/0x21f3618937f954f8681c93673086d74426f63eb6.sol#208) is not in mixedCase
Parameter '_beneficiary' of TokenTimelock.TokenTimelock (/sb/0x21f3618937f954f8681c93673086d74426f63eb6.sol#208-209) is not in mixedCase
Parameter '_releaseTime' of TokenTimelock.TokenTimelock (/sb/0x21f3618937f954f8681c93673086d74426f63eb6.sol#209-210) is not in mixedCase
Parameter '_to' of MageCoin.mintTimelocked (/sb/0x21f3618937f954f8681c93673086d74426f63eb6.sol#231-232) is not in mixedCase
Parameter '_amount' of MageCoin.mintTimelocked (/sb/0x21f3618937f954f8681c93673086d74426f63eb6.sol) is not in mixedCase
Parameter '_releaseTime' of MageCoin.mintTimelocked (/sb/0x21f3618937f954f8681c93673086d74426f63eb6.sol) is not in mixedCase
Reference: https://github.com/trailofbits/slither/wiki/Detectors-Documentation#conformance-to-solidity-naming-conventions[0m
INFO:Slither:/sb/0x21f3618937f954f8681c93673086d74426f63eb6.sol analyzed (12 contracts), 49 result(s) found
