INFO:Slither:Compilation warnings/errors on /sb/0x42c2ef80c2d5b59f7adc3ed56f53e7ba09c58141.sol:
/sb/0x42c2ef80c2d5b59f7adc3ed56f53e7ba09c58141.sol:11:5: Warning: Defining constructors as functions with the same name as the contract is deprecated. Use "constructor(...) { ... }" instead.
    function Owned() public {
    ^ (Relevant source part starts here and spans across multiple lines).
/sb/0x42c2ef80c2d5b59f7adc3ed56f53e7ba09c58141.sol:182:5: Warning: Defining constructors as functions with the same name as the contract is deprecated. Use "constructor(...) { ... }" instead.
    function NSilkRoadCoinToken() public {
    ^ (Relevant source part starts here and spans across multiple lines).
/sb/0x42c2ef80c2d5b59f7adc3ed56f53e7ba09c58141.sol:106:58: Warning: Using "years" as a unit denomination is deprecated.
            require(now >= FoundationAddressFreezeTime + 1 years);
                                                         ^-----^
/sb/0x42c2ef80c2d5b59f7adc3ed56f53e7ba09c58141.sol:126:9: Warning: Invoking events without "emit" prefix is deprecated.
        Transfer(msg.sender, _to, _value);                  // Raise Transfer event
        ^-------------------------------^
/sb/0x42c2ef80c2d5b59f7adc3ed56f53e7ba09c58141.sol:134:9: Warning: Invoking events without "emit" prefix is deprecated.
        Approval(msg.sender, _spender, _value);             // Raise Approval event
        ^------------------------------------^
/sb/0x42c2ef80c2d5b59f7adc3ed56f53e7ba09c58141.sol:154:9: Warning: Invoking events without "emit" prefix is deprecated.
        Transfer(_from, _to, _value);                       // Raise Transfer event
        ^--------------------------^
/sb/0x42c2ef80c2d5b59f7adc3ed56f53e7ba09c58141.sol:193:9: Warning: Invoking events without "emit" prefix is deprecated.
        Transfer(0x0, _to, _amount);                            // Create Transfer event from 0x
        ^-------------------------^
/sb/0x42c2ef80c2d5b59f7adc3ed56f53e7ba09c58141.sol:216:33: Warning: Using contract member "balance" inherited from the address type is deprecated. Convert the contract to "address" type to access the member, for example use "address(contract).balance" instead.
        _walletAddress.transfer(this.balance);
                                ^----------^
/sb/0x42c2ef80c2d5b59f7adc3ed56f53e7ba09c58141.sol:229:13: Warning: Invoking events without "emit" prefix is deprecated.
            Transfer(msg.sender, reciver, value);                  // Raise Transfer event
            ^----------------------------------^

INFO:Detectors:[93m
NSilkRoadCoinToken.totalSupply (/sb/0x42c2ef80c2d5b59f7adc3ed56f53e7ba09c58141.sol#175-176) shadows:
	- ERC20Token.totalSupply (/sb/0x42c2ef80c2d5b59f7adc3ed56f53e7ba09c58141.sol#68)
Reference: https://github.com/trailofbits/slither/wiki/Detectors-Documentation#state-variable-shadowing-from-abstract-contracts[0m
INFO:Detectors:[92m
ERC20Token.totalSupply should be constant (/sb/0x42c2ef80c2d5b59f7adc3ed56f53e7ba09c58141.sol#68)
Reference: https://github.com/trailofbits/slither/wiki/Detectors-Documentation#state-variables-that-could-be-declared-constant[0m
INFO:Detectors:[92m
Owned.changeOwner (/sb/0x42c2ef80c2d5b59f7adc3ed56f53e7ba09c58141.sol#15-21) should be declared external
tokenRecipient.receiveApproval (/sb/0x42c2ef80c2d5b59f7adc3ed56f53e7ba09c58141.sol#52-56) should be declared external
standardToken.balanceOf (/sb/0x42c2ef80c2d5b59f7adc3ed56f53e7ba09c58141.sol#120-121) should be declared external
ERC20Token.balanceOf (/sb/0x42c2ef80c2d5b59f7adc3ed56f53e7ba09c58141.sol#70-73) should be declared external
standardToken.transfer (/sb/0x42c2ef80c2d5b59f7adc3ed56f53e7ba09c58141.sol#121-131) should be declared external
ERC20Token.transfer (/sb/0x42c2ef80c2d5b59f7adc3ed56f53e7ba09c58141.sol#76-78) should be declared external
standardToken.transferFrom (/sb/0x42c2ef80c2d5b59f7adc3ed56f53e7ba09c58141.sol#148-159) should be declared external
ERC20Token.transferFrom (/sb/0x42c2ef80c2d5b59f7adc3ed56f53e7ba09c58141.sol#83-86) should be declared external
ERC20Token.allowance (/sb/0x42c2ef80c2d5b59f7adc3ed56f53e7ba09c58141.sol#94-97) should be declared external
standardToken.allowance (/sb/0x42c2ef80c2d5b59f7adc3ed56f53e7ba09c58141.sol#165-169) should be declared external
standardToken.approveAndCall (/sb/0x42c2ef80c2d5b59f7adc3ed56f53e7ba09c58141.sol#140-147) should be declared external
NSilkRoadCoinToken.fallback (/sb/0x42c2ef80c2d5b59f7adc3ed56f53e7ba09c58141.sol#185-187) should be declared external
NSilkRoadCoinToken.setInitialVaribles (/sb/0x42c2ef80c2d5b59f7adc3ed56f53e7ba09c58141.sol#210-216) should be declared external
NSilkRoadCoinToken.withDraw (/sb/0x42c2ef80c2d5b59f7adc3ed56f53e7ba09c58141.sol#220-222) should be declared external
NSilkRoadCoinToken.transferMultiAddress (/sb/0x42c2ef80c2d5b59f7adc3ed56f53e7ba09c58141.sol#223-238) should be declared external
NSilkRoadCoinToken.allocateFoundationToken (/sb/0x42c2ef80c2d5b59f7adc3ed56f53e7ba09c58141.sol#243-252) should be declared external
NSilkRoadCoinToken.allocateTeamToken (/sb/0x42c2ef80c2d5b59f7adc3ed56f53e7ba09c58141.sol) should be declared external
Reference: https://github.com/trailofbits/slither/wiki/Detectors-Documentation#public-function-that-could-be-declared-as-external[0m
INFO:Detectors:[92m
Detected issues with version pragma in /sb/0x42c2ef80c2d5b59f7adc3ed56f53e7ba09c58141.sol:
	- pragma solidity^0.4.18 (/sb/0x42c2ef80c2d5b59f7adc3ed56f53e7ba09c58141.sol#1): it allows old versions
Reference: https://github.com/trailofbits/slither/wiki/Detectors-Documentation#incorrect-version-of-solidity[0m
INFO:Detectors:[92m
Function 'Owned.Owned' (/sb/0x42c2ef80c2d5b59f7adc3ed56f53e7ba09c58141.sol#11-15) is not in mixedCase
Parameter '_newOwner' of Owned.changeOwner (/sb/0x42c2ef80c2d5b59f7adc3ed56f53e7ba09c58141.sol#15) is not in mixedCase
Contract 'tokenRecipient' (/sb/0x42c2ef80c2d5b59f7adc3ed56f53e7ba09c58141.sol#52-56) is not in CapWords
Contract 'limitedFactor' (/sb/0x42c2ef80c2d5b59f7adc3ed56f53e7ba09c58141.sol#102-114) is not in CapWords
Variable 'limitedFactor.FoundationAddressFreezeTime' (/sb/0x42c2ef80c2d5b59f7adc3ed56f53e7ba09c58141.sol#103-104) is not in mixedCase
Variable 'limitedFactor.FoundationAddress' (/sb/0x42c2ef80c2d5b59f7adc3ed56f53e7ba09c58141.sol#104) is not in mixedCase
Variable 'limitedFactor.TeamAddress' (/sb/0x42c2ef80c2d5b59f7adc3ed56f53e7ba09c58141.sol#105) is not in mixedCase
Modifier 'limitedFactor.FoundationAccountNeedFreezeOneYear' (/sb/0x42c2ef80c2d5b59f7adc3ed56f53e7ba09c58141.sol#105-114) is not in mixedCase
Contract 'standardToken' (/sb/0x42c2ef80c2d5b59f7adc3ed56f53e7ba09c58141.sol#114-169) is not in CapWords
Parameter '_owner' of standardToken.balanceOf (/sb/0x42c2ef80c2d5b59f7adc3ed56f53e7ba09c58141.sol#120) is not in mixedCase
Parameter '_to' of standardToken.transfer (/sb/0x42c2ef80c2d5b59f7adc3ed56f53e7ba09c58141.sol#122) is not in mixedCase
Parameter '_value' of standardToken.transfer (/sb/0x42c2ef80c2d5b59f7adc3ed56f53e7ba09c58141.sol#122) is not in mixedCase
Parameter '_from' of standardToken.transferFrom (/sb/0x42c2ef80c2d5b59f7adc3ed56f53e7ba09c58141.sol#148) is not in mixedCase
Parameter '_to' of standardToken.transferFrom (/sb/0x42c2ef80c2d5b59f7adc3ed56f53e7ba09c58141.sol#148) is not in mixedCase
Parameter '_value' of standardToken.transferFrom (/sb/0x42c2ef80c2d5b59f7adc3ed56f53e7ba09c58141.sol#148-149) is not in mixedCase
Parameter '_spender' of standardToken.approve (/sb/0x42c2ef80c2d5b59f7adc3ed56f53e7ba09c58141.sol#133) is not in mixedCase
Parameter '_value' of standardToken.approve (/sb/0x42c2ef80c2d5b59f7adc3ed56f53e7ba09c58141.sol#133) is not in mixedCase
Parameter '_owner' of standardToken.allowance (/sb/0x42c2ef80c2d5b59f7adc3ed56f53e7ba09c58141.sol#165) is not in mixedCase
Parameter '_spender' of standardToken.allowance (/sb/0x42c2ef80c2d5b59f7adc3ed56f53e7ba09c58141.sol#165-166) is not in mixedCase
Parameter '_spender' of standardToken.approveAndCall (/sb/0x42c2ef80c2d5b59f7adc3ed56f53e7ba09c58141.sol#140) is not in mixedCase
Parameter '_value' of standardToken.approveAndCall (/sb/0x42c2ef80c2d5b59f7adc3ed56f53e7ba09c58141.sol#140) is not in mixedCase
Parameter '_extraData' of standardToken.approveAndCall (/sb/0x42c2ef80c2d5b59f7adc3ed56f53e7ba09c58141.sol#140) is not in mixedCase
Function 'NSilkRoadCoinToken.NSilkRoadCoinToken' (/sb/0x42c2ef80c2d5b59f7adc3ed56f53e7ba09c58141.sol#188-189) is not in mixedCase
Parameter '_to' of NSilkRoadCoinToken.mintTokens (/sb/0x42c2ef80c2d5b59f7adc3ed56f53e7ba09c58141.sol#190) is not in mixedCase
Parameter '_amount' of NSilkRoadCoinToken.mintTokens (/sb/0x42c2ef80c2d5b59f7adc3ed56f53e7ba09c58141.sol#190) is not in mixedCase
Parameter '_FoundationAddress' of NSilkRoadCoinToken.setInitialVaribles (/sb/0x42c2ef80c2d5b59f7adc3ed56f53e7ba09c58141.sol#213) is not in mixedCase
Parameter '_TeamAddress' of NSilkRoadCoinToken.setInitialVaribles (/sb/0x42c2ef80c2d5b59f7adc3ed56f53e7ba09c58141.sol#213-214) is not in mixedCase
Parameter '_walletAddress' of NSilkRoadCoinToken.withDraw (/sb/0x42c2ef80c2d5b59f7adc3ed56f53e7ba09c58141.sol#220) is not in mixedCase
Parameter '_recivers' of NSilkRoadCoinToken.transferMultiAddress (/sb/0x42c2ef80c2d5b59f7adc3ed56f53e7ba09c58141.sol#224) is not in mixedCase
Parameter '_values' of NSilkRoadCoinToken.transferMultiAddress (/sb/0x42c2ef80c2d5b59f7adc3ed56f53e7ba09c58141.sol#224-225) is not in mixedCase
Constant 'NSilkRoadCoinToken.topTotalSupply' (/sb/0x42c2ef80c2d5b59f7adc3ed56f53e7ba09c58141.sol#176) is not in UPPER_CASE_WITH_UNDERSCORES
Variable 'NSilkRoadCoinToken.FoundationSupply' (/sb/0x42c2ef80c2d5b59f7adc3ed56f53e7ba09c58141.sol#177-178) is not in mixedCase
Variable 'NSilkRoadCoinToken.TeamSupply' (/sb/0x42c2ef80c2d5b59f7adc3ed56f53e7ba09c58141.sol#178-179) is not in mixedCase
Reference: https://github.com/trailofbits/slither/wiki/Detectors-Documentation#conformance-to-solidity-naming-conventions[0m
INFO:Slither:/sb/0x42c2ef80c2d5b59f7adc3ed56f53e7ba09c58141.sol analyzed (7 contracts), 53 result(s) found
