INFO:Slither:Compilation warnings/errors on /sb/0x69005b3573915bc6f45d070a191541b08822c73b.sol:
/sb/0x69005b3573915bc6f45d070a191541b08822c73b.sol:92:9: Warning: Failure condition of 'send' ignored. Consider using 'transfer' instead.
        MARKETING_ADDRESS.send(marketingAmount);
        ^-------------------------------------^
/sb/0x69005b3573915bc6f45d070a191541b08822c73b.sol:94:9: Warning: Failure condition of 'send' ignored. Consider using 'transfer' instead.
        bonus_ADDRESS.send(bonusAmount);
        ^-----------------------------^
/sb/0x69005b3573915bc6f45d070a191541b08822c73b.sol:99:13: Warning: Failure condition of 'send' ignored. Consider using 'transfer' instead.
            refAddress.send(refAmount);
            ^------------------------^

INFO:Detectors:[93m
SmartHashFast.bytesToAddress (/sb/0x69005b3573915bc6f45d070a191541b08822c73b.sol#199-206) is declared view but contains assembly code
Reference: https://github.com/trailofbits/slither/wiki/Detectors-Documentation#constant-functions-changing-the-state[0m
INFO:Detectors:[93m
SmartHashFast.makeDeposit (/sb/0x69005b3573915bc6f45d070a191541b08822c73b.sol#68-106) uses a dangerous strict equality:
	- users[msg.sender].deposited == 0
Reference: https://github.com/trailofbits/slither/wiki/Detectors-Documentation#dangerous-strict-equalities[0m
INFO:Detectors:[92m
SmartHashFast.bytesToAddress uses assembly (/sb/0x69005b3573915bc6f45d070a191541b08822c73b.sol#199-206)
	- /sb/0x69005b3573915bc6f45d070a191541b08822c73b.sol#204-206
Reference: https://github.com/trailofbits/slither/wiki/Detectors-Documentation#assembly-usage[0m
INFO:Detectors:[92m
SmartHashFast.fallback (/sb/0x69005b3573915bc6f45d070a191541b08822c73b.sol#48-56) should be declared external
SmartHashFast.getUserDividends (/sb/0x69005b3573915bc6f45d070a191541b08822c73b.sol#178-191) should be declared external
SmartHashFast.getUserDeposits (/sb/0x69005b3573915bc6f45d070a191541b08822c73b.sol#191-199) should be declared external
Reference: https://github.com/trailofbits/slither/wiki/Detectors-Documentation#public-function-that-could-be-declared-as-external[0m
INFO:Detectors:[92m
Constant 'SmartHashFast.BonusContract_PERCENT' (/sb/0x69005b3573915bc6f45d070a191541b08822c73b.sol#12-13) is not in UPPER_CASE_WITH_UNDERSCORES
Constant 'SmartHashFast.bonus_ADDRESS' (/sb/0x69005b3573915bc6f45d070a191541b08822c73b.sol#21-23) is not in UPPER_CASE_WITH_UNDERSCORES
Reference: https://github.com/trailofbits/slither/wiki/Detectors-Documentation#conformance-to-solidity-naming-conventions[0m
INFO:Slither:/sb/0x69005b3573915bc6f45d070a191541b08822c73b.sol analyzed (2 contracts), 8 result(s) found
