INFO:Detectors:[93m
NameFilter.nameFilter (/sb/0xb58470a0ec113f823757993182131b4f0be4042d.sol#124-189) is declared view but contains assembly code
Reference: https://github.com/trailofbits/slither/wiki/Detectors-Documentation#constant-functions-changing-the-state[0m
INFO:Detectors:[93m
_eth in Imkg.withdraw (/sb/0xb58470a0ec113f823757993182131b4f0be4042d.sol#569) is a local variable never initialiazed
_eth in Imkg.getPreviousProfit (/sb/0xb58470a0ec113f823757993182131b4f0be4042d.sol#1083-1084) is a local variable never initialiazed
Reference: https://github.com/trailofbits/slither/wiki/Detectors-Documentation#uninitialized-local-variables[0m
INFO:Detectors:[92m
NameFilter.nameFilter uses assembly (/sb/0xb58470a0ec113f823757993182131b4f0be4042d.sol#124-189)
	- /sb/0xb58470a0ec113f823757993182131b4f0be4042d.sol#187-188
Reference: https://github.com/trailofbits/slither/wiki/Detectors-Documentation#assembly-usage[0m
INFO:Detectors:[92m
Imkg.fallback (/sb/0xb58470a0ec113f823757993182131b4f0be4042d.sol#467-474) should be declared external
Imkg.withdraw (/sb/0xb58470a0ec113f823757993182131b4f0be4042d.sol#564-600) should be declared external
Imkg.registerNameXID (/sb/0xb58470a0ec113f823757993182131b4f0be4042d.sol#621-655) should be declared external
Imkg.setTeamName (/sb/0xb58470a0ec113f823757993182131b4f0be4042d.sol#668-715) should be declared external
Imkg.deposit (/sb/0xb58470a0ec113f823757993182131b4f0be4042d.sol#716-726) should be declared external
Imkg.checkIfNameValid (/sb/0xb58470a0ec113f823757993182131b4f0be4042d.sol#732-740) should be declared external
Imkg.getNextOutAfter (/sb/0xb58470a0ec113f823757993182131b4f0be4042d.sol#743-755) should be declared external
Imkg.getPlayerInfoByAddress (/sb/0xb58470a0ec113f823757993182131b4f0be4042d.sol#771-791) should be declared external
Imkg.getPlayerRoundTeamBought (/sb/0xb58470a0ec113f823757993182131b4f0be4042d.sol#797-807) should be declared external
Imkg.getPlayerRoundBought (/sb/0xb58470a0ec113f823757993182131b4f0be4042d.sol#815-833) should be declared external
Imkg.getPlayerRounds (/sb/0xb58470a0ec113f823757993182131b4f0be4042d.sol#839-861) should be declared external
Imkg.getLastRoundInfo (/sb/0xb58470a0ec113f823757993182131b4f0be4042d.sol#870-887) should be declared external
Imkg.getCurrentRoundInfo (/sb/0xb58470a0ec113f823757993182131b4f0be4042d.sol#906-930) should be declared external
Imkg.getTeamInfoByID (/sb/0xb58470a0ec113f823757993182131b4f0be4042d.sol#940-951) should be declared external
Imkg.getTeamsInfo (/sb/0xb58470a0ec113f823757993182131b4f0be4042d.sol#960-1004) should be declared external
Imkg.getTeamLeaders (/sb/0xb58470a0ec113f823757993182131b4f0be4042d.sol#1015-1051) should be declared external
Imkg.getNextKeyPrice (/sb/0xb58470a0ec113f823757993182131b4f0be4042d.sol#1110-1120) should be declared external
Imkg.getEthFromKeys (/sb/0xb58470a0ec113f823757993182131b4f0be4042d.sol#1124-1135) should be declared external
Imkg.getKeysFromEth (/sb/0xb58470a0ec113f823757993182131b4f0be4042d.sol#1136-1144) should be declared external
Imkg.activate (/sb/0xb58470a0ec113f823757993182131b4f0be4042d.sol#1433-1460) should be declared external
Imkg.timeCountdown (/sb/0xb58470a0ec113f823757993182131b4f0be4042d.sol) should be declared external
Imkg.setMinTms (/sb/0xb58470a0ec113f823757993182131b4f0be4042d.sol) should be declared external
Imkg.setMaxTms (/sb/0xb58470a0ec113f823757993182131b4f0be4042d.sol) should be declared external
Imkg.setRoundGap (/sb/0xb58470a0ec113f823757993182131b4f0be4042d.sol) should be declared external
Imkg.setOutGap (/sb/0xb58470a0ec113f823757993182131b4f0be4042d.sol) should be declared external
Reference: https://github.com/trailofbits/slither/wiki/Detectors-Documentation#public-function-that-could-be-declared-as-external[0m
INFO:Detectors:[92m
Parameter '_input' of NameFilter.nameFilter (/sb/0xb58470a0ec113f823757993182131b4f0be4042d.sol#124-125) is not in mixedCase
Parameter '_curEth' of ImkgKeysCalc.keysRec (/sb/0xb58470a0ec113f823757993182131b4f0be4042d.sol#196) is not in mixedCase
Parameter '_newEth' of ImkgKeysCalc.keysRec (/sb/0xb58470a0ec113f823757993182131b4f0be4042d.sol#196) is not in mixedCase
Parameter '_curKeys' of ImkgKeysCalc.ethRec (/sb/0xb58470a0ec113f823757993182131b4f0be4042d.sol#205) is not in mixedCase
Parameter '_sellKeys' of ImkgKeysCalc.ethRec (/sb/0xb58470a0ec113f823757993182131b4f0be4042d.sol#205) is not in mixedCase
Parameter '_eth' of ImkgKeysCalc.keys (/sb/0xb58470a0ec113f823757993182131b4f0be4042d.sol#211) is not in mixedCase
Parameter '_keys' of ImkgKeysCalc.eth (/sb/0xb58470a0ec113f823757993182131b4f0be4042d.sol#220) is not in mixedCase
Event 'Imkg.onNewNameEvent' (/sb/0xb58470a0ec113f823757993182131b4f0be4042d.sol#244-252) is not in CapWords
Event 'Imkg.onNewTeamNameEvent' (/sb/0xb58470a0ec113f823757993182131b4f0be4042d.sol#255-265) is not in CapWords
Event 'Imkg.onTxEvent' (/sb/0xb58470a0ec113f823757993182131b4f0be4042d.sol#267-276) is not in CapWords
Event 'Imkg.onAffPayoutEvent' (/sb/0xb58470a0ec113f823757993182131b4f0be4042d.sol#280-291) is not in CapWords
Event 'Imkg.onOutEvent' (/sb/0xb58470a0ec113f823757993182131b4f0be4042d.sol#292-299) is not in CapWords
Event 'Imkg.onEndRoundEvent' (/sb/0xb58470a0ec113f823757993182131b4f0be4042d.sol#300-309) is not in CapWords
Event 'Imkg.onWithdrawEvent' (/sb/0xb58470a0ec113f823757993182131b4f0be4042d.sol#312-321) is not in CapWords
Event 'Imkg.onOutInitialEvent' (/sb/0xb58470a0ec113f823757993182131b4f0be4042d.sol#322-325) is not in CapWords
Parameter '_team' of Imkg.buy (/sb/0xb58470a0ec113f823757993182131b4f0be4042d.sol#480) is not in mixedCase
Parameter '_affCode' of Imkg.buy (/sb/0xb58470a0ec113f823757993182131b4f0be4042d.sol#480) is not in mixedCase
Parameter '_nameString' of Imkg.registerNameXID (/sb/0xb58470a0ec113f823757993182131b4f0be4042d.sol#621-623) is not in mixedCase
Parameter '_tID' of Imkg.setTeamName (/sb/0xb58470a0ec113f823757993182131b4f0be4042d.sol#668) is not in mixedCase
Parameter '_nameString' of Imkg.setTeamName (/sb/0xb58470a0ec113f823757993182131b4f0be4042d.sol#668-669) is not in mixedCase
Parameter '_nameStr' of Imkg.checkIfNameValid (/sb/0xb58470a0ec113f823757993182131b4f0be4042d.sol#733) is not in mixedCase
Parameter '_addr' of Imkg.getPlayerInfoByAddress (/sb/0xb58470a0ec113f823757993182131b4f0be4042d.sol#771) is not in mixedCase
Parameter '_pID' of Imkg.getPlayerRoundTeamBought (/sb/0xb58470a0ec113f823757993182131b4f0be4042d.sol#797-799) is not in mixedCase
Parameter '_roundID' of Imkg.getPlayerRoundTeamBought (/sb/0xb58470a0ec113f823757993182131b4f0be4042d.sol#799) is not in mixedCase
Parameter '_tID' of Imkg.getPlayerRoundTeamBought (/sb/0xb58470a0ec113f823757993182131b4f0be4042d.sol#799) is not in mixedCase
Parameter '_pID' of Imkg.getPlayerRoundBought (/sb/0xb58470a0ec113f823757993182131b4f0be4042d.sol#816) is not in mixedCase
Parameter '_roundID' of Imkg.getPlayerRoundBought (/sb/0xb58470a0ec113f823757993182131b4f0be4042d.sol#816) is not in mixedCase
Parameter '_pID' of Imkg.getPlayerRounds (/sb/0xb58470a0ec113f823757993182131b4f0be4042d.sol#841) is not in mixedCase
Parameter '_tID' of Imkg.getTeamInfoByID (/sb/0xb58470a0ec113f823757993182131b4f0be4042d.sol#940) is not in mixedCase
Parameter '_pID' of Imkg.getProfit (/sb/0xb58470a0ec113f823757993182131b4f0be4042d.sol#1053) is not in mixedCase
Parameter '_pID' of Imkg.getPreviousProfit (/sb/0xb58470a0ec113f823757993182131b4f0be4042d.sol#1079-1080) is not in mixedCase
Parameter '_tID' of Imkg.getNextKeyPrice (/sb/0xb58470a0ec113f823757993182131b4f0be4042d.sol#1111) is not in mixedCase
Parameter '_tID' of Imkg.getEthFromKeys (/sb/0xb58470a0ec113f823757993182131b4f0be4042d.sol#1124) is not in mixedCase
Parameter '_keys' of Imkg.getEthFromKeys (/sb/0xb58470a0ec113f823757993182131b4f0be4042d.sol#1124) is not in mixedCase
Parameter '_tID' of Imkg.getKeysFromEth (/sb/0xb58470a0ec113f823757993182131b4f0be4042d.sol#1138-1139) is not in mixedCase
Parameter '_eth' of Imkg.getKeysFromEth (/sb/0xb58470a0ec113f823757993182131b4f0be4042d.sol#1139) is not in mixedCase
Parameter '_pID' of Imkg.buyCore (/sb/0xb58470a0ec113f823757993182131b4f0be4042d.sol#1152) is not in mixedCase
Parameter '_affID' of Imkg.buyCore (/sb/0xb58470a0ec113f823757993182131b4f0be4042d.sol#1152) is not in mixedCase
Parameter '_tID' of Imkg.buyCore (/sb/0xb58470a0ec113f823757993182131b4f0be4042d.sol#1152-1153) is not in mixedCase
Parameter '_eth' of Imkg.buyCore (/sb/0xb58470a0ec113f823757993182131b4f0be4042d.sol#1153) is not in mixedCase
Parameter '_rID' of Imkg.distribute (/sb/0xb58470a0ec113f823757993182131b4f0be4042d.sol#1206-1207) is not in mixedCase
Parameter '_pID' of Imkg.distribute (/sb/0xb58470a0ec113f823757993182131b4f0be4042d.sol#1208) is not in mixedCase
Parameter '_eth' of Imkg.distribute (/sb/0xb58470a0ec113f823757993182131b4f0be4042d.sol#1208) is not in mixedCase
Parameter '_affID' of Imkg.distribute (/sb/0xb58470a0ec113f823757993182131b4f0be4042d.sol#1209) is not in mixedCase
Parameter '_pID' of Imkg.refund (/sb/0xb58470a0ec113f823757993182131b4f0be4042d.sol#1288) is not in mixedCase
Parameter '_value' of Imkg.refund (/sb/0xb58470a0ec113f823757993182131b4f0be4042d.sol#1288-1289) is not in mixedCase
Parameter '_pID' of Imkg.createTeam (/sb/0xb58470a0ec113f823757993182131b4f0be4042d.sol#1297-1299) is not in mixedCase
Parameter '_eth' of Imkg.createTeam (/sb/0xb58470a0ec113f823757993182131b4f0be4042d.sol#1299) is not in mixedCase
Parameter '_addr' of Imkg.determinePID (/sb/0xb58470a0ec113f823757993182131b4f0be4042d.sol#1389) is not in mixedCase
Parameter '_team' of Imkg.determinTID (/sb/0xb58470a0ec113f823757993182131b4f0be4042d.sol#1408) is not in mixedCase
Parameter '_pID' of Imkg.determinTID (/sb/0xb58470a0ec113f823757993182131b4f0be4042d.sol#1409) is not in mixedCase
Parameter '_tms' of Imkg.setMinTms (/sb/0xb58470a0ec113f823757993182131b4f0be4042d.sol) is not in mixedCase
Parameter '_tms' of Imkg.setMaxTms (/sb/0xb58470a0ec113f823757993182131b4f0be4042d.sol) is not in mixedCase
Parameter '_gap' of Imkg.setRoundGap (/sb/0xb58470a0ec113f823757993182131b4f0be4042d.sol) is not in mixedCase
Parameter '_gap' of Imkg.setOutGap (/sb/0xb58470a0ec113f823757993182131b4f0be4042d.sol) is not in mixedCase
Variable 'Imkg.OutGap_' (/sb/0xb58470a0ec113f823757993182131b4f0be4042d.sol#379) is not in mixedCase
Constant 'Imkg.registrationFee_' (/sb/0xb58470a0ec113f823757993182131b4f0be4042d.sol#379-380) is not in UPPER_CASE_WITH_UNDERSCORES
Reference: https://github.com/trailofbits/slither/wiki/Detectors-Documentation#conformance-to-solidity-naming-conventions[0m
INFO:Slither:/sb/0xb58470a0ec113f823757993182131b4f0be4042d.sol analyzed (4 contracts), 86 result(s) found
