INFO:Detectors:[92m
Ownable.owner (/sb/0xd84246471fdf41e9cb832ea36e33eb51eba56457.sol#28-32) should be declared external
Ownable.renounceOwnership (/sb/0xd84246471fdf41e9cb832ea36e33eb51eba56457.sol#41-46) should be declared external
Ownable.transferOwnership (/sb/0xd84246471fdf41e9cb832ea36e33eb51eba56457.sol#46-50) should be declared external
IERC20.transfer (/sb/0xd84246471fdf41e9cb832ea36e33eb51eba56457.sol#4-6) should be declared external
BundlsToken.transfer (/sb/0xd84246471fdf41e9cb832ea36e33eb51eba56457.sol#105-118) should be declared external
IERC20.approve (/sb/0xd84246471fdf41e9cb832ea36e33eb51eba56457.sol#6-8) should be declared external
BundlsToken.approve (/sb/0xd84246471fdf41e9cb832ea36e33eb51eba56457.sol#118-125) should be declared external
IERC20.transferFrom (/sb/0xd84246471fdf41e9cb832ea36e33eb51eba56457.sol#8-10) should be declared external
BundlsToken.transferFrom (/sb/0xd84246471fdf41e9cb832ea36e33eb51eba56457.sol#125-136) should be declared external
Reference: https://github.com/trailofbits/slither/wiki/Detectors-Documentation#public-function-that-could-be-declared-as-external[0m
INFO:Detectors:[92m
Detected issues with version pragma in /sb/0xd84246471fdf41e9cb832ea36e33eb51eba56457.sol:
	- pragma solidity>=0.4.22<0.6.0 (/sb/0xd84246471fdf41e9cb832ea36e33eb51eba56457.sol#1): it allows old versions
Reference: https://github.com/trailofbits/slither/wiki/Detectors-Documentation#incorrect-version-of-solidity[0m
INFO:Detectors:[92m
Function 'Ownable._transferOwnership' (/sb/0xd84246471fdf41e9cb832ea36e33eb51eba56457.sol#50-59) is not in mixedCase
Parameter '_to' of BundlsToken.transfer (/sb/0xd84246471fdf41e9cb832ea36e33eb51eba56457.sol#106-107) is not in mixedCase
Parameter '_value' of BundlsToken.transfer (/sb/0xd84246471fdf41e9cb832ea36e33eb51eba56457.sol#107) is not in mixedCase
Parameter '_spender' of BundlsToken.approve (/sb/0xd84246471fdf41e9cb832ea36e33eb51eba56457.sol#118) is not in mixedCase
Parameter '_value' of BundlsToken.approve (/sb/0xd84246471fdf41e9cb832ea36e33eb51eba56457.sol#119) is not in mixedCase
Parameter '_from' of BundlsToken.transferFrom (/sb/0xd84246471fdf41e9cb832ea36e33eb51eba56457.sol#126) is not in mixedCase
Parameter '_to' of BundlsToken.transferFrom (/sb/0xd84246471fdf41e9cb832ea36e33eb51eba56457.sol#127) is not in mixedCase
Parameter '_value' of BundlsToken.transferFrom (/sb/0xd84246471fdf41e9cb832ea36e33eb51eba56457.sol#127) is not in mixedCase
Reference: https://github.com/trailofbits/slither/wiki/Detectors-Documentation#conformance-to-solidity-naming-conventions[0m
INFO:Slither:/sb/0xd84246471fdf41e9cb832ea36e33eb51eba56457.sol analyzed (4 contracts), 18 result(s) found
