INFO:Detectors:[93m
Reentrancy in lockEtherPay.lock (/sb/0x76127e4e6dda47ce9cfbd3ecf8ec614e2ef4a407.sol#89-97):
	External calls:
	- require(bool)(tokenBalance() > 0) (/sb/0x76127e4e6dda47ce9cfbd3ecf8ec614e2ef4a407.sol#91-92)
	State variables written after the call(s):
	- isLocked (/sb/0x76127e4e6dda47ce9cfbd3ecf8ec614e2ef4a407.sol#96)
Reentrancy in lockEtherPay.release (/sb/0x76127e4e6dda47ce9cfbd3ecf8ec614e2ef4a407.sol#103-109):
	External calls:
	- token_amount = tokenBalance() (/sb/0x76127e4e6dda47ce9cfbd3ecf8ec614e2ef4a407.sol#106)
	- token_reward.transfer(beneficiary,token_amount) (/sb/0x76127e4e6dda47ce9cfbd3ecf8ec614e2ef4a407.sol#107-109)
	State variables written after the call(s):
	- isReleased (/sb/0x76127e4e6dda47ce9cfbd3ecf8ec614e2ef4a407.sol)
Reference: https://github.com/trailofbits/slither/wiki/Detectors-Documentation#reentrancy-vulnerabilities-1[0m
INFO:Detectors:[93m
lockEtherPay.release (/sb/0x76127e4e6dda47ce9cfbd3ecf8ec614e2ef4a407.sol#103-109) does not use the value returned by external calls:
	-token_reward.transfer(beneficiary,token_amount) (/sb/0x76127e4e6dda47ce9cfbd3ecf8ec614e2ef4a407.sol#107-109)
Reference: https://github.com/trailofbits/slither/wiki/Detectors-Documentation#unused-return[0m
INFO:Detectors:[92m
Reentrancy in lockEtherPay.lock (/sb/0x76127e4e6dda47ce9cfbd3ecf8ec614e2ef4a407.sol#89-97):
	External calls:
	- require(bool)(tokenBalance() > 0) (/sb/0x76127e4e6dda47ce9cfbd3ecf8ec614e2ef4a407.sol#91-92)
	State variables written after the call(s):
	- end_time (/sb/0x76127e4e6dda47ce9cfbd3ecf8ec614e2ef4a407.sol#95-96)
	- start_time (/sb/0x76127e4e6dda47ce9cfbd3ecf8ec614e2ef4a407.sol#94-95)
Reference: https://github.com/trailofbits/slither/wiki/Detectors-Documentation#reentrancy-vulnerabilities-2[0m
INFO:Detectors:[92m
lockEtherPay.fifty_two_weeks should be constant (/sb/0x76127e4e6dda47ce9cfbd3ecf8ec614e2ef4a407.sol#76-78)
Reference: https://github.com/trailofbits/slither/wiki/Detectors-Documentation#state-variables-that-could-be-declared-constant[0m
INFO:Detectors:[92m
token.balanceOf (/sb/0x76127e4e6dda47ce9cfbd3ecf8ec614e2ef4a407.sol#32-33) should be declared external
token.transfer (/sb/0x76127e4e6dda47ce9cfbd3ecf8ec614e2ef4a407.sol#33-38) should be declared external
Ownable.transferOwnership (/sb/0x76127e4e6dda47ce9cfbd3ecf8ec614e2ef4a407.sol#58-66) should be declared external
lockEtherPay.lock (/sb/0x76127e4e6dda47ce9cfbd3ecf8ec614e2ef4a407.sol#89-97) should be declared external
lockEtherPay.release (/sb/0x76127e4e6dda47ce9cfbd3ecf8ec614e2ef4a407.sol#103-109) should be declared external
Reference: https://github.com/trailofbits/slither/wiki/Detectors-Documentation#public-function-that-could-be-declared-as-external[0m
INFO:Detectors:[92m
Detected issues with version pragma in /sb/0x76127e4e6dda47ce9cfbd3ecf8ec614e2ef4a407.sol:
	- pragma solidity^0.4.18 (/sb/0x76127e4e6dda47ce9cfbd3ecf8ec614e2ef4a407.sol#1): it allows old versions
Reference: https://github.com/trailofbits/slither/wiki/Detectors-Documentation#incorrect-version-of-solidity[0m
INFO:Detectors:[92m
Contract 'token' (/sb/0x76127e4e6dda47ce9cfbd3ecf8ec614e2ef4a407.sol#32-38) is not in CapWords
Contract 'lockEtherPay' (/sb/0x76127e4e6dda47ce9cfbd3ecf8ec614e2ef4a407.sol#67-109) is not in CapWords
Variable 'lockEtherPay.token_reward' (/sb/0x76127e4e6dda47ce9cfbd3ecf8ec614e2ef4a407.sol#70-71) is not in mixedCase
Variable 'lockEtherPay.start_time' (/sb/0x76127e4e6dda47ce9cfbd3ecf8ec614e2ef4a407.sol#74) is not in mixedCase
Variable 'lockEtherPay.end_time' (/sb/0x76127e4e6dda47ce9cfbd3ecf8ec614e2ef4a407.sol#76) is not in mixedCase
Variable 'lockEtherPay.fifty_two_weeks' (/sb/0x76127e4e6dda47ce9cfbd3ecf8ec614e2ef4a407.sol#76-78) is not in mixedCase
Reference: https://github.com/trailofbits/slither/wiki/Detectors-Documentation#conformance-to-solidity-naming-conventions[0m
INFO:Slither:/sb/0x76127e4e6dda47ce9cfbd3ecf8ec614e2ef4a407.sol analyzed (4 contracts), 17 result(s) found
