INFO:Detectors:[91m
DepositCapsule.Owner (/sb/0x340844b39aacbdb4e7718fa14a95758f87a09a9a.sol#26) shadows:
	- Ownable.Owner (/sb/0x340844b39aacbdb4e7718fa14a95758f87a09a9a.sol#13-14)
Reference: https://github.com/trailofbits/slither/wiki/Detectors-Documentation#state-variable-shadowing[0m
INFO:Detectors:[93m
Ownable.transferOwner (/sb/0x340844b39aacbdb4e7718fa14a95758f87a09a9a.sol#15-24) uses a dangerous strict equality:
	- address(this).balance == 0
Reference: https://github.com/trailofbits/slither/wiki/Detectors-Documentation#dangerous-strict-equalities[0m
INFO:Detectors:[92m
Ownable.transferOwner (/sb/0x340844b39aacbdb4e7718fa14a95758f87a09a9a.sol#15-24) should be declared external
DepositCapsule.init (/sb/0x340844b39aacbdb4e7718fa14a95758f87a09a9a.sol#29-34) should be declared external
DepositCapsule.fallback (/sb/0x340844b39aacbdb4e7718fa14a95758f87a09a9a.sol#35-36) should be declared external
DepositCapsule.deposit (/sb/0x340844b39aacbdb4e7718fa14a95758f87a09a9a.sol#36-42) should be declared external
DepositCapsule.withdraw (/sb/0x340844b39aacbdb4e7718fa14a95758f87a09a9a.sol#42-51) should be declared external
Reference: https://github.com/trailofbits/slither/wiki/Detectors-Documentation#public-function-that-could-be-declared-as-external[0m
INFO:Detectors:[92m
Detected issues with version pragma in /sb/0x340844b39aacbdb4e7718fa14a95758f87a09a9a.sol:
	- pragma solidity^0.4.20 (/sb/0x340844b39aacbdb4e7718fa14a95758f87a09a9a.sol#10-12): it allows old versions
Reference: https://github.com/trailofbits/slither/wiki/Detectors-Documentation#incorrect-version-of-solidity[0m
INFO:Detectors:[92m
Parameter '_owner' of Ownable.transferOwner (/sb/0x340844b39aacbdb4e7718fa14a95758f87a09a9a.sol#15) is not in mixedCase
Variable 'Ownable.Owner' (/sb/0x340844b39aacbdb4e7718fa14a95758f87a09a9a.sol#13-14) is not in mixedCase
Variable 'DepositCapsule.Owner' (/sb/0x340844b39aacbdb4e7718fa14a95758f87a09a9a.sol#26) is not in mixedCase
Reference: https://github.com/trailofbits/slither/wiki/Detectors-Documentation#conformance-to-solidity-naming-conventions[0m
INFO:Slither:/sb/0x340844b39aacbdb4e7718fa14a95758f87a09a9a.sol analyzed (2 contracts), 11 result(s) found
