INFO:Slither:Compilation warnings/errors on /sb/0x22d583f97c600978a160885172703c750a5209be.sol:
/sb/0x22d583f97c600978a160885172703c750a5209be.sol:28:5: Warning: Defining constructors as functions with the same name as the contract is deprecated. Use "constructor(...) { ... }" instead.
    function EMCoin(
    ^ (Relevant source part starts here and spans across multiple lines).
/sb/0x22d583f97c600978a160885172703c750a5209be.sol:3:28: Warning: Functions in interfaces should be declared external.
interface tokenRecipient { function receiveApproval(address _from, uint256 _value, address _token, bytes _extraData) public; }
                           ^-----------------------------------------------------------------------------------------------^
/sb/0x22d583f97c600978a160885172703c750a5209be.sol:55:9: Warning: Invoking events without "emit" prefix is deprecated.
        Transfer(_from, _to, _value);
        ^--------------------------^
/sb/0x22d583f97c600978a160885172703c750a5209be.sol:132:9: Warning: Invoking events without "emit" prefix is deprecated.
        Burn(msg.sender, _value);
        ^----------------------^
/sb/0x22d583f97c600978a160885172703c750a5209be.sol:150:9: Warning: Invoking events without "emit" prefix is deprecated.
        Burn(_from, _value);
        ^-----------------^

INFO:Detectors:[93m
EMCoin (/sb/0x22d583f97c600978a160885172703c750a5209be.sol#5-153) has incorrect ERC20 function interface(s):
	-transfer (/sb/0x22d583f97c600978a160885172703c750a5209be.sol#69-75)
Reference: https://github.com/trailofbits/slither/wiki/Detectors-Documentation#incorrect-erc20-interface[0m
INFO:Detectors:[92m
EMCoin.decimals should be constant (/sb/0x22d583f97c600978a160885172703c750a5209be.sol#9-10)
Reference: https://github.com/trailofbits/slither/wiki/Detectors-Documentation#state-variables-that-could-be-declared-constant[0m
INFO:Detectors:[92m
tokenRecipient.receiveApproval (/sb/0x22d583f97c600978a160885172703c750a5209be.sol#3) should be declared external
EMCoin.transfer (/sb/0x22d583f97c600978a160885172703c750a5209be.sol#69-75) should be declared external
EMCoin.transferFrom (/sb/0x22d583f97c600978a160885172703c750a5209be.sol#81-91) should be declared external
EMCoin.approveAndCall (/sb/0x22d583f97c600978a160885172703c750a5209be.sol#113-126) should be declared external
EMCoin.burn (/sb/0x22d583f97c600978a160885172703c750a5209be.sol#129-139) should be declared external
EMCoin.burnFrom (/sb/0x22d583f97c600978a160885172703c750a5209be.sol#145-153) should be declared external
Reference: https://github.com/trailofbits/slither/wiki/Detectors-Documentation#public-function-that-could-be-declared-as-external[0m
INFO:Detectors:[92m
Detected issues with version pragma in /sb/0x22d583f97c600978a160885172703c750a5209be.sol:
	- pragma solidity^0.4.16 (/sb/0x22d583f97c600978a160885172703c750a5209be.sol#1): it allows old versions
Reference: https://github.com/trailofbits/slither/wiki/Detectors-Documentation#incorrect-version-of-solidity[0m
INFO:Detectors:[92m
Contract 'tokenRecipient' (/sb/0x22d583f97c600978a160885172703c750a5209be.sol#3-5) is not in CapWords
Function 'EMCoin.EMCoin' (/sb/0x22d583f97c600978a160885172703c750a5209be.sol#29-40) is not in mixedCase
Function 'EMCoin._transfer' (/sb/0x22d583f97c600978a160885172703c750a5209be.sol#42-63) is not in mixedCase
Parameter '_from' of EMCoin._transfer (/sb/0x22d583f97c600978a160885172703c750a5209be.sol#42-43) is not in mixedCase
Parameter '_to' of EMCoin._transfer (/sb/0x22d583f97c600978a160885172703c750a5209be.sol#43) is not in mixedCase
Parameter '_value' of EMCoin._transfer (/sb/0x22d583f97c600978a160885172703c750a5209be.sol#43) is not in mixedCase
Parameter '_to' of EMCoin.transfer (/sb/0x22d583f97c600978a160885172703c750a5209be.sol#69) is not in mixedCase
Parameter '_value' of EMCoin.transfer (/sb/0x22d583f97c600978a160885172703c750a5209be.sol#69-72) is not in mixedCase
Parameter '_from' of EMCoin.transferFrom (/sb/0x22d583f97c600978a160885172703c750a5209be.sol#82) is not in mixedCase
Parameter '_to' of EMCoin.transferFrom (/sb/0x22d583f97c600978a160885172703c750a5209be.sol#82) is not in mixedCase
Parameter '_value' of EMCoin.transferFrom (/sb/0x22d583f97c600978a160885172703c750a5209be.sol#82) is not in mixedCase
Parameter '_spender' of EMCoin.approve (/sb/0x22d583f97c600978a160885172703c750a5209be.sol#98) is not in mixedCase
Parameter '_value' of EMCoin.approve (/sb/0x22d583f97c600978a160885172703c750a5209be.sol#98-99) is not in mixedCase
Parameter '_spender' of EMCoin.approveAndCall (/sb/0x22d583f97c600978a160885172703c750a5209be.sol#114) is not in mixedCase
Parameter '_value' of EMCoin.approveAndCall (/sb/0x22d583f97c600978a160885172703c750a5209be.sol#114) is not in mixedCase
Parameter '_extraData' of EMCoin.approveAndCall (/sb/0x22d583f97c600978a160885172703c750a5209be.sol#114-115) is not in mixedCase
Parameter '_value' of EMCoin.burn (/sb/0x22d583f97c600978a160885172703c750a5209be.sol#129-130) is not in mixedCase
Parameter '_from' of EMCoin.burnFrom (/sb/0x22d583f97c600978a160885172703c750a5209be.sol#145) is not in mixedCase
Parameter '_value' of EMCoin.burnFrom (/sb/0x22d583f97c600978a160885172703c750a5209be.sol#145-146) is not in mixedCase
Reference: https://github.com/trailofbits/slither/wiki/Detectors-Documentation#conformance-to-solidity-naming-conventions[0m
INFO:Slither:/sb/0x22d583f97c600978a160885172703c750a5209be.sol analyzed (2 contracts), 28 result(s) found
