INFO:Slither:Compilation warnings/errors on /sb/0x0a2631a499813bb47de7490a4845aabee8062b6f.sol:
/sb/0x0a2631a499813bb47de7490a4845aabee8062b6f.sol:2:1: Warning: Experimental features are turned on. Do not use experimental features on live deployments.
pragma experimental ABIEncoderV2;
^-------------------------------^
/sb/0x0a2631a499813bb47de7490a4845aabee8062b6f.sol:489:9: Warning: Unused function parameter. Remove or comment out the variable name to silence this warning.
        bytes genericPayload,
        ^------------------^
/sb/0x0a2631a499813bb47de7490a4845aabee8062b6f.sol:544:9: Warning: Unused function parameter. Remove or comment out the variable name to silence this warning.
        bytes genericPayload,
        ^------------------^
/sb/0x0a2631a499813bb47de7490a4845aabee8062b6f.sol:145:5: Warning: Function state mutability can be restricted to pure
    function fetchReturnData() internal returns (bool success){
    ^ (Relevant source part starts here and spans across multiple lines).
/sb/0x0a2631a499813bb47de7490a4845aabee8062b6f.sol:427:24: Warning: Function declared as view, but this expression (potentially) modifies the state and thus requires non-payable (the default) or payable.
            success := call(
                       ^ (Relevant source part starts here and spans across multiple lines).
/sb/0x0a2631a499813bb47de7490a4845aabee8062b6f.sol:469:24: Warning: Function declared as view, but this expression (potentially) modifies the state and thus requires non-payable (the default) or payable.
            success := call(
                       ^ (Relevant source part starts here and spans across multiple lines).

INFO:Detectors:[93m
ExchangeHandler.getAmountToGive (/sb/0x0a2631a499813bb47de7490a4845aabee8062b6f.sol#416-452) is declared view but contains assembly code
ExchangeHandler.staticExchangeChecks (/sb/0x0a2631a499813bb47de7490a4845aabee8062b6f.sol#459-492) is declared view but contains assembly code
Reference: https://github.com/trailofbits/slither/wiki/Detectors-Documentation#constant-functions-changing-the-state[0m
INFO:Detectors:[92m
ExchangeHandler.constructor.totlePrimary (local variable @ /sb/0x0a2631a499813bb47de7490a4845aabee8062b6f.sol#395) shadows:
	- TotleControl.totlePrimary (state variable @ /sb/0x0a2631a499813bb47de7490a4845aabee8062b6f.sol#261-262)
BancorHandler.constructor.selectorProvider (local variable @ /sb/0x0a2631a499813bb47de7490a4845aabee8062b6f.sol#678) shadows:
	- ExchangeHandler.selectorProvider (state variable @ /sb/0x0a2631a499813bb47de7490a4845aabee8062b6f.sol#380)
BancorHandler.constructor.totlePrimary (local variable @ /sb/0x0a2631a499813bb47de7490a4845aabee8062b6f.sol#679) shadows:
	- TotleControl.totlePrimary (state variable @ /sb/0x0a2631a499813bb47de7490a4845aabee8062b6f.sol#261-262)
BancorHandler.constructor.errorReporter (local variable @ /sb/0x0a2631a499813bb47de7490a4845aabee8062b6f.sol#679) shadows:
	- ExchangeHandler.errorReporter (state variable @ /sb/0x0a2631a499813bb47de7490a4845aabee8062b6f.sol#380-381)
Reference: https://github.com/trailofbits/slither/wiki/Detectors-Documentation#local-variable-shadowing[0m
INFO:Detectors:[92m
ERC20SafeTransfer.fetchReturnData uses assembly (/sb/0x0a2631a499813bb47de7490a4845aabee8062b6f.sol#149-164)
	- /sb/0x0a2631a499813bb47de7490a4845aabee8062b6f.sol#152-164
ExchangeHandler.getAmountToGive uses assembly (/sb/0x0a2631a499813bb47de7490a4845aabee8062b6f.sol#416-452)
	- /sb/0x0a2631a499813bb47de7490a4845aabee8062b6f.sol#423-452
ExchangeHandler.staticExchangeChecks uses assembly (/sb/0x0a2631a499813bb47de7490a4845aabee8062b6f.sol#459-492)
	- /sb/0x0a2631a499813bb47de7490a4845aabee8062b6f.sol#465-492
ExchangeHandler.performBuyOrder uses assembly (/sb/0x0a2631a499813bb47de7490a4845aabee8062b6f.sol#503-550)
	- /sb/0x0a2631a499813bb47de7490a4845aabee8062b6f.sol#513-550
ExchangeHandler.performSellOrder uses assembly (/sb/0x0a2631a499813bb47de7490a4845aabee8062b6f.sol#558-605)
	- /sb/0x0a2631a499813bb47de7490a4845aabee8062b6f.sol#567-605
BancorHandler.fallback uses assembly (/sb/0x0a2631a499813bb47de7490a4845aabee8062b6f.sol)
	- /sb/0x0a2631a499813bb47de7490a4845aabee8062b6f.sol
Reference: https://github.com/trailofbits/slither/wiki/Detectors-Documentation#assembly-usage[0m
INFO:Detectors:[92m
Different versions of Solidity is used in /sb/0x0a2631a499813bb47de7490a4845aabee8062b6f.sol:
	- Version used: ['0.4.25', 'ABIEncoderV2']
	- /sb/0x0a2631a499813bb47de7490a4845aabee8062b6f.sol#1 declares pragma solidity0.4.25
	- /sb/0x0a2631a499813bb47de7490a4845aabee8062b6f.sol#2-3 declares pragma experimentalABIEncoderV2
Reference: https://github.com/trailofbits/slither/wiki/Detectors-Documentation#different-pragma-directives-are-used[0m
INFO:Detectors:[92m
ERC20.totalSupply (/sb/0x0a2631a499813bb47de7490a4845aabee8062b6f.sol#95-97) should be declared external
ERC20.balanceOf (/sb/0x0a2631a499813bb47de7490a4845aabee8062b6f.sol#97-100) should be declared external
ERC20.allowance (/sb/0x0a2631a499813bb47de7490a4845aabee8062b6f.sol#100-102) should be declared external
ERC20.transfer (/sb/0x0a2631a499813bb47de7490a4845aabee8062b6f.sol#102-105) should be declared external
ERC20.approve (/sb/0x0a2631a499813bb47de7490a4845aabee8062b6f.sol#105-108) should be declared external
ERC20.transferFrom (/sb/0x0a2631a499813bb47de7490a4845aabee8062b6f.sol#108-112) should be declared external
ERC20.decimals (/sb/0x0a2631a499813bb47de7490a4845aabee8062b6f.sol#112-116) should be declared external
ErrorReporter.revertTx (/sb/0x0a2631a499813bb47de7490a4845aabee8062b6f.sol#190-191) should be declared external
Ownable.renounceOwnership (/sb/0x0a2631a499813bb47de7490a4845aabee8062b6f.sol#231-233) should be declared external
Ownable.transferOwnership (/sb/0x0a2631a499813bb47de7490a4845aabee8062b6f.sol#240-243) should be declared external
Pausable.paused (/sb/0x0a2631a499813bb47de7490a4845aabee8062b6f.sol#326-329) should be declared external
Pausable.pause (/sb/0x0a2631a499813bb47de7490a4845aabee8062b6f.sol#351-352) should be declared external
Pausable.unpause (/sb/0x0a2631a499813bb47de7490a4845aabee8062b6f.sol#353-354) should be declared external
BancorSelectorProvider.getSelector (/sb/0x0a2631a499813bb47de7490a4845aabee8062b6f.sol#630-658) should be declared external
SelectorProvider.getSelector (/sb/0x0a2631a499813bb47de7490a4845aabee8062b6f.sol#368-374) should be declared external
ExchangeHandler.getAmountToGive (/sb/0x0a2631a499813bb47de7490a4845aabee8062b6f.sol#416-452) should be declared external
ExchangeHandler.staticExchangeChecks (/sb/0x0a2631a499813bb47de7490a4845aabee8062b6f.sol#459-492) should be declared external
ExchangeHandler.performBuyOrder (/sb/0x0a2631a499813bb47de7490a4845aabee8062b6f.sol#503-550) should be declared external
ExchangeHandler.performSellOrder (/sb/0x0a2631a499813bb47de7490a4845aabee8062b6f.sol#558-605) should be declared external
BancorHandler.getAmountToGive (/sb/0x0a2631a499813bb47de7490a4845aabee8062b6f.sol#698-707) should be declared external
BancorHandler.staticExchangeChecks (/sb/0x0a2631a499813bb47de7490a4845aabee8062b6f.sol#723-735) should be declared external
BancorHandler.performBuyOrder (/sb/0x0a2631a499813bb47de7490a4845aabee8062b6f.sol#756-775) should be declared external
BancorHandler.performSellOrder (/sb/0x0a2631a499813bb47de7490a4845aabee8062b6f.sol#794-817) should be declared external
BancorHandler.fallback (/sb/0x0a2631a499813bb47de7490a4845aabee8062b6f.sol) should be declared external
Reference: https://github.com/trailofbits/slither/wiki/Detectors-Documentation#public-function-that-could-be-declared-as-external[0m
INFO:Detectors:[92m
Low level call in ERC20SafeTransfer.safeTransfer (/sb/0x0a2631a499813bb47de7490a4845aabee8062b6f.sol#126-131):
	-require(bool)(_tokenAddress.call(bytes4(keccak256()(transfer(address,uint256))),_to,_value)) /sb/0x0a2631a499813bb47de7490a4845aabee8062b6f.sol#129-131
Low level call in ERC20SafeTransfer.safeTransferFrom (/sb/0x0a2631a499813bb47de7490a4845aabee8062b6f.sol#133-140):
	-require(bool)(_tokenAddress.call(bytes4(keccak256()(transferFrom(address,address,uint256))),_from,_to,_value)) /sb/0x0a2631a499813bb47de7490a4845aabee8062b6f.sol#135-138
Low level call in ERC20SafeTransfer.safeApprove (/sb/0x0a2631a499813bb47de7490a4845aabee8062b6f.sol#140-149):
	-require(bool)(_tokenAddress.call(bytes4(keccak256()(approve(address,uint256))),_spender,_value)) /sb/0x0a2631a499813bb47de7490a4845aabee8062b6f.sol#145-147
Reference: https://github.com/trailofbits/slither/wiki/Detectors-Documentation#low-level-calls[0m
INFO:Detectors:[92m
Parameter '_a' of SafeMath.mul (/sb/0x0a2631a499813bb47de7490a4845aabee8062b6f.sol#33) is not in mixedCase
Parameter '_b' of SafeMath.mul (/sb/0x0a2631a499813bb47de7490a4845aabee8062b6f.sol#33) is not in mixedCase
Parameter '_a' of SafeMath.div (/sb/0x0a2631a499813bb47de7490a4845aabee8062b6f.sol#50-51) is not in mixedCase
Parameter '_b' of SafeMath.div (/sb/0x0a2631a499813bb47de7490a4845aabee8062b6f.sol#51) is not in mixedCase
Parameter '_a' of SafeMath.sub (/sb/0x0a2631a499813bb47de7490a4845aabee8062b6f.sol#62) is not in mixedCase
Parameter '_b' of SafeMath.sub (/sb/0x0a2631a499813bb47de7490a4845aabee8062b6f.sol#62-63) is not in mixedCase
Parameter '_a' of SafeMath.add (/sb/0x0a2631a499813bb47de7490a4845aabee8062b6f.sol#72) is not in mixedCase
Parameter '_b' of SafeMath.add (/sb/0x0a2631a499813bb47de7490a4845aabee8062b6f.sol#72-73) is not in mixedCase
Parameter '_tokenAddress' of ERC20SafeTransfer.safeTransfer (/sb/0x0a2631a499813bb47de7490a4845aabee8062b6f.sol#126) is not in mixedCase
Parameter '_to' of ERC20SafeTransfer.safeTransfer (/sb/0x0a2631a499813bb47de7490a4845aabee8062b6f.sol#126) is not in mixedCase
Parameter '_value' of ERC20SafeTransfer.safeTransfer (/sb/0x0a2631a499813bb47de7490a4845aabee8062b6f.sol#126) is not in mixedCase
Parameter '_tokenAddress' of ERC20SafeTransfer.safeTransferFrom (/sb/0x0a2631a499813bb47de7490a4845aabee8062b6f.sol#133) is not in mixedCase
Parameter '_from' of ERC20SafeTransfer.safeTransferFrom (/sb/0x0a2631a499813bb47de7490a4845aabee8062b6f.sol#133) is not in mixedCase
Parameter '_to' of ERC20SafeTransfer.safeTransferFrom (/sb/0x0a2631a499813bb47de7490a4845aabee8062b6f.sol#133) is not in mixedCase
Parameter '_value' of ERC20SafeTransfer.safeTransferFrom (/sb/0x0a2631a499813bb47de7490a4845aabee8062b6f.sol#133) is not in mixedCase
Parameter '_tokenAddress' of ERC20SafeTransfer.safeApprove (/sb/0x0a2631a499813bb47de7490a4845aabee8062b6f.sol#140) is not in mixedCase
Parameter '_spender' of ERC20SafeTransfer.safeApprove (/sb/0x0a2631a499813bb47de7490a4845aabee8062b6f.sol#140) is not in mixedCase
Parameter '_value' of ERC20SafeTransfer.safeApprove (/sb/0x0a2631a499813bb47de7490a4845aabee8062b6f.sol#140) is not in mixedCase
Parameter '_newOwner' of Ownable.transferOwnership (/sb/0x0a2631a499813bb47de7490a4845aabee8062b6f.sol#241) is not in mixedCase
Function 'Ownable._transferOwnership' (/sb/0x0a2631a499813bb47de7490a4845aabee8062b6f.sol#248-252) is not in mixedCase
Parameter '_newOwner' of Ownable._transferOwnership (/sb/0x0a2631a499813bb47de7490a4845aabee8062b6f.sol#249-250) is not in mixedCase
Parameter '_totlePrimary' of TotleControl. (/sb/0x0a2631a499813bb47de7490a4845aabee8062b6f.sol#270) is not in mixedCase
Parameter '_totlePrimary' of TotleControl.setTotle (/sb/0x0a2631a499813bb47de7490a4845aabee8062b6f.sol#282-283) is not in mixedCase
Parameter '_token' of Withdrawable.withdrawToken (/sb/0x0a2631a499813bb47de7490a4845aabee8062b6f.sol#293) is not in mixedCase
Parameter '_amount' of Withdrawable.withdrawToken (/sb/0x0a2631a499813bb47de7490a4845aabee8062b6f.sol#293-294) is not in mixedCase
Parameter '_amount' of Withdrawable.withdrawETH (/sb/0x0a2631a499813bb47de7490a4845aabee8062b6f.sol#308-311) is not in mixedCase
Constant 'SelectorProvider.getAmountToGive' (/sb/0x0a2631a499813bb47de7490a4845aabee8062b6f.sol#354-356) is not in UPPER_CASE_WITH_UNDERSCORES
Constant 'SelectorProvider.staticExchangeChecks' (/sb/0x0a2631a499813bb47de7490a4845aabee8062b6f.sol#356-360) is not in UPPER_CASE_WITH_UNDERSCORES
Constant 'SelectorProvider.performBuyOrder' (/sb/0x0a2631a499813bb47de7490a4845aabee8062b6f.sol#360-366) is not in UPPER_CASE_WITH_UNDERSCORES
Constant 'SelectorProvider.performSellOrder' (/sb/0x0a2631a499813bb47de7490a4845aabee8062b6f.sol#366-368) is not in UPPER_CASE_WITH_UNDERSCORES
Parameter '_selectorProvider' of ExchangeHandler. (/sb/0x0a2631a499813bb47de7490a4845aabee8062b6f.sol#394-395) is not in mixedCase
Parameter '_errorReporter' of ExchangeHandler. (/sb/0x0a2631a499813bb47de7490a4845aabee8062b6f.sol#396) is not in mixedCase
Function 'BancorConverter.BANCOR_GAS_PRICE_LIMIT' (/sb/0x0a2631a499813bb47de7490a4845aabee8062b6f.sol#616-617) is not in mixedCase
Function 'BancorConverter.BANCOR_NETWORK' (/sb/0x0a2631a499813bb47de7490a4845aabee8062b6f.sol#617-620) is not in mixedCase
Reference: https://github.com/trailofbits/slither/wiki/Detectors-Documentation#conformance-to-solidity-naming-conventions[0m
INFO:Slither:/sb/0x0a2631a499813bb47de7490a4845aabee8062b6f.sol analyzed (18 contracts), 74 result(s) found
