INFO:Detectors:[92m
Nutopia._decimals should be constant (/sb/0x1c3ac706cf023365004f48da5094ff01c3bed4f2.sol#109-110)
Nutopia._name should be constant (/sb/0x1c3ac706cf023365004f48da5094ff01c3bed4f2.sol#103-106)
Nutopia._symbol should be constant (/sb/0x1c3ac706cf023365004f48da5094ff01c3bed4f2.sol#107-109)
Nutopia._totalSupply should be constant (/sb/0x1c3ac706cf023365004f48da5094ff01c3bed4f2.sol#102-103)
Reference: https://github.com/trailofbits/slither/wiki/Detectors-Documentation#state-variables-that-could-be-declared-constant[0m
INFO:Detectors:[92m
IERC20.transfer (/sb/0x1c3ac706cf023365004f48da5094ff01c3bed4f2.sol#74) should be declared external
Nutopia.transfer (/sb/0x1c3ac706cf023365004f48da5094ff01c3bed4f2.sol#149-154) should be declared external
Nutopia.approve (/sb/0x1c3ac706cf023365004f48da5094ff01c3bed4f2.sol#142-149) should be declared external
IERC20.approve (/sb/0x1c3ac706cf023365004f48da5094ff01c3bed4f2.sol#74-76) should be declared external
Nutopia.transferFrom (/sb/0x1c3ac706cf023365004f48da5094ff01c3bed4f2.sol#154-161) should be declared external
IERC20.transferFrom (/sb/0x1c3ac706cf023365004f48da5094ff01c3bed4f2.sol#76-80) should be declared external
IERC20.totalSupply (/sb/0x1c3ac706cf023365004f48da5094ff01c3bed4f2.sol#80-82) should be declared external
Nutopia.totalSupply (/sb/0x1c3ac706cf023365004f48da5094ff01c3bed4f2.sol#171-175) should be declared external
IERC20.allowance (/sb/0x1c3ac706cf023365004f48da5094ff01c3bed4f2.sol#82-86) should be declared external
Nutopia.allowance (/sb/0x1c3ac706cf023365004f48da5094ff01c3bed4f2.sol#175-180) should be declared external
Nutopia.name (/sb/0x1c3ac706cf023365004f48da5094ff01c3bed4f2.sol#131-135) should be declared external
Nutopia.symbol (/sb/0x1c3ac706cf023365004f48da5094ff01c3bed4f2.sol#135-139) should be declared external
Nutopia.decimals (/sb/0x1c3ac706cf023365004f48da5094ff01c3bed4f2.sol#139-142) should be declared external
Nutopia.ownerTransfer (/sb/0x1c3ac706cf023365004f48da5094ff01c3bed4f2.sol#184-193) should be declared external
Nutopia.freeze (/sb/0x1c3ac706cf023365004f48da5094ff01c3bed4f2.sol) should be declared external
Nutopia.unfreeze (/sb/0x1c3ac706cf023365004f48da5094ff01c3bed4f2.sol) should be declared external
Reference: https://github.com/trailofbits/slither/wiki/Detectors-Documentation#public-function-that-could-be-declared-as-external[0m
INFO:Detectors:[92m
Detected issues with version pragma in /sb/0x1c3ac706cf023365004f48da5094ff01c3bed4f2.sol:
	- pragma solidity^0.5.0 (/sb/0x1c3ac706cf023365004f48da5094ff01c3bed4f2.sol#1): it allows old versions
Reference: https://github.com/trailofbits/slither/wiki/Detectors-Documentation#incorrect-version-of-solidity[0m
INFO:Detectors:[92m
Parameter '_to' of Nutopia.transfer (/sb/0x1c3ac706cf023365004f48da5094ff01c3bed4f2.sol#152) is not in mixedCase
Parameter '_value' of Nutopia.transfer (/sb/0x1c3ac706cf023365004f48da5094ff01c3bed4f2.sol#152) is not in mixedCase
Parameter '_spender' of Nutopia.approve (/sb/0x1c3ac706cf023365004f48da5094ff01c3bed4f2.sol#142) is not in mixedCase
Parameter '_value' of Nutopia.approve (/sb/0x1c3ac706cf023365004f48da5094ff01c3bed4f2.sol#142-143) is not in mixedCase
Parameter '_from' of Nutopia.transferFrom (/sb/0x1c3ac706cf023365004f48da5094ff01c3bed4f2.sol#154) is not in mixedCase
Parameter '_to' of Nutopia.transferFrom (/sb/0x1c3ac706cf023365004f48da5094ff01c3bed4f2.sol#154) is not in mixedCase
Parameter '_value' of Nutopia.transferFrom (/sb/0x1c3ac706cf023365004f48da5094ff01c3bed4f2.sol#154-155) is not in mixedCase
Parameter '_owner' of Nutopia.balanceOf (/sb/0x1c3ac706cf023365004f48da5094ff01c3bed4f2.sol#180-181) is not in mixedCase
Parameter '_owner' of Nutopia.allowance (/sb/0x1c3ac706cf023365004f48da5094ff01c3bed4f2.sol#175) is not in mixedCase
Parameter '_spender' of Nutopia.allowance (/sb/0x1c3ac706cf023365004f48da5094ff01c3bed4f2.sol#175-176) is not in mixedCase
Function 'Nutopia._transfer' (/sb/0x1c3ac706cf023365004f48da5094ff01c3bed4f2.sol#162-171) is not in mixedCase
Reference: https://github.com/trailofbits/slither/wiki/Detectors-Documentation#conformance-to-solidity-naming-conventions[0m
INFO:Slither:/sb/0x1c3ac706cf023365004f48da5094ff01c3bed4f2.sol analyzed (3 contracts), 29 result(s) found
