INFO:Slither:Compilation warnings/errors on /sb/0x0e1b60780fec3591495de55f080bcce3cac5f5e3.sol:
/sb/0x0e1b60780fec3591495de55f080bcce3cac5f5e3.sol:46:5: Warning: Defining constructors as functions with the same name as the contract is deprecated. Use "constructor(...) { ... }" instead.
    function CustomToken() public {
    ^ (Relevant source part starts here and spans across multiple lines).
/sb/0x0e1b60780fec3591495de55f080bcce3cac5f5e3.sol:23:9: Warning: Invoking events without "emit" prefix is deprecated.
        Transfer(_from, _to, _value);
        ^--------------------------^
/sb/0x0e1b60780fec3591495de55f080bcce3cac5f5e3.sol:40:9: Warning: Invoking events without "emit" prefix is deprecated.
        Approval(msg.sender, _spender, _value);
        ^------------------------------------^
/sb/0x0e1b60780fec3591495de55f080bcce3cac5f5e3.sol:52:9: Warning: Invoking events without "emit" prefix is deprecated.
        Transfer(address(0), 0x22C64f07036C56fCE15372610816AE22a8731296, totalSupply);
        ^---------------------------------------------------------------------------^

INFO:Detectors:[92m
BaseToken.transfer (/sb/0x0e1b60780fec3591495de55f080bcce3cac5f5e3.sol#26-31) should be declared external
BaseToken.transferFrom (/sb/0x0e1b60780fec3591495de55f080bcce3cac5f5e3.sol#31-38) should be declared external
BaseToken.approve (/sb/0x0e1b60780fec3591495de55f080bcce3cac5f5e3.sol#38-46) should be declared external
Reference: https://github.com/trailofbits/slither/wiki/Detectors-Documentation#public-function-that-could-be-declared-as-external[0m
INFO:Detectors:[92m
Detected issues with version pragma in /sb/0x0e1b60780fec3591495de55f080bcce3cac5f5e3.sol:
	- pragma solidity^0.4.19 (/sb/0x0e1b60780fec3591495de55f080bcce3cac5f5e3.sol#1): it allows old versions
Reference: https://github.com/trailofbits/slither/wiki/Detectors-Documentation#incorrect-version-of-solidity[0m
INFO:Detectors:[92m
Function 'BaseToken._transfer' (/sb/0x0e1b60780fec3591495de55f080bcce3cac5f5e3.sol#15-26) is not in mixedCase
Parameter '_from' of BaseToken._transfer (/sb/0x0e1b60780fec3591495de55f080bcce3cac5f5e3.sol#15) is not in mixedCase
Parameter '_to' of BaseToken._transfer (/sb/0x0e1b60780fec3591495de55f080bcce3cac5f5e3.sol#15) is not in mixedCase
Parameter '_value' of BaseToken._transfer (/sb/0x0e1b60780fec3591495de55f080bcce3cac5f5e3.sol#15-16) is not in mixedCase
Parameter '_to' of BaseToken.transfer (/sb/0x0e1b60780fec3591495de55f080bcce3cac5f5e3.sol#26) is not in mixedCase
Parameter '_value' of BaseToken.transfer (/sb/0x0e1b60780fec3591495de55f080bcce3cac5f5e3.sol#26) is not in mixedCase
Parameter '_from' of BaseToken.transferFrom (/sb/0x0e1b60780fec3591495de55f080bcce3cac5f5e3.sol#31) is not in mixedCase
Parameter '_to' of BaseToken.transferFrom (/sb/0x0e1b60780fec3591495de55f080bcce3cac5f5e3.sol#31) is not in mixedCase
Parameter '_value' of BaseToken.transferFrom (/sb/0x0e1b60780fec3591495de55f080bcce3cac5f5e3.sol#31) is not in mixedCase
Parameter '_spender' of BaseToken.approve (/sb/0x0e1b60780fec3591495de55f080bcce3cac5f5e3.sol#38) is not in mixedCase
Parameter '_value' of BaseToken.approve (/sb/0x0e1b60780fec3591495de55f080bcce3cac5f5e3.sol#38-39) is not in mixedCase
Function 'CustomToken.CustomToken' (/sb/0x0e1b60780fec3591495de55f080bcce3cac5f5e3.sol#47-54) is not in mixedCase
Reference: https://github.com/trailofbits/slither/wiki/Detectors-Documentation#conformance-to-solidity-naming-conventions[0m
INFO:Slither:/sb/0x0e1b60780fec3591495de55f080bcce3cac5f5e3.sol analyzed (2 contracts), 16 result(s) found
