INFO:Detectors:[91m
ForwardFundsFundraiser.handleFunds (/sb/0x0d63b3c752b6ca7fb966fec55655616fc8239fcd.sol#406-412) sends eth to arbitrary user
	Dangerous calls:
	- beneficiary.transfer(_ethers) (/sb/0x0d63b3c752b6ca7fb966fec55655616fc8239fcd.sol#411-412)
Reference: https://github.com/trailofbits/slither/wiki/Detectors-Documentation#functions-that-send-ether-to-arbitrary-destinations[0m
INFO:Detectors:[92m
StandardToken.balanceOf (/sb/0x0d63b3c752b6ca7fb966fec55655616fc8239fcd.sol#553-558) should be declared external
ERC20Token.balanceOf (/sb/0x0d63b3c752b6ca7fb966fec55655616fc8239fcd.sol#49-50) should be declared external
StandardToken.transfer (/sb/0x0d63b3c752b6ca7fb966fec55655616fc8239fcd.sol#597-600) should be declared external
ERC20Token.transfer (/sb/0x0d63b3c752b6ca7fb966fec55655616fc8239fcd.sol#50-51) should be declared external
ERC20Token.transferFrom (/sb/0x0d63b3c752b6ca7fb966fec55655616fc8239fcd.sol#51-52) should be declared external
StandardToken.transferFrom (/sb/0x0d63b3c752b6ca7fb966fec55655616fc8239fcd.sol#613-627) should be declared external
ERC20Token.approve (/sb/0x0d63b3c752b6ca7fb966fec55655616fc8239fcd.sol#52-53) should be declared external
StandardToken.approve (/sb/0x0d63b3c752b6ca7fb966fec55655616fc8239fcd.sol#588-591) should be declared external
ERC20Token.allowance (/sb/0x0d63b3c752b6ca7fb966fec55655616fc8239fcd.sol#53-55) should be declared external
StandardToken.allowance (/sb/0x0d63b3c752b6ca7fb966fec55655616fc8239fcd.sol#564-568) should be declared external
HasOwner.transferOwnership (/sb/0x0d63b3c752b6ca7fb966fec55655616fc8239fcd.sol#110-112) should be declared external
HasOwner.acceptOwnership (/sb/0x0d63b3c752b6ca7fb966fec55655616fc8239fcd.sol#117-126) should be declared external
AbstractFundraiser.fallback (/sb/0x0d63b3c752b6ca7fb966fec55655616fc8239fcd.sol#157-159) should be declared external
BasicFundraiser.setBeneficiary (/sb/0x0d63b3c752b6ca7fb966fec55655616fc8239fcd.sol#291-294) should be declared external
GasPriceLimitFundraiser.changeGasPriceLimit (/sb/0x0d63b3c752b6ca7fb966fec55655616fc8239fcd.sol#431-442) should be declared external
IndividualCapsFundraiser.setIndividualMinCap (/sb/0x0d63b3c752b6ca7fb966fec55655616fc8239fcd.sol#491-495) should be declared external
IndividualCapsFundraiser.setIndividualMaxCap (/sb/0x0d63b3c752b6ca7fb966fec55655616fc8239fcd.sol#495-502) should be declared external
MintableToken.mint (/sb/0x0d63b3c752b6ca7fb966fec55655616fc8239fcd.sol#690-701) should be declared external
MintableToken.disableMinting (/sb/0x0d63b3c752b6ca7fb966fec55655616fc8239fcd.sol#707-711) should be declared external
BurnableToken.burn (/sb/0x0d63b3c752b6ca7fb966fec55655616fc8239fcd.sol#789-804) should be declared external
Reference: https://github.com/trailofbits/slither/wiki/Detectors-Documentation#public-function-that-could-be-declared-as-external[0m
INFO:Detectors:[92m
Detected issues with version pragma in /sb/0x0d63b3c752b6ca7fb966fec55655616fc8239fcd.sol:
	- pragma solidity^0.4.21 (/sb/0x0d63b3c752b6ca7fb966fec55655616fc8239fcd.sol#4-6): it allows old versions
Reference: https://github.com/trailofbits/slither/wiki/Detectors-Documentation#incorrect-version-of-solidity[0m
INFO:Detectors:[92m
Parameter '_owner' of HasOwner. (/sb/0x0d63b3c752b6ca7fb966fec55655616fc8239fcd.sol#83) is not in mixedCase
Parameter '_newOwner' of HasOwner.transferOwnership (/sb/0x0d63b3c752b6ca7fb966fec55655616fc8239fcd.sol#111) is not in mixedCase
Parameter '_token' of AbstractFundraiser.initializeFundraiserToken (/sb/0x0d63b3c752b6ca7fb966fec55655616fc8239fcd.sol#150) is not in mixedCase
Parameter '_address' of BasicFundraiser.receiveFunds (/sb/0x0d63b3c752b6ca7fb966fec55655616fc8239fcd.sol#304) is not in mixedCase
Parameter '_amount' of BasicFundraiser.receiveFunds (/sb/0x0d63b3c752b6ca7fb966fec55655616fc8239fcd.sol#304) is not in mixedCase
Parameter '_startTime' of BasicFundraiser.initializeBasicFundraiser (/sb/0x0d63b3c752b6ca7fb966fec55655616fc8239fcd.sol#256-258) is not in mixedCase
Parameter '_endTime' of BasicFundraiser.initializeBasicFundraiser (/sb/0x0d63b3c752b6ca7fb966fec55655616fc8239fcd.sol#258) is not in mixedCase
Parameter '_conversionRate' of BasicFundraiser.initializeBasicFundraiser (/sb/0x0d63b3c752b6ca7fb966fec55655616fc8239fcd.sol#259-260) is not in mixedCase
Parameter '_beneficiary' of BasicFundraiser.initializeBasicFundraiser (/sb/0x0d63b3c752b6ca7fb966fec55655616fc8239fcd.sol#260) is not in mixedCase
Parameter '_conversionRate' of BasicFundraiser.setConversionRate (/sb/0x0d63b3c752b6ca7fb966fec55655616fc8239fcd.sol#280) is not in mixedCase
Parameter '_beneficiary' of BasicFundraiser.setBeneficiary (/sb/0x0d63b3c752b6ca7fb966fec55655616fc8239fcd.sol#291) is not in mixedCase
Parameter '_amount' of BasicFundraiser.calculateTokens (/sb/0x0d63b3c752b6ca7fb966fec55655616fc8239fcd.sol#326) is not in mixedCase
Parameter '_hardCap' of CappedFundraiser.initializeCappedFundraiser (/sb/0x0d63b3c752b6ca7fb966fec55655616fc8239fcd.sol#368) is not in mixedCase
Parameter '' of ForwardFundsFundraiser.handleFunds (/sb/0x0d63b3c752b6ca7fb966fec55655616fc8239fcd.sol#406) is not in mixedCase
Parameter '_ethers' of ForwardFundsFundraiser.handleFunds (/sb/0x0d63b3c752b6ca7fb966fec55655616fc8239fcd.sol#406-407) is not in mixedCase
Parameter '_gasPriceLimit' of GasPriceLimitFundraiser.initializeGasPriceLimitFundraiser (/sb/0x0d63b3c752b6ca7fb966fec55655616fc8239fcd.sol#428) is not in mixedCase
Parameter '_gasPriceLimit' of GasPriceLimitFundraiser.changeGasPriceLimit (/sb/0x0d63b3c752b6ca7fb966fec55655616fc8239fcd.sol#433-434) is not in mixedCase
Parameter '_address' of IndividualCapsFundraiser.handleTokens (/sb/0x0d63b3c752b6ca7fb966fec55655616fc8239fcd.sol#520-521) is not in mixedCase
Parameter '_tokens' of IndividualCapsFundraiser.handleTokens (/sb/0x0d63b3c752b6ca7fb966fec55655616fc8239fcd.sol#521-522) is not in mixedCase
Parameter '_conversionRate' of IndividualCapsFundraiser.setConversionRate (/sb/0x0d63b3c752b6ca7fb966fec55655616fc8239fcd.sol#480) is not in mixedCase
Parameter '_individualMinCap' of IndividualCapsFundraiser.initializeIndividualCapsFundraiser (/sb/0x0d63b3c752b6ca7fb966fec55655616fc8239fcd.sol#472) is not in mixedCase
Parameter '_individualMaxCap' of IndividualCapsFundraiser.initializeIndividualCapsFundraiser (/sb/0x0d63b3c752b6ca7fb966fec55655616fc8239fcd.sol#472-474) is not in mixedCase
Parameter '_individualMinCap' of IndividualCapsFundraiser.setIndividualMinCap (/sb/0x0d63b3c752b6ca7fb966fec55655616fc8239fcd.sol#491) is not in mixedCase
Parameter '_individualMaxCap' of IndividualCapsFundraiser.setIndividualMaxCap (/sb/0x0d63b3c752b6ca7fb966fec55655616fc8239fcd.sol#495-499) is not in mixedCase
Parameter '_address' of StandardToken.balanceOf (/sb/0x0d63b3c752b6ca7fb966fec55655616fc8239fcd.sol#553-554) is not in mixedCase
Parameter '_to' of StandardToken.transfer (/sb/0x0d63b3c752b6ca7fb966fec55655616fc8239fcd.sol#597) is not in mixedCase
Parameter '_value' of StandardToken.transfer (/sb/0x0d63b3c752b6ca7fb966fec55655616fc8239fcd.sol#597) is not in mixedCase
Parameter '_from' of StandardToken.transferFrom (/sb/0x0d63b3c752b6ca7fb966fec55655616fc8239fcd.sol#613) is not in mixedCase
Parameter '_to' of StandardToken.transferFrom (/sb/0x0d63b3c752b6ca7fb966fec55655616fc8239fcd.sol#613-614) is not in mixedCase
Parameter '_value' of StandardToken.transferFrom (/sb/0x0d63b3c752b6ca7fb966fec55655616fc8239fcd.sol#614) is not in mixedCase
Parameter '_spender' of StandardToken.approve (/sb/0x0d63b3c752b6ca7fb966fec55655616fc8239fcd.sol#589) is not in mixedCase
Parameter '_value' of StandardToken.approve (/sb/0x0d63b3c752b6ca7fb966fec55655616fc8239fcd.sol#589) is not in mixedCase
Parameter '_owner' of StandardToken.allowance (/sb/0x0d63b3c752b6ca7fb966fec55655616fc8239fcd.sol#564) is not in mixedCase
Parameter '_spender' of StandardToken.allowance (/sb/0x0d63b3c752b6ca7fb966fec55655616fc8239fcd.sol#564-565) is not in mixedCase
Parameter '_name' of StandardToken. (/sb/0x0d63b3c752b6ca7fb966fec55655616fc8239fcd.sol#546) is not in mixedCase
Parameter '_symbol' of StandardToken. (/sb/0x0d63b3c752b6ca7fb966fec55655616fc8239fcd.sol#546-548) is not in mixedCase
Parameter '_decimals' of StandardToken. (/sb/0x0d63b3c752b6ca7fb966fec55655616fc8239fcd.sol#548) is not in mixedCase
Parameter '_from' of StandardToken.executeTransfer (/sb/0x0d63b3c752b6ca7fb966fec55655616fc8239fcd.sol#631) is not in mixedCase
Parameter '_to' of StandardToken.executeTransfer (/sb/0x0d63b3c752b6ca7fb966fec55655616fc8239fcd.sol#631-632) is not in mixedCase
Parameter '_value' of StandardToken.executeTransfer (/sb/0x0d63b3c752b6ca7fb966fec55655616fc8239fcd.sol#632) is not in mixedCase
Parameter '_minter' of MintableToken. (/sb/0x0d63b3c752b6ca7fb966fec55655616fc8239fcd.sol#678-679) is not in mixedCase
Parameter '_to' of MintableToken.mint (/sb/0x0d63b3c752b6ca7fb966fec55655616fc8239fcd.sol#690-691) is not in mixedCase
Parameter '_value' of MintableToken.mint (/sb/0x0d63b3c752b6ca7fb966fec55655616fc8239fcd.sol#691) is not in mixedCase
Parameter '_address' of MintableTokenFundraiser.handleTokens (/sb/0x0d63b3c752b6ca7fb966fec55655616fc8239fcd.sol#750-752) is not in mixedCase
Parameter '_tokens' of MintableTokenFundraiser.handleTokens (/sb/0x0d63b3c752b6ca7fb966fec55655616fc8239fcd.sol#752) is not in mixedCase
Parameter '_name' of MintableTokenFundraiser.initializeMintableTokenFundraiser (/sb/0x0d63b3c752b6ca7fb966fec55655616fc8239fcd.sol#739) is not in mixedCase
Parameter '_symbol' of MintableTokenFundraiser.initializeMintableTokenFundraiser (/sb/0x0d63b3c752b6ca7fb966fec55655616fc8239fcd.sol#739-740) is not in mixedCase
Parameter '_decimals' of MintableTokenFundraiser.initializeMintableTokenFundraiser (/sb/0x0d63b3c752b6ca7fb966fec55655616fc8239fcd.sol#740) is not in mixedCase
Parameter '_value' of BurnableToken.burn (/sb/0x0d63b3c752b6ca7fb966fec55655616fc8239fcd.sol#789) is not in mixedCase
Reference: https://github.com/trailofbits/slither/wiki/Detectors-Documentation#conformance-to-solidity-naming-conventions[0m
INFO:Detectors:[92m
BasicFundraiser.DECIMALS (/sb/0x0d63b3c752b6ca7fb966fec55655616fc8239fcd.sol#215-216) is never used in TRADELOANTokenFundraiser
BasicFundraiser.DECIMALS_FACTOR (/sb/0x0d63b3c752b6ca7fb966fec55655616fc8239fcd.sol#219-221) is never used in TRADELOANTokenFundraiser
Reference: https://github.com/trailofbits/slither/wiki/Detectors-Documentation#unused-state-variables[0m
INFO:Slither:/sb/0x0d63b3c752b6ca7fb966fec55655616fc8239fcd.sol analyzed (16 contracts), 72 result(s) found
