INFO:Detectors:[93m
WEIPAY (/sb/0x341492c5f449ca8accae37d73aed8fcd21995ef9.sol#5-134) has incorrect ERC20 function interface(s):
	-transfer (/sb/0x341492c5f449ca8accae37d73aed8fcd21995ef9.sol#62-65)
Reference: https://github.com/trailofbits/slither/wiki/Detectors-Documentation#incorrect-erc20-interface[0m
INFO:Detectors:[92m
WEIPAY.decimals should be constant (/sb/0x341492c5f449ca8accae37d73aed8fcd21995ef9.sol#9-10)
Reference: https://github.com/trailofbits/slither/wiki/Detectors-Documentation#state-variables-that-could-be-declared-constant[0m
INFO:Detectors:[92m
WEIPAY.transfer (/sb/0x341492c5f449ca8accae37d73aed8fcd21995ef9.sol#62-65) should be declared external
WEIPAY.transferFrom (/sb/0x341492c5f449ca8accae37d73aed8fcd21995ef9.sol#80-90) should be declared external
WEIPAY.approveAndCall (/sb/0x341492c5f449ca8accae37d73aed8fcd21995ef9.sol#114-126) should be declared external
WEIPAY.burn (/sb/0x341492c5f449ca8accae37d73aed8fcd21995ef9.sol#131-134) should be declared external
WEIPAY.burnFrom (/sb/0x341492c5f449ca8accae37d73aed8fcd21995ef9.sol) should be declared external
Reference: https://github.com/trailofbits/slither/wiki/Detectors-Documentation#public-function-that-could-be-declared-as-external[0m
INFO:Detectors:[92m
Detected issues with version pragma in /sb/0x341492c5f449ca8accae37d73aed8fcd21995ef9.sol:
	- pragma solidity^0.4.18 (/sb/0x341492c5f449ca8accae37d73aed8fcd21995ef9.sol#1): it allows old versions
Reference: https://github.com/trailofbits/slither/wiki/Detectors-Documentation#incorrect-version-of-solidity[0m
INFO:Detectors:[92m
Contract 'tokenRecipient' (/sb/0x341492c5f449ca8accae37d73aed8fcd21995ef9.sol#3-5) is not in CapWords
Function 'WEIPAY._transfer' (/sb/0x341492c5f449ca8accae37d73aed8fcd21995ef9.sol#38-52) is not in mixedCase
Parameter '_from' of WEIPAY._transfer (/sb/0x341492c5f449ca8accae37d73aed8fcd21995ef9.sol#39) is not in mixedCase
Parameter '_to' of WEIPAY._transfer (/sb/0x341492c5f449ca8accae37d73aed8fcd21995ef9.sol#39) is not in mixedCase
Parameter '_value' of WEIPAY._transfer (/sb/0x341492c5f449ca8accae37d73aed8fcd21995ef9.sol#39) is not in mixedCase
Parameter '_to' of WEIPAY.transfer (/sb/0x341492c5f449ca8accae37d73aed8fcd21995ef9.sol#63) is not in mixedCase
Parameter '_value' of WEIPAY.transfer (/sb/0x341492c5f449ca8accae37d73aed8fcd21995ef9.sol#63) is not in mixedCase
Parameter '_from' of WEIPAY.transferFrom (/sb/0x341492c5f449ca8accae37d73aed8fcd21995ef9.sol#80) is not in mixedCase
Parameter '_to' of WEIPAY.transferFrom (/sb/0x341492c5f449ca8accae37d73aed8fcd21995ef9.sol#80) is not in mixedCase
Parameter '_value' of WEIPAY.transferFrom (/sb/0x341492c5f449ca8accae37d73aed8fcd21995ef9.sol#80) is not in mixedCase
Parameter '_spender' of WEIPAY.approve (/sb/0x341492c5f449ca8accae37d73aed8fcd21995ef9.sol#95-96) is not in mixedCase
Parameter '_value' of WEIPAY.approve (/sb/0x341492c5f449ca8accae37d73aed8fcd21995ef9.sol#96) is not in mixedCase
Parameter '_spender' of WEIPAY.approveAndCall (/sb/0x341492c5f449ca8accae37d73aed8fcd21995ef9.sol#116-117) is not in mixedCase
Parameter '_value' of WEIPAY.approveAndCall (/sb/0x341492c5f449ca8accae37d73aed8fcd21995ef9.sol#117-118) is not in mixedCase
Parameter '_extraData' of WEIPAY.approveAndCall (/sb/0x341492c5f449ca8accae37d73aed8fcd21995ef9.sol#118-119) is not in mixedCase
Parameter '_value' of WEIPAY.burn (/sb/0x341492c5f449ca8accae37d73aed8fcd21995ef9.sol#131-134) is not in mixedCase
Parameter '_from' of WEIPAY.burnFrom (/sb/0x341492c5f449ca8accae37d73aed8fcd21995ef9.sol) is not in mixedCase
Parameter '_value' of WEIPAY.burnFrom (/sb/0x341492c5f449ca8accae37d73aed8fcd21995ef9.sol) is not in mixedCase
Reference: https://github.com/trailofbits/slither/wiki/Detectors-Documentation#conformance-to-solidity-naming-conventions[0m
INFO:Slither:/sb/0x341492c5f449ca8accae37d73aed8fcd21995ef9.sol analyzed (2 contracts), 26 result(s) found
