INFO:Detectors:[93m
Reentrancy in KingOfEthRoads.buildDown (/sb/0xc8e072145f8aa3507a291141beae1109070a6fb8.sol#2072-2109):
	External calls:
	- _houseOwner = _housesContract.ownerOf(_x,_y) (/sb/0xc8e072145f8aa3507a291141beae1109070a6fb8.sol#2085-2086)
	State variables written after the call(s):
	- owners (/sb/0xc8e072145f8aa3507a291141beae1109070a6fb8.sol#2092)
	- owners (/sb/0xc8e072145f8aa3507a291141beae1109070a6fb8.sol#2093-2109)
Reentrancy in KingOfEthRoads.buildDown (/sb/0xc8e072145f8aa3507a291141beae1109070a6fb8.sol#2072-2109):
	External calls:
	- _houseOwner = _housesContract.ownerOf(_x,_y) (/sb/0xc8e072145f8aa3507a291141beae1109070a6fb8.sol#2085-2086)
	- require(bool)(_housesContract.ownerOf(_x,_y + _i) == 0x0 || _housesContract.ownerOf(_x,_y + _i) == msg.sender) (/sb/0xc8e072145f8aa3507a291141beae1109070a6fb8.sol#2102-2106)
	State variables written after the call(s):
	- owners (/sb/0xc8e072145f8aa3507a291141beae1109070a6fb8.sol#2107-2109)
Reentrancy in KingOfEthRoads.buildLeft (/sb/0xc8e072145f8aa3507a291141beae1109070a6fb8.sol#2113-2155):
	External calls:
	- _houseOwner = _housesContract.ownerOf(_x,_y) (/sb/0xc8e072145f8aa3507a291141beae1109070a6fb8.sol#2126-2127)
	State variables written after the call(s):
	- owners (/sb/0xc8e072145f8aa3507a291141beae1109070a6fb8.sol#2133-2136)
	- owners (/sb/0xc8e072145f8aa3507a291141beae1109070a6fb8.sol#2136-2154)
Reentrancy in KingOfEthRoads.buildLeft (/sb/0xc8e072145f8aa3507a291141beae1109070a6fb8.sol#2113-2155):
	External calls:
	- _houseOwner = _housesContract.ownerOf(_x,_y) (/sb/0xc8e072145f8aa3507a291141beae1109070a6fb8.sol#2126-2127)
	- require(bool)(_housesContract.ownerOf(_x - _i,_y) == 0x0 || _housesContract.ownerOf(_x - _i,_y) == msg.sender) (/sb/0xc8e072145f8aa3507a291141beae1109070a6fb8.sol#2148-2152)
	State variables written after the call(s):
	- owners (/sb/0xc8e072145f8aa3507a291141beae1109070a6fb8.sol#2153-2154)
Reentrancy in KingOfEthRoads.buildRight (/sb/0xc8e072145f8aa3507a291141beae1109070a6fb8.sol#2030-2068):
	External calls:
	- _houseOwner = _housesContract.ownerOf(_x,_y) (/sb/0xc8e072145f8aa3507a291141beae1109070a6fb8.sol#2042-2044)
	State variables written after the call(s):
	- owners (/sb/0xc8e072145f8aa3507a291141beae1109070a6fb8.sol#2050-2051)
	- owners (/sb/0xc8e072145f8aa3507a291141beae1109070a6fb8.sol#2051-2067)
Reentrancy in KingOfEthRoads.buildRight (/sb/0xc8e072145f8aa3507a291141beae1109070a6fb8.sol#2030-2068):
	External calls:
	- _houseOwner = _housesContract.ownerOf(_x,_y) (/sb/0xc8e072145f8aa3507a291141beae1109070a6fb8.sol#2042-2044)
	- require(bool)(_housesContract.ownerOf(_x + _i,_y) == 0x0 || _housesContract.ownerOf(_x + _i,_y) == msg.sender) (/sb/0xc8e072145f8aa3507a291141beae1109070a6fb8.sol#2061-2065)
	State variables written after the call(s):
	- owners (/sb/0xc8e072145f8aa3507a291141beae1109070a6fb8.sol#2066)
Reentrancy in KingOfEthRoads.buildUp (/sb/0xc8e072145f8aa3507a291141beae1109070a6fb8.sol#2164-2208):
	External calls:
	- _houseOwner = _housesContract.ownerOf(_x,_y) (/sb/0xc8e072145f8aa3507a291141beae1109070a6fb8.sol#2180)
	State variables written after the call(s):
	- owners (/sb/0xc8e072145f8aa3507a291141beae1109070a6fb8.sol#2192-2193)
	- owners (/sb/0xc8e072145f8aa3507a291141beae1109070a6fb8.sol#2193-2208)
Reentrancy in KingOfEthRoads.buildUp (/sb/0xc8e072145f8aa3507a291141beae1109070a6fb8.sol#2164-2208):
	External calls:
	- _houseOwner = _housesContract.ownerOf(_x,_y) (/sb/0xc8e072145f8aa3507a291141beae1109070a6fb8.sol#2180)
	- require(bool)(_housesContract.ownerOf(_x,_y - _i) == 0x0 || _housesContract.ownerOf(_x,_y - _i) == msg.sender) (/sb/0xc8e072145f8aa3507a291141beae1109070a6fb8.sol#2202-2206)
	State variables written after the call(s):
	- owners (/sb/0xc8e072145f8aa3507a291141beae1109070a6fb8.sol#2207)
Reference: https://github.com/trailofbits/slither/wiki/Detectors-Documentation#reentrancy-vulnerabilities-1[0m
INFO:Detectors:[92m
KingOfEthRoads.buildRight has external calls inside a loop:
	- require(bool)(_housesContract.ownerOf(_x + _i,_y) == 0x0 || _housesContract.ownerOf(_x + _i,_y) == msg.sender) (/sb/0xc8e072145f8aa3507a291141beae1109070a6fb8.sol#2061-2065)
KingOfEthRoads.buildDown has external calls inside a loop:
	- require(bool)(_housesContract.ownerOf(_x,_y + _i) == 0x0 || _housesContract.ownerOf(_x,_y + _i) == msg.sender) (/sb/0xc8e072145f8aa3507a291141beae1109070a6fb8.sol#2102-2106)
KingOfEthRoads.buildLeft has external calls inside a loop:
	- require(bool)(_housesContract.ownerOf(_x - _i,_y) == 0x0 || _housesContract.ownerOf(_x - _i,_y) == msg.sender) (/sb/0xc8e072145f8aa3507a291141beae1109070a6fb8.sol#2148-2152)
KingOfEthRoads.buildUp has external calls inside a loop:
	- require(bool)(_housesContract.ownerOf(_x,_y - _i) == 0x0 || _housesContract.ownerOf(_x,_y - _i) == msg.sender) (/sb/0xc8e072145f8aa3507a291141beae1109070a6fb8.sol#2202-2206)
Reference: https://github.com/trailofbits/slither/wiki/Detectors-Documentation/_edit#calls-inside-a-loop[0m
INFO:Detectors:[92m
Reentrancy in KingOfEthRoads.buildRoads (/sb/0xc8e072145f8aa3507a291141beae1109070a6fb8.sol#2256-2284):
	External calls:
	- require(bool)(_boardContract.boundX1() <= _x) (/sb/0xc8e072145f8aa3507a291141beae1109070a6fb8.sol#2271-2272)
	- require(bool)(_boardContract.boundY1() <= _y) (/sb/0xc8e072145f8aa3507a291141beae1109070a6fb8.sol#2273-2275)
	- require(bool)(_boardContract.boundX2() > _x) (/sb/0xc8e072145f8aa3507a291141beae1109070a6fb8.sol#2275-2276)
	- require(bool)(_boardContract.boundY2() > _y) (/sb/0xc8e072145f8aa3507a291141beae1109070a6fb8.sol#2276-2277)
	- KingOfEthResourcesInterface(interfaceContract).burnRoadCosts(_length,msg.sender) (/sb/0xc8e072145f8aa3507a291141beae1109070a6fb8.sol#2282-2284)
	- require(bool)(_boardContract.boundX2() > _x + _length) (/sb/0xc8e072145f8aa3507a291141beae1109070a6fb8.sol)
	- buildRight(_x,_y,_length) (/sb/0xc8e072145f8aa3507a291141beae1109070a6fb8.sol)
	- require(bool)(_boardContract.boundY2() > _y + _length) (/sb/0xc8e072145f8aa3507a291141beae1109070a6fb8.sol)
	- buildDown(_x,_y,_length) (/sb/0xc8e072145f8aa3507a291141beae1109070a6fb8.sol)
	- require(bool)(_boardContract.boundX1() < _x - _length - 1) (/sb/0xc8e072145f8aa3507a291141beae1109070a6fb8.sol)
	- buildLeft(_x,_y,_length) (/sb/0xc8e072145f8aa3507a291141beae1109070a6fb8.sol)
	- require(bool)(_boardContract.boundY1() < _y - _length - 1) (/sb/0xc8e072145f8aa3507a291141beae1109070a6fb8.sol)
	- buildUp(_x,_y,_length) (/sb/0xc8e072145f8aa3507a291141beae1109070a6fb8.sol)
	State variables written after the call(s):
	- roadCounts (/sb/0xc8e072145f8aa3507a291141beae1109070a6fb8.sol)
Reference: https://github.com/trailofbits/slither/wiki/Detectors-Documentation#reentrancy-vulnerabilities-2[0m
INFO:Detectors:[92m
KingOfEthAbstractInterface.king should be constant (/sb/0xc8e072145f8aa3507a291141beae1109070a6fb8.sol#102-104)
KingOfEthAbstractInterface.wayfarer should be constant (/sb/0xc8e072145f8aa3507a291141beae1109070a6fb8.sol#106-108)
Reference: https://github.com/trailofbits/slither/wiki/Detectors-Documentation#state-variables-that-could-be-declared-constant[0m
INFO:Detectors:[92m
GodMode.godChangeGod (/sb/0xc8e072145f8aa3507a291141beae1109070a6fb8.sol#58-63) should be declared external
GodMode.godPause (/sb/0xc8e072145f8aa3507a291141beae1109070a6fb8.sol#65-71) should be declared external
KingOfEthAbstractInterface.payTaxes (/sb/0xc8e072145f8aa3507a291141beae1109070a6fb8.sol#110) should be declared external
KingOfEthBlindAuctionsReferencer.godSetBlindAuctionsContract (/sb/0xc8e072145f8aa3507a291141beae1109070a6fb8.sol#145-153) should be declared external
KingOfEthOpenAuctionsReferencer.godSetOpenAuctionsContract (/sb/0xc8e072145f8aa3507a291141beae1109070a6fb8.sol#188-194) should be declared external
KingOfEthReferencer.godSetKingOfEthContract (/sb/0xc8e072145f8aa3507a291141beae1109070a6fb8.sol#265-268) should be declared external
KingOfEthBoard.godStartGame (/sb/0xc8e072145f8aa3507a291141beae1109070a6fb8.sol#479-483) should be declared external
KingOfEthBoard.auctionsDecrementAuctionsRemaining (/sb/0xc8e072145f8aa3507a291141beae1109070a6fb8.sol#489-494) should be declared external
KingOfEthBoard.auctionsIncrementAuctionsRemaining (/sb/0xc8e072145f8aa3507a291141beae1109070a6fb8.sol#500-505) should be declared external
KingOfEthBoard.kingIncreaseBoard (/sb/0xc8e072145f8aa3507a291141beae1109070a6fb8.sol#506-515) should be declared external
KingOfEthBoard.wayfarerIncreaseBoard (/sb/0xc8e072145f8aa3507a291141beae1109070a6fb8.sol#518-528) should be declared external
KingOfEthBoard.plebIncreaseBoard (/sb/0xc8e072145f8aa3507a291141beae1109070a6fb8.sol#529-538) should be declared external
KingOfEthBoardReferencer.godSetBoardContract (/sb/0xc8e072145f8aa3507a291141beae1109070a6fb8.sol#572-577) should be declared external
KingOfEthHousesAbstractInterface.ownerOf (/sb/0xc8e072145f8aa3507a291141beae1109070a6fb8.sol#596-598) should be declared external
KingOfEthHousesAbstractInterface.level (/sb/0xc8e072145f8aa3507a291141beae1109070a6fb8.sol#602-603) should be declared external
KingOfEthHousesAbstractInterface.auctionsSetOwner (/sb/0xc8e072145f8aa3507a291141beae1109070a6fb8.sol#615-617) should be declared external
KingOfEthHousesAbstractInterface.houseRealtyTransferOwnership (/sb/0xc8e072145f8aa3507a291141beae1109070a6fb8.sol#627-629) should be declared external
KingOfEthHousesReferencer.godSetHousesContract (/sb/0xc8e072145f8aa3507a291141beae1109070a6fb8.sol#667-670) should be declared external
KingOfEthEthExchangeReferencer.godSetEthExchangeContract (/sb/0xc8e072145f8aa3507a291141beae1109070a6fb8.sol#708-712) should be declared external
KingOfEthResourceExchangeReferencer.godSetResourceExchangeContract (/sb/0xc8e072145f8aa3507a291141beae1109070a6fb8.sol#752-757) should be declared external
KingOfEthResourcesInterfaceReferencer.godSetInterfaceContract (/sb/0xc8e072145f8aa3507a291141beae1109070a6fb8.sol#832-834) should be declared external
KingOfEthResource.totalSupply (/sb/0xc8e072145f8aa3507a291141beae1109070a6fb8.sol#899-901) should be declared external
ERC20Interface.totalSupply (/sb/0xc8e072145f8aa3507a291141beae1109070a6fb8.sol#845-848) should be declared external
KingOfEthResource.balanceOf (/sb/0xc8e072145f8aa3507a291141beae1109070a6fb8.sol#906-911) should be declared external
ERC20Interface.balanceOf (/sb/0xc8e072145f8aa3507a291141beae1109070a6fb8.sol#848-851) should be declared external
ERC20Interface.allowance (/sb/0xc8e072145f8aa3507a291141beae1109070a6fb8.sol#851-856) should be declared external
KingOfEthResource.allowance (/sb/0xc8e072145f8aa3507a291141beae1109070a6fb8.sol#928-936) should be declared external
ERC20Interface.transfer (/sb/0xc8e072145f8aa3507a291141beae1109070a6fb8.sol#856-859) should be declared external
KingOfEthResource.transfer (/sb/0xc8e072145f8aa3507a291141beae1109070a6fb8.sol#1060-1076) should be declared external
ERC20Interface.approve (/sb/0xc8e072145f8aa3507a291141beae1109070a6fb8.sol#859-860) should be declared external
KingOfEthResource.approve (/sb/0xc8e072145f8aa3507a291141beae1109070a6fb8.sol#1080-1087) should be declared external
ERC20Interface.transferFrom (/sb/0xc8e072145f8aa3507a291141beae1109070a6fb8.sol#860-863) should be declared external
KingOfEthResource.transferFrom (/sb/0xc8e072145f8aa3507a291141beae1109070a6fb8.sol#1093-1114) should be declared external
KingOfEthResource.frozenTokens (/sb/0xc8e072145f8aa3507a291141beae1109070a6fb8.sol#914-920) should be declared external
KingOfEthResource.interfaceBurnTokens (/sb/0xc8e072145f8aa3507a291141beae1109070a6fb8.sol#970-981) should be declared external
KingOfEthResource.interfaceMintTokens (/sb/0xc8e072145f8aa3507a291141beae1109070a6fb8.sol#985-994) should be declared external
KingOfEthResource.interfaceFreezeTokens (/sb/0xc8e072145f8aa3507a291141beae1109070a6fb8.sol#1001-1008) should be declared external
KingOfEthResource.interfaceThawTokens (/sb/0xc8e072145f8aa3507a291141beae1109070a6fb8.sol#1011-1016) should be declared external
KingOfEthResource.interfaceTransfer (/sb/0xc8e072145f8aa3507a291141beae1109070a6fb8.sol#1024-1034) should be declared external
KingOfEthResource.interfaceFrozenTransfer (/sb/0xc8e072145f8aa3507a291141beae1109070a6fb8.sol#1042-1057) should be declared external
KingOfEthRoadsReferencer.godSetRoadsContract (/sb/0xc8e072145f8aa3507a291141beae1109070a6fb8.sol#1184-1190) should be declared external
KingOfEthResourcesInterface.lookupResourcePoints (/sb/0xc8e072145f8aa3507a291141beae1109070a6fb8.sol#1366-1385) should be declared external
KingOfEthResourcesInterface.burnUpgradeCosts (/sb/0xc8e072145f8aa3507a291141beae1109070a6fb8.sol#1417-1464) should be declared external
KingOfEthResourcesInterface.distributeResources (/sb/0xc8e072145f8aa3507a291141beae1109070a6fb8.sol#1476-1506) should be declared external
KingOfEthResourcesInterface.burnRoadCosts (/sb/0xc8e072145f8aa3507a291141beae1109070a6fb8.sol#1509-1520) should be declared external
KingOfEthResourcesInterface.exchangeFreezeTokens (/sb/0xc8e072145f8aa3507a291141beae1109070a6fb8.sol#1523-1532) should be declared external
KingOfEthResourcesInterface.exchangeThawTokens (/sb/0xc8e072145f8aa3507a291141beae1109070a6fb8.sol#1537-1545) should be declared external
KingOfEthResourcesInterface.exchangeTransfer (/sb/0xc8e072145f8aa3507a291141beae1109070a6fb8.sol#1550-1554) should be declared external
KingOfEthResourcesInterface.exchangeFrozenTransfer (/sb/0xc8e072145f8aa3507a291141beae1109070a6fb8.sol#1560-1571) should be declared external
KingOfEthRoadsAbstractInterface.ownerOf (/sb/0xc8e072145f8aa3507a291141beae1109070a6fb8.sol#1604-1607) should be declared external
KingOfEthRoads.ownerOf (/sb/0xc8e072145f8aa3507a291141beae1109070a6fb8.sol#2003-2009) should be declared external
KingOfEthRoads.roadRealtyTransferOwnership (/sb/0xc8e072145f8aa3507a291141beae1109070a6fb8.sol#2228-2244) should be declared external
KingOfEthRoadsAbstractInterface.roadRealtyTransferOwnership (/sb/0xc8e072145f8aa3507a291141beae1109070a6fb8.sol#1620-1629) should be declared external
KingOfEthRoadRealty.roadsCancelRoadSale (/sb/0xc8e072145f8aa3507a291141beae1109070a6fb8.sol#1739-1752) should be declared external
KingOfEthRoadRealty.startRoadSale (/sb/0xc8e072145f8aa3507a291141beae1109070a6fb8.sol#1761-1776) should be declared external
KingOfEthRoadRealty.changeRoadPrice (/sb/0xc8e072145f8aa3507a291141beae1109070a6fb8.sol#1788-1807) should be declared external
KingOfEthRoadRealty.purchaseRoad (/sb/0xc8e072145f8aa3507a291141beae1109070a6fb8.sol#1814-1859) should be declared external
KingOfEthRoadRealty.cancelRoadSale (/sb/0xc8e072145f8aa3507a291141beae1109070a6fb8.sol#1865-1889) should be declared external
KingOfEthRoadRealtyReferencer.godSetRoadRealtyContract (/sb/0xc8e072145f8aa3507a291141beae1109070a6fb8.sol#1919-1924) should be declared external
KingOfEthRoads.numberOfRoads (/sb/0xc8e072145f8aa3507a291141beae1109070a6fb8.sol#2013-2018) should be declared external
KingOfEthRoads.godChangeRoadCost (/sb/0xc8e072145f8aa3507a291141beae1109070a6fb8.sol#2213-2216) should be declared external
KingOfEthRoads.buildRoads (/sb/0xc8e072145f8aa3507a291141beae1109070a6fb8.sol#2256-2284) should be declared external
KingOfEthRoads.sendRoad (/sb/0xc8e072145f8aa3507a291141beae1109070a6fb8.sol) should be declared external
Reference: https://github.com/trailofbits/slither/wiki/Detectors-Documentation#public-function-that-could-be-declared-as-external[0m
INFO:Detectors:[92m
Parameter '_newGod' of GodMode.godChangeGod (/sb/0xc8e072145f8aa3507a291141beae1109070a6fb8.sol#59-62) is not in mixedCase
Parameter '_blindAuctionsContract' of KingOfEthBlindAuctionsReferencer.godSetBlindAuctionsContract (/sb/0xc8e072145f8aa3507a291141beae1109070a6fb8.sol#149) is not in mixedCase
Parameter '_openAuctionsContract' of KingOfEthOpenAuctionsReferencer.godSetOpenAuctionsContract (/sb/0xc8e072145f8aa3507a291141beae1109070a6fb8.sol#188-190) is not in mixedCase
Parameter '_kingOfEthContract' of KingOfEthReferencer.godSetKingOfEthContract (/sb/0xc8e072145f8aa3507a291141beae1109070a6fb8.sol#265-267) is not in mixedCase
Constant 'KingOfEthBoard.auctionsAvailableDivisor' (/sb/0xc8e072145f8aa3507a291141beae1109070a6fb8.sol#309-311) is not in UPPER_CASE_WITH_UNDERSCORES
Constant 'KingOfEthBoard.kingTimeBetweenIncrease' (/sb/0xc8e072145f8aa3507a291141beae1109070a6fb8.sol#312-313) is not in UPPER_CASE_WITH_UNDERSCORES
Constant 'KingOfEthBoard.wayfarerTimeBetweenIncrease' (/sb/0xc8e072145f8aa3507a291141beae1109070a6fb8.sol#316-318) is not in UPPER_CASE_WITH_UNDERSCORES
Constant 'KingOfEthBoard.plebTimeBetweenIncrease' (/sb/0xc8e072145f8aa3507a291141beae1109070a6fb8.sol#322-323) is not in UPPER_CASE_WITH_UNDERSCORES
Parameter '_boardContract' of KingOfEthBoardReferencer.godSetBoardContract (/sb/0xc8e072145f8aa3507a291141beae1109070a6fb8.sol#574-576) is not in mixedCase
Parameter '_housesContract' of KingOfEthHousesReferencer.godSetHousesContract (/sb/0xc8e072145f8aa3507a291141beae1109070a6fb8.sol#668) is not in mixedCase
Parameter '_ethExchangeContract' of KingOfEthEthExchangeReferencer.godSetEthExchangeContract (/sb/0xc8e072145f8aa3507a291141beae1109070a6fb8.sol#709-710) is not in mixedCase
Parameter '_resourceExchangeContract' of KingOfEthResourceExchangeReferencer.godSetResourceExchangeContract (/sb/0xc8e072145f8aa3507a291141beae1109070a6fb8.sol#753) is not in mixedCase
Parameter '_interfaceContract' of KingOfEthResourcesInterfaceReferencer.godSetInterfaceContract (/sb/0xc8e072145f8aa3507a291141beae1109070a6fb8.sol#832-833) is not in mixedCase
Parameter '_tokenOwner' of KingOfEthResource.balanceOf (/sb/0xc8e072145f8aa3507a291141beae1109070a6fb8.sol#909) is not in mixedCase
Parameter '_tokenOwner' of KingOfEthResource.allowance (/sb/0xc8e072145f8aa3507a291141beae1109070a6fb8.sol#930) is not in mixedCase
Parameter '_spender' of KingOfEthResource.allowance (/sb/0xc8e072145f8aa3507a291141beae1109070a6fb8.sol#930-931) is not in mixedCase
Parameter '_to' of KingOfEthResource.transfer (/sb/0xc8e072145f8aa3507a291141beae1109070a6fb8.sol#1062) is not in mixedCase
Parameter '_tokens' of KingOfEthResource.transfer (/sb/0xc8e072145f8aa3507a291141beae1109070a6fb8.sol#1062) is not in mixedCase
Parameter '_spender' of KingOfEthResource.approve (/sb/0xc8e072145f8aa3507a291141beae1109070a6fb8.sol#1080-1081) is not in mixedCase
Parameter '_tokens' of KingOfEthResource.approve (/sb/0xc8e072145f8aa3507a291141beae1109070a6fb8.sol#1081) is not in mixedCase
Parameter '_from' of KingOfEthResource.transferFrom (/sb/0xc8e072145f8aa3507a291141beae1109070a6fb8.sol#1093-1094) is not in mixedCase
Parameter '_to' of KingOfEthResource.transferFrom (/sb/0xc8e072145f8aa3507a291141beae1109070a6fb8.sol#1094) is not in mixedCase
Parameter '_tokens' of KingOfEthResource.transferFrom (/sb/0xc8e072145f8aa3507a291141beae1109070a6fb8.sol#1094-1095) is not in mixedCase
Parameter '_tokenOwner' of KingOfEthResource.frozenTokens (/sb/0xc8e072145f8aa3507a291141beae1109070a6fb8.sol#918) is not in mixedCase
Parameter '_owner' of KingOfEthResource.interfaceBurnTokens (/sb/0xc8e072145f8aa3507a291141beae1109070a6fb8.sol#971) is not in mixedCase
Parameter '_tokens' of KingOfEthResource.interfaceBurnTokens (/sb/0xc8e072145f8aa3507a291141beae1109070a6fb8.sol#971) is not in mixedCase
Parameter '_owner' of KingOfEthResource.interfaceMintTokens (/sb/0xc8e072145f8aa3507a291141beae1109070a6fb8.sol#987) is not in mixedCase
Parameter '_tokens' of KingOfEthResource.interfaceMintTokens (/sb/0xc8e072145f8aa3507a291141beae1109070a6fb8.sol#987-988) is not in mixedCase
Parameter '_owner' of KingOfEthResource.interfaceFreezeTokens (/sb/0xc8e072145f8aa3507a291141beae1109070a6fb8.sol#1003) is not in mixedCase
Parameter '_tokens' of KingOfEthResource.interfaceFreezeTokens (/sb/0xc8e072145f8aa3507a291141beae1109070a6fb8.sol#1003) is not in mixedCase
Parameter '_owner' of KingOfEthResource.interfaceThawTokens (/sb/0xc8e072145f8aa3507a291141beae1109070a6fb8.sol#1012-1013) is not in mixedCase
Parameter '_tokens' of KingOfEthResource.interfaceThawTokens (/sb/0xc8e072145f8aa3507a291141beae1109070a6fb8.sol#1013) is not in mixedCase
Parameter '_from' of KingOfEthResource.interfaceTransfer (/sb/0xc8e072145f8aa3507a291141beae1109070a6fb8.sol#1025) is not in mixedCase
Parameter '_to' of KingOfEthResource.interfaceTransfer (/sb/0xc8e072145f8aa3507a291141beae1109070a6fb8.sol#1025) is not in mixedCase
Parameter '_tokens' of KingOfEthResource.interfaceTransfer (/sb/0xc8e072145f8aa3507a291141beae1109070a6fb8.sol#1025-1026) is not in mixedCase
Parameter '_from' of KingOfEthResource.interfaceFrozenTransfer (/sb/0xc8e072145f8aa3507a291141beae1109070a6fb8.sol#1042-1043) is not in mixedCase
Parameter '_to' of KingOfEthResource.interfaceFrozenTransfer (/sb/0xc8e072145f8aa3507a291141beae1109070a6fb8.sol#1043-1044) is not in mixedCase
Parameter '_tokens' of KingOfEthResource.interfaceFrozenTransfer (/sb/0xc8e072145f8aa3507a291141beae1109070a6fb8.sol#1044) is not in mixedCase
Parameter '_roadsContract' of KingOfEthRoadsReferencer.godSetRoadsContract (/sb/0xc8e072145f8aa3507a291141beae1109070a6fb8.sol#1185) is not in mixedCase
Parameter '_bronzeContract' of KingOfEthResourcesInterface. (/sb/0xc8e072145f8aa3507a291141beae1109070a6fb8.sol#1256) is not in mixedCase
Parameter '_cornContract' of KingOfEthResourcesInterface. (/sb/0xc8e072145f8aa3507a291141beae1109070a6fb8.sol#1257-1258) is not in mixedCase
Parameter '_goldContract' of KingOfEthResourcesInterface. (/sb/0xc8e072145f8aa3507a291141beae1109070a6fb8.sol#1258-1259) is not in mixedCase
Parameter '_oilContract' of KingOfEthResourcesInterface. (/sb/0xc8e072145f8aa3507a291141beae1109070a6fb8.sol#1260) is not in mixedCase
Parameter '_oreContract' of KingOfEthResourcesInterface. (/sb/0xc8e072145f8aa3507a291141beae1109070a6fb8.sol#1262) is not in mixedCase
Parameter '_steelContract' of KingOfEthResourcesInterface. (/sb/0xc8e072145f8aa3507a291141beae1109070a6fb8.sol#1262-1264) is not in mixedCase
Parameter '_uraniumContract' of KingOfEthResourcesInterface. (/sb/0xc8e072145f8aa3507a291141beae1109070a6fb8.sol#1264-1265) is not in mixedCase
Parameter '_woodContract' of KingOfEthResourcesInterface. (/sb/0xc8e072145f8aa3507a291141beae1109070a6fb8.sol#1266) is not in mixedCase
Parameter '_type' of KingOfEthResourcesInterface.contractFor (/sb/0xc8e072145f8aa3507a291141beae1109070a6fb8.sol#1286-1287) is not in mixedCase
Parameter '_x' of KingOfEthResourcesInterface.resourceType (/sb/0xc8e072145f8aa3507a291141beae1109070a6fb8.sol#1336) is not in mixedCase
Parameter '_y' of KingOfEthResourcesInterface.resourceType (/sb/0xc8e072145f8aa3507a291141beae1109070a6fb8.sol#1336) is not in mixedCase
Parameter '_player' of KingOfEthResourcesInterface.lookupResourcePoints (/sb/0xc8e072145f8aa3507a291141beae1109070a6fb8.sol#1369) is not in mixedCase
Parameter '_count' of KingOfEthResourcesInterface.burnHouseCosts (/sb/0xc8e072145f8aa3507a291141beae1109070a6fb8.sol#1392) is not in mixedCase
Parameter '_player' of KingOfEthResourcesInterface.burnHouseCosts (/sb/0xc8e072145f8aa3507a291141beae1109070a6fb8.sol#1392-1393) is not in mixedCase
Parameter '_currentLevel' of KingOfEthResourcesInterface.burnUpgradeCosts (/sb/0xc8e072145f8aa3507a291141beae1109070a6fb8.sol#1418-1419) is not in mixedCase
Parameter '_player' of KingOfEthResourcesInterface.burnUpgradeCosts (/sb/0xc8e072145f8aa3507a291141beae1109070a6fb8.sol#1419-1420) is not in mixedCase
Parameter '_owner' of KingOfEthResourcesInterface.distributeResources (/sb/0xc8e072145f8aa3507a291141beae1109070a6fb8.sol#1476-1477) is not in mixedCase
Parameter '_x' of KingOfEthResourcesInterface.distributeResources (/sb/0xc8e072145f8aa3507a291141beae1109070a6fb8.sol#1477) is not in mixedCase
Parameter '_y' of KingOfEthResourcesInterface.distributeResources (/sb/0xc8e072145f8aa3507a291141beae1109070a6fb8.sol#1477-1478) is not in mixedCase
Parameter '_level' of KingOfEthResourcesInterface.distributeResources (/sb/0xc8e072145f8aa3507a291141beae1109070a6fb8.sol#1478) is not in mixedCase
Parameter '_length' of KingOfEthResourcesInterface.burnRoadCosts (/sb/0xc8e072145f8aa3507a291141beae1109070a6fb8.sol#1509) is not in mixedCase
Parameter '_player' of KingOfEthResourcesInterface.burnRoadCosts (/sb/0xc8e072145f8aa3507a291141beae1109070a6fb8.sol#1509) is not in mixedCase
Parameter '_type' of KingOfEthResourcesInterface.exchangeFreezeTokens (/sb/0xc8e072145f8aa3507a291141beae1109070a6fb8.sol#1525) is not in mixedCase
Parameter '_owner' of KingOfEthResourcesInterface.exchangeFreezeTokens (/sb/0xc8e072145f8aa3507a291141beae1109070a6fb8.sol#1525) is not in mixedCase
Parameter '_tokens' of KingOfEthResourcesInterface.exchangeFreezeTokens (/sb/0xc8e072145f8aa3507a291141beae1109070a6fb8.sol#1525) is not in mixedCase
Parameter '_type' of KingOfEthResourcesInterface.exchangeThawTokens (/sb/0xc8e072145f8aa3507a291141beae1109070a6fb8.sol#1538) is not in mixedCase
Parameter '_owner' of KingOfEthResourcesInterface.exchangeThawTokens (/sb/0xc8e072145f8aa3507a291141beae1109070a6fb8.sol#1538) is not in mixedCase
Parameter '_tokens' of KingOfEthResourcesInterface.exchangeThawTokens (/sb/0xc8e072145f8aa3507a291141beae1109070a6fb8.sol#1538-1540) is not in mixedCase
Parameter '_type' of KingOfEthResourcesInterface.exchangeTransfer (/sb/0xc8e072145f8aa3507a291141beae1109070a6fb8.sol#1551) is not in mixedCase
Parameter '_from' of KingOfEthResourcesInterface.exchangeTransfer (/sb/0xc8e072145f8aa3507a291141beae1109070a6fb8.sol#1551) is not in mixedCase
Parameter '_to' of KingOfEthResourcesInterface.exchangeTransfer (/sb/0xc8e072145f8aa3507a291141beae1109070a6fb8.sol#1551) is not in mixedCase
Parameter '_tokens' of KingOfEthResourcesInterface.exchangeTransfer (/sb/0xc8e072145f8aa3507a291141beae1109070a6fb8.sol#1551-1552) is not in mixedCase
Parameter '_type' of KingOfEthResourcesInterface.exchangeFrozenTransfer (/sb/0xc8e072145f8aa3507a291141beae1109070a6fb8.sol#1561-1562) is not in mixedCase
Parameter '_from' of KingOfEthResourcesInterface.exchangeFrozenTransfer (/sb/0xc8e072145f8aa3507a291141beae1109070a6fb8.sol#1562) is not in mixedCase
Parameter '_to' of KingOfEthResourcesInterface.exchangeFrozenTransfer (/sb/0xc8e072145f8aa3507a291141beae1109070a6fb8.sol#1562) is not in mixedCase
Parameter '_tokens' of KingOfEthResourcesInterface.exchangeFrozenTransfer (/sb/0xc8e072145f8aa3507a291141beae1109070a6fb8.sol#1562-1563) is not in mixedCase
Constant 'KingOfEthResourcesInterface.resourcesPerHouse' (/sb/0xc8e072145f8aa3507a291141beae1109070a6fb8.sol#1213-1214) is not in UPPER_CASE_WITH_UNDERSCORES
Parameter '_kingOfEthContract' of KingOfEthRoadRealty. (/sb/0xc8e072145f8aa3507a291141beae1109070a6fb8.sol#1727-1728) is not in mixedCase
Parameter '_x' of KingOfEthRoadRealty.roadsCancelRoadSale (/sb/0xc8e072145f8aa3507a291141beae1109070a6fb8.sol#1740) is not in mixedCase
Parameter '_y' of KingOfEthRoadRealty.roadsCancelRoadSale (/sb/0xc8e072145f8aa3507a291141beae1109070a6fb8.sol#1740) is not in mixedCase
Parameter '_direction' of KingOfEthRoadRealty.roadsCancelRoadSale (/sb/0xc8e072145f8aa3507a291141beae1109070a6fb8.sol#1740-1742) is not in mixedCase
Parameter '_x' of KingOfEthRoadRealty.startRoadSale (/sb/0xc8e072145f8aa3507a291141beae1109070a6fb8.sol#1762) is not in mixedCase
Parameter '_y' of KingOfEthRoadRealty.startRoadSale (/sb/0xc8e072145f8aa3507a291141beae1109070a6fb8.sol#1762) is not in mixedCase
Parameter '_direction' of KingOfEthRoadRealty.startRoadSale (/sb/0xc8e072145f8aa3507a291141beae1109070a6fb8.sol#1762) is not in mixedCase
Parameter '_askingPrice' of KingOfEthRoadRealty.startRoadSale (/sb/0xc8e072145f8aa3507a291141beae1109070a6fb8.sol#1764-1765) is not in mixedCase
Parameter '_x' of KingOfEthRoadRealty.changeRoadPrice (/sb/0xc8e072145f8aa3507a291141beae1109070a6fb8.sol#1790) is not in mixedCase
Parameter '_y' of KingOfEthRoadRealty.changeRoadPrice (/sb/0xc8e072145f8aa3507a291141beae1109070a6fb8.sol#1791) is not in mixedCase
Parameter '_direction' of KingOfEthRoadRealty.changeRoadPrice (/sb/0xc8e072145f8aa3507a291141beae1109070a6fb8.sol#1792-1793) is not in mixedCase
Parameter '_askingPrice' of KingOfEthRoadRealty.changeRoadPrice (/sb/0xc8e072145f8aa3507a291141beae1109070a6fb8.sol#1793-1794) is not in mixedCase
Parameter '_x' of KingOfEthRoadRealty.purchaseRoad (/sb/0xc8e072145f8aa3507a291141beae1109070a6fb8.sol#1817) is not in mixedCase
Parameter '_y' of KingOfEthRoadRealty.purchaseRoad (/sb/0xc8e072145f8aa3507a291141beae1109070a6fb8.sol#1817) is not in mixedCase
Parameter '_direction' of KingOfEthRoadRealty.purchaseRoad (/sb/0xc8e072145f8aa3507a291141beae1109070a6fb8.sol#1817) is not in mixedCase
Parameter '_x' of KingOfEthRoadRealty.cancelRoadSale (/sb/0xc8e072145f8aa3507a291141beae1109070a6fb8.sol#1865) is not in mixedCase
Parameter '_y' of KingOfEthRoadRealty.cancelRoadSale (/sb/0xc8e072145f8aa3507a291141beae1109070a6fb8.sol#1865-1866) is not in mixedCase
Parameter '_direction' of KingOfEthRoadRealty.cancelRoadSale (/sb/0xc8e072145f8aa3507a291141beae1109070a6fb8.sol#1866) is not in mixedCase
Constant 'KingOfEthRoadRealty.taxDivisor' (/sb/0xc8e072145f8aa3507a291141beae1109070a6fb8.sol#1655-1656) is not in UPPER_CASE_WITH_UNDERSCORES
Parameter '_roadRealtyContract' of KingOfEthRoadRealtyReferencer.godSetRoadRealtyContract (/sb/0xc8e072145f8aa3507a291141beae1109070a6fb8.sol#1919-1920) is not in mixedCase
Parameter '_x' of KingOfEthRoads.ownerOf (/sb/0xc8e072145f8aa3507a291141beae1109070a6fb8.sol#2003) is not in mixedCase
Parameter '_y' of KingOfEthRoads.ownerOf (/sb/0xc8e072145f8aa3507a291141beae1109070a6fb8.sol#2003) is not in mixedCase
Parameter '_direction' of KingOfEthRoads.ownerOf (/sb/0xc8e072145f8aa3507a291141beae1109070a6fb8.sol#2003) is not in mixedCase
Parameter '_x' of KingOfEthRoads.roadRealtyTransferOwnership (/sb/0xc8e072145f8aa3507a291141beae1109070a6fb8.sol#2229) is not in mixedCase
Parameter '_y' of KingOfEthRoads.roadRealtyTransferOwnership (/sb/0xc8e072145f8aa3507a291141beae1109070a6fb8.sol#2229-2230) is not in mixedCase
Parameter '_direction' of KingOfEthRoads.roadRealtyTransferOwnership (/sb/0xc8e072145f8aa3507a291141beae1109070a6fb8.sol#2231) is not in mixedCase
Parameter '_from' of KingOfEthRoads.roadRealtyTransferOwnership (/sb/0xc8e072145f8aa3507a291141beae1109070a6fb8.sol#2231) is not in mixedCase
Parameter '_to' of KingOfEthRoads.roadRealtyTransferOwnership (/sb/0xc8e072145f8aa3507a291141beae1109070a6fb8.sol#2232) is not in mixedCase
Parameter '_boardContract' of KingOfEthRoads. (/sb/0xc8e072145f8aa3507a291141beae1109070a6fb8.sol#1978) is not in mixedCase
Parameter '_roadRealtyContract' of KingOfEthRoads. (/sb/0xc8e072145f8aa3507a291141beae1109070a6fb8.sol#1978) is not in mixedCase
Parameter '_kingOfEthContract' of KingOfEthRoads. (/sb/0xc8e072145f8aa3507a291141beae1109070a6fb8.sol#1979) is not in mixedCase
Parameter '_interfaceContract' of KingOfEthRoads. (/sb/0xc8e072145f8aa3507a291141beae1109070a6fb8.sol#1979) is not in mixedCase
Parameter '_player' of KingOfEthRoads.numberOfRoads (/sb/0xc8e072145f8aa3507a291141beae1109070a6fb8.sol#2013-2014) is not in mixedCase
Parameter '_x' of KingOfEthRoads.buildRight (/sb/0xc8e072145f8aa3507a291141beae1109070a6fb8.sol#2030-2031) is not in mixedCase
Parameter '_y' of KingOfEthRoads.buildRight (/sb/0xc8e072145f8aa3507a291141beae1109070a6fb8.sol#2031) is not in mixedCase
Parameter '_length' of KingOfEthRoads.buildRight (/sb/0xc8e072145f8aa3507a291141beae1109070a6fb8.sol#2031) is not in mixedCase
Parameter '_x' of KingOfEthRoads.buildDown (/sb/0xc8e072145f8aa3507a291141beae1109070a6fb8.sol#2072) is not in mixedCase
Parameter '_y' of KingOfEthRoads.buildDown (/sb/0xc8e072145f8aa3507a291141beae1109070a6fb8.sol#2072) is not in mixedCase
Parameter '_length' of KingOfEthRoads.buildDown (/sb/0xc8e072145f8aa3507a291141beae1109070a6fb8.sol#2073) is not in mixedCase
Parameter '_x' of KingOfEthRoads.buildLeft (/sb/0xc8e072145f8aa3507a291141beae1109070a6fb8.sol#2114) is not in mixedCase
Parameter '_y' of KingOfEthRoads.buildLeft (/sb/0xc8e072145f8aa3507a291141beae1109070a6fb8.sol#2114) is not in mixedCase
Parameter '_length' of KingOfEthRoads.buildLeft (/sb/0xc8e072145f8aa3507a291141beae1109070a6fb8.sol#2114) is not in mixedCase
Parameter '_x' of KingOfEthRoads.buildUp (/sb/0xc8e072145f8aa3507a291141beae1109070a6fb8.sol#2166) is not in mixedCase
Parameter '_y' of KingOfEthRoads.buildUp (/sb/0xc8e072145f8aa3507a291141beae1109070a6fb8.sol#2166) is not in mixedCase
Parameter '_length' of KingOfEthRoads.buildUp (/sb/0xc8e072145f8aa3507a291141beae1109070a6fb8.sol#2166) is not in mixedCase
Parameter '_newRoadCost' of KingOfEthRoads.godChangeRoadCost (/sb/0xc8e072145f8aa3507a291141beae1109070a6fb8.sol#2215) is not in mixedCase
Parameter '_x' of KingOfEthRoads.buildRoads (/sb/0xc8e072145f8aa3507a291141beae1109070a6fb8.sol#2259) is not in mixedCase
Parameter '_y' of KingOfEthRoads.buildRoads (/sb/0xc8e072145f8aa3507a291141beae1109070a6fb8.sol#2259) is not in mixedCase
Parameter '_direction' of KingOfEthRoads.buildRoads (/sb/0xc8e072145f8aa3507a291141beae1109070a6fb8.sol#2260) is not in mixedCase
Parameter '_length' of KingOfEthRoads.buildRoads (/sb/0xc8e072145f8aa3507a291141beae1109070a6fb8.sol#2260) is not in mixedCase
Parameter '_x' of KingOfEthRoads.sendRoad (/sb/0xc8e072145f8aa3507a291141beae1109070a6fb8.sol) is not in mixedCase
Parameter '_y' of KingOfEthRoads.sendRoad (/sb/0xc8e072145f8aa3507a291141beae1109070a6fb8.sol) is not in mixedCase
Parameter '_direction' of KingOfEthRoads.sendRoad (/sb/0xc8e072145f8aa3507a291141beae1109070a6fb8.sol) is not in mixedCase
Parameter '_to' of KingOfEthRoads.sendRoad (/sb/0xc8e072145f8aa3507a291141beae1109070a6fb8.sol) is not in mixedCase
Reference: https://github.com/trailofbits/slither/wiki/Detectors-Documentation#conformance-to-solidity-naming-conventions[0m
INFO:Slither:/sb/0xc8e072145f8aa3507a291141beae1109070a6fb8.sol analyzed (23 contracts), 207 result(s) found
