INFO:Detectors:[92m
PATH.initialSupply should be constant (/sb/0x7b94a1281db0335c9efd68aca5c98b494d775c70.sol#275-277)
Reference: https://github.com/trailofbits/slither/wiki/Detectors-Documentation#state-variables-that-could-be-declared-constant[0m
INFO:Detectors:[92m
ERC20Basic.totalSupply (/sb/0x7b94a1281db0335c9efd68aca5c98b494d775c70.sol#64) should be declared external
BasicToken.totalSupply (/sb/0x7b94a1281db0335c9efd68aca5c98b494d775c70.sol#88-91) should be declared external
ERC20Basic.balanceOf (/sb/0x7b94a1281db0335c9efd68aca5c98b494d775c70.sol#65) should be declared external
BasicToken.balanceOf (/sb/0x7b94a1281db0335c9efd68aca5c98b494d775c70.sol#115-119) should be declared external
ERC20.allowance (/sb/0x7b94a1281db0335c9efd68aca5c98b494d775c70.sol#125-128) should be declared external
StandardToken.allowance (/sb/0x7b94a1281db0335c9efd68aca5c98b494d775c70.sol#209-212) should be declared external
Reference: https://github.com/trailofbits/slither/wiki/Detectors-Documentation#public-function-that-could-be-declared-as-external[0m
INFO:Detectors:[92m
Detected issues with version pragma in /sb/0x7b94a1281db0335c9efd68aca5c98b494d775c70.sol:
	- pragma solidity^0.4.18 (/sb/0x7b94a1281db0335c9efd68aca5c98b494d775c70.sol#1): it allows old versions
Reference: https://github.com/trailofbits/slither/wiki/Detectors-Documentation#incorrect-version-of-solidity[0m
INFO:Detectors:[92m
Parameter '_owner' of BasicToken.balanceOf (/sb/0x7b94a1281db0335c9efd68aca5c98b494d775c70.sol#115) is not in mixedCase
Parameter '_to' of BasicToken.transfer (/sb/0x7b94a1281db0335c9efd68aca5c98b494d775c70.sol#96) is not in mixedCase
Parameter '_value' of BasicToken.transfer (/sb/0x7b94a1281db0335c9efd68aca5c98b494d775c70.sol#96) is not in mixedCase
Parameter '_owner' of StandardToken.allowance (/sb/0x7b94a1281db0335c9efd68aca5c98b494d775c70.sol#209) is not in mixedCase
Parameter '_spender' of StandardToken.allowance (/sb/0x7b94a1281db0335c9efd68aca5c98b494d775c70.sol#211) is not in mixedCase
Parameter '_from' of StandardToken.transferFrom (/sb/0x7b94a1281db0335c9efd68aca5c98b494d775c70.sol#165-166) is not in mixedCase
Parameter '_to' of StandardToken.transferFrom (/sb/0x7b94a1281db0335c9efd68aca5c98b494d775c70.sol#166) is not in mixedCase
Parameter '_value' of StandardToken.transferFrom (/sb/0x7b94a1281db0335c9efd68aca5c98b494d775c70.sol#166) is not in mixedCase
Parameter '_spender' of StandardToken.approve (/sb/0x7b94a1281db0335c9efd68aca5c98b494d775c70.sol#192) is not in mixedCase
Parameter '_value' of StandardToken.approve (/sb/0x7b94a1281db0335c9efd68aca5c98b494d775c70.sol#192) is not in mixedCase
Parameter '_spender' of StandardToken.increaseApproval (/sb/0x7b94a1281db0335c9efd68aca5c98b494d775c70.sol#227) is not in mixedCase
Parameter '_addedValue' of StandardToken.increaseApproval (/sb/0x7b94a1281db0335c9efd68aca5c98b494d775c70.sol#227-228) is not in mixedCase
Parameter '_spender' of StandardToken.decreaseApproval (/sb/0x7b94a1281db0335c9efd68aca5c98b494d775c70.sol#252) is not in mixedCase
Parameter '_subtractedValue' of StandardToken.decreaseApproval (/sb/0x7b94a1281db0335c9efd68aca5c98b494d775c70.sol#252) is not in mixedCase
Parameter '_to' of PATH.transfer (/sb/0x7b94a1281db0335c9efd68aca5c98b494d775c70.sol#329) is not in mixedCase
Parameter '_value' of PATH.transfer (/sb/0x7b94a1281db0335c9efd68aca5c98b494d775c70.sol#329) is not in mixedCase
Parameter '_from' of PATH.transferFrom (/sb/0x7b94a1281db0335c9efd68aca5c98b494d775c70.sol#344-345) is not in mixedCase
Parameter '_to' of PATH.transferFrom (/sb/0x7b94a1281db0335c9efd68aca5c98b494d775c70.sol#345-346) is not in mixedCase
Parameter '_value' of PATH.transferFrom (/sb/0x7b94a1281db0335c9efd68aca5c98b494d775c70.sol#346) is not in mixedCase
Parameter '_spender' of PATH.approve (/sb/0x7b94a1281db0335c9efd68aca5c98b494d775c70.sol#359) is not in mixedCase
Parameter '_value' of PATH.approve (/sb/0x7b94a1281db0335c9efd68aca5c98b494d775c70.sol#359) is not in mixedCase
Parameter '_spender' of PATH.increaseApproval (/sb/0x7b94a1281db0335c9efd68aca5c98b494d775c70.sol#365-367) is not in mixedCase
Parameter '_addedValue' of PATH.increaseApproval (/sb/0x7b94a1281db0335c9efd68aca5c98b494d775c70.sol#367) is not in mixedCase
Parameter '_spender' of PATH.decreaseApproval (/sb/0x7b94a1281db0335c9efd68aca5c98b494d775c70.sol) is not in mixedCase
Parameter '_subtractedValue' of PATH.decreaseApproval (/sb/0x7b94a1281db0335c9efd68aca5c98b494d775c70.sol) is not in mixedCase
Reference: https://github.com/trailofbits/slither/wiki/Detectors-Documentation#conformance-to-solidity-naming-conventions[0m
INFO:Slither:/sb/0x7b94a1281db0335c9efd68aca5c98b494d775c70.sol analyzed (7 contracts), 33 result(s) found
