INFO:Slither:Compilation warnings/errors on /sb/0x9a688e01028670141e4e0551560c7bbdc28d006e.sol:
/sb/0x9a688e01028670141e4e0551560c7bbdc28d006e.sol:16:2: Warning: Defining constructors as functions with the same name as the contract is deprecated. Use "constructor(...) { ... }" instead.
 function SWAP() public { 
 ^ (Relevant source part starts here and spans across multiple lines).

INFO:Detectors:[93m
SWAP (/sb/0x9a688e01028670141e4e0551560c7bbdc28d006e.sol#3-119) has incorrect ERC20 function interface(s):
	-transfer (/sb/0x9a688e01028670141e4e0551560c7bbdc28d006e.sol#76-80)
Reference: https://github.com/trailofbits/slither/wiki/Detectors-Documentation#incorrect-erc20-interface[0m
INFO:Detectors:[92m
SWAP.setName (/sb/0x9a688e01028670141e4e0551560c7bbdc28d006e.sol#39-44) should be declared external
SWAP.setPrice (/sb/0x9a688e01028670141e4e0551560c7bbdc28d006e.sol#44-49) should be declared external
SWAP.setDecimals (/sb/0x9a688e01028670141e4e0551560c7bbdc28d006e.sol#49-54) should be declared external
SWAP.balanceOf (/sb/0x9a688e01028670141e4e0551560c7bbdc28d006e.sol#54-58) should be declared external
SWAP.getOwner (/sb/0x9a688e01028670141e4e0551560c7bbdc28d006e.sol#58-61) should be declared external
SWAP.transfer (/sb/0x9a688e01028670141e4e0551560c7bbdc28d006e.sol#76-80) should be declared external
SWAP.fallback (/sb/0x9a688e01028670141e4e0551560c7bbdc28d006e.sol#81-91) should be declared external
SWAP.create (/sb/0x9a688e01028670141e4e0551560c7bbdc28d006e.sol#91-97) should be declared external
SWAP.burn (/sb/0x9a688e01028670141e4e0551560c7bbdc28d006e.sol#97-106) should be declared external
Reference: https://github.com/trailofbits/slither/wiki/Detectors-Documentation#public-function-that-could-be-declared-as-external[0m
INFO:Detectors:[92m
Function 'SWAP.SWAP' (/sb/0x9a688e01028670141e4e0551560c7bbdc28d006e.sol#16-24) is not in mixedCase
Parameter '_name' of SWAP.setName (/sb/0x9a688e01028670141e4e0551560c7bbdc28d006e.sol#39-40) is not in mixedCase
Parameter '_price' of SWAP.setPrice (/sb/0x9a688e01028670141e4e0551560c7bbdc28d006e.sol#44-45) is not in mixedCase
Parameter '_decimals' of SWAP.setDecimals (/sb/0x9a688e01028670141e4e0551560c7bbdc28d006e.sol#49-50) is not in mixedCase
Parameter '_owner' of SWAP.balanceOf (/sb/0x9a688e01028670141e4e0551560c7bbdc28d006e.sol#55) is not in mixedCase
Function 'SWAP._transfer' (/sb/0x9a688e01028670141e4e0551560c7bbdc28d006e.sol#61-76) is not in mixedCase
Parameter '_from' of SWAP._transfer (/sb/0x9a688e01028670141e4e0551560c7bbdc28d006e.sol#62) is not in mixedCase
Parameter '_to' of SWAP._transfer (/sb/0x9a688e01028670141e4e0551560c7bbdc28d006e.sol#63) is not in mixedCase
Parameter '_value' of SWAP._transfer (/sb/0x9a688e01028670141e4e0551560c7bbdc28d006e.sol#63) is not in mixedCase
Parameter '_to' of SWAP.transfer (/sb/0x9a688e01028670141e4e0551560c7bbdc28d006e.sol#76-79) is not in mixedCase
Parameter '_value' of SWAP.transfer (/sb/0x9a688e01028670141e4e0551560c7bbdc28d006e.sol#79) is not in mixedCase
Parameter '_value' of SWAP.create (/sb/0x9a688e01028670141e4e0551560c7bbdc28d006e.sol#92) is not in mixedCase
Parameter '_value' of SWAP.burn (/sb/0x9a688e01028670141e4e0551560c7bbdc28d006e.sol#97-98) is not in mixedCase
Variable 'SWAP.Owner' (/sb/0x9a688e01028670141e4e0551560c7bbdc28d006e.sol#12-14) is not in mixedCase
Reference: https://github.com/trailofbits/slither/wiki/Detectors-Documentation#conformance-to-solidity-naming-conventions[0m
INFO:Slither:/sb/0x9a688e01028670141e4e0551560c7bbdc28d006e.sol analyzed (1 contracts), 24 result(s) found
