INFO:Slither:Compilation warnings/errors on /sb/0x1c3bed5bd4b0e6a8389efd0d2876f948a907ab5b.sol:
/sb/0x1c3bed5bd4b0e6a8389efd0d2876f948a907ab5b.sol:34:5: Warning: Defining constructors as functions with the same name as the contract is deprecated. Use "constructor(...) { ... }" instead.
    function Controlled() { controller = msg.sender;}
    ^-----------------------------------------------^
/sb/0x1c3bed5bd4b0e6a8389efd0d2876f948a907ab5b.sol:112:5: Warning: Defining constructors as functions with the same name as the contract is deprecated. Use "constructor(...) { ... }" instead.
    function MiniMeToken(
    ^ (Relevant source part starts here and spans across multiple lines).
/sb/0x1c3bed5bd4b0e6a8389efd0d2876f948a907ab5b.sol:188:12: Warning: Use of the "var" keyword is deprecated.
           var previousBalanceFrom = balanceOfAt(_from, block.number);
           ^---------------------^
/sb/0x1c3bed5bd4b0e6a8389efd0d2876f948a907ab5b.sol:204:12: Warning: Use of the "var" keyword is deprecated.
           var previousBalanceTo = balanceOfAt(_to, block.number);
           ^-------------------^
/sb/0x1c3bed5bd4b0e6a8389efd0d2876f948a907ab5b.sol:535:3: Warning: Defining constructors as functions with the same name as the contract is deprecated. Use "constructor(...) { ... }" instead.
  function MMR(address _tokenFactory)
  ^ (Relevant source part starts here and spans across multiple lines).
/sb/0x1c3bed5bd4b0e6a8389efd0d2876f948a907ab5b.sol:209:12: Warning: Invoking events without "emit" prefix is deprecated.
           Transfer(_from, _to, _amount);
           ^---------------------------^
/sb/0x1c3bed5bd4b0e6a8389efd0d2876f948a907ab5b.sol:241:9: Warning: Invoking events without "emit" prefix is deprecated.
        Approval(msg.sender, _spender, _amount);
        ^-------------------------------------^
/sb/0x1c3bed5bd4b0e6a8389efd0d2876f948a907ab5b.sol:372:9: Warning: Invoking events without "emit" prefix is deprecated.
        NewCloneToken(address(cloneToken), _snapshotBlock);
        ^------------------------------------------------^
/sb/0x1c3bed5bd4b0e6a8389efd0d2876f948a907ab5b.sol:392:9: Warning: Invoking events without "emit" prefix is deprecated.
        Transfer(0, _owner, _amount);
        ^--------------------------^
/sb/0x1c3bed5bd4b0e6a8389efd0d2876f948a907ab5b.sol:409:9: Warning: Invoking events without "emit" prefix is deprecated.
        Transfer(_owner, 0, _amount);
        ^--------------------------^
/sb/0x1c3bed5bd4b0e6a8389efd0d2876f948a907ab5b.sol:507:33: Warning: Using contract member "balance" inherited from the address type is deprecated. Convert the contract to "address" type to access the member, for example use "address(contract).balance" instead.
            controller.transfer(this.balance);
                                ^----------^
/sb/0x1c3bed5bd4b0e6a8389efd0d2876f948a907ab5b.sol:514:9: Warning: Invoking events without "emit" prefix is deprecated.
        ClaimedTokens(_token, controller, balance);
        ^----------------------------------------^
/sb/0x1c3bed5bd4b0e6a8389efd0d2876f948a907ab5b.sol:7:5: Warning: No visibility specified. Defaulting to "public". 
    function proxyPayment(address _owner) payable returns(bool);
    ^----------------------------------------------------------^
/sb/0x1c3bed5bd4b0e6a8389efd0d2876f948a907ab5b.sol:15:5: Warning: No visibility specified. Defaulting to "public". 
    function onTransfer(address _from, address _to, uint _amount) returns(bool);
    ^--------------------------------------------------------------------------^
/sb/0x1c3bed5bd4b0e6a8389efd0d2876f948a907ab5b.sol:23:5: Warning: No visibility specified. Defaulting to "public". 
    function onApprove(address _owner, address _spender, uint _amount)
    ^ (Relevant source part starts here and spans across multiple lines).
/sb/0x1c3bed5bd4b0e6a8389efd0d2876f948a907ab5b.sol:34:5: Warning: No visibility specified. Defaulting to "public". 
    function Controlled() { controller = msg.sender;}
    ^-----------------------------------------------^
/sb/0x1c3bed5bd4b0e6a8389efd0d2876f948a907ab5b.sol:38:5: Warning: No visibility specified. Defaulting to "public". 
    function changeController(address _newController) onlyController {
    ^ (Relevant source part starts here and spans across multiple lines).
/sb/0x1c3bed5bd4b0e6a8389efd0d2876f948a907ab5b.sol:44:5: Warning: No visibility specified. Defaulting to "public". 
    function receiveApproval(address from, uint256 _amount, address _token, bytes _data);
    ^-----------------------------------------------------------------------------------^
/sb/0x1c3bed5bd4b0e6a8389efd0d2876f948a907ab5b.sol:112:5: Warning: No visibility specified. Defaulting to "public". 
    function MiniMeToken(
    ^ (Relevant source part starts here and spans across multiple lines).
/sb/0x1c3bed5bd4b0e6a8389efd0d2876f948a907ab5b.sol:140:5: Warning: No visibility specified. Defaulting to "public". 
    function transfer(address _to, uint256 _amount) returns (bool success) {
    ^ (Relevant source part starts here and spans across multiple lines).
/sb/0x1c3bed5bd4b0e6a8389efd0d2876f948a907ab5b.sol:151:5: Warning: No visibility specified. Defaulting to "public". 
    function transferFrom(address _from, address _to, uint256 _amount
    ^ (Relevant source part starts here and spans across multiple lines).
/sb/0x1c3bed5bd4b0e6a8389efd0d2876f948a907ab5b.sol:216:5: Warning: No visibility specified. Defaulting to "public". 
    function balanceOf(address _owner) constant returns (uint256 balance) {
    ^ (Relevant source part starts here and spans across multiple lines).
/sb/0x1c3bed5bd4b0e6a8389efd0d2876f948a907ab5b.sol:226:5: Warning: No visibility specified. Defaulting to "public". 
    function approve(address _spender, uint256 _amount) returns (bool success) {
    ^ (Relevant source part starts here and spans across multiple lines).
/sb/0x1c3bed5bd4b0e6a8389efd0d2876f948a907ab5b.sol:250:5: Warning: No visibility specified. Defaulting to "public". 
    function allowance(address _owner, address _spender
    ^ (Relevant source part starts here and spans across multiple lines).
/sb/0x1c3bed5bd4b0e6a8389efd0d2876f948a907ab5b.sol:262:5: Warning: No visibility specified. Defaulting to "public". 
    function approveAndCall(address _spender, uint256 _amount, bytes _extraData
    ^ (Relevant source part starts here and spans across multiple lines).
/sb/0x1c3bed5bd4b0e6a8389efd0d2876f948a907ab5b.sol:278:5: Warning: No visibility specified. Defaulting to "public". 
    function totalSupply() constant returns (uint) {
    ^ (Relevant source part starts here and spans across multiple lines).
/sb/0x1c3bed5bd4b0e6a8389efd0d2876f948a907ab5b.sol:291:5: Warning: No visibility specified. Defaulting to "public". 
    function balanceOfAt(address _owner, uint _blockNumber) constant
    ^ (Relevant source part starts here and spans across multiple lines).
/sb/0x1c3bed5bd4b0e6a8389efd0d2876f948a907ab5b.sol:317:5: Warning: No visibility specified. Defaulting to "public". 
    function totalSupplyAt(uint _blockNumber) constant returns(uint) {
    ^ (Relevant source part starts here and spans across multiple lines).
/sb/0x1c3bed5bd4b0e6a8389efd0d2876f948a907ab5b.sol:352:5: Warning: No visibility specified. Defaulting to "public". 
    function createCloneToken(
    ^ (Relevant source part starts here and spans across multiple lines).
/sb/0x1c3bed5bd4b0e6a8389efd0d2876f948a907ab5b.sol:384:5: Warning: No visibility specified. Defaulting to "public". 
    function generateTokens(address _owner, uint _amount
    ^ (Relevant source part starts here and spans across multiple lines).
/sb/0x1c3bed5bd4b0e6a8389efd0d2876f948a907ab5b.sol:401:5: Warning: No visibility specified. Defaulting to "public". 
    function destroyTokens(address _owner, uint _amount
    ^ (Relevant source part starts here and spans across multiple lines).
/sb/0x1c3bed5bd4b0e6a8389efd0d2876f948a907ab5b.sol:420:5: Warning: No visibility specified. Defaulting to "public". 
    function enableTransfers(bool _transfersEnabled) onlyController {
    ^ (Relevant source part starts here and spans across multiple lines).
/sb/0x1c3bed5bd4b0e6a8389efd0d2876f948a907ab5b.sol:492:5: Warning: No visibility specified. Defaulting to "public". 
    function ()  payable {
    ^ (Relevant source part starts here and spans across multiple lines).
/sb/0x1c3bed5bd4b0e6a8389efd0d2876f948a907ab5b.sol:505:5: Warning: No visibility specified. Defaulting to "public". 
    function claimTokens(address _token) onlyController {
    ^ (Relevant source part starts here and spans across multiple lines).
/sb/0x1c3bed5bd4b0e6a8389efd0d2876f948a907ab5b.sol:535:3: Warning: No visibility specified. Defaulting to "public". 
  function MMR(address _tokenFactory)
  ^ (Relevant source part starts here and spans across multiple lines).
/sb/0x1c3bed5bd4b0e6a8389efd0d2876f948a907ab5b.sol:559:5: Warning: No visibility specified. Defaulting to "public". 
    function createCloneToken(
    ^ (Relevant source part starts here and spans across multiple lines).
/sb/0x1c3bed5bd4b0e6a8389efd0d2876f948a907ab5b.sol:302:56: Warning: Function declared as view, but this expression (potentially) modifies the state and thus requires non-payable (the default) or payable.
                return parentToken.balanceOfAt(_owner, min(_blockNumber, parentSnapShotBlock));
                                                       ^------------------------------------^
/sb/0x1c3bed5bd4b0e6a8389efd0d2876f948a907ab5b.sol:327:50: Warning: Function declared as view, but this expression (potentially) modifies the state and thus requires non-payable (the default) or payable.
                return parentToken.totalSupplyAt(min(_blockNumber, parentSnapShotBlock));
                                                 ^------------------------------------^
/sb/0x1c3bed5bd4b0e6a8389efd0d2876f948a907ab5b.sol:485:5: Warning: Function state mutability can be restricted to pure
    function min(uint a, uint b) internal returns (uint) {
    ^ (Relevant source part starts here and spans across multiple lines).

INFO:Detectors:[91m
MiniMeToken.balances (/sb/0x1c3bed5bd4b0e6a8389efd0d2876f948a907ab5b.sol#83-84) is never initialized. It is used in:
	- doTransfer (/sb/0x1c3bed5bd4b0e6a8389efd0d2876f948a907ab5b.sol#181-217)
	- balanceOfAt (/sb/0x1c3bed5bd4b0e6a8389efd0d2876f948a907ab5b.sol#296-319)
	- generateTokens (/sb/0x1c3bed5bd4b0e6a8389efd0d2876f948a907ab5b.sol#390-404)
	- destroyTokens (/sb/0x1c3bed5bd4b0e6a8389efd0d2876f948a907ab5b.sol#408-425)
Reference: https://github.com/trailofbits/slither/wiki/Detectors-Documentation#uninitialized-state-variables[0m
INFO:Detectors:[93m
MiniMeToken.isContract (/sb/0x1c3bed5bd4b0e6a8389efd0d2876f948a907ab5b.sol#490-494) is declared view but contains assembly code
Reference: https://github.com/trailofbits/slither/wiki/Detectors-Documentation#constant-functions-changing-the-state[0m
INFO:Detectors:[93m
Reentrancy in MiniMeToken.approve (/sb/0x1c3bed5bd4b0e6a8389efd0d2876f948a907ab5b.sol#230-248):
	External calls:
	- require(bool)(TokenController(controller).onApprove(msg.sender,_spender,_amount)) (/sb/0x1c3bed5bd4b0e6a8389efd0d2876f948a907ab5b.sol#245-246)
	State variables written after the call(s):
	- allowed (/sb/0x1c3bed5bd4b0e6a8389efd0d2876f948a907ab5b.sol#246-247)
Reference: https://github.com/trailofbits/slither/wiki/Detectors-Documentation#reentrancy-vulnerabilities-1[0m
INFO:Detectors:[93m
MiniMeToken.claimTokens (/sb/0x1c3bed5bd4b0e6a8389efd0d2876f948a907ab5b.sol#521-535) does not use the value returned by external calls:
	-token.transfer(controller,balance) (/sb/0x1c3bed5bd4b0e6a8389efd0d2876f948a907ab5b.sol#530-532)
Reference: https://github.com/trailofbits/slither/wiki/Detectors-Documentation#unused-return[0m
INFO:Detectors:[92m
MiniMeToken.getValueAt.min (local variable @ /sb/0x1c3bed5bd4b0e6a8389efd0d2876f948a907ab5b.sol#457) shadows:
	- MiniMeToken.min (function @ /sb/0x1c3bed5bd4b0e6a8389efd0d2876f948a907ab5b.sol#494-501)
Reference: https://github.com/trailofbits/slither/wiki/Detectors-Documentation#local-variable-shadowing[0m
INFO:Detectors:[92m
MiniMeToken.isContract uses assembly (/sb/0x1c3bed5bd4b0e6a8389efd0d2876f948a907ab5b.sol#490-494)
	- /sb/0x1c3bed5bd4b0e6a8389efd0d2876f948a907ab5b.sol#491-493
Reference: https://github.com/trailofbits/slither/wiki/Detectors-Documentation#assembly-usage[0m
INFO:Detectors:[92m
MiniMeToken.version should be constant (/sb/0x1c3bed5bd4b0e6a8389efd0d2876f948a907ab5b.sol#52-55)
Reference: https://github.com/trailofbits/slither/wiki/Detectors-Documentation#state-variables-that-could-be-declared-constant[0m
INFO:Detectors:[92m
TokenController.proxyPayment (/sb/0x1c3bed5bd4b0e6a8389efd0d2876f948a907ab5b.sol#7-9) should be declared external
TokenController.onTransfer (/sb/0x1c3bed5bd4b0e6a8389efd0d2876f948a907ab5b.sol#15-17) should be declared external
TokenController.onApprove (/sb/0x1c3bed5bd4b0e6a8389efd0d2876f948a907ab5b.sol#23-27) should be declared external
Controlled.changeController (/sb/0x1c3bed5bd4b0e6a8389efd0d2876f948a907ab5b.sol#38-44) should be declared external
ApproveAndCallFallBack.receiveApproval (/sb/0x1c3bed5bd4b0e6a8389efd0d2876f948a907ab5b.sol#44-49) should be declared external
MiniMeToken.transfer (/sb/0x1c3bed5bd4b0e6a8389efd0d2876f948a907ab5b.sol#142-147) should be declared external
MiniMeToken.transferFrom (/sb/0x1c3bed5bd4b0e6a8389efd0d2876f948a907ab5b.sol#154-170) should be declared external
MiniMeToken.allowance (/sb/0x1c3bed5bd4b0e6a8389efd0d2876f948a907ab5b.sol#256-258) should be declared external
MiniMeToken.approveAndCall (/sb/0x1c3bed5bd4b0e6a8389efd0d2876f948a907ab5b.sol#269-284) should be declared external
MiniMeToken.createCloneToken (/sb/0x1c3bed5bd4b0e6a8389efd0d2876f948a907ab5b.sol#361-384) should be declared external
MiniMeToken.generateTokens (/sb/0x1c3bed5bd4b0e6a8389efd0d2876f948a907ab5b.sol#390-404) should be declared external
MiniMeToken.destroyTokens (/sb/0x1c3bed5bd4b0e6a8389efd0d2876f948a907ab5b.sol#408-425) should be declared external
MiniMeToken.enableTransfers (/sb/0x1c3bed5bd4b0e6a8389efd0d2876f948a907ab5b.sol#430-432) should be declared external
MiniMeToken.fallback (/sb/0x1c3bed5bd4b0e6a8389efd0d2876f948a907ab5b.sol#505-511) should be declared external
MiniMeToken.claimTokens (/sb/0x1c3bed5bd4b0e6a8389efd0d2876f948a907ab5b.sol#521-535) should be declared external
MiniMeTokenFactory.createCloneToken (/sb/0x1c3bed5bd4b0e6a8389efd0d2876f948a907ab5b.sol) should be declared external
Reference: https://github.com/trailofbits/slither/wiki/Detectors-Documentation#public-function-that-could-be-declared-as-external[0m
INFO:Detectors:[92m
Detected issues with version pragma in /sb/0x1c3bed5bd4b0e6a8389efd0d2876f948a907ab5b.sol:
	- pragma solidity^0.4.13 (/sb/0x1c3bed5bd4b0e6a8389efd0d2876f948a907ab5b.sol#1): it allows old versions
Reference: https://github.com/trailofbits/slither/wiki/Detectors-Documentation#incorrect-version-of-solidity[0m
INFO:Detectors:[92m
Function 'Controlled.Controlled' (/sb/0x1c3bed5bd4b0e6a8389efd0d2876f948a907ab5b.sol#34-36) is not in mixedCase
Parameter '_newController' of Controlled.changeController (/sb/0x1c3bed5bd4b0e6a8389efd0d2876f948a907ab5b.sol#38-39) is not in mixedCase
Function 'MiniMeToken.MiniMeToken' (/sb/0x1c3bed5bd4b0e6a8389efd0d2876f948a907ab5b.sol#115-137) is not in mixedCase
Parameter '_tokenFactory' of MiniMeToken.MiniMeToken (/sb/0x1c3bed5bd4b0e6a8389efd0d2876f948a907ab5b.sol#116-117) is not in mixedCase
Parameter '_parentToken' of MiniMeToken.MiniMeToken (/sb/0x1c3bed5bd4b0e6a8389efd0d2876f948a907ab5b.sol#118) is not in mixedCase
Parameter '_parentSnapShotBlock' of MiniMeToken.MiniMeToken (/sb/0x1c3bed5bd4b0e6a8389efd0d2876f948a907ab5b.sol#119) is not in mixedCase
Parameter '_tokenName' of MiniMeToken.MiniMeToken (/sb/0x1c3bed5bd4b0e6a8389efd0d2876f948a907ab5b.sol#120-121) is not in mixedCase
Parameter '_decimalUnits' of MiniMeToken.MiniMeToken (/sb/0x1c3bed5bd4b0e6a8389efd0d2876f948a907ab5b.sol#121) is not in mixedCase
Parameter '_tokenSymbol' of MiniMeToken.MiniMeToken (/sb/0x1c3bed5bd4b0e6a8389efd0d2876f948a907ab5b.sol#121-122) is not in mixedCase
Parameter '_transfersEnabled' of MiniMeToken.MiniMeToken (/sb/0x1c3bed5bd4b0e6a8389efd0d2876f948a907ab5b.sol#122) is not in mixedCase
Parameter '_to' of MiniMeToken.transfer (/sb/0x1c3bed5bd4b0e6a8389efd0d2876f948a907ab5b.sol#142-145) is not in mixedCase
Parameter '_amount' of MiniMeToken.transfer (/sb/0x1c3bed5bd4b0e6a8389efd0d2876f948a907ab5b.sol#145) is not in mixedCase
Parameter '_from' of MiniMeToken.transferFrom (/sb/0x1c3bed5bd4b0e6a8389efd0d2876f948a907ab5b.sol#154-155) is not in mixedCase
Parameter '_to' of MiniMeToken.transferFrom (/sb/0x1c3bed5bd4b0e6a8389efd0d2876f948a907ab5b.sol#155) is not in mixedCase
Parameter '_amount' of MiniMeToken.transferFrom (/sb/0x1c3bed5bd4b0e6a8389efd0d2876f948a907ab5b.sol#155) is not in mixedCase
Parameter '_from' of MiniMeToken.doTransfer (/sb/0x1c3bed5bd4b0e6a8389efd0d2876f948a907ab5b.sol#181) is not in mixedCase
Parameter '_to' of MiniMeToken.doTransfer (/sb/0x1c3bed5bd4b0e6a8389efd0d2876f948a907ab5b.sol#181) is not in mixedCase
Parameter '_amount' of MiniMeToken.doTransfer (/sb/0x1c3bed5bd4b0e6a8389efd0d2876f948a907ab5b.sol#181-183) is not in mixedCase
Parameter '_owner' of MiniMeToken.balanceOf (/sb/0x1c3bed5bd4b0e6a8389efd0d2876f948a907ab5b.sol#221) is not in mixedCase
Parameter '_spender' of MiniMeToken.approve (/sb/0x1c3bed5bd4b0e6a8389efd0d2876f948a907ab5b.sol#230) is not in mixedCase
Parameter '_amount' of MiniMeToken.approve (/sb/0x1c3bed5bd4b0e6a8389efd0d2876f948a907ab5b.sol#230-231) is not in mixedCase
Parameter '_owner' of MiniMeToken.allowance (/sb/0x1c3bed5bd4b0e6a8389efd0d2876f948a907ab5b.sol#256) is not in mixedCase
Parameter '_spender' of MiniMeToken.allowance (/sb/0x1c3bed5bd4b0e6a8389efd0d2876f948a907ab5b.sol#256) is not in mixedCase
Parameter '_spender' of MiniMeToken.approveAndCall (/sb/0x1c3bed5bd4b0e6a8389efd0d2876f948a907ab5b.sol#270-271) is not in mixedCase
Parameter '_amount' of MiniMeToken.approveAndCall (/sb/0x1c3bed5bd4b0e6a8389efd0d2876f948a907ab5b.sol#271-273) is not in mixedCase
Parameter '_extraData' of MiniMeToken.approveAndCall (/sb/0x1c3bed5bd4b0e6a8389efd0d2876f948a907ab5b.sol#273-275) is not in mixedCase
Parameter '_owner' of MiniMeToken.balanceOfAt (/sb/0x1c3bed5bd4b0e6a8389efd0d2876f948a907ab5b.sol#296-297) is not in mixedCase
Parameter '_blockNumber' of MiniMeToken.balanceOfAt (/sb/0x1c3bed5bd4b0e6a8389efd0d2876f948a907ab5b.sol#297) is not in mixedCase
Parameter '_blockNumber' of MiniMeToken.totalSupplyAt (/sb/0x1c3bed5bd4b0e6a8389efd0d2876f948a907ab5b.sol#322) is not in mixedCase
Parameter '_cloneTokenName' of MiniMeToken.createCloneToken (/sb/0x1c3bed5bd4b0e6a8389efd0d2876f948a907ab5b.sol#362-363) is not in mixedCase
Parameter '_cloneDecimalUnits' of MiniMeToken.createCloneToken (/sb/0x1c3bed5bd4b0e6a8389efd0d2876f948a907ab5b.sol#364) is not in mixedCase
Parameter '_cloneTokenSymbol' of MiniMeToken.createCloneToken (/sb/0x1c3bed5bd4b0e6a8389efd0d2876f948a907ab5b.sol#365) is not in mixedCase
Parameter '_snapshotBlock' of MiniMeToken.createCloneToken (/sb/0x1c3bed5bd4b0e6a8389efd0d2876f948a907ab5b.sol#366) is not in mixedCase
Parameter '_transfersEnabled' of MiniMeToken.createCloneToken (/sb/0x1c3bed5bd4b0e6a8389efd0d2876f948a907ab5b.sol#367-369) is not in mixedCase
Parameter '_owner' of MiniMeToken.generateTokens (/sb/0x1c3bed5bd4b0e6a8389efd0d2876f948a907ab5b.sol#390) is not in mixedCase
Parameter '_amount' of MiniMeToken.generateTokens (/sb/0x1c3bed5bd4b0e6a8389efd0d2876f948a907ab5b.sol#390-391) is not in mixedCase
Parameter '_owner' of MiniMeToken.destroyTokens (/sb/0x1c3bed5bd4b0e6a8389efd0d2876f948a907ab5b.sol#408-409) is not in mixedCase
Parameter '_amount' of MiniMeToken.destroyTokens (/sb/0x1c3bed5bd4b0e6a8389efd0d2876f948a907ab5b.sol#409) is not in mixedCase
Parameter '_transfersEnabled' of MiniMeToken.enableTransfers (/sb/0x1c3bed5bd4b0e6a8389efd0d2876f948a907ab5b.sol#431) is not in mixedCase
Parameter '_block' of MiniMeToken.getValueAt (/sb/0x1c3bed5bd4b0e6a8389efd0d2876f948a907ab5b.sol#443-444) is not in mixedCase
Parameter '_value' of MiniMeToken.updateValueAtNow (/sb/0x1c3bed5bd4b0e6a8389efd0d2876f948a907ab5b.sol#468) is not in mixedCase
Parameter '_addr' of MiniMeToken.isContract (/sb/0x1c3bed5bd4b0e6a8389efd0d2876f948a907ab5b.sol#490) is not in mixedCase
Parameter '_token' of MiniMeToken.claimTokens (/sb/0x1c3bed5bd4b0e6a8389efd0d2876f948a907ab5b.sol#521) is not in mixedCase
Function 'MMR.MMR' (/sb/0x1c3bed5bd4b0e6a8389efd0d2876f948a907ab5b.sol#550-556) is not in mixedCase
Parameter '_parentToken' of MiniMeTokenFactory.createCloneToken (/sb/0x1c3bed5bd4b0e6a8389efd0d2876f948a907ab5b.sol) is not in mixedCase
Parameter '_snapshotBlock' of MiniMeTokenFactory.createCloneToken (/sb/0x1c3bed5bd4b0e6a8389efd0d2876f948a907ab5b.sol) is not in mixedCase
Parameter '_tokenName' of MiniMeTokenFactory.createCloneToken (/sb/0x1c3bed5bd4b0e6a8389efd0d2876f948a907ab5b.sol) is not in mixedCase
Parameter '_decimalUnits' of MiniMeTokenFactory.createCloneToken (/sb/0x1c3bed5bd4b0e6a8389efd0d2876f948a907ab5b.sol) is not in mixedCase
Parameter '_tokenSymbol' of MiniMeTokenFactory.createCloneToken (/sb/0x1c3bed5bd4b0e6a8389efd0d2876f948a907ab5b.sol) is not in mixedCase
Parameter '_transfersEnabled' of MiniMeTokenFactory.createCloneToken (/sb/0x1c3bed5bd4b0e6a8389efd0d2876f948a907ab5b.sol) is not in mixedCase
Reference: https://github.com/trailofbits/slither/wiki/Detectors-Documentation#conformance-to-solidity-naming-conventions[0m
INFO:Slither:/sb/0x1c3bed5bd4b0e6a8389efd0d2876f948a907ab5b.sol analyzed (6 contracts), 74 result(s) found
