INFO:Slither:Compilation warnings/errors on /sb/0xd7de403483c2a2f2445eb48b744663e25b024cff.sol:
/sb/0xd7de403483c2a2f2445eb48b744663e25b024cff.sol:117:5: Warning: Defining constructors as functions with the same name as the contract is deprecated. Use "constructor(...) { ... }" instead.
    function Crowdsale(uint256 _rate, address _wallet, ERC20 _token) public {
    ^ (Relevant source part starts here and spans across multiple lines).
/sb/0xd7de403483c2a2f2445eb48b744663e25b024cff.sol:251:5: Warning: Defining constructors as functions with the same name as the contract is deprecated. Use "constructor(...) { ... }" instead.
    function Ownable() public {
    ^ (Relevant source part starts here and spans across multiple lines).
/sb/0xd7de403483c2a2f2445eb48b744663e25b024cff.sol:317:5: Warning: Defining constructors as functions with the same name as the contract is deprecated. Use "constructor(...) { ... }" instead.
    function VeetuneCrowdsale(
    ^ (Relevant source part starts here and spans across multiple lines).
/sb/0xd7de403483c2a2f2445eb48b744663e25b024cff.sol:186:36: Warning: Unused function parameter. Remove or comment out the variable name to silence this warning.
    function _postValidatePurchase(address _beneficiary, uint256 _weiAmount) internal {
                                   ^------------------^
/sb/0xd7de403483c2a2f2445eb48b744663e25b024cff.sol:186:58: Warning: Unused function parameter. Remove or comment out the variable name to silence this warning.
    function _postValidatePurchase(address _beneficiary, uint256 _weiAmount) internal {
                                                         ^----------------^
/sb/0xd7de403483c2a2f2445eb48b744663e25b024cff.sol:213:37: Warning: Unused function parameter. Remove or comment out the variable name to silence this warning.
    function _updatePurchasingState(address _beneficiary, uint256 _weiAmount) internal {
                                    ^------------------^
/sb/0xd7de403483c2a2f2445eb48b744663e25b024cff.sol:213:59: Warning: Unused function parameter. Remove or comment out the variable name to silence this warning.
    function _updatePurchasingState(address _beneficiary, uint256 _weiAmount) internal {
                                                          ^----------------^
/sb/0xd7de403483c2a2f2445eb48b744663e25b024cff.sol:317:5: Warning: No visibility specified. Defaulting to "public". 
    function VeetuneCrowdsale(
    ^ (Relevant source part starts here and spans across multiple lines).
/sb/0xd7de403483c2a2f2445eb48b744663e25b024cff.sol:176:5: Warning: Function state mutability can be restricted to pure
    function _preValidatePurchase(address _beneficiary, uint256 _weiAmount) internal {
    ^ (Relevant source part starts here and spans across multiple lines).
/sb/0xd7de403483c2a2f2445eb48b744663e25b024cff.sol:186:5: Warning: Function state mutability can be restricted to pure
    function _postValidatePurchase(address _beneficiary, uint256 _weiAmount) internal {
    ^ (Relevant source part starts here and spans across multiple lines).
/sb/0xd7de403483c2a2f2445eb48b744663e25b024cff.sol:213:5: Warning: Function state mutability can be restricted to pure
    function _updatePurchasingState(address _beneficiary, uint256 _weiAmount) internal {
    ^ (Relevant source part starts here and spans across multiple lines).

INFO:Detectors:[93m
Crowdsale._deliverTokens (/sb/0xd7de403483c2a2f2445eb48b744663e25b024cff.sol#200-202) does not use the value returned by external calls:
	-token.transfer(_beneficiary,_tokenAmount) (/sb/0xd7de403483c2a2f2445eb48b744663e25b024cff.sol#201-202)
VeetuneCrowdsale.postCrowdsaleWithdraw (/sb/0xd7de403483c2a2f2445eb48b744663e25b024cff.sol#412-414) does not use the value returned by external calls:
	-token.transfer(wallet,_tokenAmount) (/sb/0xd7de403483c2a2f2445eb48b744663e25b024cff.sol#414)
Reference: https://github.com/trailofbits/slither/wiki/Detectors-Documentation#unused-return[0m
INFO:Detectors:[92m
ERC20Basic.totalSupply (/sb/0xd7de403483c2a2f2445eb48b744663e25b024cff.sol#10-11) should be declared external
ERC20Basic.balanceOf (/sb/0xd7de403483c2a2f2445eb48b744663e25b024cff.sol#11-12) should be declared external
ERC20Basic.transfer (/sb/0xd7de403483c2a2f2445eb48b744663e25b024cff.sol#12-13) should be declared external
ERC20.allowance (/sb/0xd7de403483c2a2f2445eb48b744663e25b024cff.sol#22-23) should be declared external
ERC20.transferFrom (/sb/0xd7de403483c2a2f2445eb48b744663e25b024cff.sol#23-24) should be declared external
ERC20.approve (/sb/0xd7de403483c2a2f2445eb48b744663e25b024cff.sol#24-25) should be declared external
Ownable.transferOwnership (/sb/0xd7de403483c2a2f2445eb48b744663e25b024cff.sol#278-284) should be declared external
VeetuneCrowdsale.withdrawTokens (/sb/0xd7de403483c2a2f2445eb48b744663e25b024cff.sol#342-344) should be declared external
VeetuneCrowdsale.withdrawTokensFor (/sb/0xd7de403483c2a2f2445eb48b744663e25b024cff.sol#372-375) should be declared external
VeetuneCrowdsale.closeCrowdsale (/sb/0xd7de403483c2a2f2445eb48b744663e25b024cff.sol#389-394) should be declared external
VeetuneCrowdsale.setBonusMultiplier (/sb/0xd7de403483c2a2f2445eb48b744663e25b024cff.sol#396-402) should be declared external
VeetuneCrowdsale.setRate (/sb/0xd7de403483c2a2f2445eb48b744663e25b024cff.sol#403-408) should be declared external
VeetuneCrowdsale.setWallet (/sb/0xd7de403483c2a2f2445eb48b744663e25b024cff.sol#409-410) should be declared external
VeetuneCrowdsale.postCrowdsaleWithdraw (/sb/0xd7de403483c2a2f2445eb48b744663e25b024cff.sol#412-414) should be declared external
VeetuneCrowdsale.addTokens (/sb/0xd7de403483c2a2f2445eb48b744663e25b024cff.sol#421-426) should be declared external
VeetuneCrowdsale.transferTokens (/sb/0xd7de403483c2a2f2445eb48b744663e25b024cff.sol#435-442) should be declared external
Reference: https://github.com/trailofbits/slither/wiki/Detectors-Documentation#public-function-that-could-be-declared-as-external[0m
INFO:Detectors:[92m
Detected issues with version pragma in /sb/0xd7de403483c2a2f2445eb48b744663e25b024cff.sol:
	- pragma solidity^0.4.23 (/sb/0xd7de403483c2a2f2445eb48b744663e25b024cff.sol#1): it allows old versions
Reference: https://github.com/trailofbits/slither/wiki/Detectors-Documentation#incorrect-version-of-solidity[0m
INFO:Detectors:[92m
Function 'Crowdsale.Crowdsale' (/sb/0xd7de403483c2a2f2445eb48b744663e25b024cff.sol#119-129) is not in mixedCase
Parameter '_rate' of Crowdsale.Crowdsale (/sb/0xd7de403483c2a2f2445eb48b744663e25b024cff.sol#119-120) is not in mixedCase
Parameter '_wallet' of Crowdsale.Crowdsale (/sb/0xd7de403483c2a2f2445eb48b744663e25b024cff.sol#120) is not in mixedCase
Parameter '_token' of Crowdsale.Crowdsale (/sb/0xd7de403483c2a2f2445eb48b744663e25b024cff.sol#120) is not in mixedCase
Parameter '_beneficiary' of Crowdsale.buyTokens (/sb/0xd7de403483c2a2f2445eb48b744663e25b024cff.sol#147) is not in mixedCase
Function 'Crowdsale._preValidatePurchase' (/sb/0xd7de403483c2a2f2445eb48b744663e25b024cff.sol#181-183) is not in mixedCase
Parameter '_beneficiary' of Crowdsale._preValidatePurchase (/sb/0xd7de403483c2a2f2445eb48b744663e25b024cff.sol#182) is not in mixedCase
Parameter '_weiAmount' of Crowdsale._preValidatePurchase (/sb/0xd7de403483c2a2f2445eb48b744663e25b024cff.sol#182) is not in mixedCase
Function 'Crowdsale._postValidatePurchase' (/sb/0xd7de403483c2a2f2445eb48b744663e25b024cff.sol#191-192) is not in mixedCase
Function 'Crowdsale._deliverTokens' (/sb/0xd7de403483c2a2f2445eb48b744663e25b024cff.sol#200-202) is not in mixedCase
Parameter '_beneficiary' of Crowdsale._deliverTokens (/sb/0xd7de403483c2a2f2445eb48b744663e25b024cff.sol#200) is not in mixedCase
Parameter '_tokenAmount' of Crowdsale._deliverTokens (/sb/0xd7de403483c2a2f2445eb48b744663e25b024cff.sol#200) is not in mixedCase
Function 'Crowdsale._processPurchase' (/sb/0xd7de403483c2a2f2445eb48b744663e25b024cff.sol#209-211) is not in mixedCase
Parameter '_beneficiary' of Crowdsale._processPurchase (/sb/0xd7de403483c2a2f2445eb48b744663e25b024cff.sol#209) is not in mixedCase
Parameter '_tokenAmount' of Crowdsale._processPurchase (/sb/0xd7de403483c2a2f2445eb48b744663e25b024cff.sol#209) is not in mixedCase
Function 'Crowdsale._updatePurchasingState' (/sb/0xd7de403483c2a2f2445eb48b744663e25b024cff.sol#219-220) is not in mixedCase
Function 'Crowdsale._getTokenAmount' (/sb/0xd7de403483c2a2f2445eb48b744663e25b024cff.sol#229-237) is not in mixedCase
Parameter '_weiAmount' of Crowdsale._getTokenAmount (/sb/0xd7de403483c2a2f2445eb48b744663e25b024cff.sol#230) is not in mixedCase
Function 'Crowdsale._forwardFunds' (/sb/0xd7de403483c2a2f2445eb48b744663e25b024cff.sol#238-241) is not in mixedCase
Function 'Ownable.Ownable' (/sb/0xd7de403483c2a2f2445eb48b744663e25b024cff.sol#264) is not in mixedCase
Function 'VeetuneCrowdsale._processPurchase' (/sb/0xd7de403483c2a2f2445eb48b744663e25b024cff.sol#350-354) is not in mixedCase
Parameter '_beneficiary' of VeetuneCrowdsale._processPurchase (/sb/0xd7de403483c2a2f2445eb48b744663e25b024cff.sol#350) is not in mixedCase
Parameter '_tokenAmount' of VeetuneCrowdsale._processPurchase (/sb/0xd7de403483c2a2f2445eb48b744663e25b024cff.sol#351) is not in mixedCase
Function 'VeetuneCrowdsale._getTokenAmount' (/sb/0xd7de403483c2a2f2445eb48b744663e25b024cff.sol#364-368) is not in mixedCase
Parameter '_weiAmount' of VeetuneCrowdsale._getTokenAmount (/sb/0xd7de403483c2a2f2445eb48b744663e25b024cff.sol#365) is not in mixedCase
Function 'VeetuneCrowdsale.VeetuneCrowdsale' (/sb/0xd7de403483c2a2f2445eb48b744663e25b024cff.sol#332-340) is not in mixedCase
Parameter '_bonusMultiplier' of VeetuneCrowdsale.VeetuneCrowdsale (/sb/0xd7de403483c2a2f2445eb48b744663e25b024cff.sol#338) is not in mixedCase
Parameter '_tokenAmount' of VeetuneCrowdsale.postCrowdsaleWithdraw (/sb/0xd7de403483c2a2f2445eb48b744663e25b024cff.sol#413) is not in mixedCase
Parameter '_beneficiary' of VeetuneCrowdsale.addTokens (/sb/0xd7de403483c2a2f2445eb48b744663e25b024cff.sol#421) is not in mixedCase
Parameter '_tokenAmount' of VeetuneCrowdsale.addTokens (/sb/0xd7de403483c2a2f2445eb48b744663e25b024cff.sol#422) is not in mixedCase
Parameter '_from' of VeetuneCrowdsale.transferTokens (/sb/0xd7de403483c2a2f2445eb48b744663e25b024cff.sol#436) is not in mixedCase
Parameter '_to' of VeetuneCrowdsale.transferTokens (/sb/0xd7de403483c2a2f2445eb48b744663e25b024cff.sol#436) is not in mixedCase
Parameter '_tokenAmount' of VeetuneCrowdsale.transferTokens (/sb/0xd7de403483c2a2f2445eb48b744663e25b024cff.sol#436-437) is not in mixedCase
Function 'VeetuneCrowdsale._withdrawTokensFor' (/sb/0xd7de403483c2a2f2445eb48b744663e25b024cff.sol) is not in mixedCase
Reference: https://github.com/trailofbits/slither/wiki/Detectors-Documentation#conformance-to-solidity-naming-conventions[0m
INFO:Slither:/sb/0xd7de403483c2a2f2445eb48b744663e25b024cff.sol analyzed (6 contracts), 53 result(s) found
