INFO:Slither:Compilation warnings/errors on /sb/0xd19a16e097af43642346cff4ecd2c81472ee8bf6.sol:
/sb/0xd19a16e097af43642346cff4ecd2c81472ee8bf6.sol:57:5: Warning: Defining constructors as functions with the same name as the contract is deprecated. Use "constructor(...) { ... }" instead.
    function Owned() {
    ^ (Relevant source part starts here and spans across multiple lines).
/sb/0xd19a16e097af43642346cff4ecd2c81472ee8bf6.sol:288:5: Warning: Defining constructors as functions with the same name as the contract is deprecated. Use "constructor(...) { ... }" instead.
    function Treasury(address _token) public {
    ^ (Relevant source part starts here and spans across multiple lines).
/sb/0xd19a16e097af43642346cff4ecd2c81472ee8bf6.sol:75:9: Warning: "suicide" has been deprecated in favour of "selfdestruct"
        suicide(msg.sender);
        ^-----------------^
/sb/0xd19a16e097af43642346cff4ecd2c81472ee8bf6.sol:206:9: Warning: Invoking events without "emit" prefix is deprecated.
        OracleAdded(_oracle);
        ^------------------^
/sb/0xd19a16e097af43642346cff4ecd2c81472ee8bf6.sol:210:9: Warning: Invoking events without "emit" prefix is deprecated.
        OracleRemoved(_oracle);
        ^--------------------^
/sb/0xd19a16e097af43642346cff4ecd2c81472ee8bf6.sol:342:9: Warning: Invoking events without "emit" prefix is deprecated.
        TreasuryDeposited(_userKey, _depositedAmount, _lockupDate);
        ^--------------------------------------------------------^
/sb/0xd19a16e097af43642346cff4ecd2c81472ee8bf6.sol:376:9: Warning: Invoking events without "emit" prefix is deprecated.
        TreasuryWithdrawn(_userKey, _withdrawnAmount);
        ^-------------------------------------------^
/sb/0xd19a16e097af43642346cff4ecd2c81472ee8bf6.sol:57:5: Warning: No visibility specified. Defaulting to "public". 
    function Owned() {
    ^ (Relevant source part starts here and spans across multiple lines).
/sb/0xd19a16e097af43642346cff4ecd2c81472ee8bf6.sol:74:5: Warning: No visibility specified. Defaulting to "public". 
    function destroy() onlyContractOwner {
    ^ (Relevant source part starts here and spans across multiple lines).
/sb/0xd19a16e097af43642346cff4ecd2c81472ee8bf6.sol:87:5: Warning: No visibility specified. Defaulting to "public". 
    function changeContractOwnership(address _to) onlyContractOwner() returns(bool) {
    ^ (Relevant source part starts here and spans across multiple lines).
/sb/0xd19a16e097af43642346cff4ecd2c81472ee8bf6.sol:103:5: Warning: No visibility specified. Defaulting to "public". 
    function claimContractOwnership() returns(bool) {
    ^ (Relevant source part starts here and spans across multiple lines).
/sb/0xd19a16e097af43642346cff4ecd2c81472ee8bf6.sol:120:5: Warning: No visibility specified. Defaulting to "public". 
    function totalSupply() constant returns (uint256 supply);
    ^-------------------------------------------------------^
/sb/0xd19a16e097af43642346cff4ecd2c81472ee8bf6.sol:121:5: Warning: No visibility specified. Defaulting to "public". 
    function balanceOf(address _owner) constant returns (uint256 balance);
    ^--------------------------------------------------------------------^
/sb/0xd19a16e097af43642346cff4ecd2c81472ee8bf6.sol:122:5: Warning: No visibility specified. Defaulting to "public". 
    function transfer(address _to, uint256 _value) returns (bool success);
    ^--------------------------------------------------------------------^
/sb/0xd19a16e097af43642346cff4ecd2c81472ee8bf6.sol:123:5: Warning: No visibility specified. Defaulting to "public". 
    function transferFrom(address _from, address _to, uint256 _value) returns (bool success);
    ^---------------------------------------------------------------------------------------^
/sb/0xd19a16e097af43642346cff4ecd2c81472ee8bf6.sol:124:5: Warning: No visibility specified. Defaulting to "public". 
    function approve(address _spender, uint256 _value) returns (bool success);
    ^------------------------------------------------------------------------^
/sb/0xd19a16e097af43642346cff4ecd2c81472ee8bf6.sol:125:5: Warning: No visibility specified. Defaulting to "public". 
    function allowance(address _owner, address _spender) constant returns (uint256 remaining);
    ^----------------------------------------------------------------------------------------^
/sb/0xd19a16e097af43642346cff4ecd2c81472ee8bf6.sol:138:5: Warning: No visibility specified. Defaulting to "public". 
    function withdrawnTokens(address[] tokens, address _to) onlyContractOwner returns(uint) {
    ^ (Relevant source part starts here and spans across multiple lines).
/sb/0xd19a16e097af43642346cff4ecd2c81472ee8bf6.sol:224:5: Warning: No visibility specified. Defaulting to "public". 
    function totalSupply() constant returns (uint256 supply);
    ^-------------------------------------------------------^
/sb/0xd19a16e097af43642346cff4ecd2c81472ee8bf6.sol:225:5: Warning: No visibility specified. Defaulting to "public". 
    function balanceOf(address _owner) constant returns (uint256 balance);
    ^--------------------------------------------------------------------^
/sb/0xd19a16e097af43642346cff4ecd2c81472ee8bf6.sol:226:5: Warning: No visibility specified. Defaulting to "public". 
    function transfer(address _to, uint256 _value) returns (bool success);
    ^--------------------------------------------------------------------^
/sb/0xd19a16e097af43642346cff4ecd2c81472ee8bf6.sol:227:5: Warning: No visibility specified. Defaulting to "public". 
    function transferFrom(address _from, address _to, uint256 _value) returns (bool success);
    ^---------------------------------------------------------------------------------------^
/sb/0xd19a16e097af43642346cff4ecd2c81472ee8bf6.sol:228:5: Warning: No visibility specified. Defaulting to "public". 
    function approve(address _spender, uint256 _value) returns (bool success);
    ^------------------------------------------------------------------------^
/sb/0xd19a16e097af43642346cff4ecd2c81472ee8bf6.sol:229:5: Warning: No visibility specified. Defaulting to "public". 
    function allowance(address _owner, address _spender) constant returns (uint256 remaining);
    ^----------------------------------------------------------------------------------------^

INFO:Detectors:[93m
Object.withdrawnTokens (/sb/0xd19a16e097af43642346cff4ecd2c81472ee8bf6.sol#140-151) does not use the value returned by external calls:
	-ERC20Interface(token).transfer(_to,balance) (/sb/0xd19a16e097af43642346cff4ecd2c81472ee8bf6.sol#148-149)
Reference: https://github.com/trailofbits/slither/wiki/Detectors-Documentation#unused-return[0m
INFO:Detectors:[92m
ERC20.symbol should be constant (/sb/0xd19a16e097af43642346cff4ecd2c81472ee8bf6.sol#226-227)
ERC20Interface.symbol should be constant (/sb/0xd19a16e097af43642346cff4ecd2c81472ee8bf6.sol#121)
Reference: https://github.com/trailofbits/slither/wiki/Detectors-Documentation#state-variables-that-could-be-declared-constant[0m
INFO:Detectors:[92m
Deprecated standard detected @ /sb/0xd19a16e097af43642346cff4ecd2c81472ee8bf6.sol#80-81:
	- Usage of "suicide()" should be replaced with "selfdestruct()"
Reference: https://github.com/trailofbits/slither/wiki/Detectors-Documentation#deprecated-standards[0m
INFO:Detectors:[92m
Treasury.isTransferAllowed (/sb/0xd19a16e097af43642346cff4ecd2c81472ee8bf6.sol#484-487) should be declared external
ServiceAllowance.isTransferAllowed (/sb/0xd19a16e097af43642346cff4ecd2c81472ee8bf6.sol#37-41) should be declared external
Owned.destroy (/sb/0xd19a16e097af43642346cff4ecd2c81472ee8bf6.sol#76-81) should be declared external
Owned.changeContractOwnership (/sb/0xd19a16e097af43642346cff4ecd2c81472ee8bf6.sol#88-100) should be declared external
Owned.claimContractOwnership (/sb/0xd19a16e097af43642346cff4ecd2c81472ee8bf6.sol#105-117) should be declared external
ERC20Interface.totalSupply (/sb/0xd19a16e097af43642346cff4ecd2c81472ee8bf6.sol#121-122) should be declared external
ERC20Interface.balanceOf (/sb/0xd19a16e097af43642346cff4ecd2c81472ee8bf6.sol#122-123) should be declared external
ERC20Interface.transfer (/sb/0xd19a16e097af43642346cff4ecd2c81472ee8bf6.sol#123-124) should be declared external
ERC20Interface.transferFrom (/sb/0xd19a16e097af43642346cff4ecd2c81472ee8bf6.sol#124-125) should be declared external
ERC20Interface.approve (/sb/0xd19a16e097af43642346cff4ecd2c81472ee8bf6.sol#125-129) should be declared external
ERC20Interface.allowance (/sb/0xd19a16e097af43642346cff4ecd2c81472ee8bf6.sol#129-133) should be declared external
Object.withdrawnTokens (/sb/0xd19a16e097af43642346cff4ecd2c81472ee8bf6.sol#140-151) should be declared external
ERC20.totalSupply (/sb/0xd19a16e097af43642346cff4ecd2c81472ee8bf6.sol#227) should be declared external
ERC20.balanceOf (/sb/0xd19a16e097af43642346cff4ecd2c81472ee8bf6.sol#227-228) should be declared external
ERC20.transfer (/sb/0xd19a16e097af43642346cff4ecd2c81472ee8bf6.sol#228-229) should be declared external
ERC20.transferFrom (/sb/0xd19a16e097af43642346cff4ecd2c81472ee8bf6.sol#229-236) should be declared external
ERC20.approve (/sb/0xd19a16e097af43642346cff4ecd2c81472ee8bf6.sol#236-237) should be declared external
ERC20.allowance (/sb/0xd19a16e097af43642346cff4ecd2c81472ee8bf6.sol#237-238) should be declared external
Treasury.init (/sb/0xd19a16e097af43642346cff4ecd2c81472ee8bf6.sol#305-311) should be declared external
Treasury.fallback (/sb/0xd19a16e097af43642346cff4ecd2c81472ee8bf6.sol#312) should be declared external
Treasury.getSharesPercentForPeriod (/sb/0xd19a16e097af43642346cff4ecd2c81472ee8bf6.sol#398-410) should be declared external
Treasury.getLockedUserBalance (/sb/0xd19a16e097af43642346cff4ecd2c81472ee8bf6.sol#431-433) should be declared external
Treasury.getLockedUserDeposits (/sb/0xd19a16e097af43642346cff4ecd2c81472ee8bf6.sol#439-459) should be declared external
Treasury.getTotalBmcDaysAmount (/sb/0xd19a16e097af43642346cff4ecd2c81472ee8bf6.sol#462-465) should be declared external
Treasury.addDistributionPeriod (/sb/0xd19a16e097af43642346cff4ecd2c81472ee8bf6.sol#467-484) should be declared external
Reference: https://github.com/trailofbits/slither/wiki/Detectors-Documentation#public-function-that-could-be-declared-as-external[0m
INFO:Detectors:[92m
Detected issues with version pragma in /sb/0xd19a16e097af43642346cff4ecd2c81472ee8bf6.sol:
	- pragma solidity^0.4.18 (/sb/0xd19a16e097af43642346cff4ecd2c81472ee8bf6.sol#1): it allows old versions
Reference: https://github.com/trailofbits/slither/wiki/Detectors-Documentation#incorrect-version-of-solidity[0m
INFO:Detectors:[92m
Function 'Owned.Owned' (/sb/0xd19a16e097af43642346cff4ecd2c81472ee8bf6.sol#59-64) is not in mixedCase
Parameter '_to' of Owned.changeContractOwnership (/sb/0xd19a16e097af43642346cff4ecd2c81472ee8bf6.sol#89) is not in mixedCase
Parameter '_to' of Object.withdrawnTokens (/sb/0xd19a16e097af43642346cff4ecd2c81472ee8bf6.sol#141) is not in mixedCase
Parameter '_whitelist' of OracleContractAdapter.addOracles (/sb/0xd19a16e097af43642346cff4ecd2c81472ee8bf6.sol#182-183) is not in mixedCase
Parameter '_blacklist' of OracleContractAdapter.removeOracles (/sb/0xd19a16e097af43642346cff4ecd2c81472ee8bf6.sol#197) is not in mixedCase
Function 'OracleContractAdapter._emitOracleAdded' (/sb/0xd19a16e097af43642346cff4ecd2c81472ee8bf6.sol#214-216) is not in mixedCase
Parameter '_oracle' of OracleContractAdapter._emitOracleAdded (/sb/0xd19a16e097af43642346cff4ecd2c81472ee8bf6.sol#215) is not in mixedCase
Function 'OracleContractAdapter._emitOracleRemoved' (/sb/0xd19a16e097af43642346cff4ecd2c81472ee8bf6.sol#216-220) is not in mixedCase
Parameter '_oracle' of OracleContractAdapter._emitOracleRemoved (/sb/0xd19a16e097af43642346cff4ecd2c81472ee8bf6.sol#216) is not in mixedCase
Parameter '' of Treasury.isTransferAllowed (/sb/0xd19a16e097af43642346cff4ecd2c81472ee8bf6.sol#485) is not in mixedCase
Parameter '_scope_0' of Treasury.isTransferAllowed (/sb/0xd19a16e097af43642346cff4ecd2c81472ee8bf6.sol#485) is not in mixedCase
Parameter '_scope_1' of Treasury.isTransferAllowed (/sb/0xd19a16e097af43642346cff4ecd2c81472ee8bf6.sol#485) is not in mixedCase
Parameter '_scope_2' of Treasury.isTransferAllowed (/sb/0xd19a16e097af43642346cff4ecd2c81472ee8bf6.sol#485) is not in mixedCase
Parameter '_scope_3' of Treasury.isTransferAllowed (/sb/0xd19a16e097af43642346cff4ecd2c81472ee8bf6.sol#485) is not in mixedCase
Function 'Treasury.Treasury' (/sb/0xd19a16e097af43642346cff4ecd2c81472ee8bf6.sol#296-305) is not in mixedCase
Parameter '_token' of Treasury.Treasury (/sb/0xd19a16e097af43642346cff4ecd2c81472ee8bf6.sol#297-298) is not in mixedCase
Parameter '_profiterole' of Treasury.init (/sb/0xd19a16e097af43642346cff4ecd2c81472ee8bf6.sol#307) is not in mixedCase
Parameter '_userKey' of Treasury.deposit (/sb/0xd19a16e097af43642346cff4ecd2c81472ee8bf6.sol#323) is not in mixedCase
Parameter '_value' of Treasury.deposit (/sb/0xd19a16e097af43642346cff4ecd2c81472ee8bf6.sol#323-324) is not in mixedCase
Parameter '_feeAmount' of Treasury.deposit (/sb/0xd19a16e097af43642346cff4ecd2c81472ee8bf6.sol#324) is not in mixedCase
Parameter '_feeAddress' of Treasury.deposit (/sb/0xd19a16e097af43642346cff4ecd2c81472ee8bf6.sol#324) is not in mixedCase
Parameter '_lockupDate' of Treasury.deposit (/sb/0xd19a16e097af43642346cff4ecd2c81472ee8bf6.sol#324-325) is not in mixedCase
Parameter '_userKey' of Treasury.withdraw (/sb/0xd19a16e097af43642346cff4ecd2c81472ee8bf6.sol#363) is not in mixedCase
Parameter '_value' of Treasury.withdraw (/sb/0xd19a16e097af43642346cff4ecd2c81472ee8bf6.sol#363) is not in mixedCase
Parameter '_withdrawAddress' of Treasury.withdraw (/sb/0xd19a16e097af43642346cff4ecd2c81472ee8bf6.sol#363-364) is not in mixedCase
Parameter '_feeAmount' of Treasury.withdraw (/sb/0xd19a16e097af43642346cff4ecd2c81472ee8bf6.sol#364) is not in mixedCase
Parameter '_feeAddress' of Treasury.withdraw (/sb/0xd19a16e097af43642346cff4ecd2c81472ee8bf6.sol#364-366) is not in mixedCase
Parameter '_userKey' of Treasury.getSharesPercentForPeriod (/sb/0xd19a16e097af43642346cff4ecd2c81472ee8bf6.sol#399) is not in mixedCase
Parameter '_date' of Treasury.getSharesPercentForPeriod (/sb/0xd19a16e097af43642346cff4ecd2c81472ee8bf6.sol#399) is not in mixedCase
Parameter '_userKey' of Treasury.getUserBalance (/sb/0xd19a16e097af43642346cff4ecd2c81472ee8bf6.sol#419) is not in mixedCase
Parameter '_userKey' of Treasury.getLockedUserBalance (/sb/0xd19a16e097af43642346cff4ecd2c81472ee8bf6.sol#432) is not in mixedCase
Parameter '_userKey' of Treasury.getLockedUserDeposits (/sb/0xd19a16e097af43642346cff4ecd2c81472ee8bf6.sol#439-440) is not in mixedCase
Parameter '_date' of Treasury.getTotalBmcDaysAmount (/sb/0xd19a16e097af43642346cff4ecd2c81472ee8bf6.sol#464) is not in mixedCase
Function 'Treasury._makeDepositForPeriod' (/sb/0xd19a16e097af43642346cff4ecd2c81472ee8bf6.sol#487-506) is not in mixedCase
Parameter '_userKey' of Treasury._makeDepositForPeriod (/sb/0xd19a16e097af43642346cff4ecd2c81472ee8bf6.sol#488) is not in mixedCase
Parameter '_value' of Treasury._makeDepositForPeriod (/sb/0xd19a16e097af43642346cff4ecd2c81472ee8bf6.sol#488) is not in mixedCase
Parameter '_lockupDate' of Treasury._makeDepositForPeriod (/sb/0xd19a16e097af43642346cff4ecd2c81472ee8bf6.sol#488-489) is not in mixedCase
Function 'Treasury._makeWithdrawForPeriod' (/sb/0xd19a16e097af43642346cff4ecd2c81472ee8bf6.sol#506-528) is not in mixedCase
Parameter '_userKey' of Treasury._makeWithdrawForPeriod (/sb/0xd19a16e097af43642346cff4ecd2c81472ee8bf6.sol#506) is not in mixedCase
Parameter '_value' of Treasury._makeWithdrawForPeriod (/sb/0xd19a16e097af43642346cff4ecd2c81472ee8bf6.sol#506-507) is not in mixedCase
Function 'Treasury._registerLockedDeposits' (/sb/0xd19a16e097af43642346cff4ecd2c81472ee8bf6.sol#528-543) is not in mixedCase
Parameter '_userKey' of Treasury._registerLockedDeposits (/sb/0xd19a16e097af43642346cff4ecd2c81472ee8bf6.sol#528-529) is not in mixedCase
Parameter '_amount' of Treasury._registerLockedDeposits (/sb/0xd19a16e097af43642346cff4ecd2c81472ee8bf6.sol#529-530) is not in mixedCase
Parameter '_lockupDate' of Treasury._registerLockedDeposits (/sb/0xd19a16e097af43642346cff4ecd2c81472ee8bf6.sol#530) is not in mixedCase
Function 'Treasury._syncLockedDepositsAmount' (/sb/0xd19a16e097af43642346cff4ecd2c81472ee8bf6.sol#543-564) is not in mixedCase
Parameter '_userKey' of Treasury._syncLockedDepositsAmount (/sb/0xd19a16e097af43642346cff4ecd2c81472ee8bf6.sol#543-544) is not in mixedCase
Function 'Treasury._getBmcDaysAmountForUser' (/sb/0xd19a16e097af43642346cff4ecd2c81472ee8bf6.sol#564-582) is not in mixedCase
Parameter '_userKey' of Treasury._getBmcDaysAmountForUser (/sb/0xd19a16e097af43642346cff4ecd2c81472ee8bf6.sol#564-565) is not in mixedCase
Parameter '_date' of Treasury._getBmcDaysAmountForUser (/sb/0xd19a16e097af43642346cff4ecd2c81472ee8bf6.sol#565) is not in mixedCase
Parameter '_periodIdx' of Treasury._getBmcDaysAmountForUser (/sb/0xd19a16e097af43642346cff4ecd2c81472ee8bf6.sol#565) is not in mixedCase
Function 'Treasury._getTotalBmcDaysAmount' (/sb/0xd19a16e097af43642346cff4ecd2c81472ee8bf6.sol#582-586) is not in mixedCase
Parameter '_date' of Treasury._getTotalBmcDaysAmount (/sb/0xd19a16e097af43642346cff4ecd2c81472ee8bf6.sol#583) is not in mixedCase
Parameter '_periodIdx' of Treasury._getTotalBmcDaysAmount (/sb/0xd19a16e097af43642346cff4ecd2c81472ee8bf6.sol#583) is not in mixedCase
Reference: https://github.com/trailofbits/slither/wiki/Detectors-Documentation#conformance-to-solidity-naming-conventions[0m
INFO:Detectors:[92m
Treasury.TREASURY_ERROR_SCOPE (/sb/0xd19a16e097af43642346cff4ecd2c81472ee8bf6.sol#252-253) is never used in Treasury
Reference: https://github.com/trailofbits/slither/wiki/Detectors-Documentation#unused-state-variables[0m
INFO:Slither:/sb/0xd19a16e097af43642346cff4ecd2c81472ee8bf6.sol analyzed (9 contracts), 83 result(s) found
