INFO:Slither:Compilation warnings/errors on /sb/0xb8f35a92d4df97b7647aebf99da7627064371e1a.sol:
/sb/0xb8f35a92d4df97b7647aebf99da7627064371e1a.sol:57:5: Warning: Defining constructors as functions with the same name as the contract is deprecated. Use "constructor(...) { ... }" instead.
    function Ownable() public {
    ^ (Relevant source part starts here and spans across multiple lines).
/sb/0xb8f35a92d4df97b7647aebf99da7627064371e1a.sol:110:5: Warning: Defining constructors as functions with the same name as the contract is deprecated. Use "constructor(...) { ... }" instead.
    function XRRsale() public {
    ^ (Relevant source part starts here and spans across multiple lines).

INFO:Detectors:[93m
XRRsale.tokenWithdraw (/sb/0xb8f35a92d4df97b7647aebf99da7627064371e1a.sol#143-146) does not use the value returned by external calls:
	-token.transfer(owner,tokenTosale()) (/sb/0xb8f35a92d4df97b7647aebf99da7627064371e1a.sol#145-146)
XRRsale.fallback (/sb/0xb8f35a92d4df97b7647aebf99da7627064371e1a.sol#148-160) does not use the value returned by external calls:
	-token.transfer(msg.sender,tokens) (/sb/0xb8f35a92d4df97b7647aebf99da7627064371e1a.sol#158-159)
XRRsale.sendTokens (/sb/0xb8f35a92d4df97b7647aebf99da7627064371e1a.sol#160-172) does not use the value returned by external calls:
	-token.transfer(_to,_value) (/sb/0xb8f35a92d4df97b7647aebf99da7627064371e1a.sol#171-172)
XRRsale.finishSale (/sb/0xb8f35a92d4df97b7647aebf99da7627064371e1a.sol#172-175) does not use the value returned by external calls:
	-token.transfer(frozenVaults,tokensToFrozen) (/sb/0xb8f35a92d4df97b7647aebf99da7627064371e1a.sol)
Reference: https://github.com/trailofbits/slither/wiki/Detectors-Documentation#unused-return[0m
INFO:Detectors:[92m
Reentrancy in XRRsale.fallback (/sb/0xb8f35a92d4df97b7647aebf99da7627064371e1a.sol#148-160):
	External calls:
	- require(bool)(tokens <= tokenTosale()) (/sb/0xb8f35a92d4df97b7647aebf99da7627064371e1a.sol#154-155)
	State variables written after the call(s):
	- totalTokenRaiseWei (/sb/0xb8f35a92d4df97b7647aebf99da7627064371e1a.sol#157)
Reentrancy in XRRsale.sendTokens (/sb/0xb8f35a92d4df97b7647aebf99da7627064371e1a.sol#160-172):
	External calls:
	- require(bool)(_value <= tokenTosale()) (/sb/0xb8f35a92d4df97b7647aebf99da7627064371e1a.sol#163-164)
	- require(bool)(tokenTosale() >= _value) (/sb/0xb8f35a92d4df97b7647aebf99da7627064371e1a.sol#165)
	State variables written after the call(s):
	- totalRaiseWei (/sb/0xb8f35a92d4df97b7647aebf99da7627064371e1a.sol#169-170)
	- totalTokenRaiseWei (/sb/0xb8f35a92d4df97b7647aebf99da7627064371e1a.sol#170-171)
Reference: https://github.com/trailofbits/slither/wiki/Detectors-Documentation#reentrancy-vulnerabilities-2[0m
INFO:Detectors:[92m
XRRsale.ICO1 should be constant (/sb/0xb8f35a92d4df97b7647aebf99da7627064371e1a.sol#107-108)
XRRsale.ICO2 should be constant (/sb/0xb8f35a92d4df97b7647aebf99da7627064371e1a.sol#108-110)
XRRsale.ICO3 should be constant (/sb/0xb8f35a92d4df97b7647aebf99da7627064371e1a.sol#110-114)
XRRsale.ICO4 should be constant (/sb/0xb8f35a92d4df97b7647aebf99da7627064371e1a.sol#114)
XRRsale.ICOend should be constant (/sb/0xb8f35a92d4df97b7647aebf99da7627064371e1a.sol#114-115)
XRRsale.PreSaleEnd should be constant (/sb/0xb8f35a92d4df97b7647aebf99da7627064371e1a.sol#104-105)
XRRsale.PreSaleStart should be constant (/sb/0xb8f35a92d4df97b7647aebf99da7627064371e1a.sol#103)
XRRsale.frozenVaults should be constant (/sb/0xb8f35a92d4df97b7647aebf99da7627064371e1a.sol#94-97)
XRRsale.wallet should be constant (/sb/0xb8f35a92d4df97b7647aebf99da7627064371e1a.sol#91-92)
Reference: https://github.com/trailofbits/slither/wiki/Detectors-Documentation#state-variables-that-could-be-declared-constant[0m
INFO:Detectors:[92m
Ownable.transferOwnership (/sb/0xb8f35a92d4df97b7647aebf99da7627064371e1a.sol#74-82) should be declared external
XRRtoken.balanceOf (/sb/0xb8f35a92d4df97b7647aebf99da7627064371e1a.sol#84-87) should be declared external
XRRtoken.transfer (/sb/0xb8f35a92d4df97b7647aebf99da7627064371e1a.sol#87-90) should be declared external
XRRsale.tokenWithdraw (/sb/0xb8f35a92d4df97b7647aebf99da7627064371e1a.sol#143-146) should be declared external
XRRsale.fallback (/sb/0xb8f35a92d4df97b7647aebf99da7627064371e1a.sol#148-160) should be declared external
XRRsale.sendTokens (/sb/0xb8f35a92d4df97b7647aebf99da7627064371e1a.sol#160-172) should be declared external
XRRsale.finishSale (/sb/0xb8f35a92d4df97b7647aebf99da7627064371e1a.sol#172-175) should be declared external
Reference: https://github.com/trailofbits/slither/wiki/Detectors-Documentation#public-function-that-could-be-declared-as-external[0m
INFO:Detectors:[92m
Detected issues with version pragma in /sb/0xb8f35a92d4df97b7647aebf99da7627064371e1a.sol:
	- pragma solidity^0.4.18 (/sb/0xb8f35a92d4df97b7647aebf99da7627064371e1a.sol#1): it allows old versions
Reference: https://github.com/trailofbits/slither/wiki/Detectors-Documentation#incorrect-version-of-solidity[0m
INFO:Detectors:[92m
Function 'Ownable.Ownable' (/sb/0xb8f35a92d4df97b7647aebf99da7627064371e1a.sol#59-62) is not in mixedCase
Function 'XRRsale.XRRsale' (/sb/0xb8f35a92d4df97b7647aebf99da7627064371e1a.sol#115) is not in mixedCase
Parameter '_amount' of XRRsale.checkAmount (/sb/0xb8f35a92d4df97b7647aebf99da7627064371e1a.sol#125-126) is not in mixedCase
Parameter '_to' of XRRsale.sendTokens (/sb/0xb8f35a92d4df97b7647aebf99da7627064371e1a.sol#161) is not in mixedCase
Parameter '_value' of XRRsale.sendTokens (/sb/0xb8f35a92d4df97b7647aebf99da7627064371e1a.sol#161) is not in mixedCase
Variable 'XRRsale.PreSaleStart' (/sb/0xb8f35a92d4df97b7647aebf99da7627064371e1a.sol#103) is not in mixedCase
Variable 'XRRsale.PreSaleEnd' (/sb/0xb8f35a92d4df97b7647aebf99da7627064371e1a.sol#104-105) is not in mixedCase
Variable 'XRRsale.ICO1' (/sb/0xb8f35a92d4df97b7647aebf99da7627064371e1a.sol#107-108) is not in mixedCase
Variable 'XRRsale.ICO2' (/sb/0xb8f35a92d4df97b7647aebf99da7627064371e1a.sol#108-110) is not in mixedCase
Variable 'XRRsale.ICO3' (/sb/0xb8f35a92d4df97b7647aebf99da7627064371e1a.sol#110-114) is not in mixedCase
Variable 'XRRsale.ICO4' (/sb/0xb8f35a92d4df97b7647aebf99da7627064371e1a.sol#114) is not in mixedCase
Variable 'XRRsale.ICOend' (/sb/0xb8f35a92d4df97b7647aebf99da7627064371e1a.sol#114-115) is not in mixedCase
Reference: https://github.com/trailofbits/slither/wiki/Detectors-Documentation#conformance-to-solidity-naming-conventions[0m
INFO:Slither:/sb/0xb8f35a92d4df97b7647aebf99da7627064371e1a.sol analyzed (4 contracts), 27 result(s) found
