INFO:Slither:Compilation warnings/errors on /sb/0x43d14a1d16a88dd5f48c4f1de54d1668b20d785c.sol:
/sb/0x43d14a1d16a88dd5f48c4f1de54d1668b20d785c.sol:477:3: Warning: Function state mutability can be restricted to pure
  function finalization() internal {
  ^ (Relevant source part starts here and spans across multiple lines).

INFO:Detectors:[93m
Reentrancy in TokenSale.init (/sb/0x43d14a1d16a88dd5f48c4f1de54d1668b20d785c.sol#660-706):
	External calls:
	- initialTokenOwner = CompanyToken(tokenOnSale).owner() (/sb/0x43d14a1d16a88dd5f48c4f1de54d1668b20d785c.sol#695-698)
	- tokenDecimals = CompanyToken(tokenOnSale).decimals() (/sb/0x43d14a1d16a88dd5f48c4f1de54d1668b20d785c.sol#698-702)
	State variables written after the call(s):
	- crowdsaleCap (/sb/0x43d14a1d16a88dd5f48c4f1de54d1668b20d785c.sol#702-703)
Reference: https://github.com/trailofbits/slither/wiki/Detectors-Documentation#reentrancy-vulnerabilities-1[0m
INFO:Detectors:[93m
TokenSale.finalization (/sb/0x43d14a1d16a88dd5f48c4f1de54d1668b20d785c.sol) does not use the value returned by external calls:
	-tokenOnSale.mint(wallet,remainingTokens) (/sb/0x43d14a1d16a88dd5f48c4f1de54d1668b20d785c.sol)
TokenSale.buyTokens (/sb/0x43d14a1d16a88dd5f48c4f1de54d1668b20d785c.sol#755-800) does not use the value returned by external calls:
	-tokenOnSale.mint(beneficiary,tokens) (/sb/0x43d14a1d16a88dd5f48c4f1de54d1668b20d785c.sol#790-791)
	-starToken.transferFrom(beneficiary,wallet,starAllocationToTokenSale) (/sb/0x43d14a1d16a88dd5f48c4f1de54d1668b20d785c.sol#797-800)
TokenSale.buyTokensWithWei (/sb/0x43d14a1d16a88dd5f48c4f1de54d1668b20d785c.sol#804-834) does not use the value returned by external calls:
	-tokenOnSale.mint(beneficiary,tokens) (/sb/0x43d14a1d16a88dd5f48c4f1de54d1668b20d785c.sol#828-829)
Reference: https://github.com/trailofbits/slither/wiki/Detectors-Documentation#unused-return[0m
INFO:Detectors:[92m
Reentrancy in TokenSale.buyTokens (/sb/0x43d14a1d16a88dd5f48c4f1de54d1668b20d785c.sol#755-800):
	External calls:
	- require(bool)(validPurchase() && tokenOnSale.totalSupply() < crowdsaleCap) (/sb/0x43d14a1d16a88dd5f48c4f1de54d1668b20d785c.sol#760-762)
	- buyTokensWithWei(beneficiary) (/sb/0x43d14a1d16a88dd5f48c4f1de54d1668b20d785c.sol#767)
	- starAllocationToTokenSale = starToken.allowance(beneficiary,this) (/sb/0x43d14a1d16a88dd5f48c4f1de54d1668b20d785c.sol#770-771)
	- tokenOnSale.totalSupply().add(tokens) > crowdsaleCap (/sb/0x43d14a1d16a88dd5f48c4f1de54d1668b20d785c.sol#779-788)
	- tokens = crowdsaleCap.sub(tokenOnSale.totalSupply()) (/sb/0x43d14a1d16a88dd5f48c4f1de54d1668b20d785c.sol#783-785)
	External calls sending eth:
	- buyTokensWithWei(beneficiary) (/sb/0x43d14a1d16a88dd5f48c4f1de54d1668b20d785c.sol#767)
	State variables written after the call(s):
	- starRaised (/sb/0x43d14a1d16a88dd5f48c4f1de54d1668b20d785c.sol#789-790)
Reentrancy in TokenSale.buyTokensWithWei (/sb/0x43d14a1d16a88dd5f48c4f1de54d1668b20d785c.sol#804-834):
	External calls:
	- tokenOnSale.totalSupply().add(tokens) > crowdsaleCap (/sb/0x43d14a1d16a88dd5f48c4f1de54d1668b20d785c.sol#813-823)
	- tokens = crowdsaleCap.sub(tokenOnSale.totalSupply()) (/sb/0x43d14a1d16a88dd5f48c4f1de54d1668b20d785c.sol#819-820)
	State variables written after the call(s):
	- weiRaised (/sb/0x43d14a1d16a88dd5f48c4f1de54d1668b20d785c.sol#823-827)
Reference: https://github.com/trailofbits/slither/wiki/Detectors-Documentation#reentrancy-vulnerabilities-2[0m
INFO:Detectors:[92m
Ownable.renounceOwnership (/sb/0x43d14a1d16a88dd5f48c4f1de54d1668b20d785c.sol#41-47) should be declared external
Ownable.transferOwnership (/sb/0x43d14a1d16a88dd5f48c4f1de54d1668b20d785c.sol#50-55) should be declared external
Pausable.unpause (/sb/0x43d14a1d16a88dd5f48c4f1de54d1668b20d785c.sol#111-115) should be declared external
ERC20Basic.totalSupply (/sb/0x43d14a1d16a88dd5f48c4f1de54d1668b20d785c.sol#169-170) should be declared external
BasicToken.totalSupply (/sb/0x43d14a1d16a88dd5f48c4f1de54d1668b20d785c.sol#196-198) should be declared external
BasicToken.balanceOf (/sb/0x43d14a1d16a88dd5f48c4f1de54d1668b20d785c.sol#224-227) should be declared external
ERC20Basic.balanceOf (/sb/0x43d14a1d16a88dd5f48c4f1de54d1668b20d785c.sol#170-173) should be declared external
ERC20.allowance (/sb/0x43d14a1d16a88dd5f48c4f1de54d1668b20d785c.sol#229-231) should be declared external
StandardToken.allowance (/sb/0x43d14a1d16a88dd5f48c4f1de54d1668b20d785c.sol#300-302) should be declared external
ERC20.totalSupply (/sb/0x43d14a1d16a88dd5f48c4f1de54d1668b20d785c.sol#234-235) should be declared external
ERC20.balanceOf (/sb/0x43d14a1d16a88dd5f48c4f1de54d1668b20d785c.sol#235) should be declared external
MintableToken.mint (/sb/0x43d14a1d16a88dd5f48c4f1de54d1668b20d785c.sol#371-384) should be declared external
MintableToken.finishMinting (/sb/0x43d14a1d16a88dd5f48c4f1de54d1668b20d785c.sol#385-387) should be declared external
FinalizableCrowdsale.finalize (/sb/0x43d14a1d16a88dd5f48c4f1de54d1668b20d785c.sol#484-489) should be declared external
Whitelist.removeManyFromWhitelist (/sb/0x43d14a1d16a88dd5f48c4f1de54d1668b20d785c.sol#592-605) should be declared external
TokenSale.buyTokens (/sb/0x43d14a1d16a88dd5f48c4f1de54d1668b20d785c.sol#755-800) should be declared external
Reference: https://github.com/trailofbits/slither/wiki/Detectors-Documentation#public-function-that-could-be-declared-as-external[0m
INFO:Detectors:[92m
Parameter '_newOwner' of Ownable.transferOwnership (/sb/0x43d14a1d16a88dd5f48c4f1de54d1668b20d785c.sol#51) is not in mixedCase
Function 'Ownable._transferOwnership' (/sb/0x43d14a1d16a88dd5f48c4f1de54d1668b20d785c.sol#58-68) is not in mixedCase
Parameter '_newOwner' of Ownable._transferOwnership (/sb/0x43d14a1d16a88dd5f48c4f1de54d1668b20d785c.sol#59-60) is not in mixedCase
Parameter '_owner' of BasicToken.balanceOf (/sb/0x43d14a1d16a88dd5f48c4f1de54d1668b20d785c.sol#225-226) is not in mixedCase
Parameter '_to' of BasicToken.transfer (/sb/0x43d14a1d16a88dd5f48c4f1de54d1668b20d785c.sol#203) is not in mixedCase
Parameter '_value' of BasicToken.transfer (/sb/0x43d14a1d16a88dd5f48c4f1de54d1668b20d785c.sol#203) is not in mixedCase
Parameter '_owner' of StandardToken.allowance (/sb/0x43d14a1d16a88dd5f48c4f1de54d1668b20d785c.sol#300) is not in mixedCase
Parameter '_spender' of StandardToken.allowance (/sb/0x43d14a1d16a88dd5f48c4f1de54d1668b20d785c.sol#300) is not in mixedCase
Parameter '_from' of StandardToken.transferFrom (/sb/0x43d14a1d16a88dd5f48c4f1de54d1668b20d785c.sol#264) is not in mixedCase
Parameter '_to' of StandardToken.transferFrom (/sb/0x43d14a1d16a88dd5f48c4f1de54d1668b20d785c.sol#264) is not in mixedCase
Parameter '_value' of StandardToken.transferFrom (/sb/0x43d14a1d16a88dd5f48c4f1de54d1668b20d785c.sol#264-265) is not in mixedCase
Parameter '_spender' of StandardToken.approve (/sb/0x43d14a1d16a88dd5f48c4f1de54d1668b20d785c.sol#288) is not in mixedCase
Parameter '_value' of StandardToken.approve (/sb/0x43d14a1d16a88dd5f48c4f1de54d1668b20d785c.sol#288) is not in mixedCase
Parameter '_spender' of StandardToken.increaseApproval (/sb/0x43d14a1d16a88dd5f48c4f1de54d1668b20d785c.sol#313-314) is not in mixedCase
Parameter '_addedValue' of StandardToken.increaseApproval (/sb/0x43d14a1d16a88dd5f48c4f1de54d1668b20d785c.sol#314-315) is not in mixedCase
Parameter '_spender' of StandardToken.decreaseApproval (/sb/0x43d14a1d16a88dd5f48c4f1de54d1668b20d785c.sol#329) is not in mixedCase
Parameter '_subtractedValue' of StandardToken.decreaseApproval (/sb/0x43d14a1d16a88dd5f48c4f1de54d1668b20d785c.sol#329-330) is not in mixedCase
Parameter '_to' of MintableToken.mint (/sb/0x43d14a1d16a88dd5f48c4f1de54d1668b20d785c.sol#371-372) is not in mixedCase
Parameter '_amount' of MintableToken.mint (/sb/0x43d14a1d16a88dd5f48c4f1de54d1668b20d785c.sol#373) is not in mixedCase
Parameter '_startTime' of Crowdsale.initCrowdsale (/sb/0x43d14a1d16a88dd5f48c4f1de54d1668b20d785c.sol#423-424) is not in mixedCase
Parameter '_endTime' of Crowdsale.initCrowdsale (/sb/0x43d14a1d16a88dd5f48c4f1de54d1668b20d785c.sol#424) is not in mixedCase
Parameter '_rate' of Crowdsale.initCrowdsale (/sb/0x43d14a1d16a88dd5f48c4f1de54d1668b20d785c.sol#424) is not in mixedCase
Parameter '_wallet' of Crowdsale.initCrowdsale (/sb/0x43d14a1d16a88dd5f48c4f1de54d1668b20d785c.sol#424) is not in mixedCase
Parameter '_from' of PausableToken.transferFrom (/sb/0x43d14a1d16a88dd5f48c4f1de54d1668b20d785c.sol#505) is not in mixedCase
Parameter '_to' of PausableToken.transferFrom (/sb/0x43d14a1d16a88dd5f48c4f1de54d1668b20d785c.sol#505) is not in mixedCase
Parameter '_value' of PausableToken.transferFrom (/sb/0x43d14a1d16a88dd5f48c4f1de54d1668b20d785c.sol#505) is not in mixedCase
Parameter '_spender' of PausableToken.approve (/sb/0x43d14a1d16a88dd5f48c4f1de54d1668b20d785c.sol#510) is not in mixedCase
Parameter '_value' of PausableToken.approve (/sb/0x43d14a1d16a88dd5f48c4f1de54d1668b20d785c.sol#510-513) is not in mixedCase
Parameter '_to' of PausableToken.transfer (/sb/0x43d14a1d16a88dd5f48c4f1de54d1668b20d785c.sol#501) is not in mixedCase
Parameter '_value' of PausableToken.transfer (/sb/0x43d14a1d16a88dd5f48c4f1de54d1668b20d785c.sol#501) is not in mixedCase
Parameter '_spender' of PausableToken.increaseApproval (/sb/0x43d14a1d16a88dd5f48c4f1de54d1668b20d785c.sol#514) is not in mixedCase
Parameter '_addedValue' of PausableToken.increaseApproval (/sb/0x43d14a1d16a88dd5f48c4f1de54d1668b20d785c.sol#514-516) is not in mixedCase
Parameter '_spender' of PausableToken.decreaseApproval (/sb/0x43d14a1d16a88dd5f48c4f1de54d1668b20d785c.sol#522) is not in mixedCase
Parameter '_subtractedValue' of PausableToken.decreaseApproval (/sb/0x43d14a1d16a88dd5f48c4f1de54d1668b20d785c.sol#522-523) is not in mixedCase
Parameter '_name' of CompanyToken. (/sb/0x43d14a1d16a88dd5f48c4f1de54d1668b20d785c.sol#548-549) is not in mixedCase
Parameter '_symbol' of CompanyToken. (/sb/0x43d14a1d16a88dd5f48c4f1de54d1668b20d785c.sol#549) is not in mixedCase
Parameter '_decimals' of CompanyToken. (/sb/0x43d14a1d16a88dd5f48c4f1de54d1668b20d785c.sol#549) is not in mixedCase
Parameter '_address' of Whitelist.addToWhitelist (/sb/0x43d14a1d16a88dd5f48c4f1de54d1668b20d785c.sol#568) is not in mixedCase
Parameter '_addresses' of Whitelist.addManyToWhitelist (/sb/0x43d14a1d16a88dd5f48c4f1de54d1668b20d785c.sol#574) is not in mixedCase
Parameter '_addresses' of Whitelist.removeManyFromWhitelist (/sb/0x43d14a1d16a88dd5f48c4f1de54d1668b20d785c.sol#593-594) is not in mixedCase
Parameter '_startTime' of TokenSale.init (/sb/0x43d14a1d16a88dd5f48c4f1de54d1668b20d785c.sol#661-662) is not in mixedCase
Parameter '_endTime' of TokenSale.init (/sb/0x43d14a1d16a88dd5f48c4f1de54d1668b20d785c.sol#662) is not in mixedCase
Parameter '_whitelist' of TokenSale.init (/sb/0x43d14a1d16a88dd5f48c4f1de54d1668b20d785c.sol#662-663) is not in mixedCase
Parameter '_starToken' of TokenSale.init (/sb/0x43d14a1d16a88dd5f48c4f1de54d1668b20d785c.sol#663) is not in mixedCase
Parameter '_companyToken' of TokenSale.init (/sb/0x43d14a1d16a88dd5f48c4f1de54d1668b20d785c.sol#664) is not in mixedCase
Parameter '_rate' of TokenSale.init (/sb/0x43d14a1d16a88dd5f48c4f1de54d1668b20d785c.sol#664-665) is not in mixedCase
Parameter '_starRate' of TokenSale.init (/sb/0x43d14a1d16a88dd5f48c4f1de54d1668b20d785c.sol#665-666) is not in mixedCase
Parameter '_wallet' of TokenSale.init (/sb/0x43d14a1d16a88dd5f48c4f1de54d1668b20d785c.sol#666) is not in mixedCase
Parameter '_crowdsaleCap' of TokenSale.init (/sb/0x43d14a1d16a88dd5f48c4f1de54d1668b20d785c.sol#666-669) is not in mixedCase
Parameter '_isWeiAccepted' of TokenSale.init (/sb/0x43d14a1d16a88dd5f48c4f1de54d1668b20d785c.sol#669) is not in mixedCase
Parameter '_isWeiAccepted' of TokenSale.setIsWeiAccepted (/sb/0x43d14a1d16a88dd5f48c4f1de54d1668b20d785c.sol#748-749) is not in mixedCase
Reference: https://github.com/trailofbits/slither/wiki/Detectors-Documentation#conformance-to-solidity-naming-conventions[0m
INFO:Slither:/sb/0x43d14a1d16a88dd5f48c4f1de54d1668b20d785c.sol analyzed (15 contracts), 73 result(s) found
