INFO:Slither:Compilation warnings/errors on /sb/0x340354b210d5b13327e4ee3305f92e7804e29b68.sol:
/sb/0x340354b210d5b13327e4ee3305f92e7804e29b68.sol:144:61: Warning: "throw" is deprecated in favour of "revert()", "require()" and "assert()".
    modifier onlyController { if (msg.sender != controller) throw; _; }
                                                            ^---^
/sb/0x340354b210d5b13327e4ee3305f92e7804e29b68.sol:163:27: Warning: Unused function parameter. Remove or comment out the variable name to silence this warning.
    function proxyPayment(address _owner) payable public returns (bool)
                          ^------------^
/sb/0x340354b210d5b13327e4ee3305f92e7804e29b68.sol:168:25: Warning: Unused function parameter. Remove or comment out the variable name to silence this warning.
    function onTransfer(address _from, address _to, uint _amount) public returns (bool)
                        ^-----------^
/sb/0x340354b210d5b13327e4ee3305f92e7804e29b68.sol:168:40: Warning: Unused function parameter. Remove or comment out the variable name to silence this warning.
    function onTransfer(address _from, address _to, uint _amount) public returns (bool)
                                       ^---------^
/sb/0x340354b210d5b13327e4ee3305f92e7804e29b68.sol:168:53: Warning: Unused function parameter. Remove or comment out the variable name to silence this warning.
    function onTransfer(address _from, address _to, uint _amount) public returns (bool)
                                                    ^----------^
/sb/0x340354b210d5b13327e4ee3305f92e7804e29b68.sol:173:24: Warning: Unused function parameter. Remove or comment out the variable name to silence this warning.
    function onApprove(address _owner, address _spender, uint _amount) public returns (bool)
                       ^------------^
/sb/0x340354b210d5b13327e4ee3305f92e7804e29b68.sol:173:40: Warning: Unused function parameter. Remove or comment out the variable name to silence this warning.
    function onApprove(address _owner, address _spender, uint _amount) public returns (bool)
                                       ^--------------^
/sb/0x340354b210d5b13327e4ee3305f92e7804e29b68.sol:173:58: Warning: Unused function parameter. Remove or comment out the variable name to silence this warning.
    function onApprove(address _owner, address _spender, uint _amount) public returns (bool)
                                                         ^----------^

INFO:Detectors:[93m
Contract locking ether found in /sb/0x340354b210d5b13327e4ee3305f92e7804e29b68.sol:
	Contract TransferController has payable functions:
	 - proxyPayment (/sb/0x340354b210d5b13327e4ee3305f92e7804e29b68.sol#168-173)
	But does not have a function to withdraw the ether
Reference: https://github.com/trailofbits/slither/wiki/Detectors-Documentation#contracts-that-lock-ether[0m
INFO:Detectors:[92m
Deprecated standard detected @ /sb/0x340354b210d5b13327e4ee3305f92e7804e29b68.sol#150:
	- Usage of "throw" should be replaced with "revert()"
Reference: https://github.com/trailofbits/slither/wiki/Detectors-Documentation#deprecated-standards[0m
INFO:Detectors:[92m
DSAuthority.canCall (/sb/0x340354b210d5b13327e4ee3305f92e7804e29b68.sol#4-9) should be declared external
DSAuth.setOwner (/sb/0x340354b210d5b13327e4ee3305f92e7804e29b68.sol#23-31) should be declared external
DSAuth.setAuthority (/sb/0x340354b210d5b13327e4ee3305f92e7804e29b68.sol#31-40) should be declared external
DSStop.stop (/sb/0x340354b210d5b13327e4ee3305f92e7804e29b68.sol#93-99) should be declared external
DSStop.start (/sb/0x340354b210d5b13327e4ee3305f92e7804e29b68.sol#99-100) should be declared external
ERC20.totalSupply (/sb/0x340354b210d5b13327e4ee3305f92e7804e29b68.sol#106-107) should be declared external
ERC20.balanceOf (/sb/0x340354b210d5b13327e4ee3305f92e7804e29b68.sol#107-109) should be declared external
ERC20.allowance (/sb/0x340354b210d5b13327e4ee3305f92e7804e29b68.sol#109-110) should be declared external
ERC20.approve (/sb/0x340354b210d5b13327e4ee3305f92e7804e29b68.sol#110-112) should be declared external
ERC20.transfer (/sb/0x340354b210d5b13327e4ee3305f92e7804e29b68.sol#112-116) should be declared external
ERC20.transferFrom (/sb/0x340354b210d5b13327e4ee3305f92e7804e29b68.sol#116-118) should be declared external
TransferController.proxyPayment (/sb/0x340354b210d5b13327e4ee3305f92e7804e29b68.sol#168-173) should be declared external
TokenController.proxyPayment (/sb/0x340354b210d5b13327e4ee3305f92e7804e29b68.sol#123-125) should be declared external
TokenController.onTransfer (/sb/0x340354b210d5b13327e4ee3305f92e7804e29b68.sol#131-133) should be declared external
TransferController.onTransfer (/sb/0x340354b210d5b13327e4ee3305f92e7804e29b68.sol#173-177) should be declared external
TokenController.onApprove (/sb/0x340354b210d5b13327e4ee3305f92e7804e29b68.sol#142-143) should be declared external
TransferController.onApprove (/sb/0x340354b210d5b13327e4ee3305f92e7804e29b68.sol) should be declared external
Controlled.changeController (/sb/0x340354b210d5b13327e4ee3305f92e7804e29b68.sol#157-160) should be declared external
TransferController.changeController (/sb/0x340354b210d5b13327e4ee3305f92e7804e29b68.sol#163-168) should be declared external
Reference: https://github.com/trailofbits/slither/wiki/Detectors-Documentation#public-function-that-could-be-declared-as-external[0m
INFO:Detectors:[92m
Parameter '_newController' of Controlled.changeController (/sb/0x340354b210d5b13327e4ee3305f92e7804e29b68.sol#158-159) is not in mixedCase
Parameter '_token' of TransferController.changeController (/sb/0x340354b210d5b13327e4ee3305f92e7804e29b68.sol#163) is not in mixedCase
Parameter '_newController' of TransferController.changeController (/sb/0x340354b210d5b13327e4ee3305f92e7804e29b68.sol#163-164) is not in mixedCase
Reference: https://github.com/trailofbits/slither/wiki/Detectors-Documentation#conformance-to-solidity-naming-conventions[0m
INFO:Slither:/sb/0x340354b210d5b13327e4ee3305f92e7804e29b68.sol analyzed (10 contracts), 24 result(s) found
