INFO:Detectors:[92m
iNovaStaking.balanceOf (/sb/0x0e2cda02caebdf772ef15a6f2961296741107038.sol#14-19) should be declared external
Reference: https://github.com/trailofbits/slither/wiki/Detectors-Documentation#public-function-that-could-be-declared-as-external[0m
INFO:Detectors:[92m
Detected issues with version pragma in /sb/0x0e2cda02caebdf772ef15a6f2961296741107038.sol:
	- pragma solidity^0.4.23 (/sb/0x0e2cda02caebdf772ef15a6f2961296741107038.sol#1): it allows old versions
Reference: https://github.com/trailofbits/slither/wiki/Detectors-Documentation#incorrect-version-of-solidity[0m
INFO:Detectors:[92m
Contract 'iNovaStaking' (/sb/0x0e2cda02caebdf772ef15a6f2961296741107038.sol#12-19) is not in CapWords
Contract 'iNovaGame' (/sb/0x0e2cda02caebdf772ef15a6f2961296741107038.sol#24-33) is not in CapWords
Parameter '_game' of NovaGameAccess.isAdminForGame (/sb/0x0e2cda02caebdf772ef15a6f2961296741107038.sol#113-116) is not in mixedCase
Parameter '_account' of NovaGameAccess.isAdminForGame (/sb/0x0e2cda02caebdf772ef15a6f2961296741107038.sol#116) is not in mixedCase
Parameter '_stakingContract' of NovaGameAccess. (/sb/0x0e2cda02caebdf772ef15a6f2961296741107038.sol#103-105) is not in mixedCase
Parameter '_game' of NovaGameAccess.getAdminsForGame (/sb/0x0e2cda02caebdf772ef15a6f2961296741107038.sol#126) is not in mixedCase
Parameter '_account' of NovaGameAccess.getGamesForAdmin (/sb/0x0e2cda02caebdf772ef15a6f2961296741107038.sol#136) is not in mixedCase
Parameter '_game' of NovaGameAccess.addAdminAccount (/sb/0x0e2cda02caebdf772ef15a6f2961296741107038.sol#145-146) is not in mixedCase
Parameter '_account' of NovaGameAccess.addAdminAccount (/sb/0x0e2cda02caebdf772ef15a6f2961296741107038.sol#146) is not in mixedCase
Parameter '_game' of NovaGameAccess.removeAdminAccount (/sb/0x0e2cda02caebdf772ef15a6f2961296741107038.sol#161-162) is not in mixedCase
Parameter '_account' of NovaGameAccess.removeAdminAccount (/sb/0x0e2cda02caebdf772ef15a6f2961296741107038.sol#162) is not in mixedCase
Parameter '_game' of NovaGameAccess.setOperatorPrivileges (/sb/0x0e2cda02caebdf772ef15a6f2961296741107038.sol#202) is not in mixedCase
Parameter '_account' of NovaGameAccess.setOperatorPrivileges (/sb/0x0e2cda02caebdf772ef15a6f2961296741107038.sol#202) is not in mixedCase
Parameter '_isOperator' of NovaGameAccess.setOperatorPrivileges (/sb/0x0e2cda02caebdf772ef15a6f2961296741107038.sol#202-203) is not in mixedCase
Function 'NovaGameAccess._addAdminAccount' (/sb/0x0e2cda02caebdf772ef15a6f2961296741107038.sol#209-231) is not in mixedCase
Parameter '_game' of NovaGameAccess._addAdminAccount (/sb/0x0e2cda02caebdf772ef15a6f2961296741107038.sol#210) is not in mixedCase
Parameter '_account' of NovaGameAccess._addAdminAccount (/sb/0x0e2cda02caebdf772ef15a6f2961296741107038.sol#210) is not in mixedCase
Parameter '_json' of NovaGame.createGame (/sb/0x0e2cda02caebdf772ef15a6f2961296741107038.sol#273) is not in mixedCase
Parameter '_tradeLockSeconds' of NovaGame.createGame (/sb/0x0e2cda02caebdf772ef15a6f2961296741107038.sol#273) is not in mixedCase
Parameter '_metadata' of NovaGame.createGame (/sb/0x0e2cda02caebdf772ef15a6f2961296741107038.sol#273-275) is not in mixedCase
Parameter '_game' of NovaGame.getGameData (/sb/0x0e2cda02caebdf772ef15a6f2961296741107038.sol#311) is not in mixedCase
Parameter '_game' of NovaGame.updateGameMetadata (/sb/0x0e2cda02caebdf772ef15a6f2961296741107038.sol#328) is not in mixedCase
Parameter '_json' of NovaGame.updateGameMetadata (/sb/0x0e2cda02caebdf772ef15a6f2961296741107038.sol#328-329) is not in mixedCase
Parameter '_tradeLockSeconds' of NovaGame.updateGameMetadata (/sb/0x0e2cda02caebdf772ef15a6f2961296741107038.sol#329) is not in mixedCase
Parameter '_metadata' of NovaGame.updateGameMetadata (/sb/0x0e2cda02caebdf772ef15a6f2961296741107038.sol#329) is not in mixedCase
Reference: https://github.com/trailofbits/slither/wiki/Detectors-Documentation#conformance-to-solidity-naming-conventions[0m
INFO:Slither:/sb/0x0e2cda02caebdf772ef15a6f2961296741107038.sol analyzed (5 contracts), 27 result(s) found
