INFO:Detectors:[93m
MilleniumProtectShell.totalSupply (/sb/0xd7d6be7b1a33c0ff864b24ab9f374a5a1aea42bb.sol#86) shadows:
	- ERC20Basic.totalSupply (/sb/0xd7d6be7b1a33c0ff864b24ab9f374a5a1aea42bb.sol#56)
Reference: https://github.com/trailofbits/slither/wiki/Detectors-Documentation#state-variable-shadowing-from-abstract-contracts[0m
INFO:Detectors:[92m
ERC20Basic.totalSupply should be constant (/sb/0xd7d6be7b1a33c0ff864b24ab9f374a5a1aea42bb.sol#56)
MilleniumProtectShell.target0drop should be constant (/sb/0xd7d6be7b1a33c0ff864b24ab9f374a5a1aea42bb.sol#93)
Reference: https://github.com/trailofbits/slither/wiki/Detectors-Documentation#state-variables-that-could-be-declared-constant[0m
INFO:Detectors:[92m
ForeignToken.balanceOf (/sb/0xd7d6be7b1a33c0ff864b24ab9f374a5a1aea42bb.sol#50-51) should be declared external
ForeignToken.transfer (/sb/0xd7d6be7b1a33c0ff864b24ab9f374a5a1aea42bb.sol#51-55) should be declared external
MilleniumProtectShell.balanceOf (/sb/0xd7d6be7b1a33c0ff864b24ab9f374a5a1aea42bb.sol#247-249) should be declared external
ERC20Basic.balanceOf (/sb/0xd7d6be7b1a33c0ff864b24ab9f374a5a1aea42bb.sol#56-57) should be declared external
ERC20Basic.transfer (/sb/0xd7d6be7b1a33c0ff864b24ab9f374a5a1aea42bb.sol#57-58) should be declared external
MilleniumProtectShell.transfer (/sb/0xd7d6be7b1a33c0ff864b24ab9f374a5a1aea42bb.sol#252-262) should be declared external
MilleniumProtectShell.allowance (/sb/0xd7d6be7b1a33c0ff864b24ab9f374a5a1aea42bb.sol#283-289) should be declared external
ERC20.allowance (/sb/0xd7d6be7b1a33c0ff864b24ab9f374a5a1aea42bb.sol#62-63) should be declared external
MilleniumProtectShell.transferFrom (/sb/0xd7d6be7b1a33c0ff864b24ab9f374a5a1aea42bb.sol#262-274) should be declared external
ERC20.transferFrom (/sb/0xd7d6be7b1a33c0ff864b24ab9f374a5a1aea42bb.sol#63-64) should be declared external
MilleniumProtectShell.approve (/sb/0xd7d6be7b1a33c0ff864b24ab9f374a5a1aea42bb.sol#275-283) should be declared external
ERC20.approve (/sb/0xd7d6be7b1a33c0ff864b24ab9f374a5a1aea42bb.sol#64-65) should be declared external
MilleniumProtectShell.transferOwnership (/sb/0xd7d6be7b1a33c0ff864b24ab9f374a5a1aea42bb.sol#127-133) should be declared external
MilleniumProtectShell.finishDistribution (/sb/0xd7d6be7b1a33c0ff864b24ab9f374a5a1aea42bb.sol#133-138) should be declared external
MilleniumProtectShell.updateTokensPerEth (/sb/0xd7d6be7b1a33c0ff864b24ab9f374a5a1aea42bb.sol#174-181) should be declared external
MilleniumProtectShell.getTokenBalance (/sb/0xd7d6be7b1a33c0ff864b24ab9f374a5a1aea42bb.sol#289-296) should be declared external
MilleniumProtectShell.withdrawAll (/sb/0xd7d6be7b1a33c0ff864b24ab9f374a5a1aea42bb.sol#296-302) should be declared external
MilleniumProtectShell.withdraw (/sb/0xd7d6be7b1a33c0ff864b24ab9f374a5a1aea42bb.sol#302-304) should be declared external
MilleniumProtectShell.burn (/sb/0xd7d6be7b1a33c0ff864b24ab9f374a5a1aea42bb.sol#305-316) should be declared external
MilleniumProtectShell.add (/sb/0xd7d6be7b1a33c0ff864b24ab9f374a5a1aea42bb.sol#316-320) should be declared external
MilleniumProtectShell.withdrawForeignTokens (/sb/0xd7d6be7b1a33c0ff864b24ab9f374a5a1aea42bb.sol) should be declared external
Reference: https://github.com/trailofbits/slither/wiki/Detectors-Documentation#public-function-that-could-be-declared-as-external[0m
INFO:Detectors:[92m
Parameter '_owner' of MilleniumProtectShell.balanceOf (/sb/0xd7d6be7b1a33c0ff864b24ab9f374a5a1aea42bb.sol#247) is not in mixedCase
Parameter '_to' of MilleniumProtectShell.transfer (/sb/0xd7d6be7b1a33c0ff864b24ab9f374a5a1aea42bb.sol#252-253) is not in mixedCase
Parameter '_amount' of MilleniumProtectShell.transfer (/sb/0xd7d6be7b1a33c0ff864b24ab9f374a5a1aea42bb.sol#253) is not in mixedCase
Parameter '_owner' of MilleniumProtectShell.allowance (/sb/0xd7d6be7b1a33c0ff864b24ab9f374a5a1aea42bb.sol#284) is not in mixedCase
Parameter '_spender' of MilleniumProtectShell.allowance (/sb/0xd7d6be7b1a33c0ff864b24ab9f374a5a1aea42bb.sol#284-285) is not in mixedCase
Parameter '_from' of MilleniumProtectShell.transferFrom (/sb/0xd7d6be7b1a33c0ff864b24ab9f374a5a1aea42bb.sol#264) is not in mixedCase
Parameter '_to' of MilleniumProtectShell.transferFrom (/sb/0xd7d6be7b1a33c0ff864b24ab9f374a5a1aea42bb.sol#264) is not in mixedCase
Parameter '_amount' of MilleniumProtectShell.transferFrom (/sb/0xd7d6be7b1a33c0ff864b24ab9f374a5a1aea42bb.sol#264) is not in mixedCase
Parameter '_spender' of MilleniumProtectShell.approve (/sb/0xd7d6be7b1a33c0ff864b24ab9f374a5a1aea42bb.sol#276-278) is not in mixedCase
Parameter '_value' of MilleniumProtectShell.approve (/sb/0xd7d6be7b1a33c0ff864b24ab9f374a5a1aea42bb.sol#278) is not in mixedCase
Parameter '_to' of MilleniumProtectShell.distr (/sb/0xd7d6be7b1a33c0ff864b24ab9f374a5a1aea42bb.sol#139) is not in mixedCase
Parameter '_amount' of MilleniumProtectShell.distr (/sb/0xd7d6be7b1a33c0ff864b24ab9f374a5a1aea42bb.sol#139) is not in mixedCase
Function 'MilleniumProtectShell.Distribute' (/sb/0xd7d6be7b1a33c0ff864b24ab9f374a5a1aea42bb.sol#149-166) is not in mixedCase
Parameter '_participant' of MilleniumProtectShell.Distribute (/sb/0xd7d6be7b1a33c0ff864b24ab9f374a5a1aea42bb.sol#149-150) is not in mixedCase
Parameter '_amount' of MilleniumProtectShell.Distribute (/sb/0xd7d6be7b1a33c0ff864b24ab9f374a5a1aea42bb.sol#150) is not in mixedCase
Function 'MilleniumProtectShell.DistributeAirdrop' (/sb/0xd7d6be7b1a33c0ff864b24ab9f374a5a1aea42bb.sol#166-167) is not in mixedCase
Parameter '_participant' of MilleniumProtectShell.DistributeAirdrop (/sb/0xd7d6be7b1a33c0ff864b24ab9f374a5a1aea42bb.sol#166) is not in mixedCase
Parameter '_amount' of MilleniumProtectShell.DistributeAirdrop (/sb/0xd7d6be7b1a33c0ff864b24ab9f374a5a1aea42bb.sol#166) is not in mixedCase
Function 'MilleniumProtectShell.DistributeAirdropMultiple' (/sb/0xd7d6be7b1a33c0ff864b24ab9f374a5a1aea42bb.sol#167-172) is not in mixedCase
Parameter '_addresses' of MilleniumProtectShell.DistributeAirdropMultiple (/sb/0xd7d6be7b1a33c0ff864b24ab9f374a5a1aea42bb.sol#170) is not in mixedCase
Parameter '_amount' of MilleniumProtectShell.DistributeAirdropMultiple (/sb/0xd7d6be7b1a33c0ff864b24ab9f374a5a1aea42bb.sol#170) is not in mixedCase
Parameter '_tokensPerEth' of MilleniumProtectShell.updateTokensPerEth (/sb/0xd7d6be7b1a33c0ff864b24ab9f374a5a1aea42bb.sol#175-176) is not in mixedCase
Parameter '_wdamount' of MilleniumProtectShell.withdraw (/sb/0xd7d6be7b1a33c0ff864b24ab9f374a5a1aea42bb.sol#302) is not in mixedCase
Parameter '_value' of MilleniumProtectShell.burn (/sb/0xd7d6be7b1a33c0ff864b24ab9f374a5a1aea42bb.sol#305) is not in mixedCase
Parameter '_value' of MilleniumProtectShell.add (/sb/0xd7d6be7b1a33c0ff864b24ab9f374a5a1aea42bb.sol#316-317) is not in mixedCase
Parameter '_tokenContract' of MilleniumProtectShell.withdrawForeignTokens (/sb/0xd7d6be7b1a33c0ff864b24ab9f374a5a1aea42bb.sol) is not in mixedCase
Variable 'MilleniumProtectShell.Claimed' (/sb/0xd7d6be7b1a33c0ff864b24ab9f374a5a1aea42bb.sol#77-78) is not in mixedCase
Constant 'MilleniumProtectShell.requestMinimum' (/sb/0xd7d6be7b1a33c0ff864b24ab9f374a5a1aea42bb.sol#87-89) is not in UPPER_CASE_WITH_UNDERSCORES
Reference: https://github.com/trailofbits/slither/wiki/Detectors-Documentation#conformance-to-solidity-naming-conventions[0m
INFO:Slither:/sb/0xd7d6be7b1a33c0ff864b24ab9f374a5a1aea42bb.sol analyzed (5 contracts), 51 result(s) found
