INFO:Slither:Compilation warnings/errors on /sb/0x0cbc9b02b8628ae08688b5cc8134dc09e36c443b.sol:
/sb/0x0cbc9b02b8628ae08688b5cc8134dc09e36c443b.sol:103:5: Warning: Defining constructors as functions with the same name as the contract is deprecated. Use "constructor(...) { ... }" instead.
    function Ownable() {
    ^ (Relevant source part starts here and spans across multiple lines).
/sb/0x0cbc9b02b8628ae08688b5cc8134dc09e36c443b.sol:109:13: Warning: "throw" is deprecated in favour of "revert()", "require()" and "assert()".
            throw;
            ^---^
/sb/0x0cbc9b02b8628ae08688b5cc8134dc09e36c443b.sol:187:9: Warning: "throw" is deprecated in favour of "revert()", "require()" and "assert()".
        throw;
        ^---^
/sb/0x0cbc9b02b8628ae08688b5cc8134dc09e36c443b.sol:203:5: Warning: Defining constructors as functions with the same name as the contract is deprecated. Use "constructor(...) { ... }" instead.
    function Tratok() {
    ^ (Relevant source part starts here and spans across multiple lines).
/sb/0x0cbc9b02b8628ae08688b5cc8134dc09e36c443b.sol:223:13: Warning: "throw" is deprecated in favour of "revert()", "require()" and "assert()".
            throw;
            ^---^
/sb/0x0cbc9b02b8628ae08688b5cc8134dc09e36c443b.sol:128:13: Warning: Invoking events without "emit" prefix is deprecated.
            Transfer(msg.sender, _to, _value);
            ^-------------------------------^
/sb/0x0cbc9b02b8628ae08688b5cc8134dc09e36c443b.sol:140:13: Warning: Invoking events without "emit" prefix is deprecated.
            Transfer(_from, _to, _value);
            ^--------------------------^
/sb/0x0cbc9b02b8628ae08688b5cc8134dc09e36c443b.sol:153:9: Warning: Invoking events without "emit" prefix is deprecated.
        Approval(msg.sender, _spender, _value);
        ^------------------------------------^
/sb/0x0cbc9b02b8628ae08688b5cc8134dc09e36c443b.sol:219:9: Warning: Invoking events without "emit" prefix is deprecated.
        Approval(msg.sender, _spender, _value);
        ^------------------------------------^
/sb/0x0cbc9b02b8628ae08688b5cc8134dc09e36c443b.sol:222:43: Warning: "sha3" has been deprecated in favour of "keccak256"
        if (!_spender.call(bytes4(bytes32(sha3("receiveApproval(address,uint256,address,bytes)"))), msg.sender, _value, this, _extraData)) {
                                          ^----------------------------------------------------^
/sb/0x0cbc9b02b8628ae08688b5cc8134dc09e36c443b.sol:49:5: Warning: No visibility specified. Defaulting to "public". 
    function totalSupply() constant returns(uint256 supply){}
    ^-------------------------------------------------------^
/sb/0x0cbc9b02b8628ae08688b5cc8134dc09e36c443b.sol:49:45: Warning: Unused function parameter. Remove or comment out the variable name to silence this warning.
    function totalSupply() constant returns(uint256 supply){}
                                            ^------------^
/sb/0x0cbc9b02b8628ae08688b5cc8134dc09e36c443b.sol:55:5: Warning: No visibility specified. Defaulting to "public". 
    function balanceOf(address who) constant returns(uint);
    ^-----------------------------------------------------^
/sb/0x0cbc9b02b8628ae08688b5cc8134dc09e36c443b.sol:63:5: Warning: No visibility specified. Defaulting to "public". 
    function transfer(address to, uint value) returns(bool ok);
    ^---------------------------------------------------------^
/sb/0x0cbc9b02b8628ae08688b5cc8134dc09e36c443b.sol:72:5: Warning: No visibility specified. Defaulting to "public". 
    function transferFrom(address from, address to, uint value) returns(bool ok);
    ^---------------------------------------------------------------------------^
/sb/0x0cbc9b02b8628ae08688b5cc8134dc09e36c443b.sol:80:5: Warning: No visibility specified. Defaulting to "public". 
    function approve(address spender, uint value) returns(bool ok);
    ^-------------------------------------------------------------^
/sb/0x0cbc9b02b8628ae08688b5cc8134dc09e36c443b.sol:88:5: Warning: No visibility specified. Defaulting to "public". 
    function allowance(address owner, address spender) constant returns(uint);
    ^------------------------------------------------------------------------^
/sb/0x0cbc9b02b8628ae08688b5cc8134dc09e36c443b.sol:103:5: Warning: No visibility specified. Defaulting to "public". 
    function Ownable() {
    ^ (Relevant source part starts here and spans across multiple lines).
/sb/0x0cbc9b02b8628ae08688b5cc8134dc09e36c443b.sol:114:5: Warning: No visibility specified. Defaulting to "public". 
    function transferOwnership(address newOwner) onlyOwner {
    ^ (Relevant source part starts here and spans across multiple lines).
/sb/0x0cbc9b02b8628ae08688b5cc8134dc09e36c443b.sol:124:5: Warning: No visibility specified. Defaulting to "public". 
    function transfer(address _to, uint256 _value) returns(bool success) {
    ^ (Relevant source part starts here and spans across multiple lines).
/sb/0x0cbc9b02b8628ae08688b5cc8134dc09e36c443b.sol:135:5: Warning: No visibility specified. Defaulting to "public". 
    function transferFrom(address _from, address _to, uint256 _value) returns(bool success) {
    ^ (Relevant source part starts here and spans across multiple lines).
/sb/0x0cbc9b02b8628ae08688b5cc8134dc09e36c443b.sol:147:5: Warning: No visibility specified. Defaulting to "public". 
    function balanceOf(address _owner) constant returns(uint256 balance) {
    ^ (Relevant source part starts here and spans across multiple lines).
/sb/0x0cbc9b02b8628ae08688b5cc8134dc09e36c443b.sol:151:5: Warning: No visibility specified. Defaulting to "public". 
    function approve(address _spender, uint256 _value) returns(bool success) {
    ^ (Relevant source part starts here and spans across multiple lines).
/sb/0x0cbc9b02b8628ae08688b5cc8134dc09e36c443b.sol:157:5: Warning: No visibility specified. Defaulting to "public". 
    function allowance(address _owner, address _spender) constant returns(uint256 remaining) {
    ^ (Relevant source part starts here and spans across multiple lines).
/sb/0x0cbc9b02b8628ae08688b5cc8134dc09e36c443b.sol:168:5: Warning: No visibility specified. Defaulting to "public". 
    function distributeTratok(address[] _destinations, uint256[] _values)
    ^ (Relevant source part starts here and spans across multiple lines).
/sb/0x0cbc9b02b8628ae08688b5cc8134dc09e36c443b.sol:186:5: Warning: No visibility specified. Defaulting to "public". 
    function() {
    ^ (Relevant source part starts here and spans across multiple lines).
/sb/0x0cbc9b02b8628ae08688b5cc8134dc09e36c443b.sol:203:5: Warning: No visibility specified. Defaulting to "public". 
    function Tratok() {
    ^ (Relevant source part starts here and spans across multiple lines).
/sb/0x0cbc9b02b8628ae08688b5cc8134dc09e36c443b.sol:217:5: Warning: No visibility specified. Defaulting to "public". 
    function approveAndCall(address _spender, uint256 _value, bytes _extraData) returns(bool success) {
    ^ (Relevant source part starts here and spans across multiple lines).
/sb/0x0cbc9b02b8628ae08688b5cc8134dc09e36c443b.sol:26:5: Warning: Function state mutability can be restricted to pure
    function sub(uint256 a, uint256 b) internal returns (uint256) {
    ^ (Relevant source part starts here and spans across multiple lines).
/sb/0x0cbc9b02b8628ae08688b5cc8134dc09e36c443b.sol:32:5: Warning: Function state mutability can be restricted to pure
    function add(uint256 a, uint256 b) internal returns (uint256) {
    ^ (Relevant source part starts here and spans across multiple lines).
/sb/0x0cbc9b02b8628ae08688b5cc8134dc09e36c443b.sol:49:5: Warning: Function state mutability can be restricted to pure
    function totalSupply() constant returns(uint256 supply){}
    ^-------------------------------------------------------^

INFO:Detectors:[91m
StandardToken.totalSupply (/sb/0x0cbc9b02b8628ae08688b5cc8134dc09e36c443b.sol#191) shadows:
	- ERC20.totalSupply (/sb/0x0cbc9b02b8628ae08688b5cc8134dc09e36c443b.sol#48)
Reference: https://github.com/trailofbits/slither/wiki/Detectors-Documentation#state-variable-shadowing[0m
INFO:Detectors:[92m
ERC20.totalSupply should be constant (/sb/0x0cbc9b02b8628ae08688b5cc8134dc09e36c443b.sol#48)
Tratok.version should be constant (/sb/0x0cbc9b02b8628ae08688b5cc8134dc09e36c443b.sol#200)
Reference: https://github.com/trailofbits/slither/wiki/Detectors-Documentation#state-variables-that-could-be-declared-constant[0m
INFO:Detectors:[92m
Deprecated standard detected @ /sb/0x0cbc9b02b8628ae08688b5cc8134dc09e36c443b.sol#115:
	- Usage of "throw" should be replaced with "revert()"
Deprecated standard detected @ /sb/0x0cbc9b02b8628ae08688b5cc8134dc09e36c443b.sol#195:
	- Usage of "throw" should be replaced with "revert()"
Deprecated standard detected @ /sb/0x0cbc9b02b8628ae08688b5cc8134dc09e36c443b.sol:
	- Usage of "sha3()" should be replaced with "keccak256()"
Deprecated standard detected @ /sb/0x0cbc9b02b8628ae08688b5cc8134dc09e36c443b.sol:
	- Usage of "throw" should be replaced with "revert()"
Reference: https://github.com/trailofbits/slither/wiki/Detectors-Documentation#deprecated-standards[0m
INFO:Detectors:[92m
ERC20.totalSupply (/sb/0x0cbc9b02b8628ae08688b5cc8134dc09e36c443b.sol#49-52) should be declared external
StandardToken.balanceOf (/sb/0x0cbc9b02b8628ae08688b5cc8134dc09e36c443b.sol#151-153) should be declared external
ERC20.balanceOf (/sb/0x0cbc9b02b8628ae08688b5cc8134dc09e36c443b.sol#55-58) should be declared external
ERC20.transferFrom (/sb/0x0cbc9b02b8628ae08688b5cc8134dc09e36c443b.sol#72-76) should be declared external
StandardToken.transferFrom (/sb/0x0cbc9b02b8628ae08688b5cc8134dc09e36c443b.sol#136-151) should be declared external
StandardToken.approve (/sb/0x0cbc9b02b8628ae08688b5cc8134dc09e36c443b.sol#153-162) should be declared external
ERC20.approve (/sb/0x0cbc9b02b8628ae08688b5cc8134dc09e36c443b.sol#83) should be declared external
ERC20.allowance (/sb/0x0cbc9b02b8628ae08688b5cc8134dc09e36c443b.sol#91-92) should be declared external
StandardToken.allowance (/sb/0x0cbc9b02b8628ae08688b5cc8134dc09e36c443b.sol#162-163) should be declared external
Ownable.transferOwnership (/sb/0x0cbc9b02b8628ae08688b5cc8134dc09e36c443b.sol#116-124) should be declared external
StandardToken.distributeTratok (/sb/0x0cbc9b02b8628ae08688b5cc8134dc09e36c443b.sol#172-184) should be declared external
Tratok.fallback (/sb/0x0cbc9b02b8628ae08688b5cc8134dc09e36c443b.sol#194-195) should be declared external
Tratok.approveAndCall (/sb/0x0cbc9b02b8628ae08688b5cc8134dc09e36c443b.sol#221-227) should be declared external
Reference: https://github.com/trailofbits/slither/wiki/Detectors-Documentation#public-function-that-could-be-declared-as-external[0m
INFO:Detectors:[92m
Detected issues with version pragma in /sb/0x0cbc9b02b8628ae08688b5cc8134dc09e36c443b.sol:
	- pragma solidity^0.4.4 (/sb/0x0cbc9b02b8628ae08688b5cc8134dc09e36c443b.sol#1): it allows old versions
Reference: https://github.com/trailofbits/slither/wiki/Detectors-Documentation#incorrect-version-of-solidity[0m
INFO:Detectors:[92m
Low level call in Tratok.approveAndCall (/sb/0x0cbc9b02b8628ae08688b5cc8134dc09e36c443b.sol#221-227):
	-! _spender.call(bytes4(bytes32(sha3()(receiveApproval(address,uint256,address,bytes)))),msg.sender,_value,this,_extraData) /sb/0x0cbc9b02b8628ae08688b5cc8134dc09e36c443b.sol
Reference: https://github.com/trailofbits/slither/wiki/Detectors-Documentation#low-level-calls[0m
INFO:Detectors:[92m
Function 'Ownable.Ownable' (/sb/0x0cbc9b02b8628ae08688b5cc8134dc09e36c443b.sol#108-112) is not in mixedCase
Parameter '_owner' of StandardToken.balanceOf (/sb/0x0cbc9b02b8628ae08688b5cc8134dc09e36c443b.sol#151) is not in mixedCase
Parameter '_to' of StandardToken.transfer (/sb/0x0cbc9b02b8628ae08688b5cc8134dc09e36c443b.sol#126) is not in mixedCase
Parameter '_value' of StandardToken.transfer (/sb/0x0cbc9b02b8628ae08688b5cc8134dc09e36c443b.sol#126) is not in mixedCase
Parameter '_from' of StandardToken.transferFrom (/sb/0x0cbc9b02b8628ae08688b5cc8134dc09e36c443b.sol#136) is not in mixedCase
Parameter '_to' of StandardToken.transferFrom (/sb/0x0cbc9b02b8628ae08688b5cc8134dc09e36c443b.sol#136) is not in mixedCase
Parameter '_value' of StandardToken.transferFrom (/sb/0x0cbc9b02b8628ae08688b5cc8134dc09e36c443b.sol#136-137) is not in mixedCase
Parameter '_spender' of StandardToken.approve (/sb/0x0cbc9b02b8628ae08688b5cc8134dc09e36c443b.sol#153-154) is not in mixedCase
Parameter '_value' of StandardToken.approve (/sb/0x0cbc9b02b8628ae08688b5cc8134dc09e36c443b.sol#154-157) is not in mixedCase
Parameter '_owner' of StandardToken.allowance (/sb/0x0cbc9b02b8628ae08688b5cc8134dc09e36c443b.sol#162) is not in mixedCase
Parameter '_spender' of StandardToken.allowance (/sb/0x0cbc9b02b8628ae08688b5cc8134dc09e36c443b.sol#162) is not in mixedCase
Parameter '_destinations' of StandardToken.distributeTratok (/sb/0x0cbc9b02b8628ae08688b5cc8134dc09e36c443b.sol#172-173) is not in mixedCase
Parameter '_values' of StandardToken.distributeTratok (/sb/0x0cbc9b02b8628ae08688b5cc8134dc09e36c443b.sol#173-174) is not in mixedCase
Function 'Tratok.Tratok' (/sb/0x0cbc9b02b8628ae08688b5cc8134dc09e36c443b.sol#208-218) is not in mixedCase
Parameter '_spender' of Tratok.approveAndCall (/sb/0x0cbc9b02b8628ae08688b5cc8134dc09e36c443b.sol#221-222) is not in mixedCase
Parameter '_value' of Tratok.approveAndCall (/sb/0x0cbc9b02b8628ae08688b5cc8134dc09e36c443b.sol#222) is not in mixedCase
Parameter '_extraData' of Tratok.approveAndCall (/sb/0x0cbc9b02b8628ae08688b5cc8134dc09e36c443b.sol#222) is not in mixedCase
Reference: https://github.com/trailofbits/slither/wiki/Detectors-Documentation#conformance-to-solidity-naming-conventions[0m
INFO:Slither:/sb/0x0cbc9b02b8628ae08688b5cc8134dc09e36c443b.sol analyzed (5 contracts), 38 result(s) found
