INFO:Slither:Compilation warnings/errors on /sb/0x22d1755515bef4afd277d8acd42adbac49c77d43.sol:
/sb/0x22d1755515bef4afd277d8acd42adbac49c77d43.sol:102:5: Warning: Defining constructors as functions with the same name as the contract is deprecated. Use "constructor(...) { ... }" instead.
    function ZeroXEth () public {
    ^ (Relevant source part starts here and spans across multiple lines).
/sb/0x22d1755515bef4afd277d8acd42adbac49c77d43.sol:54:5: Warning: Functions in interfaces should be declared external.
    function distr(address _to, uint256 _value) public returns (bool);
    ^----------------------------------------------------------------^
/sb/0x22d1755515bef4afd277d8acd42adbac49c77d43.sol:55:5: Warning: Functions in interfaces should be declared external.
    function totalSupply() constant public returns (uint256 supply);
    ^--------------------------------------------------------------^
/sb/0x22d1755515bef4afd277d8acd42adbac49c77d43.sol:56:5: Warning: Functions in interfaces should be declared external.
    function balanceOf(address _owner) constant public returns (uint256 balance);
    ^---------------------------------------------------------------------------^
/sb/0x22d1755515bef4afd277d8acd42adbac49c77d43.sol:128:9: Warning: Invoking events without "emit" prefix is deprecated.
        DistrFinished();
        ^-------------^
/sb/0x22d1755515bef4afd277d8acd42adbac49c77d43.sol:136:9: Warning: Invoking events without "emit" prefix is deprecated.
        Distr(_to, _amount);
        ^-----------------^
/sb/0x22d1755515bef4afd277d8acd42adbac49c77d43.sol:137:9: Warning: Invoking events without "emit" prefix is deprecated.
        Transfer(address(0), _to, _amount);
        ^--------------------------------^
/sb/0x22d1755515bef4afd277d8acd42adbac49c77d43.sol:235:9: Warning: Invoking events without "emit" prefix is deprecated.
        Transfer(msg.sender, _to, _amount);
        ^--------------------------------^
/sb/0x22d1755515bef4afd277d8acd42adbac49c77d43.sol:248:9: Warning: Invoking events without "emit" prefix is deprecated.
        Transfer(_from, _to, _amount);
        ^---------------------------^
/sb/0x22d1755515bef4afd277d8acd42adbac49c77d43.sol:256:9: Warning: Invoking events without "emit" prefix is deprecated.
        Approval(msg.sender, _spender, _value);
        ^------------------------------------^
/sb/0x22d1755515bef4afd277d8acd42adbac49c77d43.sol:271:32: Warning: Using contract member "balance" inherited from the address type is deprecated. Convert the contract to "address" type to access the member, for example use "address(contract).balance" instead.
        uint256 etherBalance = this.balance;
                               ^----------^
/sb/0x22d1755515bef4afd277d8acd42adbac49c77d43.sol:284:9: Warning: Invoking events without "emit" prefix is deprecated.
        Burn(burner, _value);
        ^------------------^

INFO:Detectors:[93m
ZeroXEth.totalSupply (/sb/0x22d1755515bef4afd277d8acd42adbac49c77d43.sol#73-74) shadows:
	- ERC20Basic.totalSupply (/sb/0x22d1755515bef4afd277d8acd42adbac49c77d43.sol#41)
Reference: https://github.com/trailofbits/slither/wiki/Detectors-Documentation#state-variable-shadowing-from-abstract-contracts[0m
INFO:Detectors:[92m
ERC20Basic.totalSupply should be constant (/sb/0x22d1755515bef4afd277d8acd42adbac49c77d43.sol#41)
Reference: https://github.com/trailofbits/slither/wiki/Detectors-Documentation#state-variables-that-could-be-declared-constant[0m
INFO:Detectors:[92m
ForeignToken.balanceOf (/sb/0x22d1755515bef4afd277d8acd42adbac49c77d43.sol#35-36) should be declared external
ForeignToken.transfer (/sb/0x22d1755515bef4afd277d8acd42adbac49c77d43.sol#36-40) should be declared external
ZeroXEth.balanceOf (/sb/0x22d1755515bef4afd277d8acd42adbac49c77d43.sol#224-228) should be declared external
ERC20Basic.balanceOf (/sb/0x22d1755515bef4afd277d8acd42adbac49c77d43.sol#41-42) should be declared external
ZeroXEth.transfer (/sb/0x22d1755515bef4afd277d8acd42adbac49c77d43.sol#233-243) should be declared external
ERC20Basic.transfer (/sb/0x22d1755515bef4afd277d8acd42adbac49c77d43.sol#42-43) should be declared external
ERC20.allowance (/sb/0x22d1755515bef4afd277d8acd42adbac49c77d43.sol#47-48) should be declared external
ZeroXEth.allowance (/sb/0x22d1755515bef4afd277d8acd42adbac49c77d43.sol#265-270) should be declared external
ZeroXEth.transferFrom (/sb/0x22d1755515bef4afd277d8acd42adbac49c77d43.sol#243-255) should be declared external
ERC20.transferFrom (/sb/0x22d1755515bef4afd277d8acd42adbac49c77d43.sol#48-49) should be declared external
ERC20.approve (/sb/0x22d1755515bef4afd277d8acd42adbac49c77d43.sol#49-50) should be declared external
ZeroXEth.approve (/sb/0x22d1755515bef4afd277d8acd42adbac49c77d43.sol#255-265) should be declared external
Token.distr (/sb/0x22d1755515bef4afd277d8acd42adbac49c77d43.sol#54-55) should be declared external
Token.totalSupply (/sb/0x22d1755515bef4afd277d8acd42adbac49c77d43.sol#55-56) should be declared external
Token.balanceOf (/sb/0x22d1755515bef4afd277d8acd42adbac49c77d43.sol#56-61) should be declared external
ZeroXEth.transferOwnership (/sb/0x22d1755515bef4afd277d8acd42adbac49c77d43.sol#110-115) should be declared external
ZeroXEth.enableWhitelist (/sb/0x22d1755515bef4afd277d8acd42adbac49c77d43.sol#115-121) should be declared external
ZeroXEth.disableWhitelist (/sb/0x22d1755515bef4afd277d8acd42adbac49c77d43.sol#121-128) should be declared external
ZeroXEth.finishDistribution (/sb/0x22d1755515bef4afd277d8acd42adbac49c77d43.sol#128-133) should be declared external
ZeroXEth.airdrop (/sb/0x22d1755515bef4afd277d8acd42adbac49c77d43.sol#148-163) should be declared external
ZeroXEth.distribution (/sb/0x22d1755515bef4afd277d8acd42adbac49c77d43.sol#163-178) should be declared external
ZeroXEth.distributeAmounts (/sb/0x22d1755515bef4afd277d8acd42adbac49c77d43.sol#178-196) should be declared external
ZeroXEth.getTokenBalance (/sb/0x22d1755515bef4afd277d8acd42adbac49c77d43.sol#271-277) should be declared external
ZeroXEth.withdraw (/sb/0x22d1755515bef4afd277d8acd42adbac49c77d43.sol#277-278) should be declared external
ZeroXEth.burn (/sb/0x22d1755515bef4afd277d8acd42adbac49c77d43.sol#278-294) should be declared external
ZeroXEth.withdrawForeignTokens (/sb/0x22d1755515bef4afd277d8acd42adbac49c77d43.sol) should be declared external
Reference: https://github.com/trailofbits/slither/wiki/Detectors-Documentation#public-function-that-could-be-declared-as-external[0m
INFO:Detectors:[92m
Detected issues with version pragma in /sb/0x22d1755515bef4afd277d8acd42adbac49c77d43.sol:
	- pragma solidity^0.4.19 (/sb/0x22d1755515bef4afd277d8acd42adbac49c77d43.sol#1): it allows old versions
Reference: https://github.com/trailofbits/slither/wiki/Detectors-Documentation#incorrect-version-of-solidity[0m
INFO:Detectors:[92m
Parameter '_owner' of ZeroXEth.balanceOf (/sb/0x22d1755515bef4afd277d8acd42adbac49c77d43.sol#224-225) is not in mixedCase
Parameter '_to' of ZeroXEth.transfer (/sb/0x22d1755515bef4afd277d8acd42adbac49c77d43.sol#233) is not in mixedCase
Parameter '_amount' of ZeroXEth.transfer (/sb/0x22d1755515bef4afd277d8acd42adbac49c77d43.sol#233-234) is not in mixedCase
Parameter '_owner' of ZeroXEth.allowance (/sb/0x22d1755515bef4afd277d8acd42adbac49c77d43.sol#265-266) is not in mixedCase
Parameter '_spender' of ZeroXEth.allowance (/sb/0x22d1755515bef4afd277d8acd42adbac49c77d43.sol#266) is not in mixedCase
Parameter '_from' of ZeroXEth.transferFrom (/sb/0x22d1755515bef4afd277d8acd42adbac49c77d43.sol#243-245) is not in mixedCase
Parameter '_to' of ZeroXEth.transferFrom (/sb/0x22d1755515bef4afd277d8acd42adbac49c77d43.sol#245) is not in mixedCase
Parameter '_amount' of ZeroXEth.transferFrom (/sb/0x22d1755515bef4afd277d8acd42adbac49c77d43.sol#245) is not in mixedCase
Parameter '_spender' of ZeroXEth.approve (/sb/0x22d1755515bef4afd277d8acd42adbac49c77d43.sol#255-256) is not in mixedCase
Parameter '_value' of ZeroXEth.approve (/sb/0x22d1755515bef4afd277d8acd42adbac49c77d43.sol#256) is not in mixedCase
Function 'ZeroXEth.ZeroXEth' (/sb/0x22d1755515bef4afd277d8acd42adbac49c77d43.sol#105-109) is not in mixedCase
Parameter '_to' of ZeroXEth.distr (/sb/0x22d1755515bef4afd277d8acd42adbac49c77d43.sol#134) is not in mixedCase
Parameter '_amount' of ZeroXEth.distr (/sb/0x22d1755515bef4afd277d8acd42adbac49c77d43.sol#134) is not in mixedCase
Parameter '_value' of ZeroXEth.burn (/sb/0x22d1755515bef4afd277d8acd42adbac49c77d43.sol#280) is not in mixedCase
Parameter '_tokenContract' of ZeroXEth.withdrawForeignTokens (/sb/0x22d1755515bef4afd277d8acd42adbac49c77d43.sol) is not in mixedCase
Reference: https://github.com/trailofbits/slither/wiki/Detectors-Documentation#conformance-to-solidity-naming-conventions[0m
INFO:Slither:/sb/0x22d1755515bef4afd277d8acd42adbac49c77d43.sol analyzed (6 contracts), 44 result(s) found
