INFO:Slither:Compilation warnings/errors on /sb/0x0fcff19d293a50ca03446100c3957e886043d147.sol:
/sb/0x0fcff19d293a50ca03446100c3957e886043d147.sol:77:5: Warning: Defining constructors as functions with the same name as the contract is deprecated. Use "constructor(...) { ... }" instead.
    function Owned() public {
    ^ (Relevant source part starts here and spans across multiple lines).
/sb/0x0fcff19d293a50ca03446100c3957e886043d147.sol:118:5: Warning: Defining constructors as functions with the same name as the contract is deprecated. Use "constructor(...) { ... }" instead.
    function hedgeToken() public {
    ^ (Relevant source part starts here and spans across multiple lines).
/sb/0x0fcff19d293a50ca03446100c3957e886043d147.sol:91:9: Warning: Invoking events without "emit" prefix is deprecated.
        OwnershipTransferred(owner, newOwner);
        ^-----------------------------------^
/sb/0x0fcff19d293a50ca03446100c3957e886043d147.sol:152:9: Warning: Invoking events without "emit" prefix is deprecated.
        Transfer(msg.sender, to, tokens);
        ^------------------------------^
/sb/0x0fcff19d293a50ca03446100c3957e886043d147.sol:167:9: Warning: Invoking events without "emit" prefix is deprecated.
        Approval(msg.sender, spender, tokens);
        ^-----------------------------------^
/sb/0x0fcff19d293a50ca03446100c3957e886043d147.sol:185:9: Warning: Invoking events without "emit" prefix is deprecated.
        Transfer(from, to, tokens);
        ^------------------------^
/sb/0x0fcff19d293a50ca03446100c3957e886043d147.sol:206:9: Warning: Invoking events without "emit" prefix is deprecated.
        Approval(msg.sender, spender, tokens);
        ^-----------------------------------^
/sb/0x0fcff19d293a50ca03446100c3957e886043d147.sol:224:9: Warning: Invoking events without "emit" prefix is deprecated.
        Transfer(address(0), msg.sender, tokens);
        ^--------------------------------------^

INFO:Detectors:[91m
hedgeToken.startDate (/sb/0x0fcff19d293a50ca03446100c3957e886043d147.sol#111-112) is never initialized. It is used in:
	- fallback (/sb/0x0fcff19d293a50ca03446100c3957e886043d147.sol#220-232)
Reference: https://github.com/trailofbits/slither/wiki/Detectors-Documentation#uninitialized-state-variables[0m
INFO:Detectors:[92m
hedgeToken.startDate should be constant (/sb/0x0fcff19d293a50ca03446100c3957e886043d147.sol#111-112)
Reference: https://github.com/trailofbits/slither/wiki/Detectors-Documentation#state-variables-that-could-be-declared-constant[0m
INFO:Detectors:[92m
hedgeToken.totalSupply (/sb/0x0fcff19d293a50ca03446100c3957e886043d147.sol#136-137) should be declared external
ERC20Interface.totalSupply (/sb/0x0fcff19d293a50ca03446100c3957e886043d147.sol#46-47) should be declared external
hedgeToken.balanceOf (/sb/0x0fcff19d293a50ca03446100c3957e886043d147.sol#144-145) should be declared external
ERC20Interface.balanceOf (/sb/0x0fcff19d293a50ca03446100c3957e886043d147.sol#47-48) should be declared external
hedgeToken.allowance (/sb/0x0fcff19d293a50ca03446100c3957e886043d147.sol#199-201) should be declared external
ERC20Interface.allowance (/sb/0x0fcff19d293a50ca03446100c3957e886043d147.sol#48-49) should be declared external
ERC20Interface.transfer (/sb/0x0fcff19d293a50ca03446100c3957e886043d147.sol#49-50) should be declared external
hedgeToken.transfer (/sb/0x0fcff19d293a50ca03446100c3957e886043d147.sol#151-158) should be declared external
ERC20Interface.approve (/sb/0x0fcff19d293a50ca03446100c3957e886043d147.sol#50-51) should be declared external
hedgeToken.approve (/sb/0x0fcff19d293a50ca03446100c3957e886043d147.sol#167-175) should be declared external
hedgeToken.transferFrom (/sb/0x0fcff19d293a50ca03446100c3957e886043d147.sol#183-192) should be declared external
ERC20Interface.transferFrom (/sb/0x0fcff19d293a50ca03446100c3957e886043d147.sol#51-53) should be declared external
ApproveAndCallFallBack.receiveApproval (/sb/0x0fcff19d293a50ca03446100c3957e886043d147.sol#64-68) should be declared external
Owned.transferOwnership (/sb/0x0fcff19d293a50ca03446100c3957e886043d147.sol#87-91) should be declared external
Owned.acceptOwnership (/sb/0x0fcff19d293a50ca03446100c3957e886043d147.sol#91-99) should be declared external
hedgeToken.approveAndCall (/sb/0x0fcff19d293a50ca03446100c3957e886043d147.sol#207-214) should be declared external
hedgeToken.fallback (/sb/0x0fcff19d293a50ca03446100c3957e886043d147.sol#220-232) should be declared external
hedgeToken.transferAnyERC20Token (/sb/0x0fcff19d293a50ca03446100c3957e886043d147.sol) should be declared external
Reference: https://github.com/trailofbits/slither/wiki/Detectors-Documentation#public-function-that-could-be-declared-as-external[0m
INFO:Detectors:[92m
Detected issues with version pragma in /sb/0x0fcff19d293a50ca03446100c3957e886043d147.sol:
	- pragma solidity^0.4.18 (/sb/0x0fcff19d293a50ca03446100c3957e886043d147.sol#1): it allows old versions
Reference: https://github.com/trailofbits/slither/wiki/Detectors-Documentation#incorrect-version-of-solidity[0m
INFO:Detectors:[92m
Function 'Owned.Owned' (/sb/0x0fcff19d293a50ca03446100c3957e886043d147.sol#81-84) is not in mixedCase
Parameter '_newOwner' of Owned.transferOwnership (/sb/0x0fcff19d293a50ca03446100c3957e886043d147.sol#89) is not in mixedCase
Contract 'hedgeToken' (/sb/0x0fcff19d293a50ca03446100c3957e886043d147.sol#104-236) is not in CapWords
Variable 'hedgeToken._totalSupply' (/sb/0x0fcff19d293a50ca03446100c3957e886043d147.sol#110-111) is not in mixedCase
Reference: https://github.com/trailofbits/slither/wiki/Detectors-Documentation#conformance-to-solidity-naming-conventions[0m
INFO:Slither:/sb/0x0fcff19d293a50ca03446100c3957e886043d147.sol analyzed (5 contracts), 25 result(s) found
