INFO:Detectors:[93m
YesCoin.isContract (/sb/0xd20ae3fc68eec32c882d3987359c263b939e5431.sol) is declared view but contains assembly code
Reference: https://github.com/trailofbits/slither/wiki/Detectors-Documentation#constant-functions-changing-the-state[0m
INFO:Detectors:[93m
Contract locking ether found in /sb/0xd20ae3fc68eec32c882d3987359c263b939e5431.sol:
	Contract YesCoin has payable functions:
	 - fallback (/sb/0xd20ae3fc68eec32c882d3987359c263b939e5431.sol#187-190)
	But does not have a function to withdraw the ether
Reference: https://github.com/trailofbits/slither/wiki/Detectors-Documentation#contracts-that-lock-ether[0m
INFO:Detectors:[92m
YesCoin.isContract uses assembly (/sb/0xd20ae3fc68eec32c882d3987359c263b939e5431.sol)
	- /sb/0xd20ae3fc68eec32c882d3987359c263b939e5431.sol
Reference: https://github.com/trailofbits/slither/wiki/Detectors-Documentation#assembly-usage[0m
INFO:Detectors:[92m
Ownable.transferOwnership (/sb/0xd20ae3fc68eec32c882d3987359c263b939e5431.sol#112-119) should be declared external
Ownable.acceptOwnership (/sb/0xd20ae3fc68eec32c882d3987359c263b939e5431.sol#121-132) should be declared external
YesCoin.totalSupply (/sb/0xd20ae3fc68eec32c882d3987359c263b939e5431.sol#192-193) should be declared external
ERC20.totalSupply (/sb/0xd20ae3fc68eec32c882d3987359c263b939e5431.sol#133) should be declared external
ERC20.balanceOf (/sb/0xd20ae3fc68eec32c882d3987359c263b939e5431.sol#133-134) should be declared external
YesCoin.balanceOf (/sb/0xd20ae3fc68eec32c882d3987359c263b939e5431.sol#238-243) should be declared external
ERC20.allowance (/sb/0xd20ae3fc68eec32c882d3987359c263b939e5431.sol#134-135) should be declared external
YesCoin.allowance (/sb/0xd20ae3fc68eec32c882d3987359c263b939e5431.sol#310-318) should be declared external
YesCoin.transfer (/sb/0xd20ae3fc68eec32c882d3987359c263b939e5431.sol#218-230) should be declared external
ERC20.transfer (/sb/0xd20ae3fc68eec32c882d3987359c263b939e5431.sol#135-136) should be declared external
ERC20.transferFrom (/sb/0xd20ae3fc68eec32c882d3987359c263b939e5431.sol#136-137) should be declared external
YesCoin.transferFrom (/sb/0xd20ae3fc68eec32c882d3987359c263b939e5431.sol#272-277) should be declared external
YesCoin.approve (/sb/0xd20ae3fc68eec32c882d3987359c263b939e5431.sol#292-294) should be declared external
ERC20.approve (/sb/0xd20ae3fc68eec32c882d3987359c263b939e5431.sol#137-138) should be declared external
YesCoin.fallback (/sb/0xd20ae3fc68eec32c882d3987359c263b939e5431.sol#187-190) should be declared external
YesCoin.sendwithgas (/sb/0xd20ae3fc68eec32c882d3987359c263b939e5431.sol#244-260) should be declared external
YesCoin.freezeAccount (/sb/0xd20ae3fc68eec32c882d3987359c263b939e5431.sol#320-328) should be declared external
YesCoin.unfreezeAccount (/sb/0xd20ae3fc68eec32c882d3987359c263b939e5431.sol#331-335) should be declared external
Reference: https://github.com/trailofbits/slither/wiki/Detectors-Documentation#public-function-that-could-be-declared-as-external[0m
INFO:Detectors:[92m
Parameter '_a' of SafeMath.mul (/sb/0xd20ae3fc68eec32c882d3987359c263b939e5431.sol#13) is not in mixedCase
Parameter '_b' of SafeMath.mul (/sb/0xd20ae3fc68eec32c882d3987359c263b939e5431.sol#13) is not in mixedCase
Parameter '_a' of SafeMath.div (/sb/0xd20ae3fc68eec32c882d3987359c263b939e5431.sol#31) is not in mixedCase
Parameter '_b' of SafeMath.div (/sb/0xd20ae3fc68eec32c882d3987359c263b939e5431.sol#31) is not in mixedCase
Parameter '_a' of SafeMath.sub (/sb/0xd20ae3fc68eec32c882d3987359c263b939e5431.sol#44) is not in mixedCase
Parameter '_b' of SafeMath.sub (/sb/0xd20ae3fc68eec32c882d3987359c263b939e5431.sol#44-46) is not in mixedCase
Parameter '_a' of SafeMath.add (/sb/0xd20ae3fc68eec32c882d3987359c263b939e5431.sol#54-56) is not in mixedCase
Parameter '_b' of SafeMath.add (/sb/0xd20ae3fc68eec32c882d3987359c263b939e5431.sol#56) is not in mixedCase
Parameter '_newOwner' of Ownable.transferOwnership (/sb/0xd20ae3fc68eec32c882d3987359c263b939e5431.sol#116) is not in mixedCase
Parameter '_holder' of YesCoin.balanceOf (/sb/0xd20ae3fc68eec32c882d3987359c263b939e5431.sol#238-240) is not in mixedCase
Parameter '_holder' of YesCoin.allowance (/sb/0xd20ae3fc68eec32c882d3987359c263b939e5431.sol#312-315) is not in mixedCase
Parameter '_spender' of YesCoin.allowance (/sb/0xd20ae3fc68eec32c882d3987359c263b939e5431.sol#315-317) is not in mixedCase
Parameter '_to' of YesCoin.transfer (/sb/0xd20ae3fc68eec32c882d3987359c263b939e5431.sol#219) is not in mixedCase
Parameter '_value' of YesCoin.transfer (/sb/0xd20ae3fc68eec32c882d3987359c263b939e5431.sol#219) is not in mixedCase
Parameter '_from' of YesCoin.transferFrom (/sb/0xd20ae3fc68eec32c882d3987359c263b939e5431.sol#275) is not in mixedCase
Parameter '_to' of YesCoin.transferFrom (/sb/0xd20ae3fc68eec32c882d3987359c263b939e5431.sol#275) is not in mixedCase
Parameter '_value' of YesCoin.transferFrom (/sb/0xd20ae3fc68eec32c882d3987359c263b939e5431.sol#275) is not in mixedCase
Parameter '_spender' of YesCoin.approve (/sb/0xd20ae3fc68eec32c882d3987359c263b939e5431.sol#292) is not in mixedCase
Parameter '_value' of YesCoin.approve (/sb/0xd20ae3fc68eec32c882d3987359c263b939e5431.sol#292-293) is not in mixedCase
Function 'YesCoin._transfer' (/sb/0xd20ae3fc68eec32c882d3987359c263b939e5431.sol#201-214) is not in mixedCase
Parameter '_from' of YesCoin._transfer (/sb/0xd20ae3fc68eec32c882d3987359c263b939e5431.sol#201) is not in mixedCase
Parameter '_to' of YesCoin._transfer (/sb/0xd20ae3fc68eec32c882d3987359c263b939e5431.sol#201-202) is not in mixedCase
Parameter '_value' of YesCoin._transfer (/sb/0xd20ae3fc68eec32c882d3987359c263b939e5431.sol#202) is not in mixedCase
Parameter '_from' of YesCoin.sendwithgas (/sb/0xd20ae3fc68eec32c882d3987359c263b939e5431.sol#244) is not in mixedCase
Parameter '_to' of YesCoin.sendwithgas (/sb/0xd20ae3fc68eec32c882d3987359c263b939e5431.sol#244-245) is not in mixedCase
Parameter '_value' of YesCoin.sendwithgas (/sb/0xd20ae3fc68eec32c882d3987359c263b939e5431.sol#245) is not in mixedCase
Parameter '_fee' of YesCoin.sendwithgas (/sb/0xd20ae3fc68eec32c882d3987359c263b939e5431.sol#245) is not in mixedCase
Parameter '_holder' of YesCoin.freezeAccount (/sb/0xd20ae3fc68eec32c882d3987359c263b939e5431.sol#321) is not in mixedCase
Parameter '_holder' of YesCoin.unfreezeAccount (/sb/0xd20ae3fc68eec32c882d3987359c263b939e5431.sol#331) is not in mixedCase
Parameter '_value' of YesCoin.burn (/sb/0xd20ae3fc68eec32c882d3987359c263b939e5431.sol#342) is not in mixedCase
Parameter '_amount' of YesCoin.mint (/sb/0xd20ae3fc68eec32c882d3987359c263b939e5431.sol#359-360) is not in mixedCase
Reference: https://github.com/trailofbits/slither/wiki/Detectors-Documentation#conformance-to-solidity-naming-conventions[0m
INFO:Slither:/sb/0xd20ae3fc68eec32c882d3987359c263b939e5431.sol analyzed (5 contracts), 52 result(s) found
