INFO:Slither:Compilation warnings/errors on /sb/0x0b76544f6c413a555f309bf76260d1e02377c02a.sol:
/sb/0x0b76544f6c413a555f309bf76260d1e02377c02a.sol:2:3: Warning: Defining constructors as functions with the same name as the contract is deprecated. Use "constructor(...) { ... }" instead.
  function owned() {
  ^ (Relevant source part starts here and spans across multiple lines).
/sb/0x0b76544f6c413a555f309bf76260d1e02377c02a.sol:28:3: Warning: Defining constructors as functions with the same name as the contract is deprecated. Use "constructor(...) { ... }" instead.
  function token(
  ^ (Relevant source part starts here and spans across multiple lines).
/sb/0x0b76544f6c413a555f309bf76260d1e02377c02a.sol:121:3: Warning: Defining constructors as functions with the same name as the contract is deprecated. Use "constructor(...) { ... }" instead.
  function INTToken(
  ^ (Relevant source part starts here and spans across multiple lines).
/sb/0x0b76544f6c413a555f309bf76260d1e02377c02a.sol:48:7: Warning: Invoking events without "emit" prefix is deprecated.
      Transfer(_from, _to, _value);
      ^--------------------------^
/sb/0x0b76544f6c413a555f309bf76260d1e02377c02a.sol:97:7: Warning: Invoking events without "emit" prefix is deprecated.
      Burn(msg.sender, _value);
      ^----------------------^
/sb/0x0b76544f6c413a555f309bf76260d1e02377c02a.sol:107:7: Warning: Invoking events without "emit" prefix is deprecated.
      Burn(_from, _value);
      ^-----------------^
/sb/0x0b76544f6c413a555f309bf76260d1e02377c02a.sol:137:7: Warning: Invoking events without "emit" prefix is deprecated.
      Transfer(_from, _to, _value);
      ^--------------------------^
/sb/0x0b76544f6c413a555f309bf76260d1e02377c02a.sol:146:7: Warning: Invoking events without "emit" prefix is deprecated.
      Transfer(0, this, mintedAmount);
      ^-----------------------------^
/sb/0x0b76544f6c413a555f309bf76260d1e02377c02a.sol:147:7: Warning: Invoking events without "emit" prefix is deprecated.
      Transfer(this, target, mintedAmount);
      ^----------------------------------^
/sb/0x0b76544f6c413a555f309bf76260d1e02377c02a.sol:155:7: Warning: Invoking events without "emit" prefix is deprecated.
      FrozenFunds(target, freeze);
      ^-------------------------^
/sb/0x0b76544f6c413a555f309bf76260d1e02377c02a.sol:175:15: Warning: Using contract member "balance" inherited from the address type is deprecated. Convert the contract to "address" type to access the member, for example use "address(contract).balance" instead.
      require(this.balance >= amount * sellPrice);      // checks if the contract has enough ether to buy
              ^----------^
/sb/0x0b76544f6c413a555f309bf76260d1e02377c02a.sol:2:3: Warning: No visibility specified. Defaulting to "public". 
  function owned() {
  ^ (Relevant source part starts here and spans across multiple lines).
/sb/0x0b76544f6c413a555f309bf76260d1e02377c02a.sol:11:3: Warning: No visibility specified. Defaulting to "public". 
  function transferOwnership(address newOwner) onlyOwner {
  ^ (Relevant source part starts here and spans across multiple lines).
/sb/0x0b76544f6c413a555f309bf76260d1e02377c02a.sol:15:27: Warning: No visibility specified. Defaulting to "public". 
contract tokenRecipient { function receiveApproval(address from, uint256 value, address token, bytes extraData); }
                          ^------------------------------------------------------------------------------------^
/sb/0x0b76544f6c413a555f309bf76260d1e02377c02a.sol:28:3: Warning: No visibility specified. Defaulting to "public". 
  function token(
  ^ (Relevant source part starts here and spans across multiple lines).
/sb/0x0b76544f6c413a555f309bf76260d1e02377c02a.sol:54:3: Warning: No visibility specified. Defaulting to "public". 
  function transfer(address _to, uint256 _value) {
  ^ (Relevant source part starts here and spans across multiple lines).
/sb/0x0b76544f6c413a555f309bf76260d1e02377c02a.sol:62:3: Warning: No visibility specified. Defaulting to "public". 
  function transferFrom(address _from, address _to, uint256 _value) returns (bool success) {
  ^ (Relevant source part starts here and spans across multiple lines).
/sb/0x0b76544f6c413a555f309bf76260d1e02377c02a.sol:72:3: Warning: No visibility specified. Defaulting to "public". 
  function approve(address _spender, uint256 _value)
  ^ (Relevant source part starts here and spans across multiple lines).
/sb/0x0b76544f6c413a555f309bf76260d1e02377c02a.sol:82:3: Warning: No visibility specified. Defaulting to "public". 
  function approveAndCall(address _spender, uint256 _value, bytes _extraData)
  ^ (Relevant source part starts here and spans across multiple lines).
/sb/0x0b76544f6c413a555f309bf76260d1e02377c02a.sol:93:3: Warning: No visibility specified. Defaulting to "public". 
  function burn(uint256 _value) returns (bool success) {
  ^ (Relevant source part starts here and spans across multiple lines).
/sb/0x0b76544f6c413a555f309bf76260d1e02377c02a.sol:101:3: Warning: No visibility specified. Defaulting to "public". 
  function burnFrom(address _from, uint256 _value) returns (bool success) {
  ^ (Relevant source part starts here and spans across multiple lines).
/sb/0x0b76544f6c413a555f309bf76260d1e02377c02a.sol:121:3: Warning: No visibility specified. Defaulting to "public". 
  function INTToken(
  ^ (Relevant source part starts here and spans across multiple lines).
/sb/0x0b76544f6c413a555f309bf76260d1e02377c02a.sol:143:3: Warning: No visibility specified. Defaulting to "public". 
  function mintToken(address target, uint256 mintedAmount) onlyOwner {
  ^ (Relevant source part starts here and spans across multiple lines).
/sb/0x0b76544f6c413a555f309bf76260d1e02377c02a.sol:153:3: Warning: No visibility specified. Defaulting to "public". 
  function freezeAccount(address target, bool freeze) onlyOwner {
  ^ (Relevant source part starts here and spans across multiple lines).
/sb/0x0b76544f6c413a555f309bf76260d1e02377c02a.sol:161:3: Warning: No visibility specified. Defaulting to "public". 
  function setPrices(uint256 newSellPrice, uint256 newBuyPrice) onlyOwner {
  ^ (Relevant source part starts here and spans across multiple lines).
/sb/0x0b76544f6c413a555f309bf76260d1e02377c02a.sol:167:3: Warning: No visibility specified. Defaulting to "public". 
  function buy() payable {
  ^ (Relevant source part starts here and spans across multiple lines).
/sb/0x0b76544f6c413a555f309bf76260d1e02377c02a.sol:174:3: Warning: No visibility specified. Defaulting to "public". 
  function sell(uint256 amount) {
  ^ (Relevant source part starts here and spans across multiple lines).

INFO:Detectors:[93m
token (/sb/0x0b76544f6c413a555f309bf76260d1e02377c02a.sol#16-115) has incorrect ERC20 function interface(s):
	-transfer (/sb/0x0b76544f6c413a555f309bf76260d1e02377c02a.sol#55-58)
Reference: https://github.com/trailofbits/slither/wiki/Detectors-Documentation#incorrect-erc20-interface[0m
INFO:Detectors:[92m
owned.transferOwnership (/sb/0x0b76544f6c413a555f309bf76260d1e02377c02a.sol#11-15) should be declared external
tokenRecipient.receiveApproval (/sb/0x0b76544f6c413a555f309bf76260d1e02377c02a.sol#15-16) should be declared external
token.transfer (/sb/0x0b76544f6c413a555f309bf76260d1e02377c02a.sol#55-58) should be declared external
token.transferFrom (/sb/0x0b76544f6c413a555f309bf76260d1e02377c02a.sol#62-69) should be declared external
token.approveAndCall (/sb/0x0b76544f6c413a555f309bf76260d1e02377c02a.sol#83-92) should be declared external
token.burn (/sb/0x0b76544f6c413a555f309bf76260d1e02377c02a.sol#94-102) should be declared external
token.burnFrom (/sb/0x0b76544f6c413a555f309bf76260d1e02377c02a.sol#102-115) should be declared external
INTToken.mintToken (/sb/0x0b76544f6c413a555f309bf76260d1e02377c02a.sol#145-152) should be declared external
INTToken.freezeAccount (/sb/0x0b76544f6c413a555f309bf76260d1e02377c02a.sol#158-159) should be declared external
INTToken.setPrices (/sb/0x0b76544f6c413a555f309bf76260d1e02377c02a.sol#166-168) should be declared external
INTToken.buy (/sb/0x0b76544f6c413a555f309bf76260d1e02377c02a.sol#169-175) should be declared external
INTToken.sell (/sb/0x0b76544f6c413a555f309bf76260d1e02377c02a.sol#176-180) should be declared external
Reference: https://github.com/trailofbits/slither/wiki/Detectors-Documentation#public-function-that-could-be-declared-as-external[0m
INFO:Detectors:[92m
Detected issues with version pragma in /sb/0x0b76544f6c413a555f309bf76260d1e02377c02a.sol:
	- pragma solidity^0.4.13 (/sb/0x0b76544f6c413a555f309bf76260d1e02377c02a.sol#1): it allows old versions
Reference: https://github.com/trailofbits/slither/wiki/Detectors-Documentation#incorrect-version-of-solidity[0m
INFO:Detectors:[92m
Contract 'owned' (/sb/0x0b76544f6c413a555f309bf76260d1e02377c02a.sol#1-15) is not in CapWords
Contract 'tokenRecipient' (/sb/0x0b76544f6c413a555f309bf76260d1e02377c02a.sol#15-16) is not in CapWords
Contract 'token' (/sb/0x0b76544f6c413a555f309bf76260d1e02377c02a.sol#16-115) is not in CapWords
Function 'token._transfer' (/sb/0x0b76544f6c413a555f309bf76260d1e02377c02a.sol#42-51) is not in mixedCase
Parameter '_from' of token._transfer (/sb/0x0b76544f6c413a555f309bf76260d1e02377c02a.sol#42-43) is not in mixedCase
Parameter '_to' of token._transfer (/sb/0x0b76544f6c413a555f309bf76260d1e02377c02a.sol#43) is not in mixedCase
Parameter '_value' of token._transfer (/sb/0x0b76544f6c413a555f309bf76260d1e02377c02a.sol#43) is not in mixedCase
Parameter '_to' of token.transfer (/sb/0x0b76544f6c413a555f309bf76260d1e02377c02a.sol#55) is not in mixedCase
Parameter '_value' of token.transfer (/sb/0x0b76544f6c413a555f309bf76260d1e02377c02a.sol#55-58) is not in mixedCase
Parameter '_from' of token.transferFrom (/sb/0x0b76544f6c413a555f309bf76260d1e02377c02a.sol#62-63) is not in mixedCase
Parameter '_to' of token.transferFrom (/sb/0x0b76544f6c413a555f309bf76260d1e02377c02a.sol#63) is not in mixedCase
Parameter '_value' of token.transferFrom (/sb/0x0b76544f6c413a555f309bf76260d1e02377c02a.sol#63) is not in mixedCase
Parameter '_spender' of token.approve (/sb/0x0b76544f6c413a555f309bf76260d1e02377c02a.sol#74) is not in mixedCase
Parameter '_value' of token.approve (/sb/0x0b76544f6c413a555f309bf76260d1e02377c02a.sol#74) is not in mixedCase
Parameter '_spender' of token.approveAndCall (/sb/0x0b76544f6c413a555f309bf76260d1e02377c02a.sol#83-84) is not in mixedCase
Parameter '_value' of token.approveAndCall (/sb/0x0b76544f6c413a555f309bf76260d1e02377c02a.sol#84) is not in mixedCase
Parameter '_extraData' of token.approveAndCall (/sb/0x0b76544f6c413a555f309bf76260d1e02377c02a.sol#84) is not in mixedCase
Parameter '_value' of token.burn (/sb/0x0b76544f6c413a555f309bf76260d1e02377c02a.sol#94) is not in mixedCase
Parameter '_from' of token.burnFrom (/sb/0x0b76544f6c413a555f309bf76260d1e02377c02a.sol#102) is not in mixedCase
Parameter '_value' of token.burnFrom (/sb/0x0b76544f6c413a555f309bf76260d1e02377c02a.sol#102) is not in mixedCase
Function 'INTToken._transfer' (/sb/0x0b76544f6c413a555f309bf76260d1e02377c02a.sol#130-142) is not in mixedCase
Parameter '_from' of INTToken._transfer (/sb/0x0b76544f6c413a555f309bf76260d1e02377c02a.sol#130) is not in mixedCase
Parameter '_to' of INTToken._transfer (/sb/0x0b76544f6c413a555f309bf76260d1e02377c02a.sol#130) is not in mixedCase
Parameter '_value' of INTToken._transfer (/sb/0x0b76544f6c413a555f309bf76260d1e02377c02a.sol#130-131) is not in mixedCase
Function 'INTToken.INTToken' (/sb/0x0b76544f6c413a555f309bf76260d1e02377c02a.sol#125-129) is not in mixedCase
Reference: https://github.com/trailofbits/slither/wiki/Detectors-Documentation#conformance-to-solidity-naming-conventions[0m
INFO:Slither:/sb/0x0b76544f6c413a555f309bf76260d1e02377c02a.sol analyzed (5 contracts), 39 result(s) found
