INFO:Slither:Compilation warnings/errors on /sb/0x001f0aa5da15585e5b2305dbab2bac425ea71007.sol:
/sb/0x001f0aa5da15585e5b2305dbab2bac425ea71007.sol:21:3: Warning: Defining constructors as functions with the same name as the contract is deprecated. Use "constructor(...) { ... }" instead.
  function Ownable() public {
  ^ (Relevant source part starts here and spans across multiple lines).
/sb/0x001f0aa5da15585e5b2305dbab2bac425ea71007.sol:309:3: Warning: Defining constructors as functions with the same name as the contract is deprecated. Use "constructor(...) { ... }" instead.
  function IpsxToken() public {
  ^ (Relevant source part starts here and spans across multiple lines).
/sb/0x001f0aa5da15585e5b2305dbab2bac425ea71007.sol:39:5: Warning: Invoking events without "emit" prefix is deprecated.
    OwnershipTransferred(owner, newOwner);
    ^-----------------------------------^
/sb/0x001f0aa5da15585e5b2305dbab2bac425ea71007.sol:139:5: Warning: Invoking events without "emit" prefix is deprecated.
    Transfer(msg.sender, _to, _value);
    ^-------------------------------^
/sb/0x001f0aa5da15585e5b2305dbab2bac425ea71007.sol:195:5: Warning: Invoking events without "emit" prefix is deprecated.
    Transfer(_from, _to, _value);
    ^--------------------------^
/sb/0x001f0aa5da15585e5b2305dbab2bac425ea71007.sol:211:5: Warning: Invoking events without "emit" prefix is deprecated.
    Approval(msg.sender, _spender, _value);
    ^------------------------------------^
/sb/0x001f0aa5da15585e5b2305dbab2bac425ea71007.sol:237:5: Warning: Invoking events without "emit" prefix is deprecated.
    Approval(msg.sender, _spender, allowed[msg.sender][_spender]);
    ^-----------------------------------------------------------^
/sb/0x001f0aa5da15585e5b2305dbab2bac425ea71007.sol:258:5: Warning: Invoking events without "emit" prefix is deprecated.
    Approval(msg.sender, _spender, allowed[msg.sender][_spender]);
    ^-----------------------------------------------------------^
/sb/0x001f0aa5da15585e5b2305dbab2bac425ea71007.sol:327:5: Warning: Invoking events without "emit" prefix is deprecated.
    EnabledTransfers();
    ^----------------^
/sb/0x001f0aa5da15585e5b2305dbab2bac425ea71007.sol:337:5: Warning: Invoking events without "emit" prefix is deprecated.
    SetCrowdsaleAddress(_addr);
    ^------------------------^
/sb/0x001f0aa5da15585e5b2305dbab2bac425ea71007.sol:367:5: Warning: Invoking events without "emit" prefix is deprecated.
    Burn(owner, _value);
    ^-----------------^

INFO:Detectors:[91m
BasicToken.totalSupply_ (/sb/0x001f0aa5da15585e5b2305dbab2bac425ea71007.sol#123-124) is never initialized. It is used in:
	- totalSupply (/sb/0x001f0aa5da15585e5b2305dbab2bac425ea71007.sol#128-130)
Reference: https://github.com/trailofbits/slither/wiki/Detectors-Documentation#uninitialized-state-variables[0m
INFO:Detectors:[92m
BasicToken.totalSupply_ should be constant (/sb/0x001f0aa5da15585e5b2305dbab2bac425ea71007.sol#123-124)
IpsxToken.decimals should be constant (/sb/0x001f0aa5da15585e5b2305dbab2bac425ea71007.sol#303-306)
IpsxToken.name should be constant (/sb/0x001f0aa5da15585e5b2305dbab2bac425ea71007.sol#303)
IpsxToken.symbol should be constant (/sb/0x001f0aa5da15585e5b2305dbab2bac425ea71007.sol#306)
Reference: https://github.com/trailofbits/slither/wiki/Detectors-Documentation#state-variables-that-could-be-declared-constant[0m
INFO:Detectors:[92m
Ownable.transferOwnership (/sb/0x001f0aa5da15585e5b2305dbab2bac425ea71007.sol#37-45) should be declared external
ERC20Basic.totalSupply (/sb/0x001f0aa5da15585e5b2305dbab2bac425ea71007.sol#102-103) should be declared external
BasicToken.totalSupply (/sb/0x001f0aa5da15585e5b2305dbab2bac425ea71007.sol#128-130) should be declared external
BasicToken.balanceOf (/sb/0x001f0aa5da15585e5b2305dbab2bac425ea71007.sol#154-158) should be declared external
ERC20Basic.balanceOf (/sb/0x001f0aa5da15585e5b2305dbab2bac425ea71007.sol#103-104) should be declared external
StandardToken.allowance (/sb/0x001f0aa5da15585e5b2305dbab2bac425ea71007.sol#228-229) should be declared external
ERC20.allowance (/sb/0x001f0aa5da15585e5b2305dbab2bac425ea71007.sol#162-163) should be declared external
StandardToken.approve (/sb/0x001f0aa5da15585e5b2305dbab2bac425ea71007.sol#216-218) should be declared external
ERC20.approve (/sb/0x001f0aa5da15585e5b2305dbab2bac425ea71007.sol#167-170) should be declared external
StandardToken.increaseApproval (/sb/0x001f0aa5da15585e5b2305dbab2bac425ea71007.sol#237-245) should be declared external
StandardToken.decreaseApproval (/sb/0x001f0aa5da15585e5b2305dbab2bac425ea71007.sol#256-274) should be declared external
IpsxToken.burn (/sb/0x001f0aa5da15585e5b2305dbab2bac425ea71007.sol) should be declared external
Reference: https://github.com/trailofbits/slither/wiki/Detectors-Documentation#public-function-that-could-be-declared-as-external[0m
INFO:Detectors:[92m
Detected issues with version pragma in /sb/0x001f0aa5da15585e5b2305dbab2bac425ea71007.sol:
	- pragma solidity^0.4.19 (/sb/0x001f0aa5da15585e5b2305dbab2bac425ea71007.sol#1): it allows old versions
Reference: https://github.com/trailofbits/slither/wiki/Detectors-Documentation#incorrect-version-of-solidity[0m
INFO:Detectors:[92m
Function 'Ownable.Ownable' (/sb/0x001f0aa5da15585e5b2305dbab2bac425ea71007.sol#21-26) is not in mixedCase
Parameter '_owner' of BasicToken.balanceOf (/sb/0x001f0aa5da15585e5b2305dbab2bac425ea71007.sol#154-157) is not in mixedCase
Parameter '_to' of BasicToken.transfer (/sb/0x001f0aa5da15585e5b2305dbab2bac425ea71007.sol#136) is not in mixedCase
Parameter '_value' of BasicToken.transfer (/sb/0x001f0aa5da15585e5b2305dbab2bac425ea71007.sol#136) is not in mixedCase
Parameter '_owner' of StandardToken.allowance (/sb/0x001f0aa5da15585e5b2305dbab2bac425ea71007.sol#228) is not in mixedCase
Parameter '_spender' of StandardToken.allowance (/sb/0x001f0aa5da15585e5b2305dbab2bac425ea71007.sol#228) is not in mixedCase
Parameter '_from' of StandardToken.transferFrom (/sb/0x001f0aa5da15585e5b2305dbab2bac425ea71007.sol#190-192) is not in mixedCase
Parameter '_to' of StandardToken.transferFrom (/sb/0x001f0aa5da15585e5b2305dbab2bac425ea71007.sol#192) is not in mixedCase
Parameter '_value' of StandardToken.transferFrom (/sb/0x001f0aa5da15585e5b2305dbab2bac425ea71007.sol#192) is not in mixedCase
Parameter '_spender' of StandardToken.approve (/sb/0x001f0aa5da15585e5b2305dbab2bac425ea71007.sol#216) is not in mixedCase
Parameter '_value' of StandardToken.approve (/sb/0x001f0aa5da15585e5b2305dbab2bac425ea71007.sol#216) is not in mixedCase
Parameter '_spender' of StandardToken.increaseApproval (/sb/0x001f0aa5da15585e5b2305dbab2bac425ea71007.sol#241-242) is not in mixedCase
Parameter '_addedValue' of StandardToken.increaseApproval (/sb/0x001f0aa5da15585e5b2305dbab2bac425ea71007.sol#242) is not in mixedCase
Parameter '_spender' of StandardToken.decreaseApproval (/sb/0x001f0aa5da15585e5b2305dbab2bac425ea71007.sol#256) is not in mixedCase
Parameter '_subtractedValue' of StandardToken.decreaseApproval (/sb/0x001f0aa5da15585e5b2305dbab2bac425ea71007.sol#256-258) is not in mixedCase
Parameter '_to' of IpsxToken.transfer (/sb/0x001f0aa5da15585e5b2305dbab2bac425ea71007.sol#353) is not in mixedCase
Parameter '_value' of IpsxToken.transfer (/sb/0x001f0aa5da15585e5b2305dbab2bac425ea71007.sol#353) is not in mixedCase
Parameter '_from' of IpsxToken.transferFrom (/sb/0x001f0aa5da15585e5b2305dbab2bac425ea71007.sol#365) is not in mixedCase
Parameter '_to' of IpsxToken.transferFrom (/sb/0x001f0aa5da15585e5b2305dbab2bac425ea71007.sol#365) is not in mixedCase
Parameter '_value' of IpsxToken.transferFrom (/sb/0x001f0aa5da15585e5b2305dbab2bac425ea71007.sol#365-366) is not in mixedCase
Function 'IpsxToken.IpsxToken' (/sb/0x001f0aa5da15585e5b2305dbab2bac425ea71007.sol#322-325) is not in mixedCase
Parameter '_addr' of IpsxToken.setCrowdsaleAddress (/sb/0x001f0aa5da15585e5b2305dbab2bac425ea71007.sol#345) is not in mixedCase
Parameter '_value' of IpsxToken.burn (/sb/0x001f0aa5da15585e5b2305dbab2bac425ea71007.sol) is not in mixedCase
Reference: https://github.com/trailofbits/slither/wiki/Detectors-Documentation#conformance-to-solidity-naming-conventions[0m
INFO:Slither:/sb/0x001f0aa5da15585e5b2305dbab2bac425ea71007.sol analyzed (7 contracts), 38 result(s) found
