INFO:Detectors:[92m
ERC20Basic.totalSupply (/sb/0xb8fd7154906b3bf453f19bfecd4c243514c10b99.sol#11-12) should be declared external
BasicToken.totalSupply (/sb/0xb8fd7154906b3bf453f19bfecd4c243514c10b99.sol#88-91) should be declared external
BasicToken.balanceOf (/sb/0xb8fd7154906b3bf453f19bfecd4c243514c10b99.sol#115-119) should be declared external
ERC20Basic.balanceOf (/sb/0xb8fd7154906b3bf453f19bfecd4c243514c10b99.sol#12-13) should be declared external
BasicToken.transfer (/sb/0xb8fd7154906b3bf453f19bfecd4c243514c10b99.sol#95-106) should be declared external
ERC20Basic.transfer (/sb/0xb8fd7154906b3bf453f19bfecd4c243514c10b99.sol#13-14) should be declared external
ERC20.allowance (/sb/0xb8fd7154906b3bf453f19bfecd4c243514c10b99.sol#125-128) should be declared external
StandardToken.allowance (/sb/0xb8fd7154906b3bf453f19bfecd4c243514c10b99.sol#208-210) should be declared external
ERC20.transferFrom (/sb/0xb8fd7154906b3bf453f19bfecd4c243514c10b99.sol#128-131) should be declared external
StandardToken.transferFrom (/sb/0xb8fd7154906b3bf453f19bfecd4c243514c10b99.sol#164-177) should be declared external
StandardToken.approve (/sb/0xb8fd7154906b3bf453f19bfecd4c243514c10b99.sol#187-193) should be declared external
ERC20.approve (/sb/0xb8fd7154906b3bf453f19bfecd4c243514c10b99.sol#131-136) should be declared external
StandardToken.increaseApproval (/sb/0xb8fd7154906b3bf453f19bfecd4c243514c10b99.sol#225-232) should be declared external
StandardToken.decreaseApproval (/sb/0xb8fd7154906b3bf453f19bfecd4c243514c10b99.sol#247-266) should be declared external
Reference: https://github.com/trailofbits/slither/wiki/Detectors-Documentation#public-function-that-could-be-declared-as-external[0m
INFO:Detectors:[92m
Parameter '_a' of SafeMath.mul (/sb/0xb8fd7154906b3bf453f19bfecd4c243514c10b99.sol#28) is not in mixedCase
Parameter '_b' of SafeMath.mul (/sb/0xb8fd7154906b3bf453f19bfecd4c243514c10b99.sol#28) is not in mixedCase
Parameter '_a' of SafeMath.div (/sb/0xb8fd7154906b3bf453f19bfecd4c243514c10b99.sol#44) is not in mixedCase
Parameter '_b' of SafeMath.div (/sb/0xb8fd7154906b3bf453f19bfecd4c243514c10b99.sol#44-45) is not in mixedCase
Parameter '_a' of SafeMath.sub (/sb/0xb8fd7154906b3bf453f19bfecd4c243514c10b99.sol#54-55) is not in mixedCase
Parameter '_b' of SafeMath.sub (/sb/0xb8fd7154906b3bf453f19bfecd4c243514c10b99.sol#55) is not in mixedCase
Parameter '_a' of SafeMath.add (/sb/0xb8fd7154906b3bf453f19bfecd4c243514c10b99.sol#63) is not in mixedCase
Parameter '_b' of SafeMath.add (/sb/0xb8fd7154906b3bf453f19bfecd4c243514c10b99.sol#63-64) is not in mixedCase
Parameter '_owner' of BasicToken.balanceOf (/sb/0xb8fd7154906b3bf453f19bfecd4c243514c10b99.sol#115) is not in mixedCase
Parameter '_to' of BasicToken.transfer (/sb/0xb8fd7154906b3bf453f19bfecd4c243514c10b99.sol#95-96) is not in mixedCase
Parameter '_value' of BasicToken.transfer (/sb/0xb8fd7154906b3bf453f19bfecd4c243514c10b99.sol#96) is not in mixedCase
Parameter '_owner' of StandardToken.allowance (/sb/0xb8fd7154906b3bf453f19bfecd4c243514c10b99.sol#208) is not in mixedCase
Parameter '_spender' of StandardToken.allowance (/sb/0xb8fd7154906b3bf453f19bfecd4c243514c10b99.sol#209) is not in mixedCase
Parameter '_from' of StandardToken.transferFrom (/sb/0xb8fd7154906b3bf453f19bfecd4c243514c10b99.sol#165) is not in mixedCase
Parameter '_to' of StandardToken.transferFrom (/sb/0xb8fd7154906b3bf453f19bfecd4c243514c10b99.sol#165-166) is not in mixedCase
Parameter '_value' of StandardToken.transferFrom (/sb/0xb8fd7154906b3bf453f19bfecd4c243514c10b99.sol#166) is not in mixedCase
Parameter '_spender' of StandardToken.approve (/sb/0xb8fd7154906b3bf453f19bfecd4c243514c10b99.sol#191) is not in mixedCase
Parameter '_value' of StandardToken.approve (/sb/0xb8fd7154906b3bf453f19bfecd4c243514c10b99.sol#191) is not in mixedCase
Parameter '_spender' of StandardToken.increaseApproval (/sb/0xb8fd7154906b3bf453f19bfecd4c243514c10b99.sol#225) is not in mixedCase
Parameter '_addedValue' of StandardToken.increaseApproval (/sb/0xb8fd7154906b3bf453f19bfecd4c243514c10b99.sol#225-226) is not in mixedCase
Parameter '_spender' of StandardToken.decreaseApproval (/sb/0xb8fd7154906b3bf453f19bfecd4c243514c10b99.sol#249) is not in mixedCase
Parameter '_subtractedValue' of StandardToken.decreaseApproval (/sb/0xb8fd7154906b3bf453f19bfecd4c243514c10b99.sol#249) is not in mixedCase
Reference: https://github.com/trailofbits/slither/wiki/Detectors-Documentation#conformance-to-solidity-naming-conventions[0m
INFO:Slither:/sb/0xb8fd7154906b3bf453f19bfecd4c243514c10b99.sol analyzed (6 contracts), 36 result(s) found
