INFO:Slither:Compilation warnings/errors on /sb/0x76080ecefa8912053297c251dd6fca5fc159530d.sol:
/sb/0x76080ecefa8912053297c251dd6fca5fc159530d.sol:163:3: Warning: Defining constructors as functions with the same name as the contract is deprecated. Use "constructor(...) { ... }" instead.
  function DXBCToken(address wallet) {
  ^ (Relevant source part starts here and spans across multiple lines).
/sb/0x76080ecefa8912053297c251dd6fca5fc159530d.sol:55:5: Warning: Invoking events without "emit" prefix is deprecated.
    Transfer(msg.sender, _to, _value);
    ^-------------------------------^
/sb/0x76080ecefa8912053297c251dd6fca5fc159530d.sol:99:5: Warning: Invoking events without "emit" prefix is deprecated.
    Transfer(_from, _to, _value);
    ^--------------------------^
/sb/0x76080ecefa8912053297c251dd6fca5fc159530d.sol:115:5: Warning: Invoking events without "emit" prefix is deprecated.
    Approval(msg.sender, _spender, _value);
    ^------------------------------------^
/sb/0x76080ecefa8912053297c251dd6fca5fc159530d.sol:138:5: Warning: Invoking events without "emit" prefix is deprecated.
    Approval(msg.sender, _spender, allowed[msg.sender][_spender]);
    ^-----------------------------------------------------------^
/sb/0x76080ecefa8912053297c251dd6fca5fc159530d.sol:150:5: Warning: Invoking events without "emit" prefix is deprecated.
    Approval(msg.sender, _spender, allowed[msg.sender][_spender]);
    ^-----------------------------------------------------------^
/sb/0x76080ecefa8912053297c251dd6fca5fc159530d.sol:135:3: Warning: No visibility specified. Defaulting to "public". 
  function increaseApproval (address _spender, uint _addedValue)
  ^ (Relevant source part starts here and spans across multiple lines).
/sb/0x76080ecefa8912053297c251dd6fca5fc159530d.sol:142:3: Warning: No visibility specified. Defaulting to "public". 
  function decreaseApproval (address _spender, uint _subtractedValue)
  ^ (Relevant source part starts here and spans across multiple lines).
/sb/0x76080ecefa8912053297c251dd6fca5fc159530d.sol:163:3: Warning: No visibility specified. Defaulting to "public". 
  function DXBCToken(address wallet) {
  ^ (Relevant source part starts here and spans across multiple lines).
/sb/0x76080ecefa8912053297c251dd6fca5fc159530d.sol:7:3: Warning: Function state mutability can be restricted to pure
  function mul(uint256 a, uint256 b) internal constant returns (uint256) {
  ^ (Relevant source part starts here and spans across multiple lines).
/sb/0x76080ecefa8912053297c251dd6fca5fc159530d.sol:13:3: Warning: Function state mutability can be restricted to pure
  function div(uint256 a, uint256 b) internal constant returns (uint256) {
  ^ (Relevant source part starts here and spans across multiple lines).
/sb/0x76080ecefa8912053297c251dd6fca5fc159530d.sol:20:3: Warning: Function state mutability can be restricted to pure
  function sub(uint256 a, uint256 b) internal constant returns (uint256) {
  ^ (Relevant source part starts here and spans across multiple lines).
/sb/0x76080ecefa8912053297c251dd6fca5fc159530d.sol:25:3: Warning: Function state mutability can be restricted to pure
  function add(uint256 a, uint256 b) internal constant returns (uint256) {
  ^ (Relevant source part starts here and spans across multiple lines).

INFO:Detectors:[92m
ERC20Basic.balanceOf (/sb/0x76080ecefa8912053297c251dd6fca5fc159530d.sol#34-35) should be declared external
BasicToken.balanceOf (/sb/0x76080ecefa8912053297c251dd6fca5fc159530d.sol#64-71) should be declared external
BasicToken.transfer (/sb/0x76080ecefa8912053297c251dd6fca5fc159530d.sol#49-60) should be declared external
ERC20Basic.transfer (/sb/0x76080ecefa8912053297c251dd6fca5fc159530d.sol#35-36) should be declared external
ERC20.allowance (/sb/0x76080ecefa8912053297c251dd6fca5fc159530d.sol#71-72) should be declared external
StandardToken.allowance (/sb/0x76080ecefa8912053297c251dd6fca5fc159530d.sol#126-131) should be declared external
ERC20.transferFrom (/sb/0x76080ecefa8912053297c251dd6fca5fc159530d.sol#72-73) should be declared external
StandardToken.transferFrom (/sb/0x76080ecefa8912053297c251dd6fca5fc159530d.sol#88-104) should be declared external
StandardToken.approve (/sb/0x76080ecefa8912053297c251dd6fca5fc159530d.sol#114-121) should be declared external
ERC20.approve (/sb/0x76080ecefa8912053297c251dd6fca5fc159530d.sol#74) should be declared external
StandardToken.increaseApproval (/sb/0x76080ecefa8912053297c251dd6fca5fc159530d.sol#137-144) should be declared external
StandardToken.decreaseApproval (/sb/0x76080ecefa8912053297c251dd6fca5fc159530d.sol#144-158) should be declared external
Reference: https://github.com/trailofbits/slither/wiki/Detectors-Documentation#public-function-that-could-be-declared-as-external[0m
INFO:Detectors:[92m
Detected issues with version pragma in /sb/0x76080ecefa8912053297c251dd6fca5fc159530d.sol:
	- pragma solidity^0.4.13 (/sb/0x76080ecefa8912053297c251dd6fca5fc159530d.sol#1): it allows old versions
Reference: https://github.com/trailofbits/slither/wiki/Detectors-Documentation#incorrect-version-of-solidity[0m
INFO:Detectors:[92m
Parameter '_owner' of BasicToken.balanceOf (/sb/0x76080ecefa8912053297c251dd6fca5fc159530d.sol#65) is not in mixedCase
Parameter '_to' of BasicToken.transfer (/sb/0x76080ecefa8912053297c251dd6fca5fc159530d.sol#49-50) is not in mixedCase
Parameter '_value' of BasicToken.transfer (/sb/0x76080ecefa8912053297c251dd6fca5fc159530d.sol#50) is not in mixedCase
Parameter '_owner' of StandardToken.allowance (/sb/0x76080ecefa8912053297c251dd6fca5fc159530d.sol#129-130) is not in mixedCase
Parameter '_spender' of StandardToken.allowance (/sb/0x76080ecefa8912053297c251dd6fca5fc159530d.sol#130) is not in mixedCase
Parameter '_from' of StandardToken.transferFrom (/sb/0x76080ecefa8912053297c251dd6fca5fc159530d.sol#89-90) is not in mixedCase
Parameter '_to' of StandardToken.transferFrom (/sb/0x76080ecefa8912053297c251dd6fca5fc159530d.sol#91) is not in mixedCase
Parameter '_value' of StandardToken.transferFrom (/sb/0x76080ecefa8912053297c251dd6fca5fc159530d.sol#91) is not in mixedCase
Parameter '_spender' of StandardToken.approve (/sb/0x76080ecefa8912053297c251dd6fca5fc159530d.sol#115) is not in mixedCase
Parameter '_value' of StandardToken.approve (/sb/0x76080ecefa8912053297c251dd6fca5fc159530d.sol#115) is not in mixedCase
Parameter '_spender' of StandardToken.increaseApproval (/sb/0x76080ecefa8912053297c251dd6fca5fc159530d.sol#137-138) is not in mixedCase
Parameter '_addedValue' of StandardToken.increaseApproval (/sb/0x76080ecefa8912053297c251dd6fca5fc159530d.sol#138) is not in mixedCase
Parameter '_spender' of StandardToken.decreaseApproval (/sb/0x76080ecefa8912053297c251dd6fca5fc159530d.sol#145) is not in mixedCase
Parameter '_subtractedValue' of StandardToken.decreaseApproval (/sb/0x76080ecefa8912053297c251dd6fca5fc159530d.sol#145-146) is not in mixedCase
Function 'DXBCToken.DXBCToken' (/sb/0x76080ecefa8912053297c251dd6fca5fc159530d.sol) is not in mixedCase
Constant 'DXBCToken.total' (/sb/0x76080ecefa8912053297c251dd6fca5fc159530d.sol#166-168) is not in UPPER_CASE_WITH_UNDERSCORES
Reference: https://github.com/trailofbits/slither/wiki/Detectors-Documentation#conformance-to-solidity-naming-conventions[0m
INFO:Slither:/sb/0x76080ecefa8912053297c251dd6fca5fc159530d.sol analyzed (6 contracts), 29 result(s) found
