INFO:Slither:Compilation warnings/errors on /sb/0x0b7093536abf6943278a310cfe87ee15cecbf337.sol:
/sb/0x0b7093536abf6943278a310cfe87ee15cecbf337.sol:6:5: Warning: Defining constructors as functions with the same name as the contract is deprecated. Use "constructor(...) { ... }" instead.
    function owned() public {
    ^ (Relevant source part starts here and spans across multiple lines).
/sb/0x0b7093536abf6943278a310cfe87ee15cecbf337.sol:40:5: Warning: Defining constructors as functions with the same name as the contract is deprecated. Use "constructor(...) { ... }" instead.
    function TokenERC20(uint256 initialSupply, string tokenName, string tokenSymbol) public {
    ^ (Relevant source part starts here and spans across multiple lines).
/sb/0x0b7093536abf6943278a310cfe87ee15cecbf337.sol:122:2: Warning: Defining constructors as functions with the same name as the contract is deprecated. Use "constructor(...) { ... }" instead.
	function EncryptedToken() TokenERC20(INITIAL_SUPPLY, 'CLA', 'CLA') payable public {}
	^----------------------------------------------------------------------------------^
/sb/0x0b7093536abf6943278a310cfe87ee15cecbf337.sol:20:28: Warning: Functions in interfaces should be declared external.
interface tokenRecipient { function receiveApproval(address _from, uint256 _value, address _token, bytes _extraData) public; }
                           ^-----------------------------------------------------------------------------------------------^
/sb/0x0b7093536abf6943278a310cfe87ee15cecbf337.sol:61:9: Warning: Invoking events without "emit" prefix is deprecated.
        Transfer(_from, _to, _value);
        ^--------------------------^
/sb/0x0b7093536abf6943278a310cfe87ee15cecbf337.sol:99:9: Warning: Invoking events without "emit" prefix is deprecated.
        Burn(msg.sender, _value);
        ^----------------------^
/sb/0x0b7093536abf6943278a310cfe87ee15cecbf337.sol:110:9: Warning: Invoking events without "emit" prefix is deprecated.
        Burn(_from, _value);
        ^-----------------^
/sb/0x0b7093536abf6943278a310cfe87ee15cecbf337.sol:132:9: Warning: Invoking events without "emit" prefix is deprecated.
        Transfer(_from, _to, _value);
        ^--------------------------^
/sb/0x0b7093536abf6943278a310cfe87ee15cecbf337.sol:138:9: Warning: Invoking events without "emit" prefix is deprecated.
        Transfer(0, this, mintedAmount);
        ^-----------------------------^
/sb/0x0b7093536abf6943278a310cfe87ee15cecbf337.sol:139:9: Warning: Invoking events without "emit" prefix is deprecated.
        Transfer(this, target, mintedAmount);
        ^----------------------------------^
/sb/0x0b7093536abf6943278a310cfe87ee15cecbf337.sol:144:9: Warning: Invoking events without "emit" prefix is deprecated.
        FrozenFunds(target, freeze);
        ^-------------------------^
/sb/0x0b7093536abf6943278a310cfe87ee15cecbf337.sol:157:7: Warning: Failure condition of 'send' ignored. Consider using 'transfer' instead.
    		owner.send(msg.value);//
    		^-------------------^
/sb/0x0b7093536abf6943278a310cfe87ee15cecbf337.sol:167:7: Warning: Failure condition of 'send' ignored. Consider using 'transfer' instead.
    		owner.send(num);
    		^-------------^

INFO:Detectors:[93m
TokenERC20 (/sb/0x0b7093536abf6943278a310cfe87ee15cecbf337.sol#22-117) has incorrect ERC20 function interface(s):
	-transfer (/sb/0x0b7093536abf6943278a310cfe87ee15cecbf337.sol#68-71)
Reference: https://github.com/trailofbits/slither/wiki/Detectors-Documentation#incorrect-erc20-interface[0m
INFO:Detectors:[92m
EncryptedToken.INITIAL_SUPPLY should be constant (/sb/0x0b7093536abf6943278a310cfe87ee15cecbf337.sol#118-120)
TokenERC20.decimals should be constant (/sb/0x0b7093536abf6943278a310cfe87ee15cecbf337.sol#25-26)
Reference: https://github.com/trailofbits/slither/wiki/Detectors-Documentation#state-variables-that-could-be-declared-constant[0m
INFO:Detectors:[92m
owned.transferOwnership (/sb/0x0b7093536abf6943278a310cfe87ee15cecbf337.sol#15-20) should be declared external
tokenRecipient.receiveApproval (/sb/0x0b7093536abf6943278a310cfe87ee15cecbf337.sol#20-22) should be declared external
TokenERC20.transfer (/sb/0x0b7093536abf6943278a310cfe87ee15cecbf337.sol#68-71) should be declared external
TokenERC20.transferFrom (/sb/0x0b7093536abf6943278a310cfe87ee15cecbf337.sol#71-79) should be declared external
TokenERC20.approveAndCall (/sb/0x0b7093536abf6943278a310cfe87ee15cecbf337.sol#86-96) should be declared external
TokenERC20.burn (/sb/0x0b7093536abf6943278a310cfe87ee15cecbf337.sol#96-105) should be declared external
TokenERC20.burnFrom (/sb/0x0b7093536abf6943278a310cfe87ee15cecbf337.sol#105-117) should be declared external
EncryptedToken.mintToken (/sb/0x0b7093536abf6943278a310cfe87ee15cecbf337.sol#137-144) should be declared external
EncryptedToken.freezeAccount (/sb/0x0b7093536abf6943278a310cfe87ee15cecbf337.sol#144-152) should be declared external
EncryptedToken.setPrices (/sb/0x0b7093536abf6943278a310cfe87ee15cecbf337.sol#152-153) should be declared external
EncryptedToken.buy (/sb/0x0b7093536abf6943278a310cfe87ee15cecbf337.sol#153-159) should be declared external
EncryptedToken.fallback (/sb/0x0b7093536abf6943278a310cfe87ee15cecbf337.sol#159-166) should be declared external
EncryptedToken.selfdestructs (/sb/0x0b7093536abf6943278a310cfe87ee15cecbf337.sol#167-170) should be declared external
EncryptedToken.getEth (/sb/0x0b7093536abf6943278a310cfe87ee15cecbf337.sol#171-173) should be declared external
EncryptedToken.balanceOfa (/sb/0x0b7093536abf6943278a310cfe87ee15cecbf337.sol) should be declared external
Reference: https://github.com/trailofbits/slither/wiki/Detectors-Documentation#public-function-that-could-be-declared-as-external[0m
INFO:Detectors:[92m
Detected issues with version pragma in /sb/0x0b7093536abf6943278a310cfe87ee15cecbf337.sol:
	- pragma solidity^0.4.16 (/sb/0x0b7093536abf6943278a310cfe87ee15cecbf337.sol#1): it allows old versions
Reference: https://github.com/trailofbits/slither/wiki/Detectors-Documentation#incorrect-version-of-solidity[0m
INFO:Detectors:[92m
Contract 'owned' (/sb/0x0b7093536abf6943278a310cfe87ee15cecbf337.sol#3-20) is not in CapWords
Contract 'tokenRecipient' (/sb/0x0b7093536abf6943278a310cfe87ee15cecbf337.sol#20-22) is not in CapWords
Function 'TokenERC20.TokenERC20' (/sb/0x0b7093536abf6943278a310cfe87ee15cecbf337.sol#40-48) is not in mixedCase
Function 'TokenERC20._transfer' (/sb/0x0b7093536abf6943278a310cfe87ee15cecbf337.sol#48-68) is not in mixedCase
Parameter '_from' of TokenERC20._transfer (/sb/0x0b7093536abf6943278a310cfe87ee15cecbf337.sol#48-49) is not in mixedCase
Parameter '_to' of TokenERC20._transfer (/sb/0x0b7093536abf6943278a310cfe87ee15cecbf337.sol#50) is not in mixedCase
Parameter '_value' of TokenERC20._transfer (/sb/0x0b7093536abf6943278a310cfe87ee15cecbf337.sol#50) is not in mixedCase
Parameter '_to' of TokenERC20.transfer (/sb/0x0b7093536abf6943278a310cfe87ee15cecbf337.sol#68) is not in mixedCase
Parameter '_value' of TokenERC20.transfer (/sb/0x0b7093536abf6943278a310cfe87ee15cecbf337.sol#68-71) is not in mixedCase
Parameter '_from' of TokenERC20.transferFrom (/sb/0x0b7093536abf6943278a310cfe87ee15cecbf337.sol#71-72) is not in mixedCase
Parameter '_to' of TokenERC20.transferFrom (/sb/0x0b7093536abf6943278a310cfe87ee15cecbf337.sol#72) is not in mixedCase
Parameter '_value' of TokenERC20.transferFrom (/sb/0x0b7093536abf6943278a310cfe87ee15cecbf337.sol#72) is not in mixedCase
Parameter '_spender' of TokenERC20.approve (/sb/0x0b7093536abf6943278a310cfe87ee15cecbf337.sol#80) is not in mixedCase
Parameter '_value' of TokenERC20.approve (/sb/0x0b7093536abf6943278a310cfe87ee15cecbf337.sol#80) is not in mixedCase
Parameter '_spender' of TokenERC20.approveAndCall (/sb/0x0b7093536abf6943278a310cfe87ee15cecbf337.sol#87-88) is not in mixedCase
Parameter '_value' of TokenERC20.approveAndCall (/sb/0x0b7093536abf6943278a310cfe87ee15cecbf337.sol#88) is not in mixedCase
Parameter '_extraData' of TokenERC20.approveAndCall (/sb/0x0b7093536abf6943278a310cfe87ee15cecbf337.sol#88) is not in mixedCase
Parameter '_value' of TokenERC20.burn (/sb/0x0b7093536abf6943278a310cfe87ee15cecbf337.sol#96) is not in mixedCase
Parameter '_from' of TokenERC20.burnFrom (/sb/0x0b7093536abf6943278a310cfe87ee15cecbf337.sol#105) is not in mixedCase
Parameter '_value' of TokenERC20.burnFrom (/sb/0x0b7093536abf6943278a310cfe87ee15cecbf337.sol#105) is not in mixedCase
Function 'EncryptedToken._transfer' (/sb/0x0b7093536abf6943278a310cfe87ee15cecbf337.sol#125-137) is not in mixedCase
Parameter '_from' of EncryptedToken._transfer (/sb/0x0b7093536abf6943278a310cfe87ee15cecbf337.sol#125) is not in mixedCase
Parameter '_to' of EncryptedToken._transfer (/sb/0x0b7093536abf6943278a310cfe87ee15cecbf337.sol#125) is not in mixedCase
Parameter '_value' of EncryptedToken._transfer (/sb/0x0b7093536abf6943278a310cfe87ee15cecbf337.sol#125) is not in mixedCase
Function 'EncryptedToken.EncryptedToken' (/sb/0x0b7093536abf6943278a310cfe87ee15cecbf337.sol#124-125) is not in mixedCase
Parameter '_owner' of EncryptedToken.balanceOfa (/sb/0x0b7093536abf6943278a310cfe87ee15cecbf337.sol) is not in mixedCase
Variable 'EncryptedToken.INITIAL_SUPPLY' (/sb/0x0b7093536abf6943278a310cfe87ee15cecbf337.sol#118-120) is not in mixedCase
Reference: https://github.com/trailofbits/slither/wiki/Detectors-Documentation#conformance-to-solidity-naming-conventions[0m
INFO:Detectors:[92m
EncryptedToken.INITIAL_SUPPLY (/sb/0x0b7093536abf6943278a310cfe87ee15cecbf337.sol#118-120) is never used in EncryptedToken
Reference: https://github.com/trailofbits/slither/wiki/Detectors-Documentation#unused-state-variables[0m
INFO:Slither:/sb/0x0b7093536abf6943278a310cfe87ee15cecbf337.sol analyzed (4 contracts), 46 result(s) found
