INFO:Detectors:[93m
FTN.multiSigWithdrawal (/sb/0x0000000a9e27410f13dd4818488bf1e706c9a2fe.sol#199-213) uses a dangerous strict equality:
	- reqTime == 0 && reqAmount == 0
Reference: https://github.com/trailofbits/slither/wiki/Detectors-Documentation#dangerous-strict-equalities[0m
INFO:Detectors:[92m
FTN.ben3 should be constant (/sb/0x0000000a9e27410f13dd4818488bf1e706c9a2fe.sol#96-97)
Reference: https://github.com/trailofbits/slither/wiki/Detectors-Documentation#state-variables-that-could-be-declared-constant[0m
INFO:Detectors:[92m
FTN.totalSupply (/sb/0x0000000a9e27410f13dd4818488bf1e706c9a2fe.sol#133-137) should be declared external
ERC20Interface.totalSupply (/sb/0x0000000a9e27410f13dd4818488bf1e706c9a2fe.sol#32-33) should be declared external
FTN.balanceOf (/sb/0x0000000a9e27410f13dd4818488bf1e706c9a2fe.sol#137-138) should be declared external
ERC20Interface.balanceOf (/sb/0x0000000a9e27410f13dd4818488bf1e706c9a2fe.sol#33-34) should be declared external
ERC20Interface.allowance (/sb/0x0000000a9e27410f13dd4818488bf1e706c9a2fe.sol#34-35) should be declared external
FTN.allowance (/sb/0x0000000a9e27410f13dd4818488bf1e706c9a2fe.sol#167-169) should be declared external
FTN.transfer (/sb/0x0000000a9e27410f13dd4818488bf1e706c9a2fe.sol#139-148) should be declared external
ERC20Interface.transfer (/sb/0x0000000a9e27410f13dd4818488bf1e706c9a2fe.sol#35-36) should be declared external
ERC20Interface.approve (/sb/0x0000000a9e27410f13dd4818488bf1e706c9a2fe.sol#36-37) should be declared external
FTN.approve (/sb/0x0000000a9e27410f13dd4818488bf1e706c9a2fe.sol#148-153) should be declared external
FTN.transferFrom (/sb/0x0000000a9e27410f13dd4818488bf1e706c9a2fe.sol#154-167) should be declared external
ERC20Interface.transferFrom (/sb/0x0000000a9e27410f13dd4818488bf1e706c9a2fe.sol#37-39) should be declared external
ApproveAndCallFallBack.receiveApproval (/sb/0x0000000a9e27410f13dd4818488bf1e706c9a2fe.sol#45-49) should be declared external
Owned.transferOwnership (/sb/0x0000000a9e27410f13dd4818488bf1e706c9a2fe.sol#74-78) should be declared external
Owned.acceptOwnership (/sb/0x0000000a9e27410f13dd4818488bf1e706c9a2fe.sol#78-88) should be declared external
FTN.fallback (/sb/0x0000000a9e27410f13dd4818488bf1e706c9a2fe.sol#120-125) should be declared external
FTN.startStop (/sb/0x0000000a9e27410f13dd4818488bf1e706c9a2fe.sol#125-133) should be declared external
FTN.approveAndCall (/sb/0x0000000a9e27410f13dd4818488bf1e706c9a2fe.sol#169-175) should be declared external
FTN.transferAnyERC20Token (/sb/0x0000000a9e27410f13dd4818488bf1e706c9a2fe.sol#175-181) should be declared external
FTN.burnTokens (/sb/0x0000000a9e27410f13dd4818488bf1e706c9a2fe.sol#181-189) should be declared external
FTN.multisend (/sb/0x0000000a9e27410f13dd4818488bf1e706c9a2fe.sol#189-199) should be declared external
FTN.multiSigWithdrawal (/sb/0x0000000a9e27410f13dd4818488bf1e706c9a2fe.sol#199-213) should be declared external
Reference: https://github.com/trailofbits/slither/wiki/Detectors-Documentation#public-function-that-could-be-declared-as-external[0m
INFO:Detectors:[92m
Parameter '_newOwner' of Owned.transferOwnership (/sb/0x0000000a9e27410f13dd4818488bf1e706c9a2fe.sol#75-77) is not in mixedCase
Variable 'FTN._totalSupply' (/sb/0x0000000a9e27410f13dd4818488bf1e706c9a2fe.sol#94) is not in mixedCase
Reference: https://github.com/trailofbits/slither/wiki/Detectors-Documentation#conformance-to-solidity-naming-conventions[0m
INFO:Slither:/sb/0x0000000a9e27410f13dd4818488bf1e706c9a2fe.sol analyzed (5 contracts), 26 result(s) found
