INFO:Slither:Compilation warnings/errors on /sb/0x68964a114c32396c9a7076095e616654901cdc2a.sol:
/sb/0x68964a114c32396c9a7076095e616654901cdc2a.sol:257:5: Warning: Unused function parameter. Remove or comment out the variable name to silence this warning.
    address beneficiary,
    ^-----------------^
/sb/0x68964a114c32396c9a7076095e616654901cdc2a.sol:258:5: Warning: Unused function parameter. Remove or comment out the variable name to silence this warning.
    uint256 weiAmount
    ^---------------^
/sb/0x68964a114c32396c9a7076095e616654901cdc2a.sol:299:5: Warning: Unused function parameter. Remove or comment out the variable name to silence this warning.
    address beneficiary,
    ^-----------------^
/sb/0x68964a114c32396c9a7076095e616654901cdc2a.sol:300:5: Warning: Unused function parameter. Remove or comment out the variable name to silence this warning.
    uint256 weiAmount
    ^---------------^
/sb/0x68964a114c32396c9a7076095e616654901cdc2a.sol:241:3: Warning: Function state mutability can be restricted to pure
  function _preValidatePurchase(
  ^ (Relevant source part starts here and spans across multiple lines).
/sb/0x68964a114c32396c9a7076095e616654901cdc2a.sol:256:3: Warning: Function state mutability can be restricted to pure
  function _postValidatePurchase(
  ^ (Relevant source part starts here and spans across multiple lines).
/sb/0x68964a114c32396c9a7076095e616654901cdc2a.sol:298:3: Warning: Function state mutability can be restricted to pure
  function _updatePurchasingState(
  ^ (Relevant source part starts here and spans across multiple lines).

INFO:Detectors:[92m
Crowdsale.constructor.rate (local variable @ /sb/0x68964a114c32396c9a7076095e616654901cdc2a.sol#156) shadows:
	- Crowdsale.rate (function @ /sb/0x68964a114c32396c9a7076095e616654901cdc2a.sol#197-201)
Crowdsale.constructor.wallet (local variable @ /sb/0x68964a114c32396c9a7076095e616654901cdc2a.sol#157) shadows:
	- Crowdsale.wallet (function @ /sb/0x68964a114c32396c9a7076095e616654901cdc2a.sol#189-194)
Crowdsale.constructor.token (local variable @ /sb/0x68964a114c32396c9a7076095e616654901cdc2a.sol#157-158) shadows:
	- Crowdsale.token (function @ /sb/0x68964a114c32396c9a7076095e616654901cdc2a.sol#182-187)
CappedCrowdsale.constructor.cap (local variable @ /sb/0x68964a114c32396c9a7076095e616654901cdc2a.sol#371) shadows:
	- CappedCrowdsale.cap (function @ /sb/0x68964a114c32396c9a7076095e616654901cdc2a.sol#376-377)
TimedCrowdsale.constructor.openingTime (local variable @ /sb/0x68964a114c32396c9a7076095e616654901cdc2a.sol#498) shadows:
	- TimedCrowdsale.openingTime (function @ /sb/0x68964a114c32396c9a7076095e616654901cdc2a.sol#510-511)
TimedCrowdsale.constructor.closingTime (local variable @ /sb/0x68964a114c32396c9a7076095e616654901cdc2a.sol#498-499) shadows:
	- TimedCrowdsale.closingTime (function @ /sb/0x68964a114c32396c9a7076095e616654901cdc2a.sol#513-515)
BoltCrowdsale.constructor.rate (local variable @ /sb/0x68964a114c32396c9a7076095e616654901cdc2a.sol) shadows:
	- Crowdsale.rate (function @ /sb/0x68964a114c32396c9a7076095e616654901cdc2a.sol#197-201)
BoltCrowdsale.constructor.wallet (local variable @ /sb/0x68964a114c32396c9a7076095e616654901cdc2a.sol) shadows:
	- Crowdsale.wallet (function @ /sb/0x68964a114c32396c9a7076095e616654901cdc2a.sol#189-194)
BoltCrowdsale.constructor.token (local variable @ /sb/0x68964a114c32396c9a7076095e616654901cdc2a.sol) shadows:
	- Crowdsale.token (function @ /sb/0x68964a114c32396c9a7076095e616654901cdc2a.sol#182-187)
BoltCrowdsale.constructor.cap (local variable @ /sb/0x68964a114c32396c9a7076095e616654901cdc2a.sol) shadows:
	- CappedCrowdsale.cap (function @ /sb/0x68964a114c32396c9a7076095e616654901cdc2a.sol#376-377)
BoltCrowdsale.constructor.openingTime (local variable @ /sb/0x68964a114c32396c9a7076095e616654901cdc2a.sol) shadows:
	- TimedCrowdsale.openingTime (function @ /sb/0x68964a114c32396c9a7076095e616654901cdc2a.sol#510-511)
BoltCrowdsale.constructor.closingTime (local variable @ /sb/0x68964a114c32396c9a7076095e616654901cdc2a.sol) shadows:
	- TimedCrowdsale.closingTime (function @ /sb/0x68964a114c32396c9a7076095e616654901cdc2a.sol#513-515)
Reference: https://github.com/trailofbits/slither/wiki/Detectors-Documentation#local-variable-shadowing[0m
INFO:Detectors:[92m
TimedCrowdsale.constructor (/sb/0x68964a114c32396c9a7076095e616654901cdc2a.sol#498-507) uses timestamp for comparisons
	Dangerous comparisons:
	- require(bool)(openingTime >= block.timestamp) (/sb/0x68964a114c32396c9a7076095e616654901cdc2a.sol#503-505)
TimedCrowdsale.isOpen (/sb/0x68964a114c32396c9a7076095e616654901cdc2a.sol#520-524) uses timestamp for comparisons
	Dangerous comparisons:
	- block.timestamp >= _openingTime && block.timestamp <= _closingTime (/sb/0x68964a114c32396c9a7076095e616654901cdc2a.sol#521-524)
TimedCrowdsale.hasClosed (/sb/0x68964a114c32396c9a7076095e616654901cdc2a.sol#534-541) uses timestamp for comparisons
	Dangerous comparisons:
	- block.timestamp > _closingTime (/sb/0x68964a114c32396c9a7076095e616654901cdc2a.sol#541)
Reference: https://github.com/trailofbits/slither/wiki/Detectors-Documentation#block-timestamp[0m
INFO:Detectors:[92m
CapperRole.addCapper (/sb/0x68964a114c32396c9a7076095e616654901cdc2a.sol#60-65) should be declared external
CapperRole.renounceCapper (/sb/0x68964a114c32396c9a7076095e616654901cdc2a.sol#65-69) should be declared external
MinterRole.addMinter (/sb/0x68964a114c32396c9a7076095e616654901cdc2a.sol#97-104) should be declared external
MinterRole.renounceMinter (/sb/0x68964a114c32396c9a7076095e616654901cdc2a.sol#104-106) should be declared external
Crowdsale.wallet (/sb/0x68964a114c32396c9a7076095e616654901cdc2a.sol#189-194) should be declared external
Crowdsale.rate (/sb/0x68964a114c32396c9a7076095e616654901cdc2a.sol#197-201) should be declared external
CappedCrowdsale.cap (/sb/0x68964a114c32396c9a7076095e616654901cdc2a.sol#376-377) should be declared external
CappedCrowdsale.capReached (/sb/0x68964a114c32396c9a7076095e616654901cdc2a.sol#385-386) should be declared external
IndividuallyCappedCrowdsale.getCap (/sb/0x68964a114c32396c9a7076095e616654901cdc2a.sol#424-428) should be declared external
IndividuallyCappedCrowdsale.getContribution (/sb/0x68964a114c32396c9a7076095e616654901cdc2a.sol#435-439) should be declared external
TimedCrowdsale.openingTime (/sb/0x68964a114c32396c9a7076095e616654901cdc2a.sol#510-511) should be declared external
TimedCrowdsale.closingTime (/sb/0x68964a114c32396c9a7076095e616654901cdc2a.sol#513-515) should be declared external
TimedCrowdsale.hasClosed (/sb/0x68964a114c32396c9a7076095e616654901cdc2a.sol#534-541) should be declared external
ERC20.totalSupply (/sb/0x68964a114c32396c9a7076095e616654901cdc2a.sol#654-657) should be declared external
IERC20.totalSupply (/sb/0x68964a114c32396c9a7076095e616654901cdc2a.sol#619-622) should be declared external
IERC20.balanceOf (/sb/0x68964a114c32396c9a7076095e616654901cdc2a.sol#625-628) should be declared external
ERC20.balanceOf (/sb/0x68964a114c32396c9a7076095e616654901cdc2a.sol#669-672) should be declared external
ERC20.allowance (/sb/0x68964a114c32396c9a7076095e616654901cdc2a.sol#683-684) should be declared external
IERC20.allowance (/sb/0x68964a114c32396c9a7076095e616654901cdc2a.sol#628-630) should be declared external
ERC20.transfer (/sb/0x68964a114c32396c9a7076095e616654901cdc2a.sol#686-691) should be declared external
IERC20.transfer (/sb/0x68964a114c32396c9a7076095e616654901cdc2a.sol#630-635) should be declared external
ERC20.approve (/sb/0x68964a114c32396c9a7076095e616654901cdc2a.sol#714-720) should be declared external
IERC20.approve (/sb/0x68964a114c32396c9a7076095e616654901cdc2a.sol#635-637) should be declared external
ERC20.transferFrom (/sb/0x68964a114c32396c9a7076095e616654901cdc2a.sol#728-744) should be declared external
IERC20.transferFrom (/sb/0x68964a114c32396c9a7076095e616654901cdc2a.sol#637-643) should be declared external
ERC20.increaseAllowance (/sb/0x68964a114c32396c9a7076095e616654901cdc2a.sol#755-768) should be declared external
ERC20.decreaseAllowance (/sb/0x68964a114c32396c9a7076095e616654901cdc2a.sol#781-790) should be declared external
ERC20Mintable.mintingFinished (/sb/0x68964a114c32396c9a7076095e616654901cdc2a.sol#872-879) should be declared external
ERC20Mintable.mint (/sb/0x68964a114c32396c9a7076095e616654901cdc2a.sol#894-904) should be declared external
ERC20Mintable.finishMinting (/sb/0x68964a114c32396c9a7076095e616654901cdc2a.sol#907-911) should be declared external
Reference: https://github.com/trailofbits/slither/wiki/Detectors-Documentation#public-function-that-could-be-declared-as-external[0m
INFO:Detectors:[92m
Detected issues with version pragma in /sb/0x68964a114c32396c9a7076095e616654901cdc2a.sol:
	- pragma solidity^0.4.13 (/sb/0x68964a114c32396c9a7076095e616654901cdc2a.sol#1): it allows old versions
Reference: https://github.com/trailofbits/slither/wiki/Detectors-Documentation#incorrect-version-of-solidity[0m
INFO:Detectors:[92m
Function 'CapperRole._removeCapper' (/sb/0x68964a114c32396c9a7076095e616654901cdc2a.sol#69-77) is not in mixedCase
Function 'MinterRole._removeMinter' (/sb/0x68964a114c32396c9a7076095e616654901cdc2a.sol#106-114) is not in mixedCase
Function 'Crowdsale._preValidatePurchase' (/sb/0x68964a114c32396c9a7076095e616654901cdc2a.sol#252-254) is not in mixedCase
Function 'Crowdsale._postValidatePurchase' (/sb/0x68964a114c32396c9a7076095e616654901cdc2a.sol#266-270) is not in mixedCase
Function 'Crowdsale._deliverTokens' (/sb/0x68964a114c32396c9a7076095e616654901cdc2a.sol#280-285) is not in mixedCase
Function 'Crowdsale._processPurchase' (/sb/0x68964a114c32396c9a7076095e616654901cdc2a.sol#295-299) is not in mixedCase
Function 'Crowdsale._updatePurchasingState' (/sb/0x68964a114c32396c9a7076095e616654901cdc2a.sol#310-313) is not in mixedCase
Function 'Crowdsale._getTokenAmount' (/sb/0x68964a114c32396c9a7076095e616654901cdc2a.sol#326-331) is not in mixedCase
Function 'Crowdsale._forwardFunds' (/sb/0x68964a114c32396c9a7076095e616654901cdc2a.sol#334-339) is not in mixedCase
Function 'MintedCrowdsale._deliverTokens' (/sb/0x68964a114c32396c9a7076095e616654901cdc2a.sol#348-360) is not in mixedCase
Function 'CappedCrowdsale._preValidatePurchase' (/sb/0x68964a114c32396c9a7076095e616654901cdc2a.sol#395-402) is not in mixedCase
Function 'IndividuallyCappedCrowdsale._preValidatePurchase' (/sb/0x68964a114c32396c9a7076095e616654901cdc2a.sol#447-460) is not in mixedCase
Function 'IndividuallyCappedCrowdsale._updatePurchasingState' (/sb/0x68964a114c32396c9a7076095e616654901cdc2a.sol#468-479) is not in mixedCase
Function 'TimedCrowdsale._preValidatePurchase' (/sb/0x68964a114c32396c9a7076095e616654901cdc2a.sol#544-556) is not in mixedCase
Function 'ERC20._mint' (/sb/0x68964a114c32396c9a7076095e616654901cdc2a.sol#802-806) is not in mixedCase
Function 'ERC20._burn' (/sb/0x68964a114c32396c9a7076095e616654901cdc2a.sol#811-822) is not in mixedCase
Function 'ERC20._burnFrom' (/sb/0x68964a114c32396c9a7076095e616654901cdc2a.sol#838-856) is not in mixedCase
Reference: https://github.com/trailofbits/slither/wiki/Detectors-Documentation#conformance-to-solidity-naming-conventions[0m
INFO:Slither:/sb/0x68964a114c32396c9a7076095e616654901cdc2a.sol analyzed (14 contracts), 63 result(s) found
