INFO:Detectors:[92m
ERC20CappedMintable.constructor.cap (local variable @ /sb/0x1b80eeeadcc590f305945bcc258cfa770bbe1890.sol#686) shadows:
	- ERC20CappedMintable.cap (function @ /sb/0x1b80eeeadcc590f305945bcc258cfa770bbe1890.sol#695-697)
Reference: https://github.com/trailofbits/slither/wiki/Detectors-Documentation#local-variable-shadowing[0m
INFO:Detectors:[92m
Ownable.owner (/sb/0x1b80eeeadcc590f305945bcc258cfa770bbe1890.sol#98-100) should be declared external
Ownable.renounceOwnership (/sb/0x1b80eeeadcc590f305945bcc258cfa770bbe1890.sol#121-125) should be declared external
Ownable.transferOwnership (/sb/0x1b80eeeadcc590f305945bcc258cfa770bbe1890.sol#132-133) should be declared external
MinterRole.addMinter (/sb/0x1b80eeeadcc590f305945bcc258cfa770bbe1890.sol#212-215) should be declared external
MinterRole.renounceMinter (/sb/0x1b80eeeadcc590f305945bcc258cfa770bbe1890.sol#217-218) should be declared external
PauserRole.addPauser (/sb/0x1b80eeeadcc590f305945bcc258cfa770bbe1890.sol#254-258) should be declared external
PauserRole.renouncePauser (/sb/0x1b80eeeadcc590f305945bcc258cfa770bbe1890.sol#258-260) should be declared external
ERC20.totalSupply (/sb/0x1b80eeeadcc590f305945bcc258cfa770bbe1890.sol#326-330) should be declared external
IERC20.totalSupply (/sb/0x1b80eeeadcc590f305945bcc258cfa770bbe1890.sol#276-278) should be declared external
IERC20.balanceOf (/sb/0x1b80eeeadcc590f305945bcc258cfa770bbe1890.sol#278-281) should be declared external
ERC20.balanceOf (/sb/0x1b80eeeadcc590f305945bcc258cfa770bbe1890.sol#333-336) should be declared external
IERC20.allowance (/sb/0x1b80eeeadcc590f305945bcc258cfa770bbe1890.sol#281-285) should be declared external
ERC20.allowance (/sb/0x1b80eeeadcc590f305945bcc258cfa770bbe1890.sol#351-356) should be declared external
Pausable.paused (/sb/0x1b80eeeadcc590f305945bcc258cfa770bbe1890.sol#536-538) should be declared external
Pausable.pause (/sb/0x1b80eeeadcc590f305945bcc258cfa770bbe1890.sol#563-569) should be declared external
Pausable.unpause (/sb/0x1b80eeeadcc590f305945bcc258cfa770bbe1890.sol#575-581) should be declared external
ERC20Burnable.burn (/sb/0x1b80eeeadcc590f305945bcc258cfa770bbe1890.sol#645-654) should be declared external
ERC20Burnable.burnFrom (/sb/0x1b80eeeadcc590f305945bcc258cfa770bbe1890.sol#666-672) should be declared external
ERC20CappedMintable.cap (/sb/0x1b80eeeadcc590f305945bcc258cfa770bbe1890.sol#695-697) should be declared external
ERC20CappedMintable.mint (/sb/0x1b80eeeadcc590f305945bcc258cfa770bbe1890.sol#703-707) should be declared external
ERC20Releasable.setReleaseAgent (/sb/0x1b80eeeadcc590f305945bcc258cfa770bbe1890.sol#739-746) should be declared external
ERC20Releasable.setTransferAgent (/sb/0x1b80eeeadcc590f305945bcc258cfa770bbe1890.sol#751-758) should be declared external
Reference: https://github.com/trailofbits/slither/wiki/Detectors-Documentation#public-function-that-could-be-declared-as-external[0m
INFO:Detectors:[92m
Function 'Ownable._transferOwnership' (/sb/0x1b80eeeadcc590f305945bcc258cfa770bbe1890.sol#137-149) is not in mixedCase
Function 'MinterRole._addMinter' (/sb/0x1b80eeeadcc590f305945bcc258cfa770bbe1890.sol#219-227) is not in mixedCase
Function 'MinterRole._removeMinter' (/sb/0x1b80eeeadcc590f305945bcc258cfa770bbe1890.sol#227-232) is not in mixedCase
Function 'PauserRole._addPauser' (/sb/0x1b80eeeadcc590f305945bcc258cfa770bbe1890.sol#262-269) is not in mixedCase
Function 'PauserRole._removePauser' (/sb/0x1b80eeeadcc590f305945bcc258cfa770bbe1890.sol#269-273) is not in mixedCase
Function 'ERC20._mint' (/sb/0x1b80eeeadcc590f305945bcc258cfa770bbe1890.sol#470-477) is not in mixedCase
Function 'ERC20._burn' (/sb/0x1b80eeeadcc590f305945bcc258cfa770bbe1890.sol#484-491) is not in mixedCase
Function 'ERC20._burnFrom' (/sb/0x1b80eeeadcc590f305945bcc258cfa770bbe1890.sol#502-520) is not in mixedCase
Function 'ERC20Burnable._burn' (/sb/0x1b80eeeadcc590f305945bcc258cfa770bbe1890.sol#675-677) is not in mixedCase
Parameter '_tokenName' of BXBCoin. (/sb/0x1b80eeeadcc590f305945bcc258cfa770bbe1890.sol) is not in mixedCase
Parameter '_tokenSymbol' of BXBCoin. (/sb/0x1b80eeeadcc590f305945bcc258cfa770bbe1890.sol) is not in mixedCase
Parameter '_initialSupply' of BXBCoin. (/sb/0x1b80eeeadcc590f305945bcc258cfa770bbe1890.sol) is not in mixedCase
Parameter '_tokenDecimals' of BXBCoin. (/sb/0x1b80eeeadcc590f305945bcc258cfa770bbe1890.sol) is not in mixedCase
Reference: https://github.com/trailofbits/slither/wiki/Detectors-Documentation#conformance-to-solidity-naming-conventions[0m
INFO:Slither:/sb/0x1b80eeeadcc590f305945bcc258cfa770bbe1890.sol analyzed (13 contracts), 36 result(s) found
