INFO:Slither:Compilation warnings/errors on /sb/0xd37df7051977462c84d2a89cd78a0a91ff85d645.sol:
/sb/0xd37df7051977462c84d2a89cd78a0a91ff85d645.sol:109:5: Warning: Defining constructors as functions with the same name as the contract is deprecated. Use "constructor(...) { ... }" instead.
    function MultiSigWallet(address[] _owners, uint _required)
    ^ (Relevant source part starts here and spans across multiple lines).
/sb/0xd37df7051977462c84d2a89cd78a0a91ff85d645.sol:417:5: Warning: Defining constructors as functions with the same name as the contract is deprecated. Use "constructor(...) { ... }" instead.
    function MultiSigWalletWithDailyLimit(address[] _owners, uint _required, uint _dailyLimit)
    ^ (Relevant source part starts here and spans across multiple lines).
/sb/0xd37df7051977462c84d2a89cd78a0a91ff85d645.sol:100:13: Warning: Invoking events without "emit" prefix is deprecated.
            Deposit(msg.sender, msg.value);
            ^----------------------------^
/sb/0xd37df7051977462c84d2a89cd78a0a91ff85d645.sol:132:9: Warning: Invoking events without "emit" prefix is deprecated.
        OwnerAddition(owner);
        ^------------------^
/sb/0xd37df7051977462c84d2a89cd78a0a91ff85d645.sol:151:9: Warning: Invoking events without "emit" prefix is deprecated.
        OwnerRemoval(owner);
        ^-----------------^
/sb/0xd37df7051977462c84d2a89cd78a0a91ff85d645.sol:170:9: Warning: Invoking events without "emit" prefix is deprecated.
        OwnerRemoval(owner);
        ^-----------------^
/sb/0xd37df7051977462c84d2a89cd78a0a91ff85d645.sol:171:9: Warning: Invoking events without "emit" prefix is deprecated.
        OwnerAddition(newOwner);
        ^---------------------^
/sb/0xd37df7051977462c84d2a89cd78a0a91ff85d645.sol:182:9: Warning: Invoking events without "emit" prefix is deprecated.
        RequirementChange(_required);
        ^--------------------------^
/sb/0xd37df7051977462c84d2a89cd78a0a91ff85d645.sol:207:9: Warning: Invoking events without "emit" prefix is deprecated.
        Confirmation(msg.sender, transactionId);
        ^-------------------------------------^
/sb/0xd37df7051977462c84d2a89cd78a0a91ff85d645.sol:220:9: Warning: Invoking events without "emit" prefix is deprecated.
        Revocation(msg.sender, transactionId);
        ^-----------------------------------^
/sb/0xd37df7051977462c84d2a89cd78a0a91ff85d645.sol:235:17: Warning: Invoking events without "emit" prefix is deprecated.
                Execution(transactionId);
                ^----------------------^
/sb/0xd37df7051977462c84d2a89cd78a0a91ff85d645.sol:237:17: Warning: Invoking events without "emit" prefix is deprecated.
                ExecutionFailure(transactionId);
                ^-----------------------------^
/sb/0xd37df7051977462c84d2a89cd78a0a91ff85d645.sol:303:9: Warning: Invoking events without "emit" prefix is deprecated.
        Submission(transactionId);
        ^-----------------------^
/sb/0xd37df7051977462c84d2a89cd78a0a91ff85d645.sol:431:9: Warning: Invoking events without "emit" prefix is deprecated.
        DailyLimitChange(_dailyLimit);
        ^---------------------------^
/sb/0xd37df7051977462c84d2a89cd78a0a91ff85d645.sol:449:17: Warning: Invoking events without "emit" prefix is deprecated.
                Execution(transactionId);
                ^----------------------^
/sb/0xd37df7051977462c84d2a89cd78a0a91ff85d645.sol:451:17: Warning: Invoking events without "emit" prefix is deprecated.
                ExecutionFailure(transactionId);
                ^-----------------------------^
/sb/0xd37df7051977462c84d2a89cd78a0a91ff85d645.sol:96:5: Warning: No visibility specified. Defaulting to "public". 
    function()
    ^ (Relevant source part starts here and spans across multiple lines).

INFO:Detectors:[92m
MultiSigWallet.external_call uses assembly (/sb/0xd37df7051977462c84d2a89cd78a0a91ff85d645.sol#248-273)
	- /sb/0xd37df7051977462c84d2a89cd78a0a91ff85d645.sol#250-272
Reference: https://github.com/trailofbits/slither/wiki/Detectors-Documentation#assembly-usage[0m
INFO:Detectors:[92m
MultiSigWallet.fallback (/sb/0xd37df7051977462c84d2a89cd78a0a91ff85d645.sol#100-106) should be declared external
MultiSigWallet.addOwner (/sb/0xd37df7051977462c84d2a89cd78a0a91ff85d645.sol#127-137) should be declared external
MultiSigWallet.removeOwner (/sb/0xd37df7051977462c84d2a89cd78a0a91ff85d645.sol#143-155) should be declared external
MultiSigWallet.replaceOwner (/sb/0xd37df7051977462c84d2a89cd78a0a91ff85d645.sol#162-176) should be declared external
MultiSigWallet.submitTransaction (/sb/0xd37df7051977462c84d2a89cd78a0a91ff85d645.sol#194-202) should be declared external
MultiSigWallet.revokeConfirmation (/sb/0xd37df7051977462c84d2a89cd78a0a91ff85d645.sol#219-228) should be declared external
MultiSigWallet.getConfirmationCount (/sb/0xd37df7051977462c84d2a89cd78a0a91ff85d645.sol#322-326) should be declared external
MultiSigWallet.getTransactionCount (/sb/0xd37df7051977462c84d2a89cd78a0a91ff85d645.sol#337-349) should be declared external
MultiSigWallet.getOwners (/sb/0xd37df7051977462c84d2a89cd78a0a91ff85d645.sol#350-355) should be declared external
MultiSigWallet.getConfirmations (/sb/0xd37df7051977462c84d2a89cd78a0a91ff85d645.sol#360-374) should be declared external
MultiSigWallet.getTransactionIds (/sb/0xd37df7051977462c84d2a89cd78a0a91ff85d645.sol#384-413) should be declared external
MultiSigWalletWithDailyLimit.changeDailyLimit (/sb/0xd37df7051977462c84d2a89cd78a0a91ff85d645.sol#439-443) should be declared external
MultiSigWalletWithDailyLimit.calcMaxWithdraw (/sb/0xd37df7051977462c84d2a89cd78a0a91ff85d645.sol) should be declared external
Reference: https://github.com/trailofbits/slither/wiki/Detectors-Documentation#public-function-that-could-be-declared-as-external[0m
INFO:Detectors:[92m
Detected issues with version pragma in /sb/0xd37df7051977462c84d2a89cd78a0a91ff85d645.sol:
	- pragma solidity^0.4.15 (/sb/0xd37df7051977462c84d2a89cd78a0a91ff85d645.sol#1): it allows old versions
Reference: https://github.com/trailofbits/slither/wiki/Detectors-Documentation#incorrect-version-of-solidity[0m
INFO:Detectors:[92m
Low level call in MultiSigWalletWithDailyLimit.executeTransaction (/sb/0xd37df7051977462c84d2a89cd78a0a91ff85d645.sol#446-473):
	-txn.destination.call.value(txn.value)(txn.data) /sb/0xd37df7051977462c84d2a89cd78a0a91ff85d645.sol#463-473
Reference: https://github.com/trailofbits/slither/wiki/Detectors-Documentation#low-level-calls[0m
INFO:Detectors:[92m
Function 'MultiSigWallet.MultiSigWallet' (/sb/0xd37df7051977462c84d2a89cd78a0a91ff85d645.sol#111-122) is not in mixedCase
Parameter '_owners' of MultiSigWallet.MultiSigWallet (/sb/0xd37df7051977462c84d2a89cd78a0a91ff85d645.sol#113) is not in mixedCase
Parameter '_required' of MultiSigWallet.MultiSigWallet (/sb/0xd37df7051977462c84d2a89cd78a0a91ff85d645.sol#113) is not in mixedCase
Parameter '_required' of MultiSigWallet.changeRequirement (/sb/0xd37df7051977462c84d2a89cd78a0a91ff85d645.sol#183-185) is not in mixedCase
Function 'MultiSigWallet.external_call' (/sb/0xd37df7051977462c84d2a89cd78a0a91ff85d645.sol#248-273) is not in mixedCase
Function 'MultiSigWalletWithDailyLimit.MultiSigWalletWithDailyLimit' (/sb/0xd37df7051977462c84d2a89cd78a0a91ff85d645.sol#430-435) is not in mixedCase
Parameter '_dailyLimit' of MultiSigWalletWithDailyLimit.MultiSigWalletWithDailyLimit (/sb/0xd37df7051977462c84d2a89cd78a0a91ff85d645.sol#432-434) is not in mixedCase
Parameter '_dailyLimit' of MultiSigWalletWithDailyLimit.changeDailyLimit (/sb/0xd37df7051977462c84d2a89cd78a0a91ff85d645.sol#439-440) is not in mixedCase
Reference: https://github.com/trailofbits/slither/wiki/Detectors-Documentation#conformance-to-solidity-naming-conventions[0m
INFO:Slither:/sb/0xd37df7051977462c84d2a89cd78a0a91ff85d645.sol analyzed (2 contracts), 24 result(s) found
