INFO:Slither:Compilation warnings/errors on /sb/0x43d441cbedfb3fcec6ff899c02b3455adb8be835.sol:
/sb/0x43d441cbedfb3fcec6ff899c02b3455adb8be835.sol:55:3: Warning: Defining constructors as functions with the same name as the contract is deprecated. Use "constructor(...) { ... }" instead.
  function AmberToken() {}
  ^----------------------^
/sb/0x43d441cbedfb3fcec6ff899c02b3455adb8be835.sol:212:3: Warning: Defining constructors as functions with the same name as the contract is deprecated. Use "constructor(...) { ... }" instead.
  function AmbrosusSale() {
  ^ (Relevant source part starts here and spans across multiple lines).
/sb/0x43d441cbedfb3fcec6ff899c02b3455adb8be835.sol:30:5: Warning: Invoking events without "emit" prefix is deprecated.
    NewOwner(owner, _new);
    ^-------------------^
/sb/0x43d441cbedfb3fcec6ff899c02b3455adb8be835.sol:65:5: Warning: Invoking events without "emit" prefix is deprecated.
    Minted(_who, _value);
    ^------------------^
/sb/0x43d441cbedfb3fcec6ff899c02b3455adb8be835.sol:76:5: Warning: Invoking events without "emit" prefix is deprecated.
    MintedLocked(_who, _value);
    ^------------------------^
/sb/0x43d441cbedfb3fcec6ff899c02b3455adb8be835.sol:121:5: Warning: Invoking events without "emit" prefix is deprecated.
    Transfer(msg.sender, _to, _value);
    ^-------------------------------^
/sb/0x43d441cbedfb3fcec6ff899c02b3455adb8be835.sol:135:5: Warning: Invoking events without "emit" prefix is deprecated.
    Transfer(_from, _to, _value);
    ^--------------------------^
/sb/0x43d441cbedfb3fcec6ff899c02b3455adb8be835.sol:151:5: Warning: Invoking events without "emit" prefix is deprecated.
    Approval(msg.sender, _spender, _value);
    ^------------------------------------^
/sb/0x43d441cbedfb3fcec6ff899c02b3455adb8be835.sol:293:5: Warning: Invoking events without "emit" prefix is deprecated.
    Prepurchased(_who, _etherPaid, _amberSold);
    ^----------------------------------------^
/sb/0x43d441cbedfb3fcec6ff899c02b3455adb8be835.sol:316:5: Warning: Invoking events without "emit" prefix is deprecated.
    SpecialPurchased(msg.sender, msg.value, bought);
    ^---------------------------------------------^
/sb/0x43d441cbedfb3fcec6ff899c02b3455adb8be835.sol:361:5: Warning: Invoking events without "emit" prefix is deprecated.
    Purchased(_recipient, msg.value);
    ^------------------------------^
/sb/0x43d441cbedfb3fcec6ff899c02b3455adb8be835.sol:404:5: Warning: Invoking events without "emit" prefix is deprecated.
    Paused();
    ^------^
/sb/0x43d441cbedfb3fcec6ff899c02b3455adb8be835.sol:418:5: Warning: Invoking events without "emit" prefix is deprecated.
    Unpaused();
    ^--------^
/sb/0x43d441cbedfb3fcec6ff899c02b3455adb8be835.sol:453:5: Warning: Invoking events without "emit" prefix is deprecated.
    Allocated(_who, _value, true);
    ^---------------------------^
/sb/0x43d441cbedfb3fcec6ff899c02b3455adb8be835.sol:471:5: Warning: Invoking events without "emit" prefix is deprecated.
    Allocated(_who, _value, false);
    ^----------------------------^
/sb/0x43d441cbedfb3fcec6ff899c02b3455adb8be835.sol:11:3: Warning: No visibility specified. Defaulting to "public". 
  function balanceOf(address _owner) constant returns (uint256 balance);
  ^--------------------------------------------------------------------^
/sb/0x43d441cbedfb3fcec6ff899c02b3455adb8be835.sol:12:3: Warning: No visibility specified. Defaulting to "public". 
  function transfer(address _to, uint256 _value) returns (bool success);
  ^--------------------------------------------------------------------^
/sb/0x43d441cbedfb3fcec6ff899c02b3455adb8be835.sol:13:3: Warning: No visibility specified. Defaulting to "public". 
  function transferFrom(address _from, address _to, uint256 _value) returns (bool success);
  ^---------------------------------------------------------------------------------------^
/sb/0x43d441cbedfb3fcec6ff899c02b3455adb8be835.sol:14:3: Warning: No visibility specified. Defaulting to "public". 
  function approve(address _spender, uint256 _value) returns (bool success);
  ^------------------------------------------------------------------------^
/sb/0x43d441cbedfb3fcec6ff899c02b3455adb8be835.sol:15:3: Warning: No visibility specified. Defaulting to "public". 
  function allowance(address _owner, address _spender) constant returns (uint256 remaining);
  ^----------------------------------------------------------------------------------------^
/sb/0x43d441cbedfb3fcec6ff899c02b3455adb8be835.sol:29:3: Warning: No visibility specified. Defaulting to "public". 
  function setOwner(address _new) only_owner {
  ^ (Relevant source part starts here and spans across multiple lines).
/sb/0x43d441cbedfb3fcec6ff899c02b3455adb8be835.sol:37:3: Warning: No visibility specified. Defaulting to "public". 
  function certified(address _who) constant returns (bool);
  ^-------------------------------------------------------^
/sb/0x43d441cbedfb3fcec6ff899c02b3455adb8be835.sol:55:3: Warning: No visibility specified. Defaulting to "public". 
  function AmberToken() {}
  ^----------------------^
/sb/0x43d441cbedfb3fcec6ff899c02b3455adb8be835.sol:116:3: Warning: No visibility specified. Defaulting to "public". 
  function transfer(address _to, uint256 _value)
  ^ (Relevant source part starts here and spans across multiple lines).
/sb/0x43d441cbedfb3fcec6ff899c02b3455adb8be835.sol:129:3: Warning: No visibility specified. Defaulting to "public". 
  function transferFrom(address _from, address _to, uint256 _value)
  ^ (Relevant source part starts here and spans across multiple lines).
/sb/0x43d441cbedfb3fcec6ff899c02b3455adb8be835.sol:144:3: Warning: No visibility specified. Defaulting to "public". 
  function approve(address _spender, uint256 _value)
  ^ (Relevant source part starts here and spans across multiple lines).
/sb/0x43d441cbedfb3fcec6ff899c02b3455adb8be835.sol:158:3: Warning: No visibility specified. Defaulting to "public". 
  function balanceOf(address _who) constant returns (uint256) {
  ^ (Relevant source part starts here and spans across multiple lines).
/sb/0x43d441cbedfb3fcec6ff899c02b3455adb8be835.sol:163:3: Warning: No visibility specified. Defaulting to "public". 
  function allowance(address _owner, address _spender)
  ^ (Relevant source part starts here and spans across multiple lines).
/sb/0x43d441cbedfb3fcec6ff899c02b3455adb8be835.sol:212:3: Warning: No visibility specified. Defaulting to "public". 
  function AmbrosusSale() {
  ^ (Relevant source part starts here and spans across multiple lines).
/sb/0x43d441cbedfb3fcec6ff899c02b3455adb8be835.sol:365:3: Warning: Function state mutability can be restricted to pure
  function buyinReturn(address _who)
  ^ (Relevant source part starts here and spans across multiple lines).

INFO:Detectors:[92m
Reentrancy in AmbrosusSale.AmbrosusSale (/sb/0x43d441cbedfb3fcec6ff899c02b3455adb8be835.sol#216-223):
	External calls:
	- tokens.mint(0x00C269e9D02188E39C9922386De631c6AED5b4d4,144590975014280560863612000) (/sb/0x43d441cbedfb3fcec6ff899c02b3455adb8be835.sol#220-221)
	State variables written after the call(s):
	- saleRevenue (/sb/0x43d441cbedfb3fcec6ff899c02b3455adb8be835.sol#222-223)
	- totalSold (/sb/0x43d441cbedfb3fcec6ff899c02b3455adb8be835.sol#223)
Reentrancy in AmbrosusSale.allocateLiquid (/sb/0x43d441cbedfb3fcec6ff899c02b3455adb8be835.sol#458-466):
	External calls:
	- tokens.mint(_who,_value) (/sb/0x43d441cbedfb3fcec6ff899c02b3455adb8be835.sol#463)
	State variables written after the call(s):
	- liquidAllocatable (/sb/0x43d441cbedfb3fcec6ff899c02b3455adb8be835.sol#463-464)
Reentrancy in AmbrosusSale.allocateLocked (/sb/0x43d441cbedfb3fcec6ff899c02b3455adb8be835.sol#476-490):
	External calls:
	- tokens.mintLocked(_who,_value) (/sb/0x43d441cbedfb3fcec6ff899c02b3455adb8be835.sol#481-482)
	State variables written after the call(s):
	- lockedAllocatable (/sb/0x43d441cbedfb3fcec6ff899c02b3455adb8be835.sol#482-485)
Reentrancy in AmbrosusSale.notePrepurchase (/sb/0x43d441cbedfb3fcec6ff899c02b3455adb8be835.sol#293-303):
	External calls:
	- tokens.mint(_who,_amberSold) (/sb/0x43d441cbedfb3fcec6ff899c02b3455adb8be835.sol#299-300)
	State variables written after the call(s):
	- saleRevenue (/sb/0x43d441cbedfb3fcec6ff899c02b3455adb8be835.sol#300)
	- totalSold (/sb/0x43d441cbedfb3fcec6ff899c02b3455adb8be835.sol#301)
Reentrancy in AmbrosusSale.processPurchase (/sb/0x43d441cbedfb3fcec6ff899c02b3455adb8be835.sol#361-377):
	External calls:
	- tokens.mint(_recipient,msg.value * STANDARD_BUYIN) (/sb/0x43d441cbedfb3fcec6ff899c02b3455adb8be835.sol#370-372)
	External calls sending eth:
	- TREASURY.transfer(msg.value) (/sb/0x43d441cbedfb3fcec6ff899c02b3455adb8be835.sol#372-373)
	State variables written after the call(s):
	- saleRevenue (/sb/0x43d441cbedfb3fcec6ff899c02b3455adb8be835.sol#373)
	- totalSold (/sb/0x43d441cbedfb3fcec6ff899c02b3455adb8be835.sol#373-375)
Reentrancy in AmbrosusSale.specialPurchase (/sb/0x43d441cbedfb3fcec6ff899c02b3455adb8be835.sol#312-332):
	External calls:
	- tokens.mint(msg.sender,bought) (/sb/0x43d441cbedfb3fcec6ff899c02b3455adb8be835.sol#322-323)
	External calls sending eth:
	- TREASURY.transfer(msg.value) (/sb/0x43d441cbedfb3fcec6ff899c02b3455adb8be835.sol#324-325)
	State variables written after the call(s):
	- saleRevenue (/sb/0x43d441cbedfb3fcec6ff899c02b3455adb8be835.sol#325-327)
	- totalSold (/sb/0x43d441cbedfb3fcec6ff899c02b3455adb8be835.sol#328-329)
Reference: https://github.com/trailofbits/slither/wiki/Detectors-Documentation#reentrancy-vulnerabilities-2[0m
INFO:Detectors:[92m
Token.balanceOf (/sb/0x43d441cbedfb3fcec6ff899c02b3455adb8be835.sol#11-12) should be declared external
AmberToken.balanceOf (/sb/0x43d441cbedfb3fcec6ff899c02b3455adb8be835.sol#163-167) should be declared external
Token.transfer (/sb/0x43d441cbedfb3fcec6ff899c02b3455adb8be835.sol#12-13) should be declared external
AmberToken.transfer (/sb/0x43d441cbedfb3fcec6ff899c02b3455adb8be835.sol#119-130) should be declared external
AmberToken.transferFrom (/sb/0x43d441cbedfb3fcec6ff899c02b3455adb8be835.sol#131-148) should be declared external
Token.transferFrom (/sb/0x43d441cbedfb3fcec6ff899c02b3455adb8be835.sol#13-14) should be declared external
AmberToken.approve (/sb/0x43d441cbedfb3fcec6ff899c02b3455adb8be835.sol#149-162) should be declared external
Token.approve (/sb/0x43d441cbedfb3fcec6ff899c02b3455adb8be835.sol#14-15) should be declared external
AmberToken.allowance (/sb/0x43d441cbedfb3fcec6ff899c02b3455adb8be835.sol#170-176) should be declared external
Token.allowance (/sb/0x43d441cbedfb3fcec6ff899c02b3455adb8be835.sol#15-18) should be declared external
Owned.setOwner (/sb/0x43d441cbedfb3fcec6ff899c02b3455adb8be835.sol#29-35) should be declared external
Certifier.certified (/sb/0x43d441cbedfb3fcec6ff899c02b3455adb8be835.sol#37-40) should be declared external
AmberToken.mint (/sb/0x43d441cbedfb3fcec6ff899c02b3455adb8be835.sol#61-69) should be declared external
AmberToken.mintLocked (/sb/0x43d441cbedfb3fcec6ff899c02b3455adb8be835.sol#72-79) should be declared external
AmberToken.finalise (/sb/0x43d441cbedfb3fcec6ff899c02b3455adb8be835.sol#86-91) should be declared external
AmberToken.unlockTokens (/sb/0x43d441cbedfb3fcec6ff899c02b3455adb8be835.sol#107-117) should be declared external
AmbrosusSale.notePrepurchase (/sb/0x43d441cbedfb3fcec6ff899c02b3455adb8be835.sol#293-303) should be declared external
AmbrosusSale.specialPurchase (/sb/0x43d441cbedfb3fcec6ff899c02b3455adb8be835.sol#312-332) should be declared external
AmbrosusSale.fallback (/sb/0x43d441cbedfb3fcec6ff899c02b3455adb8be835.sol#337-345) should be declared external
AmbrosusSale.purchaseTo (/sb/0x43d441cbedfb3fcec6ff899c02b3455adb8be835.sol#350-356) should be declared external
AmbrosusSale.pause (/sb/0x43d441cbedfb3fcec6ff899c02b3455adb8be835.sol#421-423) should be declared external
AmbrosusSale.unpause (/sb/0x43d441cbedfb3fcec6ff899c02b3455adb8be835.sol#426-431) should be declared external
AmbrosusSale.initialiseAllocations (/sb/0x43d441cbedfb3fcec6ff899c02b3455adb8be835.sol#440-450) should be declared external
AmbrosusSale.allocateLiquid (/sb/0x43d441cbedfb3fcec6ff899c02b3455adb8be835.sol#458-466) should be declared external
AmbrosusSale.allocateLocked (/sb/0x43d441cbedfb3fcec6ff899c02b3455adb8be835.sol#476-490) should be declared external
AmbrosusSale.finalise (/sb/0x43d441cbedfb3fcec6ff899c02b3455adb8be835.sol#500-501) should be declared external
Reference: https://github.com/trailofbits/slither/wiki/Detectors-Documentation#public-function-that-could-be-declared-as-external[0m
INFO:Detectors:[92m
Detected issues with version pragma in /sb/0x43d441cbedfb3fcec6ff899c02b3455adb8be835.sol:
	- pragma solidity^0.4.15 (/sb/0x43d441cbedfb3fcec6ff899c02b3455adb8be835.sol#4-6): it allows old versions
Reference: https://github.com/trailofbits/slither/wiki/Detectors-Documentation#incorrect-version-of-solidity[0m
INFO:Detectors:[92m
Parameter '_new' of Owned.setOwner (/sb/0x43d441cbedfb3fcec6ff899c02b3455adb8be835.sol#30) is not in mixedCase
Modifier 'Owned.only_owner' (/sb/0x43d441cbedfb3fcec6ff899c02b3455adb8be835.sol#22-27) is not in mixedCase
Parameter '_who' of AmberToken.balanceOf (/sb/0x43d441cbedfb3fcec6ff899c02b3455adb8be835.sol#163-164) is not in mixedCase
Parameter '_to' of AmberToken.transfer (/sb/0x43d441cbedfb3fcec6ff899c02b3455adb8be835.sol#121) is not in mixedCase
Parameter '_value' of AmberToken.transfer (/sb/0x43d441cbedfb3fcec6ff899c02b3455adb8be835.sol#121-122) is not in mixedCase
Parameter '_from' of AmberToken.transferFrom (/sb/0x43d441cbedfb3fcec6ff899c02b3455adb8be835.sol#132-133) is not in mixedCase
Parameter '_to' of AmberToken.transferFrom (/sb/0x43d441cbedfb3fcec6ff899c02b3455adb8be835.sol#133) is not in mixedCase
Parameter '_value' of AmberToken.transferFrom (/sb/0x43d441cbedfb3fcec6ff899c02b3455adb8be835.sol#133-135) is not in mixedCase
Parameter '_spender' of AmberToken.approve (/sb/0x43d441cbedfb3fcec6ff899c02b3455adb8be835.sol#149) is not in mixedCase
Parameter '_value' of AmberToken.approve (/sb/0x43d441cbedfb3fcec6ff899c02b3455adb8be835.sol#149) is not in mixedCase
Parameter '_owner' of AmberToken.allowance (/sb/0x43d441cbedfb3fcec6ff899c02b3455adb8be835.sol#170-171) is not in mixedCase
Parameter '_spender' of AmberToken.allowance (/sb/0x43d441cbedfb3fcec6ff899c02b3455adb8be835.sol#171) is not in mixedCase
Function 'AmberToken.AmberToken' (/sb/0x43d441cbedfb3fcec6ff899c02b3455adb8be835.sol#57-58) is not in mixedCase
Parameter '_who' of AmberToken.mint (/sb/0x43d441cbedfb3fcec6ff899c02b3455adb8be835.sol#63) is not in mixedCase
Parameter '_value' of AmberToken.mint (/sb/0x43d441cbedfb3fcec6ff899c02b3455adb8be835.sol#63) is not in mixedCase
Parameter '_who' of AmberToken.mintLocked (/sb/0x43d441cbedfb3fcec6ff899c02b3455adb8be835.sol#74) is not in mixedCase
Parameter '_value' of AmberToken.mintLocked (/sb/0x43d441cbedfb3fcec6ff899c02b3455adb8be835.sol#74) is not in mixedCase
Parameter '_who' of AmberToken.unlockTokens (/sb/0x43d441cbedfb3fcec6ff899c02b3455adb8be835.sol#107-108) is not in mixedCase
Modifier 'AmberToken.when_owns' (/sb/0x43d441cbedfb3fcec6ff899c02b3455adb8be835.sol#177-178) is not in mixedCase
Modifier 'AmberToken.when_has_allowance' (/sb/0x43d441cbedfb3fcec6ff899c02b3455adb8be835.sol#182-190) is not in mixedCase
Modifier 'AmberToken.when_liquid' (/sb/0x43d441cbedfb3fcec6ff899c02b3455adb8be835.sol#191-193) is not in mixedCase
Function 'AmbrosusSale.AmbrosusSale' (/sb/0x43d441cbedfb3fcec6ff899c02b3455adb8be835.sol#216-223) is not in mixedCase
Parameter '_who' of AmbrosusSale.notePrepurchase (/sb/0x43d441cbedfb3fcec6ff899c02b3455adb8be835.sol#293-296) is not in mixedCase
Parameter '_etherPaid' of AmbrosusSale.notePrepurchase (/sb/0x43d441cbedfb3fcec6ff899c02b3455adb8be835.sol#296) is not in mixedCase
Parameter '_amberSold' of AmbrosusSale.notePrepurchase (/sb/0x43d441cbedfb3fcec6ff899c02b3455adb8be835.sol#296) is not in mixedCase
Parameter '_recipient' of AmbrosusSale.purchaseTo (/sb/0x43d441cbedfb3fcec6ff899c02b3455adb8be835.sol#351-352) is not in mixedCase
Parameter '_recipient' of AmbrosusSale.processPurchase (/sb/0x43d441cbedfb3fcec6ff899c02b3455adb8be835.sol#361-364) is not in mixedCase
Parameter '_who' of AmbrosusSale.buyinReturn (/sb/0x43d441cbedfb3fcec6ff899c02b3455adb8be835.sol#380) is not in mixedCase
Parameter '_who' of AmbrosusSale.allocateLiquid (/sb/0x43d441cbedfb3fcec6ff899c02b3455adb8be835.sol#458-460) is not in mixedCase
Parameter '_value' of AmbrosusSale.allocateLiquid (/sb/0x43d441cbedfb3fcec6ff899c02b3455adb8be835.sol#460) is not in mixedCase
Parameter '_who' of AmbrosusSale.allocateLocked (/sb/0x43d441cbedfb3fcec6ff899c02b3455adb8be835.sol#477-478) is not in mixedCase
Parameter '_value' of AmbrosusSale.allocateLocked (/sb/0x43d441cbedfb3fcec6ff899c02b3455adb8be835.sol#478) is not in mixedCase
Modifier 'AmbrosusSale.only_admin' (/sb/0x43d441cbedfb3fcec6ff899c02b3455adb8be835.sol#225-226) is not in mixedCase
Modifier 'AmbrosusSale.only_prepurchaser' (/sb/0x43d441cbedfb3fcec6ff899c02b3455adb8be835.sol#226-227) is not in mixedCase
Modifier 'AmbrosusSale.is_valid_buyin' (/sb/0x43d441cbedfb3fcec6ff899c02b3455adb8be835.sol#228-230) is not in mixedCase
Modifier 'AmbrosusSale.is_under_cap_with' (/sb/0x43d441cbedfb3fcec6ff899c02b3455adb8be835.sol#233-236) is not in mixedCase
Modifier 'AmbrosusSale.only_certified' (/sb/0x43d441cbedfb3fcec6ff899c02b3455adb8be835.sol#237-238) is not in mixedCase
Modifier 'AmbrosusSale.only_before_period' (/sb/0x43d441cbedfb3fcec6ff899c02b3455adb8be835.sol#245-246) is not in mixedCase
Modifier 'AmbrosusSale.only_during_period' (/sb/0x43d441cbedfb3fcec6ff899c02b3455adb8be835.sol#246-248) is not in mixedCase
Modifier 'AmbrosusSale.only_during_paused_period' (/sb/0x43d441cbedfb3fcec6ff899c02b3455adb8be835.sol#251-252) is not in mixedCase
Modifier 'AmbrosusSale.only_after_sale' (/sb/0x43d441cbedfb3fcec6ff899c02b3455adb8be835.sol#253-255) is not in mixedCase
Modifier 'AmbrosusSale.when_allocations_uninitialised' (/sb/0x43d441cbedfb3fcec6ff899c02b3455adb8be835.sol#260-261) is not in mixedCase
Modifier 'AmbrosusSale.when_allocatable_liquid' (/sb/0x43d441cbedfb3fcec6ff899c02b3455adb8be835.sol#262-264) is not in mixedCase
Modifier 'AmbrosusSale.when_allocatable_locked' (/sb/0x43d441cbedfb3fcec6ff899c02b3455adb8be835.sol#264-267) is not in mixedCase
Modifier 'AmbrosusSale.when_allocations_complete' (/sb/0x43d441cbedfb3fcec6ff899c02b3455adb8be835.sol#268-270) is not in mixedCase
Reference: https://github.com/trailofbits/slither/wiki/Detectors-Documentation#conformance-to-solidity-naming-conventions[0m
INFO:Slither:/sb/0x43d441cbedfb3fcec6ff899c02b3455adb8be835.sol analyzed (5 contracts), 78 result(s) found
