INFO:Slither:Compilation warnings/errors on /sb/0x0a2e4752f5e348cd262662450402e4bc1f1b76fc.sol:
/sb/0x0a2e4752f5e348cd262662450402e4bc1f1b76fc.sol:29:5: Warning: Defining constructors as functions with the same name as the contract is deprecated. Use "constructor(...) { ... }" instead.
    function DGCASH() public {
    ^ (Relevant source part starts here and spans across multiple lines).
/sb/0x0a2e4752f5e348cd262662450402e4bc1f1b76fc.sol:3:28: Warning: Functions in interfaces should be declared external.
interface tokenRecipient { function receiveApproval(address _from, uint256 _value, address _token, bytes _extraData) public; }
                           ^-----------------------------------------------------------------------------------------------^
/sb/0x0a2e4752f5e348cd262662450402e4bc1f1b76fc.sol:48:9: Warning: Invoking events without "emit" prefix is deprecated.
        Transfer(_from, _to, _value);
        ^--------------------------^
/sb/0x0a2e4752f5e348cd262662450402e4bc1f1b76fc.sol:75:9: Warning: Invoking events without "emit" prefix is deprecated.
        Transfer(creator, msg.sender, amount);               // execute an event reflecting the change
        ^-----------------------------------^

INFO:Detectors:[93m
DGCASH (/sb/0x0a2e4752f5e348cd262662450402e4bc1f1b76fc.sol#5-79) has incorrect ERC20 function interface(s):
	-transfer (/sb/0x0a2e4752f5e348cd262662450402e4bc1f1b76fc.sol#61-66)
Reference: https://github.com/trailofbits/slither/wiki/Detectors-Documentation#incorrect-erc20-interface[0m
INFO:Detectors:[93m
amountRaised in DGCASH.fallback (/sb/0x0a2e4752f5e348cd262662450402e4bc1f1b76fc.sol#70) is a local variable never initialiazed
Reference: https://github.com/trailofbits/slither/wiki/Detectors-Documentation#uninitialized-local-variables[0m
INFO:Detectors:[92m
DGCASH.buyPrice should be constant (/sb/0x0a2e4752f5e348cd262662450402e4bc1f1b76fc.sol#13-14)
DGCASH.datboiSupply should be constant (/sb/0x0a2e4752f5e348cd262662450402e4bc1f1b76fc.sol#12-13)
DGCASH.decimals should be constant (/sb/0x0a2e4752f5e348cd262662450402e4bc1f1b76fc.sol#9-10)
DGCASH.name should be constant (/sb/0x0a2e4752f5e348cd262662450402e4bc1f1b76fc.sol#7-8)
DGCASH.symbol should be constant (/sb/0x0a2e4752f5e348cd262662450402e4bc1f1b76fc.sol#8-9)
Reference: https://github.com/trailofbits/slither/wiki/Detectors-Documentation#state-variables-that-could-be-declared-constant[0m
INFO:Detectors:[92m
tokenRecipient.receiveApproval (/sb/0x0a2e4752f5e348cd262662450402e4bc1f1b76fc.sol#3) should be declared external
DGCASH.transfer (/sb/0x0a2e4752f5e348cd262662450402e4bc1f1b76fc.sol#61-66) should be declared external
Reference: https://github.com/trailofbits/slither/wiki/Detectors-Documentation#public-function-that-could-be-declared-as-external[0m
INFO:Detectors:[92m
Detected issues with version pragma in /sb/0x0a2e4752f5e348cd262662450402e4bc1f1b76fc.sol:
	- pragma solidity^0.4.16 (/sb/0x0a2e4752f5e348cd262662450402e4bc1f1b76fc.sol#1): it allows old versions
Reference: https://github.com/trailofbits/slither/wiki/Detectors-Documentation#incorrect-version-of-solidity[0m
INFO:Detectors:[92m
Contract 'tokenRecipient' (/sb/0x0a2e4752f5e348cd262662450402e4bc1f1b76fc.sol#3-5) is not in CapWords
Function 'DGCASH.DGCASH' (/sb/0x0a2e4752f5e348cd262662450402e4bc1f1b76fc.sol#30-35) is not in mixedCase
Function 'DGCASH._transfer' (/sb/0x0a2e4752f5e348cd262662450402e4bc1f1b76fc.sol#37-55) is not in mixedCase
Parameter '_from' of DGCASH._transfer (/sb/0x0a2e4752f5e348cd262662450402e4bc1f1b76fc.sol#37) is not in mixedCase
Parameter '_to' of DGCASH._transfer (/sb/0x0a2e4752f5e348cd262662450402e4bc1f1b76fc.sol#37-38) is not in mixedCase
Parameter '_value' of DGCASH._transfer (/sb/0x0a2e4752f5e348cd262662450402e4bc1f1b76fc.sol#38) is not in mixedCase
Parameter '_to' of DGCASH.transfer (/sb/0x0a2e4752f5e348cd262662450402e4bc1f1b76fc.sol#61) is not in mixedCase
Parameter '_value' of DGCASH.transfer (/sb/0x0a2e4752f5e348cd262662450402e4bc1f1b76fc.sol#61-62) is not in mixedCase
Reference: https://github.com/trailofbits/slither/wiki/Detectors-Documentation#conformance-to-solidity-naming-conventions[0m
INFO:Slither:/sb/0x0a2e4752f5e348cd262662450402e4bc1f1b76fc.sol analyzed (2 contracts), 14 result(s) found
