INFO:Slither:Compilation warnings/errors on /sb/0x0e42d85f2cf1c3f8bd8fef93ad9f16bd3c6d4b34.sol:
/sb/0x0e42d85f2cf1c3f8bd8fef93ad9f16bd3c6d4b34.sol:28:3: Warning: Defining constructors as functions with the same name as the contract is deprecated. Use "constructor(...) { ... }" instead.
  function Ownable() public {
  ^ (Relevant source part starts here and spans across multiple lines).
/sb/0x0e42d85f2cf1c3f8bd8fef93ad9f16bd3c6d4b34.sol:101:2: Warning: Defining constructors as functions with the same name as the contract is deprecated. Use "constructor(...) { ... }" instead.
	function KEP(){
 ^ (Relevant source part starts here and spans across multiple lines).
/sb/0x0e42d85f2cf1c3f8bd8fef93ad9f16bd3c6d4b34.sol:48:5: Warning: Invoking events without "emit" prefix is deprecated.
    OwnershipTransferred(owner, newOwner);
    ^-----------------------------------^
/sb/0x0e42d85f2cf1c3f8bd8fef93ad9f16bd3c6d4b34.sol:104:3: Warning: Invoking events without "emit" prefix is deprecated.
		Transfer(0x0, msg.sender, MAX_SUPPLY);
		^-----------------------------------^
/sb/0x0e42d85f2cf1c3f8bd8fef93ad9f16bd3c6d4b34.sol:110:3: Warning: Invoking events without "emit" prefix is deprecated.
		GetETH(msg.sender,msg.value);
		^--------------------------^
/sb/0x0e42d85f2cf1c3f8bd8fef93ad9f16bd3c6d4b34.sol:116:23: Warning: Using contract member "balance" inherited from the address type is deprecated. Convert the contract to "address" type to access the member, for example use "address(contract).balance" instead.
		if(!msg.sender.send(this.balance)) revert();
		                    ^----------^
/sb/0x0e42d85f2cf1c3f8bd8fef93ad9f16bd3c6d4b34.sol:125:3: Warning: Invoking events without "emit" prefix is deprecated.
		Transfer(msg.sender, _to, _value);
		^-------------------------------^
/sb/0x0e42d85f2cf1c3f8bd8fef93ad9f16bd3c6d4b34.sol:142:3: Warning: Invoking events without "emit" prefix is deprecated.
		Transfer(_from, _to, _value);
		^--------------------------^
/sb/0x0e42d85f2cf1c3f8bd8fef93ad9f16bd3c6d4b34.sol:149:3: Warning: Invoking events without "emit" prefix is deprecated.
		Approval(msg.sender, _spender, _value);
		^------------------------------------^
/sb/0x0e42d85f2cf1c3f8bd8fef93ad9f16bd3c6d4b34.sol:101:2: Warning: No visibility specified. Defaulting to "public". 
	function KEP(){
 ^ (Relevant source part starts here and spans across multiple lines).

INFO:Detectors:[93m
KEP.totalSupply (/sb/0x0e42d85f2cf1c3f8bd8fef93ad9f16bd3c6d4b34.sol#95-96) shadows:
	- ERC20Basic.totalSupply (/sb/0x0e42d85f2cf1c3f8bd8fef93ad9f16bd3c6d4b34.sol#5-6)
Reference: https://github.com/trailofbits/slither/wiki/Detectors-Documentation#state-variable-shadowing-from-abstract-contracts[0m
INFO:Detectors:[92m
ERC20Basic.totalSupply should be constant (/sb/0x0e42d85f2cf1c3f8bd8fef93ad9f16bd3c6d4b34.sol#5-6)
KEP.symbol should be constant (/sb/0x0e42d85f2cf1c3f8bd8fef93ad9f16bd3c6d4b34.sol#90-91)
Reference: https://github.com/trailofbits/slither/wiki/Detectors-Documentation#state-variables-that-could-be-declared-constant[0m
INFO:Detectors:[92m
ERC20Basic.balanceOf (/sb/0x0e42d85f2cf1c3f8bd8fef93ad9f16bd3c6d4b34.sol#6-7) should be declared external
KEP.balanceOf (/sb/0x0e42d85f2cf1c3f8bd8fef93ad9f16bd3c6d4b34.sol#134-137) should be declared external
ERC20Basic.transfer (/sb/0x0e42d85f2cf1c3f8bd8fef93ad9f16bd3c6d4b34.sol#7-8) should be declared external
KEP.transfer (/sb/0x0e42d85f2cf1c3f8bd8fef93ad9f16bd3c6d4b34.sol#122-134) should be declared external
KEP.allowance (/sb/0x0e42d85f2cf1c3f8bd8fef93ad9f16bd3c6d4b34.sol) should be declared external
ERC20.allowance (/sb/0x0e42d85f2cf1c3f8bd8fef93ad9f16bd3c6d4b34.sol#12-13) should be declared external
ERC20.transferFrom (/sb/0x0e42d85f2cf1c3f8bd8fef93ad9f16bd3c6d4b34.sol#13-14) should be declared external
KEP.transferFrom (/sb/0x0e42d85f2cf1c3f8bd8fef93ad9f16bd3c6d4b34.sol#137-150) should be declared external
KEP.approve (/sb/0x0e42d85f2cf1c3f8bd8fef93ad9f16bd3c6d4b34.sol#151-159) should be declared external
ERC20.approve (/sb/0x0e42d85f2cf1c3f8bd8fef93ad9f16bd3c6d4b34.sol#14-15) should be declared external
Ownable.transferOwnership (/sb/0x0e42d85f2cf1c3f8bd8fef93ad9f16bd3c6d4b34.sol#46-55) should be declared external
Reference: https://github.com/trailofbits/slither/wiki/Detectors-Documentation#public-function-that-could-be-declared-as-external[0m
INFO:Detectors:[92m
Detected issues with version pragma in /sb/0x0e42d85f2cf1c3f8bd8fef93ad9f16bd3c6d4b34.sol:
	- pragma solidity^0.4.13 (/sb/0x0e42d85f2cf1c3f8bd8fef93ad9f16bd3c6d4b34.sol#1): it allows old versions
Reference: https://github.com/trailofbits/slither/wiki/Detectors-Documentation#incorrect-version-of-solidity[0m
INFO:Detectors:[92m
Function 'Ownable.Ownable' (/sb/0x0e42d85f2cf1c3f8bd8fef93ad9f16bd3c6d4b34.sol#28-34) is not in mixedCase
Parameter '_owner' of KEP.balanceOf (/sb/0x0e42d85f2cf1c3f8bd8fef93ad9f16bd3c6d4b34.sol#134) is not in mixedCase
Parameter '_to' of KEP.transfer (/sb/0x0e42d85f2cf1c3f8bd8fef93ad9f16bd3c6d4b34.sol#123) is not in mixedCase
Parameter '_value' of KEP.transfer (/sb/0x0e42d85f2cf1c3f8bd8fef93ad9f16bd3c6d4b34.sol#123) is not in mixedCase
Parameter '_owner' of KEP.allowance (/sb/0x0e42d85f2cf1c3f8bd8fef93ad9f16bd3c6d4b34.sol) is not in mixedCase
Parameter '_spender' of KEP.allowance (/sb/0x0e42d85f2cf1c3f8bd8fef93ad9f16bd3c6d4b34.sol) is not in mixedCase
Parameter '_from' of KEP.transferFrom (/sb/0x0e42d85f2cf1c3f8bd8fef93ad9f16bd3c6d4b34.sol#139) is not in mixedCase
Parameter '_to' of KEP.transferFrom (/sb/0x0e42d85f2cf1c3f8bd8fef93ad9f16bd3c6d4b34.sol#139) is not in mixedCase
Parameter '_value' of KEP.transferFrom (/sb/0x0e42d85f2cf1c3f8bd8fef93ad9f16bd3c6d4b34.sol#139-140) is not in mixedCase
Parameter '_spender' of KEP.approve (/sb/0x0e42d85f2cf1c3f8bd8fef93ad9f16bd3c6d4b34.sol#153) is not in mixedCase
Parameter '_value' of KEP.approve (/sb/0x0e42d85f2cf1c3f8bd8fef93ad9f16bd3c6d4b34.sol#153) is not in mixedCase
Function 'KEP.KEP' (/sb/0x0e42d85f2cf1c3f8bd8fef93ad9f16bd3c6d4b34.sol#104-113) is not in mixedCase
Constant 'KEP.version' (/sb/0x0e42d85f2cf1c3f8bd8fef93ad9f16bd3c6d4b34.sol#91-93) is not in UPPER_CASE_WITH_UNDERSCORES
Reference: https://github.com/trailofbits/slither/wiki/Detectors-Documentation#conformance-to-solidity-naming-conventions[0m
INFO:Slither:/sb/0x0e42d85f2cf1c3f8bd8fef93ad9f16bd3c6d4b34.sol analyzed (5 contracts), 27 result(s) found
