INFO:Detectors:[92m
ENS.setSubnodeOwner.owner (local variable @ /sb/0x0a2340e7af5dcf6f7f4acc0e01f2102fb4b144b7.sol#18-19) shadows:
	- ENS.owner (function @ /sb/0x0a2340e7af5dcf6f7f4acc0e01f2102fb4b144b7.sol#22-23)
ENS.setResolver.resolver (local variable @ /sb/0x0a2340e7af5dcf6f7f4acc0e01f2102fb4b144b7.sol#19-20) shadows:
	- ENS.resolver (function @ /sb/0x0a2340e7af5dcf6f7f4acc0e01f2102fb4b144b7.sol#23-24)
ENS.setOwner.owner (local variable @ /sb/0x0a2340e7af5dcf6f7f4acc0e01f2102fb4b144b7.sol#20-21) shadows:
	- ENS.owner (function @ /sb/0x0a2340e7af5dcf6f7f4acc0e01f2102fb4b144b7.sol#22-23)
ENS.setTTL.ttl (local variable @ /sb/0x0a2340e7af5dcf6f7f4acc0e01f2102fb4b144b7.sol#21-22) shadows:
	- ENS.ttl (function @ /sb/0x0a2340e7af5dcf6f7f4acc0e01f2102fb4b144b7.sol#24-29)
PublicResolver.setAddr.addr (local variable @ /sb/0x0a2340e7af5dcf6f7f4acc0e01f2102fb4b144b7.sol#92) shadows:
	- PublicResolver.addr (function @ /sb/0x0a2340e7af5dcf6f7f4acc0e01f2102fb4b144b7.sol#249-251)
PublicResolver.setName.name (local variable @ /sb/0x0a2340e7af5dcf6f7f4acc0e01f2102fb4b144b7.sol#130-131) shadows:
	- PublicResolver.name (function @ /sb/0x0a2340e7af5dcf6f7f4acc0e01f2102fb4b144b7.sol#220-222)
Reference: https://github.com/trailofbits/slither/wiki/Detectors-Documentation#local-variable-shadowing[0m
INFO:Detectors:[92m
PublicResolver.setAddr (/sb/0x0a2340e7af5dcf6f7f4acc0e01f2102fb4b144b7.sol#91-97) should be declared external
PublicResolver.setContent (/sb/0x0a2340e7af5dcf6f7f4acc0e01f2102fb4b144b7.sol#104-110) should be declared external
PublicResolver.setMultihash (/sb/0x0a2340e7af5dcf6f7f4acc0e01f2102fb4b144b7.sol#115-121) should be declared external
PublicResolver.setName (/sb/0x0a2340e7af5dcf6f7f4acc0e01f2102fb4b144b7.sol#127-132) should be declared external
PublicResolver.setABI (/sb/0x0a2340e7af5dcf6f7f4acc0e01f2102fb4b144b7.sol#140-149) should be declared external
PublicResolver.setPubkey (/sb/0x0a2340e7af5dcf6f7f4acc0e01f2102fb4b144b7.sol#154-160) should be declared external
PublicResolver.setText (/sb/0x0a2340e7af5dcf6f7f4acc0e01f2102fb4b144b7.sol#166-173) should be declared external
PublicResolver.text (/sb/0x0a2340e7af5dcf6f7f4acc0e01f2102fb4b144b7.sol#180-183) should be declared external
PublicResolver.pubkey (/sb/0x0a2340e7af5dcf6f7f4acc0e01f2102fb4b144b7.sol#190-193) should be declared external
PublicResolver.ABI (/sb/0x0a2340e7af5dcf6f7f4acc0e01f2102fb4b144b7.sol#199-214) should be declared external
PublicResolver.name (/sb/0x0a2340e7af5dcf6f7f4acc0e01f2102fb4b144b7.sol#220-222) should be declared external
PublicResolver.content (/sb/0x0a2340e7af5dcf6f7f4acc0e01f2102fb4b144b7.sol#232-235) should be declared external
PublicResolver.multihash (/sb/0x0a2340e7af5dcf6f7f4acc0e01f2102fb4b144b7.sol#241-244) should be declared external
PublicResolver.addr (/sb/0x0a2340e7af5dcf6f7f4acc0e01f2102fb4b144b7.sol#249-251) should be declared external
PublicResolver.supportsInterface (/sb/0x0a2340e7af5dcf6f7f4acc0e01f2102fb4b144b7.sol#256-262) should be declared external
Reference: https://github.com/trailofbits/slither/wiki/Detectors-Documentation#public-function-that-could-be-declared-as-external[0m
INFO:Detectors:[92m
Function 'PublicResolver.ABI' (/sb/0x0a2340e7af5dcf6f7f4acc0e01f2102fb4b144b7.sol#199-214) is not in mixedCase
Modifier 'PublicResolver.only_owner' (/sb/0x0a2340e7af5dcf6f7f4acc0e01f2102fb4b144b7.sol#72-78) is not in mixedCase
Reference: https://github.com/trailofbits/slither/wiki/Detectors-Documentation#conformance-to-solidity-naming-conventions[0m
INFO:Slither:/sb/0x0a2340e7af5dcf6f7f4acc0e01f2102fb4b144b7.sol analyzed (2 contracts), 23 result(s) found
