INFO:Slither:Compilation warnings/errors on /sb/0x0cc4a9231ceeea1b704bc8c6743656255753652b.sol:
/sb/0x0cc4a9231ceeea1b704bc8c6743656255753652b.sol:16:5: Warning: Defining constructors as functions with the same name as the contract is deprecated. Use "constructor(...) { ... }" instead.
    function Owned() public {
    ^ (Relevant source part starts here and spans across multiple lines).
/sb/0x0cc4a9231ceeea1b704bc8c6743656255753652b.sol:116:5: Warning: Defining constructors as functions with the same name as the contract is deprecated. Use "constructor(...) { ... }" instead.
    function FunWorldCoinToken() public {
    ^ (Relevant source part starts here and spans across multiple lines).

INFO:Detectors:[93m
Contract locking ether found in /sb/0x0cc4a9231ceeea1b704bc8c6743656255753652b.sol:
	Contract FunWorldCoinToken has payable functions:
	 - fallback (/sb/0x0cc4a9231ceeea1b704bc8c6743656255753652b.sol#182)
	But does not have a function to withdraw the ether
Reference: https://github.com/trailofbits/slither/wiki/Detectors-Documentation#contracts-that-lock-ether[0m
INFO:Detectors:[92m
Owned.transferOwnership (/sb/0x0cc4a9231ceeea1b704bc8c6743656255753652b.sol#27-32) should be declared external
Owned.acceptOwnership (/sb/0x0cc4a9231ceeea1b704bc8c6743656255753652b.sol#32-42) should be declared external
FunWorldCoinToken.totalSupply (/sb/0x0cc4a9231ceeea1b704bc8c6743656255753652b.sol#131-133) should be declared external
ERC20Interface.totalSupply (/sb/0x0cc4a9231ceeea1b704bc8c6743656255753652b.sol#66) should be declared external
ERC20Interface.balanceOf (/sb/0x0cc4a9231ceeea1b704bc8c6743656255753652b.sol#66-67) should be declared external
FunWorldCoinToken.balanceOf (/sb/0x0cc4a9231ceeea1b704bc8c6743656255753652b.sol#137-138) should be declared external
FunWorldCoinToken.allowance (/sb/0x0cc4a9231ceeea1b704bc8c6743656255753652b.sol#167-169) should be declared external
ERC20Interface.allowance (/sb/0x0cc4a9231ceeea1b704bc8c6743656255753652b.sol#67-68) should be declared external
ERC20Interface.transfer (/sb/0x0cc4a9231ceeea1b704bc8c6743656255753652b.sol#68-69) should be declared external
FunWorldCoinToken.transfer (/sb/0x0cc4a9231ceeea1b704bc8c6743656255753652b.sol#138-148) should be declared external
FunWorldCoinToken.approve (/sb/0x0cc4a9231ceeea1b704bc8c6743656255753652b.sol#148-154) should be declared external
ERC20Interface.approve (/sb/0x0cc4a9231ceeea1b704bc8c6743656255753652b.sol#69-70) should be declared external
ERC20Interface.transferFrom (/sb/0x0cc4a9231ceeea1b704bc8c6743656255753652b.sol#70-72) should be declared external
FunWorldCoinToken.transferFrom (/sb/0x0cc4a9231ceeea1b704bc8c6743656255753652b.sol#155-166) should be declared external
ApproveAndCallFallBack.receiveApproval (/sb/0x0cc4a9231ceeea1b704bc8c6743656255753652b.sol#83-93) should be declared external
FunWorldCoinToken.approveAndCall (/sb/0x0cc4a9231ceeea1b704bc8c6743656255753652b.sol#169-181) should be declared external
FunWorldCoinToken.fallback (/sb/0x0cc4a9231ceeea1b704bc8c6743656255753652b.sol#182) should be declared external
FunWorldCoinToken.transferAnyERC20Token (/sb/0x0cc4a9231ceeea1b704bc8c6743656255753652b.sol#183-185) should be declared external
Reference: https://github.com/trailofbits/slither/wiki/Detectors-Documentation#public-function-that-could-be-declared-as-external[0m
INFO:Detectors:[92m
Detected issues with version pragma in /sb/0x0cc4a9231ceeea1b704bc8c6743656255753652b.sol:
	- pragma solidity^0.4.18 (/sb/0x0cc4a9231ceeea1b704bc8c6743656255753652b.sol#1): it allows old versions
Reference: https://github.com/trailofbits/slither/wiki/Detectors-Documentation#incorrect-version-of-solidity[0m
INFO:Detectors:[92m
Function 'Owned.Owned' (/sb/0x0cc4a9231ceeea1b704bc8c6743656255753652b.sol#16-21) is not in mixedCase
Parameter '_newOwner' of Owned.transferOwnership (/sb/0x0cc4a9231ceeea1b704bc8c6743656255753652b.sol#27-28) is not in mixedCase
Function 'FunWorldCoinToken.FunWorldCoinToken' (/sb/0x0cc4a9231ceeea1b704bc8c6743656255753652b.sol#119-130) is not in mixedCase
Variable 'FunWorldCoinToken._totalSupply' (/sb/0x0cc4a9231ceeea1b704bc8c6743656255753652b.sol#109) is not in mixedCase
Reference: https://github.com/trailofbits/slither/wiki/Detectors-Documentation#conformance-to-solidity-naming-conventions[0m
INFO:Slither:/sb/0x0cc4a9231ceeea1b704bc8c6743656255753652b.sol analyzed (5 contracts), 24 result(s) found
