INFO:Slither:Compilation warnings/errors on /sb/0x0a3f9678d6b631386c2dd3de8809b48b0d1bbd56.sol:
/sb/0x0a3f9678d6b631386c2dd3de8809b48b0d1bbd56.sol:32:5: Warning: Defining constructors as functions with the same name as the contract is deprecated. Use "constructor(...) { ... }" instead.
    function Ownable() public {
    ^ (Relevant source part starts here and spans across multiple lines).
/sb/0x0a3f9678d6b631386c2dd3de8809b48b0d1bbd56.sol:365:5: Warning: Defining constructors as functions with the same name as the contract is deprecated. Use "constructor(...) { ... }" instead.
    function LikerCoin() public {
    ^ (Relevant source part starts here and spans across multiple lines).
/sb/0x0a3f9678d6b631386c2dd3de8809b48b0d1bbd56.sol:41:9: Warning: Invoking events without "emit" prefix is deprecated.
        OwnershipTransferred(owner, newOwner);
        ^-----------------------------------^
/sb/0x0a3f9678d6b631386c2dd3de8809b48b0d1bbd56.sol:65:9: Warning: Invoking events without "emit" prefix is deprecated.
        Pause();
        ^-----^
/sb/0x0a3f9678d6b631386c2dd3de8809b48b0d1bbd56.sol:70:9: Warning: Invoking events without "emit" prefix is deprecated.
        Unpause();
        ^-------^
/sb/0x0a3f9678d6b631386c2dd3de8809b48b0d1bbd56.sol:142:9: Warning: Invoking events without "emit" prefix is deprecated.
        Burn(_value);
        ^----------^
/sb/0x0a3f9678d6b631386c2dd3de8809b48b0d1bbd56.sol:152:9: Warning: Invoking events without "emit" prefix is deprecated.
        Transfer(msg.sender, _to, _value);
        ^-------------------------------^
/sb/0x0a3f9678d6b631386c2dd3de8809b48b0d1bbd56.sol:159:9: Warning: Invoking events without "emit" prefix is deprecated.
        Approval(msg.sender, _spender, _value);
        ^------------------------------------^
/sb/0x0a3f9678d6b631386c2dd3de8809b48b0d1bbd56.sol:170:9: Warning: Invoking events without "emit" prefix is deprecated.
        Transfer(_from, _to, _value);
        ^--------------------------^
/sb/0x0a3f9678d6b631386c2dd3de8809b48b0d1bbd56.sol:180:9: Warning: Invoking events without "emit" prefix is deprecated.
        Transfer(msg.sender, _to, _value);
        ^-------------------------------^
/sb/0x0a3f9678d6b631386c2dd3de8809b48b0d1bbd56.sol:190:9: Warning: Invoking events without "emit" prefix is deprecated.
        Transfer(_from, _to, _value);
        ^--------------------------^
/sb/0x0a3f9678d6b631386c2dd3de8809b48b0d1bbd56.sol:196:9: Warning: Invoking events without "emit" prefix is deprecated.
        RestoreFinished();
        ^---------------^
/sb/0x0a3f9678d6b631386c2dd3de8809b48b0d1bbd56.sol:244:9: Warning: Invoking events without "emit" prefix is deprecated.
        Lock(_to, _value, _endTime);
        ^-------------------------^
/sb/0x0a3f9678d6b631386c2dd3de8809b48b0d1bbd56.sol:372:9: Warning: Invoking events without "emit" prefix is deprecated.
        Transfer(address(0), owner, totalSupply);
        ^--------------------------------------^
/sb/0x0a3f9678d6b631386c2dd3de8809b48b0d1bbd56.sol:118:5: Warning: Function state mutability can be restricted to view
    function validTransfer(address _from, address _to, uint256 _value, bool _lockCheck) internal {
    ^ (Relevant source part starts here and spans across multiple lines).

INFO:Detectors:[93m
Contract locking ether found in /sb/0x0a3f9678d6b631386c2dd3de8809b48b0d1bbd56.sol:
	Contract LikerCoin has payable functions:
	 - fallback (/sb/0x0a3f9678d6b631386c2dd3de8809b48b0d1bbd56.sol#118-119)
	But does not have a function to withdraw the ether
Reference: https://github.com/trailofbits/slither/wiki/Detectors-Documentation#contracts-that-lock-ether[0m
INFO:Detectors:[92m
Ownable.transferOwnership (/sb/0x0a3f9678d6b631386c2dd3de8809b48b0d1bbd56.sol#39-48) should be declared external
Pausable.pause (/sb/0x0a3f9678d6b631386c2dd3de8809b48b0d1bbd56.sol#64-69) should be declared external
Pausable.unpause (/sb/0x0a3f9678d6b631386c2dd3de8809b48b0d1bbd56.sol#69-75) should be declared external
ERC20.totalSupply (/sb/0x0a3f9678d6b631386c2dd3de8809b48b0d1bbd56.sol#76-77) should be declared external
Token.totalSupply (/sb/0x0a3f9678d6b631386c2dd3de8809b48b0d1bbd56.sol#206-208) should be declared external
ERC20.allowance (/sb/0x0a3f9678d6b631386c2dd3de8809b48b0d1bbd56.sol#77-79) should be declared external
Token.allowance (/sb/0x0a3f9678d6b631386c2dd3de8809b48b0d1bbd56.sol#218-223) should be declared external
Token.transfer (/sb/0x0a3f9678d6b631386c2dd3de8809b48b0d1bbd56.sol#177-186) should be declared external
ERC20.transfer (/sb/0x0a3f9678d6b631386c2dd3de8809b48b0d1bbd56.sol#79-80) should be declared external
ERC20.approve (/sb/0x0a3f9678d6b631386c2dd3de8809b48b0d1bbd56.sol#80) should be declared external
Token.approve (/sb/0x0a3f9678d6b631386c2dd3de8809b48b0d1bbd56.sol#158-164) should be declared external
ERC20.transferFrom (/sb/0x0a3f9678d6b631386c2dd3de8809b48b0d1bbd56.sol#80-82) should be declared external
Token.transferFrom (/sb/0x0a3f9678d6b631386c2dd3de8809b48b0d1bbd56.sol#164-177) should be declared external
Token.fallback (/sb/0x0a3f9678d6b631386c2dd3de8809b48b0d1bbd56.sol#118-119) should be declared external
Token.lock (/sb/0x0a3f9678d6b631386c2dd3de8809b48b0d1bbd56.sol#129-134) should be declared external
Token.unlock (/sb/0x0a3f9678d6b631386c2dd3de8809b48b0d1bbd56.sol#134-140) should be declared external
Token.burn (/sb/0x0a3f9678d6b631386c2dd3de8809b48b0d1bbd56.sol#140-147) should be declared external
Token.distribute (/sb/0x0a3f9678d6b631386c2dd3de8809b48b0d1bbd56.sol#148-158) should be declared external
Token.transferRestore (/sb/0x0a3f9678d6b631386c2dd3de8809b48b0d1bbd56.sol#187-201) should be declared external
Token.finishRestore (/sb/0x0a3f9678d6b631386c2dd3de8809b48b0d1bbd56.sol#201-205) should be declared external
Token.lockState (/sb/0x0a3f9678d6b631386c2dd3de8809b48b0d1bbd56.sol#211-218) should be declared external
LockBalance.clearLockUser (/sb/0x0a3f9678d6b631386c2dd3de8809b48b0d1bbd56.sol#281-284) should be declared external
LockBalance.addLockDate (/sb/0x0a3f9678d6b631386c2dd3de8809b48b0d1bbd56.sol#285-304) should be declared external
LockBalance.deleteLockDate (/sb/0x0a3f9678d6b631386c2dd3de8809b48b0d1bbd56.sol#305-332) should be declared external
LockBalance.lockTypeInfoGroup (/sb/0x0a3f9678d6b631386c2dd3de8809b48b0d1bbd56.sol#332-336) should be declared external
LockBalance.lockUserInfo (/sb/0x0a3f9678d6b631386c2dd3de8809b48b0d1bbd56.sol#336-354) should be declared external
LikerCoin.setLockUsers (/sb/0x0a3f9678d6b631386c2dd3de8809b48b0d1bbd56.sol#392-401) should be declared external
Reference: https://github.com/trailofbits/slither/wiki/Detectors-Documentation#public-function-that-could-be-declared-as-external[0m
INFO:Detectors:[92m
Detected issues with version pragma in /sb/0x0a3f9678d6b631386c2dd3de8809b48b0d1bbd56.sol:
	- pragma solidity^0.4.18 (/sb/0x0a3f9678d6b631386c2dd3de8809b48b0d1bbd56.sol#1): it allows old versions
Reference: https://github.com/trailofbits/slither/wiki/Detectors-Documentation#incorrect-version-of-solidity[0m
INFO:Detectors:[92m
Function 'Ownable.Ownable' (/sb/0x0a3f9678d6b631386c2dd3de8809b48b0d1bbd56.sol#33-36) is not in mixedCase
Struct 'Token.sUserInfo' (/sb/0x0a3f9678d6b631386c2dd3de8809b48b0d1bbd56.sol#91-98) is not in CapWords
Parameter '_owner' of Token.balanceOf (/sb/0x0a3f9678d6b631386c2dd3de8809b48b0d1bbd56.sol#210) is not in mixedCase
Parameter '_owner' of Token.allowance (/sb/0x0a3f9678d6b631386c2dd3de8809b48b0d1bbd56.sol#218) is not in mixedCase
Parameter '_spender' of Token.allowance (/sb/0x0a3f9678d6b631386c2dd3de8809b48b0d1bbd56.sol#218-219) is not in mixedCase
Parameter '_to' of Token.transfer (/sb/0x0a3f9678d6b631386c2dd3de8809b48b0d1bbd56.sol#177) is not in mixedCase
Parameter '_value' of Token.transfer (/sb/0x0a3f9678d6b631386c2dd3de8809b48b0d1bbd56.sol#177-178) is not in mixedCase
Parameter '_spender' of Token.approve (/sb/0x0a3f9678d6b631386c2dd3de8809b48b0d1bbd56.sol#159) is not in mixedCase
Parameter '_value' of Token.approve (/sb/0x0a3f9678d6b631386c2dd3de8809b48b0d1bbd56.sol#159) is not in mixedCase
Parameter '_from' of Token.transferFrom (/sb/0x0a3f9678d6b631386c2dd3de8809b48b0d1bbd56.sol#164) is not in mixedCase
Parameter '_to' of Token.transferFrom (/sb/0x0a3f9678d6b631386c2dd3de8809b48b0d1bbd56.sol#164) is not in mixedCase
Parameter '_value' of Token.transferFrom (/sb/0x0a3f9678d6b631386c2dd3de8809b48b0d1bbd56.sol#164-166) is not in mixedCase
Parameter '_from' of Token.validTransfer (/sb/0x0a3f9678d6b631386c2dd3de8809b48b0d1bbd56.sol#120) is not in mixedCase
Parameter '_to' of Token.validTransfer (/sb/0x0a3f9678d6b631386c2dd3de8809b48b0d1bbd56.sol#120) is not in mixedCase
Parameter '_value' of Token.validTransfer (/sb/0x0a3f9678d6b631386c2dd3de8809b48b0d1bbd56.sol#120-121) is not in mixedCase
Parameter '_lockCheck' of Token.validTransfer (/sb/0x0a3f9678d6b631386c2dd3de8809b48b0d1bbd56.sol#121) is not in mixedCase
Parameter '_owner' of Token.lock (/sb/0x0a3f9678d6b631386c2dd3de8809b48b0d1bbd56.sol#129-130) is not in mixedCase
Parameter '_owner' of Token.unlock (/sb/0x0a3f9678d6b631386c2dd3de8809b48b0d1bbd56.sol#135) is not in mixedCase
Parameter '_to' of Token.burn (/sb/0x0a3f9678d6b631386c2dd3de8809b48b0d1bbd56.sol#140) is not in mixedCase
Parameter '_value' of Token.burn (/sb/0x0a3f9678d6b631386c2dd3de8809b48b0d1bbd56.sol#140) is not in mixedCase
Parameter '_to' of Token.distribute (/sb/0x0a3f9678d6b631386c2dd3de8809b48b0d1bbd56.sol#149) is not in mixedCase
Parameter '_value' of Token.distribute (/sb/0x0a3f9678d6b631386c2dd3de8809b48b0d1bbd56.sol#149) is not in mixedCase
Parameter '_from' of Token.transferRestore (/sb/0x0a3f9678d6b631386c2dd3de8809b48b0d1bbd56.sol#187) is not in mixedCase
Parameter '_to' of Token.transferRestore (/sb/0x0a3f9678d6b631386c2dd3de8809b48b0d1bbd56.sol#187) is not in mixedCase
Parameter '_value' of Token.transferRestore (/sb/0x0a3f9678d6b631386c2dd3de8809b48b0d1bbd56.sol#188) is not in mixedCase
Parameter '_owner' of Token.lockState (/sb/0x0a3f9678d6b631386c2dd3de8809b48b0d1bbd56.sol#211) is not in mixedCase
Struct 'LockBalance.sGroupLockDate' (/sb/0x0a3f9678d6b631386c2dd3de8809b48b0d1bbd56.sol#227-232) is not in CapWords
Struct 'LockBalance.sLockInfo' (/sb/0x0a3f9678d6b631386c2dd3de8809b48b0d1bbd56.sol#232-238) is not in CapWords
Parameter '_to' of LockBalance.setLockUser (/sb/0x0a3f9678d6b631386c2dd3de8809b48b0d1bbd56.sol#242) is not in mixedCase
Parameter '_lockType' of LockBalance.setLockUser (/sb/0x0a3f9678d6b631386c2dd3de8809b48b0d1bbd56.sol#242) is not in mixedCase
Parameter '_value' of LockBalance.setLockUser (/sb/0x0a3f9678d6b631386c2dd3de8809b48b0d1bbd56.sol#242-244) is not in mixedCase
Parameter '_endTime' of LockBalance.setLockUser (/sb/0x0a3f9678d6b631386c2dd3de8809b48b0d1bbd56.sol#244) is not in mixedCase
Parameter '_owner' of LockBalance.lockBalanceGroup (/sb/0x0a3f9678d6b631386c2dd3de8809b48b0d1bbd56.sol#252) is not in mixedCase
Parameter '_index' of LockBalance.lockBalanceGroup (/sb/0x0a3f9678d6b631386c2dd3de8809b48b0d1bbd56.sol#252-253) is not in mixedCase
Parameter '_owner' of LockBalance.lockBalanceIndividual (/sb/0x0a3f9678d6b631386c2dd3de8809b48b0d1bbd56.sol#276) is not in mixedCase
Parameter '_index' of LockBalance.lockBalanceIndividual (/sb/0x0a3f9678d6b631386c2dd3de8809b48b0d1bbd56.sol#276) is not in mixedCase
Parameter '_owner' of LockBalance.clearLockUser (/sb/0x0a3f9678d6b631386c2dd3de8809b48b0d1bbd56.sol#282) is not in mixedCase
Parameter '_index' of LockBalance.clearLockUser (/sb/0x0a3f9678d6b631386c2dd3de8809b48b0d1bbd56.sol#282) is not in mixedCase
Parameter '_lockType' of LockBalance.addLockDate (/sb/0x0a3f9678d6b631386c2dd3de8809b48b0d1bbd56.sol#285-286) is not in mixedCase
Parameter '_second' of LockBalance.addLockDate (/sb/0x0a3f9678d6b631386c2dd3de8809b48b0d1bbd56.sol#286) is not in mixedCase
Parameter '_percent' of LockBalance.addLockDate (/sb/0x0a3f9678d6b631386c2dd3de8809b48b0d1bbd56.sol#286-287) is not in mixedCase
Parameter '_lockType' of LockBalance.deleteLockDate (/sb/0x0a3f9678d6b631386c2dd3de8809b48b0d1bbd56.sol#305) is not in mixedCase
Parameter '_lockTime' of LockBalance.deleteLockDate (/sb/0x0a3f9678d6b631386c2dd3de8809b48b0d1bbd56.sol#306) is not in mixedCase
Parameter '_type' of LockBalance.lockTypeInfoGroup (/sb/0x0a3f9678d6b631386c2dd3de8809b48b0d1bbd56.sol#334) is not in mixedCase
Parameter '_owner' of LockBalance.lockUserInfo (/sb/0x0a3f9678d6b631386c2dd3de8809b48b0d1bbd56.sol#336-337) is not in mixedCase
Parameter '_owner' of LockBalance.lockBalanceAll (/sb/0x0a3f9678d6b631386c2dd3de8809b48b0d1bbd56.sol#354) is not in mixedCase
Enum 'LockBalance.eLockType' (/sb/0x0a3f9678d6b631386c2dd3de8809b48b0d1bbd56.sol#225-227) is not in CapWords
Parameter '_from' of LikerCoin.validTransfer (/sb/0x0a3f9678d6b631386c2dd3de8809b48b0d1bbd56.sol#387) is not in mixedCase
Parameter '_to' of LikerCoin.validTransfer (/sb/0x0a3f9678d6b631386c2dd3de8809b48b0d1bbd56.sol#387) is not in mixedCase
Parameter '_value' of LikerCoin.validTransfer (/sb/0x0a3f9678d6b631386c2dd3de8809b48b0d1bbd56.sol#387) is not in mixedCase
Parameter '_lockCheck' of LikerCoin.validTransfer (/sb/0x0a3f9678d6b631386c2dd3de8809b48b0d1bbd56.sol#387-388) is not in mixedCase
Function 'LikerCoin.LikerCoin' (/sb/0x0a3f9678d6b631386c2dd3de8809b48b0d1bbd56.sol#374-386) is not in mixedCase
Parameter '_type' of LikerCoin.setLockUsers (/sb/0x0a3f9678d6b631386c2dd3de8809b48b0d1bbd56.sol#393) is not in mixedCase
Parameter '_to' of LikerCoin.setLockUsers (/sb/0x0a3f9678d6b631386c2dd3de8809b48b0d1bbd56.sol#393) is not in mixedCase
Parameter '_value' of LikerCoin.setLockUsers (/sb/0x0a3f9678d6b631386c2dd3de8809b48b0d1bbd56.sol#393) is not in mixedCase
Parameter '_endTime' of LikerCoin.setLockUsers (/sb/0x0a3f9678d6b631386c2dd3de8809b48b0d1bbd56.sol#393-395) is not in mixedCase
Parameter '_owner' of LikerCoin.useBalanceOf (/sb/0x0a3f9678d6b631386c2dd3de8809b48b0d1bbd56.sol) is not in mixedCase
Reference: https://github.com/trailofbits/slither/wiki/Detectors-Documentation#conformance-to-solidity-naming-conventions[0m
INFO:Slither:/sb/0x0a3f9678d6b631386c2dd3de8809b48b0d1bbd56.sol analyzed (7 contracts), 86 result(s) found
