INFO:Detectors:[92m
ERC20Detailed.constructor.name (local variable @ /sb/0x05f20fe8a29414708210ed9be4c6dac95310a324.sol#104-105) shadows:
	- ERC20Detailed.name (function @ /sb/0x05f20fe8a29414708210ed9be4c6dac95310a324.sol#116-118)
ERC20Detailed.constructor.symbol (local variable @ /sb/0x05f20fe8a29414708210ed9be4c6dac95310a324.sol#105) shadows:
	- ERC20Detailed.symbol (function @ /sb/0x05f20fe8a29414708210ed9be4c6dac95310a324.sol#123-125)
ERC20Detailed.constructor.decimals (local variable @ /sb/0x05f20fe8a29414708210ed9be4c6dac95310a324.sol#105-108) shadows:
	- ERC20Detailed.decimals (function @ /sb/0x05f20fe8a29414708210ed9be4c6dac95310a324.sol#133-134)
Reference: https://github.com/trailofbits/slither/wiki/Detectors-Documentation#local-variable-shadowing[0m
INFO:Detectors:[92m
ERC20Detailed.name (/sb/0x05f20fe8a29414708210ed9be4c6dac95310a324.sol#116-118) should be declared external
ERC20Detailed.symbol (/sb/0x05f20fe8a29414708210ed9be4c6dac95310a324.sol#123-125) should be declared external
ERC20Detailed.decimals (/sb/0x05f20fe8a29414708210ed9be4c6dac95310a324.sol#133-134) should be declared external
ERC20.transfer (/sb/0x05f20fe8a29414708210ed9be4c6dac95310a324.sol#188-189) should be declared external
IERC20.transfer (/sb/0x05f20fe8a29414708210ed9be4c6dac95310a324.sol#75) should be declared external
ERC20.approve (/sb/0x05f20fe8a29414708210ed9be4c6dac95310a324.sol#202-204) should be declared external
IERC20.approve (/sb/0x05f20fe8a29414708210ed9be4c6dac95310a324.sol#76-77) should be declared external
ERC20.transferFrom (/sb/0x05f20fe8a29414708210ed9be4c6dac95310a324.sol#212-218) should be declared external
IERC20.transferFrom (/sb/0x05f20fe8a29414708210ed9be4c6dac95310a324.sol#77-81) should be declared external
IERC20.totalSupply (/sb/0x05f20fe8a29414708210ed9be4c6dac95310a324.sol#81-83) should be declared external
ERC20.totalSupply (/sb/0x05f20fe8a29414708210ed9be4c6dac95310a324.sol#159-161) should be declared external
IERC20.balanceOf (/sb/0x05f20fe8a29414708210ed9be4c6dac95310a324.sol#83) should be declared external
ERC20.balanceOf (/sb/0x05f20fe8a29414708210ed9be4c6dac95310a324.sol#168-170) should be declared external
ERC20.allowance (/sb/0x05f20fe8a29414708210ed9be4c6dac95310a324.sol#178-182) should be declared external
IERC20.allowance (/sb/0x05f20fe8a29414708210ed9be4c6dac95310a324.sol#83-87) should be declared external
ERC20.increaseAllowance (/sb/0x05f20fe8a29414708210ed9be4c6dac95310a324.sol#231-233) should be declared external
ERC20.decreaseAllowance (/sb/0x05f20fe8a29414708210ed9be4c6dac95310a324.sol#246-251) should be declared external
Reference: https://github.com/trailofbits/slither/wiki/Detectors-Documentation#public-function-that-could-be-declared-as-external[0m
INFO:Detectors:[92m
Function 'ERC20._transfer' (/sb/0x05f20fe8a29414708210ed9be4c6dac95310a324.sol#256-263) is not in mixedCase
Function 'ERC20._mint' (/sb/0x05f20fe8a29414708210ed9be4c6dac95310a324.sol#274-280) is not in mixedCase
Function 'ERC20._burn' (/sb/0x05f20fe8a29414708210ed9be4c6dac95310a324.sol#289-294) is not in mixedCase
Function 'ERC20._approve' (/sb/0x05f20fe8a29414708210ed9be4c6dac95310a324.sol#303-307) is not in mixedCase
Function 'ERC20._burnFrom' (/sb/0x05f20fe8a29414708210ed9be4c6dac95310a324.sol#318-322) is not in mixedCase
Reference: https://github.com/trailofbits/slither/wiki/Detectors-Documentation#conformance-to-solidity-naming-conventions[0m
INFO:Slither:/sb/0x05f20fe8a29414708210ed9be4c6dac95310a324.sol analyzed (5 contracts), 25 result(s) found
