INFO:Detectors:[92m
RBACMixin.addOwner (/sb/0xa8550944706f8c6dc51a71f6b8ee29826468c0a9.sol#116-118) should be declared external
RBACMixin.deleteOwner (/sb/0xa8550944706f8c6dc51a71f6b8ee29826468c0a9.sol#124-126) should be declared external
RBACMixin.addMinter (/sb/0xa8550944706f8c6dc51a71f6b8ee29826468c0a9.sol#132-134) should be declared external
RBACMixin.deleteMinter (/sb/0xa8550944706f8c6dc51a71f6b8ee29826468c0a9.sol#140-142) should be declared external
PlatformBucket.mint (/sb/0xa8550944706f8c6dc51a71f6b8ee29826468c0a9.sol#249-258) should be declared external
IMintableToken.mint (/sb/0xa8550944706f8c6dc51a71f6b8ee29826468c0a9.sol#177-178) should be declared external
PlatformBucket.setSizeAndRate (/sb/0xa8550944706f8c6dc51a71f6b8ee29826468c0a9.sol#242-245) should be declared external
Reference: https://github.com/trailofbits/slither/wiki/Detectors-Documentation#public-function-that-could-be-declared-as-external[0m
INFO:Detectors:[92m
Parameter '_who' of RBACMixin.isOwner (/sb/0xa8550944706f8c6dc51a71f6b8ee29826468c0a9.sol#101) is not in mixedCase
Parameter '_who' of RBACMixin.isMinter (/sb/0xa8550944706f8c6dc51a71f6b8ee29826468c0a9.sol#108) is not in mixedCase
Parameter '_who' of RBACMixin.addOwner (/sb/0xa8550944706f8c6dc51a71f6b8ee29826468c0a9.sol#116) is not in mixedCase
Parameter '_who' of RBACMixin.deleteOwner (/sb/0xa8550944706f8c6dc51a71f6b8ee29826468c0a9.sol#124) is not in mixedCase
Parameter '_who' of RBACMixin.addMinter (/sb/0xa8550944706f8c6dc51a71f6b8ee29826468c0a9.sol#132-133) is not in mixedCase
Parameter '_who' of RBACMixin.deleteMinter (/sb/0xa8550944706f8c6dc51a71f6b8ee29826468c0a9.sol#140-141) is not in mixedCase
Function 'RBACMixin._setOwner' (/sb/0xa8550944706f8c6dc51a71f6b8ee29826468c0a9.sol#147-157) is not in mixedCase
Parameter '_who' of RBACMixin._setOwner (/sb/0xa8550944706f8c6dc51a71f6b8ee29826468c0a9.sol#148) is not in mixedCase
Parameter '_flag' of RBACMixin._setOwner (/sb/0xa8550944706f8c6dc51a71f6b8ee29826468c0a9.sol#149) is not in mixedCase
Function 'RBACMixin._setMinter' (/sb/0xa8550944706f8c6dc51a71f6b8ee29826468c0a9.sol#163-176) is not in mixedCase
Parameter '_who' of RBACMixin._setMinter (/sb/0xa8550944706f8c6dc51a71f6b8ee29826468c0a9.sol#163-164) is not in mixedCase
Parameter '_flag' of RBACMixin._setMinter (/sb/0xa8550944706f8c6dc51a71f6b8ee29826468c0a9.sol#164-165) is not in mixedCase
Parameter '_to' of PlatformBucket.mint (/sb/0xa8550944706f8c6dc51a71f6b8ee29826468c0a9.sol#249) is not in mixedCase
Parameter '_amount' of PlatformBucket.mint (/sb/0xa8550944706f8c6dc51a71f6b8ee29826468c0a9.sol#249-250) is not in mixedCase
Parameter '_token' of PlatformBucket. (/sb/0xa8550944706f8c6dc51a71f6b8ee29826468c0a9.sol#215) is not in mixedCase
Parameter '_size' of PlatformBucket. (/sb/0xa8550944706f8c6dc51a71f6b8ee29826468c0a9.sol#215-216) is not in mixedCase
Parameter '_rate' of PlatformBucket. (/sb/0xa8550944706f8c6dc51a71f6b8ee29826468c0a9.sol#216) is not in mixedCase
Parameter '_size' of PlatformBucket.setSize (/sb/0xa8550944706f8c6dc51a71f6b8ee29826468c0a9.sol#225-226) is not in mixedCase
Parameter '_rate' of PlatformBucket.setRate (/sb/0xa8550944706f8c6dc51a71f6b8ee29826468c0a9.sol#235) is not in mixedCase
Parameter '_size' of PlatformBucket.setSizeAndRate (/sb/0xa8550944706f8c6dc51a71f6b8ee29826468c0a9.sol#243) is not in mixedCase
Parameter '_rate' of PlatformBucket.setSizeAndRate (/sb/0xa8550944706f8c6dc51a71f6b8ee29826468c0a9.sol#243) is not in mixedCase
Reference: https://github.com/trailofbits/slither/wiki/Detectors-Documentation#conformance-to-solidity-naming-conventions[0m
INFO:Slither:/sb/0xa8550944706f8c6dc51a71f6b8ee29826468c0a9.sol analyzed (4 contracts), 28 result(s) found
