INFO:Detectors:[91m
Game01.produceWiner (/sb/0xd20ae1b3c922b4e8ae9eb6e3f4302e71b8c12970.sol#22-42) sends eth to arbitrary user
	Dangerous calls:
	- teamAddress.transfer(tempTeam) (/sb/0xd20ae1b3c922b4e8ae9eb6e3f4302e71b8c12970.sol#37)
Reference: https://github.com/trailofbits/slither/wiki/Detectors-Documentation#functions-that-send-ether-to-arbitrary-destinations[0m
INFO:Detectors:[92m
Game01.goWiner (/sb/0xd20ae1b3c922b4e8ae9eb6e3f4302e71b8c12970.sol#44-47) should be declared external
Game01.betYours (/sb/0xd20ae1b3c922b4e8ae9eb6e3f4302e71b8c12970.sol#47-56) should be declared external
Game01.getTeamAddress (/sb/0xd20ae1b3c922b4e8ae9eb6e3f4302e71b8c12970.sol#70-73) should be declared external
Game01.getLowPrice (/sb/0xd20ae1b3c922b4e8ae9eb6e3f4302e71b8c12970.sol#74-77) should be declared external
Game01.getPlayerAddress (/sb/0xd20ae1b3c922b4e8ae9eb6e3f4302e71b8c12970.sol#78-81) should be declared external
Game01.getSumOfPlayers (/sb/0xd20ae1b3c922b4e8ae9eb6e3f4302e71b8c12970.sol#82-85) should be declared external
Game01.getBlockNumber (/sb/0xd20ae1b3c922b4e8ae9eb6e3f4302e71b8c12970.sol#86-89) should be declared external
Game01.getBalances (/sb/0xd20ae1b3c922b4e8ae9eb6e3f4302e71b8c12970.sol#90-92) should be declared external
Reference: https://github.com/trailofbits/slither/wiki/Detectors-Documentation#public-function-that-could-be-declared-as-external[0m
INFO:Detectors:[92m
Parameter '_blockNumber' of Game01. (/sb/0xd20ae1b3c922b4e8ae9eb6e3f4302e71b8c12970.sol#62) is not in mixedCase
Modifier 'Game01.OnlyBet' (/sb/0xd20ae1b3c922b4e8ae9eb6e3f4302e71b8c12970.sol#57-61) is not in mixedCase
Reference: https://github.com/trailofbits/slither/wiki/Detectors-Documentation#conformance-to-solidity-naming-conventions[0m
INFO:Slither:/sb/0xd20ae1b3c922b4e8ae9eb6e3f4302e71b8c12970.sol analyzed (1 contracts), 11 result(s) found
