INFO:Slither:Compilation warnings/errors on /sb/0x42cc228e6533b3b58e7941f957ee5fa1c60e1f5b.sol:
/sb/0x42cc228e6533b3b58e7941f957ee5fa1c60e1f5b.sol:6:5: Warning: Defining constructors as functions with the same name as the contract is deprecated. Use "constructor(...) { ... }" instead.
    function owned() public {
    ^ (Relevant source part starts here and spans across multiple lines).
/sb/0x42cc228e6533b3b58e7941f957ee5fa1c60e1f5b.sol:45:5: Warning: Defining constructors as functions with the same name as the contract is deprecated. Use "constructor(...) { ... }" instead.
    function TokenSTC(
    ^ (Relevant source part starts here and spans across multiple lines).
/sb/0x42cc228e6533b3b58e7941f957ee5fa1c60e1f5b.sol:187:5: Warning: Defining constructors as functions with the same name as the contract is deprecated. Use "constructor(...) { ... }" instead.
    function MyAdvancedToken(
    ^ (Relevant source part starts here and spans across multiple lines).
/sb/0x42cc228e6533b3b58e7941f957ee5fa1c60e1f5b.sol:20:28: Warning: Functions in interfaces should be declared external.
interface tokenRecipient { function receiveApproval(address _from, uint256 _value, address _token, bytes _extraData) public; }
                           ^-----------------------------------------------------------------------------------------------^
/sb/0x42cc228e6533b3b58e7941f957ee5fa1c60e1f5b.sol:72:9: Warning: Invoking events without "emit" prefix is deprecated.
        Transfer(_from, _to, _value);
        ^--------------------------^
/sb/0x42cc228e6533b3b58e7941f957ee5fa1c60e1f5b.sol:149:9: Warning: Invoking events without "emit" prefix is deprecated.
        Burn(msg.sender, _value);
        ^----------------------^
/sb/0x42cc228e6533b3b58e7941f957ee5fa1c60e1f5b.sol:167:9: Warning: Invoking events without "emit" prefix is deprecated.
        Burn(_from, _value);
        ^-----------------^
/sb/0x42cc228e6533b3b58e7941f957ee5fa1c60e1f5b.sol:202:9: Warning: Invoking events without "emit" prefix is deprecated.
        Transfer(_from, _to, _value);
        ^--------------------------^
/sb/0x42cc228e6533b3b58e7941f957ee5fa1c60e1f5b.sol:211:9: Warning: Invoking events without "emit" prefix is deprecated.
        Transfer(0, this, mintedAmount);
        ^-----------------------------^
/sb/0x42cc228e6533b3b58e7941f957ee5fa1c60e1f5b.sol:212:9: Warning: Invoking events without "emit" prefix is deprecated.
        Transfer(this, target, mintedAmount);
        ^----------------------------------^
/sb/0x42cc228e6533b3b58e7941f957ee5fa1c60e1f5b.sol:220:9: Warning: Invoking events without "emit" prefix is deprecated.
        FrozenFunds(target, freeze);
        ^-------------------------^
/sb/0x42cc228e6533b3b58e7941f957ee5fa1c60e1f5b.sol:240:17: Warning: Using contract member "balance" inherited from the address type is deprecated. Convert the contract to "address" type to access the member, for example use "address(contract).balance" instead.
        require(this.balance >= amount * sellPrice);      // checks if the contract has enough ether to buy
                ^----------^

INFO:Detectors:[93m
TokenSTC (/sb/0x42cc228e6533b3b58e7941f957ee5fa1c60e1f5b.sol#23-176) has incorrect ERC20 function interface(s):
	-transfer (/sb/0x42cc228e6533b3b58e7941f957ee5fa1c60e1f5b.sol#86-92)
Reference: https://github.com/trailofbits/slither/wiki/Detectors-Documentation#incorrect-erc20-interface[0m
INFO:Detectors:[92m
TokenSTC.decimals should be constant (/sb/0x42cc228e6533b3b58e7941f957ee5fa1c60e1f5b.sol#26-27)
Reference: https://github.com/trailofbits/slither/wiki/Detectors-Documentation#state-variables-that-could-be-declared-constant[0m
INFO:Detectors:[92m
owned.transferOwnership (/sb/0x42cc228e6533b3b58e7941f957ee5fa1c60e1f5b.sol#15-20) should be declared external
tokenRecipient.receiveApproval (/sb/0x42cc228e6533b3b58e7941f957ee5fa1c60e1f5b.sol#20-22) should be declared external
TokenSTC.transfer (/sb/0x42cc228e6533b3b58e7941f957ee5fa1c60e1f5b.sol#86-92) should be declared external
TokenSTC.transferFrom (/sb/0x42cc228e6533b3b58e7941f957ee5fa1c60e1f5b.sol#98-108) should be declared external
TokenSTC.approveAndCall (/sb/0x42cc228e6533b3b58e7941f957ee5fa1c60e1f5b.sol#131-143) should be declared external
TokenSTC.burn (/sb/0x42cc228e6533b3b58e7941f957ee5fa1c60e1f5b.sol#146-158) should be declared external
TokenSTC.burnFrom (/sb/0x42cc228e6533b3b58e7941f957ee5fa1c60e1f5b.sol#162-176) should be declared external
MyAdvancedToken.mintToken (/sb/0x42cc228e6533b3b58e7941f957ee5fa1c60e1f5b.sol#212-218) should be declared external
MyAdvancedToken.freezeAccount (/sb/0x42cc228e6533b3b58e7941f957ee5fa1c60e1f5b.sol#223-225) should be declared external
MyAdvancedToken.setPrices (/sb/0x42cc228e6533b3b58e7941f957ee5fa1c60e1f5b.sol#232-234) should be declared external
MyAdvancedToken.buy (/sb/0x42cc228e6533b3b58e7941f957ee5fa1c60e1f5b.sol#237-240) should be declared external
MyAdvancedToken.sell (/sb/0x42cc228e6533b3b58e7941f957ee5fa1c60e1f5b.sol#242-244) should be declared external
Reference: https://github.com/trailofbits/slither/wiki/Detectors-Documentation#public-function-that-could-be-declared-as-external[0m
INFO:Detectors:[92m
Detected issues with version pragma in /sb/0x42cc228e6533b3b58e7941f957ee5fa1c60e1f5b.sol:
	- pragma solidity^0.4.16 (/sb/0x42cc228e6533b3b58e7941f957ee5fa1c60e1f5b.sol#1): it allows old versions
Reference: https://github.com/trailofbits/slither/wiki/Detectors-Documentation#incorrect-version-of-solidity[0m
INFO:Detectors:[92m
Contract 'owned' (/sb/0x42cc228e6533b3b58e7941f957ee5fa1c60e1f5b.sol#3-20) is not in CapWords
Contract 'tokenRecipient' (/sb/0x42cc228e6533b3b58e7941f957ee5fa1c60e1f5b.sol#20-22) is not in CapWords
Function 'TokenSTC.TokenSTC' (/sb/0x42cc228e6533b3b58e7941f957ee5fa1c60e1f5b.sol#46-57) is not in mixedCase
Function 'TokenSTC._transfer' (/sb/0x42cc228e6533b3b58e7941f957ee5fa1c60e1f5b.sol#59-80) is not in mixedCase
Parameter '_from' of TokenSTC._transfer (/sb/0x42cc228e6533b3b58e7941f957ee5fa1c60e1f5b.sol#60) is not in mixedCase
Parameter '_to' of TokenSTC._transfer (/sb/0x42cc228e6533b3b58e7941f957ee5fa1c60e1f5b.sol#60) is not in mixedCase
Parameter '_value' of TokenSTC._transfer (/sb/0x42cc228e6533b3b58e7941f957ee5fa1c60e1f5b.sol#60) is not in mixedCase
Parameter '_to' of TokenSTC.transfer (/sb/0x42cc228e6533b3b58e7941f957ee5fa1c60e1f5b.sol#87-89) is not in mixedCase
Parameter '_value' of TokenSTC.transfer (/sb/0x42cc228e6533b3b58e7941f957ee5fa1c60e1f5b.sol#90) is not in mixedCase
Parameter '_from' of TokenSTC.transferFrom (/sb/0x42cc228e6533b3b58e7941f957ee5fa1c60e1f5b.sol#99) is not in mixedCase
Parameter '_to' of TokenSTC.transferFrom (/sb/0x42cc228e6533b3b58e7941f957ee5fa1c60e1f5b.sol#99) is not in mixedCase
Parameter '_value' of TokenSTC.transferFrom (/sb/0x42cc228e6533b3b58e7941f957ee5fa1c60e1f5b.sol#99) is not in mixedCase
Parameter '_spender' of TokenSTC.approve (/sb/0x42cc228e6533b3b58e7941f957ee5fa1c60e1f5b.sol#115-116) is not in mixedCase
Parameter '_value' of TokenSTC.approve (/sb/0x42cc228e6533b3b58e7941f957ee5fa1c60e1f5b.sol#116) is not in mixedCase
Parameter '_spender' of TokenSTC.approveAndCall (/sb/0x42cc228e6533b3b58e7941f957ee5fa1c60e1f5b.sol#131) is not in mixedCase
Parameter '_value' of TokenSTC.approveAndCall (/sb/0x42cc228e6533b3b58e7941f957ee5fa1c60e1f5b.sol#131-132) is not in mixedCase
Parameter '_extraData' of TokenSTC.approveAndCall (/sb/0x42cc228e6533b3b58e7941f957ee5fa1c60e1f5b.sol#132) is not in mixedCase
Parameter '_value' of TokenSTC.burn (/sb/0x42cc228e6533b3b58e7941f957ee5fa1c60e1f5b.sol#147) is not in mixedCase
Parameter '_from' of TokenSTC.burnFrom (/sb/0x42cc228e6533b3b58e7941f957ee5fa1c60e1f5b.sol#162-163) is not in mixedCase
Parameter '_value' of TokenSTC.burnFrom (/sb/0x42cc228e6533b3b58e7941f957ee5fa1c60e1f5b.sol#163) is not in mixedCase
Function 'MyAdvancedToken._transfer' (/sb/0x42cc228e6533b3b58e7941f957ee5fa1c60e1f5b.sol#196-208) is not in mixedCase
Parameter '_from' of MyAdvancedToken._transfer (/sb/0x42cc228e6533b3b58e7941f957ee5fa1c60e1f5b.sol#196) is not in mixedCase
Parameter '_to' of MyAdvancedToken._transfer (/sb/0x42cc228e6533b3b58e7941f957ee5fa1c60e1f5b.sol#196) is not in mixedCase
Parameter '_value' of MyAdvancedToken._transfer (/sb/0x42cc228e6533b3b58e7941f957ee5fa1c60e1f5b.sol#196) is not in mixedCase
Function 'MyAdvancedToken.MyAdvancedToken' (/sb/0x42cc228e6533b3b58e7941f957ee5fa1c60e1f5b.sol#193-195) is not in mixedCase
Reference: https://github.com/trailofbits/slither/wiki/Detectors-Documentation#conformance-to-solidity-naming-conventions[0m
INFO:Slither:/sb/0x42cc228e6533b3b58e7941f957ee5fa1c60e1f5b.sol analyzed (4 contracts), 40 result(s) found
