INFO:Slither:Compilation warnings/errors on /sb/0xd8c91afa243a3e40b0a3d2d80d81bec4f1e7fe2c.sol:
/sb/0xd8c91afa243a3e40b0a3d2d80d81bec4f1e7fe2c.sol:52:2: Warning: Defining constructors as functions with the same name as the contract is deprecated. Use "constructor(...) { ... }" instead.
	function SafeGiftTokens(uint256 _totalSupply, string _tokenName, string _tokenSymbol) public{
 ^ (Relevant source part starts here and spans across multiple lines).
/sb/0xd8c91afa243a3e40b0a3d2d80d81bec4f1e7fe2c.sol:73:3: Warning: Invoking events without "emit" prefix is deprecated.
		Transfer(msg.sender, _to, _value);
		^-------------------------------^
/sb/0xd8c91afa243a3e40b0a3d2d80d81bec4f1e7fe2c.sol:84:3: Warning: Invoking events without "emit" prefix is deprecated.
		Transfer(_from, _to, _value);
		^--------------------------^
/sb/0xd8c91afa243a3e40b0a3d2d80d81bec4f1e7fe2c.sol:93:3: Warning: Invoking events without "emit" prefix is deprecated.
		Approval(msg.sender, _spender, _value);
		^------------------------------------^
/sb/0xd8c91afa243a3e40b0a3d2d80d81bec4f1e7fe2c.sol:113:4: Warning: Invoking events without "emit" prefix is deprecated.
			Transfer(address(this), _recipients[i], 12);
			^-----------------------------------------^

INFO:Detectors:[93m
SafeGiftTokens.withdrawnTokens (/sb/0xd8c91afa243a3e40b0a3d2d80d81bec4f1e7fe2c.sol#131-145) does not use the value returned by external calls:
	-ERC20Interface(tokenErc20).transfer(_to,balanceErc20) (/sb/0xd8c91afa243a3e40b0a3d2d80d81bec4f1e7fe2c.sol)
Reference: https://github.com/trailofbits/slither/wiki/Detectors-Documentation#unused-return[0m
INFO:Detectors:[92m
SafeGiftTokens.transferFrom.allowance (local variable @ /sb/0xd8c91afa243a3e40b0a3d2d80d81bec4f1e7fe2c.sol#81) shadows:
	- SafeGiftTokens.allowance (function @ /sb/0xd8c91afa243a3e40b0a3d2d80d81bec4f1e7fe2c.sol#100-108)
Reference: https://github.com/trailofbits/slither/wiki/Detectors-Documentation#local-variable-shadowing[0m
INFO:Detectors:[92m
SafeGiftTokens.promo has external calls inside a loop:
	- _recipients[i].transfer(7777777777) (/sb/0xd8c91afa243a3e40b0a3d2d80d81bec4f1e7fe2c.sol#113)
SafeGiftTokens.withdrawnTokens has external calls inside a loop:
	- balanceErc20 = ERC20Interface(tokenErc20).balanceOf(this) (/sb/0xd8c91afa243a3e40b0a3d2d80d81bec4f1e7fe2c.sol#135-143)
SafeGiftTokens.withdrawnTokens has external calls inside a loop:
	- ERC20Interface(tokenErc20).transfer(_to,balanceErc20) (/sb/0xd8c91afa243a3e40b0a3d2d80d81bec4f1e7fe2c.sol)
Reference: https://github.com/trailofbits/slither/wiki/Detectors-Documentation/_edit#calls-inside-a-loop[0m
INFO:Detectors:[92m
SafeGiftTokens.url should be constant (/sb/0xd8c91afa243a3e40b0a3d2d80d81bec4f1e7fe2c.sol#39-41)
Reference: https://github.com/trailofbits/slither/wiki/Detectors-Documentation#state-variables-that-could-be-declared-constant[0m
INFO:Detectors:[92m
ERC20Interface.balanceOf (/sb/0xd8c91afa243a3e40b0a3d2d80d81bec4f1e7fe2c.sol#32-33) should be declared external
ERC20Interface.transfer (/sb/0xd8c91afa243a3e40b0a3d2d80d81bec4f1e7fe2c.sol#33-39) should be declared external
SafeGiftTokens.balanceOf (/sb/0xd8c91afa243a3e40b0a3d2d80d81bec4f1e7fe2c.sol#62-68) should be declared external
SafeGiftTokens.transfer (/sb/0xd8c91afa243a3e40b0a3d2d80d81bec4f1e7fe2c.sol#68-78) should be declared external
SafeGiftTokens.transferFrom (/sb/0xd8c91afa243a3e40b0a3d2d80d81bec4f1e7fe2c.sol#78-91) should be declared external
SafeGiftTokens.approve (/sb/0xd8c91afa243a3e40b0a3d2d80d81bec4f1e7fe2c.sol#91-100) should be declared external
SafeGiftTokens.allowance (/sb/0xd8c91afa243a3e40b0a3d2d80d81bec4f1e7fe2c.sol#100-108) should be declared external
SafeGiftTokens.promo (/sb/0xd8c91afa243a3e40b0a3d2d80d81bec4f1e7fe2c.sol#108-123) should be declared external
SafeGiftTokens.setInfo (/sb/0xd8c91afa243a3e40b0a3d2d80d81bec4f1e7fe2c.sol#124-131) should be declared external
SafeGiftTokens.withdrawnTokens (/sb/0xd8c91afa243a3e40b0a3d2d80d81bec4f1e7fe2c.sol#131-145) should be declared external
SafeGiftTokens.fallback (/sb/0xd8c91afa243a3e40b0a3d2d80d81bec4f1e7fe2c.sol) should be declared external
Reference: https://github.com/trailofbits/slither/wiki/Detectors-Documentation#public-function-that-could-be-declared-as-external[0m
INFO:Detectors:[92m
Detected issues with version pragma in /sb/0xd8c91afa243a3e40b0a3d2d80d81bec4f1e7fe2c.sol:
	- pragma solidity^0.4.18 (/sb/0xd8c91afa243a3e40b0a3d2d80d81bec4f1e7fe2c.sol#30-31): it allows old versions
Reference: https://github.com/trailofbits/slither/wiki/Detectors-Documentation#incorrect-version-of-solidity[0m
INFO:Detectors:[92m
Parameter '' of ERC20Interface.balanceOf (/sb/0xd8c91afa243a3e40b0a3d2d80d81bec4f1e7fe2c.sol#32) is not in mixedCase
Parameter '' of ERC20Interface.transfer (/sb/0xd8c91afa243a3e40b0a3d2d80d81bec4f1e7fe2c.sol#33) is not in mixedCase
Parameter '_scope_0' of ERC20Interface.transfer (/sb/0xd8c91afa243a3e40b0a3d2d80d81bec4f1e7fe2c.sol#34-37) is not in mixedCase
Function 'SafeGiftTokens.SafeGiftTokens' (/sb/0xd8c91afa243a3e40b0a3d2d80d81bec4f1e7fe2c.sol#52-62) is not in mixedCase
Parameter '_totalSupply' of SafeGiftTokens.SafeGiftTokens (/sb/0xd8c91afa243a3e40b0a3d2d80d81bec4f1e7fe2c.sol#52-54) is not in mixedCase
Parameter '_tokenName' of SafeGiftTokens.SafeGiftTokens (/sb/0xd8c91afa243a3e40b0a3d2d80d81bec4f1e7fe2c.sol#54) is not in mixedCase
Parameter '_tokenSymbol' of SafeGiftTokens.SafeGiftTokens (/sb/0xd8c91afa243a3e40b0a3d2d80d81bec4f1e7fe2c.sol#54-55) is not in mixedCase
Parameter '_address' of SafeGiftTokens.balanceOf (/sb/0xd8c91afa243a3e40b0a3d2d80d81bec4f1e7fe2c.sol#64) is not in mixedCase
Parameter '_to' of SafeGiftTokens.transfer (/sb/0xd8c91afa243a3e40b0a3d2d80d81bec4f1e7fe2c.sol#70) is not in mixedCase
Parameter '_value' of SafeGiftTokens.transfer (/sb/0xd8c91afa243a3e40b0a3d2d80d81bec4f1e7fe2c.sol#70) is not in mixedCase
Parameter '_from' of SafeGiftTokens.transferFrom (/sb/0xd8c91afa243a3e40b0a3d2d80d81bec4f1e7fe2c.sol#80) is not in mixedCase
Parameter '_to' of SafeGiftTokens.transferFrom (/sb/0xd8c91afa243a3e40b0a3d2d80d81bec4f1e7fe2c.sol#80) is not in mixedCase
Parameter '_value' of SafeGiftTokens.transferFrom (/sb/0xd8c91afa243a3e40b0a3d2d80d81bec4f1e7fe2c.sol#80-81) is not in mixedCase
Parameter '_spender' of SafeGiftTokens.approve (/sb/0xd8c91afa243a3e40b0a3d2d80d81bec4f1e7fe2c.sol#91) is not in mixedCase
Parameter '_value' of SafeGiftTokens.approve (/sb/0xd8c91afa243a3e40b0a3d2d80d81bec4f1e7fe2c.sol#91-92) is not in mixedCase
Parameter '_owner' of SafeGiftTokens.allowance (/sb/0xd8c91afa243a3e40b0a3d2d80d81bec4f1e7fe2c.sol#100-104) is not in mixedCase
Parameter '_spender' of SafeGiftTokens.allowance (/sb/0xd8c91afa243a3e40b0a3d2d80d81bec4f1e7fe2c.sol#104) is not in mixedCase
Parameter '_recipients' of SafeGiftTokens.promo (/sb/0xd8c91afa243a3e40b0a3d2d80d81bec4f1e7fe2c.sol#108-110) is not in mixedCase
Parameter '_name' of SafeGiftTokens.setInfo (/sb/0xd8c91afa243a3e40b0a3d2d80d81bec4f1e7fe2c.sol#127) is not in mixedCase
Parameter '_tokens' of SafeGiftTokens.withdrawnTokens (/sb/0xd8c91afa243a3e40b0a3d2d80d81bec4f1e7fe2c.sol#131-133) is not in mixedCase
Parameter '_to' of SafeGiftTokens.withdrawnTokens (/sb/0xd8c91afa243a3e40b0a3d2d80d81bec4f1e7fe2c.sol#133) is not in mixedCase
Reference: https://github.com/trailofbits/slither/wiki/Detectors-Documentation#conformance-to-solidity-naming-conventions[0m
INFO:Slither:/sb/0xd8c91afa243a3e40b0a3d2d80d81bec4f1e7fe2c.sol analyzed (2 contracts), 39 result(s) found
