INFO:Detectors:[92m
ERC20Detailed.constructor.name (local variable @ /sb/0x76233a4fb103671b0d9920f1b837eb5f7f449058.sol#564) shadows:
	- ERC20Detailed.name (function @ /sb/0x76233a4fb103671b0d9920f1b837eb5f7f449058.sol#577-579)
ERC20Detailed.constructor.symbol (local variable @ /sb/0x76233a4fb103671b0d9920f1b837eb5f7f449058.sol#564-565) shadows:
	- ERC20Detailed.symbol (function @ /sb/0x76233a4fb103671b0d9920f1b837eb5f7f449058.sol#580-583)
ERC20Detailed.constructor.decimals (local variable @ /sb/0x76233a4fb103671b0d9920f1b837eb5f7f449058.sol#565-568) shadows:
	- ERC20Detailed.decimals (function @ /sb/0x76233a4fb103671b0d9920f1b837eb5f7f449058.sol)
Reference: https://github.com/trailofbits/slither/wiki/Detectors-Documentation#local-variable-shadowing[0m
INFO:Detectors:[92m
Ownable.owner (/sb/0x76233a4fb103671b0d9920f1b837eb5f7f449058.sol#25-30) should be declared external
Ownable.renounceOwnership (/sb/0x76233a4fb103671b0d9920f1b837eb5f7f449058.sol#51-56) should be declared external
Ownable.transferOwnership (/sb/0x76233a4fb103671b0d9920f1b837eb5f7f449058.sol#59-64) should be declared external
ERC20.transfer (/sb/0x76233a4fb103671b0d9920f1b837eb5f7f449058.sol#232-234) should be declared external
IERC20.transfer (/sb/0x76233a4fb103671b0d9920f1b837eb5f7f449058.sol#85-87) should be declared external
ERC20.approve (/sb/0x76233a4fb103671b0d9920f1b837eb5f7f449058.sol#247-252) should be declared external
IERC20.approve (/sb/0x76233a4fb103671b0d9920f1b837eb5f7f449058.sol#87) should be declared external
ERC20.transferFrom (/sb/0x76233a4fb103671b0d9920f1b837eb5f7f449058.sol#259-267) should be declared external
IERC20.transferFrom (/sb/0x76233a4fb103671b0d9920f1b837eb5f7f449058.sol#87-91) should be declared external
IERC20.totalSupply (/sb/0x76233a4fb103671b0d9920f1b837eb5f7f449058.sol#91-93) should be declared external
ERC20.totalSupply (/sb/0x76233a4fb103671b0d9920f1b837eb5f7f449058.sol#204-206) should be declared external
IERC20.balanceOf (/sb/0x76233a4fb103671b0d9920f1b837eb5f7f449058.sol#93-94) should be declared external
ERC20.balanceOf (/sb/0x76233a4fb103671b0d9920f1b837eb5f7f449058.sol#213-214) should be declared external
IERC20.allowance (/sb/0x76233a4fb103671b0d9920f1b837eb5f7f449058.sol#95-97) should be declared external
ERC20.allowance (/sb/0x76233a4fb103671b0d9920f1b837eb5f7f449058.sol#223-226) should be declared external
ERC20.increaseAllowance (/sb/0x76233a4fb103671b0d9920f1b837eb5f7f449058.sol#277-285) should be declared external
ERC20.decreaseAllowance (/sb/0x76233a4fb103671b0d9920f1b837eb5f7f449058.sol#295-306) should be declared external
ERC20Burnable.burn (/sb/0x76233a4fb103671b0d9920f1b837eb5f7f449058.sol#380-385) should be declared external
ERC20Burnable.burnFrom (/sb/0x76233a4fb103671b0d9920f1b837eb5f7f449058.sol#399-401) should be declared external
MinterRole.addMinter (/sb/0x76233a4fb103671b0d9920f1b837eb5f7f449058.sol#473-480) should be declared external
MinterRole.renounceMinter (/sb/0x76233a4fb103671b0d9920f1b837eb5f7f449058.sol#480-483) should be declared external
ERC20Mintable.mint (/sb/0x76233a4fb103671b0d9920f1b837eb5f7f449058.sol#508-512) should be declared external
ERC20Frozenable.frozenAccount (/sb/0x76233a4fb103671b0d9920f1b837eb5f7f449058.sol#519-525) should be declared external
ERC20Frozenable.freezeAccount (/sb/0x76233a4fb103671b0d9920f1b837eb5f7f449058.sol#525-534) should be declared external
ERC20Detailed.name (/sb/0x76233a4fb103671b0d9920f1b837eb5f7f449058.sol#577-579) should be declared external
ERC20Detailed.symbol (/sb/0x76233a4fb103671b0d9920f1b837eb5f7f449058.sol#580-583) should be declared external
Reference: https://github.com/trailofbits/slither/wiki/Detectors-Documentation#public-function-that-could-be-declared-as-external[0m
INFO:Detectors:[92m
Detected issues with version pragma in /sb/0x76233a4fb103671b0d9920f1b837eb5f7f449058.sol:
	- pragma solidity^0.5.0 (/sb/0x76233a4fb103671b0d9920f1b837eb5f7f449058.sol#1): it allows old versions
	- pragma solidity^0.5.0 (/sb/0x76233a4fb103671b0d9920f1b837eb5f7f449058.sol#80): it allows old versions
	- pragma solidity^0.5.0 (/sb/0x76233a4fb103671b0d9920f1b837eb5f7f449058.sol#106-107): it allows old versions
	- pragma solidity^0.5.0 (/sb/0x76233a4fb103671b0d9920f1b837eb5f7f449058.sol#178-179): it allows old versions
	- pragma solidity^0.5.0 (/sb/0x76233a4fb103671b0d9920f1b837eb5f7f449058.sol#375-376): it allows old versions
	- pragma solidity^0.5.0 (/sb/0x76233a4fb103671b0d9920f1b837eb5f7f449058.sol#403-405): it allows old versions
	- pragma solidity^0.5.0 (/sb/0x76233a4fb103671b0d9920f1b837eb5f7f449058.sol#450-451): it allows old versions
	- pragma solidity^0.5.0 (/sb/0x76233a4fb103671b0d9920f1b837eb5f7f449058.sol#491-492): it allows old versions
	- pragma solidity^0.5.0 (/sb/0x76233a4fb103671b0d9920f1b837eb5f7f449058.sol#512-513): it allows old versions
	- pragma solidity^0.5.0 (/sb/0x76233a4fb103671b0d9920f1b837eb5f7f449058.sol#544-547): it allows old versions
	- pragma solidity^0.5.0 (/sb/0x76233a4fb103671b0d9920f1b837eb5f7f449058.sol): it allows old versions
Reference: https://github.com/trailofbits/slither/wiki/Detectors-Documentation#incorrect-version-of-solidity[0m
INFO:Detectors:[92m
Function 'Ownable._transferOwnership' (/sb/0x76233a4fb103671b0d9920f1b837eb5f7f449058.sol#68-74) is not in mixedCase
Function 'ERC20._transfer' (/sb/0x76233a4fb103671b0d9920f1b837eb5f7f449058.sol#314-318) is not in mixedCase
Function 'ERC20._mint' (/sb/0x76233a4fb103671b0d9920f1b837eb5f7f449058.sol#329-337) is not in mixedCase
Function 'ERC20._burn' (/sb/0x76233a4fb103671b0d9920f1b837eb5f7f449058.sol#343-348) is not in mixedCase
Function 'ERC20._burnFrom' (/sb/0x76233a4fb103671b0d9920f1b837eb5f7f449058.sol#359-371) is not in mixedCase
Function 'MinterRole._addMinter' (/sb/0x76233a4fb103671b0d9920f1b837eb5f7f449058.sol#484-487) is not in mixedCase
Function 'MinterRole._removeMinter' (/sb/0x76233a4fb103671b0d9920f1b837eb5f7f449058.sol#487-490) is not in mixedCase
Function 'ERC20Frozenable._transfer' (/sb/0x76233a4fb103671b0d9920f1b837eb5f7f449058.sol#534-541) is not in mixedCase
Parameter '_address' of ERC20Frozenable.frozenAccount (/sb/0x76233a4fb103671b0d9920f1b837eb5f7f449058.sol#519) is not in mixedCase
Reference: https://github.com/trailofbits/slither/wiki/Detectors-Documentation#conformance-to-solidity-naming-conventions[0m
INFO:Slither:/sb/0x76233a4fb103671b0d9920f1b837eb5f7f449058.sol analyzed (11 contracts), 39 result(s) found
