INFO:Slither:Compilation warnings/errors on /sb/0x0f3710eed1ec9bb60e9d019ee1c99517e1a92900.sol:
/sb/0x0f3710eed1ec9bb60e9d019ee1c99517e1a92900.sol:19:5: Warning: Defining constructors as functions with the same name as the contract is deprecated. Use "constructor(...) { ... }" instead.
    function EthereumPlus() {
    ^ (Relevant source part starts here and spans across multiple lines).
/sb/0x0f3710eed1ec9bb60e9d019ee1c99517e1a92900.sol:33:45: Warning: "throw" is deprecated in favour of "revert()", "require()" and "assert()".
        if (balanceOf[msg.sender] < _value) throw;           // Check if the sender has enough
                                            ^---^
/sb/0x0f3710eed1ec9bb60e9d019ee1c99517e1a92900.sol:34:55: Warning: "throw" is deprecated in favour of "revert()", "require()" and "assert()".
        if (balanceOf[_to] + _value < balanceOf[_to]) throw; // Check for overflows
                                                      ^---^
/sb/0x0f3710eed1ec9bb60e9d019ee1c99517e1a92900.sol:48:9: Warning: "throw" is deprecated in favour of "revert()", "require()" and "assert()".
        throw;     // Prevents accidental sending of ether
        ^---^
/sb/0x0f3710eed1ec9bb60e9d019ee1c99517e1a92900.sol:19:5: Warning: No visibility specified. Defaulting to "public". 
    function EthereumPlus() {
    ^ (Relevant source part starts here and spans across multiple lines).
/sb/0x0f3710eed1ec9bb60e9d019ee1c99517e1a92900.sol:32:5: Warning: No visibility specified. Defaulting to "public". 
    function transfer(address _to, uint256 _value) {
    ^ (Relevant source part starts here and spans across multiple lines).
/sb/0x0f3710eed1ec9bb60e9d019ee1c99517e1a92900.sol:47:5: Warning: No visibility specified. Defaulting to "public". 
    function () {
    ^ (Relevant source part starts here and spans across multiple lines).

INFO:Detectors:[93m
EthereumPlus (/sb/0x0f3710eed1ec9bb60e9d019ee1c99517e1a92900.sol#4-50) has incorrect ERC20 function interface(s):
	-transfer (/sb/0x0f3710eed1ec9bb60e9d019ee1c99517e1a92900.sol#32-46)
Reference: https://github.com/trailofbits/slither/wiki/Detectors-Documentation#incorrect-erc20-interface[0m
INFO:Detectors:[92m
EthereumPlus.standard should be constant (/sb/0x0f3710eed1ec9bb60e9d019ee1c99517e1a92900.sol#6-7)
Reference: https://github.com/trailofbits/slither/wiki/Detectors-Documentation#state-variables-that-could-be-declared-constant[0m
INFO:Detectors:[92m
Deprecated standard detected @ /sb/0x0f3710eed1ec9bb60e9d019ee1c99517e1a92900.sol#33:
	- Usage of "throw" should be replaced with "revert()"
Deprecated standard detected @ /sb/0x0f3710eed1ec9bb60e9d019ee1c99517e1a92900.sol#35:
	- Usage of "throw" should be replaced with "revert()"
Deprecated standard detected @ /sb/0x0f3710eed1ec9bb60e9d019ee1c99517e1a92900.sol#48-49:
	- Usage of "throw" should be replaced with "revert()"
Reference: https://github.com/trailofbits/slither/wiki/Detectors-Documentation#deprecated-standards[0m
INFO:Detectors:[92m
EthereumPlus.transfer (/sb/0x0f3710eed1ec9bb60e9d019ee1c99517e1a92900.sol#32-46) should be declared external
EthereumPlus.fallback (/sb/0x0f3710eed1ec9bb60e9d019ee1c99517e1a92900.sol#48-50) should be declared external
Reference: https://github.com/trailofbits/slither/wiki/Detectors-Documentation#public-function-that-could-be-declared-as-external[0m
INFO:Detectors:[92m
Detected issues with version pragma in /sb/0x0f3710eed1ec9bb60e9d019ee1c99517e1a92900.sol:
	- pragma solidity^0.4.2 (/sb/0x0f3710eed1ec9bb60e9d019ee1c99517e1a92900.sol#1): it allows old versions
Reference: https://github.com/trailofbits/slither/wiki/Detectors-Documentation#incorrect-version-of-solidity[0m
INFO:Detectors:[92m
Function 'EthereumPlus.EthereumPlus' (/sb/0x0f3710eed1ec9bb60e9d019ee1c99517e1a92900.sol#19-32) is not in mixedCase
Parameter '_to' of EthereumPlus.transfer (/sb/0x0f3710eed1ec9bb60e9d019ee1c99517e1a92900.sol#33) is not in mixedCase
Parameter '_value' of EthereumPlus.transfer (/sb/0x0f3710eed1ec9bb60e9d019ee1c99517e1a92900.sol#33) is not in mixedCase
Reference: https://github.com/trailofbits/slither/wiki/Detectors-Documentation#conformance-to-solidity-naming-conventions[0m
INFO:Slither:/sb/0x0f3710eed1ec9bb60e9d019ee1c99517e1a92900.sol analyzed (1 contracts), 11 result(s) found
