INFO:Slither:Compilation warnings/errors on /sb/0x0cb781ee62f815bdd9cd4c2210ae8600d43e7040.sol:
/sb/0x0cb781ee62f815bdd9cd4c2210ae8600d43e7040.sol:95:35: Warning: The "returndatasize" instruction is only available after the Metropolis hard fork. Before that it acts as an invalid instruction.
            mstore(0x40, add(ptr, returndatasize))
                                  ^------------^
/sb/0x0cb781ee62f815bdd9cd4c2210ae8600d43e7040.sol:102:36: Warning: The "returndatasize" instruction is only available after the Metropolis hard fork. Before that it acts as an invalid instruction.
            returndatacopy(ptr, 0, returndatasize)
                                   ^------------^
/sb/0x0cb781ee62f815bdd9cd4c2210ae8600d43e7040.sol:102:13: Warning: The "returndatacopy" instruction is only available after the Metropolis hard fork. Before that it acts as an invalid instruction.
            returndatacopy(ptr, 0, returndatasize)
            ^------------^
/sb/0x0cb781ee62f815bdd9cd4c2210ae8600d43e7040.sol:110:34: Warning: The "returndatasize" instruction is only available after the Metropolis hard fork. Before that it acts as an invalid instruction.
            case 0 { revert(ptr, returndatasize) }
                                 ^------------^
/sb/0x0cb781ee62f815bdd9cd4c2210ae8600d43e7040.sol:111:35: Warning: The "returndatasize" instruction is only available after the Metropolis hard fork. Before that it acts as an invalid instruction.
            default { return(ptr, returndatasize) }
                                  ^------------^

INFO:Detectors:[92m
UpgradeabilityProxy._upgradeTo.version (local variable @ /sb/0x0cb781ee62f815bdd9cd4c2210ae8600d43e7040.sol#177) shadows:
	- UpgradeabilityStorage.version (function @ /sb/0x0cb781ee62f815bdd9cd4c2210ae8600d43e7040.sol#141-144)
UpgradeabilityProxy._upgradeTo.implementation (local variable @ /sb/0x0cb781ee62f815bdd9cd4c2210ae8600d43e7040.sol#177-178) shadows:
	- UpgradeabilityStorage.implementation (function @ /sb/0x0cb781ee62f815bdd9cd4c2210ae8600d43e7040.sol#149-158)
	- Proxy.implementation (function @ /sb/0x0cb781ee62f815bdd9cd4c2210ae8600d43e7040.sol#36-39)
OwnedUpgradeabilityProxy.upgradeTo.version (local variable @ /sb/0x0cb781ee62f815bdd9cd4c2210ae8600d43e7040.sol#274) shadows:
	- UpgradeabilityStorage.version (function @ /sb/0x0cb781ee62f815bdd9cd4c2210ae8600d43e7040.sol#141-144)
OwnedUpgradeabilityProxy.upgradeTo.implementation (local variable @ /sb/0x0cb781ee62f815bdd9cd4c2210ae8600d43e7040.sol#274) shadows:
	- UpgradeabilityStorage.implementation (function @ /sb/0x0cb781ee62f815bdd9cd4c2210ae8600d43e7040.sol#149-158)
	- Proxy.implementation (function @ /sb/0x0cb781ee62f815bdd9cd4c2210ae8600d43e7040.sol#36-39)
OwnedUpgradeabilityProxy.upgradeToAndCall.version (local variable @ /sb/0x0cb781ee62f815bdd9cd4c2210ae8600d43e7040.sol#288-294) shadows:
	- UpgradeabilityStorage.version (function @ /sb/0x0cb781ee62f815bdd9cd4c2210ae8600d43e7040.sol#141-144)
OwnedUpgradeabilityProxy.upgradeToAndCall.implementation (local variable @ /sb/0x0cb781ee62f815bdd9cd4c2210ae8600d43e7040.sol#294) shadows:
	- UpgradeabilityStorage.implementation (function @ /sb/0x0cb781ee62f815bdd9cd4c2210ae8600d43e7040.sol#149-158)
	- Proxy.implementation (function @ /sb/0x0cb781ee62f815bdd9cd4c2210ae8600d43e7040.sol#36-39)
Reference: https://github.com/trailofbits/slither/wiki/Detectors-Documentation#local-variable-shadowing[0m
INFO:Detectors:[92m
Proxy.fallback uses assembly (/sb/0x0cb781ee62f815bdd9cd4c2210ae8600d43e7040.sol#43-122)
	- /sb/0x0cb781ee62f815bdd9cd4c2210ae8600d43e7040.sol#47-122
Reference: https://github.com/trailofbits/slither/wiki/Detectors-Documentation#assembly-usage[0m
INFO:Detectors:[92m
Proxy.fallback (/sb/0x0cb781ee62f815bdd9cd4c2210ae8600d43e7040.sol#43-122) should be declared external
UpgradeabilityStorage.version (/sb/0x0cb781ee62f815bdd9cd4c2210ae8600d43e7040.sol#141-144) should be declared external
OwnedUpgradeabilityProxy.transferProxyOwnership (/sb/0x0cb781ee62f815bdd9cd4c2210ae8600d43e7040.sol#264-266) should be declared external
OwnedUpgradeabilityProxy.upgradeToAndCall (/sb/0x0cb781ee62f815bdd9cd4c2210ae8600d43e7040.sol#286-296) should be declared external
Reference: https://github.com/trailofbits/slither/wiki/Detectors-Documentation#public-function-that-could-be-declared-as-external[0m
INFO:Detectors:[92m
Detected issues with version pragma in /sb/0x0cb781ee62f815bdd9cd4c2210ae8600d43e7040.sol:
	- pragma solidity0.4.19 (/sb/0x0cb781ee62f815bdd9cd4c2210ae8600d43e7040.sol#3-5): it allows old versions
	- pragma solidity0.4.19 (/sb/0x0cb781ee62f815bdd9cd4c2210ae8600d43e7040.sol#23-27): it allows old versions
	- pragma solidity0.4.19 (/sb/0x0cb781ee62f815bdd9cd4c2210ae8600d43e7040.sol#123): it allows old versions
	- pragma solidity0.4.19 (/sb/0x0cb781ee62f815bdd9cd4c2210ae8600d43e7040.sol#158): it allows old versions
	- pragma solidity0.4.19 (/sb/0x0cb781ee62f815bdd9cd4c2210ae8600d43e7040.sol#192-193): it allows old versions
	- pragma solidity0.4.19 (/sb/0x0cb781ee62f815bdd9cd4c2210ae8600d43e7040.sol#222): it allows old versions
	- pragma solidity0.4.19 (/sb/0x0cb781ee62f815bdd9cd4c2210ae8600d43e7040.sol#296-297): it allows old versions
Reference: https://github.com/trailofbits/slither/wiki/Detectors-Documentation#incorrect-version-of-solidity[0m
INFO:Detectors:[92m
Low level call in OwnedUpgradeabilityProxy.upgradeToAndCall (/sb/0x0cb781ee62f815bdd9cd4c2210ae8600d43e7040.sol#286-296):
	-require(bool)(address(this).call.value(msg.value)(data)) /sb/0x0cb781ee62f815bdd9cd4c2210ae8600d43e7040.sol#295-296
Reference: https://github.com/trailofbits/slither/wiki/Detectors-Documentation#low-level-calls[0m
INFO:Detectors:[92m
Variable 'UpgradeabilityStorage._version' (/sb/0x0cb781ee62f815bdd9cd4c2210ae8600d43e7040.sol#133) is not in mixedCase
Variable 'UpgradeabilityStorage._implementation' (/sb/0x0cb781ee62f815bdd9cd4c2210ae8600d43e7040.sol#134) is not in mixedCase
Function 'UpgradeabilityProxy._upgradeTo' (/sb/0x0cb781ee62f815bdd9cd4c2210ae8600d43e7040.sol#176-189) is not in mixedCase
Function 'OwnedUpgradeabilityProxy.OwnedUpgradeabilityProxy' (/sb/0x0cb781ee62f815bdd9cd4c2210ae8600d43e7040.sol#241-247) is not in mixedCase
Reference: https://github.com/trailofbits/slither/wiki/Detectors-Documentation#conformance-to-solidity-naming-conventions[0m
INFO:Detectors:[92m
EternalStorage.uintStorage (/sb/0x0cb781ee62f815bdd9cd4c2210ae8600d43e7040.sol#12-13) is never used in EternalStorageProxy
EternalStorage.stringStorage (/sb/0x0cb781ee62f815bdd9cd4c2210ae8600d43e7040.sol#13-14) is never used in EternalStorageProxy
EternalStorage.addressStorage (/sb/0x0cb781ee62f815bdd9cd4c2210ae8600d43e7040.sol#14-15) is never used in EternalStorageProxy
EternalStorage.bytesStorage (/sb/0x0cb781ee62f815bdd9cd4c2210ae8600d43e7040.sol#15-16) is never used in EternalStorageProxy
EternalStorage.boolStorage (/sb/0x0cb781ee62f815bdd9cd4c2210ae8600d43e7040.sol#16-17) is never used in EternalStorageProxy
EternalStorage.intStorage (/sb/0x0cb781ee62f815bdd9cd4c2210ae8600d43e7040.sol#17-21) is never used in EternalStorageProxy
Reference: https://github.com/trailofbits/slither/wiki/Detectors-Documentation#unused-state-variables[0m
INFO:Slither:/sb/0x0cb781ee62f815bdd9cd4c2210ae8600d43e7040.sol analyzed (7 contracts), 18 result(s) found
