INFO:Detectors:[92m
MultiSigWallet.external_call uses assembly (/sb/0xd8caa142e1f0ddf4086d43dd07e05eecef2a90b1.sol#497-529)
	- /sb/0xd8caa142e1f0ddf4086d43dd07e05eecef2a90b1.sol#499-528
Reference: https://github.com/trailofbits/slither/wiki/Detectors-Documentation#assembly-usage[0m
INFO:Detectors:[92m
NomadPreICO.EndDate should be constant (/sb/0xd8caa142e1f0ddf4086d43dd07e05eecef2a90b1.sol#665-668)
NomadPreICO.StartDate should be constant (/sb/0xd8caa142e1f0ddf4086d43dd07e05eecef2a90b1.sol#665)
Reference: https://github.com/trailofbits/slither/wiki/Detectors-Documentation#state-variables-that-could-be-declared-constant[0m
INFO:Detectors:[92m
ERC20Basic.totalSupply (/sb/0xd8caa142e1f0ddf4086d43dd07e05eecef2a90b1.sol#9-10) should be declared external
BasicToken.totalSupply (/sb/0xd8caa142e1f0ddf4086d43dd07e05eecef2a90b1.sol#76-81) should be declared external
ERC20Basic.balanceOf (/sb/0xd8caa142e1f0ddf4086d43dd07e05eecef2a90b1.sol#10-11) should be declared external
BasicToken.balanceOf (/sb/0xd8caa142e1f0ddf4086d43dd07e05eecef2a90b1.sol#101-109) should be declared external
ERC20Basic.transfer (/sb/0xd8caa142e1f0ddf4086d43dd07e05eecef2a90b1.sol#11-12) should be declared external
BasicToken.transfer (/sb/0xd8caa142e1f0ddf4086d43dd07e05eecef2a90b1.sol#85-96) should be declared external
ERC20.allowance (/sb/0xd8caa142e1f0ddf4086d43dd07e05eecef2a90b1.sol#111-112) should be declared external
StandardToken.allowance (/sb/0xd8caa142e1f0ddf4086d43dd07e05eecef2a90b1.sol#173-176) should be declared external
StandardToken.transferFrom (/sb/0xd8caa142e1f0ddf4086d43dd07e05eecef2a90b1.sol#136-149) should be declared external
ERC20.transferFrom (/sb/0xd8caa142e1f0ddf4086d43dd07e05eecef2a90b1.sol#112-113) should be declared external
ERC20.approve (/sb/0xd8caa142e1f0ddf4086d43dd07e05eecef2a90b1.sol#113-117) should be declared external
StandardToken.approve (/sb/0xd8caa142e1f0ddf4086d43dd07e05eecef2a90b1.sol#158-165) should be declared external
StandardToken.increaseApproval (/sb/0xd8caa142e1f0ddf4086d43dd07e05eecef2a90b1.sol#184-192) should be declared external
StandardToken.decreaseApproval (/sb/0xd8caa142e1f0ddf4086d43dd07e05eecef2a90b1.sol#201-218) should be declared external
Ownable.transferOwnership (/sb/0xd8caa142e1f0ddf4086d43dd07e05eecef2a90b1.sol#263-270) should be declared external
MultiSigWallet.fallback (/sb/0xd8caa142e1f0ddf4086d43dd07e05eecef2a90b1.sol#367-369) should be declared external
NomadPreICO.fallback (/sb/0xd8caa142e1f0ddf4086d43dd07e05eecef2a90b1.sol#708-725) should be declared external
MultiSigWallet.addOwner (/sb/0xd8caa142e1f0ddf4086d43dd07e05eecef2a90b1.sol#382-391) should be declared external
MultiSigWallet.removeOwner (/sb/0xd8caa142e1f0ddf4086d43dd07e05eecef2a90b1.sol#396-409) should be declared external
MultiSigWallet.replaceOwner (/sb/0xd8caa142e1f0ddf4086d43dd07e05eecef2a90b1.sol#416-431) should be declared external
MultiSigWallet.submitTransaction (/sb/0xd8caa142e1f0ddf4086d43dd07e05eecef2a90b1.sol#448-454) should be declared external
MultiSigWallet.revokeConfirmation (/sb/0xd8caa142e1f0ddf4086d43dd07e05eecef2a90b1.sol#472-480) should be declared external
MultiSigWallet.getConfirmationCount (/sb/0xd8caa142e1f0ddf4086d43dd07e05eecef2a90b1.sol#572-581) should be declared external
MultiSigWallet.getTransactionCount (/sb/0xd8caa142e1f0ddf4086d43dd07e05eecef2a90b1.sol#593-602) should be declared external
MultiSigWallet.getOwners (/sb/0xd8caa142e1f0ddf4086d43dd07e05eecef2a90b1.sol#605-607) should be declared external
MultiSigWallet.getConfirmations (/sb/0xd8caa142e1f0ddf4086d43dd07e05eecef2a90b1.sol#614-627) should be declared external
MultiSigWallet.getTransactionIds (/sb/0xd8caa142e1f0ddf4086d43dd07e05eecef2a90b1.sol#637-656) should be declared external
NomadPreICO.setExchangeRate (/sb/0xd8caa142e1f0ddf4086d43dd07e05eecef2a90b1.sol#684-692) should be declared external
NomadPreICO.getSenders (/sb/0xd8caa142e1f0ddf4086d43dd07e05eecef2a90b1.sol#693-696) should be declared external
NomadPreICO.getSendersCalcTokens (/sb/0xd8caa142e1f0ddf4086d43dd07e05eecef2a90b1.sol#696-701) should be declared external
NomadPreICO.getSendersEth (/sb/0xd8caa142e1f0ddf4086d43dd07e05eecef2a90b1.sol#701-707) should be declared external
NomadPreICO.setMvpExists (/sb/0xd8caa142e1f0ddf4086d43dd07e05eecef2a90b1.sol#728-731) should be declared external
NomadPreICO.checkSoftCapOk (/sb/0xd8caa142e1f0ddf4086d43dd07e05eecef2a90b1.sol#731-735) should be declared external
NomadPreICO.setWithdrawalAddress (/sb/0xd8caa142e1f0ddf4086d43dd07e05eecef2a90b1.sol#736-743) should be declared external
NomadPreICO.release (/sb/0xd8caa142e1f0ddf4086d43dd07e05eecef2a90b1.sol#743-745) should be declared external
NomadPreICO.returnEth (/sb/0xd8caa142e1f0ddf4086d43dd07e05eecef2a90b1.sol#770-775) should be declared external
Reference: https://github.com/trailofbits/slither/wiki/Detectors-Documentation#public-function-that-could-be-declared-as-external[0m
INFO:Detectors:[92m
Detected issues with version pragma in /sb/0xd8caa142e1f0ddf4086d43dd07e05eecef2a90b1.sol:
	- pragma solidity^0.4.23 (/sb/0xd8caa142e1f0ddf4086d43dd07e05eecef2a90b1.sol#1): it allows old versions
Reference: https://github.com/trailofbits/slither/wiki/Detectors-Documentation#incorrect-version-of-solidity[0m
INFO:Detectors:[92m
Parameter '_owner' of BasicToken.balanceOf (/sb/0xd8caa142e1f0ddf4086d43dd07e05eecef2a90b1.sol#106) is not in mixedCase
Parameter '_to' of BasicToken.transfer (/sb/0xd8caa142e1f0ddf4086d43dd07e05eecef2a90b1.sol#85-86) is not in mixedCase
Parameter '_value' of BasicToken.transfer (/sb/0xd8caa142e1f0ddf4086d43dd07e05eecef2a90b1.sol#86) is not in mixedCase
Parameter '_owner' of StandardToken.allowance (/sb/0xd8caa142e1f0ddf4086d43dd07e05eecef2a90b1.sol#173) is not in mixedCase
Parameter '_spender' of StandardToken.allowance (/sb/0xd8caa142e1f0ddf4086d43dd07e05eecef2a90b1.sol#173-175) is not in mixedCase
Parameter '_from' of StandardToken.transferFrom (/sb/0xd8caa142e1f0ddf4086d43dd07e05eecef2a90b1.sol#136-137) is not in mixedCase
Parameter '_to' of StandardToken.transferFrom (/sb/0xd8caa142e1f0ddf4086d43dd07e05eecef2a90b1.sol#137) is not in mixedCase
Parameter '_value' of StandardToken.transferFrom (/sb/0xd8caa142e1f0ddf4086d43dd07e05eecef2a90b1.sol#137) is not in mixedCase
Parameter '_spender' of StandardToken.approve (/sb/0xd8caa142e1f0ddf4086d43dd07e05eecef2a90b1.sol#159-160) is not in mixedCase
Parameter '_value' of StandardToken.approve (/sb/0xd8caa142e1f0ddf4086d43dd07e05eecef2a90b1.sol#162-163) is not in mixedCase
Parameter '_spender' of StandardToken.increaseApproval (/sb/0xd8caa142e1f0ddf4086d43dd07e05eecef2a90b1.sol#184) is not in mixedCase
Parameter '_addedValue' of StandardToken.increaseApproval (/sb/0xd8caa142e1f0ddf4086d43dd07e05eecef2a90b1.sol#184) is not in mixedCase
Parameter '_spender' of StandardToken.decreaseApproval (/sb/0xd8caa142e1f0ddf4086d43dd07e05eecef2a90b1.sol#202-203) is not in mixedCase
Parameter '_subtractedValue' of StandardToken.decreaseApproval (/sb/0xd8caa142e1f0ddf4086d43dd07e05eecef2a90b1.sol#203) is not in mixedCase
Parameter '_name' of DetailedERC20. (/sb/0xd8caa142e1f0ddf4086d43dd07e05eecef2a90b1.sol#225) is not in mixedCase
Parameter '_symbol' of DetailedERC20. (/sb/0xd8caa142e1f0ddf4086d43dd07e05eecef2a90b1.sol#225-226) is not in mixedCase
Parameter '_decimals' of DetailedERC20. (/sb/0xd8caa142e1f0ddf4086d43dd07e05eecef2a90b1.sol#226) is not in mixedCase
Parameter '_required' of MultiSigWallet.changeRequirement (/sb/0xd8caa142e1f0ddf4086d43dd07e05eecef2a90b1.sol#435) is not in mixedCase
Function 'MultiSigWallet.external_call' (/sb/0xd8caa142e1f0ddf4086d43dd07e05eecef2a90b1.sol#497-529) is not in mixedCase
Parameter '_sender' of NomadPreICO.getSendersCalcTokens (/sb/0xd8caa142e1f0ddf4086d43dd07e05eecef2a90b1.sol#697-698) is not in mixedCase
Parameter '_sender' of NomadPreICO.getSendersEth (/sb/0xd8caa142e1f0ddf4086d43dd07e05eecef2a90b1.sol#703) is not in mixedCase
Parameter '_mvpExists' of NomadPreICO.setMvpExists (/sb/0xd8caa142e1f0ddf4086d43dd07e05eecef2a90b1.sol#728-729) is not in mixedCase
Parameter '_withdrawalAddress' of NomadPreICO.setWithdrawalAddress (/sb/0xd8caa142e1f0ddf4086d43dd07e05eecef2a90b1.sol#737-738) is not in mixedCase
Parameter '_to' of NomadPreICO.mint (/sb/0xd8caa142e1f0ddf4086d43dd07e05eecef2a90b1.sol#766-767) is not in mixedCase
Parameter '_amount' of NomadPreICO.mint (/sb/0xd8caa142e1f0ddf4086d43dd07e05eecef2a90b1.sol#767) is not in mixedCase
Function 'NomadPreICO.GetTokenPriceCents' (/sb/0xd8caa142e1f0ddf4086d43dd07e05eecef2a90b1.sol#784-786) is not in mixedCase
Function 'NomadPreICO.Eth2USD' (/sb/0xd8caa142e1f0ddf4086d43dd07e05eecef2a90b1.sol) is not in mixedCase
Parameter '_wei' of NomadPreICO.Eth2USD (/sb/0xd8caa142e1f0ddf4086d43dd07e05eecef2a90b1.sol) is not in mixedCase
Function 'NomadPreICO.Eth2preNSP' (/sb/0xd8caa142e1f0ddf4086d43dd07e05eecef2a90b1.sol) is not in mixedCase
Parameter '_wei' of NomadPreICO.Eth2preNSP (/sb/0xd8caa142e1f0ddf4086d43dd07e05eecef2a90b1.sol) is not in mixedCase
Variable 'NomadPreICO.StartDate' (/sb/0xd8caa142e1f0ddf4086d43dd07e05eecef2a90b1.sol#665) is not in mixedCase
Variable 'NomadPreICO.EndDate' (/sb/0xd8caa142e1f0ddf4086d43dd07e05eecef2a90b1.sol#665-668) is not in mixedCase
Variable 'NomadPreICO.ExchangeRate' (/sb/0xd8caa142e1f0ddf4086d43dd07e05eecef2a90b1.sol#670-672) is not in mixedCase
Reference: https://github.com/trailofbits/slither/wiki/Detectors-Documentation#conformance-to-solidity-naming-conventions[0m
INFO:Slither:/sb/0xd8caa142e1f0ddf4086d43dd07e05eecef2a90b1.sol analyzed (9 contracts), 72 result(s) found
