INFO:Detectors:[91m
BasicToken.totalSupply_ (/sb/0x113f7d9987d24c6588e4d2cbc7c1c8090109fa8f.sol#187) is never initialized. It is used in:
	- totalSupply (/sb/0x113f7d9987d24c6588e4d2cbc7c1c8090109fa8f.sol#189-191)
Reference: https://github.com/trailofbits/slither/wiki/Detectors-Documentation#uninitialized-state-variables[0m
INFO:Detectors:[93m
TokenDestructible.destroy (/sb/0x113f7d9987d24c6588e4d2cbc7c1c8090109fa8f.sol#103-118) does not use the value returned by external calls:
	-token.transfer(owner,balance) (/sb/0x113f7d9987d24c6588e4d2cbc7c1c8090109fa8f.sol#110-114)
Reference: https://github.com/trailofbits/slither/wiki/Detectors-Documentation#unused-return[0m
INFO:Detectors:[92m
TokenDestructible.destroy has external calls inside a loop:
	- balance = token.balanceOf(this) (/sb/0x113f7d9987d24c6588e4d2cbc7c1c8090109fa8f.sol#109-110)
TokenDestructible.destroy has external calls inside a loop:
	- token.transfer(owner,balance) (/sb/0x113f7d9987d24c6588e4d2cbc7c1c8090109fa8f.sol#110-114)
Reference: https://github.com/trailofbits/slither/wiki/Detectors-Documentation/_edit#calls-inside-a-loop[0m
INFO:Detectors:[92m
Ownable.renounceOwnership (/sb/0x113f7d9987d24c6588e4d2cbc7c1c8090109fa8f.sol#43-49) should be declared external
Ownable.transferOwnership (/sb/0x113f7d9987d24c6588e4d2cbc7c1c8090109fa8f.sol#52-57) should be declared external
ERC20Basic.totalSupply (/sb/0x113f7d9987d24c6588e4d2cbc7c1c8090109fa8f.sol#76-77) should be declared external
BasicToken.totalSupply (/sb/0x113f7d9987d24c6588e4d2cbc7c1c8090109fa8f.sol#189-191) should be declared external
BasicToken.balanceOf (/sb/0x113f7d9987d24c6588e4d2cbc7c1c8090109fa8f.sol#215-218) should be declared external
ERC20Basic.balanceOf (/sb/0x113f7d9987d24c6588e4d2cbc7c1c8090109fa8f.sol#77-78) should be declared external
TokenDestructible.destroy (/sb/0x113f7d9987d24c6588e4d2cbc7c1c8090109fa8f.sol#103-118) should be declared external
BurnableToken.burn (/sb/0x113f7d9987d24c6588e4d2cbc7c1c8090109fa8f.sol#232-233) should be declared external
StandardToken.allowance (/sb/0x113f7d9987d24c6588e4d2cbc7c1c8090109fa8f.sol#337-340) should be declared external
ERC20.allowance (/sb/0x113f7d9987d24c6588e4d2cbc7c1c8090109fa8f.sol#255-259) should be declared external
MintableToken.finishMinting (/sb/0x113f7d9987d24c6588e4d2cbc7c1c8090109fa8f.sol#453-459) should be declared external
Pausable.pause (/sb/0x113f7d9987d24c6588e4d2cbc7c1c8090109fa8f.sol#551-558) should be declared external
Pausable.unpause (/sb/0x113f7d9987d24c6588e4d2cbc7c1c8090109fa8f.sol#563-570) should be declared external
TransferableToken.transferOn (/sb/0x113f7d9987d24c6588e4d2cbc7c1c8090109fa8f.sol#666-672) should be declared external
TransferableToken.transferOff (/sb/0x113f7d9987d24c6588e4d2cbc7c1c8090109fa8f.sol#674-680) should be declared external
ClinicAllToken.burnAfterRefund (/sb/0x113f7d9987d24c6588e4d2cbc7c1c8090109fa8f.sol#711-718) should be declared external
ClinicAllToken.transferToPrivateInvestor (/sb/0x113f7d9987d24c6588e4d2cbc7c1c8090109fa8f.sol) should be declared external
ClinicAllToken.burnPrivateSale (/sb/0x113f7d9987d24c6588e4d2cbc7c1c8090109fa8f.sol) should be declared external
Reference: https://github.com/trailofbits/slither/wiki/Detectors-Documentation#public-function-that-could-be-declared-as-external[0m
INFO:Detectors:[92m
Parameter '_newOwner' of Ownable.transferOwnership (/sb/0x113f7d9987d24c6588e4d2cbc7c1c8090109fa8f.sol#53) is not in mixedCase
Function 'Ownable._transferOwnership' (/sb/0x113f7d9987d24c6588e4d2cbc7c1c8090109fa8f.sol#61-67) is not in mixedCase
Parameter '_newOwner' of Ownable._transferOwnership (/sb/0x113f7d9987d24c6588e4d2cbc7c1c8090109fa8f.sol#61-62) is not in mixedCase
Parameter '_owner' of BasicToken.balanceOf (/sb/0x113f7d9987d24c6588e4d2cbc7c1c8090109fa8f.sol#216) is not in mixedCase
Parameter '_to' of BasicToken.transfer (/sb/0x113f7d9987d24c6588e4d2cbc7c1c8090109fa8f.sol#195-196) is not in mixedCase
Parameter '_value' of BasicToken.transfer (/sb/0x113f7d9987d24c6588e4d2cbc7c1c8090109fa8f.sol#196) is not in mixedCase
Parameter '_value' of BurnableToken.burn (/sb/0x113f7d9987d24c6588e4d2cbc7c1c8090109fa8f.sol#232-233) is not in mixedCase
Function 'BurnableToken._burn' (/sb/0x113f7d9987d24c6588e4d2cbc7c1c8090109fa8f.sol#233-249) is not in mixedCase
Parameter '_who' of BurnableToken._burn (/sb/0x113f7d9987d24c6588e4d2cbc7c1c8090109fa8f.sol#233) is not in mixedCase
Parameter '_value' of BurnableToken._burn (/sb/0x113f7d9987d24c6588e4d2cbc7c1c8090109fa8f.sol#233-235) is not in mixedCase
Parameter '_owner' of StandardToken.allowance (/sb/0x113f7d9987d24c6588e4d2cbc7c1c8090109fa8f.sol#337) is not in mixedCase
Parameter '_spender' of StandardToken.allowance (/sb/0x113f7d9987d24c6588e4d2cbc7c1c8090109fa8f.sol#337) is not in mixedCase
Parameter '_from' of StandardToken.transferFrom (/sb/0x113f7d9987d24c6588e4d2cbc7c1c8090109fa8f.sol#296) is not in mixedCase
Parameter '_to' of StandardToken.transferFrom (/sb/0x113f7d9987d24c6588e4d2cbc7c1c8090109fa8f.sol#296-297) is not in mixedCase
Parameter '_value' of StandardToken.transferFrom (/sb/0x113f7d9987d24c6588e4d2cbc7c1c8090109fa8f.sol#297) is not in mixedCase
Parameter '_spender' of StandardToken.approve (/sb/0x113f7d9987d24c6588e4d2cbc7c1c8090109fa8f.sol#319-320) is not in mixedCase
Parameter '_value' of StandardToken.approve (/sb/0x113f7d9987d24c6588e4d2cbc7c1c8090109fa8f.sol#320) is not in mixedCase
Parameter '_spender' of StandardToken.increaseApproval (/sb/0x113f7d9987d24c6588e4d2cbc7c1c8090109fa8f.sol#357-358) is not in mixedCase
Parameter '_addedValue' of StandardToken.increaseApproval (/sb/0x113f7d9987d24c6588e4d2cbc7c1c8090109fa8f.sol#358) is not in mixedCase
Parameter '_spender' of StandardToken.decreaseApproval (/sb/0x113f7d9987d24c6588e4d2cbc7c1c8090109fa8f.sol#378-379) is not in mixedCase
Parameter '_subtractedValue' of StandardToken.decreaseApproval (/sb/0x113f7d9987d24c6588e4d2cbc7c1c8090109fa8f.sol#379-384) is not in mixedCase
Parameter '_to' of MintableToken.mint (/sb/0x113f7d9987d24c6588e4d2cbc7c1c8090109fa8f.sol#434) is not in mixedCase
Parameter '_amount' of MintableToken.mint (/sb/0x113f7d9987d24c6588e4d2cbc7c1c8090109fa8f.sol#434) is not in mixedCase
Parameter '_to' of CappedToken.mint (/sb/0x113f7d9987d24c6588e4d2cbc7c1c8090109fa8f.sol#482-483) is not in mixedCase
Parameter '_amount' of CappedToken.mint (/sb/0x113f7d9987d24c6588e4d2cbc7c1c8090109fa8f.sol#484) is not in mixedCase
Parameter '_cap' of CappedToken. (/sb/0x113f7d9987d24c6588e4d2cbc7c1c8090109fa8f.sol#471) is not in mixedCase
Parameter '_name' of DetailedERC20. (/sb/0x113f7d9987d24c6588e4d2cbc7c1c8090109fa8f.sol#510) is not in mixedCase
Parameter '_symbol' of DetailedERC20. (/sb/0x113f7d9987d24c6588e4d2cbc7c1c8090109fa8f.sol#510-512) is not in mixedCase
Parameter '_decimals' of DetailedERC20. (/sb/0x113f7d9987d24c6588e4d2cbc7c1c8090109fa8f.sol#512) is not in mixedCase
Parameter '_to' of PausableToken.transfer (/sb/0x113f7d9987d24c6588e4d2cbc7c1c8090109fa8f.sol#586) is not in mixedCase
Parameter '_value' of PausableToken.transfer (/sb/0x113f7d9987d24c6588e4d2cbc7c1c8090109fa8f.sol#588-589) is not in mixedCase
Parameter '_from' of PausableToken.transferFrom (/sb/0x113f7d9987d24c6588e4d2cbc7c1c8090109fa8f.sol#596) is not in mixedCase
Parameter '_to' of PausableToken.transferFrom (/sb/0x113f7d9987d24c6588e4d2cbc7c1c8090109fa8f.sol#597) is not in mixedCase
Parameter '_value' of PausableToken.transferFrom (/sb/0x113f7d9987d24c6588e4d2cbc7c1c8090109fa8f.sol#597-599) is not in mixedCase
Parameter '_spender' of PausableToken.approve (/sb/0x113f7d9987d24c6588e4d2cbc7c1c8090109fa8f.sol#607) is not in mixedCase
Parameter '_value' of PausableToken.approve (/sb/0x113f7d9987d24c6588e4d2cbc7c1c8090109fa8f.sol#609-610) is not in mixedCase
Parameter '_spender' of PausableToken.increaseApproval (/sb/0x113f7d9987d24c6588e4d2cbc7c1c8090109fa8f.sol#615) is not in mixedCase
Parameter '_addedValue' of PausableToken.increaseApproval (/sb/0x113f7d9987d24c6588e4d2cbc7c1c8090109fa8f.sol#616-617) is not in mixedCase
Parameter '_spender' of PausableToken.decreaseApproval (/sb/0x113f7d9987d24c6588e4d2cbc7c1c8090109fa8f.sol#623) is not in mixedCase
Parameter '_subtractedValue' of PausableToken.decreaseApproval (/sb/0x113f7d9987d24c6588e4d2cbc7c1c8090109fa8f.sol#624-628) is not in mixedCase
Parameter '_to' of ClinicAllToken.transfer (/sb/0x113f7d9987d24c6588e4d2cbc7c1c8090109fa8f.sol#721-722) is not in mixedCase
Parameter '_value' of ClinicAllToken.transfer (/sb/0x113f7d9987d24c6588e4d2cbc7c1c8090109fa8f.sol#722) is not in mixedCase
Parameter '_from' of ClinicAllToken.transferFrom (/sb/0x113f7d9987d24c6588e4d2cbc7c1c8090109fa8f.sol) is not in mixedCase
Parameter '_to' of ClinicAllToken.transferFrom (/sb/0x113f7d9987d24c6588e4d2cbc7c1c8090109fa8f.sol) is not in mixedCase
Parameter '_value' of ClinicAllToken.transferFrom (/sb/0x113f7d9987d24c6588e4d2cbc7c1c8090109fa8f.sol) is not in mixedCase
Parameter '_who' of ClinicAllToken.burnAfterRefund (/sb/0x113f7d9987d24c6588e4d2cbc7c1c8090109fa8f.sol#713-714) is not in mixedCase
Parameter '_from' of ClinicAllToken.transferToPrivateInvestor (/sb/0x113f7d9987d24c6588e4d2cbc7c1c8090109fa8f.sol) is not in mixedCase
Parameter '_to' of ClinicAllToken.transferToPrivateInvestor (/sb/0x113f7d9987d24c6588e4d2cbc7c1c8090109fa8f.sol) is not in mixedCase
Parameter '_value' of ClinicAllToken.transferToPrivateInvestor (/sb/0x113f7d9987d24c6588e4d2cbc7c1c8090109fa8f.sol) is not in mixedCase
Parameter '_value' of ClinicAllToken.burnPrivateSale (/sb/0x113f7d9987d24c6588e4d2cbc7c1c8090109fa8f.sol) is not in mixedCase
Reference: https://github.com/trailofbits/slither/wiki/Detectors-Documentation#conformance-to-solidity-naming-conventions[0m
INFO:Slither:/sb/0x113f7d9987d24c6588e4d2cbc7c1c8090109fa8f.sol analyzed (15 contracts), 72 result(s) found
