INFO:Slither:Compilation warnings/errors on /sb/0x1b85e0f97c5b3f5f815475f67d9df162cf35d3dc.sol:
/sb/0x1b85e0f97c5b3f5f815475f67d9df162cf35d3dc.sol:82:3: Warning: Defining constructors as functions with the same name as the contract is deprecated. Use "constructor(...) { ... }" instead.
  function Ownable() public {
  ^ (Relevant source part starts here and spans across multiple lines).
/sb/0x1b85e0f97c5b3f5f815475f67d9df162cf35d3dc.sol:186:3: Warning: Modifiers of functions without implementation are ignored.
  function mintETHRewards(address _contract, uint256 _amount) public onlyManager();
  ^-------------------------------------------------------------------------------^
/sb/0x1b85e0f97c5b3f5f815475f67d9df162cf35d3dc.sol:189:3: Warning: Modifiers of functions without implementation are ignored.
  function mintTokenRewards(address _contract, uint256 _amount) public onlyManager();
  ^---------------------------------------------------------------------------------^
/sb/0x1b85e0f97c5b3f5f815475f67d9df162cf35d3dc.sol:192:3: Warning: Modifiers of functions without implementation are ignored.
  function releaseTokens() public onlyManager() hasntStopped() whenCrowdsaleSuccessful();
  ^-------------------------------------------------------------------------------------^
/sb/0x1b85e0f97c5b3f5f815475f67d9df162cf35d3dc.sol:196:3: Warning: Modifiers of functions without implementation are ignored.
  function stop() public onlyManager() hasntStopped();
  ^--------------------------------------------------^
/sb/0x1b85e0f97c5b3f5f815475f67d9df162cf35d3dc.sol:199:3: Warning: Modifiers of functions without implementation are ignored.
  function start(uint256 _startTimestamp, uint256 _endTimestamp, address _fundingAddress)
  ^ (Relevant source part starts here and spans across multiple lines).
/sb/0x1b85e0f97c5b3f5f815475f67d9df162cf35d3dc.sol:273:3: Warning: Defining constructors as functions with the same name as the contract is deprecated. Use "constructor(...) { ... }" instead.
  function BasicCrowdsale(
  ^ (Relevant source part starts here and spans across multiple lines).
/sb/0x1b85e0f97c5b3f5f815475f67d9df162cf35d3dc.sol:100:5: Warning: Invoking events without "emit" prefix is deprecated.
    OwnershipTransferred(owner, newOwner);
    ^-----------------------------------^
/sb/0x1b85e0f97c5b3f5f815475f67d9df162cf35d3dc.sol:238:5: Warning: Invoking events without "emit" prefix is deprecated.
    Transfer(msg.sender, _to, _value);
    ^-------------------------------^
/sb/0x1b85e0f97c5b3f5f815475f67d9df162cf35d3dc.sol:338:5: Warning: Invoking events without "emit" prefix is deprecated.
    CROWDSALE_START(_startTimestamp, _endTimestamp, _fundingAddress);
    ^--------------------------------------------------------------^
/sb/0x1b85e0f97c5b3f5f815475f67d9df162cf35d3dc.sol:259:3: Warning: No visibility specified. Defaulting to "public". 
  constructor(string _name, string _symbol, uint8 _decimals) {
  ^ (Relevant source part starts here and spans across multiple lines).
/sb/0x1b85e0f97c5b3f5f815475f67d9df162cf35d3dc.sol:408:3: Warning: No visibility specified. Defaulting to "public". 
  constructor(
  ^ (Relevant source part starts here and spans across multiple lines).

INFO:Detectors:[91m
BasicToken.totalSupply_ (/sb/0x1b85e0f97c5b3f5f815475f67d9df162cf35d3dc.sol#227-228) is never initialized. It is used in:
	- totalSupply (/sb/0x1b85e0f97c5b3f5f815475f67d9df162cf35d3dc.sol#229-231)
ICrowdsaleProcessor.endTimestamp (/sb/0x1b85e0f97c5b3f5f815475f67d9df162cf35d3dc.sol#182) is never initialized. It is used in:
Reference: https://github.com/trailofbits/slither/wiki/Detectors-Documentation#uninitialized-state-variables[0m
INFO:Detectors:[93m
Bridge.mintTokenRewards (/sb/0x1b85e0f97c5b3f5f815475f67d9df162cf35d3dc.sol#452-464) does not use the value returned by external calls:
	-token.transfer(_contract,_amount) (/sb/0x1b85e0f97c5b3f5f815475f67d9df162cf35d3dc.sol#461-462)
Reference: https://github.com/trailofbits/slither/wiki/Detectors-Documentation#unused-return[0m
INFO:Detectors:[92m
BasicCrowdsale.start (/sb/0x1b85e0f97c5b3f5f815475f67d9df162cf35d3dc.sol#319-355) uses timestamp for comparisons
	Dangerous comparisons:
	- require(bool)(_startTimestamp >= block.timestamp) (/sb/0x1b85e0f97c5b3f5f815475f67d9df162cf35d3dc.sol#331-333)
BasicCrowdsale.isFailed (/sb/0x1b85e0f97c5b3f5f815475f67d9df162cf35d3dc.sol#359-373) uses timestamp for comparisons
	Dangerous comparisons:
	- (started && block.timestamp >= endTimestamp && totalCollected < minimalGoal) (/sb/0x1b85e0f97c5b3f5f815475f67d9df162cf35d3dc.sol#362-373)
BasicCrowdsale.isActive (/sb/0x1b85e0f97c5b3f5f815475f67d9df162cf35d3dc.sol#378-389) uses timestamp for comparisons
	Dangerous comparisons:
	- (started && totalCollected < hardCap && block.timestamp >= startTimestamp && block.timestamp < endTimestamp) (/sb/0x1b85e0f97c5b3f5f815475f67d9df162cf35d3dc.sol#380-389)
BasicCrowdsale.isSuccessful (/sb/0x1b85e0f97c5b3f5f815475f67d9df162cf35d3dc.sol#396-413) uses timestamp for comparisons
	Dangerous comparisons:
	- (totalCollected >= hardCap || (block.timestamp >= endTimestamp && totalCollected >= minimalGoal)) (/sb/0x1b85e0f97c5b3f5f815475f67d9df162cf35d3dc.sol#398-412)
Reference: https://github.com/trailofbits/slither/wiki/Detectors-Documentation#block-timestamp[0m
INFO:Detectors:[92m
BasicToken.totalSupply_ should be constant (/sb/0x1b85e0f97c5b3f5f815475f67d9df162cf35d3dc.sol#227-228)
IWingsController.ethRewardPart should be constant (/sb/0x1b85e0f97c5b3f5f815475f67d9df162cf35d3dc.sol#70-72)
IWingsController.tokenRewardPart should be constant (/sb/0x1b85e0f97c5b3f5f815475f67d9df162cf35d3dc.sol#72-75)
Reference: https://github.com/trailofbits/slither/wiki/Detectors-Documentation#state-variables-that-could-be-declared-constant[0m
INFO:Detectors:[92m
HasManager.transferManager (/sb/0x1b85e0f97c5b3f5f815475f67d9df162cf35d3dc.sol#53-60) should be declared external
BasicToken.totalSupply (/sb/0x1b85e0f97c5b3f5f815475f67d9df162cf35d3dc.sol#229-231) should be declared external
ERC20Basic.totalSupply (/sb/0x1b85e0f97c5b3f5f815475f67d9df162cf35d3dc.sol#61) should be declared external
ERC20Basic.balanceOf (/sb/0x1b85e0f97c5b3f5f815475f67d9df162cf35d3dc.sol#61-62) should be declared external
BasicToken.balanceOf (/sb/0x1b85e0f97c5b3f5f815475f67d9df162cf35d3dc.sol#259-263) should be declared external
ERC20Basic.transfer (/sb/0x1b85e0f97c5b3f5f815475f67d9df162cf35d3dc.sol#62-63) should be declared external
BasicToken.transfer (/sb/0x1b85e0f97c5b3f5f815475f67d9df162cf35d3dc.sol#236-247) should be declared external
Ownable.transferOwnership (/sb/0x1b85e0f97c5b3f5f815475f67d9df162cf35d3dc.sol#99-108) should be declared external
ICrowdsaleProcessor.deposit (/sb/0x1b85e0f97c5b3f5f815475f67d9df162cf35d3dc.sol#185) should be declared external
Bridge.getToken (/sb/0x1b85e0f97c5b3f5f815475f67d9df162cf35d3dc.sol#442-445) should be declared external
ICrowdsaleProcessor.getToken (/sb/0x1b85e0f97c5b3f5f815475f67d9df162cf35d3dc.sol#186-188) should be declared external
BasicCrowdsale.mintETHRewards (/sb/0x1b85e0f97c5b3f5f815475f67d9df162cf35d3dc.sol#295-307) should be declared external
ICrowdsaleProcessor.mintETHRewards (/sb/0x1b85e0f97c5b3f5f815475f67d9df162cf35d3dc.sol#189-191) should be declared external
ICrowdsaleProcessor.mintTokenRewards (/sb/0x1b85e0f97c5b3f5f815475f67d9df162cf35d3dc.sol#192-194) should be declared external
Bridge.mintTokenRewards (/sb/0x1b85e0f97c5b3f5f815475f67d9df162cf35d3dc.sol#452-464) should be declared external
Bridge.releaseTokens (/sb/0x1b85e0f97c5b3f5f815475f67d9df162cf35d3dc.sol#464-466) should be declared external
ICrowdsaleProcessor.releaseTokens (/sb/0x1b85e0f97c5b3f5f815475f67d9df162cf35d3dc.sol#195-196) should be declared external
ICrowdsaleProcessor.stop (/sb/0x1b85e0f97c5b3f5f815475f67d9df162cf35d3dc.sol#200-201) should be declared external
BasicCrowdsale.stop (/sb/0x1b85e0f97c5b3f5f815475f67d9df162cf35d3dc.sol#307-315) should be declared external
BasicCrowdsale.start (/sb/0x1b85e0f97c5b3f5f815475f67d9df162cf35d3dc.sol#319-355) should be declared external
Bridge.start (/sb/0x1b85e0f97c5b3f5f815475f67d9df162cf35d3dc.sol#495-519) should be declared external
ICrowdsaleProcessor.start (/sb/0x1b85e0f97c5b3f5f815475f67d9df162cf35d3dc.sol#202-206) should be declared external
Bridge.fallback (/sb/0x1b85e0f97c5b3f5f815475f67d9df162cf35d3dc.sol#470-471) should be declared external
Bridge.notifySale (/sb/0x1b85e0f97c5b3f5f815475f67d9df162cf35d3dc.sol#475-490) should be declared external
Bridge.finish (/sb/0x1b85e0f97c5b3f5f815475f67d9df162cf35d3dc.sol#522-524) should be declared external
Bridge.calculateRewards (/sb/0x1b85e0f97c5b3f5f815475f67d9df162cf35d3dc.sol#533-539) should be declared external
Bridge.changeToken (/sb/0x1b85e0f97c5b3f5f815475f67d9df162cf35d3dc.sol) should be declared external
Reference: https://github.com/trailofbits/slither/wiki/Detectors-Documentation#public-function-that-could-be-declared-as-external[0m
INFO:Detectors:[92m
Detected issues with version pragma in /sb/0x1b85e0f97c5b3f5f815475f67d9df162cf35d3dc.sol:
	- pragma solidity^0.4.13 (/sb/0x1b85e0f97c5b3f5f815475f67d9df162cf35d3dc.sol#1): it allows old versions
Reference: https://github.com/trailofbits/slither/wiki/Detectors-Documentation#incorrect-version-of-solidity[0m
INFO:Detectors:[92m
Low level call in BasicCrowdsale.mintETHRewards (/sb/0x1b85e0f97c5b3f5f815475f67d9df162cf35d3dc.sol#295-307):
	-require(bool)(_contract.call.value(_amount)()) /sb/0x1b85e0f97c5b3f5f815475f67d9df162cf35d3dc.sol#304-307
Reference: https://github.com/trailofbits/slither/wiki/Detectors-Documentation#low-level-calls[0m
INFO:Detectors:[92m
Parameter '_newManager' of HasManager.transferManager (/sb/0x1b85e0f97c5b3f5f815475f67d9df162cf35d3dc.sol#54) is not in mixedCase
Function 'Ownable.Ownable' (/sb/0x1b85e0f97c5b3f5f815475f67d9df162cf35d3dc.sol#87-89) is not in mixedCase
Parameter '_owner' of BasicToken.balanceOf (/sb/0x1b85e0f97c5b3f5f815475f67d9df162cf35d3dc.sol#259) is not in mixedCase
Parameter '_to' of BasicToken.transfer (/sb/0x1b85e0f97c5b3f5f815475f67d9df162cf35d3dc.sol#236) is not in mixedCase
Parameter '_value' of BasicToken.transfer (/sb/0x1b85e0f97c5b3f5f815475f67d9df162cf35d3dc.sol#236-237) is not in mixedCase
Parameter '_name' of DefaultToken. (/sb/0x1b85e0f97c5b3f5f815475f67d9df162cf35d3dc.sol#267-269) is not in mixedCase
Parameter '_symbol' of DefaultToken. (/sb/0x1b85e0f97c5b3f5f815475f67d9df162cf35d3dc.sol#269) is not in mixedCase
Parameter '_decimals' of DefaultToken. (/sb/0x1b85e0f97c5b3f5f815475f67d9df162cf35d3dc.sol#269) is not in mixedCase
Event 'BasicCrowdsale.CROWDSALE_START' (/sb/0x1b85e0f97c5b3f5f815475f67d9df162cf35d3dc.sol#279-283) is not in CapWords
Parameter '_contract' of BasicCrowdsale.mintETHRewards (/sb/0x1b85e0f97c5b3f5f815475f67d9df162cf35d3dc.sol#298) is not in mixedCase
Parameter '_amount' of BasicCrowdsale.mintETHRewards (/sb/0x1b85e0f97c5b3f5f815475f67d9df162cf35d3dc.sol#298-299) is not in mixedCase
Parameter '_startTimestamp' of BasicCrowdsale.start (/sb/0x1b85e0f97c5b3f5f815475f67d9df162cf35d3dc.sol#321) is not in mixedCase
Parameter '_endTimestamp' of BasicCrowdsale.start (/sb/0x1b85e0f97c5b3f5f815475f67d9df162cf35d3dc.sol#321-322) is not in mixedCase
Parameter '_fundingAddress' of BasicCrowdsale.start (/sb/0x1b85e0f97c5b3f5f815475f67d9df162cf35d3dc.sol#322) is not in mixedCase
Function 'BasicCrowdsale.BasicCrowdsale' (/sb/0x1b85e0f97c5b3f5f815475f67d9df162cf35d3dc.sol#285-288) is not in mixedCase
Parameter '_owner' of BasicCrowdsale.BasicCrowdsale (/sb/0x1b85e0f97c5b3f5f815475f67d9df162cf35d3dc.sol#285) is not in mixedCase
Parameter '_manager' of BasicCrowdsale.BasicCrowdsale (/sb/0x1b85e0f97c5b3f5f815475f67d9df162cf35d3dc.sol#285-286) is not in mixedCase
Event 'Bridge.CUSTOM_CROWDSALE_TOKEN_ADDED' (/sb/0x1b85e0f97c5b3f5f815475f67d9df162cf35d3dc.sol#415-417) is not in CapWords
Event 'Bridge.CUSTOM_CROWDSALE_FINISH' (/sb/0x1b85e0f97c5b3f5f815475f67d9df162cf35d3dc.sol#417-421) is not in CapWords
Parameter '_contract' of Bridge.mintTokenRewards (/sb/0x1b85e0f97c5b3f5f815475f67d9df162cf35d3dc.sol#453) is not in mixedCase
Parameter '_amount' of Bridge.mintTokenRewards (/sb/0x1b85e0f97c5b3f5f815475f67d9df162cf35d3dc.sol#453-456) is not in mixedCase
Parameter '_startTimestamp' of Bridge.start (/sb/0x1b85e0f97c5b3f5f815475f67d9df162cf35d3dc.sol#498-500) is not in mixedCase
Parameter '_endTimestamp' of Bridge.start (/sb/0x1b85e0f97c5b3f5f815475f67d9df162cf35d3dc.sol#501-502) is not in mixedCase
Parameter '_fundingAddress' of Bridge.start (/sb/0x1b85e0f97c5b3f5f815475f67d9df162cf35d3dc.sol#503-506) is not in mixedCase
Parameter '_minimalGoal' of Bridge. (/sb/0x1b85e0f97c5b3f5f815475f67d9df162cf35d3dc.sol#429-432) is not in mixedCase
Parameter '_hardCap' of Bridge. (/sb/0x1b85e0f97c5b3f5f815475f67d9df162cf35d3dc.sol#432) is not in mixedCase
Parameter '_token' of Bridge. (/sb/0x1b85e0f97c5b3f5f815475f67d9df162cf35d3dc.sol#432) is not in mixedCase
Parameter '_ethAmount' of Bridge.notifySale (/sb/0x1b85e0f97c5b3f5f815475f67d9df162cf35d3dc.sol#476-477) is not in mixedCase
Parameter '_tokensAmount' of Bridge.notifySale (/sb/0x1b85e0f97c5b3f5f815475f67d9df162cf35d3dc.sol#477-478) is not in mixedCase
Parameter '_newToken' of Bridge.changeToken (/sb/0x1b85e0f97c5b3f5f815475f67d9df162cf35d3dc.sol) is not in mixedCase
Reference: https://github.com/trailofbits/slither/wiki/Detectors-Documentation#conformance-to-solidity-naming-conventions[0m
INFO:Slither:/sb/0x1b85e0f97c5b3f5f815475f67d9df162cf35d3dc.sol analyzed (10 contracts), 67 result(s) found
