INFO:Slither:Compilation warnings/errors on /sb/0x0f14260bbe72e0992377ece7bc8baf2e8be320b8.sol:
/sb/0x0f14260bbe72e0992377ece7bc8baf2e8be320b8.sol:25:5: Warning: Defining constructors as functions with the same name as the contract is deprecated. Use "constructor(...) { ... }" instead.
    function ShrimpFarmer() public{
    ^ (Relevant source part starts here and spans across multiple lines).
/sb/0x0f14260bbe72e0992377ece7bc8baf2e8be320b8.sol:67:67: Warning: Using contract member "balance" inherited from the address type is deprecated. Convert the contract to "address" type to access the member, for example use "address(contract).balance" instead.
        uint256 eggsBought=calculateEggBuy(msg.value,SafeMath.sub(this.balance,msg.value));
                                                                  ^----------^
/sb/0x0f14260bbe72e0992377ece7bc8baf2e8be320b8.sol:78:47: Warning: Using contract member "balance" inherited from the address type is deprecated. Convert the contract to "address" type to access the member, for example use "address(contract).balance" instead.
        return calculateTrade(eggs,marketEggs,this.balance);
                                              ^----------^
/sb/0x0f14260bbe72e0992377ece7bc8baf2e8be320b8.sol:84:36: Warning: Using contract member "balance" inherited from the address type is deprecated. Convert the contract to "address" type to access the member, for example use "address(contract).balance" instead.
        return calculateEggBuy(eth,this.balance);
                                   ^----------^
/sb/0x0f14260bbe72e0992377ece7bc8baf2e8be320b8.sol:103:16: Warning: Using contract member "balance" inherited from the address type is deprecated. Convert the contract to "address" type to access the member, for example use "address(contract).balance" instead.
        return this.balance;
               ^----------^
/sb/0x0f14260bbe72e0992377ece7bc8baf2e8be320b8.sol:28:5: Warning: Function state mutability can be restricted to view
    function becomeSnailmaster() public{
    ^ (Relevant source part starts here and spans across multiple lines).
/sb/0x0f14260bbe72e0992377ece7bc8baf2e8be320b8.sol:86:5: Warning: Function state mutability can be restricted to pure
    function devFee(uint256 amount) public view returns(uint256){
    ^ (Relevant source part starts here and spans across multiple lines).

INFO:Detectors:[92m
ShrimpFarmer.EGGS_TO_HATCH_1SHRIMP should be constant (/sb/0x0f14260bbe72e0992377ece7bc8baf2e8be320b8.sol#13)
ShrimpFarmer.PSN should be constant (/sb/0x0f14260bbe72e0992377ece7bc8baf2e8be320b8.sol#15-16)
ShrimpFarmer.PSNH should be constant (/sb/0x0f14260bbe72e0992377ece7bc8baf2e8be320b8.sol#16-17)
ShrimpFarmer.STARTING_SHRIMP should be constant (/sb/0x0f14260bbe72e0992377ece7bc8baf2e8be320b8.sol#14-15)
ShrimpFarmer.snailmasterReq should be constant (/sb/0x0f14260bbe72e0992377ece7bc8baf2e8be320b8.sol#24-25)
Reference: https://github.com/trailofbits/slither/wiki/Detectors-Documentation#state-variables-that-could-be-declared-constant[0m
INFO:Detectors:[92m
ShrimpFarmer.becomeSnailmaster (/sb/0x0f14260bbe72e0992377ece7bc8baf2e8be320b8.sol#28-35) should be declared external
ShrimpFarmer.hatchEggs (/sb/0x0f14260bbe72e0992377ece7bc8baf2e8be320b8.sol#35-53) should be declared external
ShrimpFarmer.sellEggs (/sb/0x0f14260bbe72e0992377ece7bc8baf2e8be320b8.sol#53-66) should be declared external
ShrimpFarmer.buyEggs (/sb/0x0f14260bbe72e0992377ece7bc8baf2e8be320b8.sol#66-73) should be declared external
ShrimpFarmer.calculateEggBuySimple (/sb/0x0f14260bbe72e0992377ece7bc8baf2e8be320b8.sol#84-87) should be declared external
ShrimpFarmer.seedMarket (/sb/0x0f14260bbe72e0992377ece7bc8baf2e8be320b8.sol#91-96) should be declared external
ShrimpFarmer.getFreeShrimp (/sb/0x0f14260bbe72e0992377ece7bc8baf2e8be320b8.sol#96-105) should be declared external
ShrimpFarmer.getBalance (/sb/0x0f14260bbe72e0992377ece7bc8baf2e8be320b8.sol#105-107) should be declared external
ShrimpFarmer.getMyShrimp (/sb/0x0f14260bbe72e0992377ece7bc8baf2e8be320b8.sol#108-111) should be declared external
ShrimpFarmer.getSnailmasterReq (/sb/0x0f14260bbe72e0992377ece7bc8baf2e8be320b8.sol#111-112) should be declared external
Reference: https://github.com/trailofbits/slither/wiki/Detectors-Documentation#public-function-that-could-be-declared-as-external[0m
INFO:Detectors:[92m
Detected issues with version pragma in /sb/0x0f14260bbe72e0992377ece7bc8baf2e8be320b8.sol:
	- pragma solidity^0.4.18 (/sb/0x0f14260bbe72e0992377ece7bc8baf2e8be320b8.sol#1): it allows old versions
Reference: https://github.com/trailofbits/slither/wiki/Detectors-Documentation#incorrect-version-of-solidity[0m
INFO:Detectors:[92m
Function 'ShrimpFarmer.ShrimpFarmer' (/sb/0x0f14260bbe72e0992377ece7bc8baf2e8be320b8.sol#25-28) is not in mixedCase
Variable 'ShrimpFarmer.EGGS_TO_HATCH_1SHRIMP' (/sb/0x0f14260bbe72e0992377ece7bc8baf2e8be320b8.sol#13) is not in mixedCase
Variable 'ShrimpFarmer.STARTING_SHRIMP' (/sb/0x0f14260bbe72e0992377ece7bc8baf2e8be320b8.sol#14-15) is not in mixedCase
Variable 'ShrimpFarmer.PSN' (/sb/0x0f14260bbe72e0992377ece7bc8baf2e8be320b8.sol#15-16) is not in mixedCase
Variable 'ShrimpFarmer.PSNH' (/sb/0x0f14260bbe72e0992377ece7bc8baf2e8be320b8.sol#16-17) is not in mixedCase
Reference: https://github.com/trailofbits/slither/wiki/Detectors-Documentation#conformance-to-solidity-naming-conventions[0m
INFO:Slither:/sb/0x0f14260bbe72e0992377ece7bc8baf2e8be320b8.sol analyzed (2 contracts), 17 result(s) found
