INFO:Slither:Compilation warnings/errors on /sb/0xb8f31d22e6af4347afb23068fd3f1a3ae1d49af8.sol:
/sb/0xb8f31d22e6af4347afb23068fd3f1a3ae1d49af8.sol:21:3: Warning: Defining constructors as functions with the same name as the contract is deprecated. Use "constructor(...) { ... }" instead.
  function Ownable() public {
  ^ (Relevant source part starts here and spans across multiple lines).
/sb/0xb8f31d22e6af4347afb23068fd3f1a3ae1d49af8.sol:394:3: Warning: Defining constructors as functions with the same name as the contract is deprecated. Use "constructor(...) { ... }" instead.
  function TokenTimelock(ERC20Basic _token, address _beneficiary, uint64 _releaseTime) public {
  ^ (Relevant source part starts here and spans across multiple lines).
/sb/0xb8f31d22e6af4347afb23068fd3f1a3ae1d49af8.sol:450:3: Warning: Defining constructors as functions with the same name as the contract is deprecated. Use "constructor(...) { ... }" instead.
  function TokenVesting(address _beneficiary, uint256 _start, uint256 _cliff, uint256 _duration, bool _revocable) public {
  ^ (Relevant source part starts here and spans across multiple lines).
/sb/0xb8f31d22e6af4347afb23068fd3f1a3ae1d49af8.sol:543:3: Warning: Defining constructors as functions with the same name as the contract is deprecated. Use "constructor(...) { ... }" instead.
  function MDKToken(address _teamFund) public {
  ^ (Relevant source part starts here and spans across multiple lines).
/sb/0xb8f31d22e6af4347afb23068fd3f1a3ae1d49af8.sol:41:5: Warning: Invoking events without "emit" prefix is deprecated.
    OwnershipTransferred(owner, newOwner);
    ^-----------------------------------^
/sb/0xb8f31d22e6af4347afb23068fd3f1a3ae1d49af8.sol:119:5: Warning: Invoking events without "emit" prefix is deprecated.
    Transfer(msg.sender, _to, _value);
    ^-------------------------------^
/sb/0xb8f31d22e6af4347afb23068fd3f1a3ae1d49af8.sol:175:5: Warning: Invoking events without "emit" prefix is deprecated.
    Transfer(_from, _to, _value);
    ^--------------------------^
/sb/0xb8f31d22e6af4347afb23068fd3f1a3ae1d49af8.sol:191:5: Warning: Invoking events without "emit" prefix is deprecated.
    Approval(msg.sender, _spender, _value);
    ^------------------------------------^
/sb/0xb8f31d22e6af4347afb23068fd3f1a3ae1d49af8.sol:213:5: Warning: Invoking events without "emit" prefix is deprecated.
    Approval(msg.sender, _spender, allowed[msg.sender][_spender]);
    ^-----------------------------------------------------------^
/sb/0xb8f31d22e6af4347afb23068fd3f1a3ae1d49af8.sol:224:5: Warning: Invoking events without "emit" prefix is deprecated.
    Approval(msg.sender, _spender, allowed[msg.sender][_spender]);
    ^-----------------------------------------------------------^
/sb/0xb8f31d22e6af4347afb23068fd3f1a3ae1d49af8.sol:260:5: Warning: Invoking events without "emit" prefix is deprecated.
    Mint(_to, _amount);
    ^----------------^
/sb/0xb8f31d22e6af4347afb23068fd3f1a3ae1d49af8.sol:261:5: Warning: Invoking events without "emit" prefix is deprecated.
    Transfer(address(0), _to, _amount);
    ^--------------------------------^
/sb/0xb8f31d22e6af4347afb23068fd3f1a3ae1d49af8.sol:271:5: Warning: Invoking events without "emit" prefix is deprecated.
    MintFinished();
    ^------------^
/sb/0xb8f31d22e6af4347afb23068fd3f1a3ae1d49af8.sol:310:5: Warning: Invoking events without "emit" prefix is deprecated.
    Pause();
    ^-----^
/sb/0xb8f31d22e6af4347afb23068fd3f1a3ae1d49af8.sol:318:5: Warning: Invoking events without "emit" prefix is deprecated.
    Unpause();
    ^-------^
/sb/0xb8f31d22e6af4347afb23068fd3f1a3ae1d49af8.sol:474:5: Warning: Invoking events without "emit" prefix is deprecated.
    Released(unreleased);
    ^------------------^
/sb/0xb8f31d22e6af4347afb23068fd3f1a3ae1d49af8.sol:495:5: Warning: Invoking events without "emit" prefix is deprecated.
    Revoked();
    ^-------^
/sb/0xb8f31d22e6af4347afb23068fd3f1a3ae1d49af8.sol:563:69: Warning: Using "years" as a unit denomination is deprecated.
    reserveTokens = new TokenTimelock(this, _teamFund, uint64(now + 1 years));
                                                                    ^-----^
/sb/0xb8f31d22e6af4347afb23068fd3f1a3ae1d49af8.sol:570:3: Warning: No visibility specified. Defaulting to "public". 
  function startICO(address _icoAddress) onlyOwner {
  ^ (Relevant source part starts here and spans across multiple lines).
/sb/0xb8f31d22e6af4347afb23068fd3f1a3ae1d49af8.sol:582:3: Warning: No visibility specified. Defaulting to "public". 
  function startPreICO(address _icoAddress) onlyOwner {
  ^ (Relevant source part starts here and spans across multiple lines).

INFO:Detectors:[93m
Reentrancy in TokenVesting.release (/sb/0xb8f31d22e6af4347afb23068fd3f1a3ae1d49af8.sol#481-491):
	External calls:
	- unreleased = releasableAmount(token) (/sb/0xb8f31d22e6af4347afb23068fd3f1a3ae1d49af8.sol#482-484)
	State variables written after the call(s):
	- released (/sb/0xb8f31d22e6af4347afb23068fd3f1a3ae1d49af8.sol#486-488)
Reentrancy in TokenVesting.revoke (/sb/0xb8f31d22e6af4347afb23068fd3f1a3ae1d49af8.sol#500-511):
	External calls:
	- balance = token.balanceOf(this) (/sb/0xb8f31d22e6af4347afb23068fd3f1a3ae1d49af8.sol#503-507)
	- unreleased = releasableAmount(token) (/sb/0xb8f31d22e6af4347afb23068fd3f1a3ae1d49af8.sol#507-508)
	State variables written after the call(s):
	- revoked (/sb/0xb8f31d22e6af4347afb23068fd3f1a3ae1d49af8.sol#509-510)
Reference: https://github.com/trailofbits/slither/wiki/Detectors-Documentation#reentrancy-vulnerabilities-1[0m
INFO:Detectors:[92m
ERC20Basic.balanceOf (/sb/0xb8f31d22e6af4347afb23068fd3f1a3ae1d49af8.sol#92-93) should be declared external
BasicToken.balanceOf (/sb/0xb8f31d22e6af4347afb23068fd3f1a3ae1d49af8.sol#134-138) should be declared external
ERC20.allowance (/sb/0xb8f31d22e6af4347afb23068fd3f1a3ae1d49af8.sol#142-143) should be declared external
StandardToken.allowance (/sb/0xb8f31d22e6af4347afb23068fd3f1a3ae1d49af8.sol#206-209) should be declared external
MintableToken.finishMinting (/sb/0xb8f31d22e6af4347afb23068fd3f1a3ae1d49af8.sol#280-286) should be declared external
Pausable.unpause (/sb/0xb8f31d22e6af4347afb23068fd3f1a3ae1d49af8.sol#332-333) should be declared external
TokenTimelock.release (/sb/0xb8f31d22e6af4347afb23068fd3f1a3ae1d49af8.sol#419-426) should be declared external
TokenVesting.release (/sb/0xb8f31d22e6af4347afb23068fd3f1a3ae1d49af8.sol#481-491) should be declared external
TokenVesting.revoke (/sb/0xb8f31d22e6af4347afb23068fd3f1a3ae1d49af8.sol#500-511) should be declared external
MDKToken.startICO (/sb/0xb8f31d22e6af4347afb23068fd3f1a3ae1d49af8.sol) should be declared external
MDKToken.startPreICO (/sb/0xb8f31d22e6af4347afb23068fd3f1a3ae1d49af8.sol) should be declared external
Reference: https://github.com/trailofbits/slither/wiki/Detectors-Documentation#public-function-that-could-be-declared-as-external[0m
INFO:Detectors:[92m
Detected issues with version pragma in /sb/0xb8f31d22e6af4347afb23068fd3f1a3ae1d49af8.sol:
	- pragma solidity^0.4.18 (/sb/0xb8f31d22e6af4347afb23068fd3f1a3ae1d49af8.sol#1): it allows old versions
Reference: https://github.com/trailofbits/slither/wiki/Detectors-Documentation#incorrect-version-of-solidity[0m
INFO:Detectors:[92m
Function 'Ownable.Ownable' (/sb/0xb8f31d22e6af4347afb23068fd3f1a3ae1d49af8.sol#21-27) is not in mixedCase
Parameter '_owner' of BasicToken.balanceOf (/sb/0xb8f31d22e6af4347afb23068fd3f1a3ae1d49af8.sol#134) is not in mixedCase
Parameter '_to' of BasicToken.transfer (/sb/0xb8f31d22e6af4347afb23068fd3f1a3ae1d49af8.sol#114) is not in mixedCase
Parameter '_value' of BasicToken.transfer (/sb/0xb8f31d22e6af4347afb23068fd3f1a3ae1d49af8.sol#114-116) is not in mixedCase
Parameter '_owner' of StandardToken.allowance (/sb/0xb8f31d22e6af4347afb23068fd3f1a3ae1d49af8.sol#207) is not in mixedCase
Parameter '_spender' of StandardToken.allowance (/sb/0xb8f31d22e6af4347afb23068fd3f1a3ae1d49af8.sol#207) is not in mixedCase
Parameter '_from' of StandardToken.transferFrom (/sb/0xb8f31d22e6af4347afb23068fd3f1a3ae1d49af8.sol#170) is not in mixedCase
Parameter '_to' of StandardToken.transferFrom (/sb/0xb8f31d22e6af4347afb23068fd3f1a3ae1d49af8.sol#170-172) is not in mixedCase
Parameter '_value' of StandardToken.transferFrom (/sb/0xb8f31d22e6af4347afb23068fd3f1a3ae1d49af8.sol#172) is not in mixedCase
Parameter '_spender' of StandardToken.approve (/sb/0xb8f31d22e6af4347afb23068fd3f1a3ae1d49af8.sol#196) is not in mixedCase
Parameter '_value' of StandardToken.approve (/sb/0xb8f31d22e6af4347afb23068fd3f1a3ae1d49af8.sol#196) is not in mixedCase
Parameter '_spender' of StandardToken.increaseApproval (/sb/0xb8f31d22e6af4347afb23068fd3f1a3ae1d49af8.sol#213-214) is not in mixedCase
Parameter '_addedValue' of StandardToken.increaseApproval (/sb/0xb8f31d22e6af4347afb23068fd3f1a3ae1d49af8.sol#215-217) is not in mixedCase
Parameter '_spender' of StandardToken.decreaseApproval (/sb/0xb8f31d22e6af4347afb23068fd3f1a3ae1d49af8.sol#222) is not in mixedCase
Parameter '_subtractedValue' of StandardToken.decreaseApproval (/sb/0xb8f31d22e6af4347afb23068fd3f1a3ae1d49af8.sol#222) is not in mixedCase
Parameter '_to' of MintableToken.mint (/sb/0xb8f31d22e6af4347afb23068fd3f1a3ae1d49af8.sol#266) is not in mixedCase
Parameter '_amount' of MintableToken.mint (/sb/0xb8f31d22e6af4347afb23068fd3f1a3ae1d49af8.sol#266) is not in mixedCase
Parameter '_to' of PausableToken.transfer (/sb/0xb8f31d22e6af4347afb23068fd3f1a3ae1d49af8.sol#340) is not in mixedCase
Parameter '_value' of PausableToken.transfer (/sb/0xb8f31d22e6af4347afb23068fd3f1a3ae1d49af8.sol#340) is not in mixedCase
Parameter '_from' of PausableToken.transferFrom (/sb/0xb8f31d22e6af4347afb23068fd3f1a3ae1d49af8.sol#344) is not in mixedCase
Parameter '_to' of PausableToken.transferFrom (/sb/0xb8f31d22e6af4347afb23068fd3f1a3ae1d49af8.sol#344) is not in mixedCase
Parameter '_value' of PausableToken.transferFrom (/sb/0xb8f31d22e6af4347afb23068fd3f1a3ae1d49af8.sol#344) is not in mixedCase
Parameter '_spender' of PausableToken.approve (/sb/0xb8f31d22e6af4347afb23068fd3f1a3ae1d49af8.sol#348) is not in mixedCase
Parameter '_value' of PausableToken.approve (/sb/0xb8f31d22e6af4347afb23068fd3f1a3ae1d49af8.sol#348) is not in mixedCase
Parameter '_spender' of PausableToken.increaseApproval (/sb/0xb8f31d22e6af4347afb23068fd3f1a3ae1d49af8.sol#353) is not in mixedCase
Parameter '_addedValue' of PausableToken.increaseApproval (/sb/0xb8f31d22e6af4347afb23068fd3f1a3ae1d49af8.sol#353) is not in mixedCase
Parameter '_spender' of PausableToken.decreaseApproval (/sb/0xb8f31d22e6af4347afb23068fd3f1a3ae1d49af8.sol#358) is not in mixedCase
Parameter '_subtractedValue' of PausableToken.decreaseApproval (/sb/0xb8f31d22e6af4347afb23068fd3f1a3ae1d49af8.sol#358) is not in mixedCase
Function 'TokenTimelock.TokenTimelock' (/sb/0xb8f31d22e6af4347afb23068fd3f1a3ae1d49af8.sol#407-418) is not in mixedCase
Parameter '_token' of TokenTimelock.TokenTimelock (/sb/0xb8f31d22e6af4347afb23068fd3f1a3ae1d49af8.sol#408-410) is not in mixedCase
Parameter '_beneficiary' of TokenTimelock.TokenTimelock (/sb/0xb8f31d22e6af4347afb23068fd3f1a3ae1d49af8.sol#410) is not in mixedCase
Parameter '_releaseTime' of TokenTimelock.TokenTimelock (/sb/0xb8f31d22e6af4347afb23068fd3f1a3ae1d49af8.sol#410-413) is not in mixedCase
Function 'TokenVesting.TokenVesting' (/sb/0xb8f31d22e6af4347afb23068fd3f1a3ae1d49af8.sol#463-478) is not in mixedCase
Parameter '_beneficiary' of TokenVesting.TokenVesting (/sb/0xb8f31d22e6af4347afb23068fd3f1a3ae1d49af8.sol#465) is not in mixedCase
Parameter '_start' of TokenVesting.TokenVesting (/sb/0xb8f31d22e6af4347afb23068fd3f1a3ae1d49af8.sol#465-466) is not in mixedCase
Parameter '_cliff' of TokenVesting.TokenVesting (/sb/0xb8f31d22e6af4347afb23068fd3f1a3ae1d49af8.sol#466) is not in mixedCase
Parameter '_duration' of TokenVesting.TokenVesting (/sb/0xb8f31d22e6af4347afb23068fd3f1a3ae1d49af8.sol#466) is not in mixedCase
Parameter '_revocable' of TokenVesting.TokenVesting (/sb/0xb8f31d22e6af4347afb23068fd3f1a3ae1d49af8.sol#466-468) is not in mixedCase
Function 'MDKToken.MDKToken' (/sb/0xb8f31d22e6af4347afb23068fd3f1a3ae1d49af8.sol#555-563) is not in mixedCase
Parameter '_teamFund' of MDKToken.MDKToken (/sb/0xb8f31d22e6af4347afb23068fd3f1a3ae1d49af8.sol#556) is not in mixedCase
Parameter '_teamFund' of MDKToken.lockTeamTokens (/sb/0xb8f31d22e6af4347afb23068fd3f1a3ae1d49af8.sol#570-571) is not in mixedCase
Parameter '_teamFund' of MDKToken.lockReserveTokens (/sb/0xb8f31d22e6af4347afb23068fd3f1a3ae1d49af8.sol#582) is not in mixedCase
Parameter '_icoAddress' of MDKToken.startICO (/sb/0xb8f31d22e6af4347afb23068fd3f1a3ae1d49af8.sol) is not in mixedCase
Parameter '_icoAddress' of MDKToken.startPreICO (/sb/0xb8f31d22e6af4347afb23068fd3f1a3ae1d49af8.sol) is not in mixedCase
Variable 'MDKToken.PreICO' (/sb/0xb8f31d22e6af4347afb23068fd3f1a3ae1d49af8.sol#552) is not in mixedCase
Variable 'MDKToken.ICO' (/sb/0xb8f31d22e6af4347afb23068fd3f1a3ae1d49af8.sol#552) is not in mixedCase
Reference: https://github.com/trailofbits/slither/wiki/Detectors-Documentation#conformance-to-solidity-naming-conventions[0m
INFO:Slither:/sb/0xb8f31d22e6af4347afb23068fd3f1a3ae1d49af8.sol analyzed (13 contracts), 60 result(s) found
