INFO:Detectors:[93m
Contract locking ether found in /sb/0x76063ea512a2f8700ebb5b01d8540b2d0f602cd4.sol:
	Contract TradeWeapon has payable functions:
	 - buyWeaponWithEth (/sb/0x76063ea512a2f8700ebb5b01d8540b2d0f602cd4.sol#216-226)
	But does not have a function to withdraw the ether
Reference: https://github.com/trailofbits/slither/wiki/Detectors-Documentation#contracts-that-lock-ether[0m
INFO:Detectors:[93m
Reentrancy in TradeWeapon.buywithEth (/sb/0x76063ea512a2f8700ebb5b01d8540b2d0f602cd4.sol#257-285):
	External calls:
	- require(bool,string)(RCCToken.balanceOf(address(this)) >= sellerPrice,11) (/sb/0x76063ea512a2f8700ebb5b01d8540b2d0f602cd4.sol#273-274)
	- RCCToken.transfer(seller,sellerPrice) (/sb/0x76063ea512a2f8700ebb5b01d8540b2d0f602cd4.sol#276-277)
	State variables written after the call(s):
	- weaponDetail (/sb/0x76063ea512a2f8700ebb5b01d8540b2d0f602cd4.sol#278-281)
Reentrancy in TradeWeapon.buywithRCC (/sb/0x76063ea512a2f8700ebb5b01d8540b2d0f602cd4.sol#229-255):
	External calls:
	- allowance = RCCToken.allowance(_buyer,address(this)) (/sb/0x76063ea512a2f8700ebb5b01d8540b2d0f602cd4.sol#234-236)
	State variables written after the call(s):
	- weaponDetail (/sb/0x76063ea512a2f8700ebb5b01d8540b2d0f602cd4.sol#243-244)
Reentrancy in TradeWeapon.sellWeapon (/sb/0x76063ea512a2f8700ebb5b01d8540b2d0f602cd4.sol#173-188):
	External calls:
	- weaponOwner = weaponTokenize.getOwnerOf(_weaponId) (/sb/0x76063ea512a2f8700ebb5b01d8540b2d0f602cd4.sol#179-180)
	- putWeaponOnSale(_weaponId,testItem) (/sb/0x76063ea512a2f8700ebb5b01d8540b2d0f602cd4.sol#186)
	State variables written after the call(s):
	- isOnSale (/sb/0x76063ea512a2f8700ebb5b01d8540b2d0f602cd4.sol#186)
Reference: https://github.com/trailofbits/slither/wiki/Detectors-Documentation#reentrancy-vulnerabilities-1[0m
INFO:Detectors:[93m
TradeWeapon.cancelSale (/sb/0x76063ea512a2f8700ebb5b01d8540b2d0f602cd4.sol#199-209) does not use the value returned by external calls:
	-weaponTokenize.updateOwnerOfWeapon(_weaponId,weaponOwner) (/sb/0x76063ea512a2f8700ebb5b01d8540b2d0f602cd4.sol#205-207)
TradeWeapon.buywithRCC (/sb/0x76063ea512a2f8700ebb5b01d8540b2d0f602cd4.sol#229-255) does not use the value returned by external calls:
	-RCCToken.transferFrom(_buyer,seller,sellersPrice) (/sb/0x76063ea512a2f8700ebb5b01d8540b2d0f602cd4.sol#245-246)
	-RCCToken.transferFrom(_buyer,owner,commssion) (/sb/0x76063ea512a2f8700ebb5b01d8540b2d0f602cd4.sol#247)
	-weaponTokenize.updateOwnerOfWeapon(_weaponId,_buyer) (/sb/0x76063ea512a2f8700ebb5b01d8540b2d0f602cd4.sol#252-254)
TradeWeapon.buywithEth (/sb/0x76063ea512a2f8700ebb5b01d8540b2d0f602cd4.sol#257-285) does not use the value returned by external calls:
	-RCCToken.transfer(seller,sellerPrice) (/sb/0x76063ea512a2f8700ebb5b01d8540b2d0f602cd4.sol#276-277)
	-weaponTokenize.updateOwnerOfWeapon(_weaponId,_buyer) (/sb/0x76063ea512a2f8700ebb5b01d8540b2d0f602cd4.sol#283)
TradeWeapon.putWeaponOnSale (/sb/0x76063ea512a2f8700ebb5b01d8540b2d0f602cd4.sol#285-304) does not use the value returned by external calls:
	-weaponTokenize.updateOwnerOfWeapon(_weaponId,address(this)) (/sb/0x76063ea512a2f8700ebb5b01d8540b2d0f602cd4.sol#289-290)
Reference: https://github.com/trailofbits/slither/wiki/Detectors-Documentation#unused-return[0m
INFO:Detectors:[92m
Reentrancy in TradeWeapon.buywithEth (/sb/0x76063ea512a2f8700ebb5b01d8540b2d0f602cd4.sol#257-285):
	External calls:
	- require(bool,string)(RCCToken.balanceOf(address(this)) >= sellerPrice,11) (/sb/0x76063ea512a2f8700ebb5b01d8540b2d0f602cd4.sol#273-274)
	- RCCToken.transfer(seller,sellerPrice) (/sb/0x76063ea512a2f8700ebb5b01d8540b2d0f602cd4.sol#276-277)
	State variables written after the call(s):
	- indexToWeaponId (/sb/0x76063ea512a2f8700ebb5b01d8540b2d0f602cd4.sol#278-281)
	- isOnSale (/sb/0x76063ea512a2f8700ebb5b01d8540b2d0f602cd4.sol#278-281)
	- totalOrdersMatched (/sb/0x76063ea512a2f8700ebb5b01d8540b2d0f602cd4.sol#281-282)
	- totalWeaponOnSale (/sb/0x76063ea512a2f8700ebb5b01d8540b2d0f602cd4.sol#278-281)
	- weaponIdToIndex (/sb/0x76063ea512a2f8700ebb5b01d8540b2d0f602cd4.sol#278-281)
Reentrancy in TradeWeapon.buywithRCC (/sb/0x76063ea512a2f8700ebb5b01d8540b2d0f602cd4.sol#229-255):
	External calls:
	- allowance = RCCToken.allowance(_buyer,address(this)) (/sb/0x76063ea512a2f8700ebb5b01d8540b2d0f602cd4.sol#234-236)
	State variables written after the call(s):
	- indexToWeaponId (/sb/0x76063ea512a2f8700ebb5b01d8540b2d0f602cd4.sol#243-244)
	- isOnSale (/sb/0x76063ea512a2f8700ebb5b01d8540b2d0f602cd4.sol#243-244)
	- totalWeaponOnSale (/sb/0x76063ea512a2f8700ebb5b01d8540b2d0f602cd4.sol#243-244)
	- weaponIdToIndex (/sb/0x76063ea512a2f8700ebb5b01d8540b2d0f602cd4.sol#243-244)
Reentrancy in TradeWeapon.buywithRCC (/sb/0x76063ea512a2f8700ebb5b01d8540b2d0f602cd4.sol#229-255):
	External calls:
	- allowance = RCCToken.allowance(_buyer,address(this)) (/sb/0x76063ea512a2f8700ebb5b01d8540b2d0f602cd4.sol#234-236)
	- RCCToken.transferFrom(_buyer,seller,sellersPrice) (/sb/0x76063ea512a2f8700ebb5b01d8540b2d0f602cd4.sol#245-246)
	- RCCToken.transferFrom(_buyer,owner,commssion) (/sb/0x76063ea512a2f8700ebb5b01d8540b2d0f602cd4.sol#247)
	State variables written after the call(s):
	- totalOrdersMatched (/sb/0x76063ea512a2f8700ebb5b01d8540b2d0f602cd4.sol#250)
Reentrancy in TradeWeapon.putWeaponOnSale (/sb/0x76063ea512a2f8700ebb5b01d8540b2d0f602cd4.sol#285-304):
	External calls:
	- weaponTokenize.updateOwnerOfWeapon(_weaponId,address(this)) (/sb/0x76063ea512a2f8700ebb5b01d8540b2d0f602cd4.sol#289-290)
	State variables written after the call(s):
	- indexToWeaponId (/sb/0x76063ea512a2f8700ebb5b01d8540b2d0f602cd4.sol#292-293)
	- isOnSale (/sb/0x76063ea512a2f8700ebb5b01d8540b2d0f602cd4.sol#302)
	- totalOrdersPlaced (/sb/0x76063ea512a2f8700ebb5b01d8540b2d0f602cd4.sol#303-304)
	- totalWeaponOnSale (/sb/0x76063ea512a2f8700ebb5b01d8540b2d0f602cd4.sol#298)
	- weaponDetail (/sb/0x76063ea512a2f8700ebb5b01d8540b2d0f602cd4.sol#300-301)
	- weaponIdToIndex (/sb/0x76063ea512a2f8700ebb5b01d8540b2d0f602cd4.sol#294-295)
Reentrancy in TradeWeapon.sellWeapon (/sb/0x76063ea512a2f8700ebb5b01d8540b2d0f602cd4.sol#173-188):
	External calls:
	- weaponOwner = weaponTokenize.getOwnerOf(_weaponId) (/sb/0x76063ea512a2f8700ebb5b01d8540b2d0f602cd4.sol#179-180)
	- putWeaponOnSale(_weaponId,testItem) (/sb/0x76063ea512a2f8700ebb5b01d8540b2d0f602cd4.sol#186)
	State variables written after the call(s):
	- indexToWeaponId (/sb/0x76063ea512a2f8700ebb5b01d8540b2d0f602cd4.sol#186)
	- weaponDetail (/sb/0x76063ea512a2f8700ebb5b01d8540b2d0f602cd4.sol#186)
	- weaponIdToIndex (/sb/0x76063ea512a2f8700ebb5b01d8540b2d0f602cd4.sol#186)
Reentrancy in TradeWeapon.updateSale (/sb/0x76063ea512a2f8700ebb5b01d8540b2d0f602cd4.sol#188-199):
	External calls:
	- weaponOwner = weaponTokenize.getOwnerOf(_weaponId) (/sb/0x76063ea512a2f8700ebb5b01d8540b2d0f602cd4.sol#193-197)
	State variables written after the call(s):
	- weaponDetail (/sb/0x76063ea512a2f8700ebb5b01d8540b2d0f602cd4.sol#197-198)
Reference: https://github.com/trailofbits/slither/wiki/Detectors-Documentation#reentrancy-vulnerabilities-2[0m
INFO:Detectors:[92m
WeaponTokenize.updateOwnerOfWeapon (/sb/0x76063ea512a2f8700ebb5b01d8540b2d0f602cd4.sol#38-39) should be declared external
WeaponTokenize.getOwnerOf (/sb/0x76063ea512a2f8700ebb5b01d8540b2d0f602cd4.sol#39-43) should be declared external
ERC20Interface.transfer (/sb/0x76063ea512a2f8700ebb5b01d8540b2d0f602cd4.sol#43-44) should be declared external
ERC20Interface.balanceOf (/sb/0x76063ea512a2f8700ebb5b01d8540b2d0f602cd4.sol#44-45) should be declared external
ERC20Interface.allowance (/sb/0x76063ea512a2f8700ebb5b01d8540b2d0f602cd4.sol#45-46) should be declared external
ERC20Interface.transferFrom (/sb/0x76063ea512a2f8700ebb5b01d8540b2d0f602cd4.sol#47-52) should be declared external
TradeWeapon.updateRate (/sb/0x76063ea512a2f8700ebb5b01d8540b2d0f602cd4.sol#136-138) should be declared external
TradeWeapon.updateCommission (/sb/0x76063ea512a2f8700ebb5b01d8540b2d0f602cd4.sol#138-146) should be declared external
TradeWeapon.disableSale (/sb/0x76063ea512a2f8700ebb5b01d8540b2d0f602cd4.sol#146-150) should be declared external
TradeWeapon.enableSale (/sb/0x76063ea512a2f8700ebb5b01d8540b2d0f602cd4.sol#150-154) should be declared external
TradeWeapon.disableEthSale (/sb/0x76063ea512a2f8700ebb5b01d8540b2d0f602cd4.sol#154-157) should be declared external
TradeWeapon.enableEthSale (/sb/0x76063ea512a2f8700ebb5b01d8540b2d0f602cd4.sol#157-159) should be declared external
TradeWeapon.addOperator (/sb/0x76063ea512a2f8700ebb5b01d8540b2d0f602cd4.sol#166-171) should be declared external
TradeWeapon.removeOperator (/sb/0x76063ea512a2f8700ebb5b01d8540b2d0f602cd4.sol#171-173) should be declared external
TradeWeapon.sellWeapon (/sb/0x76063ea512a2f8700ebb5b01d8540b2d0f602cd4.sol#173-188) should be declared external
TradeWeapon.updateSale (/sb/0x76063ea512a2f8700ebb5b01d8540b2d0f602cd4.sol#188-199) should be declared external
TradeWeapon.cancelSale (/sb/0x76063ea512a2f8700ebb5b01d8540b2d0f602cd4.sol#199-209) should be declared external
TradeWeapon.buyWeaponWithRCC (/sb/0x76063ea512a2f8700ebb5b01d8540b2d0f602cd4.sol#209-216) should be declared external
TradeWeapon.buyWeaponWithEth (/sb/0x76063ea512a2f8700ebb5b01d8540b2d0f602cd4.sol#216-226) should be declared external
TradeWeapon.getTotalWeaponOnSale (/sb/0x76063ea512a2f8700ebb5b01d8540b2d0f602cd4.sol#339-342) should be declared external
TradeWeapon.getWeaponAt (/sb/0x76063ea512a2f8700ebb5b01d8540b2d0f602cd4.sol#342-346) should be declared external
Reference: https://github.com/trailofbits/slither/wiki/Detectors-Documentation#public-function-that-could-be-declared-as-external[0m
INFO:Detectors:[92m
Parameter '' of WeaponTokenize.updateOwnerOfWeapon (/sb/0x76063ea512a2f8700ebb5b01d8540b2d0f602cd4.sol#38) is not in mixedCase
Parameter '_scope_0' of WeaponTokenize.updateOwnerOfWeapon (/sb/0x76063ea512a2f8700ebb5b01d8540b2d0f602cd4.sol#39) is not in mixedCase
Struct 'TradeWeapon.item' (/sb/0x76063ea512a2f8700ebb5b01d8540b2d0f602cd4.sol#71-75) is not in CapWords
Parameter '_tokenizeAddress' of TradeWeapon. (/sb/0x76063ea512a2f8700ebb5b01d8540b2d0f602cd4.sol#95) is not in mixedCase
Parameter '_rccAddress' of TradeWeapon. (/sb/0x76063ea512a2f8700ebb5b01d8540b2d0f602cd4.sol#95-96) is not in mixedCase
Parameter '_newRate' of TradeWeapon.updateRate (/sb/0x76063ea512a2f8700ebb5b01d8540b2d0f602cd4.sol#136) is not in mixedCase
Parameter '_commssion_n' of TradeWeapon.updateCommission (/sb/0x76063ea512a2f8700ebb5b01d8540b2d0f602cd4.sol#141) is not in mixedCase
Parameter '_commssion_d' of TradeWeapon.updateCommission (/sb/0x76063ea512a2f8700ebb5b01d8540b2d0f602cd4.sol#141-142) is not in mixedCase
Parameter '_operator' of TradeWeapon.removeOperator (/sb/0x76063ea512a2f8700ebb5b01d8540b2d0f602cd4.sol#171) is not in mixedCase
Parameter '_weaponId' of TradeWeapon.sellWeapon (/sb/0x76063ea512a2f8700ebb5b01d8540b2d0f602cd4.sol#174) is not in mixedCase
Parameter '_sellPrice' of TradeWeapon.sellWeapon (/sb/0x76063ea512a2f8700ebb5b01d8540b2d0f602cd4.sol#174) is not in mixedCase
Parameter '_weaponId' of TradeWeapon.updateSale (/sb/0x76063ea512a2f8700ebb5b01d8540b2d0f602cd4.sol#188-189) is not in mixedCase
Parameter '_sellPrice' of TradeWeapon.updateSale (/sb/0x76063ea512a2f8700ebb5b01d8540b2d0f602cd4.sol#189) is not in mixedCase
Parameter '_weaponId' of TradeWeapon.cancelSale (/sb/0x76063ea512a2f8700ebb5b01d8540b2d0f602cd4.sol#200) is not in mixedCase
Parameter '_weaponId' of TradeWeapon.buyWeaponWithRCC (/sb/0x76063ea512a2f8700ebb5b01d8540b2d0f602cd4.sol#211-213) is not in mixedCase
Parameter '_buyer' of TradeWeapon.buyWeaponWithRCC (/sb/0x76063ea512a2f8700ebb5b01d8540b2d0f602cd4.sol#213) is not in mixedCase
Parameter '_weaponId' of TradeWeapon.buyWeaponWithEth (/sb/0x76063ea512a2f8700ebb5b01d8540b2d0f602cd4.sol#217) is not in mixedCase
Parameter '_buyer' of TradeWeapon.buyWeaponWithEth (/sb/0x76063ea512a2f8700ebb5b01d8540b2d0f602cd4.sol#217-218) is not in mixedCase
Parameter '_weaponId' of TradeWeapon.buywithRCC (/sb/0x76063ea512a2f8700ebb5b01d8540b2d0f602cd4.sol#230) is not in mixedCase
Parameter '_buyer' of TradeWeapon.buywithRCC (/sb/0x76063ea512a2f8700ebb5b01d8540b2d0f602cd4.sol#230) is not in mixedCase
Parameter '_weaponId' of TradeWeapon.buywithEth (/sb/0x76063ea512a2f8700ebb5b01d8540b2d0f602cd4.sol#257-258) is not in mixedCase
Parameter '_buyer' of TradeWeapon.buywithEth (/sb/0x76063ea512a2f8700ebb5b01d8540b2d0f602cd4.sol#258) is not in mixedCase
Parameter '_weaponId' of TradeWeapon.putWeaponOnSale (/sb/0x76063ea512a2f8700ebb5b01d8540b2d0f602cd4.sol#287) is not in mixedCase
Parameter '_testItem' of TradeWeapon.putWeaponOnSale (/sb/0x76063ea512a2f8700ebb5b01d8540b2d0f602cd4.sol#287) is not in mixedCase
Parameter '_weaponId' of TradeWeapon.removeWeaponFromSale (/sb/0x76063ea512a2f8700ebb5b01d8540b2d0f602cd4.sol#305) is not in mixedCase
Parameter '_weaponId' of TradeWeapon.getWeaponDetails (/sb/0x76063ea512a2f8700ebb5b01d8540b2d0f602cd4.sol#329) is not in mixedCase
Parameter '_amount' of TradeWeapon.calculateCommission (/sb/0x76063ea512a2f8700ebb5b01d8540b2d0f602cd4.sol#337-338) is not in mixedCase
Parameter '_user' of TradeWeapon.checkOperator (/sb/0x76063ea512a2f8700ebb5b01d8540b2d0f602cd4.sol) is not in mixedCase
Parameter '_operator' of TradeWeapon.checkOperator (/sb/0x76063ea512a2f8700ebb5b01d8540b2d0f602cd4.sol) is not in mixedCase
Variable 'TradeWeapon.RCCToken' (/sb/0x76063ea512a2f8700ebb5b01d8540b2d0f602cd4.sol#57-58) is not in mixedCase
Variable 'TradeWeapon.commssion_n' (/sb/0x76063ea512a2f8700ebb5b01d8540b2d0f602cd4.sol#58) is not in mixedCase
Variable 'TradeWeapon.commssion_d' (/sb/0x76063ea512a2f8700ebb5b01d8540b2d0f602cd4.sol#60-61) is not in mixedCase
Reference: https://github.com/trailofbits/slither/wiki/Detectors-Documentation#conformance-to-solidity-naming-conventions[0m
INFO:Slither:/sb/0x76063ea512a2f8700ebb5b01d8540b2d0f602cd4.sol analyzed (4 contracts), 67 result(s) found
