INFO:Slither:Compilation warnings/errors on /sb/0x42c24b96d363fb2f06e6bd31be8dcbceee2a77a5.sol:
/sb/0x42c24b96d363fb2f06e6bd31be8dcbceee2a77a5.sol:99:3: Warning: Defining constructors as functions with the same name as the contract is deprecated. Use "constructor(...) { ... }" instead.
  function Ownable() {
  ^ (Relevant source part starts here and spans across multiple lines).
/sb/0x42c24b96d363fb2f06e6bd31be8dcbceee2a77a5.sol:505:5: Warning: Defining constructors as functions with the same name as the contract is deprecated. Use "constructor(...) { ... }" instead.
    function Entropy() {
    ^ (Relevant source part starts here and spans across multiple lines).
/sb/0x42c24b96d363fb2f06e6bd31be8dcbceee2a77a5.sol:139:5: Warning: Invoking events without "emit" prefix is deprecated.
    OwnershipTransferred(owner, newOwner);
    ^-----------------------------------^
/sb/0x42c24b96d363fb2f06e6bd31be8dcbceee2a77a5.sol:215:5: Warning: Invoking events without "emit" prefix is deprecated.
    Transfer(msg.sender, _to, _value);
    ^-------------------------------^
/sb/0x42c24b96d363fb2f06e6bd31be8dcbceee2a77a5.sol:325:5: Warning: Invoking events without "emit" prefix is deprecated.
    Transfer(_from, _to, _value);
    ^--------------------------^
/sb/0x42c24b96d363fb2f06e6bd31be8dcbceee2a77a5.sol:357:5: Warning: Invoking events without "emit" prefix is deprecated.
    Approval(msg.sender, _spender, _value);
    ^------------------------------------^
/sb/0x42c24b96d363fb2f06e6bd31be8dcbceee2a77a5.sol:403:5: Warning: Invoking events without "emit" prefix is deprecated.
    Approval(msg.sender, _spender, allowed[msg.sender][_spender]);
    ^-----------------------------------------------------------^
/sb/0x42c24b96d363fb2f06e6bd31be8dcbceee2a77a5.sol:427:5: Warning: Invoking events without "emit" prefix is deprecated.
    Approval(msg.sender, _spender, allowed[msg.sender][_spender]);
    ^-----------------------------------------------------------^
/sb/0x42c24b96d363fb2f06e6bd31be8dcbceee2a77a5.sol:481:9: Warning: Invoking events without "emit" prefix is deprecated.
        Burn(burner, _value);
        ^------------------^
/sb/0x42c24b96d363fb2f06e6bd31be8dcbceee2a77a5.sol:99:3: Warning: No visibility specified. Defaulting to "public". 
  function Ownable() {
  ^ (Relevant source part starts here and spans across multiple lines).
/sb/0x42c24b96d363fb2f06e6bd31be8dcbceee2a77a5.sol:397:3: Warning: No visibility specified. Defaulting to "public". 
  function increaseApproval (address _spender, uint _addedValue)
  ^ (Relevant source part starts here and spans across multiple lines).
/sb/0x42c24b96d363fb2f06e6bd31be8dcbceee2a77a5.sol:411:3: Warning: No visibility specified. Defaulting to "public". 
  function decreaseApproval (address _spender, uint _subtractedValue)
  ^ (Relevant source part starts here and spans across multiple lines).
/sb/0x42c24b96d363fb2f06e6bd31be8dcbceee2a77a5.sol:505:5: Warning: No visibility specified. Defaulting to "public". 
    function Entropy() {
    ^ (Relevant source part starts here and spans across multiple lines).
/sb/0x42c24b96d363fb2f06e6bd31be8dcbceee2a77a5.sol:15:3: Warning: Function state mutability can be restricted to pure
  function mul(uint256 a, uint256 b) internal constant returns (uint256) {
  ^ (Relevant source part starts here and spans across multiple lines).
/sb/0x42c24b96d363fb2f06e6bd31be8dcbceee2a77a5.sol:27:3: Warning: Function state mutability can be restricted to pure
  function div(uint256 a, uint256 b) internal constant returns (uint256) {
  ^ (Relevant source part starts here and spans across multiple lines).
/sb/0x42c24b96d363fb2f06e6bd31be8dcbceee2a77a5.sol:41:3: Warning: Function state mutability can be restricted to pure
  function sub(uint256 a, uint256 b) internal constant returns (uint256) {
  ^ (Relevant source part starts here and spans across multiple lines).
/sb/0x42c24b96d363fb2f06e6bd31be8dcbceee2a77a5.sol:51:3: Warning: Function state mutability can be restricted to pure
  function add(uint256 a, uint256 b) internal constant returns (uint256) {
  ^ (Relevant source part starts here and spans across multiple lines).

INFO:Detectors:[92m
Ownable.transferOwnership (/sb/0x42c24b96d363fb2f06e6bd31be8dcbceee2a77a5.sol#139-159) should be declared external
ERC20Basic.balanceOf (/sb/0x42c24b96d363fb2f06e6bd31be8dcbceee2a77a5.sol#167-177) should be declared external
BasicToken.balanceOf (/sb/0x42c24b96d363fb2f06e6bd31be8dcbceee2a77a5.sol#251-255) should be declared external
BasicToken.transfer (/sb/0x42c24b96d363fb2f06e6bd31be8dcbceee2a77a5.sol#211-233) should be declared external
ERC20Basic.transfer (/sb/0x42c24b96d363fb2f06e6bd31be8dcbceee2a77a5.sol#177-179) should be declared external
ERC20.allowance (/sb/0x42c24b96d363fb2f06e6bd31be8dcbceee2a77a5.sol#259-264) should be declared external
StandardToken.allowance (/sb/0x42c24b96d363fb2f06e6bd31be8dcbceee2a77a5.sol#393-401) should be declared external
ERC20.transferFrom (/sb/0x42c24b96d363fb2f06e6bd31be8dcbceee2a77a5.sol#267-273) should be declared external
StandardToken.transferFrom (/sb/0x42c24b96d363fb2f06e6bd31be8dcbceee2a77a5.sol#315-341) should be declared external
ERC20.approve (/sb/0x42c24b96d363fb2f06e6bd31be8dcbceee2a77a5.sol#275-277) should be declared external
StandardToken.approve (/sb/0x42c24b96d363fb2f06e6bd31be8dcbceee2a77a5.sol#371-377) should be declared external
StandardToken.increaseApproval (/sb/0x42c24b96d363fb2f06e6bd31be8dcbceee2a77a5.sol#415-429) should be declared external
StandardToken.decreaseApproval (/sb/0x42c24b96d363fb2f06e6bd31be8dcbceee2a77a5.sol#430-467) should be declared external
BurnableToken.burn (/sb/0x42c24b96d363fb2f06e6bd31be8dcbceee2a77a5.sol#481-513) should be declared external
Reference: https://github.com/trailofbits/slither/wiki/Detectors-Documentation#public-function-that-could-be-declared-as-external[0m
INFO:Detectors:[92m
Detected issues with version pragma in /sb/0x42c24b96d363fb2f06e6bd31be8dcbceee2a77a5.sol:
	- pragma solidity^0.4.12 (/sb/0x42c24b96d363fb2f06e6bd31be8dcbceee2a77a5.sol#1): it allows old versions
Reference: https://github.com/trailofbits/slither/wiki/Detectors-Documentation#incorrect-version-of-solidity[0m
INFO:Detectors:[92m
Function 'Ownable.Ownable' (/sb/0x42c24b96d363fb2f06e6bd31be8dcbceee2a77a5.sol#111-115) is not in mixedCase
Parameter '_owner' of BasicToken.balanceOf (/sb/0x42c24b96d363fb2f06e6bd31be8dcbceee2a77a5.sol#253) is not in mixedCase
Parameter '_to' of BasicToken.transfer (/sb/0x42c24b96d363fb2f06e6bd31be8dcbceee2a77a5.sol#211) is not in mixedCase
Parameter '_value' of BasicToken.transfer (/sb/0x42c24b96d363fb2f06e6bd31be8dcbceee2a77a5.sol#213) is not in mixedCase
Parameter '_owner' of StandardToken.allowance (/sb/0x42c24b96d363fb2f06e6bd31be8dcbceee2a77a5.sol#397) is not in mixedCase
Parameter '_spender' of StandardToken.allowance (/sb/0x42c24b96d363fb2f06e6bd31be8dcbceee2a77a5.sol#397) is not in mixedCase
Parameter '_from' of StandardToken.transferFrom (/sb/0x42c24b96d363fb2f06e6bd31be8dcbceee2a77a5.sol#315-319) is not in mixedCase
Parameter '_to' of StandardToken.transferFrom (/sb/0x42c24b96d363fb2f06e6bd31be8dcbceee2a77a5.sol#319) is not in mixedCase
Parameter '_value' of StandardToken.transferFrom (/sb/0x42c24b96d363fb2f06e6bd31be8dcbceee2a77a5.sol#319) is not in mixedCase
Parameter '_spender' of StandardToken.approve (/sb/0x42c24b96d363fb2f06e6bd31be8dcbceee2a77a5.sol#371) is not in mixedCase
Parameter '_value' of StandardToken.approve (/sb/0x42c24b96d363fb2f06e6bd31be8dcbceee2a77a5.sol#371) is not in mixedCase
Parameter '_spender' of StandardToken.increaseApproval (/sb/0x42c24b96d363fb2f06e6bd31be8dcbceee2a77a5.sol#415-417) is not in mixedCase
Parameter '_addedValue' of StandardToken.increaseApproval (/sb/0x42c24b96d363fb2f06e6bd31be8dcbceee2a77a5.sol#417) is not in mixedCase
Parameter '_spender' of StandardToken.decreaseApproval (/sb/0x42c24b96d363fb2f06e6bd31be8dcbceee2a77a5.sol#441-442) is not in mixedCase
Parameter '_subtractedValue' of StandardToken.decreaseApproval (/sb/0x42c24b96d363fb2f06e6bd31be8dcbceee2a77a5.sol#443) is not in mixedCase
Parameter '_value' of BurnableToken.burn (/sb/0x42c24b96d363fb2f06e6bd31be8dcbceee2a77a5.sol#481-489) is not in mixedCase
Function 'Entropy.Entropy' (/sb/0x42c24b96d363fb2f06e6bd31be8dcbceee2a77a5.sol) is not in mixedCase
Constant 'Entropy.initialSupply' (/sb/0x42c24b96d363fb2f06e6bd31be8dcbceee2a77a5.sol) is not in UPPER_CASE_WITH_UNDERSCORES
Reference: https://github.com/trailofbits/slither/wiki/Detectors-Documentation#conformance-to-solidity-naming-conventions[0m
INFO:Slither:/sb/0x42c24b96d363fb2f06e6bd31be8dcbceee2a77a5.sol analyzed (8 contracts), 33 result(s) found
