INFO:Slither:Compilation warnings/errors on /sb/0xd8ca5d93f12d9b6ea8c1b19513b26b44d01316c4.sol:
/sb/0xd8ca5d93f12d9b6ea8c1b19513b26b44d01316c4.sol:91:5: Warning: Function state mutability can be restricted to pure
    function devFee(uint256 amount) public view returns(uint256){
    ^ (Relevant source part starts here and spans across multiple lines).
/sb/0xd8ca5d93f12d9b6ea8c1b19513b26b44d01316c4.sol:128:5: Warning: Function state mutability can be restricted to pure
    function getDiff(uint256 a, uint256 b) public view returns(uint256) {
    ^ (Relevant source part starts here and spans across multiple lines).

INFO:Detectors:[93m
Reentrancy in EtherShrimpFutures.getFreeShrimp (/sb/0xd8ca5d93f12d9b6ea8c1b19513b26b44d01316c4.sol#102-112):
	External calls:
	- lastHatchPrice[msg.sender] = getPrice() (/sb/0xd8ca5d93f12d9b6ea8c1b19513b26b44d01316c4.sol#109)
	State variables written after the call(s):
	- hatcheryShrimp (/sb/0xd8ca5d93f12d9b6ea8c1b19513b26b44d01316c4.sol#110-111)
Reentrancy in EtherShrimpFutures.hatchEggs (/sb/0xd8ca5d93f12d9b6ea8c1b19513b26b44d01316c4.sol#31-48):
	External calls:
	- lastHatchPrice[msg.sender] = getPrice() (/sb/0xd8ca5d93f12d9b6ea8c1b19513b26b44d01316c4.sol#41-43)
	State variables written after the call(s):
	- claimedEggs (/sb/0xd8ca5d93f12d9b6ea8c1b19513b26b44d01316c4.sol#43-44)
Reentrancy in EtherShrimpFutures.sellEggs (/sb/0xd8ca5d93f12d9b6ea8c1b19513b26b44d01316c4.sol#48-60):
	External calls:
	- eggValue = calculateEggSell(hasEggs,msg.sender) (/sb/0xd8ca5d93f12d9b6ea8c1b19513b26b44d01316c4.sol#50-52)
	State variables written after the call(s):
	- claimedEggs (/sb/0xd8ca5d93f12d9b6ea8c1b19513b26b44d01316c4.sol#54-55)
	- lastHatch (/sb/0xd8ca5d93f12d9b6ea8c1b19513b26b44d01316c4.sol#55)
	- marketEggs (/sb/0xd8ca5d93f12d9b6ea8c1b19513b26b44d01316c4.sol#56-57)
Reference: https://github.com/trailofbits/slither/wiki/Detectors-Documentation#reentrancy-vulnerabilities-1[0m
INFO:Detectors:[93m
diff in EtherShrimpFutures.getDiff (/sb/0xd8ca5d93f12d9b6ea8c1b19513b26b44d01316c4.sol#133) is a local variable never initialiazed
Reference: https://github.com/trailofbits/slither/wiki/Detectors-Documentation#uninitialized-local-variables[0m
INFO:Detectors:[92m
Reentrancy in EtherShrimpFutures.hatchEggs (/sb/0xd8ca5d93f12d9b6ea8c1b19513b26b44d01316c4.sol#31-48):
	External calls:
	- lastHatchPrice[msg.sender] = getPrice() (/sb/0xd8ca5d93f12d9b6ea8c1b19513b26b44d01316c4.sol#41-43)
	State variables written after the call(s):
	- marketEggs (/sb/0xd8ca5d93f12d9b6ea8c1b19513b26b44d01316c4.sol#45-48)
Reference: https://github.com/trailofbits/slither/wiki/Detectors-Documentation#reentrancy-vulnerabilities-2[0m
INFO:Detectors:[92m
EtherShrimpFutures.EGGS_TO_HATCH_1SHRIMP should be constant (/sb/0xd8ca5d93f12d9b6ea8c1b19513b26b44d01316c4.sol#13)
EtherShrimpFutures.PSN should be constant (/sb/0xd8ca5d93f12d9b6ea8c1b19513b26b44d01316c4.sol#15-16)
EtherShrimpFutures.PSNH should be constant (/sb/0xd8ca5d93f12d9b6ea8c1b19513b26b44d01316c4.sol#16-17)
EtherShrimpFutures.STARTING_SHRIMP should be constant (/sb/0xd8ca5d93f12d9b6ea8c1b19513b26b44d01316c4.sol#14-15)
EtherShrimpFutures.dai should be constant (/sb/0xd8ca5d93f12d9b6ea8c1b19513b26b44d01316c4.sol#11-12)
EtherShrimpFutures.weth should be constant (/sb/0xd8ca5d93f12d9b6ea8c1b19513b26b44d01316c4.sol#12-13)
Reference: https://github.com/trailofbits/slither/wiki/Detectors-Documentation#state-variables-that-could-be-declared-constant[0m
INFO:Detectors:[92m
Oasis.getBestOffer (/sb/0xd8ca5d93f12d9b6ea8c1b19513b26b44d01316c4.sol#4-5) should be declared external
Oasis.getOffer (/sb/0xd8ca5d93f12d9b6ea8c1b19513b26b44d01316c4.sol#5-8) should be declared external
EtherShrimpFutures.hatchEggs (/sb/0xd8ca5d93f12d9b6ea8c1b19513b26b44d01316c4.sol#31-48) should be declared external
EtherShrimpFutures.sellEggs (/sb/0xd8ca5d93f12d9b6ea8c1b19513b26b44d01316c4.sol#48-60) should be declared external
EtherShrimpFutures.buyEggs (/sb/0xd8ca5d93f12d9b6ea8c1b19513b26b44d01316c4.sol#60-71) should be declared external
EtherShrimpFutures.calculateEggBuySimple (/sb/0xd8ca5d93f12d9b6ea8c1b19513b26b44d01316c4.sol#89-92) should be declared external
EtherShrimpFutures.seedMarket (/sb/0xd8ca5d93f12d9b6ea8c1b19513b26b44d01316c4.sol#95-102) should be declared external
EtherShrimpFutures.getFreeShrimp (/sb/0xd8ca5d93f12d9b6ea8c1b19513b26b44d01316c4.sol#102-112) should be declared external
EtherShrimpFutures.getBalance (/sb/0xd8ca5d93f12d9b6ea8c1b19513b26b44d01316c4.sol#112-115) should be declared external
EtherShrimpFutures.getMyShrimp (/sb/0xd8ca5d93f12d9b6ea8c1b19513b26b44d01316c4.sol#115-116) should be declared external
EtherShrimpFutures.getLastHatchPrice (/sb/0xd8ca5d93f12d9b6ea8c1b19513b26b44d01316c4.sol#125-128) should be declared external
EtherShrimpFutures.getPoolAvgHatchPrice (/sb/0xd8ca5d93f12d9b6ea8c1b19513b26b44d01316c4.sol#153-164) should be declared external
Reference: https://github.com/trailofbits/slither/wiki/Detectors-Documentation#public-function-that-could-be-declared-as-external[0m
INFO:Detectors:[92m
Parameter 'sell_gem' of Oasis.getBestOffer (/sb/0xd8ca5d93f12d9b6ea8c1b19513b26b44d01316c4.sol#4) is not in mixedCase
Parameter 'buy_gem' of Oasis.getBestOffer (/sb/0xd8ca5d93f12d9b6ea8c1b19513b26b44d01316c4.sol#4) is not in mixedCase
Variable 'EtherShrimpFutures.EGGS_TO_HATCH_1SHRIMP' (/sb/0xd8ca5d93f12d9b6ea8c1b19513b26b44d01316c4.sol#13) is not in mixedCase
Variable 'EtherShrimpFutures.STARTING_SHRIMP' (/sb/0xd8ca5d93f12d9b6ea8c1b19513b26b44d01316c4.sol#14-15) is not in mixedCase
Variable 'EtherShrimpFutures.PSN' (/sb/0xd8ca5d93f12d9b6ea8c1b19513b26b44d01316c4.sol#15-16) is not in mixedCase
Variable 'EtherShrimpFutures.PSNH' (/sb/0xd8ca5d93f12d9b6ea8c1b19513b26b44d01316c4.sol#16-17) is not in mixedCase
Reference: https://github.com/trailofbits/slither/wiki/Detectors-Documentation#conformance-to-solidity-naming-conventions[0m
INFO:Slither:/sb/0xd8ca5d93f12d9b6ea8c1b19513b26b44d01316c4.sol analyzed (3 contracts), 24 result(s) found
