INFO:Slither:Compilation warnings/errors on /sb/0x0b65614049a6ae7ea9b1ff1a9cb47fa158acb55e.sol:
/sb/0x0b65614049a6ae7ea9b1ff1a9cb47fa158acb55e.sol:28:5: Warning: Defining constructors as functions with the same name as the contract is deprecated. Use "constructor(...) { ... }" instead.
    function LacesToken(
    ^ (Relevant source part starts here and spans across multiple lines).

INFO:Detectors:[93m
LacesToken (/sb/0x0b65614049a6ae7ea9b1ff1a9cb47fa158acb55e.sol#5-153) has incorrect ERC20 function interface(s):
	-transfer (/sb/0x0b65614049a6ae7ea9b1ff1a9cb47fa158acb55e.sol#69-75)
Reference: https://github.com/trailofbits/slither/wiki/Detectors-Documentation#incorrect-erc20-interface[0m
INFO:Detectors:[92m
LacesToken.decimals should be constant (/sb/0x0b65614049a6ae7ea9b1ff1a9cb47fa158acb55e.sol#9-10)
Reference: https://github.com/trailofbits/slither/wiki/Detectors-Documentation#state-variables-that-could-be-declared-constant[0m
INFO:Detectors:[92m
LacesToken.transfer (/sb/0x0b65614049a6ae7ea9b1ff1a9cb47fa158acb55e.sol#69-75) should be declared external
LacesToken.transferFrom (/sb/0x0b65614049a6ae7ea9b1ff1a9cb47fa158acb55e.sol#81-91) should be declared external
LacesToken.approveAndCall (/sb/0x0b65614049a6ae7ea9b1ff1a9cb47fa158acb55e.sol#113-126) should be declared external
LacesToken.burn (/sb/0x0b65614049a6ae7ea9b1ff1a9cb47fa158acb55e.sol#129-139) should be declared external
LacesToken.burnFrom (/sb/0x0b65614049a6ae7ea9b1ff1a9cb47fa158acb55e.sol#145-153) should be declared external
Reference: https://github.com/trailofbits/slither/wiki/Detectors-Documentation#public-function-that-could-be-declared-as-external[0m
INFO:Detectors:[92m
Detected issues with version pragma in /sb/0x0b65614049a6ae7ea9b1ff1a9cb47fa158acb55e.sol:
	- pragma solidity^0.4.16 (/sb/0x0b65614049a6ae7ea9b1ff1a9cb47fa158acb55e.sol#1): it allows old versions
Reference: https://github.com/trailofbits/slither/wiki/Detectors-Documentation#incorrect-version-of-solidity[0m
INFO:Detectors:[92m
Contract 'tokenRecipient' (/sb/0x0b65614049a6ae7ea9b1ff1a9cb47fa158acb55e.sol#3-5) is not in CapWords
Function 'LacesToken.LacesToken' (/sb/0x0b65614049a6ae7ea9b1ff1a9cb47fa158acb55e.sol#29-40) is not in mixedCase
Function 'LacesToken._transfer' (/sb/0x0b65614049a6ae7ea9b1ff1a9cb47fa158acb55e.sol#42-63) is not in mixedCase
Parameter '_from' of LacesToken._transfer (/sb/0x0b65614049a6ae7ea9b1ff1a9cb47fa158acb55e.sol#42-43) is not in mixedCase
Parameter '_to' of LacesToken._transfer (/sb/0x0b65614049a6ae7ea9b1ff1a9cb47fa158acb55e.sol#43) is not in mixedCase
Parameter '_value' of LacesToken._transfer (/sb/0x0b65614049a6ae7ea9b1ff1a9cb47fa158acb55e.sol#43) is not in mixedCase
Parameter '_to' of LacesToken.transfer (/sb/0x0b65614049a6ae7ea9b1ff1a9cb47fa158acb55e.sol#69) is not in mixedCase
Parameter '_value' of LacesToken.transfer (/sb/0x0b65614049a6ae7ea9b1ff1a9cb47fa158acb55e.sol#69-72) is not in mixedCase
Parameter '_from' of LacesToken.transferFrom (/sb/0x0b65614049a6ae7ea9b1ff1a9cb47fa158acb55e.sol#82) is not in mixedCase
Parameter '_to' of LacesToken.transferFrom (/sb/0x0b65614049a6ae7ea9b1ff1a9cb47fa158acb55e.sol#82) is not in mixedCase
Parameter '_value' of LacesToken.transferFrom (/sb/0x0b65614049a6ae7ea9b1ff1a9cb47fa158acb55e.sol#82) is not in mixedCase
Parameter '_spender' of LacesToken.approve (/sb/0x0b65614049a6ae7ea9b1ff1a9cb47fa158acb55e.sol#98) is not in mixedCase
Parameter '_value' of LacesToken.approve (/sb/0x0b65614049a6ae7ea9b1ff1a9cb47fa158acb55e.sol#98-99) is not in mixedCase
Parameter '_spender' of LacesToken.approveAndCall (/sb/0x0b65614049a6ae7ea9b1ff1a9cb47fa158acb55e.sol#114) is not in mixedCase
Parameter '_value' of LacesToken.approveAndCall (/sb/0x0b65614049a6ae7ea9b1ff1a9cb47fa158acb55e.sol#114) is not in mixedCase
Parameter '_extraData' of LacesToken.approveAndCall (/sb/0x0b65614049a6ae7ea9b1ff1a9cb47fa158acb55e.sol#114-115) is not in mixedCase
Parameter '_value' of LacesToken.burn (/sb/0x0b65614049a6ae7ea9b1ff1a9cb47fa158acb55e.sol#129-130) is not in mixedCase
Parameter '_from' of LacesToken.burnFrom (/sb/0x0b65614049a6ae7ea9b1ff1a9cb47fa158acb55e.sol#145) is not in mixedCase
Parameter '_value' of LacesToken.burnFrom (/sb/0x0b65614049a6ae7ea9b1ff1a9cb47fa158acb55e.sol#145-146) is not in mixedCase
Reference: https://github.com/trailofbits/slither/wiki/Detectors-Documentation#conformance-to-solidity-naming-conventions[0m
INFO:Slither:/sb/0x0b65614049a6ae7ea9b1ff1a9cb47fa158acb55e.sol analyzed (2 contracts), 27 result(s) found
