INFO:Slither:Compilation warnings/errors on /sb/0xd18e99dc3fd3ae928ec4fe1ef3d70ce0039285e5.sol:
/sb/0xd18e99dc3fd3ae928ec4fe1ef3d70ce0039285e5.sol:63:5: Warning: Defining constructors as functions with the same name as the contract is deprecated. Use "constructor(...) { ... }" instead.
    function OBTCoin () public {
    ^ (Relevant source part starts here and spans across multiple lines).
/sb/0xd18e99dc3fd3ae928ec4fe1ef3d70ce0039285e5.sol:91:9: Warning: Invoking events without "emit" prefix is deprecated.
        Transfer(msg.sender, _to, _amount);
        ^--------------------------------^
/sb/0xd18e99dc3fd3ae928ec4fe1ef3d70ce0039285e5.sol:104:9: Warning: Invoking events without "emit" prefix is deprecated.
        Transfer(_from, _to, _amount);
        ^---------------------------^
/sb/0xd18e99dc3fd3ae928ec4fe1ef3d70ce0039285e5.sol:110:9: Warning: Invoking events without "emit" prefix is deprecated.
        Approval(msg.sender, _spender, _value);
        ^------------------------------------^
/sb/0xd18e99dc3fd3ae928ec4fe1ef3d70ce0039285e5.sol:119:32: Warning: Using contract member "balance" inherited from the address type is deprecated. Convert the contract to "address" type to access the member, for example use "address(contract).balance" instead.
        uint256 etherBalance = this.balance;
                               ^----------^
/sb/0xd18e99dc3fd3ae928ec4fe1ef3d70ce0039285e5.sol:129:9: Warning: Invoking events without "emit" prefix is deprecated.
        Burn(burner, _value);
        ^------------------^
/sb/0xd18e99dc3fd3ae928ec4fe1ef3d70ce0039285e5.sol:134:9: Warning: Invoking events without "emit" prefix is deprecated.
        Approval(msg.sender, _spender, _value);
        ^------------------------------------^

INFO:Detectors:[93m
OBTCoin.totalSupply (/sb/0xd18e99dc3fd3ae928ec4fe1ef3d70ce0039285e5.sol#54) shadows:
	- ERC20Basic.totalSupply (/sb/0xd18e99dc3fd3ae928ec4fe1ef3d70ce0039285e5.sol#28-29)
Reference: https://github.com/trailofbits/slither/wiki/Detectors-Documentation#state-variable-shadowing-from-abstract-contracts[0m
INFO:Detectors:[92m
ERC20Basic.totalSupply should be constant (/sb/0xd18e99dc3fd3ae928ec4fe1ef3d70ce0039285e5.sol#28-29)
Reference: https://github.com/trailofbits/slither/wiki/Detectors-Documentation#state-variables-that-could-be-declared-constant[0m
INFO:Detectors:[92m
OBTCoin.balanceOf (/sb/0xd18e99dc3fd3ae928ec4fe1ef3d70ce0039285e5.sol#75-79) should be declared external
ERC20Basic.balanceOf (/sb/0xd18e99dc3fd3ae928ec4fe1ef3d70ce0039285e5.sol#29-30) should be declared external
OBTCoin.transfer (/sb/0xd18e99dc3fd3ae928ec4fe1ef3d70ce0039285e5.sol#84-95) should be declared external
ERC20Basic.transfer (/sb/0xd18e99dc3fd3ae928ec4fe1ef3d70ce0039285e5.sol#30-31) should be declared external
OBTCoin.allowance (/sb/0xd18e99dc3fd3ae928ec4fe1ef3d70ce0039285e5.sol#115-120) should be declared external
ERC20.allowance (/sb/0xd18e99dc3fd3ae928ec4fe1ef3d70ce0039285e5.sol#35-36) should be declared external
OBTCoin.transferFrom (/sb/0xd18e99dc3fd3ae928ec4fe1ef3d70ce0039285e5.sol#95-109) should be declared external
ERC20.transferFrom (/sb/0xd18e99dc3fd3ae928ec4fe1ef3d70ce0039285e5.sol#36-37) should be declared external
ERC20.approve (/sb/0xd18e99dc3fd3ae928ec4fe1ef3d70ce0039285e5.sol#37-38) should be declared external
OBTCoin.approve (/sb/0xd18e99dc3fd3ae928ec4fe1ef3d70ce0039285e5.sol#109-115) should be declared external
OBTCoin.transferOwnership (/sb/0xd18e99dc3fd3ae928ec4fe1ef3d70ce0039285e5.sol#69-74) should be declared external
OBTCoin.withdraw (/sb/0xd18e99dc3fd3ae928ec4fe1ef3d70ce0039285e5.sol#120-126) should be declared external
OBTCoin.burn (/sb/0xd18e99dc3fd3ae928ec4fe1ef3d70ce0039285e5.sol#126-133) should be declared external
OBTCoin.approveAndCall (/sb/0xd18e99dc3fd3ae928ec4fe1ef3d70ce0039285e5.sol#133-139) should be declared external
Reference: https://github.com/trailofbits/slither/wiki/Detectors-Documentation#public-function-that-could-be-declared-as-external[0m
INFO:Detectors:[92m
Detected issues with version pragma in /sb/0xd18e99dc3fd3ae928ec4fe1ef3d70ce0039285e5.sol:
	- pragma solidity^0.4.18 (/sb/0xd18e99dc3fd3ae928ec4fe1ef3d70ce0039285e5.sol#1): it allows old versions
Reference: https://github.com/trailofbits/slither/wiki/Detectors-Documentation#incorrect-version-of-solidity[0m
INFO:Detectors:[92m
Low level call in OBTCoin.approveAndCall (/sb/0xd18e99dc3fd3ae928ec4fe1ef3d70ce0039285e5.sol#133-139):
	-require(bool)(_spender.call(bytes4(bytes32(keccak256()(receiveApproval(address,uint256,address,bytes)))),msg.sender,_value,this,_extraData)) /sb/0xd18e99dc3fd3ae928ec4fe1ef3d70ce0039285e5.sol#136-139
Reference: https://github.com/trailofbits/slither/wiki/Detectors-Documentation#low-level-calls[0m
INFO:Detectors:[92m
Parameter '_owner' of OBTCoin.balanceOf (/sb/0xd18e99dc3fd3ae928ec4fe1ef3d70ce0039285e5.sol#75-76) is not in mixedCase
Parameter '_to' of OBTCoin.transfer (/sb/0xd18e99dc3fd3ae928ec4fe1ef3d70ce0039285e5.sol#84-86) is not in mixedCase
Parameter '_amount' of OBTCoin.transfer (/sb/0xd18e99dc3fd3ae928ec4fe1ef3d70ce0039285e5.sol#86) is not in mixedCase
Parameter '_owner' of OBTCoin.allowance (/sb/0xd18e99dc3fd3ae928ec4fe1ef3d70ce0039285e5.sol#116-118) is not in mixedCase
Parameter '_spender' of OBTCoin.allowance (/sb/0xd18e99dc3fd3ae928ec4fe1ef3d70ce0039285e5.sol#118) is not in mixedCase
Parameter '_from' of OBTCoin.transferFrom (/sb/0xd18e99dc3fd3ae928ec4fe1ef3d70ce0039285e5.sol#95-97) is not in mixedCase
Parameter '_to' of OBTCoin.transferFrom (/sb/0xd18e99dc3fd3ae928ec4fe1ef3d70ce0039285e5.sol#97) is not in mixedCase
Parameter '_amount' of OBTCoin.transferFrom (/sb/0xd18e99dc3fd3ae928ec4fe1ef3d70ce0039285e5.sol#97) is not in mixedCase
Parameter '_spender' of OBTCoin.approve (/sb/0xd18e99dc3fd3ae928ec4fe1ef3d70ce0039285e5.sol#109-110) is not in mixedCase
Parameter '_value' of OBTCoin.approve (/sb/0xd18e99dc3fd3ae928ec4fe1ef3d70ce0039285e5.sol#110) is not in mixedCase
Function 'OBTCoin.OBTCoin' (/sb/0xd18e99dc3fd3ae928ec4fe1ef3d70ce0039285e5.sol#65-68) is not in mixedCase
Parameter '_value' of OBTCoin.burn (/sb/0xd18e99dc3fd3ae928ec4fe1ef3d70ce0039285e5.sol#127) is not in mixedCase
Parameter '_spender' of OBTCoin.approveAndCall (/sb/0xd18e99dc3fd3ae928ec4fe1ef3d70ce0039285e5.sol#133-134) is not in mixedCase
Parameter '_value' of OBTCoin.approveAndCall (/sb/0xd18e99dc3fd3ae928ec4fe1ef3d70ce0039285e5.sol#134) is not in mixedCase
Parameter '_extraData' of OBTCoin.approveAndCall (/sb/0xd18e99dc3fd3ae928ec4fe1ef3d70ce0039285e5.sol#134-135) is not in mixedCase
Reference: https://github.com/trailofbits/slither/wiki/Detectors-Documentation#conformance-to-solidity-naming-conventions[0m
INFO:Slither:/sb/0xd18e99dc3fd3ae928ec4fe1ef3d70ce0039285e5.sol analyzed (4 contracts), 33 result(s) found
