INFO:Slither:Compilation warnings/errors on /sb/0x01ad3c7da8364d3f73d8ba6deb88c2add26a7837.sol:
/sb/0x01ad3c7da8364d3f73d8ba6deb88c2add26a7837.sol:1477:46: Warning: Initial value for constant variable has to be compile-time constant. This will fail to compile with the next breaking version change.
    uint256 public constant INITIAL_SUPPLY = 1000000000 * (10 ** uint256(decimals()));
                                             ^--------------------------------------^
/sb/0x01ad3c7da8364d3f73d8ba6deb88c2add26a7837.sol:376:9: Warning: Unused function parameter. Remove or comment out the variable name to silence this warning.
        address beneficiary,
        ^-----------------^
/sb/0x01ad3c7da8364d3f73d8ba6deb88c2add26a7837.sol:377:9: Warning: Unused function parameter. Remove or comment out the variable name to silence this warning.
        uint256 weiAmount
        ^---------------^
/sb/0x01ad3c7da8364d3f73d8ba6deb88c2add26a7837.sol:419:9: Warning: Unused function parameter. Remove or comment out the variable name to silence this warning.
        address beneficiary,
        ^-----------------^
/sb/0x01ad3c7da8364d3f73d8ba6deb88c2add26a7837.sol:420:9: Warning: Unused function parameter. Remove or comment out the variable name to silence this warning.
        uint256 weiAmount
        ^---------------^
/sb/0x01ad3c7da8364d3f73d8ba6deb88c2add26a7837.sol:835:32: Warning: Unused function parameter. Remove or comment out the variable name to silence this warning.
    function withdrawalAllowed(address payee) public view returns (bool) {
                               ^-----------^
/sb/0x01ad3c7da8364d3f73d8ba6deb88c2add26a7837.sol:359:5: Warning: Function state mutability can be restricted to pure
    function _preValidatePurchase(
    ^ (Relevant source part starts here and spans across multiple lines).
/sb/0x01ad3c7da8364d3f73d8ba6deb88c2add26a7837.sol:375:5: Warning: Function state mutability can be restricted to pure
    function _postValidatePurchase(
    ^ (Relevant source part starts here and spans across multiple lines).
/sb/0x01ad3c7da8364d3f73d8ba6deb88c2add26a7837.sol:418:5: Warning: Function state mutability can be restricted to pure
    function _updatePurchasingState(
    ^ (Relevant source part starts here and spans across multiple lines).
/sb/0x01ad3c7da8364d3f73d8ba6deb88c2add26a7837.sol:626:5: Warning: Function state mutability can be restricted to pure
    function _finalization() internal {
    ^ (Relevant source part starts here and spans across multiple lines).

INFO:Detectors:[91m
RefundEscrow.beneficiaryWithdraw (/sb/0x01ad3c7da8364d3f73d8ba6deb88c2add26a7837.sol#849-851) sends eth to arbitrary user
	Dangerous calls:
	- _beneficiary.transfer(address(this).balance) (/sb/0x01ad3c7da8364d3f73d8ba6deb88c2add26a7837.sol#850)
Reference: https://github.com/trailofbits/slither/wiki/Detectors-Documentation#functions-that-send-ether-to-arbitrary-destinations[0m
INFO:Detectors:[92m
Crowdsale.constructor.rate (local variable @ /sb/0x01ad3c7da8364d3f73d8ba6deb88c2add26a7837.sol#274) shadows:
	- Crowdsale.rate (function @ /sb/0x01ad3c7da8364d3f73d8ba6deb88c2add26a7837.sol#318-319)
Crowdsale.constructor.wallet (local variable @ /sb/0x01ad3c7da8364d3f73d8ba6deb88c2add26a7837.sol#274-275) shadows:
	- Crowdsale.wallet (function @ /sb/0x01ad3c7da8364d3f73d8ba6deb88c2add26a7837.sol#312-313)
Crowdsale.constructor.token (local variable @ /sb/0x01ad3c7da8364d3f73d8ba6deb88c2add26a7837.sol#275) shadows:
	- Crowdsale.token (function @ /sb/0x01ad3c7da8364d3f73d8ba6deb88c2add26a7837.sol#303-306)
CappedCrowdsale.constructor.cap (local variable @ /sb/0x01ad3c7da8364d3f73d8ba6deb88c2add26a7837.sol#482) shadows:
	- CappedCrowdsale.cap (function @ /sb/0x01ad3c7da8364d3f73d8ba6deb88c2add26a7837.sol#485-488)
TimedCrowdsale.constructor.openingTime (local variable @ /sb/0x01ad3c7da8364d3f73d8ba6deb88c2add26a7837.sol#543) shadows:
	- TimedCrowdsale.openingTime (function @ /sb/0x01ad3c7da8364d3f73d8ba6deb88c2add26a7837.sol#556-557)
TimedCrowdsale.constructor.closingTime (local variable @ /sb/0x01ad3c7da8364d3f73d8ba6deb88c2add26a7837.sol#543-544) shadows:
	- TimedCrowdsale.closingTime (function @ /sb/0x01ad3c7da8364d3f73d8ba6deb88c2add26a7837.sol#559-560)
RefundEscrow.constructor.beneficiary (local variable @ /sb/0x01ad3c7da8364d3f73d8ba6deb88c2add26a7837.sol#806) shadows:
	- RefundEscrow.beneficiary (function @ /sb/0x01ad3c7da8364d3f73d8ba6deb88c2add26a7837.sol#819-821)
RefundableCrowdsale.constructor.goal (local variable @ /sb/0x01ad3c7da8364d3f73d8ba6deb88c2add26a7837.sol#906) shadows:
	- RefundableCrowdsale.goal (function @ /sb/0x01ad3c7da8364d3f73d8ba6deb88c2add26a7837.sol#913-920)
ERC20Capped.constructor.cap (local variable @ /sb/0x01ad3c7da8364d3f73d8ba6deb88c2add26a7837.sol#1337-1338) shadows:
	- ERC20Capped.cap (function @ /sb/0x01ad3c7da8364d3f73d8ba6deb88c2add26a7837.sol#1341-1344)
ERC20Detailed.constructor.name (local variable @ /sb/0x01ad3c7da8364d3f73d8ba6deb88c2add26a7837.sol#1407) shadows:
	- ERC20Detailed.name (function @ /sb/0x01ad3c7da8364d3f73d8ba6deb88c2add26a7837.sol#1416-1420)
ERC20Detailed.constructor.symbol (local variable @ /sb/0x01ad3c7da8364d3f73d8ba6deb88c2add26a7837.sol#1407) shadows:
	- ERC20Detailed.symbol (function @ /sb/0x01ad3c7da8364d3f73d8ba6deb88c2add26a7837.sol#1420-1424)
ERC20Detailed.constructor.decimals (local variable @ /sb/0x01ad3c7da8364d3f73d8ba6deb88c2add26a7837.sol#1407-1410) shadows:
	- ERC20Detailed.decimals (function @ /sb/0x01ad3c7da8364d3f73d8ba6deb88c2add26a7837.sol#1428-1433)
Reference: https://github.com/trailofbits/slither/wiki/Detectors-Documentation#local-variable-shadowing[0m
INFO:Detectors:[92m
TimedCrowdsale.constructor (/sb/0x01ad3c7da8364d3f73d8ba6deb88c2add26a7837.sol#543-552) uses timestamp for comparisons
	Dangerous comparisons:
	- require(bool)(openingTime >= block.timestamp) (/sb/0x01ad3c7da8364d3f73d8ba6deb88c2add26a7837.sol#548-550)
TimedCrowdsale.isOpen (/sb/0x01ad3c7da8364d3f73d8ba6deb88c2add26a7837.sol#565-570) uses timestamp for comparisons
	Dangerous comparisons:
	- block.timestamp >= _openingTime && block.timestamp <= _closingTime (/sb/0x01ad3c7da8364d3f73d8ba6deb88c2add26a7837.sol#567-569)
TimedCrowdsale.hasClosed (/sb/0x01ad3c7da8364d3f73d8ba6deb88c2add26a7837.sol#578-586) uses timestamp for comparisons
	Dangerous comparisons:
	- block.timestamp > _closingTime (/sb/0x01ad3c7da8364d3f73d8ba6deb88c2add26a7837.sol#585-586)
Reference: https://github.com/trailofbits/slither/wiki/Detectors-Documentation#block-timestamp[0m
INFO:Detectors:[92m
Crowdsale.rate (/sb/0x01ad3c7da8364d3f73d8ba6deb88c2add26a7837.sol#318-319) should be declared external
CappedCrowdsale.cap (/sb/0x01ad3c7da8364d3f73d8ba6deb88c2add26a7837.sol#485-488) should be declared external
CappedCrowdsale.capReached (/sb/0x01ad3c7da8364d3f73d8ba6deb88c2add26a7837.sol#494-499) should be declared external
TimedCrowdsale.openingTime (/sb/0x01ad3c7da8364d3f73d8ba6deb88c2add26a7837.sol#556-557) should be declared external
TimedCrowdsale.closingTime (/sb/0x01ad3c7da8364d3f73d8ba6deb88c2add26a7837.sol#559-560) should be declared external
FinalizableCrowdsale.finalize (/sb/0x01ad3c7da8364d3f73d8ba6deb88c2add26a7837.sol#634-644) should be declared external
Secondary.primary (/sb/0x01ad3c7da8364d3f73d8ba6deb88c2add26a7837.sol#684-685) should be declared external
Secondary.transferPrimary (/sb/0x01ad3c7da8364d3f73d8ba6deb88c2add26a7837.sol#686-689) should be declared external
Escrow.depositsOf (/sb/0x01ad3c7da8364d3f73d8ba6deb88c2add26a7837.sol#721-726) should be declared external
RefundEscrow.state (/sb/0x01ad3c7da8364d3f73d8ba6deb88c2add26a7837.sol#815-816) should be declared external
RefundEscrow.beneficiary (/sb/0x01ad3c7da8364d3f73d8ba6deb88c2add26a7837.sol#819-821) should be declared external
RefundEscrow.close (/sb/0x01ad3c7da8364d3f73d8ba6deb88c2add26a7837.sol#836-844) should be declared external
RefundEscrow.enableRefunds (/sb/0x01ad3c7da8364d3f73d8ba6deb88c2add26a7837.sol#845-847) should be declared external
RefundEscrow.beneficiaryWithdraw (/sb/0x01ad3c7da8364d3f73d8ba6deb88c2add26a7837.sol#849-851) should be declared external
RefundableCrowdsale.goal (/sb/0x01ad3c7da8364d3f73d8ba6deb88c2add26a7837.sol#913-920) should be declared external
RefundableCrowdsale.claimRefund (/sb/0x01ad3c7da8364d3f73d8ba6deb88c2add26a7837.sol#923-933) should be declared external
IERC20.balanceOf (/sb/0x01ad3c7da8364d3f73d8ba6deb88c2add26a7837.sol#80-81) should be declared external
ERC20.balanceOf (/sb/0x01ad3c7da8364d3f73d8ba6deb88c2add26a7837.sol#990-991) should be declared external
IERC20.allowance (/sb/0x01ad3c7da8364d3f73d8ba6deb88c2add26a7837.sol#81-85) should be declared external
ERC20.allowance (/sb/0x01ad3c7da8364d3f73d8ba6deb88c2add26a7837.sol#994-998) should be declared external
MinterRole.addMinter (/sb/0x01ad3c7da8364d3f73d8ba6deb88c2add26a7837.sol#1254-1257) should be declared external
MinterRole.renounceMinter (/sb/0x01ad3c7da8364d3f73d8ba6deb88c2add26a7837.sol#1257-1261) should be declared external
ERC20Mintable.mint (/sb/0x01ad3c7da8364d3f73d8ba6deb88c2add26a7837.sol#1290-1298) should be declared external
ERC20Capped.cap (/sb/0x01ad3c7da8364d3f73d8ba6deb88c2add26a7837.sol#1341-1344) should be declared external
ERC20Burnable.burn (/sb/0x01ad3c7da8364d3f73d8ba6deb88c2add26a7837.sol#1367-1370) should be declared external
ERC20Burnable.burnFrom (/sb/0x01ad3c7da8364d3f73d8ba6deb88c2add26a7837.sol#1382-1386) should be declared external
ERC20Detailed.name (/sb/0x01ad3c7da8364d3f73d8ba6deb88c2add26a7837.sol#1416-1420) should be declared external
ERC20Detailed.symbol (/sb/0x01ad3c7da8364d3f73d8ba6deb88c2add26a7837.sol#1420-1424) should be declared external
ERC20Detailed.decimals (/sb/0x01ad3c7da8364d3f73d8ba6deb88c2add26a7837.sol#1428-1433) should be declared external
PauserRole.addPauser (/sb/0x01ad3c7da8364d3f73d8ba6deb88c2add26a7837.sol#1458-1460) should be declared external
PauserRole.renouncePauser (/sb/0x01ad3c7da8364d3f73d8ba6deb88c2add26a7837.sol#1460-1464) should be declared external
Pausable.paused (/sb/0x01ad3c7da8364d3f73d8ba6deb88c2add26a7837.sol#1491-1495) should be declared external
Pausable.pause (/sb/0x01ad3c7da8364d3f73d8ba6deb88c2add26a7837.sol#1507-1509) should be declared external
Pausable.unpause (/sb/0x01ad3c7da8364d3f73d8ba6deb88c2add26a7837.sol#1512-1515) should be declared external
Zion.burn (/sb/0x01ad3c7da8364d3f73d8ba6deb88c2add26a7837.sol) should be declared external
Zion.burnFrom (/sb/0x01ad3c7da8364d3f73d8ba6deb88c2add26a7837.sol) should be declared external
Reference: https://github.com/trailofbits/slither/wiki/Detectors-Documentation#public-function-that-could-be-declared-as-external[0m
INFO:Detectors:[92m
Function 'Crowdsale._preValidatePurchase' (/sb/0x01ad3c7da8364d3f73d8ba6deb88c2add26a7837.sol#372-377) is not in mixedCase
Function 'Crowdsale._postValidatePurchase' (/sb/0x01ad3c7da8364d3f73d8ba6deb88c2add26a7837.sol#388-396) is not in mixedCase
Function 'Crowdsale._deliverTokens' (/sb/0x01ad3c7da8364d3f73d8ba6deb88c2add26a7837.sol#402-410) is not in mixedCase
Function 'Crowdsale._processPurchase' (/sb/0x01ad3c7da8364d3f73d8ba6deb88c2add26a7837.sol#416-426) is not in mixedCase
Function 'Crowdsale._updatePurchasingState' (/sb/0x01ad3c7da8364d3f73d8ba6deb88c2add26a7837.sol#432-439) is not in mixedCase
Function 'Crowdsale._getTokenAmount' (/sb/0x01ad3c7da8364d3f73d8ba6deb88c2add26a7837.sol#450-455) is not in mixedCase
Function 'Crowdsale._forwardFunds' (/sb/0x01ad3c7da8364d3f73d8ba6deb88c2add26a7837.sol#458-461) is not in mixedCase
Function 'CappedCrowdsale._preValidatePurchase' (/sb/0x01ad3c7da8364d3f73d8ba6deb88c2add26a7837.sol#506-520) is not in mixedCase
Function 'TimedCrowdsale._preValidatePurchase' (/sb/0x01ad3c7da8364d3f73d8ba6deb88c2add26a7837.sol#594-603) is not in mixedCase
Function 'FinalizableCrowdsale._finalization' (/sb/0x01ad3c7da8364d3f73d8ba6deb88c2add26a7837.sol#652-654) is not in mixedCase
Function 'RefundableCrowdsale._forwardFunds' (/sb/0x01ad3c7da8364d3f73d8ba6deb88c2add26a7837.sol#955-956) is not in mixedCase
Function 'RefundableCrowdsale._finalization' (/sb/0x01ad3c7da8364d3f73d8ba6deb88c2add26a7837.sol#942-951) is not in mixedCase
Function 'ERC20._transfer' (/sb/0x01ad3c7da8364d3f73d8ba6deb88c2add26a7837.sol#1108-1116) is not in mixedCase
Function 'ERC20._mint' (/sb/0x01ad3c7da8364d3f73d8ba6deb88c2add26a7837.sol#1126-1130) is not in mixedCase
Function 'ERC20._burn' (/sb/0x01ad3c7da8364d3f73d8ba6deb88c2add26a7837.sol#1140-1152) is not in mixedCase
Function 'ERC20._burnFrom' (/sb/0x01ad3c7da8364d3f73d8ba6deb88c2add26a7837.sol#1165-1187) is not in mixedCase
Function 'MinterRole._addMinter' (/sb/0x01ad3c7da8364d3f73d8ba6deb88c2add26a7837.sol#1261-1263) is not in mixedCase
Function 'MinterRole._removeMinter' (/sb/0x01ad3c7da8364d3f73d8ba6deb88c2add26a7837.sol#1263-1270) is not in mixedCase
Function 'MintedCrowdsale._deliverTokens' (/sb/0x01ad3c7da8364d3f73d8ba6deb88c2add26a7837.sol#1320-1328) is not in mixedCase
Function 'ERC20Capped._mint' (/sb/0x01ad3c7da8364d3f73d8ba6deb88c2add26a7837.sol#1344-1349) is not in mixedCase
Function 'PauserRole._addPauser' (/sb/0x01ad3c7da8364d3f73d8ba6deb88c2add26a7837.sol#1464-1468) is not in mixedCase
Function 'PauserRole._removePauser' (/sb/0x01ad3c7da8364d3f73d8ba6deb88c2add26a7837.sol#1469-1476) is not in mixedCase
Reference: https://github.com/trailofbits/slither/wiki/Detectors-Documentation#conformance-to-solidity-naming-conventions[0m
INFO:Slither:/sb/0x01ad3c7da8364d3f73d8ba6deb88c2add26a7837.sol analyzed (24 contracts), 74 result(s) found
