INFO:Slither:Compilation warnings/errors on /sb/0xfff4dc1077564cf4b3b7478dae1c25327ac87f4d.sol:
/sb/0xfff4dc1077564cf4b3b7478dae1c25327ac87f4d.sol:31:5: Warning: Defining constructors as functions with the same name as the contract is deprecated. Use "constructor(...) { ... }" instead.
    function DiaoToken(
    ^ (Relevant source part starts here and spans across multiple lines).

INFO:Detectors:[92m
DiaoToken.decimals should be constant (/sb/0xfff4dc1077564cf4b3b7478dae1c25327ac87f4d.sol#9-10)
Reference: https://github.com/trailofbits/slither/wiki/Detectors-Documentation#state-variables-that-could-be-declared-constant[0m
INFO:Detectors:[92m
DiaoToken.transfer (/sb/0xfff4dc1077564cf4b3b7478dae1c25327ac87f4d.sol#71-79) should be declared external
DiaoToken.transferFrom (/sb/0xfff4dc1077564cf4b3b7478dae1c25327ac87f4d.sol#85-95) should be declared external
DiaoToken.approveAndCall (/sb/0xfff4dc1077564cf4b3b7478dae1c25327ac87f4d.sol#118-131) should be declared external
DiaoToken.burn (/sb/0xfff4dc1077564cf4b3b7478dae1c25327ac87f4d.sol#134-144) should be declared external
DiaoToken.burnFrom (/sb/0xfff4dc1077564cf4b3b7478dae1c25327ac87f4d.sol#150-158) should be declared external
Reference: https://github.com/trailofbits/slither/wiki/Detectors-Documentation#public-function-that-could-be-declared-as-external[0m
INFO:Detectors:[92m
Detected issues with version pragma in /sb/0xfff4dc1077564cf4b3b7478dae1c25327ac87f4d.sol:
	- pragma solidity^0.4.20 (/sb/0xfff4dc1077564cf4b3b7478dae1c25327ac87f4d.sol#1): it allows old versions
Reference: https://github.com/trailofbits/slither/wiki/Detectors-Documentation#incorrect-version-of-solidity[0m
INFO:Detectors:[92m
Contract 'tokenRecipient' (/sb/0xfff4dc1077564cf4b3b7478dae1c25327ac87f4d.sol#3-5) is not in CapWords
Function 'DiaoToken.DiaoToken' (/sb/0xfff4dc1077564cf4b3b7478dae1c25327ac87f4d.sol#32-43) is not in mixedCase
Function 'DiaoToken._transfer' (/sb/0xfff4dc1077564cf4b3b7478dae1c25327ac87f4d.sol#45-66) is not in mixedCase
Parameter '_from' of DiaoToken._transfer (/sb/0xfff4dc1077564cf4b3b7478dae1c25327ac87f4d.sol#45-46) is not in mixedCase
Parameter '_to' of DiaoToken._transfer (/sb/0xfff4dc1077564cf4b3b7478dae1c25327ac87f4d.sol#46) is not in mixedCase
Parameter '_value' of DiaoToken._transfer (/sb/0xfff4dc1077564cf4b3b7478dae1c25327ac87f4d.sol#46) is not in mixedCase
Parameter '_to' of DiaoToken.transfer (/sb/0xfff4dc1077564cf4b3b7478dae1c25327ac87f4d.sol#72) is not in mixedCase
Parameter '_value' of DiaoToken.transfer (/sb/0xfff4dc1077564cf4b3b7478dae1c25327ac87f4d.sol#72) is not in mixedCase
Parameter '_from' of DiaoToken.transferFrom (/sb/0xfff4dc1077564cf4b3b7478dae1c25327ac87f4d.sol#86) is not in mixedCase
Parameter '_to' of DiaoToken.transferFrom (/sb/0xfff4dc1077564cf4b3b7478dae1c25327ac87f4d.sol#86) is not in mixedCase
Parameter '_value' of DiaoToken.transferFrom (/sb/0xfff4dc1077564cf4b3b7478dae1c25327ac87f4d.sol#86) is not in mixedCase
Parameter '_spender' of DiaoToken.approve (/sb/0xfff4dc1077564cf4b3b7478dae1c25327ac87f4d.sol#102) is not in mixedCase
Parameter '_value' of DiaoToken.approve (/sb/0xfff4dc1077564cf4b3b7478dae1c25327ac87f4d.sol#102-103) is not in mixedCase
Parameter '_spender' of DiaoToken.approveAndCall (/sb/0xfff4dc1077564cf4b3b7478dae1c25327ac87f4d.sol#119) is not in mixedCase
Parameter '_value' of DiaoToken.approveAndCall (/sb/0xfff4dc1077564cf4b3b7478dae1c25327ac87f4d.sol#119) is not in mixedCase
Parameter '_extraData' of DiaoToken.approveAndCall (/sb/0xfff4dc1077564cf4b3b7478dae1c25327ac87f4d.sol#119-120) is not in mixedCase
Parameter '_value' of DiaoToken.burn (/sb/0xfff4dc1077564cf4b3b7478dae1c25327ac87f4d.sol#134-135) is not in mixedCase
Parameter '_from' of DiaoToken.burnFrom (/sb/0xfff4dc1077564cf4b3b7478dae1c25327ac87f4d.sol#150) is not in mixedCase
Parameter '_value' of DiaoToken.burnFrom (/sb/0xfff4dc1077564cf4b3b7478dae1c25327ac87f4d.sol#150-151) is not in mixedCase
Reference: https://github.com/trailofbits/slither/wiki/Detectors-Documentation#conformance-to-solidity-naming-conventions[0m
INFO:Slither:/sb/0xfff4dc1077564cf4b3b7478dae1c25327ac87f4d.sol analyzed (2 contracts), 26 result(s) found
