INFO:Slither:Compilation warnings/errors on /sb/0xa8015120379d11602999d9caf162b7d507ca650a.sol:
/sb/0xa8015120379d11602999d9caf162b7d507ca650a.sol:40:7: Warning: Invoking events without "emit" prefix is deprecated.
      Transfer(msg.sender, _to, _value);
      ^-------------------------------^
/sb/0xa8015120379d11602999d9caf162b7d507ca650a.sol:64:7: Warning: Invoking events without "emit" prefix is deprecated.
      Transfer(_from, _to, _value);
      ^--------------------------^
/sb/0xa8015120379d11602999d9caf162b7d507ca650a.sol:75:5: Warning: Invoking events without "emit" prefix is deprecated.
    Approval(msg.sender, _spender, _value);
    ^------------------------------------^
/sb/0xa8015120379d11602999d9caf162b7d507ca650a.sol:115:5: Warning: Invoking events without "emit" prefix is deprecated.
    Transfer(address(this), msg.sender, tokensIssued);
    ^-----------------------------------------------^
/sb/0xa8015120379d11602999d9caf162b7d507ca650a.sol:4:3: Warning: No visibility specified. Defaulting to "public". 
  function balanceOf(address _owner) constant returns (uint256);
  ^------------------------------------------------------------^
/sb/0xa8015120379d11602999d9caf162b7d507ca650a.sol:5:3: Warning: No visibility specified. Defaulting to "public". 
  function transfer(address _to, uint256 _value) returns (bool);
  ^------------------------------------------------------------^
/sb/0xa8015120379d11602999d9caf162b7d507ca650a.sol:19:3: Warning: No visibility specified. Defaulting to "public". 
  function name() constant returns (string) { return "Synthetic Rhino Horn Aphrodisiac Token"; }
  ^--------------------------------------------------------------------------------------------^
/sb/0xa8015120379d11602999d9caf162b7d507ca650a.sol:20:3: Warning: No visibility specified. Defaulting to "public". 
  function symbol() constant returns (string) { return "HORN"; }
  ^------------------------------------------------------------^
/sb/0xa8015120379d11602999d9caf162b7d507ca650a.sol:21:3: Warning: No visibility specified. Defaulting to "public". 
  function decimals() constant returns (uint8) { return 18; }
  ^---------------------------------------------------------^
/sb/0xa8015120379d11602999d9caf162b7d507ca650a.sol:23:3: Warning: No visibility specified. Defaulting to "public". 
  function balanceOf(address _owner) constant returns (uint256) { return balances[_owner]; }
  ^----------------------------------------------------------------------------------------^
/sb/0xa8015120379d11602999d9caf162b7d507ca650a.sol:25:3: Warning: No visibility specified. Defaulting to "public". 
  function transfer(address _to, uint256 _value) returns (bool success) {
  ^ (Relevant source part starts here and spans across multiple lines).
/sb/0xa8015120379d11602999d9caf162b7d507ca650a.sol:45:3: Warning: No visibility specified. Defaulting to "public". 
  function transferFrom(address _from, address _to, uint256 _value) returns (bool success) {
  ^ (Relevant source part starts here and spans across multiple lines).
/sb/0xa8015120379d11602999d9caf162b7d507ca650a.sol:69:3: Warning: No visibility specified. Defaulting to "public". 
  function approve(address _spender, uint256 _value) returns (bool success) {
  ^ (Relevant source part starts here and spans across multiple lines).
/sb/0xa8015120379d11602999d9caf162b7d507ca650a.sol:79:3: Warning: No visibility specified. Defaulting to "public". 
  function allowance(address _owner, address _spender) constant returns (uint256) {
  ^ (Relevant source part starts here and spans across multiple lines).
/sb/0xa8015120379d11602999d9caf162b7d507ca650a.sol:86:3: Warning: No visibility specified. Defaulting to "public". 
  function purchasingAllowed() constant returns (bool) {
  ^ (Relevant source part starts here and spans across multiple lines).
/sb/0xa8015120379d11602999d9caf162b7d507ca650a.sol:90:3: Warning: No visibility specified. Defaulting to "public". 
  function withdrawForeignTokens(address _tokenContract) returns (bool) {
  ^ (Relevant source part starts here and spans across multiple lines).
/sb/0xa8015120379d11602999d9caf162b7d507ca650a.sol:99:3: Warning: No visibility specified. Defaulting to "public". 
  function getStats() constant returns (uint256, uint256, bool) {
  ^ (Relevant source part starts here and spans across multiple lines).
/sb/0xa8015120379d11602999d9caf162b7d507ca650a.sol:103:3: Warning: No visibility specified. Defaulting to "public". 
  function() payable {
  ^ (Relevant source part starts here and spans across multiple lines).
/sb/0xa8015120379d11602999d9caf162b7d507ca650a.sol:19:3: Warning: Function state mutability can be restricted to pure
  function name() constant returns (string) { return "Synthetic Rhino Horn Aphrodisiac Token"; }
  ^--------------------------------------------------------------------------------------------^
/sb/0xa8015120379d11602999d9caf162b7d507ca650a.sol:20:3: Warning: Function state mutability can be restricted to pure
  function symbol() constant returns (string) { return "HORN"; }
  ^------------------------------------------------------------^
/sb/0xa8015120379d11602999d9caf162b7d507ca650a.sol:21:3: Warning: Function state mutability can be restricted to pure
  function decimals() constant returns (uint8) { return 18; }
  ^---------------------------------------------------------^

INFO:Detectors:[92m
SynthornToken.transferFrom.allowance (local variable @ /sb/0xa8015120379d11602999d9caf162b7d507ca650a.sol#54) shadows:
	- SynthornToken.allowance (function @ /sb/0xa8015120379d11602999d9caf162b7d507ca650a.sol#79-84)
Reference: https://github.com/trailofbits/slither/wiki/Detectors-Documentation#local-variable-shadowing[0m
INFO:Detectors:[92m
SynthornToken.purchasingAllowed (/sb/0xa8015120379d11602999d9caf162b7d507ca650a.sol#87-91) uses timestamp for comparisons
	Dangerous comparisons:
	- block.timestamp <= startTime + 2592000 (/sb/0xa8015120379d11602999d9caf162b7d507ca650a.sol#90-91)
Reference: https://github.com/trailofbits/slither/wiki/Detectors-Documentation#block-timestamp[0m
INFO:Detectors:[92m
ForeignToken.balanceOf (/sb/0xa8015120379d11602999d9caf162b7d507ca650a.sol#4-5) should be declared external
ForeignToken.transfer (/sb/0xa8015120379d11602999d9caf162b7d507ca650a.sol#5-8) should be declared external
SynthornToken.name (/sb/0xa8015120379d11602999d9caf162b7d507ca650a.sol#19-20) should be declared external
SynthornToken.symbol (/sb/0xa8015120379d11602999d9caf162b7d507ca650a.sol#20-21) should be declared external
SynthornToken.decimals (/sb/0xa8015120379d11602999d9caf162b7d507ca650a.sol#21-23) should be declared external
SynthornToken.balanceOf (/sb/0xa8015120379d11602999d9caf162b7d507ca650a.sol#23-25) should be declared external
SynthornToken.transfer (/sb/0xa8015120379d11602999d9caf162b7d507ca650a.sol#25-45) should be declared external
SynthornToken.transferFrom (/sb/0xa8015120379d11602999d9caf162b7d507ca650a.sol#45-69) should be declared external
SynthornToken.approve (/sb/0xa8015120379d11602999d9caf162b7d507ca650a.sol#69-79) should be declared external
SynthornToken.allowance (/sb/0xa8015120379d11602999d9caf162b7d507ca650a.sol#79-84) should be declared external
SynthornToken.withdrawForeignTokens (/sb/0xa8015120379d11602999d9caf162b7d507ca650a.sol#91-100) should be declared external
SynthornToken.getStats (/sb/0xa8015120379d11602999d9caf162b7d507ca650a.sol#100-107) should be declared external
SynthornToken.fallback (/sb/0xa8015120379d11602999d9caf162b7d507ca650a.sol#107-117) should be declared external
Reference: https://github.com/trailofbits/slither/wiki/Detectors-Documentation#public-function-that-could-be-declared-as-external[0m
INFO:Detectors:[92m
Detected issues with version pragma in /sb/0xa8015120379d11602999d9caf162b7d507ca650a.sol:
	- pragma solidity^0.4.10 (/sb/0xa8015120379d11602999d9caf162b7d507ca650a.sol#1): it allows old versions
Reference: https://github.com/trailofbits/slither/wiki/Detectors-Documentation#incorrect-version-of-solidity[0m
INFO:Detectors:[92m
Parameter '_owner' of SynthornToken.balanceOf (/sb/0xa8015120379d11602999d9caf162b7d507ca650a.sol#23) is not in mixedCase
Parameter '_to' of SynthornToken.transfer (/sb/0xa8015120379d11602999d9caf162b7d507ca650a.sol#25) is not in mixedCase
Parameter '_value' of SynthornToken.transfer (/sb/0xa8015120379d11602999d9caf162b7d507ca650a.sol#25) is not in mixedCase
Parameter '_from' of SynthornToken.transferFrom (/sb/0xa8015120379d11602999d9caf162b7d507ca650a.sol#45) is not in mixedCase
Parameter '_to' of SynthornToken.transferFrom (/sb/0xa8015120379d11602999d9caf162b7d507ca650a.sol#45-46) is not in mixedCase
Parameter '_value' of SynthornToken.transferFrom (/sb/0xa8015120379d11602999d9caf162b7d507ca650a.sol#46) is not in mixedCase
Parameter '_spender' of SynthornToken.approve (/sb/0xa8015120379d11602999d9caf162b7d507ca650a.sol#70) is not in mixedCase
Parameter '_value' of SynthornToken.approve (/sb/0xa8015120379d11602999d9caf162b7d507ca650a.sol#70) is not in mixedCase
Parameter '_owner' of SynthornToken.allowance (/sb/0xa8015120379d11602999d9caf162b7d507ca650a.sol#80) is not in mixedCase
Parameter '_spender' of SynthornToken.allowance (/sb/0xa8015120379d11602999d9caf162b7d507ca650a.sol#80-83) is not in mixedCase
Parameter '_tokenContract' of SynthornToken.withdrawForeignTokens (/sb/0xa8015120379d11602999d9caf162b7d507ca650a.sol#93) is not in mixedCase
Reference: https://github.com/trailofbits/slither/wiki/Detectors-Documentation#conformance-to-solidity-naming-conventions[0m
INFO:Slither:/sb/0xa8015120379d11602999d9caf162b7d507ca650a.sol analyzed (2 contracts), 27 result(s) found
