INFO:Slither:Compilation warnings/errors on /sb/0x21fcf6e1046f7de62557e64470447f8e516919ac.sol:
/sb/0x21fcf6e1046f7de62557e64470447f8e516919ac.sol:57:3: Warning: Defining constructors as functions with the same name as the contract is deprecated. Use "constructor(...) { ... }" instead.
  function Ownable() public {
  ^ (Relevant source part starts here and spans across multiple lines).
/sb/0x21fcf6e1046f7de62557e64470447f8e516919ac.sol:462:3: Warning: Defining constructors as functions with the same name as the contract is deprecated. Use "constructor(...) { ... }" instead.
  function EvaCurrency(string _name, string _symbol) public {
  ^ (Relevant source part starts here and spans across multiple lines).
/sb/0x21fcf6e1046f7de62557e64470447f8e516919ac.sol:74:5: Warning: Invoking events without "emit" prefix is deprecated.
    OwnershipTransferred(owner, newOwner);
    ^-----------------------------------^
/sb/0x21fcf6e1046f7de62557e64470447f8e516919ac.sol:102:5: Warning: Invoking events without "emit" prefix is deprecated.
    OwnershipTransferred(owner, pendingOwner);
    ^---------------------------------------^
/sb/0x21fcf6e1046f7de62557e64470447f8e516919ac.sol:374:5: Warning: Invoking events without "emit" prefix is deprecated.
    RefillCommisionIsChanged(_paySystem, _stat, _perc);
    ^------------------------------------------------^
/sb/0x21fcf6e1046f7de62557e64470447f8e516919ac.sol:382:5: Warning: Invoking events without "emit" prefix is deprecated.
    WidthrawCommisionIsChanged(_paySystem, _stat, _perc);
    ^--------------------------------------------------^
/sb/0x21fcf6e1046f7de62557e64470447f8e516919ac.sol:390:5: Warning: Invoking events without "emit" prefix is deprecated.
    TransferCommisionIsChanged(_stat, _perc);
    ^--------------------------------------^
/sb/0x21fcf6e1046f7de62557e64470447f8e516919ac.sol:486:20: Warning: This function only accepts a single "bytes" argument. Please use "abi.encodePacked(...)" or a similar function to encode the data.
    bytes32 hash = keccak256(_to, _amount, _nonce, address(this));
                   ^--------------------------------------------^
/sb/0x21fcf6e1046f7de62557e64470447f8e516919ac.sol:508:20: Warning: This function only accepts a single "bytes" argument. Please use "abi.encodePacked(...)" or a similar function to encode the data.
    bytes32 hash = keccak256(address(0), _amount, _nonce, address(this));
                   ^---------------------------------------------------^
/sb/0x21fcf6e1046f7de62557e64470447f8e516919ac.sol:522:5: Warning: Invoking events without "emit" prefix is deprecated.
    Burn(sender, resultAmount);
    ^------------------------^
/sb/0x21fcf6e1046f7de62557e64470447f8e516919ac.sol:540:7: Warning: Invoking events without "emit" prefix is deprecated.
      Mint(_to, resultAmount);
      ^---------------------^
/sb/0x21fcf6e1046f7de62557e64470447f8e516919ac.sol:544:68: Warning: Unused function parameter. Remove or comment out the variable name to silence this warning.
  function changeStaker(address _staker) onlyOwner public returns (bool success) {
                                                                   ^----------^
/sb/0x21fcf6e1046f7de62557e64470447f8e516919ac.sol:548:3: Warning: Function state mutability can be restricted to pure
  function getNullAddress() public view returns (address) {
  ^ (Relevant source part starts here and spans across multiple lines).

INFO:Detectors:[93m
Reentrancy in EvaCurrency.transferOnBehalf (/sb/0x21fcf6e1046f7de62557e64470447f8e516919ac.sol#509-532):
	External calls:
	- fee = comissionList.calcTransfer(_amount) (/sb/0x21fcf6e1046f7de62557e64470447f8e516919ac.sol#521-522)
	State variables written after the call(s):
	- balances (/sb/0x21fcf6e1046f7de62557e64470447f8e516919ac.sol#526)
	- balances (/sb/0x21fcf6e1046f7de62557e64470447f8e516919ac.sol#526-527)
	- balances (/sb/0x21fcf6e1046f7de62557e64470447f8e516919ac.sol#527-528)
	- lastUsedNonce (/sb/0x21fcf6e1046f7de62557e64470447f8e516919ac.sol#528)
Reentrancy in EvaCurrency.withdrawOnBehalf (/sb/0x21fcf6e1046f7de62557e64470447f8e516919ac.sol#532-551):
	External calls:
	- fee = comissionList.calcWidthraw(_paySystem,_amount) (/sb/0x21fcf6e1046f7de62557e64470447f8e516919ac.sol#544-548)
	State variables written after the call(s):
	- balances (/sb/0x21fcf6e1046f7de62557e64470447f8e516919ac.sol#549-551)
	- balances (/sb/0x21fcf6e1046f7de62557e64470447f8e516919ac.sol)
Reference: https://github.com/trailofbits/slither/wiki/Detectors-Documentation#reentrancy-vulnerabilities-1[0m
INFO:Detectors:[92m
Reentrancy in EvaCurrency.refill (/sb/0x21fcf6e1046f7de62557e64470447f8e516919ac.sol):
	External calls:
	- fee = comissionList.calcRefill(_paySystem,_amount) (/sb/0x21fcf6e1046f7de62557e64470447f8e516919ac.sol)
	State variables written after the call(s):
	- balances (/sb/0x21fcf6e1046f7de62557e64470447f8e516919ac.sol)
	- balances (/sb/0x21fcf6e1046f7de62557e64470447f8e516919ac.sol)
	- totalSupply_ (/sb/0x21fcf6e1046f7de62557e64470447f8e516919ac.sol)
Reentrancy in EvaCurrency.withdrawOnBehalf (/sb/0x21fcf6e1046f7de62557e64470447f8e516919ac.sol#532-551):
	External calls:
	- fee = comissionList.calcWidthraw(_paySystem,_amount) (/sb/0x21fcf6e1046f7de62557e64470447f8e516919ac.sol#544-548)
	State variables written after the call(s):
	- totalSupply_ (/sb/0x21fcf6e1046f7de62557e64470447f8e516919ac.sol)
Reference: https://github.com/trailofbits/slither/wiki/Detectors-Documentation#reentrancy-vulnerabilities-2[0m
INFO:Detectors:[92m
Claimable.transferOwnership (/sb/0x21fcf6e1046f7de62557e64470447f8e516919ac.sol#96-101) should be declared external
Ownable.transferOwnership (/sb/0x21fcf6e1046f7de62557e64470447f8e516919ac.sol#73-84) should be declared external
Claimable.claimOwnership (/sb/0x21fcf6e1046f7de62557e64470447f8e516919ac.sol#103-115) should be declared external
Pausable.pause (/sb/0x21fcf6e1046f7de62557e64470447f8e516919ac.sol#140-143) should be declared external
Pausable.unpause (/sb/0x21fcf6e1046f7de62557e64470447f8e516919ac.sol#150-153) should be declared external
BasicToken.totalSupply (/sb/0x21fcf6e1046f7de62557e64470447f8e516919ac.sol#192-194) should be declared external
ERC20Basic.totalSupply (/sb/0x21fcf6e1046f7de62557e64470447f8e516919ac.sol#156-157) should be declared external
ERC20Basic.balanceOf (/sb/0x21fcf6e1046f7de62557e64470447f8e516919ac.sol#157-160) should be declared external
BasicToken.balanceOf (/sb/0x21fcf6e1046f7de62557e64470447f8e516919ac.sol#221-224) should be declared external
StandardToken.allowance (/sb/0x21fcf6e1046f7de62557e64470447f8e516919ac.sol#292-295) should be declared external
ERC20.allowance (/sb/0x21fcf6e1046f7de62557e64470447f8e516919ac.sol#165-167) should be declared external
BurnableToken.burn (/sb/0x21fcf6e1046f7de62557e64470447f8e516919ac.sol#230-231) should be declared external
ComissionList.setRefillFor (/sb/0x21fcf6e1046f7de62557e64470447f8e516919ac.sol#378-386) should be declared external
ComissionList.setWidthrawFor (/sb/0x21fcf6e1046f7de62557e64470447f8e516919ac.sol#390-398) should be declared external
ComissionList.setTransfer (/sb/0x21fcf6e1046f7de62557e64470447f8e516919ac.sol#400-405) should be declared external
ComissionList.getRefillStatFor (/sb/0x21fcf6e1046f7de62557e64470447f8e516919ac.sol#409-413) should be declared external
ComissionList.getRefillPercFor (/sb/0x21fcf6e1046f7de62557e64470447f8e516919ac.sol#415-420) should be declared external
ComissionList.getWidthrawStatFor (/sb/0x21fcf6e1046f7de62557e64470447f8e516919ac.sol#424-426) should be declared external
ComissionList.getWidthrawPercFor (/sb/0x21fcf6e1046f7de62557e64470447f8e516919ac.sol#431-432) should be declared external
ComissionList.getTransferPerc (/sb/0x21fcf6e1046f7de62557e64470447f8e516919ac.sol#434-436) should be declared external
ComissionList.getTransferStat (/sb/0x21fcf6e1046f7de62557e64470447f8e516919ac.sol#440-441) should be declared external
ComissionList.calcWidthraw (/sb/0x21fcf6e1046f7de62557e64470447f8e516919ac.sol#448-460) should be declared external
ComissionList.calcRefill (/sb/0x21fcf6e1046f7de62557e64470447f8e516919ac.sol#464-474) should be declared external
ComissionList.calcTransfer (/sb/0x21fcf6e1046f7de62557e64470447f8e516919ac.sol#483-486) should be declared external
EvaCurrency.changeName (/sb/0x21fcf6e1046f7de62557e64470447f8e516919ac.sol#500-505) should be declared external
EvaCurrency.setComissionList (/sb/0x21fcf6e1046f7de62557e64470447f8e516919ac.sol#505) should be declared external
EvaCurrency.transferOnBehalf (/sb/0x21fcf6e1046f7de62557e64470447f8e516919ac.sol#509-532) should be declared external
EvaCurrency.withdrawOnBehalf (/sb/0x21fcf6e1046f7de62557e64470447f8e516919ac.sol#532-551) should be declared external
EvaCurrency.refill (/sb/0x21fcf6e1046f7de62557e64470447f8e516919ac.sol) should be declared external
EvaCurrency.changeStaker (/sb/0x21fcf6e1046f7de62557e64470447f8e516919ac.sol) should be declared external
EvaCurrency.getNullAddress (/sb/0x21fcf6e1046f7de62557e64470447f8e516919ac.sol) should be declared external
Reference: https://github.com/trailofbits/slither/wiki/Detectors-Documentation#public-function-that-could-be-declared-as-external[0m
INFO:Detectors:[92m
Detected issues with version pragma in /sb/0x21fcf6e1046f7de62557e64470447f8e516919ac.sol:
	- pragma solidity^0.4.23 (/sb/0x21fcf6e1046f7de62557e64470447f8e516919ac.sol#1): it allows old versions
Reference: https://github.com/trailofbits/slither/wiki/Detectors-Documentation#incorrect-version-of-solidity[0m
INFO:Detectors:[92m
Function 'Ownable.Ownable' (/sb/0x21fcf6e1046f7de62557e64470447f8e516919ac.sol#60-62) is not in mixedCase
Parameter '_owner' of BasicToken.balanceOf (/sb/0x21fcf6e1046f7de62557e64470447f8e516919ac.sol#221) is not in mixedCase
Parameter '_to' of BasicToken.transfer (/sb/0x21fcf6e1046f7de62557e64470447f8e516919ac.sol#199) is not in mixedCase
Parameter '_value' of BasicToken.transfer (/sb/0x21fcf6e1046f7de62557e64470447f8e516919ac.sol#199) is not in mixedCase
Parameter '_value' of BurnableToken.burn (/sb/0x21fcf6e1046f7de62557e64470447f8e516919ac.sol#230-231) is not in mixedCase
Function 'BurnableToken._burn' (/sb/0x21fcf6e1046f7de62557e64470447f8e516919ac.sol#231-247) is not in mixedCase
Parameter '_who' of BurnableToken._burn (/sb/0x21fcf6e1046f7de62557e64470447f8e516919ac.sol#231) is not in mixedCase
Parameter '_value' of BurnableToken._burn (/sb/0x21fcf6e1046f7de62557e64470447f8e516919ac.sol#231-233) is not in mixedCase
Parameter '_owner' of StandardToken.allowance (/sb/0x21fcf6e1046f7de62557e64470447f8e516919ac.sol#293) is not in mixedCase
Parameter '_spender' of StandardToken.allowance (/sb/0x21fcf6e1046f7de62557e64470447f8e516919ac.sol#293) is not in mixedCase
Parameter '_from' of StandardToken.transferFrom (/sb/0x21fcf6e1046f7de62557e64470447f8e516919ac.sol#257) is not in mixedCase
Parameter '_to' of StandardToken.transferFrom (/sb/0x21fcf6e1046f7de62557e64470447f8e516919ac.sol#257) is not in mixedCase
Parameter '_value' of StandardToken.transferFrom (/sb/0x21fcf6e1046f7de62557e64470447f8e516919ac.sol#257-258) is not in mixedCase
Parameter '_spender' of StandardToken.approve (/sb/0x21fcf6e1046f7de62557e64470447f8e516919ac.sol#281) is not in mixedCase
Parameter '_value' of StandardToken.approve (/sb/0x21fcf6e1046f7de62557e64470447f8e516919ac.sol#281) is not in mixedCase
Parameter '_spender' of StandardToken.increaseApproval (/sb/0x21fcf6e1046f7de62557e64470447f8e516919ac.sol#307) is not in mixedCase
Parameter '_addedValue' of StandardToken.increaseApproval (/sb/0x21fcf6e1046f7de62557e64470447f8e516919ac.sol#307-308) is not in mixedCase
Parameter '_spender' of StandardToken.decreaseApproval (/sb/0x21fcf6e1046f7de62557e64470447f8e516919ac.sol#323) is not in mixedCase
Parameter '_subtractedValue' of StandardToken.decreaseApproval (/sb/0x21fcf6e1046f7de62557e64470447f8e516919ac.sol#323) is not in mixedCase
Parameter '_to' of PausableToken.transfer (/sb/0x21fcf6e1046f7de62557e64470447f8e516919ac.sol#338) is not in mixedCase
Parameter '_value' of PausableToken.transfer (/sb/0x21fcf6e1046f7de62557e64470447f8e516919ac.sol#338) is not in mixedCase
Parameter '_from' of PausableToken.transferFrom (/sb/0x21fcf6e1046f7de62557e64470447f8e516919ac.sol#342) is not in mixedCase
Parameter '_to' of PausableToken.transferFrom (/sb/0x21fcf6e1046f7de62557e64470447f8e516919ac.sol#342) is not in mixedCase
Parameter '_value' of PausableToken.transferFrom (/sb/0x21fcf6e1046f7de62557e64470447f8e516919ac.sol#342) is not in mixedCase
Parameter '_spender' of PausableToken.approve (/sb/0x21fcf6e1046f7de62557e64470447f8e516919ac.sol#346) is not in mixedCase
Parameter '_value' of PausableToken.approve (/sb/0x21fcf6e1046f7de62557e64470447f8e516919ac.sol#346) is not in mixedCase
Parameter '_spender' of PausableToken.increaseApproval (/sb/0x21fcf6e1046f7de62557e64470447f8e516919ac.sol#352) is not in mixedCase
Parameter '_addedValue' of PausableToken.increaseApproval (/sb/0x21fcf6e1046f7de62557e64470447f8e516919ac.sol#352-353) is not in mixedCase
Parameter '_spender' of PausableToken.decreaseApproval (/sb/0x21fcf6e1046f7de62557e64470447f8e516919ac.sol#361) is not in mixedCase
Parameter '_subtractedValue' of PausableToken.decreaseApproval (/sb/0x21fcf6e1046f7de62557e64470447f8e516919ac.sol#361) is not in mixedCase
Parameter '_paySystem' of ComissionList.setRefillFor (/sb/0x21fcf6e1046f7de62557e64470447f8e516919ac.sol#378-379) is not in mixedCase
Parameter '_stat' of ComissionList.setRefillFor (/sb/0x21fcf6e1046f7de62557e64470447f8e516919ac.sol#379) is not in mixedCase
Parameter '_perc' of ComissionList.setRefillFor (/sb/0x21fcf6e1046f7de62557e64470447f8e516919ac.sol#379) is not in mixedCase
Parameter '_paySystem' of ComissionList.setWidthrawFor (/sb/0x21fcf6e1046f7de62557e64470447f8e516919ac.sol#390-393) is not in mixedCase
Parameter '_stat' of ComissionList.setWidthrawFor (/sb/0x21fcf6e1046f7de62557e64470447f8e516919ac.sol#393) is not in mixedCase
Parameter '_perc' of ComissionList.setWidthrawFor (/sb/0x21fcf6e1046f7de62557e64470447f8e516919ac.sol#393) is not in mixedCase
Parameter '_stat' of ComissionList.setTransfer (/sb/0x21fcf6e1046f7de62557e64470447f8e516919ac.sol#400) is not in mixedCase
Parameter '_perc' of ComissionList.setTransfer (/sb/0x21fcf6e1046f7de62557e64470447f8e516919ac.sol#400-401) is not in mixedCase
Parameter '_paySystem' of ComissionList.getRefillStatFor (/sb/0x21fcf6e1046f7de62557e64470447f8e516919ac.sol#409) is not in mixedCase
Parameter '_paySystem' of ComissionList.getRefillPercFor (/sb/0x21fcf6e1046f7de62557e64470447f8e516919ac.sol#418) is not in mixedCase
Parameter '_paySystem' of ComissionList.getWidthrawStatFor (/sb/0x21fcf6e1046f7de62557e64470447f8e516919ac.sol#424) is not in mixedCase
Parameter '_paySystem' of ComissionList.getWidthrawPercFor (/sb/0x21fcf6e1046f7de62557e64470447f8e516919ac.sol#431) is not in mixedCase
Parameter '_paySystem' of ComissionList.calcWidthraw (/sb/0x21fcf6e1046f7de62557e64470447f8e516919ac.sol#448) is not in mixedCase
Parameter '_value' of ComissionList.calcWidthraw (/sb/0x21fcf6e1046f7de62557e64470447f8e516919ac.sol#448-449) is not in mixedCase
Parameter '_paySystem' of ComissionList.calcRefill (/sb/0x21fcf6e1046f7de62557e64470447f8e516919ac.sol#465) is not in mixedCase
Parameter '_value' of ComissionList.calcRefill (/sb/0x21fcf6e1046f7de62557e64470447f8e516919ac.sol#466-468) is not in mixedCase
Parameter '_value' of ComissionList.calcTransfer (/sb/0x21fcf6e1046f7de62557e64470447f8e516919ac.sol#483) is not in mixedCase
Function 'EvaCurrency.EvaCurrency' (/sb/0x21fcf6e1046f7de62557e64470447f8e516919ac.sol#496-500) is not in mixedCase
Parameter '_name' of EvaCurrency.EvaCurrency (/sb/0x21fcf6e1046f7de62557e64470447f8e516919ac.sol#496-497) is not in mixedCase
Parameter '_symbol' of EvaCurrency.EvaCurrency (/sb/0x21fcf6e1046f7de62557e64470447f8e516919ac.sol#497) is not in mixedCase
Parameter '_name' of EvaCurrency.changeName (/sb/0x21fcf6e1046f7de62557e64470447f8e516919ac.sol#500-501) is not in mixedCase
Parameter '_symbol' of EvaCurrency.changeName (/sb/0x21fcf6e1046f7de62557e64470447f8e516919ac.sol#501) is not in mixedCase
Parameter '_comissionList' of EvaCurrency.setComissionList (/sb/0x21fcf6e1046f7de62557e64470447f8e516919ac.sol#505) is not in mixedCase
Parameter '_to' of EvaCurrency.transferOnBehalf (/sb/0x21fcf6e1046f7de62557e64470447f8e516919ac.sol#509-511) is not in mixedCase
Parameter '_amount' of EvaCurrency.transferOnBehalf (/sb/0x21fcf6e1046f7de62557e64470447f8e516919ac.sol#511) is not in mixedCase
Parameter '_nonce' of EvaCurrency.transferOnBehalf (/sb/0x21fcf6e1046f7de62557e64470447f8e516919ac.sol#511) is not in mixedCase
Parameter '_v' of EvaCurrency.transferOnBehalf (/sb/0x21fcf6e1046f7de62557e64470447f8e516919ac.sol#511) is not in mixedCase
Parameter '_r' of EvaCurrency.transferOnBehalf (/sb/0x21fcf6e1046f7de62557e64470447f8e516919ac.sol#512) is not in mixedCase
Parameter '_s' of EvaCurrency.transferOnBehalf (/sb/0x21fcf6e1046f7de62557e64470447f8e516919ac.sol#512) is not in mixedCase
Parameter '_amount' of EvaCurrency.withdrawOnBehalf (/sb/0x21fcf6e1046f7de62557e64470447f8e516919ac.sol#532) is not in mixedCase
Parameter '_paySystem' of EvaCurrency.withdrawOnBehalf (/sb/0x21fcf6e1046f7de62557e64470447f8e516919ac.sol#532-533) is not in mixedCase
Parameter '_nonce' of EvaCurrency.withdrawOnBehalf (/sb/0x21fcf6e1046f7de62557e64470447f8e516919ac.sol#533) is not in mixedCase
Parameter '_v' of EvaCurrency.withdrawOnBehalf (/sb/0x21fcf6e1046f7de62557e64470447f8e516919ac.sol#533-534) is not in mixedCase
Parameter '_r' of EvaCurrency.withdrawOnBehalf (/sb/0x21fcf6e1046f7de62557e64470447f8e516919ac.sol#535) is not in mixedCase
Parameter '_s' of EvaCurrency.withdrawOnBehalf (/sb/0x21fcf6e1046f7de62557e64470447f8e516919ac.sol#535) is not in mixedCase
Parameter '_to' of EvaCurrency.refill (/sb/0x21fcf6e1046f7de62557e64470447f8e516919ac.sol) is not in mixedCase
Parameter '_amount' of EvaCurrency.refill (/sb/0x21fcf6e1046f7de62557e64470447f8e516919ac.sol) is not in mixedCase
Parameter '_paySystem' of EvaCurrency.refill (/sb/0x21fcf6e1046f7de62557e64470447f8e516919ac.sol) is not in mixedCase
Parameter '_staker' of EvaCurrency.changeStaker (/sb/0x21fcf6e1046f7de62557e64470447f8e516919ac.sol) is not in mixedCase
Reference: https://github.com/trailofbits/slither/wiki/Detectors-Documentation#conformance-to-solidity-naming-conventions[0m
INFO:Slither:/sb/0x21fcf6e1046f7de62557e64470447f8e516919ac.sol analyzed (12 contracts), 105 result(s) found
