INFO:Detectors:[93m
ONID (/sb/0x43e4b775e1227d327fdd2ae618da4a7260eeba21.sol#5-95) has incorrect ERC20 function interface(s):
	-transfer (/sb/0x43e4b775e1227d327fdd2ae618da4a7260eeba21.sol#47-52)
Reference: https://github.com/trailofbits/slither/wiki/Detectors-Documentation#incorrect-erc20-interface[0m
INFO:Detectors:[92m
ONID.decimals should be constant (/sb/0x43e4b775e1227d327fdd2ae618da4a7260eeba21.sol#9-10)
ONID.initialSupply should be constant (/sb/0x43e4b775e1227d327fdd2ae618da4a7260eeba21.sol#20-21)
ONID.tokenName should be constant (/sb/0x43e4b775e1227d327fdd2ae618da4a7260eeba21.sol#21-22)
ONID.tokenSymbol should be constant (/sb/0x43e4b775e1227d327fdd2ae618da4a7260eeba21.sol#22-25)
Reference: https://github.com/trailofbits/slither/wiki/Detectors-Documentation#state-variables-that-could-be-declared-constant[0m
INFO:Detectors:[92m
ONID.transfer (/sb/0x43e4b775e1227d327fdd2ae618da4a7260eeba21.sol#47-52) should be declared external
ONID.transferFrom (/sb/0x43e4b775e1227d327fdd2ae618da4a7260eeba21.sol#52-60) should be declared external
ONID.approveAndCall (/sb/0x43e4b775e1227d327fdd2ae618da4a7260eeba21.sol#67-78) should be declared external
ONID.burn (/sb/0x43e4b775e1227d327fdd2ae618da4a7260eeba21.sol#78-86) should be declared external
ONID.burnFrom (/sb/0x43e4b775e1227d327fdd2ae618da4a7260eeba21.sol#87-95) should be declared external
Reference: https://github.com/trailofbits/slither/wiki/Detectors-Documentation#public-function-that-could-be-declared-as-external[0m
INFO:Detectors:[92m
Detected issues with version pragma in /sb/0x43e4b775e1227d327fdd2ae618da4a7260eeba21.sol:
	- pragma solidity^0.4.16 (/sb/0x43e4b775e1227d327fdd2ae618da4a7260eeba21.sol#1): it allows old versions
Reference: https://github.com/trailofbits/slither/wiki/Detectors-Documentation#incorrect-version-of-solidity[0m
INFO:Detectors:[92m
Contract 'tokenRecipient' (/sb/0x43e4b775e1227d327fdd2ae618da4a7260eeba21.sol#3-5) is not in CapWords
Function 'ONID._transfer' (/sb/0x43e4b775e1227d327fdd2ae618da4a7260eeba21.sol#34-47) is not in mixedCase
Parameter '_from' of ONID._transfer (/sb/0x43e4b775e1227d327fdd2ae618da4a7260eeba21.sol#34) is not in mixedCase
Parameter '_to' of ONID._transfer (/sb/0x43e4b775e1227d327fdd2ae618da4a7260eeba21.sol#34-36) is not in mixedCase
Parameter '_value' of ONID._transfer (/sb/0x43e4b775e1227d327fdd2ae618da4a7260eeba21.sol#36) is not in mixedCase
Parameter '_to' of ONID.transfer (/sb/0x43e4b775e1227d327fdd2ae618da4a7260eeba21.sol#48) is not in mixedCase
Parameter '_value' of ONID.transfer (/sb/0x43e4b775e1227d327fdd2ae618da4a7260eeba21.sol#48) is not in mixedCase
Parameter '_from' of ONID.transferFrom (/sb/0x43e4b775e1227d327fdd2ae618da4a7260eeba21.sol#52) is not in mixedCase
Parameter '_to' of ONID.transferFrom (/sb/0x43e4b775e1227d327fdd2ae618da4a7260eeba21.sol#52-53) is not in mixedCase
Parameter '_value' of ONID.transferFrom (/sb/0x43e4b775e1227d327fdd2ae618da4a7260eeba21.sol#53) is not in mixedCase
Parameter '_spender' of ONID.approve (/sb/0x43e4b775e1227d327fdd2ae618da4a7260eeba21.sol#61-62) is not in mixedCase
Parameter '_value' of ONID.approve (/sb/0x43e4b775e1227d327fdd2ae618da4a7260eeba21.sol#62) is not in mixedCase
Parameter '_spender' of ONID.approveAndCall (/sb/0x43e4b775e1227d327fdd2ae618da4a7260eeba21.sol#68-69) is not in mixedCase
Parameter '_value' of ONID.approveAndCall (/sb/0x43e4b775e1227d327fdd2ae618da4a7260eeba21.sol#69) is not in mixedCase
Parameter '_extraData' of ONID.approveAndCall (/sb/0x43e4b775e1227d327fdd2ae618da4a7260eeba21.sol#70) is not in mixedCase
Parameter '_value' of ONID.burn (/sb/0x43e4b775e1227d327fdd2ae618da4a7260eeba21.sol#78) is not in mixedCase
Parameter '_from' of ONID.burnFrom (/sb/0x43e4b775e1227d327fdd2ae618da4a7260eeba21.sol#87) is not in mixedCase
Parameter '_value' of ONID.burnFrom (/sb/0x43e4b775e1227d327fdd2ae618da4a7260eeba21.sol#87) is not in mixedCase
Reference: https://github.com/trailofbits/slither/wiki/Detectors-Documentation#conformance-to-solidity-naming-conventions[0m
INFO:Slither:/sb/0x43e4b775e1227d327fdd2ae618da4a7260eeba21.sol analyzed (2 contracts), 26 result(s) found
