INFO:Slither:Compilation warnings/errors on /sb/0x342156c8d3ba54abc67920d35ba1d1e67201ac9c.sol:
/sb/0x342156c8d3ba54abc67920d35ba1d1e67201ac9c.sol:98:5: Warning: Defining constructors as functions with the same name as the contract is deprecated. Use "constructor(...) { ... }" instead.
    function Elsevier (uint256 _value, uint256 _minReq) public {
    ^ (Relevant source part starts here and spans across multiple lines).
/sb/0x342156c8d3ba54abc67920d35ba1d1e67201ac9c.sol:47:5: Warning: Functions in interfaces should be declared external.
    function distr(address _to, uint256 _value) public returns (bool);
    ^----------------------------------------------------------------^
/sb/0x342156c8d3ba54abc67920d35ba1d1e67201ac9c.sol:48:5: Warning: Functions in interfaces should be declared external.
    function totalSupply() constant public returns (uint256 supply);
    ^--------------------------------------------------------------^
/sb/0x342156c8d3ba54abc67920d35ba1d1e67201ac9c.sol:49:5: Warning: Functions in interfaces should be declared external.
    function balanceOf(address _owner) constant public returns (uint256 balance);
    ^---------------------------------------------------------------------------^
/sb/0x342156c8d3ba54abc67920d35ba1d1e67201ac9c.sol:130:9: Warning: Invoking events without "emit" prefix is deprecated.
        DistrFinished();
        ^-------------^
/sb/0x342156c8d3ba54abc67920d35ba1d1e67201ac9c.sol:138:9: Warning: Invoking events without "emit" prefix is deprecated.
        Distr(_to, _amount);
        ^-----------------^
/sb/0x342156c8d3ba54abc67920d35ba1d1e67201ac9c.sol:139:9: Warning: Invoking events without "emit" prefix is deprecated.
        Transfer(address(0), _to, _amount);
        ^--------------------------------^
/sb/0x342156c8d3ba54abc67920d35ba1d1e67201ac9c.sol:235:9: Warning: Invoking events without "emit" prefix is deprecated.
        Transfer(msg.sender, _to, _amount);
        ^--------------------------------^
/sb/0x342156c8d3ba54abc67920d35ba1d1e67201ac9c.sol:248:9: Warning: Invoking events without "emit" prefix is deprecated.
        Transfer(_from, _to, _amount);
        ^---------------------------^
/sb/0x342156c8d3ba54abc67920d35ba1d1e67201ac9c.sol:256:9: Warning: Invoking events without "emit" prefix is deprecated.
        Approval(msg.sender, _spender, _value);
        ^------------------------------------^
/sb/0x342156c8d3ba54abc67920d35ba1d1e67201ac9c.sol:271:32: Warning: Using contract member "balance" inherited from the address type is deprecated. Convert the contract to "address" type to access the member, for example use "address(contract).balance" instead.
        uint256 etherBalance = this.balance;
                               ^----------^
/sb/0x342156c8d3ba54abc67920d35ba1d1e67201ac9c.sol:284:9: Warning: Invoking events without "emit" prefix is deprecated.
        Burn(burner, _value);
        ^------------------^

INFO:Detectors:[93m
Elsevier.totalSupply (/sb/0x342156c8d3ba54abc67920d35ba1d1e67201ac9c.sol#66) shadows:
	- ERC20Basic.totalSupply (/sb/0x342156c8d3ba54abc67920d35ba1d1e67201ac9c.sol#34)
Reference: https://github.com/trailofbits/slither/wiki/Detectors-Documentation#state-variable-shadowing-from-abstract-contracts[0m
INFO:Detectors:[92m
ERC20Basic.totalSupply should be constant (/sb/0x342156c8d3ba54abc67920d35ba1d1e67201ac9c.sol#34)
Reference: https://github.com/trailofbits/slither/wiki/Detectors-Documentation#state-variables-that-could-be-declared-constant[0m
INFO:Detectors:[92m
ForeignToken.balanceOf (/sb/0x342156c8d3ba54abc67920d35ba1d1e67201ac9c.sol#28-29) should be declared external
ForeignToken.transfer (/sb/0x342156c8d3ba54abc67920d35ba1d1e67201ac9c.sol#29-33) should be declared external
Elsevier.balanceOf (/sb/0x342156c8d3ba54abc67920d35ba1d1e67201ac9c.sol#224-228) should be declared external
ERC20Basic.balanceOf (/sb/0x342156c8d3ba54abc67920d35ba1d1e67201ac9c.sol#34-35) should be declared external
ERC20Basic.transfer (/sb/0x342156c8d3ba54abc67920d35ba1d1e67201ac9c.sol#35-36) should be declared external
Elsevier.transfer (/sb/0x342156c8d3ba54abc67920d35ba1d1e67201ac9c.sol#233-243) should be declared external
Elsevier.allowance (/sb/0x342156c8d3ba54abc67920d35ba1d1e67201ac9c.sol#265-270) should be declared external
ERC20.allowance (/sb/0x342156c8d3ba54abc67920d35ba1d1e67201ac9c.sol#40-41) should be declared external
ERC20.transferFrom (/sb/0x342156c8d3ba54abc67920d35ba1d1e67201ac9c.sol#41-42) should be declared external
Elsevier.transferFrom (/sb/0x342156c8d3ba54abc67920d35ba1d1e67201ac9c.sol#243-255) should be declared external
Elsevier.approve (/sb/0x342156c8d3ba54abc67920d35ba1d1e67201ac9c.sol#255-265) should be declared external
ERC20.approve (/sb/0x342156c8d3ba54abc67920d35ba1d1e67201ac9c.sol#42-43) should be declared external
Token.distr (/sb/0x342156c8d3ba54abc67920d35ba1d1e67201ac9c.sol#47-48) should be declared external
Token.totalSupply (/sb/0x342156c8d3ba54abc67920d35ba1d1e67201ac9c.sol#48-49) should be declared external
Token.balanceOf (/sb/0x342156c8d3ba54abc67920d35ba1d1e67201ac9c.sol#49-54) should be declared external
Elsevier.setParameters (/sb/0x342156c8d3ba54abc67920d35ba1d1e67201ac9c.sol#107-111) should be declared external
Elsevier.transferOwnership (/sb/0x342156c8d3ba54abc67920d35ba1d1e67201ac9c.sol#112-117) should be declared external
Elsevier.enableWhitelist (/sb/0x342156c8d3ba54abc67920d35ba1d1e67201ac9c.sol#117-123) should be declared external
Elsevier.disableWhitelist (/sb/0x342156c8d3ba54abc67920d35ba1d1e67201ac9c.sol#124-130) should be declared external
Elsevier.finishDistribution (/sb/0x342156c8d3ba54abc67920d35ba1d1e67201ac9c.sol#130-135) should be declared external
Elsevier.airdrop (/sb/0x342156c8d3ba54abc67920d35ba1d1e67201ac9c.sol#150-165) should be declared external
Elsevier.distribution (/sb/0x342156c8d3ba54abc67920d35ba1d1e67201ac9c.sol#165-180) should be declared external
Elsevier.distributeAmounts (/sb/0x342156c8d3ba54abc67920d35ba1d1e67201ac9c.sol#180-198) should be declared external
Elsevier.getTokenBalance (/sb/0x342156c8d3ba54abc67920d35ba1d1e67201ac9c.sol#271-277) should be declared external
Elsevier.withdraw (/sb/0x342156c8d3ba54abc67920d35ba1d1e67201ac9c.sol#277-278) should be declared external
Elsevier.burn (/sb/0x342156c8d3ba54abc67920d35ba1d1e67201ac9c.sol#278-294) should be declared external
Elsevier.withdrawForeignTokens (/sb/0x342156c8d3ba54abc67920d35ba1d1e67201ac9c.sol) should be declared external
Reference: https://github.com/trailofbits/slither/wiki/Detectors-Documentation#public-function-that-could-be-declared-as-external[0m
INFO:Detectors:[92m
Detected issues with version pragma in /sb/0x342156c8d3ba54abc67920d35ba1d1e67201ac9c.sol:
	- pragma solidity^0.4.19 (/sb/0x342156c8d3ba54abc67920d35ba1d1e67201ac9c.sol#1): it allows old versions
Reference: https://github.com/trailofbits/slither/wiki/Detectors-Documentation#incorrect-version-of-solidity[0m
INFO:Detectors:[92m
Parameter '_owner' of Elsevier.balanceOf (/sb/0x342156c8d3ba54abc67920d35ba1d1e67201ac9c.sol#224-225) is not in mixedCase
Parameter '_to' of Elsevier.transfer (/sb/0x342156c8d3ba54abc67920d35ba1d1e67201ac9c.sol#233) is not in mixedCase
Parameter '_amount' of Elsevier.transfer (/sb/0x342156c8d3ba54abc67920d35ba1d1e67201ac9c.sol#233-234) is not in mixedCase
Parameter '_owner' of Elsevier.allowance (/sb/0x342156c8d3ba54abc67920d35ba1d1e67201ac9c.sol#265-266) is not in mixedCase
Parameter '_spender' of Elsevier.allowance (/sb/0x342156c8d3ba54abc67920d35ba1d1e67201ac9c.sol#266) is not in mixedCase
Parameter '_from' of Elsevier.transferFrom (/sb/0x342156c8d3ba54abc67920d35ba1d1e67201ac9c.sol#243-245) is not in mixedCase
Parameter '_to' of Elsevier.transferFrom (/sb/0x342156c8d3ba54abc67920d35ba1d1e67201ac9c.sol#245) is not in mixedCase
Parameter '_amount' of Elsevier.transferFrom (/sb/0x342156c8d3ba54abc67920d35ba1d1e67201ac9c.sol#245) is not in mixedCase
Parameter '_spender' of Elsevier.approve (/sb/0x342156c8d3ba54abc67920d35ba1d1e67201ac9c.sol#255-256) is not in mixedCase
Parameter '_value' of Elsevier.approve (/sb/0x342156c8d3ba54abc67920d35ba1d1e67201ac9c.sol#256) is not in mixedCase
Function 'Elsevier.Elsevier' (/sb/0x342156c8d3ba54abc67920d35ba1d1e67201ac9c.sol#100-106) is not in mixedCase
Parameter '_value' of Elsevier.Elsevier (/sb/0x342156c8d3ba54abc67920d35ba1d1e67201ac9c.sol#101) is not in mixedCase
Parameter '_minReq' of Elsevier.Elsevier (/sb/0x342156c8d3ba54abc67920d35ba1d1e67201ac9c.sol#101-102) is not in mixedCase
Parameter '_value' of Elsevier.setParameters (/sb/0x342156c8d3ba54abc67920d35ba1d1e67201ac9c.sol#108-110) is not in mixedCase
Parameter '_minReq' of Elsevier.setParameters (/sb/0x342156c8d3ba54abc67920d35ba1d1e67201ac9c.sol#110) is not in mixedCase
Parameter '_to' of Elsevier.distr (/sb/0x342156c8d3ba54abc67920d35ba1d1e67201ac9c.sol#136) is not in mixedCase
Parameter '_amount' of Elsevier.distr (/sb/0x342156c8d3ba54abc67920d35ba1d1e67201ac9c.sol#136) is not in mixedCase
Parameter '_value' of Elsevier.burn (/sb/0x342156c8d3ba54abc67920d35ba1d1e67201ac9c.sol#280) is not in mixedCase
Parameter '_tokenContract' of Elsevier.withdrawForeignTokens (/sb/0x342156c8d3ba54abc67920d35ba1d1e67201ac9c.sol) is not in mixedCase
Reference: https://github.com/trailofbits/slither/wiki/Detectors-Documentation#conformance-to-solidity-naming-conventions[0m
INFO:Detectors:[92m
Elsevier.totalReserved (/sb/0x342156c8d3ba54abc67920d35ba1d1e67201ac9c.sol#67) is never used in Elsevier
Elsevier.totalBounties (/sb/0x342156c8d3ba54abc67920d35ba1d1e67201ac9c.sol#68) is never used in Elsevier
Reference: https://github.com/trailofbits/slither/wiki/Detectors-Documentation#unused-state-variables[0m
INFO:Slither:/sb/0x342156c8d3ba54abc67920d35ba1d1e67201ac9c.sol analyzed (6 contracts), 50 result(s) found
