INFO:Detectors:[92m
Ownable.transferOwnership (/sb/0x0fc7e77d5fd7bf8effd6d6e624183714416b88de.sol#90-97) should be declared external
Ownable.acceptOwnership (/sb/0x0fc7e77d5fd7bf8effd6d6e624183714416b88de.sol#99-110) should be declared external
Support.addSupport (/sb/0x0fc7e77d5fd7bf8effd6d6e624183714416b88de.sol#131-138) should be declared external
Support.removeSupport (/sb/0x0fc7e77d5fd7bf8effd6d6e624183714416b88de.sol#143-152) should be declared external
BasicToken.totalSupply (/sb/0x0fc7e77d5fd7bf8effd6d6e624183714416b88de.sol#199-202) should be declared external
ERC20Basic.totalSupply (/sb/0x0fc7e77d5fd7bf8effd6d6e624183714416b88de.sol#155-156) should be declared external
BasicToken.balanceOf (/sb/0x0fc7e77d5fd7bf8effd6d6e624183714416b88de.sol#227-228) should be declared external
ERC20Basic.balanceOf (/sb/0x0fc7e77d5fd7bf8effd6d6e624183714416b88de.sol#156-159) should be declared external
ERC20.allowance (/sb/0x0fc7e77d5fd7bf8effd6d6e624183714416b88de.sol#168-170) should be declared external
StandardToken.allowance (/sb/0x0fc7e77d5fd7bf8effd6d6e624183714416b88de.sol#298-301) should be declared external
ERC20.approve (/sb/0x0fc7e77d5fd7bf8effd6d6e624183714416b88de.sol#175-181) should be declared external
StandardToken.approve (/sb/0x0fc7e77d5fd7bf8effd6d6e624183714416b88de.sol#276-283) should be declared external
StandardToken.increaseApproval (/sb/0x0fc7e77d5fd7bf8effd6d6e624183714416b88de.sol#316-327) should be declared external
StandardToken.decreaseApproval (/sb/0x0fc7e77d5fd7bf8effd6d6e624183714416b88de.sol#343-363) should be declared external
BurnableToken.burn (/sb/0x0fc7e77d5fd7bf8effd6d6e624183714416b88de.sol#370-373) should be declared external
FreezeTokenCrowdsale.finalizeCrowdsale (/sb/0x0fc7e77d5fd7bf8effd6d6e624183714416b88de.sol#420-427) should be declared external
Reference: https://github.com/trailofbits/slither/wiki/Detectors-Documentation#public-function-that-could-be-declared-as-external[0m
INFO:Detectors:[92m
Detected issues with version pragma in /sb/0x0fc7e77d5fd7bf8effd6d6e624183714416b88de.sol:
	- pragma solidity^0.4.12 (/sb/0x0fc7e77d5fd7bf8effd6d6e624183714416b88de.sol#1): it allows old versions
Reference: https://github.com/trailofbits/slither/wiki/Detectors-Documentation#incorrect-version-of-solidity[0m
INFO:Detectors:[92m
Parameter '_newOwner' of Ownable.transferOwnership (/sb/0x0fc7e77d5fd7bf8effd6d6e624183714416b88de.sol#91) is not in mixedCase
Parameter '_who' of Support.addSupport (/sb/0x0fc7e77d5fd7bf8effd6d6e624183714416b88de.sol#131-132) is not in mixedCase
Parameter '_who' of Support.removeSupport (/sb/0x0fc7e77d5fd7bf8effd6d6e624183714416b88de.sol#144-147) is not in mixedCase
Parameter '_owner' of BasicToken.balanceOf (/sb/0x0fc7e77d5fd7bf8effd6d6e624183714416b88de.sol#227) is not in mixedCase
Parameter '_to' of BasicToken.transfer (/sb/0x0fc7e77d5fd7bf8effd6d6e624183714416b88de.sol#206-207) is not in mixedCase
Parameter '_value' of BasicToken.transfer (/sb/0x0fc7e77d5fd7bf8effd6d6e624183714416b88de.sol#207) is not in mixedCase
Parameter '_owner' of StandardToken.allowance (/sb/0x0fc7e77d5fd7bf8effd6d6e624183714416b88de.sol#298) is not in mixedCase
Parameter '_spender' of StandardToken.allowance (/sb/0x0fc7e77d5fd7bf8effd6d6e624183714416b88de.sol#298-299) is not in mixedCase
Parameter '_from' of StandardToken.transferFrom (/sb/0x0fc7e77d5fd7bf8effd6d6e624183714416b88de.sol#252) is not in mixedCase
Parameter '_to' of StandardToken.transferFrom (/sb/0x0fc7e77d5fd7bf8effd6d6e624183714416b88de.sol#252) is not in mixedCase
Parameter '_value' of StandardToken.transferFrom (/sb/0x0fc7e77d5fd7bf8effd6d6e624183714416b88de.sol#254) is not in mixedCase
Parameter '_spender' of StandardToken.approve (/sb/0x0fc7e77d5fd7bf8effd6d6e624183714416b88de.sol#276-279) is not in mixedCase
Parameter '_value' of StandardToken.approve (/sb/0x0fc7e77d5fd7bf8effd6d6e624183714416b88de.sol#280) is not in mixedCase
Parameter '_spender' of StandardToken.increaseApproval (/sb/0x0fc7e77d5fd7bf8effd6d6e624183714416b88de.sol#316) is not in mixedCase
Parameter '_addedValue' of StandardToken.increaseApproval (/sb/0x0fc7e77d5fd7bf8effd6d6e624183714416b88de.sol#317) is not in mixedCase
Parameter '_spender' of StandardToken.decreaseApproval (/sb/0x0fc7e77d5fd7bf8effd6d6e624183714416b88de.sol#344) is not in mixedCase
Parameter '_subtractedValue' of StandardToken.decreaseApproval (/sb/0x0fc7e77d5fd7bf8effd6d6e624183714416b88de.sol#344-345) is not in mixedCase
Parameter '_value' of BurnableToken.burn (/sb/0x0fc7e77d5fd7bf8effd6d6e624183714416b88de.sol#370-372) is not in mixedCase
Function 'BurnableToken._burn' (/sb/0x0fc7e77d5fd7bf8effd6d6e624183714416b88de.sol#373-391) is not in mixedCase
Parameter '_who' of BurnableToken._burn (/sb/0x0fc7e77d5fd7bf8effd6d6e624183714416b88de.sol#374) is not in mixedCase
Parameter '_value' of BurnableToken._burn (/sb/0x0fc7e77d5fd7bf8effd6d6e624183714416b88de.sol#374) is not in mixedCase
Parameter '_to' of FreezeTokenCrowdsale.transfer (/sb/0x0fc7e77d5fd7bf8effd6d6e624183714416b88de.sol#433-434) is not in mixedCase
Parameter '_value' of FreezeTokenCrowdsale.transfer (/sb/0x0fc7e77d5fd7bf8effd6d6e624183714416b88de.sol#434-436) is not in mixedCase
Parameter '_from' of FreezeTokenCrowdsale.transferFrom (/sb/0x0fc7e77d5fd7bf8effd6d6e624183714416b88de.sol#439) is not in mixedCase
Parameter '_to' of FreezeTokenCrowdsale.transferFrom (/sb/0x0fc7e77d5fd7bf8effd6d6e624183714416b88de.sol#439) is not in mixedCase
Parameter '_value' of FreezeTokenCrowdsale.transferFrom (/sb/0x0fc7e77d5fd7bf8effd6d6e624183714416b88de.sol#440) is not in mixedCase
Reference: https://github.com/trailofbits/slither/wiki/Detectors-Documentation#conformance-to-solidity-naming-conventions[0m
INFO:Slither:/sb/0x0fc7e77d5fd7bf8effd6d6e624183714416b88de.sol analyzed (10 contracts), 43 result(s) found
