INFO:Slither:Compilation warnings/errors on /sb/0xd37f29d1cd9f379b3f9363453725ed971190aeca.sol:
/sb/0xd37f29d1cd9f379b3f9363453725ed971190aeca.sol:20:3: Warning: Defining constructors as functions with the same name as the contract is deprecated. Use "constructor(...) { ... }" instead.
  function Ownable() public {
  ^ (Relevant source part starts here and spans across multiple lines).

INFO:Detectors:[92m
Ownable.transferOwnership (/sb/0xd37f29d1cd9f379b3f9363453725ed971190aeca.sol#36-48) should be declared external
Pausable.pause (/sb/0xd37f29d1cd9f379b3f9363453725ed971190aeca.sol#78-83) should be declared external
Pausable.unpause (/sb/0xd37f29d1cd9f379b3f9363453725ed971190aeca.sol#86-93) should be declared external
BlockchainCutiesPresale.addCutie (/sb/0xd37f29d1cd9f379b3f9363453725ed971190aeca.sol#109-115) should be declared external
BlockchainCutiesPresale.getPrice (/sb/0xd37f29d1cd9f379b3f9363453725ed971190aeca.sol#119-126) should be declared external
BlockchainCutiesPresale.bid (/sb/0xd37f29d1cd9f379b3f9363453725ed971190aeca.sol#126-139) should be declared external
BlockchainCutiesPresale.purchasesCount (/sb/0xd37f29d1cd9f379b3f9363453725ed971190aeca.sol#139-144) should be declared external
BlockchainCutiesPresale.destroyContract (/sb/0xd37f29d1cd9f379b3f9363453725ed971190aeca.sol#144-146) should be declared external
BlockchainCutiesPresale.withdraw (/sb/0xd37f29d1cd9f379b3f9363453725ed971190aeca.sol) should be declared external
Reference: https://github.com/trailofbits/slither/wiki/Detectors-Documentation#public-function-that-could-be-declared-as-external[0m
INFO:Detectors:[92m
Detected issues with version pragma in /sb/0xd37f29d1cd9f379b3f9363453725ed971190aeca.sol:
	- pragma solidity^0.4.20 (/sb/0xd37f29d1cd9f379b3f9363453725ed971190aeca.sol#1): it allows old versions
Reference: https://github.com/trailofbits/slither/wiki/Detectors-Documentation#incorrect-version-of-solidity[0m
INFO:Detectors:[92m
Function 'Ownable.Ownable' (/sb/0xd37f29d1cd9f379b3f9363453725ed971190aeca.sol#20-25) is not in mixedCase
Reference: https://github.com/trailofbits/slither/wiki/Detectors-Documentation#conformance-to-solidity-naming-conventions[0m
INFO:Slither:/sb/0xd37f29d1cd9f379b3f9363453725ed971190aeca.sol analyzed (3 contracts), 11 result(s) found
