INFO:Slither:Compilation warnings/errors on /sb/0xb53497a41bd4b667172dd3329cafa131805a2134.sol:
/sb/0xb53497a41bd4b667172dd3329cafa131805a2134.sol:48:3: Warning: Defining constructors as functions with the same name as the contract is deprecated. Use "constructor(...) { ... }" instead.
  function Ownable() public {
  ^ (Relevant source part starts here and spans across multiple lines).

INFO:Detectors:[93m
MDFToken.isContract (/sb/0xb53497a41bd4b667172dd3329cafa131805a2134.sol#145-152) is declared view but contains assembly code
Reference: https://github.com/trailofbits/slither/wiki/Detectors-Documentation#constant-functions-changing-the-state[0m
INFO:Detectors:[93m
Contract locking ether found in /sb/0xb53497a41bd4b667172dd3329cafa131805a2134.sol:
	Contract MDFToken has payable functions:
	 - fallback (/sb/0xb53497a41bd4b667172dd3329cafa131805a2134.sol#179-180)
	But does not have a function to withdraw the ether
Reference: https://github.com/trailofbits/slither/wiki/Detectors-Documentation#contracts-that-lock-ether[0m
INFO:Detectors:[92m
MDFToken.isContract uses assembly (/sb/0xb53497a41bd4b667172dd3329cafa131805a2134.sol#145-152)
	- /sb/0xb53497a41bd4b667172dd3329cafa131805a2134.sol#149-151
Reference: https://github.com/trailofbits/slither/wiki/Detectors-Documentation#assembly-usage[0m
INFO:Detectors:[92m
Ownable.transferOwnership (/sb/0xb53497a41bd4b667172dd3329cafa131805a2134.sol#64-73) should be declared external
MDFToken.totalSupply (/sb/0xb53497a41bd4b667172dd3329cafa131805a2134.sol#115-119) should be declared external
ERC20.totalSupply (/sb/0xb53497a41bd4b667172dd3329cafa131805a2134.sol#74) should be declared external
ERC20.balanceOf (/sb/0xb53497a41bd4b667172dd3329cafa131805a2134.sol#74-75) should be declared external
MDFToken.balanceOf (/sb/0xb53497a41bd4b667172dd3329cafa131805a2134.sol#119-122) should be declared external
ERC20.allowance (/sb/0xb53497a41bd4b667172dd3329cafa131805a2134.sol#76-77) should be declared external
MDFToken.allowance (/sb/0xb53497a41bd4b667172dd3329cafa131805a2134.sol#175-179) should be declared external
ERC20.approve (/sb/0xb53497a41bd4b667172dd3329cafa131805a2134.sol#77-78) should be declared external
MDFToken.approve (/sb/0xb53497a41bd4b667172dd3329cafa131805a2134.sol#165-175) should be declared external
ERC223.transfer (/sb/0xb53497a41bd4b667172dd3329cafa131805a2134.sol#84-85) should be declared external
MDFToken.transfer (/sb/0xb53497a41bd4b667172dd3329cafa131805a2134.sol#133-144) should be declared external
ERC223ReceivingContract.tokenFallback (/sb/0xb53497a41bd4b667172dd3329cafa131805a2134.sol#92-96) should be declared external
MDFToken.fallback (/sb/0xb53497a41bd4b667172dd3329cafa131805a2134.sol#179-180) should be declared external
MDFToken.multiTransfer (/sb/0xb53497a41bd4b667172dd3329cafa131805a2134.sol#185-195) should be declared external
MDFToken.multiTransferFrom (/sb/0xb53497a41bd4b667172dd3329cafa131805a2134.sol#195-204) should be declared external
Reference: https://github.com/trailofbits/slither/wiki/Detectors-Documentation#public-function-that-could-be-declared-as-external[0m
INFO:Detectors:[92m
Function 'Ownable.Ownable' (/sb/0xb53497a41bd4b667172dd3329cafa131805a2134.sol#49-53) is not in mixedCase
Parameter '_to' of MDFToken.transfer (/sb/0xb53497a41bd4b667172dd3329cafa131805a2134.sol#133) is not in mixedCase
Parameter '_value' of MDFToken.transfer (/sb/0xb53497a41bd4b667172dd3329cafa131805a2134.sol#133) is not in mixedCase
Parameter '_data' of MDFToken.transfer (/sb/0xb53497a41bd4b667172dd3329cafa131805a2134.sol#133-134) is not in mixedCase
Parameter '_owner' of MDFToken.balanceOf (/sb/0xb53497a41bd4b667172dd3329cafa131805a2134.sol#119) is not in mixedCase
Parameter '_from' of MDFToken.transferFrom (/sb/0xb53497a41bd4b667172dd3329cafa131805a2134.sol#154) is not in mixedCase
Parameter '_to' of MDFToken.transferFrom (/sb/0xb53497a41bd4b667172dd3329cafa131805a2134.sol#154) is not in mixedCase
Parameter '_value' of MDFToken.transferFrom (/sb/0xb53497a41bd4b667172dd3329cafa131805a2134.sol#154-155) is not in mixedCase
Parameter '_owner' of MDFToken.allowance (/sb/0xb53497a41bd4b667172dd3329cafa131805a2134.sol#178) is not in mixedCase
Parameter '_spender' of MDFToken.allowance (/sb/0xb53497a41bd4b667172dd3329cafa131805a2134.sol#178) is not in mixedCase
Parameter '_spender' of MDFToken.approve (/sb/0xb53497a41bd4b667172dd3329cafa131805a2134.sol#165) is not in mixedCase
Parameter '_value' of MDFToken.approve (/sb/0xb53497a41bd4b667172dd3329cafa131805a2134.sol#165-166) is not in mixedCase
Parameter '_to' of MDFToken.transfer (/sb/0xb53497a41bd4b667172dd3329cafa131805a2134.sol#123) is not in mixedCase
Parameter '_value' of MDFToken.transfer (/sb/0xb53497a41bd4b667172dd3329cafa131805a2134.sol#123) is not in mixedCase
Parameter '_toAddresses' of MDFToken.multiTransfer (/sb/0xb53497a41bd4b667172dd3329cafa131805a2134.sol#186) is not in mixedCase
Parameter '_amounts' of MDFToken.multiTransfer (/sb/0xb53497a41bd4b667172dd3329cafa131805a2134.sol#186) is not in mixedCase
Parameter '_from' of MDFToken.multiTransferFrom (/sb/0xb53497a41bd4b667172dd3329cafa131805a2134.sol#196) is not in mixedCase
Parameter '_toAddresses' of MDFToken.multiTransferFrom (/sb/0xb53497a41bd4b667172dd3329cafa131805a2134.sol#196) is not in mixedCase
Parameter '_amounts' of MDFToken.multiTransferFrom (/sb/0xb53497a41bd4b667172dd3329cafa131805a2134.sol#196) is not in mixedCase
Constant 'MDFToken._totalSupply' (/sb/0xb53497a41bd4b667172dd3329cafa131805a2134.sol#99-100) is not in UPPER_CASE_WITH_UNDERSCORES
Reference: https://github.com/trailofbits/slither/wiki/Detectors-Documentation#conformance-to-solidity-naming-conventions[0m
INFO:Slither:/sb/0xb53497a41bd4b667172dd3329cafa131805a2134.sol analyzed (6 contracts), 38 result(s) found
