INFO:Slither:Compilation warnings/errors on /sb/0x21fc3890529fcec4a67c0e570d9f21faf5c7f225.sol:
/sb/0x21fc3890529fcec4a67c0e570d9f21faf5c7f225.sol:6:5: Warning: Defining constructors as functions with the same name as the contract is deprecated. Use "constructor(...) { ... }" instead.
    function owned() public {
    ^ (Relevant source part starts here and spans across multiple lines).
/sb/0x21fc3890529fcec4a67c0e570d9f21faf5c7f225.sol:49:5: Warning: Defining constructors as functions with the same name as the contract is deprecated. Use "constructor(...) { ... }" instead.
    function JeansToken(
    ^ (Relevant source part starts here and spans across multiple lines).
/sb/0x21fc3890529fcec4a67c0e570d9f21faf5c7f225.sol:193:5: Warning: Defining constructors as functions with the same name as the contract is deprecated. Use "constructor(...) { ... }" instead.
    function MyAdvancedToken(
    ^ (Relevant source part starts here and spans across multiple lines).
/sb/0x21fc3890529fcec4a67c0e570d9f21faf5c7f225.sol:20:28: Warning: Functions in interfaces should be declared external.
interface tokenRecipient { function receiveApproval(address _from, uint256 _value, address _token, bytes _extraData) public; }
                           ^-----------------------------------------------------------------------------------------------^
/sb/0x21fc3890529fcec4a67c0e570d9f21faf5c7f225.sol:76:9: Warning: Invoking events without "emit" prefix is deprecated.
        Transfer(_from, _to, _value);
        ^--------------------------^
/sb/0x21fc3890529fcec4a67c0e570d9f21faf5c7f225.sol:153:9: Warning: Invoking events without "emit" prefix is deprecated.
        Burn(msg.sender, _value);
        ^----------------------^
/sb/0x21fc3890529fcec4a67c0e570d9f21faf5c7f225.sol:171:9: Warning: Invoking events without "emit" prefix is deprecated.
        Burn(_from, _value);
        ^-----------------^
/sb/0x21fc3890529fcec4a67c0e570d9f21faf5c7f225.sol:208:9: Warning: Invoking events without "emit" prefix is deprecated.
        Transfer(_from, _to, _value);
        ^--------------------------^
/sb/0x21fc3890529fcec4a67c0e570d9f21faf5c7f225.sol:217:9: Warning: Invoking events without "emit" prefix is deprecated.
        Transfer(0, this, mintedAmount);
        ^-----------------------------^
/sb/0x21fc3890529fcec4a67c0e570d9f21faf5c7f225.sol:218:9: Warning: Invoking events without "emit" prefix is deprecated.
        Transfer(this, target, mintedAmount);
        ^----------------------------------^
/sb/0x21fc3890529fcec4a67c0e570d9f21faf5c7f225.sol:226:9: Warning: Invoking events without "emit" prefix is deprecated.
        FrozenFunds(target, freeze);
        ^-------------------------^
/sb/0x21fc3890529fcec4a67c0e570d9f21faf5c7f225.sol:246:17: Warning: Using contract member "balance" inherited from the address type is deprecated. Convert the contract to "address" type to access the member, for example use "address(contract).balance" instead.
        require(this.balance >= amount * sellPrice);      // checks if the contract has enough ether to buy
                ^----------^

INFO:Detectors:[93m
JeansToken (/sb/0x21fc3890529fcec4a67c0e570d9f21faf5c7f225.sol#22-180) has incorrect ERC20 function interface(s):
	-transfer (/sb/0x21fc3890529fcec4a67c0e570d9f21faf5c7f225.sol#90-96)
Reference: https://github.com/trailofbits/slither/wiki/Detectors-Documentation#incorrect-erc20-interface[0m
INFO:Detectors:[92m
JeansToken.decimals should be constant (/sb/0x21fc3890529fcec4a67c0e570d9f21faf5c7f225.sol#31)
Reference: https://github.com/trailofbits/slither/wiki/Detectors-Documentation#state-variables-that-could-be-declared-constant[0m
INFO:Detectors:[92m
owned.transferOwnership (/sb/0x21fc3890529fcec4a67c0e570d9f21faf5c7f225.sol#15-20) should be declared external
tokenRecipient.receiveApproval (/sb/0x21fc3890529fcec4a67c0e570d9f21faf5c7f225.sol#20-22) should be declared external
JeansToken.transfer (/sb/0x21fc3890529fcec4a67c0e570d9f21faf5c7f225.sol#90-96) should be declared external
JeansToken.transferFrom (/sb/0x21fc3890529fcec4a67c0e570d9f21faf5c7f225.sol#103-112) should be declared external
JeansToken.approveAndCall (/sb/0x21fc3890529fcec4a67c0e570d9f21faf5c7f225.sol#135-147) should be declared external
JeansToken.burn (/sb/0x21fc3890529fcec4a67c0e570d9f21faf5c7f225.sol#151-162) should be declared external
JeansToken.burnFrom (/sb/0x21fc3890529fcec4a67c0e570d9f21faf5c7f225.sol#166-180) should be declared external
MyAdvancedToken.mintToken (/sb/0x21fc3890529fcec4a67c0e570d9f21faf5c7f225.sol#218-224) should be declared external
MyAdvancedToken.freezeAccount (/sb/0x21fc3890529fcec4a67c0e570d9f21faf5c7f225.sol#229-231) should be declared external
MyAdvancedToken.setPrices (/sb/0x21fc3890529fcec4a67c0e570d9f21faf5c7f225.sol#238-240) should be declared external
MyAdvancedToken.buy (/sb/0x21fc3890529fcec4a67c0e570d9f21faf5c7f225.sol#243-246) should be declared external
MyAdvancedToken.sell (/sb/0x21fc3890529fcec4a67c0e570d9f21faf5c7f225.sol#248-250) should be declared external
Reference: https://github.com/trailofbits/slither/wiki/Detectors-Documentation#public-function-that-could-be-declared-as-external[0m
INFO:Detectors:[92m
Detected issues with version pragma in /sb/0x21fc3890529fcec4a67c0e570d9f21faf5c7f225.sol:
	- pragma solidity^0.4.16 (/sb/0x21fc3890529fcec4a67c0e570d9f21faf5c7f225.sol#1): it allows old versions
Reference: https://github.com/trailofbits/slither/wiki/Detectors-Documentation#incorrect-version-of-solidity[0m
INFO:Detectors:[92m
Contract 'owned' (/sb/0x21fc3890529fcec4a67c0e570d9f21faf5c7f225.sol#3-20) is not in CapWords
Contract 'tokenRecipient' (/sb/0x21fc3890529fcec4a67c0e570d9f21faf5c7f225.sol#20-22) is not in CapWords
Function 'JeansToken.JeansToken' (/sb/0x21fc3890529fcec4a67c0e570d9f21faf5c7f225.sol#53-61) is not in mixedCase
Function 'JeansToken._transfer' (/sb/0x21fc3890529fcec4a67c0e570d9f21faf5c7f225.sol#63-84) is not in mixedCase
Parameter '_from' of JeansToken._transfer (/sb/0x21fc3890529fcec4a67c0e570d9f21faf5c7f225.sol#64) is not in mixedCase
Parameter '_to' of JeansToken._transfer (/sb/0x21fc3890529fcec4a67c0e570d9f21faf5c7f225.sol#64) is not in mixedCase
Parameter '_value' of JeansToken._transfer (/sb/0x21fc3890529fcec4a67c0e570d9f21faf5c7f225.sol#64) is not in mixedCase
Parameter '_to' of JeansToken.transfer (/sb/0x21fc3890529fcec4a67c0e570d9f21faf5c7f225.sol#92-94) is not in mixedCase
Parameter '_value' of JeansToken.transfer (/sb/0x21fc3890529fcec4a67c0e570d9f21faf5c7f225.sol#94) is not in mixedCase
Parameter '_from' of JeansToken.transferFrom (/sb/0x21fc3890529fcec4a67c0e570d9f21faf5c7f225.sol#103) is not in mixedCase
Parameter '_to' of JeansToken.transferFrom (/sb/0x21fc3890529fcec4a67c0e570d9f21faf5c7f225.sol#103) is not in mixedCase
Parameter '_value' of JeansToken.transferFrom (/sb/0x21fc3890529fcec4a67c0e570d9f21faf5c7f225.sol#103) is not in mixedCase
Parameter '_spender' of JeansToken.approve (/sb/0x21fc3890529fcec4a67c0e570d9f21faf5c7f225.sol#119-120) is not in mixedCase
Parameter '_value' of JeansToken.approve (/sb/0x21fc3890529fcec4a67c0e570d9f21faf5c7f225.sol#120-121) is not in mixedCase
Parameter '_spender' of JeansToken.approveAndCall (/sb/0x21fc3890529fcec4a67c0e570d9f21faf5c7f225.sol#135) is not in mixedCase
Parameter '_value' of JeansToken.approveAndCall (/sb/0x21fc3890529fcec4a67c0e570d9f21faf5c7f225.sol#135-136) is not in mixedCase
Parameter '_extraData' of JeansToken.approveAndCall (/sb/0x21fc3890529fcec4a67c0e570d9f21faf5c7f225.sol#136) is not in mixedCase
Parameter '_value' of JeansToken.burn (/sb/0x21fc3890529fcec4a67c0e570d9f21faf5c7f225.sol#151) is not in mixedCase
Parameter '_from' of JeansToken.burnFrom (/sb/0x21fc3890529fcec4a67c0e570d9f21faf5c7f225.sol#166-167) is not in mixedCase
Parameter '_value' of JeansToken.burnFrom (/sb/0x21fc3890529fcec4a67c0e570d9f21faf5c7f225.sol#167) is not in mixedCase
Constant 'JeansToken._myTokeName' (/sb/0x21fc3890529fcec4a67c0e570d9f21faf5c7f225.sol#23-24) is not in UPPER_CASE_WITH_UNDERSCORES
Constant 'JeansToken._mySymbol' (/sb/0x21fc3890529fcec4a67c0e570d9f21faf5c7f225.sol#24-25) is not in UPPER_CASE_WITH_UNDERSCORES
Constant 'JeansToken._myinitialSupply' (/sb/0x21fc3890529fcec4a67c0e570d9f21faf5c7f225.sol#25-26) is not in UPPER_CASE_WITH_UNDERSCORES
Constant 'JeansToken._myDecimal' (/sb/0x21fc3890529fcec4a67c0e570d9f21faf5c7f225.sol#26-27) is not in UPPER_CASE_WITH_UNDERSCORES
Function 'MyAdvancedToken._transfer' (/sb/0x21fc3890529fcec4a67c0e570d9f21faf5c7f225.sol#202-214) is not in mixedCase
Parameter '_from' of MyAdvancedToken._transfer (/sb/0x21fc3890529fcec4a67c0e570d9f21faf5c7f225.sol#202) is not in mixedCase
Parameter '_to' of MyAdvancedToken._transfer (/sb/0x21fc3890529fcec4a67c0e570d9f21faf5c7f225.sol#202) is not in mixedCase
Parameter '_value' of MyAdvancedToken._transfer (/sb/0x21fc3890529fcec4a67c0e570d9f21faf5c7f225.sol#202) is not in mixedCase
Function 'MyAdvancedToken.MyAdvancedToken' (/sb/0x21fc3890529fcec4a67c0e570d9f21faf5c7f225.sol#200-201) is not in mixedCase
Reference: https://github.com/trailofbits/slither/wiki/Detectors-Documentation#conformance-to-solidity-naming-conventions[0m
INFO:Slither:/sb/0x21fc3890529fcec4a67c0e570d9f21faf5c7f225.sol analyzed (4 contracts), 44 result(s) found
