INFO:Detectors:[93m
UpgradeabilityProxy.implementation (/sb/0x00000000bbcf7700a1b403c9eb666f350707b900.sol#58-66) is declared view but contains assembly code
TGBPController.proxyOwner (/sb/0x00000000bbcf7700a1b403c9eb666f350707b900.sol#143-151) is declared view but contains assembly code
TGBPController.pendingProxyOwner (/sb/0x00000000bbcf7700a1b403c9eb666f350707b900.sol#154-162) is declared view but contains assembly code
Reference: https://github.com/trailofbits/slither/wiki/Detectors-Documentation#constant-functions-changing-the-state[0m
INFO:Detectors:[93m
Contract locking ether found in /sb/0x00000000bbcf7700a1b403c9eb666f350707b900.sol:
	Contract TGBPController has payable functions:
	 - fallback (/sb/0x00000000bbcf7700a1b403c9eb666f350707b900.sol#21-38)
	But does not have a function to withdraw the ether
Reference: https://github.com/trailofbits/slither/wiki/Detectors-Documentation#contracts-that-lock-ether[0m
INFO:Detectors:[92m
TGBPController.upgradeTo.implementation (local variable @ /sb/0x00000000bbcf7700a1b403c9eb666f350707b900.sol) shadows:
	- UpgradeabilityProxy.implementation (function @ /sb/0x00000000bbcf7700a1b403c9eb666f350707b900.sol#58-66)
	- Proxy.implementation (function @ /sb/0x00000000bbcf7700a1b403c9eb666f350707b900.sol#15-18)
Reference: https://github.com/trailofbits/slither/wiki/Detectors-Documentation#local-variable-shadowing[0m
INFO:Detectors:[92m
Proxy.fallback uses assembly (/sb/0x00000000bbcf7700a1b403c9eb666f350707b900.sol#21-38)
	- /sb/0x00000000bbcf7700a1b403c9eb666f350707b900.sol#25-38
UpgradeabilityProxy.implementation uses assembly (/sb/0x00000000bbcf7700a1b403c9eb666f350707b900.sol#58-66)
	- /sb/0x00000000bbcf7700a1b403c9eb666f350707b900.sol#63-66
UpgradeabilityProxy._setImplementation uses assembly (/sb/0x00000000bbcf7700a1b403c9eb666f350707b900.sol#70-78)
	- /sb/0x00000000bbcf7700a1b403c9eb666f350707b900.sol#74-78
TGBPController.proxyOwner uses assembly (/sb/0x00000000bbcf7700a1b403c9eb666f350707b900.sol#143-151)
	- /sb/0x00000000bbcf7700a1b403c9eb666f350707b900.sol#149-151
TGBPController.pendingProxyOwner uses assembly (/sb/0x00000000bbcf7700a1b403c9eb666f350707b900.sol#154-162)
	- /sb/0x00000000bbcf7700a1b403c9eb666f350707b900.sol#161-162
TGBPController._setUpgradeabilityOwner uses assembly (/sb/0x00000000bbcf7700a1b403c9eb666f350707b900.sol#164-172)
	- /sb/0x00000000bbcf7700a1b403c9eb666f350707b900.sol#171-172
TGBPController._setPendingUpgradeabilityOwner uses assembly (/sb/0x00000000bbcf7700a1b403c9eb666f350707b900.sol#174-181)
	- /sb/0x00000000bbcf7700a1b403c9eb666f350707b900.sol#179-181
Reference: https://github.com/trailofbits/slither/wiki/Detectors-Documentation#assembly-usage[0m
INFO:Detectors:[92m
Detected issues with version pragma in /sb/0x00000000bbcf7700a1b403c9eb666f350707b900.sol:
	- pragma solidity^0.4.23 (/sb/0x00000000bbcf7700a1b403c9eb666f350707b900.sol#1): it allows old versions
Reference: https://github.com/trailofbits/slither/wiki/Detectors-Documentation#incorrect-version-of-solidity[0m
INFO:Detectors:[92m
Function 'UpgradeabilityProxy._setImplementation' (/sb/0x00000000bbcf7700a1b403c9eb666f350707b900.sol#70-78) is not in mixedCase
Function 'UpgradeabilityProxy._upgradeTo' (/sb/0x00000000bbcf7700a1b403c9eb666f350707b900.sol#81-91) is not in mixedCase
Constant 'UpgradeabilityProxy.implementationPosition' (/sb/0x00000000bbcf7700a1b403c9eb666f350707b900.sol#52-54) is not in UPPER_CASE_WITH_UNDERSCORES
Function 'TGBPController._setUpgradeabilityOwner' (/sb/0x00000000bbcf7700a1b403c9eb666f350707b900.sol#164-172) is not in mixedCase
Function 'TGBPController._setPendingUpgradeabilityOwner' (/sb/0x00000000bbcf7700a1b403c9eb666f350707b900.sol#174-181) is not in mixedCase
Constant 'TGBPController.proxyOwnerPosition' (/sb/0x00000000bbcf7700a1b403c9eb666f350707b900.sol#110-111) is not in UPPER_CASE_WITH_UNDERSCORES
Constant 'TGBPController.pendingProxyOwnerPosition' (/sb/0x00000000bbcf7700a1b403c9eb666f350707b900.sol#111-114) is not in UPPER_CASE_WITH_UNDERSCORES
Reference: https://github.com/trailofbits/slither/wiki/Detectors-Documentation#conformance-to-solidity-naming-conventions[0m
INFO:Slither:/sb/0x00000000bbcf7700a1b403c9eb666f350707b900.sol analyzed (3 contracts), 20 result(s) found
