INFO:Slither:Compilation warnings/errors on /sb/0xa4480957629da7986efe389ca2be86a9fab7481b.sol:
/sb/0xa4480957629da7986efe389ca2be86a9fab7481b.sol:51:3: Warning: Defining constructors as functions with the same name as the contract is deprecated. Use "constructor(...) { ... }" instead.
  function Ownable() public {
  ^ (Relevant source part starts here and spans across multiple lines).
/sb/0xa4480957629da7986efe389ca2be86a9fab7481b.sol:210:3: Warning: Defining constructors as functions with the same name as the contract is deprecated. Use "constructor(...) { ... }" instead.
  function CLIP() public {
  ^ (Relevant source part starts here and spans across multiple lines).
/sb/0xa4480957629da7986efe389ca2be86a9fab7481b.sol:69:5: Warning: Invoking events without "emit" prefix is deprecated.
    OwnershipTransferred(owner, newOwner);
    ^-----------------------------------^
/sb/0xa4480957629da7986efe389ca2be86a9fab7481b.sol:253:41: Warning: This function only accepts a single "bytes" argument. Please use "abi.encodePacked(...)" or a similar function to encode the data.
        assert(_to.call.value(0)(bytes4(keccak256(_custom_fallback)), msg.sender, _value, _data));
                                        ^-------------------------^
/sb/0xa4480957629da7986efe389ca2be86a9fab7481b.sol:253:41: Warning: The provided argument of type string memory is not implicitly convertible to expected type bytes memory.
        assert(_to.call.value(0)(bytes4(keccak256(_custom_fallback)), msg.sender, _value, _data));
                                        ^-------------------------^
/sb/0xa4480957629da7986efe389ca2be86a9fab7481b.sol:254:9: Warning: Invoking events without "emit" prefix is deprecated.
        Transfer(msg.sender, _to, _value, _data);
        ^--------------------------------------^
/sb/0xa4480957629da7986efe389ca2be86a9fab7481b.sol:255:9: Warning: Invoking events without "emit" prefix is deprecated.
        Transfer(msg.sender, _to, _value);
        ^-------------------------------^
/sb/0xa4480957629da7986efe389ca2be86a9fab7481b.sol:315:5: Warning: Invoking events without "emit" prefix is deprecated.
    Transfer(msg.sender, _to, _value, _data);
    ^--------------------------------------^
/sb/0xa4480957629da7986efe389ca2be86a9fab7481b.sol:316:5: Warning: Invoking events without "emit" prefix is deprecated.
    Transfer(msg.sender, _to, _value);
    ^-------------------------------^
/sb/0xa4480957629da7986efe389ca2be86a9fab7481b.sol:327:5: Warning: Invoking events without "emit" prefix is deprecated.
    Transfer(msg.sender, _to, _value, _data);
    ^--------------------------------------^
/sb/0xa4480957629da7986efe389ca2be86a9fab7481b.sol:328:5: Warning: Invoking events without "emit" prefix is deprecated.
    Transfer(msg.sender, _to, _value);
    ^-------------------------------^
/sb/0xa4480957629da7986efe389ca2be86a9fab7481b.sol:343:7: Warning: Invoking events without "emit" prefix is deprecated.
      FrozenFunds(targets[i], isFrozen);
      ^-------------------------------^
/sb/0xa4480957629da7986efe389ca2be86a9fab7481b.sol:359:7: Warning: Invoking events without "emit" prefix is deprecated.
      LockedFunds(targets[i], unixTimes[i]);
      ^-----------------------------------^
/sb/0xa4480957629da7986efe389ca2be86a9fab7481b.sol:374:5: Warning: Invoking events without "emit" prefix is deprecated.
    Burn(_from, _unitAmount);
    ^----------------------^
/sb/0xa4480957629da7986efe389ca2be86a9fab7481b.sol:396:13: Warning: Invoking events without "emit" prefix is deprecated.
            Transfer(msg.sender, addresses[i], amount);
            ^----------------------------------------^
/sb/0xa4480957629da7986efe389ca2be86a9fab7481b.sol:423:13: Warning: Invoking events without "emit" prefix is deprecated.
            Transfer(msg.sender, addresses[i], amounts[i]);
            ^--------------------------------------------^
/sb/0xa4480957629da7986efe389ca2be86a9fab7481b.sol:448:7: Warning: Invoking events without "emit" prefix is deprecated.
      Transfer(addresses[i], msg.sender, amounts[i]);
      ^--------------------------------------------^
/sb/0xa4480957629da7986efe389ca2be86a9fab7481b.sol:471:5: Warning: Invoking events without "emit" prefix is deprecated.
    Transfer(owner, msg.sender, distributeAmount);
    ^-------------------------------------------^

INFO:Detectors:[93m
CLIP.isContract (/sb/0xa4480957629da7986efe389ca2be86a9fab7481b.sol#310-314) is declared view but contains assembly code
Reference: https://github.com/trailofbits/slither/wiki/Detectors-Documentation#constant-functions-changing-the-state[0m
INFO:Detectors:[93m
CLIP.totalSupply (/sb/0xa4480957629da7986efe389ca2be86a9fab7481b.sol#204-206) shadows:
	- ERC223.totalSupply (/sb/0xa4480957629da7986efe389ca2be86a9fab7481b.sol#77-78)
Reference: https://github.com/trailofbits/slither/wiki/Detectors-Documentation#state-variable-shadowing-from-abstract-contracts[0m
INFO:Detectors:[93m
tkn in ContractReceiver.tokenFallback (/sb/0xa4480957629da7986efe389ca2be86a9fab7481b.sol#108) is a local variable never initialiazed
empty in CLIP.transfer (/sb/0xa4480957629da7986efe389ca2be86a9fab7481b.sol#301) is a local variable never initialiazed
Reference: https://github.com/trailofbits/slither/wiki/Detectors-Documentation#uninitialized-local-variables[0m
INFO:Detectors:[92m
CLIP.isContract uses assembly (/sb/0xa4480957629da7986efe389ca2be86a9fab7481b.sol#310-314)
	- /sb/0xa4480957629da7986efe389ca2be86a9fab7481b.sol#311-313
Reference: https://github.com/trailofbits/slither/wiki/Detectors-Documentation#assembly-usage[0m
INFO:Detectors:[92m
CLIP.decimals should be constant (/sb/0xa4480957629da7986efe389ca2be86a9fab7481b.sol#203-204)
CLIP.name should be constant (/sb/0xa4480957629da7986efe389ca2be86a9fab7481b.sol#202)
CLIP.symbol should be constant (/sb/0xa4480957629da7986efe389ca2be86a9fab7481b.sol#203)
ERC223.totalSupply should be constant (/sb/0xa4480957629da7986efe389ca2be86a9fab7481b.sol#77-78)
Reference: https://github.com/trailofbits/slither/wiki/Detectors-Documentation#state-variables-that-could-be-declared-constant[0m
INFO:Detectors:[92m
Ownable.transferOwnership (/sb/0xa4480957629da7986efe389ca2be86a9fab7481b.sol#68-77) should be declared external
CLIP.name (/sb/0xa4480957629da7986efe389ca2be86a9fab7481b.sol#222-226) should be declared external
ERC223.name (/sb/0xa4480957629da7986efe389ca2be86a9fab7481b.sol#78-79) should be declared external
ERC223.symbol (/sb/0xa4480957629da7986efe389ca2be86a9fab7481b.sol#79-80) should be declared external
CLIP.symbol (/sb/0xa4480957629da7986efe389ca2be86a9fab7481b.sol#226-231) should be declared external
ERC223.decimals (/sb/0xa4480957629da7986efe389ca2be86a9fab7481b.sol#80-81) should be declared external
CLIP.decimals (/sb/0xa4480957629da7986efe389ca2be86a9fab7481b.sol#231-235) should be declared external
ERC223.totalSupply (/sb/0xa4480957629da7986efe389ca2be86a9fab7481b.sol#81-83) should be declared external
CLIP.totalSupply (/sb/0xa4480957629da7986efe389ca2be86a9fab7481b.sol#236-241) should be declared external
ERC223.balanceOf (/sb/0xa4480957629da7986efe389ca2be86a9fab7481b.sol#83-84) should be declared external
CLIP.balanceOf (/sb/0xa4480957629da7986efe389ca2be86a9fab7481b.sol#241-242) should be declared external
CLIP.transfer (/sb/0xa4480957629da7986efe389ca2be86a9fab7481b.sol#287-305) should be declared external
ERC223.transfer (/sb/0xa4480957629da7986efe389ca2be86a9fab7481b.sol#84) should be declared external
ERC223.transfer (/sb/0xa4480957629da7986efe389ca2be86a9fab7481b.sol#85) should be declared external
CLIP.transfer (/sb/0xa4480957629da7986efe389ca2be86a9fab7481b.sol#270-284) should be declared external
CLIP.transfer (/sb/0xa4480957629da7986efe389ca2be86a9fab7481b.sol#246-268) should be declared external
ERC223.transfer (/sb/0xa4480957629da7986efe389ca2be86a9fab7481b.sol#85-86) should be declared external
ContractReceiver.tokenFallback (/sb/0xa4480957629da7986efe389ca2be86a9fab7481b.sol#105-130) should be declared external
CLIP.freezeAccounts (/sb/0xa4480957629da7986efe389ca2be86a9fab7481b.sol#348-354) should be declared external
CLIP.lockupAccounts (/sb/0xa4480957629da7986efe389ca2be86a9fab7481b.sol#359-372) should be declared external
CLIP.burn (/sb/0xa4480957629da7986efe389ca2be86a9fab7481b.sol#378-384) should be declared external
CLIP.distributeAirdrop (/sb/0xa4480957629da7986efe389ca2be86a9fab7481b.sol#388-411) should be declared external
CLIP.distributeToken (/sb/0xa4480957629da7986efe389ca2be86a9fab7481b.sol#411-441) should be declared external
CLIP.collectTokens (/sb/0xa4480957629da7986efe389ca2be86a9fab7481b.sol#442-466) should be declared external
CLIP.setDistributeAmount (/sb/0xa4480957629da7986efe389ca2be86a9fab7481b.sol#466-469) should be declared external
CLIP.fallback (/sb/0xa4480957629da7986efe389ca2be86a9fab7481b.sol) should be declared external
Reference: https://github.com/trailofbits/slither/wiki/Detectors-Documentation#public-function-that-could-be-declared-as-external[0m
INFO:Detectors:[92m
Detected issues with version pragma in /sb/0xa4480957629da7986efe389ca2be86a9fab7481b.sol:
	- pragma solidity^0.4.20 (/sb/0xa4480957629da7986efe389ca2be86a9fab7481b.sol#1): it allows old versions
Reference: https://github.com/trailofbits/slither/wiki/Detectors-Documentation#incorrect-version-of-solidity[0m
INFO:Detectors:[92m
Low level call in CLIP.transfer (/sb/0xa4480957629da7986efe389ca2be86a9fab7481b.sol#246-268):
	-assert(bool)(_to.call.value(0)(bytes4(keccak256()(_custom_fallback)),msg.sender,_value,_data)) /sb/0xa4480957629da7986efe389ca2be86a9fab7481b.sol#259-264
Reference: https://github.com/trailofbits/slither/wiki/Detectors-Documentation#low-level-calls[0m
INFO:Detectors:[92m
Function 'Ownable.Ownable' (/sb/0xa4480957629da7986efe389ca2be86a9fab7481b.sol#52-56) is not in mixedCase
Parameter 'custom_fallback' of ERC223.transfer (/sb/0xa4480957629da7986efe389ca2be86a9fab7481b.sol#86) is not in mixedCase
Parameter '_from' of ContractReceiver.tokenFallback (/sb/0xa4480957629da7986efe389ca2be86a9fab7481b.sol#106) is not in mixedCase
Parameter '_value' of ContractReceiver.tokenFallback (/sb/0xa4480957629da7986efe389ca2be86a9fab7481b.sol#106-107) is not in mixedCase
Parameter '_data' of ContractReceiver.tokenFallback (/sb/0xa4480957629da7986efe389ca2be86a9fab7481b.sol#107) is not in mixedCase
Parameter '_owner' of CLIP.balanceOf (/sb/0xa4480957629da7986efe389ca2be86a9fab7481b.sol#241) is not in mixedCase
Parameter '_to' of CLIP.transfer (/sb/0xa4480957629da7986efe389ca2be86a9fab7481b.sol#289) is not in mixedCase
Parameter '_value' of CLIP.transfer (/sb/0xa4480957629da7986efe389ca2be86a9fab7481b.sol#289) is not in mixedCase
Parameter '_to' of CLIP.transfer (/sb/0xa4480957629da7986efe389ca2be86a9fab7481b.sol#270) is not in mixedCase
Parameter '_value' of CLIP.transfer (/sb/0xa4480957629da7986efe389ca2be86a9fab7481b.sol#270-272) is not in mixedCase
Parameter '_data' of CLIP.transfer (/sb/0xa4480957629da7986efe389ca2be86a9fab7481b.sol#272) is not in mixedCase
Parameter '_to' of CLIP.transfer (/sb/0xa4480957629da7986efe389ca2be86a9fab7481b.sol#246) is not in mixedCase
Parameter '_value' of CLIP.transfer (/sb/0xa4480957629da7986efe389ca2be86a9fab7481b.sol#246-247) is not in mixedCase
Parameter '_data' of CLIP.transfer (/sb/0xa4480957629da7986efe389ca2be86a9fab7481b.sol#247) is not in mixedCase
Parameter '_custom_fallback' of CLIP.transfer (/sb/0xa4480957629da7986efe389ca2be86a9fab7481b.sol#247-248) is not in mixedCase
Function 'CLIP.CLIP' (/sb/0xa4480957629da7986efe389ca2be86a9fab7481b.sol#218-222) is not in mixedCase
Parameter '_to' of CLIP.transferToAddress (/sb/0xa4480957629da7986efe389ca2be86a9fab7481b.sol#316) is not in mixedCase
Parameter '_value' of CLIP.transferToAddress (/sb/0xa4480957629da7986efe389ca2be86a9fab7481b.sol#316) is not in mixedCase
Parameter '_data' of CLIP.transferToAddress (/sb/0xa4480957629da7986efe389ca2be86a9fab7481b.sol#316-317) is not in mixedCase
Parameter '_to' of CLIP.transferToContract (/sb/0xa4480957629da7986efe389ca2be86a9fab7481b.sol#326) is not in mixedCase
Parameter '_value' of CLIP.transferToContract (/sb/0xa4480957629da7986efe389ca2be86a9fab7481b.sol#326) is not in mixedCase
Parameter '_data' of CLIP.transferToContract (/sb/0xa4480957629da7986efe389ca2be86a9fab7481b.sol#326) is not in mixedCase
Parameter '_from' of CLIP.burn (/sb/0xa4480957629da7986efe389ca2be86a9fab7481b.sol#378) is not in mixedCase
Parameter '_unitAmount' of CLIP.burn (/sb/0xa4480957629da7986efe389ca2be86a9fab7481b.sol#378-380) is not in mixedCase
Parameter '_unitAmount' of CLIP.setDistributeAmount (/sb/0xa4480957629da7986efe389ca2be86a9fab7481b.sol#466-467) is not in mixedCase
Reference: https://github.com/trailofbits/slither/wiki/Detectors-Documentation#conformance-to-solidity-naming-conventions[0m
INFO:Slither:/sb/0xa4480957629da7986efe389ca2be86a9fab7481b.sol analyzed (5 contracts), 59 result(s) found
