INFO:Slither:Compilation warnings/errors on /sb/0x0e3f73d56f4c2d0422412c035abccc2df90562f9.sol:
/sb/0x0e3f73d56f4c2d0422412c035abccc2df90562f9.sol:40:2: Warning: Defining constructors as functions with the same name as the contract is deprecated. Use "constructor(...) { ... }" instead.
	function DgptProxy() {
 ^ (Relevant source part starts here and spans across multiple lines).
/sb/0x0e3f73d56f4c2d0422412c035abccc2df90562f9.sol:20:7: Warning: Invoking events without "emit" prefix is deprecated.
      Transfer(0x091E78cAd84f47274b717573F63f5190E8efB43a, _to, _value);
      ^---------------------------------------------------------------^
/sb/0x0e3f73d56f4c2d0422412c035abccc2df90562f9.sol:8:3: Warning: No visibility specified. Defaulting to "public". 
  function transfer(address _to, uint256 _value) returns (bool success) {}
  ^----------------------------------------------------------------------^
/sb/0x0e3f73d56f4c2d0422412c035abccc2df90562f9.sol:8:21: Warning: Unused function parameter. Remove or comment out the variable name to silence this warning.
  function transfer(address _to, uint256 _value) returns (bool success) {}
                    ^---------^
/sb/0x0e3f73d56f4c2d0422412c035abccc2df90562f9.sol:8:34: Warning: Unused function parameter. Remove or comment out the variable name to silence this warning.
  function transfer(address _to, uint256 _value) returns (bool success) {}
                                 ^------------^
/sb/0x0e3f73d56f4c2d0422412c035abccc2df90562f9.sol:8:59: Warning: Unused function parameter. Remove or comment out the variable name to silence this warning.
  function transfer(address _to, uint256 _value) returns (bool success) {}
                                                          ^----------^
/sb/0x0e3f73d56f4c2d0422412c035abccc2df90562f9.sol:16:3: Warning: No visibility specified. Defaulting to "public". 
  function transfer(address _to, uint256 _value) returns (bool success) {
  ^ (Relevant source part starts here and spans across multiple lines).
/sb/0x0e3f73d56f4c2d0422412c035abccc2df90562f9.sol:40:2: Warning: No visibility specified. Defaulting to "public". 
	function DgptProxy() {
 ^ (Relevant source part starts here and spans across multiple lines).
/sb/0x0e3f73d56f4c2d0422412c035abccc2df90562f9.sol:44:2: Warning: No visibility specified. Defaulting to "public". 
	function() payable {
 ^ (Relevant source part starts here and spans across multiple lines).
/sb/0x0e3f73d56f4c2d0422412c035abccc2df90562f9.sol:8:3: Warning: Function state mutability can be restricted to pure
  function transfer(address _to, uint256 _value) returns (bool success) {}
  ^----------------------------------------------------------------------^

INFO:Detectors:[93m
DgptProxy.fallback (/sb/0x0e3f73d56f4c2d0422412c035abccc2df90562f9.sol#45-48) does not use the value returned by external calls:
	-dgt.transfer(msg.sender,1) (/sb/0x0e3f73d56f4c2d0422412c035abccc2df90562f9.sol#46-47)
Reference: https://github.com/trailofbits/slither/wiki/Detectors-Documentation#unused-return[0m
INFO:Detectors:[92m
DgptProxy.DGT_contract should be constant (/sb/0x0e3f73d56f4c2d0422412c035abccc2df90562f9.sol#37-40)
Reference: https://github.com/trailofbits/slither/wiki/Detectors-Documentation#state-variables-that-could-be-declared-constant[0m
INFO:Detectors:[92m
Token.transfer (/sb/0x0e3f73d56f4c2d0422412c035abccc2df90562f9.sol#8-10) should be declared external
StandardToken.transfer (/sb/0x0e3f73d56f4c2d0422412c035abccc2df90562f9.sol#16-27) should be declared external
DgptProxy.fallback (/sb/0x0e3f73d56f4c2d0422412c035abccc2df90562f9.sol#45-48) should be declared external
Reference: https://github.com/trailofbits/slither/wiki/Detectors-Documentation#public-function-that-could-be-declared-as-external[0m
INFO:Detectors:[92m
Detected issues with version pragma in /sb/0x0e3f73d56f4c2d0422412c035abccc2df90562f9.sol:
	- pragma solidity^0.4.11 (/sb/0x0e3f73d56f4c2d0422412c035abccc2df90562f9.sol#1): it allows old versions
Reference: https://github.com/trailofbits/slither/wiki/Detectors-Documentation#incorrect-version-of-solidity[0m
INFO:Detectors:[92m
Parameter '_to' of StandardToken.transfer (/sb/0x0e3f73d56f4c2d0422412c035abccc2df90562f9.sol#16) is not in mixedCase
Parameter '_value' of StandardToken.transfer (/sb/0x0e3f73d56f4c2d0422412c035abccc2df90562f9.sol#16) is not in mixedCase
Function 'DgptProxy.DgptProxy' (/sb/0x0e3f73d56f4c2d0422412c035abccc2df90562f9.sol#41-45) is not in mixedCase
Variable 'DgptProxy.DGT_contract' (/sb/0x0e3f73d56f4c2d0422412c035abccc2df90562f9.sol#37-40) is not in mixedCase
Reference: https://github.com/trailofbits/slither/wiki/Detectors-Documentation#conformance-to-solidity-naming-conventions[0m
INFO:Slither:/sb/0x0e3f73d56f4c2d0422412c035abccc2df90562f9.sol analyzed (4 contracts), 10 result(s) found
