INFO:Slither:Compilation warnings/errors on /sb/0xd20aa22062dbc0a4e07181894bf590391f25c2e7.sol:
/sb/0xd20aa22062dbc0a4e07181894bf590391f25c2e7.sol:24:1: Warning: Defining constructors as functions with the same name as the contract is deprecated. Use "constructor(...) { ... }" instead.
function MyToken(
^ (Relevant source part starts here and spans across multiple lines).
/sb/0xd20aa22062dbc0a4e07181894bf590391f25c2e7.sol:44:5: Warning: Invoking events without "emit" prefix is deprecated.
    Transfer(msg.sender, _to, _value);                  // Notify anyone listening that this transfer took place
    ^-------------------------------^
/sb/0xd20aa22062dbc0a4e07181894bf590391f25c2e7.sol:73:5: Warning: Invoking events without "emit" prefix is deprecated.
    Transfer(_from, _to, _value);
    ^--------------------------^
/sb/0xd20aa22062dbc0a4e07181894bf590391f25c2e7.sol:81:5: Warning: Invoking events without "emit" prefix is deprecated.
    Burn(msg.sender, _value);
    ^----------------------^
/sb/0xd20aa22062dbc0a4e07181894bf590391f25c2e7.sol:91:5: Warning: Invoking events without "emit" prefix is deprecated.
    Burn(_from, _value);
    ^-----------------^
/sb/0xd20aa22062dbc0a4e07181894bf590391f25c2e7.sol:3:27: Warning: No visibility specified. Defaulting to "public". 
contract tokenRecipient { function receiveApproval(address _from, uint256 _value, address _token, bytes _extraData); }
                          ^----------------------------------------------------------------------------------------^
/sb/0xd20aa22062dbc0a4e07181894bf590391f25c2e7.sol:24:1: Warning: No visibility specified. Defaulting to "public". 
function MyToken(
^ (Relevant source part starts here and spans across multiple lines).
/sb/0xd20aa22062dbc0a4e07181894bf590391f25c2e7.sol:38:1: Warning: No visibility specified. Defaulting to "public". 
function transfer(address _to, uint256 _value) {
^ (Relevant source part starts here and spans across multiple lines).
/sb/0xd20aa22062dbc0a4e07181894bf590391f25c2e7.sol:48:1: Warning: No visibility specified. Defaulting to "public". 
function approve(address _spender, uint256 _value)
^ (Relevant source part starts here and spans across multiple lines).
/sb/0xd20aa22062dbc0a4e07181894bf590391f25c2e7.sol:55:1: Warning: No visibility specified. Defaulting to "public". 
function approveAndCall(address _spender, uint256 _value, bytes _extraData)
^ (Relevant source part starts here and spans across multiple lines).
/sb/0xd20aa22062dbc0a4e07181894bf590391f25c2e7.sol:65:1: Warning: No visibility specified. Defaulting to "public". 
function transferFrom(address _from, address _to, uint256 _value) returns (bool success) {
^ (Relevant source part starts here and spans across multiple lines).
/sb/0xd20aa22062dbc0a4e07181894bf590391f25c2e7.sol:77:1: Warning: No visibility specified. Defaulting to "public". 
function burn(uint256 _value) returns (bool success) {
^ (Relevant source part starts here and spans across multiple lines).
/sb/0xd20aa22062dbc0a4e07181894bf590391f25c2e7.sol:85:1: Warning: No visibility specified. Defaulting to "public". 
function burnFrom(address _from, uint256 _value) returns (bool success) {
^ (Relevant source part starts here and spans across multiple lines).

INFO:Detectors:[93m
MyToken (/sb/0xd20aa22062dbc0a4e07181894bf590391f25c2e7.sol#5-96) has incorrect ERC20 function interface(s):
	-transfer (/sb/0xd20aa22062dbc0a4e07181894bf590391f25c2e7.sol#38-47)
Reference: https://github.com/trailofbits/slither/wiki/Detectors-Documentation#incorrect-erc20-interface[0m
INFO:Detectors:[92m
MyToken.standard should be constant (/sb/0xd20aa22062dbc0a4e07181894bf590391f25c2e7.sol#7-8)
Reference: https://github.com/trailofbits/slither/wiki/Detectors-Documentation#state-variables-that-could-be-declared-constant[0m
INFO:Detectors:[92m
tokenRecipient.receiveApproval (/sb/0xd20aa22062dbc0a4e07181894bf590391f25c2e7.sol#3) should be declared external
MyToken.transfer (/sb/0xd20aa22062dbc0a4e07181894bf590391f25c2e7.sol#38-47) should be declared external
MyToken.approveAndCall (/sb/0xd20aa22062dbc0a4e07181894bf590391f25c2e7.sol#55-65) should be declared external
MyToken.transferFrom (/sb/0xd20aa22062dbc0a4e07181894bf590391f25c2e7.sol#65-78) should be declared external
MyToken.burn (/sb/0xd20aa22062dbc0a4e07181894bf590391f25c2e7.sol#78-86) should be declared external
MyToken.burnFrom (/sb/0xd20aa22062dbc0a4e07181894bf590391f25c2e7.sol#86-96) should be declared external
Reference: https://github.com/trailofbits/slither/wiki/Detectors-Documentation#public-function-that-could-be-declared-as-external[0m
INFO:Detectors:[92m
Detected issues with version pragma in /sb/0xd20aa22062dbc0a4e07181894bf590391f25c2e7.sol:
	- pragma solidity^0.4.11 (/sb/0xd20aa22062dbc0a4e07181894bf590391f25c2e7.sol#1): it allows old versions
Reference: https://github.com/trailofbits/slither/wiki/Detectors-Documentation#incorrect-version-of-solidity[0m
INFO:Detectors:[92m
Contract 'tokenRecipient' (/sb/0xd20aa22062dbc0a4e07181894bf590391f25c2e7.sol#3-5) is not in CapWords
Function 'MyToken.MyToken' (/sb/0xd20aa22062dbc0a4e07181894bf590391f25c2e7.sol#25-38) is not in mixedCase
Parameter '_to' of MyToken.transfer (/sb/0xd20aa22062dbc0a4e07181894bf590391f25c2e7.sol#39) is not in mixedCase
Parameter '_value' of MyToken.transfer (/sb/0xd20aa22062dbc0a4e07181894bf590391f25c2e7.sol#39) is not in mixedCase
Parameter '_spender' of MyToken.approve (/sb/0xd20aa22062dbc0a4e07181894bf590391f25c2e7.sol#49-50) is not in mixedCase
Parameter '_value' of MyToken.approve (/sb/0xd20aa22062dbc0a4e07181894bf590391f25c2e7.sol#50) is not in mixedCase
Parameter '_spender' of MyToken.approveAndCall (/sb/0xd20aa22062dbc0a4e07181894bf590391f25c2e7.sol#56) is not in mixedCase
Parameter '_value' of MyToken.approveAndCall (/sb/0xd20aa22062dbc0a4e07181894bf590391f25c2e7.sol#56-57) is not in mixedCase
Parameter '_extraData' of MyToken.approveAndCall (/sb/0xd20aa22062dbc0a4e07181894bf590391f25c2e7.sol#57) is not in mixedCase
Parameter '_from' of MyToken.transferFrom (/sb/0xd20aa22062dbc0a4e07181894bf590391f25c2e7.sol#65-66) is not in mixedCase
Parameter '_to' of MyToken.transferFrom (/sb/0xd20aa22062dbc0a4e07181894bf590391f25c2e7.sol#66) is not in mixedCase
Parameter '_value' of MyToken.transferFrom (/sb/0xd20aa22062dbc0a4e07181894bf590391f25c2e7.sol#66) is not in mixedCase
Parameter '_value' of MyToken.burn (/sb/0xd20aa22062dbc0a4e07181894bf590391f25c2e7.sol#78) is not in mixedCase
Parameter '_from' of MyToken.burnFrom (/sb/0xd20aa22062dbc0a4e07181894bf590391f25c2e7.sol#86) is not in mixedCase
Parameter '_value' of MyToken.burnFrom (/sb/0xd20aa22062dbc0a4e07181894bf590391f25c2e7.sol#86) is not in mixedCase
Reference: https://github.com/trailofbits/slither/wiki/Detectors-Documentation#conformance-to-solidity-naming-conventions[0m
INFO:Slither:/sb/0xd20aa22062dbc0a4e07181894bf590391f25c2e7.sol analyzed (2 contracts), 24 result(s) found
