INFO:Detectors:[93m
Ownable.isContract (/sb/0x7f28d94d8dc94809a3f13e6a6e9d56ad0b6708fe.sol#62-80) is declared view but contains assembly code
Reference: https://github.com/trailofbits/slither/wiki/Detectors-Documentation#constant-functions-changing-the-state[0m
INFO:Detectors:[93m
NATEE_WARRANT.transferWallet (/sb/0x7f28d94d8dc94809a3f13e6a6e9d56ad0b6708fe.sol#269-286) does not use the value returned by external calls:
	-sgds.useSGDS(_from,transFee) (/sb/0x7f28d94d8dc94809a3f13e6a6e9d56ad0b6708fe.sol#280-282)
Reference: https://github.com/trailofbits/slither/wiki/Detectors-Documentation#unused-return[0m
INFO:Detectors:[92m
Reentrancy in NATEE_WARRANT.transferWallet (/sb/0x7f28d94d8dc94809a3f13e6a6e9d56ad0b6708fe.sol#269-286):
	External calls:
	- require(bool)(sgds.getCanControl(_from) == false) (/sb/0x7f28d94d8dc94809a3f13e6a6e9d56ad0b6708fe.sol#274-277)
	- require(bool)(sgds.balanceOf(_from) >= transFee) (/sb/0x7f28d94d8dc94809a3f13e6a6e9d56ad0b6708fe.sol#277)
	State variables written after the call(s):
	- balance (/sb/0x7f28d94d8dc94809a3f13e6a6e9d56ad0b6708fe.sol#278-279)
	- balance (/sb/0x7f28d94d8dc94809a3f13e6a6e9d56ad0b6708fe.sol#279-280)
Reference: https://github.com/trailofbits/slither/wiki/Detectors-Documentation#reentrancy-vulnerabilities-2[0m
INFO:Detectors:[92m
Ownable.isContract uses assembly (/sb/0x7f28d94d8dc94809a3f13e6a6e9d56ad0b6708fe.sol#62-80)
	- /sb/0x7f28d94d8dc94809a3f13e6a6e9d56ad0b6708fe.sol#68-75
Reference: https://github.com/trailofbits/slither/wiki/Detectors-Documentation#assembly-usage[0m
INFO:Detectors:[92m
NATEE_WARRANT.INITIAL_SUPPLY should be constant (/sb/0x7f28d94d8dc94809a3f13e6a6e9d56ad0b6708fe.sol#213-215)
NATEE_WARRANT.decimals should be constant (/sb/0x7f28d94d8dc94809a3f13e6a6e9d56ad0b6708fe.sol#211-213)
NATEE_WARRANT.name should be constant (/sb/0x7f28d94d8dc94809a3f13e6a6e9d56ad0b6708fe.sol#208-209)
NATEE_WARRANT.symbol should be constant (/sb/0x7f28d94d8dc94809a3f13e6a6e9d56ad0b6708fe.sol#209-210)
Reference: https://github.com/trailofbits/slither/wiki/Detectors-Documentation#state-variables-that-could-be-declared-constant[0m
INFO:Detectors:[92m
Ownable.transferOwnership (/sb/0x7f28d94d8dc94809a3f13e6a6e9d56ad0b6708fe.sol#82-93) should be declared external
Ownable.addOwner (/sb/0x7f28d94d8dc94809a3f13e6a6e9d56ad0b6708fe.sol#97-104) should be declared external
Ownable.removeOwner (/sb/0x7f28d94d8dc94809a3f13e6a6e9d56ad0b6708fe.sol#104-113) should be declared external
Ownable.isOwner (/sb/0x7f28d94d8dc94809a3f13e6a6e9d56ad0b6708fe.sol#113-114) should be declared external
StandardERC20.totalSupply (/sb/0x7f28d94d8dc94809a3f13e6a6e9d56ad0b6708fe.sol#148-151) should be declared external
ERC20.totalSupply (/sb/0x7f28d94d8dc94809a3f13e6a6e9d56ad0b6708fe.sol#118) should be declared external
StandardERC20.balanceOf (/sb/0x7f28d94d8dc94809a3f13e6a6e9d56ad0b6708fe.sol#151-155) should be declared external
ERC20.balanceOf (/sb/0x7f28d94d8dc94809a3f13e6a6e9d56ad0b6708fe.sol#119-120) should be declared external
StandardERC20.allowance (/sb/0x7f28d94d8dc94809a3f13e6a6e9d56ad0b6708fe.sol#156-159) should be declared external
ERC20.allowance (/sb/0x7f28d94d8dc94809a3f13e6a6e9d56ad0b6708fe.sol#121-123) should be declared external
StandardERC20.transfer (/sb/0x7f28d94d8dc94809a3f13e6a6e9d56ad0b6708fe.sol#160-173) should be declared external
ERC20.transfer (/sb/0x7f28d94d8dc94809a3f13e6a6e9d56ad0b6708fe.sol#123) should be declared external
StandardERC20.approve (/sb/0x7f28d94d8dc94809a3f13e6a6e9d56ad0b6708fe.sol#173-179) should be declared external
ERC20.approve (/sb/0x7f28d94d8dc94809a3f13e6a6e9d56ad0b6708fe.sol#126-132) should be declared external
ERC20.transferFrom (/sb/0x7f28d94d8dc94809a3f13e6a6e9d56ad0b6708fe.sol#132-134) should be declared external
StandardERC20.transferFrom (/sb/0x7f28d94d8dc94809a3f13e6a6e9d56ad0b6708fe.sol#179-196) should be declared external
SGDSInterface.balanceOf (/sb/0x7f28d94d8dc94809a3f13e6a6e9d56ad0b6708fe.sol#197) should be declared external
NATEE_WARRANT.setUserControl (/sb/0x7f28d94d8dc94809a3f13e6a6e9d56ad0b6708fe.sol#301-306) should be declared external
NATEE_WARRANT.setTransFee (/sb/0x7f28d94d8dc94809a3f13e6a6e9d56ad0b6708fe.sol) should be declared external
Reference: https://github.com/trailofbits/slither/wiki/Detectors-Documentation#public-function-that-could-be-declared-as-external[0m
INFO:Detectors:[92m
Parameter '_owner' of Ownable.removeOwner (/sb/0x7f28d94d8dc94809a3f13e6a6e9d56ad0b6708fe.sol#107) is not in mixedCase
Parameter '_owner' of Ownable.isOwner (/sb/0x7f28d94d8dc94809a3f13e6a6e9d56ad0b6708fe.sol#113-114) is not in mixedCase
Parameter '_walletAddress' of StandardERC20.balanceOf (/sb/0x7f28d94d8dc94809a3f13e6a6e9d56ad0b6708fe.sol#152) is not in mixedCase
Parameter '_owner' of StandardERC20.allowance (/sb/0x7f28d94d8dc94809a3f13e6a6e9d56ad0b6708fe.sol#156) is not in mixedCase
Parameter '_spender' of StandardERC20.allowance (/sb/0x7f28d94d8dc94809a3f13e6a6e9d56ad0b6708fe.sol#156-157) is not in mixedCase
Parameter '_to' of StandardERC20.transfer (/sb/0x7f28d94d8dc94809a3f13e6a6e9d56ad0b6708fe.sol#160) is not in mixedCase
Parameter '_value' of StandardERC20.transfer (/sb/0x7f28d94d8dc94809a3f13e6a6e9d56ad0b6708fe.sol#160) is not in mixedCase
Parameter '_spender' of StandardERC20.approve (/sb/0x7f28d94d8dc94809a3f13e6a6e9d56ad0b6708fe.sol#175) is not in mixedCase
Parameter '_value' of StandardERC20.approve (/sb/0x7f28d94d8dc94809a3f13e6a6e9d56ad0b6708fe.sol#175) is not in mixedCase
Parameter '_from' of StandardERC20.transferFrom (/sb/0x7f28d94d8dc94809a3f13e6a6e9d56ad0b6708fe.sol#181) is not in mixedCase
Parameter '_to' of StandardERC20.transferFrom (/sb/0x7f28d94d8dc94809a3f13e6a6e9d56ad0b6708fe.sol#181) is not in mixedCase
Parameter '_value' of StandardERC20.transferFrom (/sb/0x7f28d94d8dc94809a3f13e6a6e9d56ad0b6708fe.sol#181) is not in mixedCase
Contract 'NATEE_WARRANT' (/sb/0x7f28d94d8dc94809a3f13e6a6e9d56ad0b6708fe.sol#207-310) is not in CapWords
Parameter '_to' of NATEE_WARRANT.sendWarrant (/sb/0x7f28d94d8dc94809a3f13e6a6e9d56ad0b6708fe.sol#246) is not in mixedCase
Parameter '_value' of NATEE_WARRANT.sendWarrant (/sb/0x7f28d94d8dc94809a3f13e6a6e9d56ad0b6708fe.sol#246) is not in mixedCase
Parameter '_from' of NATEE_WARRANT.intTransfer (/sb/0x7f28d94d8dc94809a3f13e6a6e9d56ad0b6708fe.sol#251-252) is not in mixedCase
Parameter '_to' of NATEE_WARRANT.intTransfer (/sb/0x7f28d94d8dc94809a3f13e6a6e9d56ad0b6708fe.sol#252) is not in mixedCase
Parameter '_value' of NATEE_WARRANT.intTransfer (/sb/0x7f28d94d8dc94809a3f13e6a6e9d56ad0b6708fe.sol#252-254) is not in mixedCase
Parameter '_from' of NATEE_WARRANT.transferWallet (/sb/0x7f28d94d8dc94809a3f13e6a6e9d56ad0b6708fe.sol#269-271) is not in mixedCase
Parameter '_to' of NATEE_WARRANT.transferWallet (/sb/0x7f28d94d8dc94809a3f13e6a6e9d56ad0b6708fe.sol#271) is not in mixedCase
Parameter '_from' of NATEE_WARRANT.redeemWarrant (/sb/0x7f28d94d8dc94809a3f13e6a6e9d56ad0b6708fe.sol#290) is not in mixedCase
Parameter '_value' of NATEE_WARRANT.redeemWarrant (/sb/0x7f28d94d8dc94809a3f13e6a6e9d56ad0b6708fe.sol#290) is not in mixedCase
Parameter '_control' of NATEE_WARRANT.setUserControl (/sb/0x7f28d94d8dc94809a3f13e6a6e9d56ad0b6708fe.sol#302) is not in mixedCase
Parameter '_addr' of NATEE_WARRANT.getUserControl (/sb/0x7f28d94d8dc94809a3f13e6a6e9d56ad0b6708fe.sol#308-310) is not in mixedCase
Parameter '_fee' of NATEE_WARRANT.setTransFee (/sb/0x7f28d94d8dc94809a3f13e6a6e9d56ad0b6708fe.sol) is not in mixedCase
Variable 'NATEE_WARRANT.INITIAL_SUPPLY' (/sb/0x7f28d94d8dc94809a3f13e6a6e9d56ad0b6708fe.sol#213-215) is not in mixedCase
Variable 'NATEE_WARRANT.NATEE_CONTRACT' (/sb/0x7f28d94d8dc94809a3f13e6a6e9d56ad0b6708fe.sol#217) is not in mixedCase
Reference: https://github.com/trailofbits/slither/wiki/Detectors-Documentation#conformance-to-solidity-naming-conventions[0m
INFO:Slither:/sb/0x7f28d94d8dc94809a3f13e6a6e9d56ad0b6708fe.sol analyzed (6 contracts), 51 result(s) found
