INFO:Slither:Compilation warnings/errors on /sb/0x0cc4fa70a2a064ad565d82b061be5a4e5bc33879.sol:
/sb/0x0cc4fa70a2a064ad565d82b061be5a4e5bc33879.sol:33:7: Warning: "throw" is deprecated in favour of "revert()", "require()" and "assert()".
      throw;
      ^---^
/sb/0x0cc4fa70a2a064ad565d82b061be5a4e5bc33879.sol:62:5: Warning: Defining constructors as functions with the same name as the contract is deprecated. Use "constructor(...) { ... }" instead.
    function SDpay(
    ^ (Relevant source part starts here and spans across multiple lines).
/sb/0x0cc4fa70a2a064ad565d82b061be5a4e5bc33879.sol:78:25: Warning: "throw" is deprecated in favour of "revert()", "require()" and "assert()".
        if (_to == 0x0) throw;                               // Prevent transfer to 0x0 address. Use burn() instead
                        ^---^
/sb/0x0cc4fa70a2a064ad565d82b061be5a4e5bc33879.sol:79:20: Warning: "throw" is deprecated in favour of "revert()", "require()" and "assert()".
		if (_value <= 0) throw; 
		                 ^---^
/sb/0x0cc4fa70a2a064ad565d82b061be5a4e5bc33879.sol:80:45: Warning: "throw" is deprecated in favour of "revert()", "require()" and "assert()".
        if (balanceOf[msg.sender] < _value) throw;           // Check if the sender has enough
                                            ^---^
/sb/0x0cc4fa70a2a064ad565d82b061be5a4e5bc33879.sol:81:55: Warning: "throw" is deprecated in favour of "revert()", "require()" and "assert()".
        if (balanceOf[_to] + _value < balanceOf[_to]) throw; // Check for overflows
                                                      ^---^
/sb/0x0cc4fa70a2a064ad565d82b061be5a4e5bc33879.sol:90:20: Warning: "throw" is deprecated in favour of "revert()", "require()" and "assert()".
		if (_value <= 0) throw; 
		                 ^---^
/sb/0x0cc4fa70a2a064ad565d82b061be5a4e5bc33879.sol:98:25: Warning: "throw" is deprecated in favour of "revert()", "require()" and "assert()".
        if (_to == 0x0) throw;                                // Prevent transfer to 0x0 address. Use burn() instead
                        ^---^
/sb/0x0cc4fa70a2a064ad565d82b061be5a4e5bc33879.sol:99:20: Warning: "throw" is deprecated in favour of "revert()", "require()" and "assert()".
		if (_value <= 0) throw; 
		                 ^---^
/sb/0x0cc4fa70a2a064ad565d82b061be5a4e5bc33879.sol:100:40: Warning: "throw" is deprecated in favour of "revert()", "require()" and "assert()".
        if (balanceOf[_from] < _value) throw;                 // Check if the sender has enough
                                       ^---^
/sb/0x0cc4fa70a2a064ad565d82b061be5a4e5bc33879.sol:101:55: Warning: "throw" is deprecated in favour of "revert()", "require()" and "assert()".
        if (balanceOf[_to] + _value < balanceOf[_to]) throw;  // Check for overflows
                                                      ^---^
/sb/0x0cc4fa70a2a064ad565d82b061be5a4e5bc33879.sol:102:52: Warning: "throw" is deprecated in favour of "revert()", "require()" and "assert()".
        if (_value > allowance[_from][msg.sender]) throw;     // Check allowance
                                                   ^---^
/sb/0x0cc4fa70a2a064ad565d82b061be5a4e5bc33879.sol:111:45: Warning: "throw" is deprecated in favour of "revert()", "require()" and "assert()".
        if (balanceOf[msg.sender] < _value) throw;            // Check if the sender has enough
                                            ^---^
/sb/0x0cc4fa70a2a064ad565d82b061be5a4e5bc33879.sol:112:20: Warning: "throw" is deprecated in favour of "revert()", "require()" and "assert()".
		if (_value <= 0) throw; 
		                 ^---^
/sb/0x0cc4fa70a2a064ad565d82b061be5a4e5bc33879.sol:120:45: Warning: "throw" is deprecated in favour of "revert()", "require()" and "assert()".
        if (balanceOf[msg.sender] < _value) throw;            // Check if the sender has enough
                                            ^---^
/sb/0x0cc4fa70a2a064ad565d82b061be5a4e5bc33879.sol:121:20: Warning: "throw" is deprecated in favour of "revert()", "require()" and "assert()".
		if (_value <= 0) throw; 
		                 ^---^
/sb/0x0cc4fa70a2a064ad565d82b061be5a4e5bc33879.sol:129:44: Warning: "throw" is deprecated in favour of "revert()", "require()" and "assert()".
        if (freezeOf[msg.sender] < _value) throw;            // Check if the sender has enough
                                           ^---^
/sb/0x0cc4fa70a2a064ad565d82b061be5a4e5bc33879.sol:130:20: Warning: "throw" is deprecated in favour of "revert()", "require()" and "assert()".
		if (_value <= 0) throw; 
		                 ^---^
/sb/0x0cc4fa70a2a064ad565d82b061be5a4e5bc33879.sol:139:26: Warning: "throw" is deprecated in favour of "revert()", "require()" and "assert()".
		if(msg.sender != owner)throw;
		                       ^---^
/sb/0x0cc4fa70a2a064ad565d82b061be5a4e5bc33879.sol:31:3: Warning: This declaration shadows a builtin symbol.
  function assert(bool assertion) internal {
  ^ (Relevant source part starts here and spans across multiple lines).
/sb/0x0cc4fa70a2a064ad565d82b061be5a4e5bc33879.sol:84:9: Warning: Invoking events without "emit" prefix is deprecated.
        Transfer(msg.sender, _to, _value);                   // Notify anyone listening that this transfer took place
        ^-------------------------------^
/sb/0x0cc4fa70a2a064ad565d82b061be5a4e5bc33879.sol:106:9: Warning: Invoking events without "emit" prefix is deprecated.
        Transfer(_from, _to, _value);
        ^--------------------------^
/sb/0x0cc4fa70a2a064ad565d82b061be5a4e5bc33879.sol:115:9: Warning: Invoking events without "emit" prefix is deprecated.
        Burn(msg.sender, _value);
        ^----------------------^
/sb/0x0cc4fa70a2a064ad565d82b061be5a4e5bc33879.sol:124:9: Warning: Invoking events without "emit" prefix is deprecated.
        Freeze(msg.sender, _value);
        ^------------------------^
/sb/0x0cc4fa70a2a064ad565d82b061be5a4e5bc33879.sol:133:9: Warning: Invoking events without "emit" prefix is deprecated.
        Unfreeze(msg.sender, _value);
        ^--------------------------^
/sb/0x0cc4fa70a2a064ad565d82b061be5a4e5bc33879.sol:62:5: Warning: No visibility specified. Defaulting to "public". 
    function SDpay(
    ^ (Relevant source part starts here and spans across multiple lines).
/sb/0x0cc4fa70a2a064ad565d82b061be5a4e5bc33879.sol:77:5: Warning: No visibility specified. Defaulting to "public". 
    function transfer(address _to, uint256 _value) {
    ^ (Relevant source part starts here and spans across multiple lines).
/sb/0x0cc4fa70a2a064ad565d82b061be5a4e5bc33879.sol:88:5: Warning: No visibility specified. Defaulting to "public". 
    function approve(address _spender, uint256 _value)
    ^ (Relevant source part starts here and spans across multiple lines).
/sb/0x0cc4fa70a2a064ad565d82b061be5a4e5bc33879.sol:97:5: Warning: No visibility specified. Defaulting to "public". 
    function transferFrom(address _from, address _to, uint256 _value) returns (bool success) {
    ^ (Relevant source part starts here and spans across multiple lines).
/sb/0x0cc4fa70a2a064ad565d82b061be5a4e5bc33879.sol:110:5: Warning: No visibility specified. Defaulting to "public". 
    function burn(uint256 _value) returns (bool success) {
    ^ (Relevant source part starts here and spans across multiple lines).
/sb/0x0cc4fa70a2a064ad565d82b061be5a4e5bc33879.sol:119:2: Warning: No visibility specified. Defaulting to "public". 
	function freeze(uint256 _value) returns (bool success) {
 ^ (Relevant source part starts here and spans across multiple lines).
/sb/0x0cc4fa70a2a064ad565d82b061be5a4e5bc33879.sol:128:2: Warning: No visibility specified. Defaulting to "public". 
	function unfreeze(uint256 _value) returns (bool success) {
 ^ (Relevant source part starts here and spans across multiple lines).
/sb/0x0cc4fa70a2a064ad565d82b061be5a4e5bc33879.sol:138:2: Warning: No visibility specified. Defaulting to "public". 
	function withdrawEther(uint256 amount) {
 ^ (Relevant source part starts here and spans across multiple lines).
/sb/0x0cc4fa70a2a064ad565d82b061be5a4e5bc33879.sol:144:2: Warning: No visibility specified. Defaulting to "public". 
	function() payable {
 ^ (Relevant source part starts here and spans across multiple lines).
/sb/0x0cc4fa70a2a064ad565d82b061be5a4e5bc33879.sol:31:3: Warning: Function state mutability can be restricted to pure
  function assert(bool assertion) internal {
  ^ (Relevant source part starts here and spans across multiple lines).

INFO:Detectors:[93m
SDpay (/sb/0x0cc4fa70a2a064ad565d82b061be5a4e5bc33879.sol#38-146) has incorrect ERC20 function interface(s):
	-transfer (/sb/0x0cc4fa70a2a064ad565d82b061be5a4e5bc33879.sol#78-88)
Reference: https://github.com/trailofbits/slither/wiki/Detectors-Documentation#incorrect-erc20-interface[0m
INFO:Detectors:[92m
SafeMath.assert (function @ /sb/0x0cc4fa70a2a064ad565d82b061be5a4e5bc33879.sol#31-38) shadows built-in symbol "assert"
Reference: https://github.com/trailofbits/slither/wiki/Detectors-Documentation#builtin-symbol-shadowing[0m
INFO:Detectors:[92m
Deprecated standard detected @ /sb/0x0cc4fa70a2a064ad565d82b061be5a4e5bc33879.sol#37:
	- Usage of "throw" should be replaced with "revert()"
Deprecated standard detected @ /sb/0x0cc4fa70a2a064ad565d82b061be5a4e5bc33879.sol#78:
	- Usage of "throw" should be replaced with "revert()"
Deprecated standard detected @ /sb/0x0cc4fa70a2a064ad565d82b061be5a4e5bc33879.sol#80:
	- Usage of "throw" should be replaced with "revert()"
Deprecated standard detected @ /sb/0x0cc4fa70a2a064ad565d82b061be5a4e5bc33879.sol#81:
	- Usage of "throw" should be replaced with "revert()"
Deprecated standard detected @ /sb/0x0cc4fa70a2a064ad565d82b061be5a4e5bc33879.sol#82:
	- Usage of "throw" should be replaced with "revert()"
Deprecated standard detected @ /sb/0x0cc4fa70a2a064ad565d82b061be5a4e5bc33879.sol#94-96:
	- Usage of "throw" should be replaced with "revert()"
Deprecated standard detected @ /sb/0x0cc4fa70a2a064ad565d82b061be5a4e5bc33879.sol#99:
	- Usage of "throw" should be replaced with "revert()"
Deprecated standard detected @ /sb/0x0cc4fa70a2a064ad565d82b061be5a4e5bc33879.sol#100:
	- Usage of "throw" should be replaced with "revert()"
Deprecated standard detected @ /sb/0x0cc4fa70a2a064ad565d82b061be5a4e5bc33879.sol#101:
	- Usage of "throw" should be replaced with "revert()"
Deprecated standard detected @ /sb/0x0cc4fa70a2a064ad565d82b061be5a4e5bc33879.sol#102:
	- Usage of "throw" should be replaced with "revert()"
Deprecated standard detected @ /sb/0x0cc4fa70a2a064ad565d82b061be5a4e5bc33879.sol#103:
	- Usage of "throw" should be replaced with "revert()"
Deprecated standard detected @ /sb/0x0cc4fa70a2a064ad565d82b061be5a4e5bc33879.sol#113:
	- Usage of "throw" should be replaced with "revert()"
Deprecated standard detected @ /sb/0x0cc4fa70a2a064ad565d82b061be5a4e5bc33879.sol#113:
	- Usage of "throw" should be replaced with "revert()"
Deprecated standard detected @ /sb/0x0cc4fa70a2a064ad565d82b061be5a4e5bc33879.sol#122:
	- Usage of "throw" should be replaced with "revert()"
Deprecated standard detected @ /sb/0x0cc4fa70a2a064ad565d82b061be5a4e5bc33879.sol#122:
	- Usage of "throw" should be replaced with "revert()"
Deprecated standard detected @ /sb/0x0cc4fa70a2a064ad565d82b061be5a4e5bc33879.sol#131:
	- Usage of "throw" should be replaced with "revert()"
Deprecated standard detected @ /sb/0x0cc4fa70a2a064ad565d82b061be5a4e5bc33879.sol#131:
	- Usage of "throw" should be replaced with "revert()"
Deprecated standard detected @ /sb/0x0cc4fa70a2a064ad565d82b061be5a4e5bc33879.sol:
	- Usage of "throw" should be replaced with "revert()"
Reference: https://github.com/trailofbits/slither/wiki/Detectors-Documentation#deprecated-standards[0m
INFO:Detectors:[92m
SDpay.transfer (/sb/0x0cc4fa70a2a064ad565d82b061be5a4e5bc33879.sol#78-88) should be declared external
SDpay.approve (/sb/0x0cc4fa70a2a064ad565d82b061be5a4e5bc33879.sol#90-97) should be declared external
SDpay.transferFrom (/sb/0x0cc4fa70a2a064ad565d82b061be5a4e5bc33879.sol#98-111) should be declared external
SDpay.burn (/sb/0x0cc4fa70a2a064ad565d82b061be5a4e5bc33879.sol#111-120) should be declared external
SDpay.freeze (/sb/0x0cc4fa70a2a064ad565d82b061be5a4e5bc33879.sol#120-129) should be declared external
SDpay.unfreeze (/sb/0x0cc4fa70a2a064ad565d82b061be5a4e5bc33879.sol#129-141) should be declared external
SDpay.withdrawEther (/sb/0x0cc4fa70a2a064ad565d82b061be5a4e5bc33879.sol#144-146) should be declared external
SDpay.fallback (/sb/0x0cc4fa70a2a064ad565d82b061be5a4e5bc33879.sol) should be declared external
Reference: https://github.com/trailofbits/slither/wiki/Detectors-Documentation#public-function-that-could-be-declared-as-external[0m
INFO:Detectors:[92m
Detected issues with version pragma in /sb/0x0cc4fa70a2a064ad565d82b061be5a4e5bc33879.sol:
	- pragma solidity^0.4.8 (/sb/0x0cc4fa70a2a064ad565d82b061be5a4e5bc33879.sol#1): it allows old versions
Reference: https://github.com/trailofbits/slither/wiki/Detectors-Documentation#incorrect-version-of-solidity[0m
INFO:Detectors:[92m
Function 'SDpay.SDpay' (/sb/0x0cc4fa70a2a064ad565d82b061be5a4e5bc33879.sol#64-77) is not in mixedCase
Parameter '_to' of SDpay.transfer (/sb/0x0cc4fa70a2a064ad565d82b061be5a4e5bc33879.sol#78) is not in mixedCase
Parameter '_value' of SDpay.transfer (/sb/0x0cc4fa70a2a064ad565d82b061be5a4e5bc33879.sol#78) is not in mixedCase
Parameter '_spender' of SDpay.approve (/sb/0x0cc4fa70a2a064ad565d82b061be5a4e5bc33879.sol#90-91) is not in mixedCase
Parameter '_value' of SDpay.approve (/sb/0x0cc4fa70a2a064ad565d82b061be5a4e5bc33879.sol#91) is not in mixedCase
Parameter '_from' of SDpay.transferFrom (/sb/0x0cc4fa70a2a064ad565d82b061be5a4e5bc33879.sol#98) is not in mixedCase
Parameter '_to' of SDpay.transferFrom (/sb/0x0cc4fa70a2a064ad565d82b061be5a4e5bc33879.sol#98) is not in mixedCase
Parameter '_value' of SDpay.transferFrom (/sb/0x0cc4fa70a2a064ad565d82b061be5a4e5bc33879.sol#98) is not in mixedCase
Parameter '_value' of SDpay.burn (/sb/0x0cc4fa70a2a064ad565d82b061be5a4e5bc33879.sol#111) is not in mixedCase
Parameter '_value' of SDpay.freeze (/sb/0x0cc4fa70a2a064ad565d82b061be5a4e5bc33879.sol#120) is not in mixedCase
Parameter '_value' of SDpay.unfreeze (/sb/0x0cc4fa70a2a064ad565d82b061be5a4e5bc33879.sol#129-130) is not in mixedCase
Reference: https://github.com/trailofbits/slither/wiki/Detectors-Documentation#conformance-to-solidity-naming-conventions[0m
INFO:Slither:/sb/0x0cc4fa70a2a064ad565d82b061be5a4e5bc33879.sol analyzed (2 contracts), 40 result(s) found
