INFO:Slither:Compilation warnings/errors on /sb/0x0f4546bb7fdb5929eee6736ed5794d3e6f5a9fa1.sol:
/sb/0x0f4546bb7fdb5929eee6736ed5794d3e6f5a9fa1.sol:142:5: Warning: Defining constructors as functions with the same name as the contract is deprecated. Use "constructor(...) { ... }" instead.
    function HouseCouponToken()
    ^ (Relevant source part starts here and spans across multiple lines).
/sb/0x0f4546bb7fdb5929eee6736ed5794d3e6f5a9fa1.sol:71:9: Warning: Invoking events without "emit" prefix is deprecated.
        Transfer(msg.sender, _to, _value);
        ^-------------------------------^
/sb/0x0f4546bb7fdb5929eee6736ed5794d3e6f5a9fa1.sol:83:9: Warning: Invoking events without "emit" prefix is deprecated.
        Transfer(_from, _to, _value);
        ^--------------------------^
/sb/0x0f4546bb7fdb5929eee6736ed5794d3e6f5a9fa1.sol:96:9: Warning: Invoking events without "emit" prefix is deprecated.
        Approval(msg.sender, _spender, _value);
        ^------------------------------------^
/sb/0x0f4546bb7fdb5929eee6736ed5794d3e6f5a9fa1.sol:172:9: Warning: Invoking events without "emit" prefix is deprecated.
        IncreaseSupply(value);
        ^-------------------^
/sb/0x0f4546bb7fdb5929eee6736ed5794d3e6f5a9fa1.sol:181:9: Warning: Invoking events without "emit" prefix is deprecated.
        DecreaseSupply(value);
        ^-------------------^
/sb/0x0f4546bb7fdb5929eee6736ed5794d3e6f5a9fa1.sol:226:9: Warning: Invoking events without "emit" prefix is deprecated.
        Migrate(msg.sender, tokens);               // log it
        ^-------------------------^
/sb/0x0f4546bb7fdb5929eee6736ed5794d3e6f5a9fa1.sol:231:17: Warning: Using contract member "balance" inherited from the address type is deprecated. Convert the contract to "address" type to access the member, for example use "address(contract).balance" instead.
        require(this.balance > 0);
                ^----------^
/sb/0x0f4546bb7fdb5929eee6736ed5794d3e6f5a9fa1.sol:232:37: Warning: Using contract member "balance" inherited from the address type is deprecated. Convert the contract to "address" type to access the member, for example use "address(contract).balance" instead.
        require(ethFundDeposit.send(this.balance));
                                    ^----------^
/sb/0x0f4546bb7fdb5929eee6736ed5794d3e6f5a9fa1.sol:240:9: Warning: Invoking events without "emit" prefix is deprecated.
        Burn(msg.sender,value);
        ^--------------------^
/sb/0x0f4546bb7fdb5929eee6736ed5794d3e6f5a9fa1.sol:258:9: Warning: Invoking events without "emit" prefix is deprecated.
        IssueToken(msg.sender, tokens);  // logs token issued
        ^----------------------------^
/sb/0x0f4546bb7fdb5929eee6736ed5794d3e6f5a9fa1.sol:8:5: Warning: No visibility specified. Defaulting to "public". 
    function balanceOf(address _owner) constant returns (uint256 balance);
    ^--------------------------------------------------------------------^
/sb/0x0f4546bb7fdb5929eee6736ed5794d3e6f5a9fa1.sol:14:5: Warning: No visibility specified. Defaulting to "public". 
    function transfer(address _to, uint256 _value) returns (bool success);
    ^--------------------------------------------------------------------^
/sb/0x0f4546bb7fdb5929eee6736ed5794d3e6f5a9fa1.sol:21:5: Warning: No visibility specified. Defaulting to "public". 
    function transferFrom(address _from, address _to, uint256 _value) returns (bool success);
    ^---------------------------------------------------------------------------------------^
/sb/0x0f4546bb7fdb5929eee6736ed5794d3e6f5a9fa1.sol:27:5: Warning: No visibility specified. Defaulting to "public". 
    function approve(address _spender, uint256 _value) returns (bool success);
    ^------------------------------------------------------------------------^
/sb/0x0f4546bb7fdb5929eee6736ed5794d3e6f5a9fa1.sol:32:5: Warning: No visibility specified. Defaulting to "public". 
    function allowance(address _owner, address _spender) constant returns (uint256 remaining);
    ^----------------------------------------------------------------------------------------^
/sb/0x0f4546bb7fdb5929eee6736ed5794d3e6f5a9fa1.sol:39:5: Warning: No visibility specified. Defaulting to "public". 
    function migrate(address addr, uint256 uip) returns (bool success);
    ^-----------------------------------------------------------------^
/sb/0x0f4546bb7fdb5929eee6736ed5794d3e6f5a9fa1.sol:67:5: Warning: No visibility specified. Defaulting to "public". 
    function transfer(address _to, uint256 _value) returns (bool success) {
    ^ (Relevant source part starts here and spans across multiple lines).
/sb/0x0f4546bb7fdb5929eee6736ed5794d3e6f5a9fa1.sol:78:5: Warning: No visibility specified. Defaulting to "public". 
    function transferFrom(address _from, address _to, uint256 _value) returns (bool success) {
    ^ (Relevant source part starts here and spans across multiple lines).
/sb/0x0f4546bb7fdb5929eee6736ed5794d3e6f5a9fa1.sol:90:5: Warning: No visibility specified. Defaulting to "public". 
    function balanceOf(address _owner) constant returns (uint256 balance) {
    ^ (Relevant source part starts here and spans across multiple lines).
/sb/0x0f4546bb7fdb5929eee6736ed5794d3e6f5a9fa1.sol:94:5: Warning: No visibility specified. Defaulting to "public". 
    function approve(address _spender, uint256 _value) returns (bool success) {
    ^ (Relevant source part starts here and spans across multiple lines).
/sb/0x0f4546bb7fdb5929eee6736ed5794d3e6f5a9fa1.sol:100:5: Warning: No visibility specified. Defaulting to "public". 
    function allowance(address _owner, address _spender) constant returns (uint256 remaining) {
    ^ (Relevant source part starts here and spans across multiple lines).
/sb/0x0f4546bb7fdb5929eee6736ed5794d3e6f5a9fa1.sol:142:5: Warning: No visibility specified. Defaulting to "public". 
    function HouseCouponToken()
    ^ (Relevant source part starts here and spans across multiple lines).
/sb/0x0f4546bb7fdb5929eee6736ed5794d3e6f5a9fa1.sol:235:5: Warning: No visibility specified. Defaulting to "public". 
    function burn(uint256 _value) isOwner returns (bool success){
    ^ (Relevant source part starts here and spans across multiple lines).
/sb/0x0f4546bb7fdb5929eee6736ed5794d3e6f5a9fa1.sol:245:5: Warning: No visibility specified. Defaulting to "public". 
    function () payable {
    ^ (Relevant source part starts here and spans across multiple lines).
/sb/0x0f4546bb7fdb5929eee6736ed5794d3e6f5a9fa1.sol:44:5: Warning: Function state mutability can be restricted to pure
    function safeAdd(uint256 x, uint256 y) internal returns(uint256) {
    ^ (Relevant source part starts here and spans across multiple lines).
/sb/0x0f4546bb7fdb5929eee6736ed5794d3e6f5a9fa1.sol:50:5: Warning: Function state mutability can be restricted to pure
    function safeSubtract(uint256 x, uint256 y) internal returns(uint256) {
    ^ (Relevant source part starts here and spans across multiple lines).
/sb/0x0f4546bb7fdb5929eee6736ed5794d3e6f5a9fa1.sol:56:5: Warning: Function state mutability can be restricted to pure
    function safeMult(uint256 x, uint256 y) internal returns(uint256) {
    ^ (Relevant source part starts here and spans across multiple lines).
/sb/0x0f4546bb7fdb5929eee6736ed5794d3e6f5a9fa1.sol:137:5: Warning: Function state mutability can be restricted to pure
    function formatDecimals(uint256 _value) internal returns (uint256 ) {
    ^ (Relevant source part starts here and spans across multiple lines).

INFO:Detectors:[92m
HouseCouponToken.version should be constant (/sb/0x0f4546bb7fdb5929eee6736ed5794d3e6f5a9fa1.sol#117-118)
Reference: https://github.com/trailofbits/slither/wiki/Detectors-Documentation#state-variables-that-could-be-declared-constant[0m
INFO:Detectors:[92m
Token.balanceOf (/sb/0x0f4546bb7fdb5929eee6736ed5794d3e6f5a9fa1.sol#8-10) should be declared external
StandardToken.balanceOf (/sb/0x0f4546bb7fdb5929eee6736ed5794d3e6f5a9fa1.sol#91-95) should be declared external
Token.transfer (/sb/0x0f4546bb7fdb5929eee6736ed5794d3e6f5a9fa1.sol#14-16) should be declared external
StandardToken.transfer (/sb/0x0f4546bb7fdb5929eee6736ed5794d3e6f5a9fa1.sol#67-78) should be declared external
Token.transferFrom (/sb/0x0f4546bb7fdb5929eee6736ed5794d3e6f5a9fa1.sol#21-23) should be declared external
StandardToken.transferFrom (/sb/0x0f4546bb7fdb5929eee6736ed5794d3e6f5a9fa1.sol#78-91) should be declared external
Token.approve (/sb/0x0f4546bb7fdb5929eee6736ed5794d3e6f5a9fa1.sol#27-29) should be declared external
StandardToken.approve (/sb/0x0f4546bb7fdb5929eee6736ed5794d3e6f5a9fa1.sol#95-100) should be declared external
StandardToken.allowance (/sb/0x0f4546bb7fdb5929eee6736ed5794d3e6f5a9fa1.sol#101-105) should be declared external
Token.allowance (/sb/0x0f4546bb7fdb5929eee6736ed5794d3e6f5a9fa1.sol#32-34) should be declared external
IMigrationContract.migrate (/sb/0x0f4546bb7fdb5929eee6736ed5794d3e6f5a9fa1.sol#39-44) should be declared external
HouseCouponToken.burn (/sb/0x0f4546bb7fdb5929eee6736ed5794d3e6f5a9fa1.sol#239-252) should be declared external
HouseCouponToken.fallback (/sb/0x0f4546bb7fdb5929eee6736ed5794d3e6f5a9fa1.sol#252-260) should be declared external
Reference: https://github.com/trailofbits/slither/wiki/Detectors-Documentation#public-function-that-could-be-declared-as-external[0m
INFO:Detectors:[92m
Detected issues with version pragma in /sb/0x0f4546bb7fdb5929eee6736ed5794d3e6f5a9fa1.sol:
	- pragma solidity^0.4.10 (/sb/0x0f4546bb7fdb5929eee6736ed5794d3e6f5a9fa1.sol#1): it allows old versions
Reference: https://github.com/trailofbits/slither/wiki/Detectors-Documentation#incorrect-version-of-solidity[0m
INFO:Detectors:[92m
Parameter '_owner' of StandardToken.balanceOf (/sb/0x0f4546bb7fdb5929eee6736ed5794d3e6f5a9fa1.sol#92-94) is not in mixedCase
Parameter '_to' of StandardToken.transfer (/sb/0x0f4546bb7fdb5929eee6736ed5794d3e6f5a9fa1.sol#68) is not in mixedCase
Parameter '_value' of StandardToken.transfer (/sb/0x0f4546bb7fdb5929eee6736ed5794d3e6f5a9fa1.sol#68) is not in mixedCase
Parameter '_from' of StandardToken.transferFrom (/sb/0x0f4546bb7fdb5929eee6736ed5794d3e6f5a9fa1.sol#79) is not in mixedCase
Parameter '_to' of StandardToken.transferFrom (/sb/0x0f4546bb7fdb5929eee6736ed5794d3e6f5a9fa1.sol#79) is not in mixedCase
Parameter '_value' of StandardToken.transferFrom (/sb/0x0f4546bb7fdb5929eee6736ed5794d3e6f5a9fa1.sol#79) is not in mixedCase
Parameter '_spender' of StandardToken.approve (/sb/0x0f4546bb7fdb5929eee6736ed5794d3e6f5a9fa1.sol#95-96) is not in mixedCase
Parameter '_value' of StandardToken.approve (/sb/0x0f4546bb7fdb5929eee6736ed5794d3e6f5a9fa1.sol#96) is not in mixedCase
Parameter '_owner' of StandardToken.allowance (/sb/0x0f4546bb7fdb5929eee6736ed5794d3e6f5a9fa1.sol#101-102) is not in mixedCase
Parameter '_spender' of StandardToken.allowance (/sb/0x0f4546bb7fdb5929eee6736ed5794d3e6f5a9fa1.sol#102-104) is not in mixedCase
Parameter '_value' of HouseCouponToken.formatDecimals (/sb/0x0f4546bb7fdb5929eee6736ed5794d3e6f5a9fa1.sol#142-144) is not in mixedCase
Function 'HouseCouponToken.HouseCouponToken' (/sb/0x0f4546bb7fdb5929eee6736ed5794d3e6f5a9fa1.sol#146-159) is not in mixedCase
Parameter '_tokenExchangeRate' of HouseCouponToken.setTokenExchangeRate (/sb/0x0f4546bb7fdb5929eee6736ed5794d3e6f5a9fa1.sol#162) is not in mixedCase
Parameter '_value' of HouseCouponToken.increaseSupply (/sb/0x0f4546bb7fdb5929eee6736ed5794d3e6f5a9fa1.sol#169) is not in mixedCase
Parameter '_value' of HouseCouponToken.decreaseSupply (/sb/0x0f4546bb7fdb5929eee6736ed5794d3e6f5a9fa1.sol#179) is not in mixedCase
Parameter '_fundingStartBlock' of HouseCouponToken.startFunding (/sb/0x0f4546bb7fdb5929eee6736ed5794d3e6f5a9fa1.sol#188) is not in mixedCase
Parameter '_fundingStopBlock' of HouseCouponToken.startFunding (/sb/0x0f4546bb7fdb5929eee6736ed5794d3e6f5a9fa1.sol#188-189) is not in mixedCase
Parameter '_newContractAddr' of HouseCouponToken.setMigrateContract (/sb/0x0f4546bb7fdb5929eee6736ed5794d3e6f5a9fa1.sol#207) is not in mixedCase
Parameter '_newFundDeposit' of HouseCouponToken.changeOwner (/sb/0x0f4546bb7fdb5929eee6736ed5794d3e6f5a9fa1.sol#213-214) is not in mixedCase
Parameter '_value' of HouseCouponToken.burn (/sb/0x0f4546bb7fdb5929eee6736ed5794d3e6f5a9fa1.sol#240) is not in mixedCase
Reference: https://github.com/trailofbits/slither/wiki/Detectors-Documentation#conformance-to-solidity-naming-conventions[0m
INFO:Slither:/sb/0x0f4546bb7fdb5929eee6736ed5794d3e6f5a9fa1.sol analyzed (5 contracts), 35 result(s) found
