INFO:Detectors:[92m
ERC20Interface.totalSupply (/sb/0x68885f238905263c8e1997e66c93d2a3cef20923.sol#29-30) should be declared external
HappyToken.totalSupply (/sb/0x68885f238905263c8e1997e66c93d2a3cef20923.sol#103-108) should be declared external
ERC20Interface.balanceOf (/sb/0x68885f238905263c8e1997e66c93d2a3cef20923.sol#30-31) should be declared external
HappyToken.balanceOf (/sb/0x68885f238905263c8e1997e66c93d2a3cef20923.sol#111-116) should be declared external
ERC20Interface.allowance (/sb/0x68885f238905263c8e1997e66c93d2a3cef20923.sol#31-32) should be declared external
HappyToken.allowance (/sb/0x68885f238905263c8e1997e66c93d2a3cef20923.sol) should be declared external
HappyToken.transfer (/sb/0x68885f238905263c8e1997e66c93d2a3cef20923.sol#121-129) should be declared external
ERC20Interface.transfer (/sb/0x68885f238905263c8e1997e66c93d2a3cef20923.sol#32-33) should be declared external
HappyToken.approve (/sb/0x68885f238905263c8e1997e66c93d2a3cef20923.sol#134-140) should be declared external
ERC20Interface.approve (/sb/0x68885f238905263c8e1997e66c93d2a3cef20923.sol#33-34) should be declared external
HappyToken.transferFrom (/sb/0x68885f238905263c8e1997e66c93d2a3cef20923.sol#149-161) should be declared external
ERC20Interface.transferFrom (/sb/0x68885f238905263c8e1997e66c93d2a3cef20923.sol#34-36) should be declared external
Owned.transferOwnership (/sb/0x68885f238905263c8e1997e66c93d2a3cef20923.sol#59-63) should be declared external
Owned.acceptOwnership (/sb/0x68885f238905263c8e1997e66c93d2a3cef20923.sol#63-71) should be declared external
Reference: https://github.com/trailofbits/slither/wiki/Detectors-Documentation#public-function-that-could-be-declared-as-external[0m
INFO:Detectors:[92m
Parameter '_newOwner' of Owned.transferOwnership (/sb/0x68885f238905263c8e1997e66c93d2a3cef20923.sol#60-62) is not in mixedCase
Variable 'HappyToken._totalSupply' (/sb/0x68885f238905263c8e1997e66c93d2a3cef20923.sol#83) is not in mixedCase
Reference: https://github.com/trailofbits/slither/wiki/Detectors-Documentation#conformance-to-solidity-naming-conventions[0m
INFO:Slither:/sb/0x68885f238905263c8e1997e66c93d2a3cef20923.sol analyzed (4 contracts), 16 result(s) found
