INFO:Slither:Compilation warnings/errors on /sb/0x0c8a503b2531ca1777f42b3cd57c30c33e179096.sol:
/sb/0x0c8a503b2531ca1777f42b3cd57c30c33e179096.sol:185:3: Warning: Defining constructors as functions with the same name as the contract is deprecated. Use "constructor(...) { ... }" instead.
  function Ownable() {
  ^ (Relevant source part starts here and spans across multiple lines).
/sb/0x0c8a503b2531ca1777f42b3cd57c30c33e179096.sol:290:3: Warning: Defining constructors as functions with the same name as the contract is deprecated. Use "constructor(...) { ... }" instead.
  function TokenTimelock(ERC20Basic _token, address _beneficiary, uint _releaseTime) {
  ^ (Relevant source part starts here and spans across multiple lines).
/sb/0x0c8a503b2531ca1777f42b3cd57c30c33e179096.sol:331:3: Warning: Defining constructors as functions with the same name as the contract is deprecated. Use "constructor(...) { ... }" instead.
  function AAAToken() {
  ^ (Relevant source part starts here and spans across multiple lines).
/sb/0x0c8a503b2531ca1777f42b3cd57c30c33e179096.sol:46:4: Warning: This declaration shadows a builtin symbol.
   function assert(bool assertion) internal {
   ^ (Relevant source part starts here and spans across multiple lines).
/sb/0x0c8a503b2531ca1777f42b3cd57c30c33e179096.sol:59:3: Warning: No visibility specified. Defaulting to "public". 
  function balanceOf(address who) constant returns (uint);
  ^------------------------------------------------------^
/sb/0x0c8a503b2531ca1777f42b3cd57c30c33e179096.sol:60:3: Warning: No visibility specified. Defaulting to "public". 
  function transfer(address to, uint value);
  ^----------------------------------------^
/sb/0x0c8a503b2531ca1777f42b3cd57c30c33e179096.sol:88:3: Warning: No visibility specified. Defaulting to "public". 
  function transfer(address _to, uint _value) onlyPayloadSize(2 * 32) {
  ^ (Relevant source part starts here and spans across multiple lines).
/sb/0x0c8a503b2531ca1777f42b3cd57c30c33e179096.sol:100:3: Warning: No visibility specified. Defaulting to "public". 
  function balanceOf(address _owner) constant returns (uint balance) {
  ^ (Relevant source part starts here and spans across multiple lines).
/sb/0x0c8a503b2531ca1777f42b3cd57c30c33e179096.sol:110:3: Warning: No visibility specified. Defaulting to "public". 
  function allowance(address owner, address spender) constant returns (uint);
  ^-------------------------------------------------------------------------^
/sb/0x0c8a503b2531ca1777f42b3cd57c30c33e179096.sol:111:3: Warning: No visibility specified. Defaulting to "public". 
  function transferFrom(address from, address to, uint value);
  ^----------------------------------------------------------^
/sb/0x0c8a503b2531ca1777f42b3cd57c30c33e179096.sol:112:3: Warning: No visibility specified. Defaulting to "public". 
  function approve(address spender, uint value);
  ^--------------------------------------------^
/sb/0x0c8a503b2531ca1777f42b3cd57c30c33e179096.sol:133:3: Warning: No visibility specified. Defaulting to "public". 
  function transferFrom(address _from, address _to, uint _value) onlyPayloadSize(3 * 32) {
  ^ (Relevant source part starts here and spans across multiple lines).
/sb/0x0c8a503b2531ca1777f42b3cd57c30c33e179096.sol:151:3: Warning: No visibility specified. Defaulting to "public". 
  function approve(address _spender, uint _value) {
  ^ (Relevant source part starts here and spans across multiple lines).
/sb/0x0c8a503b2531ca1777f42b3cd57c30c33e179096.sol:169:3: Warning: No visibility specified. Defaulting to "public". 
  function allowance(address _owner, address _spender) constant returns (uint remaining) {
  ^ (Relevant source part starts here and spans across multiple lines).
/sb/0x0c8a503b2531ca1777f42b3cd57c30c33e179096.sol:185:3: Warning: No visibility specified. Defaulting to "public". 
  function Ownable() {
  ^ (Relevant source part starts here and spans across multiple lines).
/sb/0x0c8a503b2531ca1777f42b3cd57c30c33e179096.sol:203:3: Warning: No visibility specified. Defaulting to "public". 
  function transferOwnership(address newOwner) onlyOwner {
  ^ (Relevant source part starts here and spans across multiple lines).
/sb/0x0c8a503b2531ca1777f42b3cd57c30c33e179096.sol:239:3: Warning: No visibility specified. Defaulting to "public". 
  function pause() onlyOwner whenNotPaused returns (bool) {
  ^ (Relevant source part starts here and spans across multiple lines).
/sb/0x0c8a503b2531ca1777f42b3cd57c30c33e179096.sol:248:3: Warning: No visibility specified. Defaulting to "public". 
  function unpause() onlyOwner whenPaused returns (bool) {
  ^ (Relevant source part starts here and spans across multiple lines).
/sb/0x0c8a503b2531ca1777f42b3cd57c30c33e179096.sol:264:3: Warning: No visibility specified. Defaulting to "public". 
  function transfer(address _to, uint _value) whenNotPaused {
  ^ (Relevant source part starts here and spans across multiple lines).
/sb/0x0c8a503b2531ca1777f42b3cd57c30c33e179096.sol:268:3: Warning: No visibility specified. Defaulting to "public". 
  function transferFrom(address _from, address _to, uint _value) whenNotPaused {
  ^ (Relevant source part starts here and spans across multiple lines).
/sb/0x0c8a503b2531ca1777f42b3cd57c30c33e179096.sol:290:3: Warning: No visibility specified. Defaulting to "public". 
  function TokenTimelock(ERC20Basic _token, address _beneficiary, uint _releaseTime) {
  ^ (Relevant source part starts here and spans across multiple lines).
/sb/0x0c8a503b2531ca1777f42b3cd57c30c33e179096.sol:300:3: Warning: No visibility specified. Defaulting to "public". 
  function claim() {
  ^ (Relevant source part starts here and spans across multiple lines).
/sb/0x0c8a503b2531ca1777f42b3cd57c30c33e179096.sol:318:3: Warning: No visibility specified. Defaulting to "public". 
  function () {
  ^ (Relevant source part starts here and spans across multiple lines).
/sb/0x0c8a503b2531ca1777f42b3cd57c30c33e179096.sol:331:3: Warning: No visibility specified. Defaulting to "public". 
  function AAAToken() {
  ^ (Relevant source part starts here and spans across multiple lines).
/sb/0x0c8a503b2531ca1777f42b3cd57c30c33e179096.sol:338:3: Warning: No visibility specified. Defaulting to "public". 
  function transferTimelocked(address _to, uint256 _amount, uint256 _releaseTime)
  ^ (Relevant source part starts here and spans across multiple lines).
/sb/0x0c8a503b2531ca1777f42b3cd57c30c33e179096.sol:353:3: Warning: No visibility specified. Defaulting to "public". 
  function burn(uint256 _value) onlyOwner whenNotPaused {
  ^ (Relevant source part starts here and spans across multiple lines).
/sb/0x0c8a503b2531ca1777f42b3cd57c30c33e179096.sol:22:4: Warning: Function state mutability can be restricted to pure
   function div(uint256 a, uint256 b) internal returns (uint256) {
   ^ (Relevant source part starts here and spans across multiple lines).
/sb/0x0c8a503b2531ca1777f42b3cd57c30c33e179096.sol:46:4: Warning: Function state mutability can be restricted to pure
   function assert(bool assertion) internal {
   ^ (Relevant source part starts here and spans across multiple lines).

INFO:Detectors:[93m
ERC20Basic (/sb/0x0c8a503b2531ca1777f42b3cd57c30c33e179096.sol#59-66) has incorrect ERC20 function interface(s):
	-transfer (/sb/0x0c8a503b2531ca1777f42b3cd57c30c33e179096.sol#61)
BasicToken (/sb/0x0c8a503b2531ca1777f42b3cd57c30c33e179096.sol#71-109) has incorrect ERC20 function interface(s):
	-transfer (/sb/0x0c8a503b2531ca1777f42b3cd57c30c33e179096.sol#89-97)
ERC20 (/sb/0x0c8a503b2531ca1777f42b3cd57c30c33e179096.sol#110-120) has incorrect ERC20 function interface(s):
	-transferFrom (/sb/0x0c8a503b2531ca1777f42b3cd57c30c33e179096.sol#113)
	-approve (/sb/0x0c8a503b2531ca1777f42b3cd57c30c33e179096.sol#113-117)
StandardToken (/sb/0x0c8a503b2531ca1777f42b3cd57c30c33e179096.sol#128-177) has incorrect ERC20 function interface(s):
	-transferFrom (/sb/0x0c8a503b2531ca1777f42b3cd57c30c33e179096.sol#135-148)
	-approve (/sb/0x0c8a503b2531ca1777f42b3cd57c30c33e179096.sol#154-166)
PausableToken (/sb/0x0c8a503b2531ca1777f42b3cd57c30c33e179096.sol#269-284) has incorrect ERC20 function interface(s):
	-transfer (/sb/0x0c8a503b2531ca1777f42b3cd57c30c33e179096.sol#276-277)
	-transferFrom (/sb/0x0c8a503b2531ca1777f42b3cd57c30c33e179096.sol#277-284)
Reference: https://github.com/trailofbits/slither/wiki/Detectors-Documentation#incorrect-erc20-interface[0m
INFO:Detectors:[92m
SafeMath.assert (function @ /sb/0x0c8a503b2531ca1777f42b3cd57c30c33e179096.sol#47-55) shadows built-in symbol "assert"
Reference: https://github.com/trailofbits/slither/wiki/Detectors-Documentation#builtin-symbol-shadowing[0m
INFO:Detectors:[92m
AAAToken.decimals should be constant (/sb/0x0c8a503b2531ca1777f42b3cd57c30c33e179096.sol#334-336)
AAAToken.name should be constant (/sb/0x0c8a503b2531ca1777f42b3cd57c30c33e179096.sol#332)
AAAToken.symbol should be constant (/sb/0x0c8a503b2531ca1777f42b3cd57c30c33e179096.sol#332)
Reference: https://github.com/trailofbits/slither/wiki/Detectors-Documentation#state-variables-that-could-be-declared-constant[0m
INFO:Detectors:[92m
BasicToken.balanceOf (/sb/0x0c8a503b2531ca1777f42b3cd57c30c33e179096.sol#102-109) should be declared external
ERC20Basic.balanceOf (/sb/0x0c8a503b2531ca1777f42b3cd57c30c33e179096.sol#60-61) should be declared external
ERC20.allowance (/sb/0x0c8a503b2531ca1777f42b3cd57c30c33e179096.sol#111-112) should be declared external
StandardToken.allowance (/sb/0x0c8a503b2531ca1777f42b3cd57c30c33e179096.sol#176-177) should be declared external
ERC20.approve (/sb/0x0c8a503b2531ca1777f42b3cd57c30c33e179096.sol#113-117) should be declared external
StandardToken.approve (/sb/0x0c8a503b2531ca1777f42b3cd57c30c33e179096.sol#154-166) should be declared external
Ownable.transferOwnership (/sb/0x0c8a503b2531ca1777f42b3cd57c30c33e179096.sol#212-218) should be declared external
Pausable.pause (/sb/0x0c8a503b2531ca1777f42b3cd57c30c33e179096.sol#248-259) should be declared external
Pausable.unpause (/sb/0x0c8a503b2531ca1777f42b3cd57c30c33e179096.sol#262-268) should be declared external
TokenTimelock.claim (/sb/0x0c8a503b2531ca1777f42b3cd57c30c33e179096.sol#316-325) should be declared external
AAAToken.fallback (/sb/0x0c8a503b2531ca1777f42b3cd57c30c33e179096.sol#329-332) should be declared external
AAAToken.transferTimelocked (/sb/0x0c8a503b2531ca1777f42b3cd57c30c33e179096.sol#344-359) should be declared external
AAAToken.burn (/sb/0x0c8a503b2531ca1777f42b3cd57c30c33e179096.sol#360-363) should be declared external
Reference: https://github.com/trailofbits/slither/wiki/Detectors-Documentation#public-function-that-could-be-declared-as-external[0m
INFO:Detectors:[92m
Detected issues with version pragma in /sb/0x0c8a503b2531ca1777f42b3cd57c30c33e179096.sol:
	- pragma solidity^0.4.23 (/sb/0x0c8a503b2531ca1777f42b3cd57c30c33e179096.sol#1): it allows old versions
Reference: https://github.com/trailofbits/slither/wiki/Detectors-Documentation#incorrect-version-of-solidity[0m
INFO:Detectors:[92m
Parameter '_owner' of BasicToken.balanceOf (/sb/0x0c8a503b2531ca1777f42b3cd57c30c33e179096.sol#106) is not in mixedCase
Parameter '_to' of BasicToken.transfer (/sb/0x0c8a503b2531ca1777f42b3cd57c30c33e179096.sol#90) is not in mixedCase
Parameter '_value' of BasicToken.transfer (/sb/0x0c8a503b2531ca1777f42b3cd57c30c33e179096.sol#90) is not in mixedCase
Parameter '_owner' of StandardToken.allowance (/sb/0x0c8a503b2531ca1777f42b3cd57c30c33e179096.sol#176) is not in mixedCase
Parameter '_spender' of StandardToken.allowance (/sb/0x0c8a503b2531ca1777f42b3cd57c30c33e179096.sol#176) is not in mixedCase
Parameter '_from' of StandardToken.transferFrom (/sb/0x0c8a503b2531ca1777f42b3cd57c30c33e179096.sol#135-137) is not in mixedCase
Parameter '_to' of StandardToken.transferFrom (/sb/0x0c8a503b2531ca1777f42b3cd57c30c33e179096.sol#137) is not in mixedCase
Parameter '_value' of StandardToken.transferFrom (/sb/0x0c8a503b2531ca1777f42b3cd57c30c33e179096.sol#137) is not in mixedCase
Parameter '_spender' of StandardToken.approve (/sb/0x0c8a503b2531ca1777f42b3cd57c30c33e179096.sol#154) is not in mixedCase
Parameter '_value' of StandardToken.approve (/sb/0x0c8a503b2531ca1777f42b3cd57c30c33e179096.sol#154) is not in mixedCase
Function 'Ownable.Ownable' (/sb/0x0c8a503b2531ca1777f42b3cd57c30c33e179096.sol#193-200) is not in mixedCase
Parameter '_to' of PausableToken.transfer (/sb/0x0c8a503b2531ca1777f42b3cd57c30c33e179096.sol#276) is not in mixedCase
Parameter '_value' of PausableToken.transfer (/sb/0x0c8a503b2531ca1777f42b3cd57c30c33e179096.sol#276) is not in mixedCase
Parameter '_from' of PausableToken.transferFrom (/sb/0x0c8a503b2531ca1777f42b3cd57c30c33e179096.sol#278-279) is not in mixedCase
Parameter '_to' of PausableToken.transferFrom (/sb/0x0c8a503b2531ca1777f42b3cd57c30c33e179096.sol#279) is not in mixedCase
Parameter '_value' of PausableToken.transferFrom (/sb/0x0c8a503b2531ca1777f42b3cd57c30c33e179096.sol#281) is not in mixedCase
Function 'TokenTimelock.TokenTimelock' (/sb/0x0c8a503b2531ca1777f42b3cd57c30c33e179096.sol#300-312) is not in mixedCase
Parameter '_token' of TokenTimelock.TokenTimelock (/sb/0x0c8a503b2531ca1777f42b3cd57c30c33e179096.sol#301) is not in mixedCase
Parameter '_beneficiary' of TokenTimelock.TokenTimelock (/sb/0x0c8a503b2531ca1777f42b3cd57c30c33e179096.sol#301-302) is not in mixedCase
Parameter '_releaseTime' of TokenTimelock.TokenTimelock (/sb/0x0c8a503b2531ca1777f42b3cd57c30c33e179096.sol#302-304) is not in mixedCase
Function 'AAAToken.AAAToken' (/sb/0x0c8a503b2531ca1777f42b3cd57c30c33e179096.sol#340-343) is not in mixedCase
Parameter '_to' of AAAToken.transferTimelocked (/sb/0x0c8a503b2531ca1777f42b3cd57c30c33e179096.sol#347-350) is not in mixedCase
Parameter '_amount' of AAAToken.transferTimelocked (/sb/0x0c8a503b2531ca1777f42b3cd57c30c33e179096.sol#350) is not in mixedCase
Parameter '_releaseTime' of AAAToken.transferTimelocked (/sb/0x0c8a503b2531ca1777f42b3cd57c30c33e179096.sol#350) is not in mixedCase
Parameter '_value' of AAAToken.burn (/sb/0x0c8a503b2531ca1777f42b3cd57c30c33e179096.sol#362) is not in mixedCase
Function 'AAAToken._burn' (/sb/0x0c8a503b2531ca1777f42b3cd57c30c33e179096.sol#363-367) is not in mixedCase
Parameter '_who' of AAAToken._burn (/sb/0x0c8a503b2531ca1777f42b3cd57c30c33e179096.sol#364) is not in mixedCase
Parameter '_value' of AAAToken._burn (/sb/0x0c8a503b2531ca1777f42b3cd57c30c33e179096.sol#364-365) is not in mixedCase
Reference: https://github.com/trailofbits/slither/wiki/Detectors-Documentation#conformance-to-solidity-naming-conventions[0m
INFO:Slither:/sb/0x0c8a503b2531ca1777f42b3cd57c30c33e179096.sol analyzed (10 contracts), 49 result(s) found
