INFO:Slither:Compilation warnings/errors on /sb/0x114f3d4983debcb3aaa9d58b9717f8f00a2efe64.sol:
/sb/0x114f3d4983debcb3aaa9d58b9717f8f00a2efe64.sol:97:9: Warning: "throw" is deprecated in favour of "revert()", "require()" and "assert()".
        throw;
        ^---^
/sb/0x114f3d4983debcb3aaa9d58b9717f8f00a2efe64.sol:114:5: Warning: Defining constructors as functions with the same name as the contract is deprecated. Use "constructor(...) { ... }" instead.
    function JiCoin(
    ^ (Relevant source part starts here and spans across multiple lines).
/sb/0x114f3d4983debcb3aaa9d58b9717f8f00a2efe64.sol:131:141: Warning: "throw" is deprecated in favour of "revert()", "require()" and "assert()".
        if(!_spender.call(bytes4(bytes32(sha3("receiveApproval(address,uint256,address,bytes)"))), msg.sender, _value, this, _extraData)) { throw; }
                                                                                                                                            ^---^
/sb/0x114f3d4983debcb3aaa9d58b9717f8f00a2efe64.sol:55:13: Warning: Invoking events without "emit" prefix is deprecated.
            Transfer(msg.sender, _to, _value);
            ^-------------------------------^
/sb/0x114f3d4983debcb3aaa9d58b9717f8f00a2efe64.sol:67:13: Warning: Invoking events without "emit" prefix is deprecated.
            Transfer(_from, _to, _value);
            ^--------------------------^
/sb/0x114f3d4983debcb3aaa9d58b9717f8f00a2efe64.sol:78:9: Warning: Invoking events without "emit" prefix is deprecated.
        Approval(msg.sender, _spender, _value);
        ^------------------------------------^
/sb/0x114f3d4983debcb3aaa9d58b9717f8f00a2efe64.sol:126:9: Warning: Invoking events without "emit" prefix is deprecated.
        Approval(msg.sender, _spender, _value);
        ^------------------------------------^
/sb/0x114f3d4983debcb3aaa9d58b9717f8f00a2efe64.sol:131:42: Warning: "sha3" has been deprecated in favour of "keccak256"
        if(!_spender.call(bytes4(bytes32(sha3("receiveApproval(address,uint256,address,bytes)"))), msg.sender, _value, this, _extraData)) { throw; }
                                         ^----------------------------------------------------^
/sb/0x114f3d4983debcb3aaa9d58b9717f8f00a2efe64.sol:8:5: Warning: No visibility specified. Defaulting to "public". 
    function totalSupply() constant returns (uint256 supply) {}
    ^---------------------------------------------------------^
/sb/0x114f3d4983debcb3aaa9d58b9717f8f00a2efe64.sol:8:46: Warning: Unused function parameter. Remove or comment out the variable name to silence this warning.
    function totalSupply() constant returns (uint256 supply) {}
                                             ^------------^
/sb/0x114f3d4983debcb3aaa9d58b9717f8f00a2efe64.sol:12:5: Warning: No visibility specified. Defaulting to "public". 
    function balanceOf(address _owner) constant returns (uint256 balance) {}
    ^----------------------------------------------------------------------^
/sb/0x114f3d4983debcb3aaa9d58b9717f8f00a2efe64.sol:12:24: Warning: Unused function parameter. Remove or comment out the variable name to silence this warning.
    function balanceOf(address _owner) constant returns (uint256 balance) {}
                       ^------------^
/sb/0x114f3d4983debcb3aaa9d58b9717f8f00a2efe64.sol:12:58: Warning: Unused function parameter. Remove or comment out the variable name to silence this warning.
    function balanceOf(address _owner) constant returns (uint256 balance) {}
                                                         ^-------------^
/sb/0x114f3d4983debcb3aaa9d58b9717f8f00a2efe64.sol:18:5: Warning: No visibility specified. Defaulting to "public". 
    function transfer(address _to, uint256 _value) returns (bool success) {}
    ^----------------------------------------------------------------------^
/sb/0x114f3d4983debcb3aaa9d58b9717f8f00a2efe64.sol:18:23: Warning: Unused function parameter. Remove or comment out the variable name to silence this warning.
    function transfer(address _to, uint256 _value) returns (bool success) {}
                      ^---------^
/sb/0x114f3d4983debcb3aaa9d58b9717f8f00a2efe64.sol:18:36: Warning: Unused function parameter. Remove or comment out the variable name to silence this warning.
    function transfer(address _to, uint256 _value) returns (bool success) {}
                                   ^------------^
/sb/0x114f3d4983debcb3aaa9d58b9717f8f00a2efe64.sol:18:61: Warning: Unused function parameter. Remove or comment out the variable name to silence this warning.
    function transfer(address _to, uint256 _value) returns (bool success) {}
                                                            ^----------^
/sb/0x114f3d4983debcb3aaa9d58b9717f8f00a2efe64.sol:25:5: Warning: No visibility specified. Defaulting to "public". 
    function transferFrom(address _from, address _to, uint256 _value) returns (bool success) {}
    ^-----------------------------------------------------------------------------------------^
/sb/0x114f3d4983debcb3aaa9d58b9717f8f00a2efe64.sol:25:27: Warning: Unused function parameter. Remove or comment out the variable name to silence this warning.
    function transferFrom(address _from, address _to, uint256 _value) returns (bool success) {}
                          ^-----------^
/sb/0x114f3d4983debcb3aaa9d58b9717f8f00a2efe64.sol:25:42: Warning: Unused function parameter. Remove or comment out the variable name to silence this warning.
    function transferFrom(address _from, address _to, uint256 _value) returns (bool success) {}
                                         ^---------^
/sb/0x114f3d4983debcb3aaa9d58b9717f8f00a2efe64.sol:25:55: Warning: Unused function parameter. Remove or comment out the variable name to silence this warning.
    function transferFrom(address _from, address _to, uint256 _value) returns (bool success) {}
                                                      ^------------^
/sb/0x114f3d4983debcb3aaa9d58b9717f8f00a2efe64.sol:25:80: Warning: Unused function parameter. Remove or comment out the variable name to silence this warning.
    function transferFrom(address _from, address _to, uint256 _value) returns (bool success) {}
                                                                               ^----------^
/sb/0x114f3d4983debcb3aaa9d58b9717f8f00a2efe64.sol:31:5: Warning: No visibility specified. Defaulting to "public". 
    function approve(address _spender, uint256 _value) returns (bool success) {}
    ^--------------------------------------------------------------------------^
/sb/0x114f3d4983debcb3aaa9d58b9717f8f00a2efe64.sol:31:22: Warning: Unused function parameter. Remove or comment out the variable name to silence this warning.
    function approve(address _spender, uint256 _value) returns (bool success) {}
                     ^--------------^
/sb/0x114f3d4983debcb3aaa9d58b9717f8f00a2efe64.sol:31:40: Warning: Unused function parameter. Remove or comment out the variable name to silence this warning.
    function approve(address _spender, uint256 _value) returns (bool success) {}
                                       ^------------^
/sb/0x114f3d4983debcb3aaa9d58b9717f8f00a2efe64.sol:31:65: Warning: Unused function parameter. Remove or comment out the variable name to silence this warning.
    function approve(address _spender, uint256 _value) returns (bool success) {}
                                                                ^----------^
/sb/0x114f3d4983debcb3aaa9d58b9717f8f00a2efe64.sol:36:5: Warning: No visibility specified. Defaulting to "public". 
    function allowance(address _owner, address _spender) constant returns (uint256 remaining) {}
    ^------------------------------------------------------------------------------------------^
/sb/0x114f3d4983debcb3aaa9d58b9717f8f00a2efe64.sol:36:24: Warning: Unused function parameter. Remove or comment out the variable name to silence this warning.
    function allowance(address _owner, address _spender) constant returns (uint256 remaining) {}
                       ^------------^
/sb/0x114f3d4983debcb3aaa9d58b9717f8f00a2efe64.sol:36:40: Warning: Unused function parameter. Remove or comment out the variable name to silence this warning.
    function allowance(address _owner, address _spender) constant returns (uint256 remaining) {}
                                       ^--------------^
/sb/0x114f3d4983debcb3aaa9d58b9717f8f00a2efe64.sol:36:76: Warning: Unused function parameter. Remove or comment out the variable name to silence this warning.
    function allowance(address _owner, address _spender) constant returns (uint256 remaining) {}
                                                                           ^---------------^
/sb/0x114f3d4983debcb3aaa9d58b9717f8f00a2efe64.sol:47:5: Warning: No visibility specified. Defaulting to "public". 
    function transfer(address _to, uint256 _value) returns (bool success) {
    ^ (Relevant source part starts here and spans across multiple lines).
/sb/0x114f3d4983debcb3aaa9d58b9717f8f00a2efe64.sol:60:5: Warning: No visibility specified. Defaulting to "public". 
    function transferFrom(address _from, address _to, uint256 _value) returns (bool success) {
    ^ (Relevant source part starts here and spans across multiple lines).
/sb/0x114f3d4983debcb3aaa9d58b9717f8f00a2efe64.sol:72:5: Warning: No visibility specified. Defaulting to "public". 
    function balanceOf(address _owner) constant returns (uint256 balance) {
    ^ (Relevant source part starts here and spans across multiple lines).
/sb/0x114f3d4983debcb3aaa9d58b9717f8f00a2efe64.sol:76:5: Warning: No visibility specified. Defaulting to "public". 
    function approve(address _spender, uint256 _value) returns (bool success) {
    ^ (Relevant source part starts here and spans across multiple lines).
/sb/0x114f3d4983debcb3aaa9d58b9717f8f00a2efe64.sol:82:5: Warning: No visibility specified. Defaulting to "public". 
    function allowance(address _owner, address _spender) constant returns (uint256 remaining) {
    ^ (Relevant source part starts here and spans across multiple lines).
/sb/0x114f3d4983debcb3aaa9d58b9717f8f00a2efe64.sol:95:5: Warning: No visibility specified. Defaulting to "public". 
    function () {
    ^ (Relevant source part starts here and spans across multiple lines).
/sb/0x114f3d4983debcb3aaa9d58b9717f8f00a2efe64.sol:114:5: Warning: No visibility specified. Defaulting to "public". 
    function JiCoin(
    ^ (Relevant source part starts here and spans across multiple lines).
/sb/0x114f3d4983debcb3aaa9d58b9717f8f00a2efe64.sol:124:5: Warning: No visibility specified. Defaulting to "public". 
    function approveAndCall(address _spender, uint256 _value, bytes _extraData) returns (bool success) {
    ^ (Relevant source part starts here and spans across multiple lines).
/sb/0x114f3d4983debcb3aaa9d58b9717f8f00a2efe64.sol:8:5: Warning: Function state mutability can be restricted to pure
    function totalSupply() constant returns (uint256 supply) {}
    ^---------------------------------------------------------^
/sb/0x114f3d4983debcb3aaa9d58b9717f8f00a2efe64.sol:12:5: Warning: Function state mutability can be restricted to pure
    function balanceOf(address _owner) constant returns (uint256 balance) {}
    ^----------------------------------------------------------------------^
/sb/0x114f3d4983debcb3aaa9d58b9717f8f00a2efe64.sol:18:5: Warning: Function state mutability can be restricted to pure
    function transfer(address _to, uint256 _value) returns (bool success) {}
    ^----------------------------------------------------------------------^
/sb/0x114f3d4983debcb3aaa9d58b9717f8f00a2efe64.sol:25:5: Warning: Function state mutability can be restricted to pure
    function transferFrom(address _from, address _to, uint256 _value) returns (bool success) {}
    ^-----------------------------------------------------------------------------------------^
/sb/0x114f3d4983debcb3aaa9d58b9717f8f00a2efe64.sol:31:5: Warning: Function state mutability can be restricted to pure
    function approve(address _spender, uint256 _value) returns (bool success) {}
    ^--------------------------------------------------------------------------^
/sb/0x114f3d4983debcb3aaa9d58b9717f8f00a2efe64.sol:36:5: Warning: Function state mutability can be restricted to pure
    function allowance(address _owner, address _spender) constant returns (uint256 remaining) {}
    ^------------------------------------------------------------------------------------------^

INFO:Detectors:[92m
JiCoin.version should be constant (/sb/0x114f3d4983debcb3aaa9d58b9717f8f00a2efe64.sol#114-116)
Reference: https://github.com/trailofbits/slither/wiki/Detectors-Documentation#state-variables-that-could-be-declared-constant[0m
INFO:Detectors:[92m
Deprecated standard detected @ /sb/0x114f3d4983debcb3aaa9d58b9717f8f00a2efe64.sol#104:
	- Usage of "throw" should be replaced with "revert()"
Deprecated standard detected @ /sb/0x114f3d4983debcb3aaa9d58b9717f8f00a2efe64.sol#131-134:
	- Usage of "sha3()" should be replaced with "keccak256()"
Deprecated standard detected @ /sb/0x114f3d4983debcb3aaa9d58b9717f8f00a2efe64.sol:
	- Usage of "throw" should be replaced with "revert()"
Reference: https://github.com/trailofbits/slither/wiki/Detectors-Documentation#deprecated-standards[0m
INFO:Detectors:[92m
Token.totalSupply (/sb/0x114f3d4983debcb3aaa9d58b9717f8f00a2efe64.sol#8-10) should be declared external
StandardToken.balanceOf (/sb/0x114f3d4983debcb3aaa9d58b9717f8f00a2efe64.sol#72-76) should be declared external
Token.balanceOf (/sb/0x114f3d4983debcb3aaa9d58b9717f8f00a2efe64.sol#12-14) should be declared external
Token.transfer (/sb/0x114f3d4983debcb3aaa9d58b9717f8f00a2efe64.sol#18-20) should be declared external
StandardToken.transfer (/sb/0x114f3d4983debcb3aaa9d58b9717f8f00a2efe64.sol#47-60) should be declared external
StandardToken.transferFrom (/sb/0x114f3d4983debcb3aaa9d58b9717f8f00a2efe64.sol#60-72) should be declared external
Token.transferFrom (/sb/0x114f3d4983debcb3aaa9d58b9717f8f00a2efe64.sol#25-27) should be declared external
StandardToken.approve (/sb/0x114f3d4983debcb3aaa9d58b9717f8f00a2efe64.sol#76-82) should be declared external
Token.approve (/sb/0x114f3d4983debcb3aaa9d58b9717f8f00a2efe64.sol#31-33) should be declared external
StandardToken.allowance (/sb/0x114f3d4983debcb3aaa9d58b9717f8f00a2efe64.sol#82-87) should be declared external
Token.allowance (/sb/0x114f3d4983debcb3aaa9d58b9717f8f00a2efe64.sol#36-38) should be declared external
JiCoin.fallback (/sb/0x114f3d4983debcb3aaa9d58b9717f8f00a2efe64.sol#100-104) should be declared external
JiCoin.approveAndCall (/sb/0x114f3d4983debcb3aaa9d58b9717f8f00a2efe64.sol#125-134) should be declared external
Reference: https://github.com/trailofbits/slither/wiki/Detectors-Documentation#public-function-that-could-be-declared-as-external[0m
INFO:Detectors:[92m
Detected issues with version pragma in /sb/0x114f3d4983debcb3aaa9d58b9717f8f00a2efe64.sol:
	- pragma solidity^0.4.4 (/sb/0x114f3d4983debcb3aaa9d58b9717f8f00a2efe64.sol#1): it allows old versions
Reference: https://github.com/trailofbits/slither/wiki/Detectors-Documentation#incorrect-version-of-solidity[0m
INFO:Detectors:[92m
Low level call in JiCoin.approveAndCall (/sb/0x114f3d4983debcb3aaa9d58b9717f8f00a2efe64.sol#125-134):
	-! _spender.call(bytes4(bytes32(sha3()(receiveApproval(address,uint256,address,bytes)))),msg.sender,_value,this,_extraData) /sb/0x114f3d4983debcb3aaa9d58b9717f8f00a2efe64.sol#131-134
Reference: https://github.com/trailofbits/slither/wiki/Detectors-Documentation#low-level-calls[0m
INFO:Detectors:[92m
Parameter '_owner' of StandardToken.balanceOf (/sb/0x114f3d4983debcb3aaa9d58b9717f8f00a2efe64.sol#73) is not in mixedCase
Parameter '_to' of StandardToken.transfer (/sb/0x114f3d4983debcb3aaa9d58b9717f8f00a2efe64.sol#47-48) is not in mixedCase
Parameter '_value' of StandardToken.transfer (/sb/0x114f3d4983debcb3aaa9d58b9717f8f00a2efe64.sol#48) is not in mixedCase
Parameter '_from' of StandardToken.transferFrom (/sb/0x114f3d4983debcb3aaa9d58b9717f8f00a2efe64.sol#60-61) is not in mixedCase
Parameter '_to' of StandardToken.transferFrom (/sb/0x114f3d4983debcb3aaa9d58b9717f8f00a2efe64.sol#61) is not in mixedCase
Parameter '_value' of StandardToken.transferFrom (/sb/0x114f3d4983debcb3aaa9d58b9717f8f00a2efe64.sol#61) is not in mixedCase
Parameter '_spender' of StandardToken.approve (/sb/0x114f3d4983debcb3aaa9d58b9717f8f00a2efe64.sol#77) is not in mixedCase
Parameter '_value' of StandardToken.approve (/sb/0x114f3d4983debcb3aaa9d58b9717f8f00a2efe64.sol#77-78) is not in mixedCase
Parameter '_owner' of StandardToken.allowance (/sb/0x114f3d4983debcb3aaa9d58b9717f8f00a2efe64.sol#83) is not in mixedCase
Parameter '_spender' of StandardToken.allowance (/sb/0x114f3d4983debcb3aaa9d58b9717f8f00a2efe64.sol#83-84) is not in mixedCase
Function 'JiCoin.JiCoin' (/sb/0x114f3d4983debcb3aaa9d58b9717f8f00a2efe64.sol#116-124) is not in mixedCase
Parameter '_spender' of JiCoin.approveAndCall (/sb/0x114f3d4983debcb3aaa9d58b9717f8f00a2efe64.sol#125-126) is not in mixedCase
Parameter '_value' of JiCoin.approveAndCall (/sb/0x114f3d4983debcb3aaa9d58b9717f8f00a2efe64.sol#126) is not in mixedCase
Parameter '_extraData' of JiCoin.approveAndCall (/sb/0x114f3d4983debcb3aaa9d58b9717f8f00a2efe64.sol#126-127) is not in mixedCase
Reference: https://github.com/trailofbits/slither/wiki/Detectors-Documentation#conformance-to-solidity-naming-conventions[0m
INFO:Slither:/sb/0x114f3d4983debcb3aaa9d58b9717f8f00a2efe64.sol analyzed (3 contracts), 33 result(s) found
