INFO:Slither:Compilation warnings/errors on /sb/0x0a5155ad298ccfd1610a00ed75457eb2d8b0c701.sol:
/sb/0x0a5155ad298ccfd1610a00ed75457eb2d8b0c701.sol:221:17: Warning: Failure condition of 'send' ignored. Consider using 'transfer' instead.
                referrer.send(refAmount); // solium-disable-line security/no-send
                ^----------------------^
/sb/0x0a5155ad298ccfd1610a00ed75457eb2d8b0c701.sol:230:13: Warning: Failure condition of 'send' ignored. Consider using 'transfer' instead.
            marketing.send(marketingFee); // solium-disable-line security/no-send
            ^--------------------------^
/sb/0x0a5155ad298ccfd1610a00ed75457eb2d8b0c701.sol:231:13: Warning: Failure condition of 'send' ignored. Consider using 'transfer' instead.
            team.send(teamFee); // solium-disable-line security/no-send
            ^----------------^
/sb/0x0a5155ad298ccfd1610a00ed75457eb2d8b0c701.sol:232:13: Warning: Failure condition of 'send' ignored. Consider using 'transfer' instead.
            charity.send(charityFee); // solium-disable-line security/no-send
            ^----------------------^

INFO:Detectors:[93m
Oasis._bytesToAddress (/sb/0x0a5155ad298ccfd1610a00ed75457eb2d8b0c701.sol#285-290) is declared view but contains assembly code
Reference: https://github.com/trailofbits/slither/wiki/Detectors-Documentation#constant-functions-changing-the-state[0m
INFO:Detectors:[92m
Oasis.fallback has external calls inside a loop:
	- referrer.send(refAmount) (/sb/0x0a5155ad298ccfd1610a00ed75457eb2d8b0c701.sol#226)
Reference: https://github.com/trailofbits/slither/wiki/Detectors-Documentation/_edit#calls-inside-a-loop[0m
INFO:Detectors:[92m
Oasis._bytesToAddress uses assembly (/sb/0x0a5155ad298ccfd1610a00ed75457eb2d8b0c701.sol#285-290)
	- /sb/0x0a5155ad298ccfd1610a00ed75457eb2d8b0c701.sol#288-290
Reference: https://github.com/trailofbits/slither/wiki/Detectors-Documentation#assembly-usage[0m
INFO:Detectors:[92m
Oasis.charity should be constant (/sb/0x0a5155ad298ccfd1610a00ed75457eb2d8b0c701.sol#138-140)
Oasis.marketing should be constant (/sb/0x0a5155ad298ccfd1610a00ed75457eb2d8b0c701.sol#134-135)
Oasis.team should be constant (/sb/0x0a5155ad298ccfd1610a00ed75457eb2d8b0c701.sol#136-137)
Reference: https://github.com/trailofbits/slither/wiki/Detectors-Documentation#state-variables-that-could-be-declared-constant[0m
INFO:Detectors:[92m
Oasis.fallback (/sb/0x0a5155ad298ccfd1610a00ed75457eb2d8b0c701.sol#155-247) should be declared external
Oasis.depositsCountForUser (/sb/0x0a5155ad298ccfd1610a00ed75457eb2d8b0c701.sol#248-252) should be declared external
Oasis.depositForUser (/sb/0x0a5155ad298ccfd1610a00ed75457eb2d8b0c701.sol#252-257) should be declared external
Oasis.dividendsSumForUser (/sb/0x0a5155ad298ccfd1610a00ed75457eb2d8b0c701.sol#257-261) should be declared external
Reference: https://github.com/trailofbits/slither/wiki/Detectors-Documentation#public-function-that-could-be-declared-as-external[0m
INFO:Detectors:[92m
Parameter '_a' of SafeMath.mul (/sb/0x0a5155ad298ccfd1610a00ed75457eb2d8b0c701.sol#65) is not in mixedCase
Parameter '_b' of SafeMath.mul (/sb/0x0a5155ad298ccfd1610a00ed75457eb2d8b0c701.sol#65) is not in mixedCase
Parameter '_a' of SafeMath.div (/sb/0x0a5155ad298ccfd1610a00ed75457eb2d8b0c701.sol#81) is not in mixedCase
Parameter '_b' of SafeMath.div (/sb/0x0a5155ad298ccfd1610a00ed75457eb2d8b0c701.sol#81) is not in mixedCase
Parameter '_a' of SafeMath.sub (/sb/0x0a5155ad298ccfd1610a00ed75457eb2d8b0c701.sol#92-95) is not in mixedCase
Parameter '_b' of SafeMath.sub (/sb/0x0a5155ad298ccfd1610a00ed75457eb2d8b0c701.sol#95-96) is not in mixedCase
Parameter '_a' of SafeMath.add (/sb/0x0a5155ad298ccfd1610a00ed75457eb2d8b0c701.sol#101-102) is not in mixedCase
Parameter '_b' of SafeMath.add (/sb/0x0a5155ad298ccfd1610a00ed75457eb2d8b0c701.sol#102-105) is not in mixedCase
Function 'Oasis._bytesToAddress' (/sb/0x0a5155ad298ccfd1610a00ed75457eb2d8b0c701.sol#285-290) is not in mixedCase
Function 'Oasis._dividendsSum' (/sb/0x0a5155ad298ccfd1610a00ed75457eb2d8b0c701.sol) is not in mixedCase
Reference: https://github.com/trailofbits/slither/wiki/Detectors-Documentation#conformance-to-solidity-naming-conventions[0m
INFO:Slither:/sb/0x0a5155ad298ccfd1610a00ed75457eb2d8b0c701.sol analyzed (2 contracts), 18 result(s) found
