INFO:Detectors:[92m
DdexAngelToken.INITIAL_SUPPLY should be constant (/sb/0x0e9f94219cb387d78e6090f6db0e0b7e7119d39e.sol#103-105)
DdexAngelToken.decimals should be constant (/sb/0x0e9f94219cb387d78e6090f6db0e0b7e7119d39e.sol#103)
DdexAngelToken.name should be constant (/sb/0x0e9f94219cb387d78e6090f6db0e0b7e7119d39e.sol#100-101)
DdexAngelToken.symbol should be constant (/sb/0x0e9f94219cb387d78e6090f6db0e0b7e7119d39e.sol#101-103)
Reference: https://github.com/trailofbits/slither/wiki/Detectors-Documentation#state-variables-that-could-be-declared-constant[0m
INFO:Detectors:[92m
IERC20.totalSupply (/sb/0x0e9f94219cb387d78e6090f6db0e0b7e7119d39e.sol#7-9) should be declared external
DdexAngelToken.totalSupply (/sb/0x0e9f94219cb387d78e6090f6db0e0b7e7119d39e.sol#127-131) should be declared external
IERC20.balanceOf (/sb/0x0e9f94219cb387d78e6090f6db0e0b7e7119d39e.sol#9-11) should be declared external
DdexAngelToken.balanceOf (/sb/0x0e9f94219cb387d78e6090f6db0e0b7e7119d39e.sol#131-132) should be declared external
IERC20.allowance (/sb/0x0e9f94219cb387d78e6090f6db0e0b7e7119d39e.sol#11-14) should be declared external
DdexAngelToken.allowance (/sb/0x0e9f94219cb387d78e6090f6db0e0b7e7119d39e.sol#134-138) should be declared external
DdexAngelToken.transfer (/sb/0x0e9f94219cb387d78e6090f6db0e0b7e7119d39e.sol#145-149) should be declared external
IERC20.transfer (/sb/0x0e9f94219cb387d78e6090f6db0e0b7e7119d39e.sol#14-16) should be declared external
DdexAngelToken.approve (/sb/0x0e9f94219cb387d78e6090f6db0e0b7e7119d39e.sol#138-145) should be declared external
IERC20.approve (/sb/0x0e9f94219cb387d78e6090f6db0e0b7e7119d39e.sol#16-19) should be declared external
DdexAngelToken.transferFrom (/sb/0x0e9f94219cb387d78e6090f6db0e0b7e7119d39e.sol#149-157) should be declared external
IERC20.transferFrom (/sb/0x0e9f94219cb387d78e6090f6db0e0b7e7119d39e.sol#19-22) should be declared external
DdexAngelToken.enableTransfer (/sb/0x0e9f94219cb387d78e6090f6db0e0b7e7119d39e.sol#122-124) should be declared external
Reference: https://github.com/trailofbits/slither/wiki/Detectors-Documentation#public-function-that-could-be-declared-as-external[0m
INFO:Detectors:[92m
Function 'DdexAngelToken._transfer' (/sb/0x0e9f94219cb387d78e6090f6db0e0b7e7119d39e.sol#157-167) is not in mixedCase
Variable 'DdexAngelToken.INITIAL_SUPPLY' (/sb/0x0e9f94219cb387d78e6090f6db0e0b7e7119d39e.sol#103-105) is not in mixedCase
Reference: https://github.com/trailofbits/slither/wiki/Detectors-Documentation#conformance-to-solidity-naming-conventions[0m
INFO:Slither:/sb/0x0e9f94219cb387d78e6090f6db0e0b7e7119d39e.sol analyzed (3 contracts), 16 result(s) found
