INFO:Slither:Compilation warnings/errors on /sb/0x43de395326e1fd472bf8ab81bbc895cc620705ed.sol:
/sb/0x43de395326e1fd472bf8ab81bbc895cc620705ed.sol:12:1354: Warning: Using contract member "balance" inherited from the address type is deprecated. Convert the contract to "address" type to access the member, for example use "address(contract).balance" instead.
 ... this.balance ... 
     ^----------^
/sb/0x43de395326e1fd472bf8ab81bbc895cc620705ed.sol:13:33: Warning: Using contract member "balance" inherited from the address type is deprecated. Convert the contract to "address" type to access the member, for example use "address(contract).balance" instead.
            msg.sender.transfer(this.balance);
                                ^----------^

INFO:Detectors:[91m
TwoForOne.Get (/sb/0x43de395326e1fd472bf8ab81bbc895cc620705ed.sol#7-16) sends eth to arbitrary user
	Dangerous calls:
	- msg.sender.transfer(this.balance) (/sb/0x43de395326e1fd472bf8ab81bbc895cc620705ed.sol#13-14)
Reference: https://github.com/trailofbits/slither/wiki/Detectors-Documentation#functions-that-send-ether-to-arbitrary-destinations[0m
INFO:Detectors:[92m
TwoForOne.fallback (/sb/0x43de395326e1fd472bf8ab81bbc895cc620705ed.sol#5-6) should be declared external
TwoForOne.Get (/sb/0x43de395326e1fd472bf8ab81bbc895cc620705ed.sol#7-16) should be declared external
Reference: https://github.com/trailofbits/slither/wiki/Detectors-Documentation#public-function-that-could-be-declared-as-external[0m
INFO:Detectors:[92m
Detected issues with version pragma in /sb/0x43de395326e1fd472bf8ab81bbc895cc620705ed.sol:
	- pragma solidity^0.4.19 (/sb/0x43de395326e1fd472bf8ab81bbc895cc620705ed.sol#1): it allows old versions
Reference: https://github.com/trailofbits/slither/wiki/Detectors-Documentation#incorrect-version-of-solidity[0m
INFO:Detectors:[92m
Function 'TwoForOne.Get' (/sb/0x43de395326e1fd472bf8ab81bbc895cc620705ed.sol#7-16) is not in mixedCase
Reference: https://github.com/trailofbits/slither/wiki/Detectors-Documentation#conformance-to-solidity-naming-conventions[0m
INFO:Slither:/sb/0x43de395326e1fd472bf8ab81bbc895cc620705ed.sol analyzed (1 contracts), 5 result(s) found
