INFO:Detectors:[93m
ERC20 (/sb/0x0f43093b586b011258479e61d41a862e909386e0.sol#51-63) has incorrect ERC20 function interface(s):
	-transfer (/sb/0x0f43093b586b011258479e61d41a862e909386e0.sol#53-54)
PO8BaseToken (/sb/0x0f43093b586b011258479e61d41a862e909386e0.sol#63-153) has incorrect ERC20 function interface(s):
	-transfer (/sb/0x0f43093b586b011258479e61d41a862e909386e0.sol#104-107)
Reference: https://github.com/trailofbits/slither/wiki/Detectors-Documentation#incorrect-erc20-interface[0m
INFO:Detectors:[93m
Reentrancy in PO8PrivateSaleToken03.claimAfter45days (/sb/0x0f43093b586b011258479e61d41a862e909386e0.sol#263-277):
	External calls:
	- token.transfer(msg.sender,tokens) (/sb/0x0f43093b586b011258479e61d41a862e909386e0.sol#272)
	State variables written after the call(s):
	- boughtUser (/sb/0x0f43093b586b011258479e61d41a862e909386e0.sol#272-274)
	- claimAfter45ds (/sb/0x0f43093b586b011258479e61d41a862e909386e0.sol#275)
Reentrancy in PO8PrivateSaleToken03.claimAfter90days (/sb/0x0f43093b586b011258479e61d41a862e909386e0.sol#277-284):
	External calls:
	- token.transfer(msg.sender,tokens) (/sb/0x0f43093b586b011258479e61d41a862e909386e0.sol)
	State variables written after the call(s):
	- boughtUser (/sb/0x0f43093b586b011258479e61d41a862e909386e0.sol)
Reference: https://github.com/trailofbits/slither/wiki/Detectors-Documentation#reentrancy-vulnerabilities-1[0m
INFO:Detectors:[92m
Reentrancy in PO8PrivateSaleToken03.fallback (/sb/0x0f43093b586b011258479e61d41a862e909386e0.sol#251-263):
	External calls:
	- token.transfer(msg.sender,tokens) (/sb/0x0f43093b586b011258479e61d41a862e909386e0.sol#254-255)
	External calls sending eth:
	- wallet.transfer(msg.value) (/sb/0x0f43093b586b011258479e61d41a862e909386e0.sol#255-258)
	State variables written after the call(s):
	- boughtTime (/sb/0x0f43093b586b011258479e61d41a862e909386e0.sol#258)
	- boughtUser (/sb/0x0f43093b586b011258479e61d41a862e909386e0.sol#259-261)
	- claimAfter45ds (/sb/0x0f43093b586b011258479e61d41a862e909386e0.sol#261)
Reference: https://github.com/trailofbits/slither/wiki/Detectors-Documentation#reentrancy-vulnerabilities-2[0m
INFO:Detectors:[92m
PO8Token.bountyToken should be constant (/sb/0x0f43093b586b011258479e61d41a862e909386e0.sol#160)
PO8Token.crowdSaleToken should be constant (/sb/0x0f43093b586b011258479e61d41a862e909386e0.sol#158-160)
PO8Token.foundationToken should be constant (/sb/0x0f43093b586b011258479e61d41a862e909386e0.sol#160-162)
PO8Token.preSaleToken should be constant (/sb/0x0f43093b586b011258479e61d41a862e909386e0.sol#157-158)
PO8Token.privateToken should be constant (/sb/0x0f43093b586b011258479e61d41a862e909386e0.sol#156-157)
Reference: https://github.com/trailofbits/slither/wiki/Detectors-Documentation#state-variables-that-could-be-declared-constant[0m
INFO:Detectors:[92m
Ownable.transferOwnership (/sb/0x0f43093b586b011258479e61d41a862e909386e0.sol#42-51) should be declared external
PO8BaseToken.totalSupply (/sb/0x0f43093b586b011258479e61d41a862e909386e0.sol#81-85) should be declared external
ERC20.totalSupply (/sb/0x0f43093b586b011258479e61d41a862e909386e0.sol#51-52) should be declared external
ERC20.balanceOf (/sb/0x0f43093b586b011258479e61d41a862e909386e0.sol#52-53) should be declared external
PO8BaseToken.balanceOf (/sb/0x0f43093b586b011258479e61d41a862e909386e0.sol#85-89) should be declared external
ERC20.transfer (/sb/0x0f43093b586b011258479e61d41a862e909386e0.sol#53-54) should be declared external
PO8BaseToken.transfer (/sb/0x0f43093b586b011258479e61d41a862e909386e0.sol#104-107) should be declared external
ERC20.allowance (/sb/0x0f43093b586b011258479e61d41a862e909386e0.sol#54-55) should be declared external
PO8BaseToken.allowance (/sb/0x0f43093b586b011258479e61d41a862e909386e0.sol#120-124) should be declared external
PO8BaseToken.transferFrom (/sb/0x0f43093b586b011258479e61d41a862e909386e0.sol#107-114) should be declared external
ERC20.transferFrom (/sb/0x0f43093b586b011258479e61d41a862e909386e0.sol#55-56) should be declared external
PO8BaseToken.approveAndCall (/sb/0x0f43093b586b011258479e61d41a862e909386e0.sol#124-132) should be declared external
PO8BaseToken.increaseApproval (/sb/0x0f43093b586b011258479e61d41a862e909386e0.sol#132-138) should be declared external
PO8BaseToken.decreaseApproval (/sb/0x0f43093b586b011258479e61d41a862e909386e0.sol#138-153) should be declared external
PO8Token.unlockAllTokens (/sb/0x0f43093b586b011258479e61d41a862e909386e0.sol#187-193) should be declared external
PO8Token.approvedAccount (/sb/0x0f43093b586b011258479e61d41a862e909386e0.sol#193-199) should be declared external
PO8PrivateSaleToken03.changeRate (/sb/0x0f43093b586b011258479e61d41a862e909386e0.sol#223-229) should be declared external
PO8PrivateSaleToken03.finish (/sb/0x0f43093b586b011258479e61d41a862e909386e0.sol#234-238) should be declared external
PO8PrivateSaleToken03.remainUserTokenBalance (/sb/0x0f43093b586b011258479e61d41a862e909386e0.sol#248-251) should be declared external
PO8PrivateSaleToken03.fallback (/sb/0x0f43093b586b011258479e61d41a862e909386e0.sol#251-263) should be declared external
Reference: https://github.com/trailofbits/slither/wiki/Detectors-Documentation#public-function-that-could-be-declared-as-external[0m
INFO:Detectors:[92m
Detected issues with version pragma in /sb/0x0f43093b586b011258479e61d41a862e909386e0.sol:
	- pragma solidity^0.4.21 (/sb/0x0f43093b586b011258479e61d41a862e909386e0.sol#1): it allows old versions
Reference: https://github.com/trailofbits/slither/wiki/Detectors-Documentation#incorrect-version-of-solidity[0m
INFO:Detectors:[92m
Contract 'tokenRecipient' (/sb/0x0f43093b586b011258479e61d41a862e909386e0.sol#3-5) is not in CapWords
Parameter '_owner' of PO8BaseToken.balanceOf (/sb/0x0f43093b586b011258479e61d41a862e909386e0.sol#86-88) is not in mixedCase
Parameter '_to' of PO8BaseToken.transfer (/sb/0x0f43093b586b011258479e61d41a862e909386e0.sol#106) is not in mixedCase
Parameter '_value' of PO8BaseToken.transfer (/sb/0x0f43093b586b011258479e61d41a862e909386e0.sol#106) is not in mixedCase
Parameter '_owner' of PO8BaseToken.allowance (/sb/0x0f43093b586b011258479e61d41a862e909386e0.sol#123) is not in mixedCase
Parameter '_spender' of PO8BaseToken.allowance (/sb/0x0f43093b586b011258479e61d41a862e909386e0.sol#123) is not in mixedCase
Parameter '_from' of PO8BaseToken.transferFrom (/sb/0x0f43093b586b011258479e61d41a862e909386e0.sol#107) is not in mixedCase
Parameter '_to' of PO8BaseToken.transferFrom (/sb/0x0f43093b586b011258479e61d41a862e909386e0.sol#107) is not in mixedCase
Parameter '_value' of PO8BaseToken.transferFrom (/sb/0x0f43093b586b011258479e61d41a862e909386e0.sol#107-108) is not in mixedCase
Parameter '_spender' of PO8BaseToken.approve (/sb/0x0f43093b586b011258479e61d41a862e909386e0.sol#115) is not in mixedCase
Parameter '_value' of PO8BaseToken.approve (/sb/0x0f43093b586b011258479e61d41a862e909386e0.sol#115) is not in mixedCase
Parameter '_name' of PO8BaseToken. (/sb/0x0f43093b586b011258479e61d41a862e909386e0.sol#73-74) is not in mixedCase
Parameter '_symbol' of PO8BaseToken. (/sb/0x0f43093b586b011258479e61d41a862e909386e0.sol#74-75) is not in mixedCase
Parameter '_decimals' of PO8BaseToken. (/sb/0x0f43093b586b011258479e61d41a862e909386e0.sol#75) is not in mixedCase
Parameter '_totalSupply' of PO8BaseToken. (/sb/0x0f43093b586b011258479e61d41a862e909386e0.sol#75-76) is not in mixedCase
Function 'PO8BaseToken._transfer' (/sb/0x0f43093b586b011258479e61d41a862e909386e0.sol#89-103) is not in mixedCase
Parameter '_from' of PO8BaseToken._transfer (/sb/0x0f43093b586b011258479e61d41a862e909386e0.sol#89-90) is not in mixedCase
Parameter '_to' of PO8BaseToken._transfer (/sb/0x0f43093b586b011258479e61d41a862e909386e0.sol#90) is not in mixedCase
Parameter '_value' of PO8BaseToken._transfer (/sb/0x0f43093b586b011258479e61d41a862e909386e0.sol#90) is not in mixedCase
Parameter '_spender' of PO8BaseToken.approveAndCall (/sb/0x0f43093b586b011258479e61d41a862e909386e0.sol#124) is not in mixedCase
Parameter '_value' of PO8BaseToken.approveAndCall (/sb/0x0f43093b586b011258479e61d41a862e909386e0.sol#124-125) is not in mixedCase
Parameter '_extraData' of PO8BaseToken.approveAndCall (/sb/0x0f43093b586b011258479e61d41a862e909386e0.sol#125) is not in mixedCase
Parameter '_spender' of PO8BaseToken.increaseApproval (/sb/0x0f43093b586b011258479e61d41a862e909386e0.sol#132) is not in mixedCase
Parameter '_addedValue' of PO8BaseToken.increaseApproval (/sb/0x0f43093b586b011258479e61d41a862e909386e0.sol#133) is not in mixedCase
Parameter '_spender' of PO8BaseToken.decreaseApproval (/sb/0x0f43093b586b011258479e61d41a862e909386e0.sol#139) is not in mixedCase
Parameter '_subtractedValue' of PO8BaseToken.decreaseApproval (/sb/0x0f43093b586b011258479e61d41a862e909386e0.sol#139-140) is not in mixedCase
Function 'PO8Token._transfer' (/sb/0x0f43093b586b011258479e61d41a862e909386e0.sol#173-187) is not in mixedCase
Parameter '_from' of PO8Token._transfer (/sb/0x0f43093b586b011258479e61d41a862e909386e0.sol#173-174) is not in mixedCase
Parameter '_to' of PO8Token._transfer (/sb/0x0f43093b586b011258479e61d41a862e909386e0.sol#174) is not in mixedCase
Parameter '_value' of PO8Token._transfer (/sb/0x0f43093b586b011258479e61d41a862e909386e0.sol#174) is not in mixedCase
Parameter '_unlock' of PO8Token.unlockAllTokens (/sb/0x0f43093b586b011258479e61d41a862e909386e0.sol#187-188) is not in mixedCase
Reference: https://github.com/trailofbits/slither/wiki/Detectors-Documentation#conformance-to-solidity-naming-conventions[0m
INFO:Detectors:[92m
PO8Token.privateToken (/sb/0x0f43093b586b011258479e61d41a862e909386e0.sol#156-157) is never used in PO8Token
PO8Token.preSaleToken (/sb/0x0f43093b586b011258479e61d41a862e909386e0.sol#157-158) is never used in PO8Token
PO8Token.crowdSaleToken (/sb/0x0f43093b586b011258479e61d41a862e909386e0.sol#158-160) is never used in PO8Token
PO8Token.bountyToken (/sb/0x0f43093b586b011258479e61d41a862e909386e0.sol#160) is never used in PO8Token
PO8Token.foundationToken (/sb/0x0f43093b586b011258479e61d41a862e909386e0.sol#160-162) is never used in PO8Token
Reference: https://github.com/trailofbits/slither/wiki/Detectors-Documentation#unused-state-variables[0m
INFO:Slither:/sb/0x0f43093b586b011258479e61d41a862e909386e0.sol analyzed (7 contracts), 59 result(s) found
