INFO:Slither:Compilation warnings/errors on /sb/0x05f4d78f7f42cc62a5b3a7e5abfe5eb3ff4ca1d3.sol:
/sb/0x05f4d78f7f42cc62a5b3a7e5abfe5eb3ff4ca1d3.sol:189:3: Warning: Defining constructors as functions with the same name as the contract is deprecated. Use "constructor(...) { ... }" instead.
  function ETHToken() {
  ^ (Relevant source part starts here and spans across multiple lines).
/sb/0x05f4d78f7f42cc62a5b3a7e5abfe5eb3ff4ca1d3.sol:82:5: Warning: Invoking events without "emit" prefix is deprecated.
    Transfer(msg.sender, _to, _value);
    ^-------------------------------^
/sb/0x05f4d78f7f42cc62a5b3a7e5abfe5eb3ff4ca1d3.sol:123:5: Warning: Invoking events without "emit" prefix is deprecated.
    Transfer(_from, _to, _value);
    ^--------------------------^
/sb/0x05f4d78f7f42cc62a5b3a7e5abfe5eb3ff4ca1d3.sol:139:5: Warning: Invoking events without "emit" prefix is deprecated.
    Approval(msg.sender, _spender, _value);
    ^------------------------------------^
/sb/0x05f4d78f7f42cc62a5b3a7e5abfe5eb3ff4ca1d3.sol:161:5: Warning: Invoking events without "emit" prefix is deprecated.
    Approval(msg.sender, _spender, allowed[msg.sender][_spender]);
    ^-----------------------------------------------------------^
/sb/0x05f4d78f7f42cc62a5b3a7e5abfe5eb3ff4ca1d3.sol:172:5: Warning: Invoking events without "emit" prefix is deprecated.
    Approval(msg.sender, _spender, allowed[msg.sender][_spender]);
    ^-----------------------------------------------------------^
/sb/0x05f4d78f7f42cc62a5b3a7e5abfe5eb3ff4ca1d3.sol:189:3: Warning: No visibility specified. Defaulting to "public". 
  function ETHToken() {
  ^ (Relevant source part starts here and spans across multiple lines).
/sb/0x05f4d78f7f42cc62a5b3a7e5abfe5eb3ff4ca1d3.sol:13:3: Warning: Function state mutability can be restricted to pure
  function mul(uint256 a, uint256 b) internal constant returns (uint256) {
  ^ (Relevant source part starts here and spans across multiple lines).
/sb/0x05f4d78f7f42cc62a5b3a7e5abfe5eb3ff4ca1d3.sol:19:3: Warning: Function state mutability can be restricted to pure
  function div(uint256 a, uint256 b) internal constant returns (uint256) {
  ^ (Relevant source part starts here and spans across multiple lines).
/sb/0x05f4d78f7f42cc62a5b3a7e5abfe5eb3ff4ca1d3.sol:26:3: Warning: Function state mutability can be restricted to pure
  function sub(uint256 a, uint256 b) internal constant returns (uint256) {
  ^ (Relevant source part starts here and spans across multiple lines).
/sb/0x05f4d78f7f42cc62a5b3a7e5abfe5eb3ff4ca1d3.sol:31:3: Warning: Function state mutability can be restricted to pure
  function add(uint256 a, uint256 b) internal constant returns (uint256) {
  ^ (Relevant source part starts here and spans across multiple lines).

INFO:Detectors:[92m
BasicToken.balanceOf (/sb/0x05f4d78f7f42cc62a5b3a7e5abfe5eb3ff4ca1d3.sol#92-100) should be declared external
ERC20Basic.balanceOf (/sb/0x05f4d78f7f42cc62a5b3a7e5abfe5eb3ff4ca1d3.sol#45-46) should be declared external
ERC20Basic.transfer (/sb/0x05f4d78f7f42cc62a5b3a7e5abfe5eb3ff4ca1d3.sol#46-47) should be declared external
BasicToken.transfer (/sb/0x05f4d78f7f42cc62a5b3a7e5abfe5eb3ff4ca1d3.sol#76-88) should be declared external
StandardToken.allowance (/sb/0x05f4d78f7f42cc62a5b3a7e5abfe5eb3ff4ca1d3.sol#154-155) should be declared external
ERC20.allowance (/sb/0x05f4d78f7f42cc62a5b3a7e5abfe5eb3ff4ca1d3.sol#55-56) should be declared external
ERC20.transferFrom (/sb/0x05f4d78f7f42cc62a5b3a7e5abfe5eb3ff4ca1d3.sol#56-57) should be declared external
StandardToken.transferFrom (/sb/0x05f4d78f7f42cc62a5b3a7e5abfe5eb3ff4ca1d3.sol#116-130) should be declared external
StandardToken.approve (/sb/0x05f4d78f7f42cc62a5b3a7e5abfe5eb3ff4ca1d3.sol#139-145) should be declared external
ERC20.approve (/sb/0x05f4d78f7f42cc62a5b3a7e5abfe5eb3ff4ca1d3.sol#57-58) should be declared external
StandardToken.increaseApproval (/sb/0x05f4d78f7f42cc62a5b3a7e5abfe5eb3ff4ca1d3.sol#160-167) should be declared external
StandardToken.decreaseApproval (/sb/0x05f4d78f7f42cc62a5b3a7e5abfe5eb3ff4ca1d3.sol#167-184) should be declared external
Reference: https://github.com/trailofbits/slither/wiki/Detectors-Documentation#public-function-that-could-be-declared-as-external[0m
INFO:Detectors:[92m
Detected issues with version pragma in /sb/0x05f4d78f7f42cc62a5b3a7e5abfe5eb3ff4ca1d3.sol:
	- pragma solidity^0.4.18 (/sb/0x05f4d78f7f42cc62a5b3a7e5abfe5eb3ff4ca1d3.sol#1): it allows old versions
Reference: https://github.com/trailofbits/slither/wiki/Detectors-Documentation#incorrect-version-of-solidity[0m
INFO:Detectors:[92m
Parameter '_owner' of BasicToken.balanceOf (/sb/0x05f4d78f7f42cc62a5b3a7e5abfe5eb3ff4ca1d3.sol#93-98) is not in mixedCase
Parameter '_to' of BasicToken.transfer (/sb/0x05f4d78f7f42cc62a5b3a7e5abfe5eb3ff4ca1d3.sol#76-77) is not in mixedCase
Parameter '_value' of BasicToken.transfer (/sb/0x05f4d78f7f42cc62a5b3a7e5abfe5eb3ff4ca1d3.sol#77) is not in mixedCase
Parameter '_owner' of StandardToken.allowance (/sb/0x05f4d78f7f42cc62a5b3a7e5abfe5eb3ff4ca1d3.sol#154) is not in mixedCase
Parameter '_spender' of StandardToken.allowance (/sb/0x05f4d78f7f42cc62a5b3a7e5abfe5eb3ff4ca1d3.sol#154) is not in mixedCase
Parameter '_from' of StandardToken.transferFrom (/sb/0x05f4d78f7f42cc62a5b3a7e5abfe5eb3ff4ca1d3.sol#117) is not in mixedCase
Parameter '_to' of StandardToken.transferFrom (/sb/0x05f4d78f7f42cc62a5b3a7e5abfe5eb3ff4ca1d3.sol#117-118) is not in mixedCase
Parameter '_value' of StandardToken.transferFrom (/sb/0x05f4d78f7f42cc62a5b3a7e5abfe5eb3ff4ca1d3.sol#118) is not in mixedCase
Parameter '_spender' of StandardToken.approve (/sb/0x05f4d78f7f42cc62a5b3a7e5abfe5eb3ff4ca1d3.sol#139-140) is not in mixedCase
Parameter '_value' of StandardToken.approve (/sb/0x05f4d78f7f42cc62a5b3a7e5abfe5eb3ff4ca1d3.sol#140-143) is not in mixedCase
Parameter '_spender' of StandardToken.increaseApproval (/sb/0x05f4d78f7f42cc62a5b3a7e5abfe5eb3ff4ca1d3.sol#161) is not in mixedCase
Parameter '_addedValue' of StandardToken.increaseApproval (/sb/0x05f4d78f7f42cc62a5b3a7e5abfe5eb3ff4ca1d3.sol#161) is not in mixedCase
Parameter '_spender' of StandardToken.decreaseApproval (/sb/0x05f4d78f7f42cc62a5b3a7e5abfe5eb3ff4ca1d3.sol#168) is not in mixedCase
Parameter '_subtractedValue' of StandardToken.decreaseApproval (/sb/0x05f4d78f7f42cc62a5b3a7e5abfe5eb3ff4ca1d3.sol#168) is not in mixedCase
Function 'ETHToken.ETHToken' (/sb/0x05f4d78f7f42cc62a5b3a7e5abfe5eb3ff4ca1d3.sol) is not in mixedCase
Reference: https://github.com/trailofbits/slither/wiki/Detectors-Documentation#conformance-to-solidity-naming-conventions[0m
INFO:Slither:/sb/0x05f4d78f7f42cc62a5b3a7e5abfe5eb3ff4ca1d3.sol analyzed (6 contracts), 28 result(s) found
