INFO:Slither:Compilation warnings/errors on /sb/0x0ec0f229574b7491076d1104d378913e28e7ed2a.sol:
/sb/0x0ec0f229574b7491076d1104d378913e28e7ed2a.sol:38:5: Warning: Defining constructors as functions with the same name as the contract is deprecated. Use "constructor(...) { ... }" instead.
    function Ownable() public {
    ^ (Relevant source part starts here and spans across multiple lines).
/sb/0x0ec0f229574b7491076d1104d378913e28e7ed2a.sol:158:5: Warning: Defining constructors as functions with the same name as the contract is deprecated. Use "constructor(...) { ... }" instead.
    function ERC20Token() public {
    ^ (Relevant source part starts here and spans across multiple lines).
/sb/0x0ec0f229574b7491076d1104d378913e28e7ed2a.sol:49:9: Warning: Invoking events without "emit" prefix is deprecated.
        OwnershipTransferred(owner, newOwner);
        ^-----------------------------------^
/sb/0x0ec0f229574b7491076d1104d378913e28e7ed2a.sol:76:13: Warning: Invoking events without "emit" prefix is deprecated.
            Transfer(msg.sender, _to, _value);
            ^-------------------------------^
/sb/0x0ec0f229574b7491076d1104d378913e28e7ed2a.sol:86:13: Warning: Invoking events without "emit" prefix is deprecated.
            Transfer(_from, _to, _value);
            ^--------------------------^
/sb/0x0ec0f229574b7491076d1104d378913e28e7ed2a.sol:97:9: Warning: Invoking events without "emit" prefix is deprecated.
        Approval(msg.sender, _spender, _value);
        ^------------------------------------^
/sb/0x0ec0f229574b7491076d1104d378913e28e7ed2a.sol:170:9: Warning: Invoking events without "emit" prefix is deprecated.
        TokenNameChanged(name, newName);
        ^-----------------------------^
/sb/0x0ec0f229574b7491076d1104d378913e28e7ed2a.sol:176:9: Warning: Invoking events without "emit" prefix is deprecated.
        TokenSymbolChanged(symbol, newSymbol);
        ^-----------------------------------^
/sb/0x0ec0f229574b7491076d1104d378913e28e7ed2a.sol:182:9: Warning: Invoking events without "emit" prefix is deprecated.
        ExhangeRateChanged(exchangeRate, newRate);
        ^---------------------------------------^
/sb/0x0ec0f229574b7491076d1104d378913e28e7ed2a.sol:202:9: Warning: Invoking events without "emit" prefix is deprecated.
        Transfer(msg.sender, owner, msg.value);
        ^------------------------------------^
/sb/0x0ec0f229574b7491076d1104d378913e28e7ed2a.sol:216:9: Warning: Invoking events without "emit" prefix is deprecated.
        Approval(msg.sender, _spender, _value);
        ^------------------------------------^

INFO:Detectors:[92m
ERC20Token.version should be constant (/sb/0x0ec0f229574b7491076d1104d378913e28e7ed2a.sol#149-151)
Reference: https://github.com/trailofbits/slither/wiki/Detectors-Documentation#state-variables-that-could-be-declared-constant[0m
INFO:Detectors:[92m
Ownable.transferOwnership (/sb/0x0ec0f229574b7491076d1104d378913e28e7ed2a.sol#47-57) should be declared external
StandardToken.totalSupply (/sb/0x0ec0f229574b7491076d1104d378913e28e7ed2a.sol#69-72) should be declared external
StandardToken.transfer (/sb/0x0ec0f229574b7491076d1104d378913e28e7ed2a.sol#72-81) should be declared external
StandardToken.transferFrom (/sb/0x0ec0f229574b7491076d1104d378913e28e7ed2a.sol#81-92) should be declared external
StandardToken.balanceOf (/sb/0x0ec0f229574b7491076d1104d378913e28e7ed2a.sol#92-96) should be declared external
StandardToken.approve (/sb/0x0ec0f229574b7491076d1104d378913e28e7ed2a.sol#96-101) should be declared external
StandardToken.allowance (/sb/0x0ec0f229574b7491076d1104d378913e28e7ed2a.sol#102-109) should be declared external
StandardToken.burn (/sb/0x0ec0f229574b7491076d1104d378913e28e7ed2a.sol#112-122) should be declared external
StandardToken.burnFrom (/sb/0x0ec0f229574b7491076d1104d378913e28e7ed2a.sol#128-144) should be declared external
ERC20Token.changeTokenName (/sb/0x0ec0f229574b7491076d1104d378913e28e7ed2a.sol#173-178) should be declared external
ERC20Token.changeTokenSymbol (/sb/0x0ec0f229574b7491076d1104d378913e28e7ed2a.sol#178-184) should be declared external
ERC20Token.changeExhangeRate (/sb/0x0ec0f229574b7491076d1104d378913e28e7ed2a.sol#184-191) should be declared external
ERC20Token.freezeAccount (/sb/0x0ec0f229574b7491076d1104d378913e28e7ed2a.sol#191-197) should be declared external
ERC20Token.fallback (/sb/0x0ec0f229574b7491076d1104d378913e28e7ed2a.sol#197-198) should be declared external
ERC20Token.approveAndCall (/sb/0x0ec0f229574b7491076d1104d378913e28e7ed2a.sol#216-227) should be declared external
Reference: https://github.com/trailofbits/slither/wiki/Detectors-Documentation#public-function-that-could-be-declared-as-external[0m
INFO:Detectors:[92m
Detected issues with version pragma in /sb/0x0ec0f229574b7491076d1104d378913e28e7ed2a.sol:
	- pragma solidity^0.4.19 (/sb/0x0ec0f229574b7491076d1104d378913e28e7ed2a.sol#1): it allows old versions
Reference: https://github.com/trailofbits/slither/wiki/Detectors-Documentation#incorrect-version-of-solidity[0m
INFO:Detectors:[92m
Low level call in ERC20Token.approveAndCall (/sb/0x0ec0f229574b7491076d1104d378913e28e7ed2a.sol#216-227):
	-! _spender.call(bytes4(bytes32(keccak256()(receiveApproval(address,uint256,address,bytes)))),msg.sender,_value,this,_extraData) /sb/0x0ec0f229574b7491076d1104d378913e28e7ed2a.sol#223-227
Reference: https://github.com/trailofbits/slither/wiki/Detectors-Documentation#low-level-calls[0m
INFO:Detectors:[92m
Function 'Ownable.Ownable' (/sb/0x0ec0f229574b7491076d1104d378913e28e7ed2a.sol#39-43) is not in mixedCase
Parameter '_to' of StandardToken.transfer (/sb/0x0ec0f229574b7491076d1104d378913e28e7ed2a.sol#73) is not in mixedCase
Parameter '_value' of StandardToken.transfer (/sb/0x0ec0f229574b7491076d1104d378913e28e7ed2a.sol#73) is not in mixedCase
Parameter '_from' of StandardToken.transferFrom (/sb/0x0ec0f229574b7491076d1104d378913e28e7ed2a.sol#82) is not in mixedCase
Parameter '_to' of StandardToken.transferFrom (/sb/0x0ec0f229574b7491076d1104d378913e28e7ed2a.sol#82) is not in mixedCase
Parameter '_value' of StandardToken.transferFrom (/sb/0x0ec0f229574b7491076d1104d378913e28e7ed2a.sol#82) is not in mixedCase
Parameter '_owner' of StandardToken.balanceOf (/sb/0x0ec0f229574b7491076d1104d378913e28e7ed2a.sol#92-95) is not in mixedCase
Parameter '_spender' of StandardToken.approve (/sb/0x0ec0f229574b7491076d1104d378913e28e7ed2a.sol#96) is not in mixedCase
Parameter '_value' of StandardToken.approve (/sb/0x0ec0f229574b7491076d1104d378913e28e7ed2a.sol#96-97) is not in mixedCase
Parameter '_owner' of StandardToken.allowance (/sb/0x0ec0f229574b7491076d1104d378913e28e7ed2a.sol#102) is not in mixedCase
Parameter '_spender' of StandardToken.allowance (/sb/0x0ec0f229574b7491076d1104d378913e28e7ed2a.sol#102-104) is not in mixedCase
Parameter '_value' of StandardToken.burn (/sb/0x0ec0f229574b7491076d1104d378913e28e7ed2a.sol#112) is not in mixedCase
Parameter '_from' of StandardToken.burnFrom (/sb/0x0ec0f229574b7491076d1104d378913e28e7ed2a.sol#128) is not in mixedCase
Parameter '_value' of StandardToken.burnFrom (/sb/0x0ec0f229574b7491076d1104d378913e28e7ed2a.sol#128) is not in mixedCase
Function 'ERC20Token.ERC20Token' (/sb/0x0ec0f229574b7491076d1104d378913e28e7ed2a.sol#161-172) is not in mixedCase
Parameter '_spender' of ERC20Token.approveAndCall (/sb/0x0ec0f229574b7491076d1104d378913e28e7ed2a.sol#217) is not in mixedCase
Parameter '_value' of ERC20Token.approveAndCall (/sb/0x0ec0f229574b7491076d1104d378913e28e7ed2a.sol#218) is not in mixedCase
Parameter '_extraData' of ERC20Token.approveAndCall (/sb/0x0ec0f229574b7491076d1104d378913e28e7ed2a.sol#218) is not in mixedCase
Reference: https://github.com/trailofbits/slither/wiki/Detectors-Documentation#conformance-to-solidity-naming-conventions[0m
INFO:Slither:/sb/0x0ec0f229574b7491076d1104d378913e28e7ed2a.sol analyzed (4 contracts), 36 result(s) found
