INFO:Detectors:[93m
TokenTimelock.release (/sb/0x43d4297f9d6c91d23a3e7e048c80d4f1fe7f2bbe.sol#36-44) does not use the value returned by external calls:
	-token.transfer(beneficiary,amount) (/sb/0x43d4297f9d6c91d23a3e7e048c80d4f1fe7f2bbe.sol#43-44)
Reference: https://github.com/trailofbits/slither/wiki/Detectors-Documentation#unused-return[0m
INFO:Detectors:[92m
TokenTimelock.constructor (/sb/0x43d4297f9d6c91d23a3e7e048c80d4f1fe7f2bbe.sol#23-33) uses timestamp for comparisons
	Dangerous comparisons:
	- require(bool)(_releaseTime > block.timestamp) (/sb/0x43d4297f9d6c91d23a3e7e048c80d4f1fe7f2bbe.sol#26-27)
TokenTimelock.release (/sb/0x43d4297f9d6c91d23a3e7e048c80d4f1fe7f2bbe.sol#36-44) uses timestamp for comparisons
	Dangerous comparisons:
	- require(bool)(block.timestamp >= releaseTime) (/sb/0x43d4297f9d6c91d23a3e7e048c80d4f1fe7f2bbe.sol#37-39)
Reference: https://github.com/trailofbits/slither/wiki/Detectors-Documentation#block-timestamp[0m
INFO:Detectors:[92m
ERC20Interface.totalSupply (/sb/0x43d4297f9d6c91d23a3e7e048c80d4f1fe7f2bbe.sol#3-4) should be declared external
ERC20Interface.balanceOf (/sb/0x43d4297f9d6c91d23a3e7e048c80d4f1fe7f2bbe.sol#4-5) should be declared external
ERC20Interface.allowance (/sb/0x43d4297f9d6c91d23a3e7e048c80d4f1fe7f2bbe.sol#5-6) should be declared external
ERC20Interface.transfer (/sb/0x43d4297f9d6c91d23a3e7e048c80d4f1fe7f2bbe.sol#6-7) should be declared external
ERC20Interface.approve (/sb/0x43d4297f9d6c91d23a3e7e048c80d4f1fe7f2bbe.sol#7-8) should be declared external
ERC20Interface.transferFrom (/sb/0x43d4297f9d6c91d23a3e7e048c80d4f1fe7f2bbe.sol#8-10) should be declared external
TokenTimelock.release (/sb/0x43d4297f9d6c91d23a3e7e048c80d4f1fe7f2bbe.sol#36-44) should be declared external
Reference: https://github.com/trailofbits/slither/wiki/Detectors-Documentation#public-function-that-could-be-declared-as-external[0m
INFO:Detectors:[92m
Detected issues with version pragma in /sb/0x43d4297f9d6c91d23a3e7e048c80d4f1fe7f2bbe.sol:
	- pragma solidity^0.4.18 (/sb/0x43d4297f9d6c91d23a3e7e048c80d4f1fe7f2bbe.sol#1): it allows old versions
Reference: https://github.com/trailofbits/slither/wiki/Detectors-Documentation#incorrect-version-of-solidity[0m
INFO:Detectors:[92m
Parameter '_token' of TokenTimelock. (/sb/0x43d4297f9d6c91d23a3e7e048c80d4f1fe7f2bbe.sol#23) is not in mixedCase
Parameter '_beneficiary' of TokenTimelock. (/sb/0x43d4297f9d6c91d23a3e7e048c80d4f1fe7f2bbe.sol#23) is not in mixedCase
Parameter '_releaseTime' of TokenTimelock. (/sb/0x43d4297f9d6c91d23a3e7e048c80d4f1fe7f2bbe.sol#23-25) is not in mixedCase
Reference: https://github.com/trailofbits/slither/wiki/Detectors-Documentation#conformance-to-solidity-naming-conventions[0m
INFO:Slither:/sb/0x43d4297f9d6c91d23a3e7e048c80d4f1fe7f2bbe.sol analyzed (2 contracts), 14 result(s) found
