INFO:Slither:Compilation warnings/errors on /sb/0x313df3fac623a824c8e64b4c47cf62fe0b75809e.sol:
/sb/0x313df3fac623a824c8e64b4c47cf62fe0b75809e.sol:241:3: Warning: Defining constructors as functions with the same name as the contract is deprecated. Use "constructor(...) { ... }" instead.
  function SimpleToken() public {
  ^ (Relevant source part starts here and spans across multiple lines).
/sb/0x313df3fac623a824c8e64b4c47cf62fe0b75809e.sol:267:3: Warning: Defining constructors as functions with the same name as the contract is deprecated. Use "constructor(...) { ... }" instead.
  function Ownable() public {
  ^ (Relevant source part starts here and spans across multiple lines).
/sb/0x313df3fac623a824c8e64b4c47cf62fe0b75809e.sol:309:5: Warning: Defining constructors as functions with the same name as the contract is deprecated. Use "constructor(...) { ... }" instead.
    function LockedOutTokens(
    ^ (Relevant source part starts here and spans across multiple lines).
/sb/0x313df3fac623a824c8e64b4c47cf62fe0b75809e.sol:416:5: Warning: Defining constructors as functions with the same name as the contract is deprecated. Use "constructor(...) { ... }" instead.
    function TiqpitToken (address _ico) public {
    ^ (Relevant source part starts here and spans across multiple lines).
/sb/0x313df3fac623a824c8e64b4c47cf62fe0b75809e.sol:551:5: Warning: Defining constructors as functions with the same name as the contract is deprecated. Use "constructor(...) { ... }" instead.
    function Whitelistable() public {
    ^ (Relevant source part starts here and spans across multiple lines).
/sb/0x313df3fac623a824c8e64b4c47cf62fe0b75809e.sol:634:5: Warning: Defining constructors as functions with the same name as the contract is deprecated. Use "constructor(...) { ... }" instead.
    function TiqpitCrowdsale(
    ^ (Relevant source part starts here and spans across multiple lines).
/sb/0x313df3fac623a824c8e64b4c47cf62fe0b75809e.sol:97:5: Warning: Invoking events without "emit" prefix is deprecated.
    Transfer(msg.sender, _to, _value);
    ^-------------------------------^
/sb/0x313df3fac623a824c8e64b4c47cf62fe0b75809e.sol:153:5: Warning: Invoking events without "emit" prefix is deprecated.
    Transfer(_from, _to, _value);
    ^--------------------------^
/sb/0x313df3fac623a824c8e64b4c47cf62fe0b75809e.sol:169:5: Warning: Invoking events without "emit" prefix is deprecated.
    Approval(msg.sender, _spender, _value);
    ^------------------------------------^
/sb/0x313df3fac623a824c8e64b4c47cf62fe0b75809e.sol:195:5: Warning: Invoking events without "emit" prefix is deprecated.
    Approval(msg.sender, _spender, allowed[msg.sender][_spender]);
    ^-----------------------------------------------------------^
/sb/0x313df3fac623a824c8e64b4c47cf62fe0b75809e.sol:216:5: Warning: Invoking events without "emit" prefix is deprecated.
    Approval(msg.sender, _spender, allowed[msg.sender][_spender]);
    ^-----------------------------------------------------------^
/sb/0x313df3fac623a824c8e64b4c47cf62fe0b75809e.sol:244:5: Warning: Invoking events without "emit" prefix is deprecated.
    Transfer(0x0, msg.sender, INITIAL_SUPPLY);
    ^---------------------------------------^
/sb/0x313df3fac623a824c8e64b4c47cf62fe0b75809e.sol:285:5: Warning: Invoking events without "emit" prefix is deprecated.
    OwnershipTransferred(owner, newOwner);
    ^-----------------------------------^
/sb/0x313df3fac623a824c8e64b4c47cf62fe0b75809e.sol:380:5: Warning: Invoking events without "emit" prefix is deprecated.
    Pause();
    ^-----^
/sb/0x313df3fac623a824c8e64b4c47cf62fe0b75809e.sol:388:5: Warning: Invoking events without "emit" prefix is deprecated.
    Unpause();
    ^-------^
/sb/0x313df3fac623a824c8e64b4c47cf62fe0b75809e.sol:423:9: Warning: Invoking events without "emit" prefix is deprecated.
        Transfer(address(0), _ico, INITIAL_TOTAL_SUPPLY);
        ^----------------------------------------------^
/sb/0x313df3fac623a824c8e64b4c47cf62fe0b75809e.sol:471:9: Warning: Invoking events without "emit" prefix is deprecated.
        Transfer(_from, address(0), amount);
        ^---------------------------------^
/sb/0x313df3fac623a824c8e64b4c47cf62fe0b75809e.sol:710:62: Warning: Using "years" as a unit denomination is deprecated.
        lockTokens(foundersWallet, RESERVED_TOKENS_FOUNDERS, 1 years);
                                                             ^-----^
/sb/0x313df3fac623a824c8e64b4c47cf62fe0b75809e.sol:884:32: Warning: Using contract member "balance" inherited from the address type is deprecated. Convert the contract to "address" type to access the member, for example use "address(contract).balance" instead.
                owner.transfer(this.balance);
                               ^----------^
/sb/0x313df3fac623a824c8e64b4c47cf62fe0b75809e.sol:892:32: Warning: Using contract member "balance" inherited from the address type is deprecated. Convert the contract to "address" type to access the member, for example use "address(contract).balance" instead.
                owner.transfer(this.balance);
                               ^----------^
/sb/0x313df3fac623a824c8e64b4c47cf62fe0b75809e.sol:309:5: Warning: No visibility specified. Defaulting to "public". 
    function LockedOutTokens(
    ^ (Relevant source part starts here and spans across multiple lines).

INFO:Detectors:[91m
Reentrancy in TiqpitCrowdsale.sellTokens (/sb/0x313df3fac623a824c8e64b4c47cf62fe0b75809e.sol#863-913):
	External calls:
	- token.transferFromIco(msg.sender,tokensAmount) (/sb/0x313df3fac623a824c8e64b4c47cf62fe0b75809e.sol#903-904)
	External calls sending eth:
	- msg.sender.transfer(overpaidWei) (/sb/0x313df3fac623a824c8e64b4c47cf62fe0b75809e.sol#901-903)
	State variables written after the call(s):
	- soldTokensPreIco (/sb/0x313df3fac623a824c8e64b4c47cf62fe0b75809e.sol#904-905)
	- tokensRemainingPreIco (/sb/0x313df3fac623a824c8e64b4c47cf62fe0b75809e.sol#904-905)
Reentrancy in TiqpitCrowdsale.sellTokens (/sb/0x313df3fac623a824c8e64b4c47cf62fe0b75809e.sol#863-913):
	External calls:
	- token.transferFromIco(msg.sender,tokensAmount) (/sb/0x313df3fac623a824c8e64b4c47cf62fe0b75809e.sol#903-904)
	External calls sending eth:
	- msg.sender.transfer(overpaidWei) (/sb/0x313df3fac623a824c8e64b4c47cf62fe0b75809e.sol#901-903)
	- owner.transfer(this.balance) (/sb/0x313df3fac623a824c8e64b4c47cf62fe0b75809e.sol#905-907)
	State variables written after the call(s):
	- tokensRemainingIco (/sb/0x313df3fac623a824c8e64b4c47cf62fe0b75809e.sol#908-910)
Reference: https://github.com/trailofbits/slither/wiki/Detectors-Documentation#reentrancy-vulnerabilities[0m
INFO:Detectors:[93m
Reentrancy in TiqpitCrowdsale.burnRemainingTokens (/sb/0x313df3fac623a824c8e64b4c47cf62fe0b75809e.sol#710-717):
	External calls:
	- token.burnFromAddress(this) (/sb/0x313df3fac623a824c8e64b4c47cf62fe0b75809e.sol#716-717)
	State variables written after the call(s):
	- tokensRemainingIco (/sb/0x313df3fac623a824c8e64b4c47cf62fe0b75809e.sol#717)
Reentrancy in TiqpitCrowdsale.initialDistribution (/sb/0x313df3fac623a824c8e64b4c47cf62fe0b75809e.sol#720-732):
	External calls:
	- token.transferFromIco(bountyWallet,RESERVED_TOKENS_BOUNTY) (/sb/0x313df3fac623a824c8e64b4c47cf62fe0b75809e.sol#724-725)
	- token.transferFromIco(advisorsWallet,RESERVED_TOKENS_ADVISORS) (/sb/0x313df3fac623a824c8e64b4c47cf62fe0b75809e.sol#725-727)
	- token.transferFromIco(tiqpitSolutionsWallet,RESERVED_TOKENS_TIQPIT_SOLUTIONS) (/sb/0x313df3fac623a824c8e64b4c47cf62fe0b75809e.sol#727-728)
	- lockTokens(foundersWallet,RESERVED_TOKENS_FOUNDERS,220752000) (/sb/0x313df3fac623a824c8e64b4c47cf62fe0b75809e.sol#728-732)
	State variables written after the call(s):
	- isInitialDistributionDone (/sb/0x313df3fac623a824c8e64b4c47cf62fe0b75809e.sol#732)
Reentrancy in TiqpitCrowdsale.manualSendTokens (/sb/0x313df3fac623a824c8e64b4c47cf62fe0b75809e.sol#804-829):
	External calls:
	- token.transferFromIco(_address,_tokensAmount) (/sb/0x313df3fac623a824c8e64b4c47cf62fe0b75809e.sol#813-816)
	State variables written after the call(s):
	- tokensRemainingPreIco (/sb/0x313df3fac623a824c8e64b4c47cf62fe0b75809e.sol#816)
Reentrancy in TiqpitCrowdsale.manualSendTokens (/sb/0x313df3fac623a824c8e64b4c47cf62fe0b75809e.sol#804-829):
	External calls:
	- token.transferFromIco(_address,_tokensAmount) (/sb/0x313df3fac623a824c8e64b4c47cf62fe0b75809e.sol#824)
	State variables written after the call(s):
	- tokensRemainingIco (/sb/0x313df3fac623a824c8e64b4c47cf62fe0b75809e.sol#825)
Reference: https://github.com/trailofbits/slither/wiki/Detectors-Documentation#reentrancy-vulnerabilities-1[0m
INFO:Detectors:[93m
LockedOutTokens.grant (/sb/0x313df3fac623a824c8e64b4c47cf62fe0b75809e.sol#342-360) does not use the value returned by external calls:
	-token.transfer(wallet,trancheSize) (/sb/0x313df3fac623a824c8e64b4c47cf62fe0b75809e.sol#360)
TiqpitCrowdsale.initialDistribution (/sb/0x313df3fac623a824c8e64b4c47cf62fe0b75809e.sol#720-732) does not use the value returned by external calls:
	-token.transferFromIco(bountyWallet,RESERVED_TOKENS_BOUNTY) (/sb/0x313df3fac623a824c8e64b4c47cf62fe0b75809e.sol#724-725)
	-token.transferFromIco(advisorsWallet,RESERVED_TOKENS_ADVISORS) (/sb/0x313df3fac623a824c8e64b4c47cf62fe0b75809e.sol#725-727)
	-token.transferFromIco(tiqpitSolutionsWallet,RESERVED_TOKENS_TIQPIT_SOLUTIONS) (/sb/0x313df3fac623a824c8e64b4c47cf62fe0b75809e.sol#727-728)
TiqpitCrowdsale.manualSendTokens (/sb/0x313df3fac623a824c8e64b4c47cf62fe0b75809e.sol#804-829) does not use the value returned by external calls:
	-token.transferFromIco(_address,_tokensAmount) (/sb/0x313df3fac623a824c8e64b4c47cf62fe0b75809e.sol#813-816)
	-token.transferFromIco(_address,_tokensAmount) (/sb/0x313df3fac623a824c8e64b4c47cf62fe0b75809e.sol#824)
TiqpitCrowdsale.sellTokens (/sb/0x313df3fac623a824c8e64b4c47cf62fe0b75809e.sol#863-913) does not use the value returned by external calls:
	-token.transferFromIco(msg.sender,tokensAmount) (/sb/0x313df3fac623a824c8e64b4c47cf62fe0b75809e.sol#903-904)
TiqpitCrowdsale.lockTokens (/sb/0x313df3fac623a824c8e64b4c47cf62fe0b75809e.sol) does not use the value returned by external calls:
	-token.transferFromIco(locked,_amount) (/sb/0x313df3fac623a824c8e64b4c47cf62fe0b75809e.sol)
Reference: https://github.com/trailofbits/slither/wiki/Detectors-Documentation#unused-return[0m
INFO:Detectors:[92m
Reentrancy in TiqpitCrowdsale.initialDistribution (/sb/0x313df3fac623a824c8e64b4c47cf62fe0b75809e.sol#720-732):
	External calls:
	- token.transferFromIco(bountyWallet,RESERVED_TOKENS_BOUNTY) (/sb/0x313df3fac623a824c8e64b4c47cf62fe0b75809e.sol#724-725)
	- token.transferFromIco(advisorsWallet,RESERVED_TOKENS_ADVISORS) (/sb/0x313df3fac623a824c8e64b4c47cf62fe0b75809e.sol#725-727)
	- token.transferFromIco(tiqpitSolutionsWallet,RESERVED_TOKENS_TIQPIT_SOLUTIONS) (/sb/0x313df3fac623a824c8e64b4c47cf62fe0b75809e.sol#727-728)
	- lockTokens(foundersWallet,RESERVED_TOKENS_FOUNDERS,220752000) (/sb/0x313df3fac623a824c8e64b4c47cf62fe0b75809e.sol#728-732)
	State variables written after the call(s):
	- lockedList (/sb/0x313df3fac623a824c8e64b4c47cf62fe0b75809e.sol#728-732)
Reentrancy in TiqpitCrowdsale.manualSendTokens (/sb/0x313df3fac623a824c8e64b4c47cf62fe0b75809e.sol#804-829):
	External calls:
	- token.transferFromIco(_address,_tokensAmount) (/sb/0x313df3fac623a824c8e64b4c47cf62fe0b75809e.sol#813-816)
	State variables written after the call(s):
	- preIcoPurchases (/sb/0x313df3fac623a824c8e64b4c47cf62fe0b75809e.sol#816)
	- soldTokensPreIco (/sb/0x313df3fac623a824c8e64b4c47cf62fe0b75809e.sol#816)
	- soldTokensTotal (/sb/0x313df3fac623a824c8e64b4c47cf62fe0b75809e.sol#816)
	- weiRaisedPreIco (/sb/0x313df3fac623a824c8e64b4c47cf62fe0b75809e.sol#816)
	- weiRaisedTotal (/sb/0x313df3fac623a824c8e64b4c47cf62fe0b75809e.sol#816)
Reentrancy in TiqpitCrowdsale.manualSendTokens (/sb/0x313df3fac623a824c8e64b4c47cf62fe0b75809e.sol#804-829):
	External calls:
	- token.transferFromIco(_address,_tokensAmount) (/sb/0x313df3fac623a824c8e64b4c47cf62fe0b75809e.sol#824)
	State variables written after the call(s):
	- icoPurchases (/sb/0x313df3fac623a824c8e64b4c47cf62fe0b75809e.sol#825)
	- soldTokensIco (/sb/0x313df3fac623a824c8e64b4c47cf62fe0b75809e.sol#825)
	- soldTokensTotal (/sb/0x313df3fac623a824c8e64b4c47cf62fe0b75809e.sol#825)
	- weiRaisedIco (/sb/0x313df3fac623a824c8e64b4c47cf62fe0b75809e.sol#825)
	- weiRaisedTotal (/sb/0x313df3fac623a824c8e64b4c47cf62fe0b75809e.sol#825)
Reentrancy in TiqpitCrowdsale.sellTokens (/sb/0x313df3fac623a824c8e64b4c47cf62fe0b75809e.sol#863-913):
	External calls:
	- token.transferFromIco(msg.sender,tokensAmount) (/sb/0x313df3fac623a824c8e64b4c47cf62fe0b75809e.sol#903-904)
	External calls sending eth:
	- msg.sender.transfer(overpaidWei) (/sb/0x313df3fac623a824c8e64b4c47cf62fe0b75809e.sol#901-903)
	State variables written after the call(s):
	- preIcoPurchases (/sb/0x313df3fac623a824c8e64b4c47cf62fe0b75809e.sol#904-905)
	- soldTokensTotal (/sb/0x313df3fac623a824c8e64b4c47cf62fe0b75809e.sol#904-905)
	- weiRaisedPreIco (/sb/0x313df3fac623a824c8e64b4c47cf62fe0b75809e.sol#904-905)
	- weiRaisedTotal (/sb/0x313df3fac623a824c8e64b4c47cf62fe0b75809e.sol#904-905)
Reentrancy in TiqpitCrowdsale.sellTokens (/sb/0x313df3fac623a824c8e64b4c47cf62fe0b75809e.sol#863-913):
	External calls:
	- token.transferFromIco(msg.sender,tokensAmount) (/sb/0x313df3fac623a824c8e64b4c47cf62fe0b75809e.sol#903-904)
	External calls sending eth:
	- msg.sender.transfer(overpaidWei) (/sb/0x313df3fac623a824c8e64b4c47cf62fe0b75809e.sol#901-903)
	- owner.transfer(this.balance) (/sb/0x313df3fac623a824c8e64b4c47cf62fe0b75809e.sol#905-907)
	State variables written after the call(s):
	- icoPurchases (/sb/0x313df3fac623a824c8e64b4c47cf62fe0b75809e.sol#908-910)
	- soldTokensIco (/sb/0x313df3fac623a824c8e64b4c47cf62fe0b75809e.sol#908-910)
	- soldTokensTotal (/sb/0x313df3fac623a824c8e64b4c47cf62fe0b75809e.sol#908-910)
	- weiRaisedIco (/sb/0x313df3fac623a824c8e64b4c47cf62fe0b75809e.sol#908-910)
	- weiRaisedTotal (/sb/0x313df3fac623a824c8e64b4c47cf62fe0b75809e.sol#908-910)
Reference: https://github.com/trailofbits/slither/wiki/Detectors-Documentation#reentrancy-vulnerabilities-2[0m
INFO:Detectors:[92m
TiqpitCrowdsale.firstRate should be constant (/sb/0x313df3fac623a824c8e64b4c47cf62fe0b75809e.sol#603)
TiqpitCrowdsale.preIcoRate should be constant (/sb/0x313df3fac623a824c8e64b4c47cf62fe0b75809e.sol#598-600)
TiqpitCrowdsale.secondRate should be constant (/sb/0x313df3fac623a824c8e64b4c47cf62fe0b75809e.sol#605-606)
TiqpitCrowdsale.thirdRate should be constant (/sb/0x313df3fac623a824c8e64b4c47cf62fe0b75809e.sol#607)
Reference: https://github.com/trailofbits/slither/wiki/Detectors-Documentation#state-variables-that-could-be-declared-constant[0m
INFO:Detectors:[92m
BasicToken.totalSupply (/sb/0x313df3fac623a824c8e64b4c47cf62fe0b75809e.sol#83-87) should be declared external
ERC20Basic.totalSupply (/sb/0x313df3fac623a824c8e64b4c47cf62fe0b75809e.sol#60) should be declared external
ERC20Basic.balanceOf (/sb/0x313df3fac623a824c8e64b4c47cf62fe0b75809e.sol#60-61) should be declared external
BasicToken.balanceOf (/sb/0x313df3fac623a824c8e64b4c47cf62fe0b75809e.sol#108-116) should be declared external
ERC20.allowance (/sb/0x313df3fac623a824c8e64b4c47cf62fe0b75809e.sol#120-121) should be declared external
StandardToken.allowance (/sb/0x313df3fac623a824c8e64b4c47cf62fe0b75809e.sol#184-187) should be declared external
ERC20.approve (/sb/0x313df3fac623a824c8e64b4c47cf62fe0b75809e.sol#122-125) should be declared external
StandardToken.approve (/sb/0x313df3fac623a824c8e64b4c47cf62fe0b75809e.sol#170-176) should be declared external
StandardToken.increaseApproval (/sb/0x313df3fac623a824c8e64b4c47cf62fe0b75809e.sol#195-203) should be declared external
StandardToken.decreaseApproval (/sb/0x313df3fac623a824c8e64b4c47cf62fe0b75809e.sol#212-227) should be declared external
Ownable.transferOwnership (/sb/0x313df3fac623a824c8e64b4c47cf62fe0b75809e.sol#297-305) should be declared external
LockedOutTokens.grant (/sb/0x313df3fac623a824c8e64b4c47cf62fe0b75809e.sol#342-360) should be declared external
Pausable.unpause (/sb/0x313df3fac623a824c8e64b4c47cf62fe0b75809e.sol#401-403) should be declared external
TiqpitToken.transferFromIco (/sb/0x313df3fac623a824c8e64b4c47cf62fe0b75809e.sol#465-470) should be declared external
TiqpitToken.burnFromAddress (/sb/0x313df3fac623a824c8e64b4c47cf62fe0b75809e.sol#479-493) should be declared external
Whitelist.addWallet (/sb/0x313df3fac623a824c8e64b4c47cf62fe0b75809e.sol#506-514) should be declared external
Whitelist.removeWallet (/sb/0x313df3fac623a824c8e64b4c47cf62fe0b75809e.sol#521-525) should be declared external
Whitelist.setBackendAddress (/sb/0x313df3fac623a824c8e64b4c47cf62fe0b75809e.sol#543-551) should be declared external
TiqpitCrowdsale.fallback (/sb/0x313df3fac623a824c8e64b4c47cf62fe0b75809e.sol#695-699) should be declared external
TiqpitCrowdsale.burnRemainingTokens (/sb/0x313df3fac623a824c8e64b4c47cf62fe0b75809e.sol#710-717) should be declared external
TiqpitCrowdsale.initialDistribution (/sb/0x313df3fac623a824c8e64b4c47cf62fe0b75809e.sol#720-732) should be declared external
TiqpitCrowdsale.getIcoPurchase (/sb/0x313df3fac623a824c8e64b4c47cf62fe0b75809e.sol#737-740) should be declared external
TiqpitCrowdsale.getPreIcoPurchase (/sb/0x313df3fac623a824c8e64b4c47cf62fe0b75809e.sol#745-754) should be declared external
TiqpitCrowdsale.refundPreIco (/sb/0x313df3fac623a824c8e64b4c47cf62fe0b75809e.sol#756-772) should be declared external
TiqpitCrowdsale.refundIco (/sb/0x313df3fac623a824c8e64b4c47cf62fe0b75809e.sol#772-786) should be declared external
TiqpitCrowdsale.burnTokens (/sb/0x313df3fac623a824c8e64b4c47cf62fe0b75809e.sol#789-796) should be declared external
TiqpitCrowdsale.manualSendTokens (/sb/0x313df3fac623a824c8e64b4c47cf62fe0b75809e.sol#804-829) should be declared external
TiqpitCrowdsale.getLockedContractAddress (/sb/0x313df3fac623a824c8e64b4c47cf62fe0b75809e.sol#829-835) should be declared external
TiqpitCrowdsale.triggerFailFlags (/sb/0x313df3fac623a824c8e64b4c47cf62fe0b75809e.sol#839-848) should be declared external
TiqpitCrowdsale.setBackendAddress (/sb/0x313df3fac623a824c8e64b4c47cf62fe0b75809e.sol) should be declared external
Reference: https://github.com/trailofbits/slither/wiki/Detectors-Documentation#public-function-that-could-be-declared-as-external[0m
INFO:Detectors:[92m
Detected issues with version pragma in /sb/0x313df3fac623a824c8e64b4c47cf62fe0b75809e.sol:
	- pragma solidity^0.4.18 (/sb/0x313df3fac623a824c8e64b4c47cf62fe0b75809e.sol#1): it allows old versions
Reference: https://github.com/trailofbits/slither/wiki/Detectors-Documentation#incorrect-version-of-solidity[0m
INFO:Detectors:[92m
Parameter '_owner' of BasicToken.balanceOf (/sb/0x313df3fac623a824c8e64b4c47cf62fe0b75809e.sol#112) is not in mixedCase
Parameter '_to' of BasicToken.transfer (/sb/0x313df3fac623a824c8e64b4c47cf62fe0b75809e.sol#92) is not in mixedCase
Parameter '_value' of BasicToken.transfer (/sb/0x313df3fac623a824c8e64b4c47cf62fe0b75809e.sol#92) is not in mixedCase
Parameter '_owner' of StandardToken.allowance (/sb/0x313df3fac623a824c8e64b4c47cf62fe0b75809e.sol#184-185) is not in mixedCase
Parameter '_spender' of StandardToken.allowance (/sb/0x313df3fac623a824c8e64b4c47cf62fe0b75809e.sol#185-186) is not in mixedCase
Parameter '_from' of StandardToken.transferFrom (/sb/0x313df3fac623a824c8e64b4c47cf62fe0b75809e.sol#148) is not in mixedCase
Parameter '_to' of StandardToken.transferFrom (/sb/0x313df3fac623a824c8e64b4c47cf62fe0b75809e.sol#148) is not in mixedCase
Parameter '_value' of StandardToken.transferFrom (/sb/0x313df3fac623a824c8e64b4c47cf62fe0b75809e.sol#148) is not in mixedCase
Parameter '_spender' of StandardToken.approve (/sb/0x313df3fac623a824c8e64b4c47cf62fe0b75809e.sol#171-174) is not in mixedCase
Parameter '_value' of StandardToken.approve (/sb/0x313df3fac623a824c8e64b4c47cf62fe0b75809e.sol#174) is not in mixedCase
Parameter '_spender' of StandardToken.increaseApproval (/sb/0x313df3fac623a824c8e64b4c47cf62fe0b75809e.sol#195) is not in mixedCase
Parameter '_addedValue' of StandardToken.increaseApproval (/sb/0x313df3fac623a824c8e64b4c47cf62fe0b75809e.sol#195-196) is not in mixedCase
Parameter '_spender' of StandardToken.decreaseApproval (/sb/0x313df3fac623a824c8e64b4c47cf62fe0b75809e.sol#213-214) is not in mixedCase
Parameter '_subtractedValue' of StandardToken.decreaseApproval (/sb/0x313df3fac623a824c8e64b4c47cf62fe0b75809e.sol#214) is not in mixedCase
Function 'SimpleToken.SimpleToken' (/sb/0x313df3fac623a824c8e64b4c47cf62fe0b75809e.sol#252-254) is not in mixedCase
Function 'Ownable.Ownable' (/sb/0x313df3fac623a824c8e64b4c47cf62fe0b75809e.sol#280-281) is not in mixedCase
Function 'LockedOutTokens.LockedOutTokens' (/sb/0x313df3fac623a824c8e64b4c47cf62fe0b75809e.sol#319-342) is not in mixedCase
Parameter '_wallet' of LockedOutTokens.LockedOutTokens (/sb/0x313df3fac623a824c8e64b4c47cf62fe0b75809e.sol#320) is not in mixedCase
Parameter '_tokenAddress' of LockedOutTokens.LockedOutTokens (/sb/0x313df3fac623a824c8e64b4c47cf62fe0b75809e.sol#320-321) is not in mixedCase
Parameter '_startTimestamp' of LockedOutTokens.LockedOutTokens (/sb/0x313df3fac623a824c8e64b4c47cf62fe0b75809e.sol#321-322) is not in mixedCase
Parameter '_tranchesCount' of LockedOutTokens.LockedOutTokens (/sb/0x313df3fac623a824c8e64b4c47cf62fe0b75809e.sol#322-324) is not in mixedCase
Parameter '_trancheSize' of LockedOutTokens.LockedOutTokens (/sb/0x313df3fac623a824c8e64b4c47cf62fe0b75809e.sol#324-325) is not in mixedCase
Parameter '_periodSeconds' of LockedOutTokens.LockedOutTokens (/sb/0x313df3fac623a824c8e64b4c47cf62fe0b75809e.sol#325-326) is not in mixedCase
Parameter '_to' of TiqpitToken.transfer (/sb/0x313df3fac623a824c8e64b4c47cf62fe0b75809e.sol#443) is not in mixedCase
Parameter '_value' of TiqpitToken.transfer (/sb/0x313df3fac623a824c8e64b4c47cf62fe0b75809e.sol#443) is not in mixedCase
Parameter '_from' of TiqpitToken.transferFrom (/sb/0x313df3fac623a824c8e64b4c47cf62fe0b75809e.sol#457-459) is not in mixedCase
Parameter '_to' of TiqpitToken.transferFrom (/sb/0x313df3fac623a824c8e64b4c47cf62fe0b75809e.sol#459) is not in mixedCase
Parameter '_value' of TiqpitToken.transferFrom (/sb/0x313df3fac623a824c8e64b4c47cf62fe0b75809e.sol#459) is not in mixedCase
Function 'TiqpitToken.TiqpitToken' (/sb/0x313df3fac623a824c8e64b4c47cf62fe0b75809e.sol#430-439) is not in mixedCase
Parameter '_ico' of TiqpitToken.TiqpitToken (/sb/0x313df3fac623a824c8e64b4c47cf62fe0b75809e.sol#430) is not in mixedCase
Parameter '_to' of TiqpitToken.transferFromIco (/sb/0x313df3fac623a824c8e64b4c47cf62fe0b75809e.sol#466-467) is not in mixedCase
Parameter '_value' of TiqpitToken.transferFromIco (/sb/0x313df3fac623a824c8e64b4c47cf62fe0b75809e.sol#467) is not in mixedCase
Parameter '_from' of TiqpitToken.burnFromAddress (/sb/0x313df3fac623a824c8e64b4c47cf62fe0b75809e.sol#481) is not in mixedCase
Constant 'TiqpitToken.smallestUnitName' (/sb/0x313df3fac623a824c8e64b4c47cf62fe0b75809e.sol#416-417) is not in UPPER_CASE_WITH_UNDERSCORES
Parameter '_wallet' of Whitelist.addWallet (/sb/0x313df3fac623a824c8e64b4c47cf62fe0b75809e.sol#507) is not in mixedCase
Parameter '_wallet' of Whitelist.removeWallet (/sb/0x313df3fac623a824c8e64b4c47cf62fe0b75809e.sol#521-522) is not in mixedCase
Parameter '_wallet' of Whitelist.isWhitelisted (/sb/0x313df3fac623a824c8e64b4c47cf62fe0b75809e.sol#532) is not in mixedCase
Parameter '_backendAddress' of Whitelist.setBackendAddress (/sb/0x313df3fac623a824c8e64b4c47cf62fe0b75809e.sol#544) is not in mixedCase
Function 'Whitelistable.Whitelistable' (/sb/0x313df3fac623a824c8e64b4c47cf62fe0b75809e.sol#566-568) is not in mixedCase
Function 'TiqpitCrowdsale.TiqpitCrowdsale' (/sb/0x313df3fac623a824c8e64b4c47cf62fe0b75809e.sol#648-690) is not in mixedCase
Parameter '_startTimePreIco' of TiqpitCrowdsale.TiqpitCrowdsale (/sb/0x313df3fac623a824c8e64b4c47cf62fe0b75809e.sol#650-651) is not in mixedCase
Parameter '_endTimePreIco' of TiqpitCrowdsale.TiqpitCrowdsale (/sb/0x313df3fac623a824c8e64b4c47cf62fe0b75809e.sol#651) is not in mixedCase
Parameter '_startTimeIco' of TiqpitCrowdsale.TiqpitCrowdsale (/sb/0x313df3fac623a824c8e64b4c47cf62fe0b75809e.sol#653) is not in mixedCase
Parameter '_endTimeIco' of TiqpitCrowdsale.TiqpitCrowdsale (/sb/0x313df3fac623a824c8e64b4c47cf62fe0b75809e.sol#654) is not in mixedCase
Parameter '_foundersWallet' of TiqpitCrowdsale.TiqpitCrowdsale (/sb/0x313df3fac623a824c8e64b4c47cf62fe0b75809e.sol#654-656) is not in mixedCase
Parameter '_advisorsWallet' of TiqpitCrowdsale.TiqpitCrowdsale (/sb/0x313df3fac623a824c8e64b4c47cf62fe0b75809e.sol#656) is not in mixedCase
Parameter '_tiqpitSolutionsWallet' of TiqpitCrowdsale.TiqpitCrowdsale (/sb/0x313df3fac623a824c8e64b4c47cf62fe0b75809e.sol#657) is not in mixedCase
Parameter '_bountyWallet' of TiqpitCrowdsale.TiqpitCrowdsale (/sb/0x313df3fac623a824c8e64b4c47cf62fe0b75809e.sol#658) is not in mixedCase
Parameter '_address' of TiqpitCrowdsale.getIcoPurchase (/sb/0x313df3fac623a824c8e64b4c47cf62fe0b75809e.sol#737) is not in mixedCase
Parameter '_address' of TiqpitCrowdsale.getPreIcoPurchase (/sb/0x313df3fac623a824c8e64b4c47cf62fe0b75809e.sol#746-749) is not in mixedCase
Parameter '_address' of TiqpitCrowdsale.burnTokens (/sb/0x313df3fac623a824c8e64b4c47cf62fe0b75809e.sol#789) is not in mixedCase
Parameter '_address' of TiqpitCrowdsale.manualSendTokens (/sb/0x313df3fac623a824c8e64b4c47cf62fe0b75809e.sol#805) is not in mixedCase
Parameter '_tokensAmount' of TiqpitCrowdsale.manualSendTokens (/sb/0x313df3fac623a824c8e64b4c47cf62fe0b75809e.sol#805-809) is not in mixedCase
Parameter '_address' of TiqpitCrowdsale.addPreIcoPurchaseInfo (/sb/0x313df3fac623a824c8e64b4c47cf62fe0b75809e.sol#922) is not in mixedCase
Parameter '_amountWei' of TiqpitCrowdsale.addPreIcoPurchaseInfo (/sb/0x313df3fac623a824c8e64b4c47cf62fe0b75809e.sol#922) is not in mixedCase
Parameter '_amountTokens' of TiqpitCrowdsale.addPreIcoPurchaseInfo (/sb/0x313df3fac623a824c8e64b4c47cf62fe0b75809e.sol#922) is not in mixedCase
Parameter '_address' of TiqpitCrowdsale.addIcoPurchaseInfo (/sb/0x313df3fac623a824c8e64b4c47cf62fe0b75809e.sol#942) is not in mixedCase
Parameter '_amountWei' of TiqpitCrowdsale.addIcoPurchaseInfo (/sb/0x313df3fac623a824c8e64b4c47cf62fe0b75809e.sol#942) is not in mixedCase
Parameter '_amountTokens' of TiqpitCrowdsale.addIcoPurchaseInfo (/sb/0x313df3fac623a824c8e64b4c47cf62fe0b75809e.sol#942) is not in mixedCase
Parameter '_wallet' of TiqpitCrowdsale.lockTokens (/sb/0x313df3fac623a824c8e64b4c47cf62fe0b75809e.sol) is not in mixedCase
Parameter '_amount' of TiqpitCrowdsale.lockTokens (/sb/0x313df3fac623a824c8e64b4c47cf62fe0b75809e.sol) is not in mixedCase
Parameter '_time' of TiqpitCrowdsale.lockTokens (/sb/0x313df3fac623a824c8e64b4c47cf62fe0b75809e.sol) is not in mixedCase
Parameter '_backendAddress' of TiqpitCrowdsale.setBackendAddress (/sb/0x313df3fac623a824c8e64b4c47cf62fe0b75809e.sol) is not in mixedCase
Reference: https://github.com/trailofbits/slither/wiki/Detectors-Documentation#conformance-to-solidity-naming-conventions[0m
INFO:Detectors:[92m
TiqpitCrowdsale.DECIMALS (/sb/0x313df3fac623a824c8e64b4c47cf62fe0b75809e.sol#571) is never used in TiqpitCrowdsale
Reference: https://github.com/trailofbits/slither/wiki/Detectors-Documentation#unused-state-variables[0m
INFO:Slither:/sb/0x313df3fac623a824c8e64b4c47cf62fe0b75809e.sol analyzed (13 contracts), 112 result(s) found
