INFO:Slither:Compilation warnings/errors on /sb/0x42ccea04f823a130ff1a7603d9057b9fe2a25ac5.sol:
/sb/0x42ccea04f823a130ff1a7603d9057b9fe2a25ac5.sol:85:5: Warning: Functions in interfaces should be declared external.
    function transfer(address to, uint256 value) public returns (bool);
    ^-----------------------------------------------------------------^
/sb/0x42ccea04f823a130ff1a7603d9057b9fe2a25ac5.sol:87:5: Warning: Functions in interfaces should be declared external.
    function approve(address spender, uint256 value) public returns (bool);
    ^---------------------------------------------------------------------^
/sb/0x42ccea04f823a130ff1a7603d9057b9fe2a25ac5.sol:89:5: Warning: Functions in interfaces should be declared external.
    function transferFrom(address from, address to, uint256 value) public returns (bool);
    ^-----------------------------------------------------------------------------------^
/sb/0x42ccea04f823a130ff1a7603d9057b9fe2a25ac5.sol:91:5: Warning: Functions in interfaces should be declared external.
    function totalSupply() public view returns (uint256);
    ^---------------------------------------------------^
/sb/0x42ccea04f823a130ff1a7603d9057b9fe2a25ac5.sol:93:5: Warning: Functions in interfaces should be declared external.
    function balanceOf(address who) public view returns (uint256);
    ^------------------------------------------------------------^
/sb/0x42ccea04f823a130ff1a7603d9057b9fe2a25ac5.sol:95:5: Warning: Functions in interfaces should be declared external.
    function allowance(address owner, address spender) public view returns (uint256);
    ^-------------------------------------------------------------------------------^

INFO:Detectors:[93m
Address.isContract (/sb/0x42ccea04f823a130ff1a7603d9057b9fe2a25ac5.sol#61-75) is declared view but contains assembly code
Reference: https://github.com/trailofbits/slither/wiki/Detectors-Documentation#constant-functions-changing-the-state[0m
INFO:Detectors:[93m
ERC20._transfer (/sb/0x42ccea04f823a130ff1a7603d9057b9fe2a25ac5.sol#230-242) does not use the value returned by external calls:
	-IERC20Receiver(to).onERC20Received(from,value) (/sb/0x42ccea04f823a130ff1a7603d9057b9fe2a25ac5.sol#239-240)
Reference: https://github.com/trailofbits/slither/wiki/Detectors-Documentation#unused-return[0m
INFO:Detectors:[92m
TROENT.constructor.totalSupply (local variable @ /sb/0x42ccea04f823a130ff1a7603d9057b9fe2a25ac5.sol) shadows:
	- ERC20.totalSupply (function @ /sb/0x42ccea04f823a130ff1a7603d9057b9fe2a25ac5.sol#134-136)
	- IERC20.totalSupply (function @ /sb/0x42ccea04f823a130ff1a7603d9057b9fe2a25ac5.sol#93-95)
Reference: https://github.com/trailofbits/slither/wiki/Detectors-Documentation#local-variable-shadowing[0m
INFO:Detectors:[92m
Reentrancy in ERC20.transferFrom (/sb/0x42ccea04f823a130ff1a7603d9057b9fe2a25ac5.sol#186-193):
	External calls:
	- _transfer(from,to,value) (/sb/0x42ccea04f823a130ff1a7603d9057b9fe2a25ac5.sol#191)
	State variables written after the call(s):
	- _allowed (/sb/0x42ccea04f823a130ff1a7603d9057b9fe2a25ac5.sol#192)
Reference: https://github.com/trailofbits/slither/wiki/Detectors-Documentation#reentrancy-vulnerabilities-2[0m
INFO:Detectors:[92m
Address.isContract uses assembly (/sb/0x42ccea04f823a130ff1a7603d9057b9fe2a25ac5.sol#61-75)
	- /sb/0x42ccea04f823a130ff1a7603d9057b9fe2a25ac5.sol#70-75
Reference: https://github.com/trailofbits/slither/wiki/Detectors-Documentation#assembly-usage[0m
INFO:Detectors:[92m
IERC20Receiver.onERC20Received (/sb/0x42ccea04f823a130ff1a7603d9057b9fe2a25ac5.sol#75-81) should be declared external
ERC20.transfer (/sb/0x42ccea04f823a130ff1a7603d9057b9fe2a25ac5.sol#163-164) should be declared external
IERC20.transfer (/sb/0x42ccea04f823a130ff1a7603d9057b9fe2a25ac5.sol#87-89) should be declared external
ERC20.approve (/sb/0x42ccea04f823a130ff1a7603d9057b9fe2a25ac5.sol#177-178) should be declared external
IERC20.approve (/sb/0x42ccea04f823a130ff1a7603d9057b9fe2a25ac5.sol#89) should be declared external
ERC20.transferFrom (/sb/0x42ccea04f823a130ff1a7603d9057b9fe2a25ac5.sol#186-193) should be declared external
IERC20.transferFrom (/sb/0x42ccea04f823a130ff1a7603d9057b9fe2a25ac5.sol#91-93) should be declared external
IERC20.totalSupply (/sb/0x42ccea04f823a130ff1a7603d9057b9fe2a25ac5.sol#93-95) should be declared external
ERC20.totalSupply (/sb/0x42ccea04f823a130ff1a7603d9057b9fe2a25ac5.sol#134-136) should be declared external
ERC20.balanceOf (/sb/0x42ccea04f823a130ff1a7603d9057b9fe2a25ac5.sol#143-144) should be declared external
IERC20.balanceOf (/sb/0x42ccea04f823a130ff1a7603d9057b9fe2a25ac5.sol#95-97) should be declared external
IERC20.allowance (/sb/0x42ccea04f823a130ff1a7603d9057b9fe2a25ac5.sol#97-99) should be declared external
ERC20.allowance (/sb/0x42ccea04f823a130ff1a7603d9057b9fe2a25ac5.sol#153-155) should be declared external
ERC20.increaseAllowance (/sb/0x42ccea04f823a130ff1a7603d9057b9fe2a25ac5.sol#203-208) should be declared external
ERC20.decreaseAllowance (/sb/0x42ccea04f823a130ff1a7603d9057b9fe2a25ac5.sol#220-226) should be declared external
ERC20.burn (/sb/0x42ccea04f823a130ff1a7603d9057b9fe2a25ac5.sol#257-258) should be declared external
Reference: https://github.com/trailofbits/slither/wiki/Detectors-Documentation#public-function-that-could-be-declared-as-external[0m
INFO:Detectors:[92m
Function 'ERC20._transfer' (/sb/0x42ccea04f823a130ff1a7603d9057b9fe2a25ac5.sol#230-242) is not in mixedCase
Function 'ERC20._burn' (/sb/0x42ccea04f823a130ff1a7603d9057b9fe2a25ac5.sol#247-257) is not in mixedCase
Function 'ERC20._approve' (/sb/0x42ccea04f823a130ff1a7603d9057b9fe2a25ac5.sol#269-273) is not in mixedCase
Function 'ERC20._burnFrom' (/sb/0x42ccea04f823a130ff1a7603d9057b9fe2a25ac5.sol#286-293) is not in mixedCase
Variable 'ERC20._balances' (/sb/0x42ccea04f823a130ff1a7603d9057b9fe2a25ac5.sol#123-127) is not in mixedCase
Variable 'ERC20._totalSupply' (/sb/0x42ccea04f823a130ff1a7603d9057b9fe2a25ac5.sol#129) is not in mixedCase
Parameter '_name' of TROENT. (/sb/0x42ccea04f823a130ff1a7603d9057b9fe2a25ac5.sol) is not in mixedCase
Parameter '_symbol' of TROENT. (/sb/0x42ccea04f823a130ff1a7603d9057b9fe2a25ac5.sol) is not in mixedCase
Parameter '_decimals' of TROENT. (/sb/0x42ccea04f823a130ff1a7603d9057b9fe2a25ac5.sol) is not in mixedCase
Reference: https://github.com/trailofbits/slither/wiki/Detectors-Documentation#conformance-to-solidity-naming-conventions[0m
INFO:Slither:/sb/0x42ccea04f823a130ff1a7603d9057b9fe2a25ac5.sol analyzed (6 contracts), 30 result(s) found
