INFO:Detectors:[93m
Contract locking ether found in /sb/0x5d3c4c8a41de2fdd38df1ec365b2b0bc891fcb9f.sol:
	Contract MMTA has payable functions:
	 - fallback (/sb/0x5d3c4c8a41de2fdd38df1ec365b2b0bc891fcb9f.sol#191-192)
	But does not have a function to withdraw the ether
Reference: https://github.com/trailofbits/slither/wiki/Detectors-Documentation#contracts-that-lock-ether[0m
INFO:Detectors:[93m
MMTA.totalSupply (/sb/0x5d3c4c8a41de2fdd38df1ec365b2b0bc891fcb9f.sol#184-185) shadows:
	- ERC20Token.totalSupply (/sb/0x5d3c4c8a41de2fdd38df1ec365b2b0bc891fcb9f.sol#87-88)
Reference: https://github.com/trailofbits/slither/wiki/Detectors-Documentation#state-variable-shadowing-from-abstract-contracts[0m
INFO:Detectors:[92m
ERC20Token.totalSupply should be constant (/sb/0x5d3c4c8a41de2fdd38df1ec365b2b0bc891fcb9f.sol#87-88)
MMTA.decimals should be constant (/sb/0x5d3c4c8a41de2fdd38df1ec365b2b0bc891fcb9f.sol#183-184)
MMTA.name should be constant (/sb/0x5d3c4c8a41de2fdd38df1ec365b2b0bc891fcb9f.sol#182-183)
MMTA.symbol should be constant (/sb/0x5d3c4c8a41de2fdd38df1ec365b2b0bc891fcb9f.sol#183)
Reference: https://github.com/trailofbits/slither/wiki/Detectors-Documentation#state-variables-that-could-be-declared-constant[0m
INFO:Detectors:[92m
Owned.changeOwner (/sb/0x5d3c4c8a41de2fdd38df1ec365b2b0bc891fcb9f.sol#25-31) should be declared external
Owned.acceptNewOwner (/sb/0x5d3c4c8a41de2fdd38df1ec365b2b0bc891fcb9f.sol#32-40) should be declared external
tokenRecipient.receiveApproval (/sb/0x5d3c4c8a41de2fdd38df1ec365b2b0bc891fcb9f.sol#71-75) should be declared external
ERC20Token.balanceOf (/sb/0x5d3c4c8a41de2fdd38df1ec365b2b0bc891fcb9f.sol#91-92) should be declared external
standardToken.balanceOf (/sb/0x5d3c4c8a41de2fdd38df1ec365b2b0bc891fcb9f.sol#127-130) should be declared external
ERC20Token.transfer (/sb/0x5d3c4c8a41de2fdd38df1ec365b2b0bc891fcb9f.sol#97) should be declared external
standardToken.transfer (/sb/0x5d3c4c8a41de2fdd38df1ec365b2b0bc891fcb9f.sol#132-141) should be declared external
ERC20Token.transferFrom (/sb/0x5d3c4c8a41de2fdd38df1ec365b2b0bc891fcb9f.sol#104-105) should be declared external
standardToken.transferFrom (/sb/0x5d3c4c8a41de2fdd38df1ec365b2b0bc891fcb9f.sol#158-170) should be declared external
standardToken.allowance (/sb/0x5d3c4c8a41de2fdd38df1ec365b2b0bc891fcb9f.sol#175-180) should be declared external
ERC20Token.allowance (/sb/0x5d3c4c8a41de2fdd38df1ec365b2b0bc891fcb9f.sol#115-116) should be declared external
standardToken.approveAndCall (/sb/0x5d3c4c8a41de2fdd38df1ec365b2b0bc891fcb9f.sol#150-158) should be declared external
MMTA.fallback (/sb/0x5d3c4c8a41de2fdd38df1ec365b2b0bc891fcb9f.sol#191-192) should be declared external
Reference: https://github.com/trailofbits/slither/wiki/Detectors-Documentation#public-function-that-could-be-declared-as-external[0m
INFO:Detectors:[92m
Event 'Owned.updateOwner' (/sb/0x5d3c4c8a41de2fdd38df1ec365b2b0bc891fcb9f.sol#22-24) is not in CapWords
Parameter '_newOwner' of Owned.changeOwner (/sb/0x5d3c4c8a41de2fdd38df1ec365b2b0bc891fcb9f.sol#25) is not in mixedCase
Contract 'tokenRecipient' (/sb/0x5d3c4c8a41de2fdd38df1ec365b2b0bc891fcb9f.sol#71-75) is not in CapWords
Contract 'standardToken' (/sb/0x5d3c4c8a41de2fdd38df1ec365b2b0bc891fcb9f.sol#121-180) is not in CapWords
Parameter '_owner' of standardToken.balanceOf (/sb/0x5d3c4c8a41de2fdd38df1ec365b2b0bc891fcb9f.sol#127) is not in mixedCase
Parameter '_to' of standardToken.transfer (/sb/0x5d3c4c8a41de2fdd38df1ec365b2b0bc891fcb9f.sol#132) is not in mixedCase
Parameter '_value' of standardToken.transfer (/sb/0x5d3c4c8a41de2fdd38df1ec365b2b0bc891fcb9f.sol#132) is not in mixedCase
Parameter '_from' of standardToken.transferFrom (/sb/0x5d3c4c8a41de2fdd38df1ec365b2b0bc891fcb9f.sol#158) is not in mixedCase
Parameter '_to' of standardToken.transferFrom (/sb/0x5d3c4c8a41de2fdd38df1ec365b2b0bc891fcb9f.sol#158) is not in mixedCase
Parameter '_value' of standardToken.transferFrom (/sb/0x5d3c4c8a41de2fdd38df1ec365b2b0bc891fcb9f.sol#159) is not in mixedCase
Parameter '_spender' of standardToken.approve (/sb/0x5d3c4c8a41de2fdd38df1ec365b2b0bc891fcb9f.sol#143) is not in mixedCase
Parameter '_value' of standardToken.approve (/sb/0x5d3c4c8a41de2fdd38df1ec365b2b0bc891fcb9f.sol#143) is not in mixedCase
Parameter '_owner' of standardToken.allowance (/sb/0x5d3c4c8a41de2fdd38df1ec365b2b0bc891fcb9f.sol#175-176) is not in mixedCase
Parameter '_spender' of standardToken.allowance (/sb/0x5d3c4c8a41de2fdd38df1ec365b2b0bc891fcb9f.sol#176) is not in mixedCase
Parameter '_spender' of standardToken.approveAndCall (/sb/0x5d3c4c8a41de2fdd38df1ec365b2b0bc891fcb9f.sol#150) is not in mixedCase
Parameter '_value' of standardToken.approveAndCall (/sb/0x5d3c4c8a41de2fdd38df1ec365b2b0bc891fcb9f.sol#150) is not in mixedCase
Parameter '_extraData' of standardToken.approveAndCall (/sb/0x5d3c4c8a41de2fdd38df1ec365b2b0bc891fcb9f.sol#150) is not in mixedCase
Parameter '_tokenAlloc' of MMTA. (/sb/0x5d3c4c8a41de2fdd38df1ec365b2b0bc891fcb9f.sol#193-195) is not in mixedCase
Reference: https://github.com/trailofbits/slither/wiki/Detectors-Documentation#conformance-to-solidity-naming-conventions[0m
INFO:Slither:/sb/0x5d3c4c8a41de2fdd38df1ec365b2b0bc891fcb9f.sol analyzed (6 contracts), 34 result(s) found
