INFO:Detectors:[92m
LKDToken.decimals should be constant (/sb/0x9a585ca4959adfe3bcd3049c5f999bcc61280af6.sol)
LKDToken.name should be constant (/sb/0x9a585ca4959adfe3bcd3049c5f999bcc61280af6.sol)
LKDToken.symbol should be constant (/sb/0x9a585ca4959adfe3bcd3049c5f999bcc61280af6.sol)
Reference: https://github.com/trailofbits/slither/wiki/Detectors-Documentation#state-variables-that-could-be-declared-constant[0m
INFO:Detectors:[92m
ERC20.totalSupply (/sb/0x9a585ca4959adfe3bcd3049c5f999bcc61280af6.sol#130-132) should be declared external
IERC20.totalSupply (/sb/0x9a585ca4959adfe3bcd3049c5f999bcc61280af6.sol#12-14) should be declared external
IERC20.balanceOf (/sb/0x9a585ca4959adfe3bcd3049c5f999bcc61280af6.sol#14-16) should be declared external
ERC20.balanceOf (/sb/0x9a585ca4959adfe3bcd3049c5f999bcc61280af6.sol#139-140) should be declared external
ERC20.allowance (/sb/0x9a585ca4959adfe3bcd3049c5f999bcc61280af6.sol#152-160) should be declared external
IERC20.allowance (/sb/0x9a585ca4959adfe3bcd3049c5f999bcc61280af6.sol#16-19) should be declared external
IERC20.transfer (/sb/0x9a585ca4959adfe3bcd3049c5f999bcc61280af6.sol#19-21) should be declared external
ERC20.transfer (/sb/0x9a585ca4959adfe3bcd3049c5f999bcc61280af6.sol#164-172) should be declared external
ERC20.approve (/sb/0x9a585ca4959adfe3bcd3049c5f999bcc61280af6.sol#183-190) should be declared external
IERC20.approve (/sb/0x9a585ca4959adfe3bcd3049c5f999bcc61280af6.sol#21-24) should be declared external
ERC20.transferFrom (/sb/0x9a585ca4959adfe3bcd3049c5f999bcc61280af6.sol#202-215) should be declared external
IERC20.transferFrom (/sb/0x9a585ca4959adfe3bcd3049c5f999bcc61280af6.sol#24-28) should be declared external
ERC20.increaseAllowance (/sb/0x9a585ca4959adfe3bcd3049c5f999bcc61280af6.sol#231-239) should be declared external
ERC20.decreaseAllowance (/sb/0x9a585ca4959adfe3bcd3049c5f999bcc61280af6.sol#255-264) should be declared external
ERC20Burnable.burn (/sb/0x9a585ca4959adfe3bcd3049c5f999bcc61280af6.sol#327-328) should be declared external
ERC20Burnable.burnFrom (/sb/0x9a585ca4959adfe3bcd3049c5f999bcc61280af6.sol#340-343) should be declared external
Reference: https://github.com/trailofbits/slither/wiki/Detectors-Documentation#public-function-that-could-be-declared-as-external[0m
INFO:Detectors:[92m
Function 'ERC20._mint' (/sb/0x9a585ca4959adfe3bcd3049c5f999bcc61280af6.sol#275-280) is not in mixedCase
Function 'ERC20._burn' (/sb/0x9a585ca4959adfe3bcd3049c5f999bcc61280af6.sol#286-294) is not in mixedCase
Function 'ERC20._burnFrom' (/sb/0x9a585ca4959adfe3bcd3049c5f999bcc61280af6.sol#301-319) is not in mixedCase
Function 'ERC20Burnable._burn' (/sb/0x9a585ca4959adfe3bcd3049c5f999bcc61280af6.sol) is not in mixedCase
Reference: https://github.com/trailofbits/slither/wiki/Detectors-Documentation#conformance-to-solidity-naming-conventions[0m
INFO:Slither:/sb/0x9a585ca4959adfe3bcd3049c5f999bcc61280af6.sol analyzed (5 contracts), 21 result(s) found
