INFO:Detectors:[93m
DIP_Team_Transfer.getMyTokens (/sb/0x000adad69101420129a64715a1a52b7348c5e633.sol#134-148) does not use the value returned by external calls:
	-DIP_Token.transferFrom(myGrant.pool,msg.sender,amount) (/sb/0x000adad69101420129a64715a1a52b7348c5e633.sol#142-145)
Reference: https://github.com/trailofbits/slither/wiki/Detectors-Documentation#unused-return[0m
INFO:Detectors:[92m
DIP_Team_Transfer.Pool_B should be constant (/sb/0x000adad69101420129a64715a1a52b7348c5e633.sol#111-112)
DIP_Team_Transfer.Pool_C should be constant (/sb/0x000adad69101420129a64715a1a52b7348c5e633.sol#115)
Reference: https://github.com/trailofbits/slither/wiki/Detectors-Documentation#state-variables-that-could-be-declared-constant[0m
INFO:Detectors:[92m
Ownable.renounceOwnership (/sb/0x000adad69101420129a64715a1a52b7348c5e633.sol#77-82) should be declared external
Ownable.transferOwnership (/sb/0x000adad69101420129a64715a1a52b7348c5e633.sol#86-91) should be declared external
DIP_Team_Transfer.cleanUp (/sb/0x000adad69101420129a64715a1a52b7348c5e633.sol) should be declared external
Reference: https://github.com/trailofbits/slither/wiki/Detectors-Documentation#public-function-that-could-be-declared-as-external[0m
INFO:Detectors:[92m
Detected issues with version pragma in /sb/0x000adad69101420129a64715a1a52b7348c5e633.sol:
	- pragma solidity^0.5.0 (/sb/0x000adad69101420129a64715a1a52b7348c5e633.sol#1): it allows old versions
Reference: https://github.com/trailofbits/slither/wiki/Detectors-Documentation#incorrect-version-of-solidity[0m
INFO:Detectors:[92m
Function 'Ownable._transferOwnership' (/sb/0x000adad69101420129a64715a1a52b7348c5e633.sol#94-104) is not in mixedCase
Contract 'DIP_Team_Transfer' (/sb/0x000adad69101420129a64715a1a52b7348c5e633.sol#105-199) is not in CapWords
Struct 'DIP_Team_Transfer.grant' (/sb/0x000adad69101420129a64715a1a52b7348c5e633.sol#126-130) is not in CapWords
Variable 'DIP_Team_Transfer.DIP_Token' (/sb/0x000adad69101420129a64715a1a52b7348c5e633.sol#110) is not in mixedCase
Variable 'DIP_Team_Transfer.Pool_B' (/sb/0x000adad69101420129a64715a1a52b7348c5e633.sol#111-112) is not in mixedCase
Variable 'DIP_Team_Transfer.Pool_C' (/sb/0x000adad69101420129a64715a1a52b7348c5e633.sol#115) is not in mixedCase
Reference: https://github.com/trailofbits/slither/wiki/Detectors-Documentation#conformance-to-solidity-naming-conventions[0m
INFO:Slither:/sb/0x000adad69101420129a64715a1a52b7348c5e633.sol analyzed (3 contracts), 12 result(s) found
