INFO:Slither:Compilation warnings/errors on /sb/0x1a930f5fbd08d86c78cda6bd2d48e17a639880fe.sol:
/sb/0x1a930f5fbd08d86c78cda6bd2d48e17a639880fe.sol:34:3: Warning: Defining constructors as functions with the same name as the contract is deprecated. Use "constructor(...) { ... }" instead.
  function Ownable() {
  ^ (Relevant source part starts here and spans across multiple lines).
/sb/0x1a930f5fbd08d86c78cda6bd2d48e17a639880fe.sol:54:5: Warning: Invoking events without "emit" prefix is deprecated.
    OwnershipTransferred(owner, newOwner);
    ^-----------------------------------^
/sb/0x1a930f5fbd08d86c78cda6bd2d48e17a639880fe.sol:74:31: Warning: Using contract member "balance" inherited from the address type is deprecated. Convert the contract to "address" type to access the member, for example use "address(contract).balance" instead.
            _claimer.transfer(this.balance);
                              ^----------^
/sb/0x1a930f5fbd08d86c78cda6bd2d48e17a639880fe.sol:81:9: Warning: Invoking events without "emit" prefix is deprecated.
        ExtractedTokens(_token, _claimer, balance);
        ^----------------------------------------^
/sb/0x1a930f5fbd08d86c78cda6bd2d48e17a639880fe.sol:34:3: Warning: No visibility specified. Defaulting to "public". 
  function Ownable() {
  ^ (Relevant source part starts here and spans across multiple lines).

INFO:Detectors:[93m
HasNoTokens.extractTokens (/sb/0x1a930f5fbd08d86c78cda6bd2d48e17a639880fe.sol#72-89) does not use the value returned by external calls:
	-token.transfer(_claimer,balance) (/sb/0x1a930f5fbd08d86c78cda6bd2d48e17a639880fe.sol#81-87)
BountyDistribute.distributeTokens (/sb/0x1a930f5fbd08d86c78cda6bd2d48e17a639880fe.sol#91-100) does not use the value returned by external calls:
	-token.transfer(_to[i],_value[i]) (/sb/0x1a930f5fbd08d86c78cda6bd2d48e17a639880fe.sol)
Reference: https://github.com/trailofbits/slither/wiki/Detectors-Documentation#unused-return[0m
INFO:Detectors:[92m
BountyDistribute.distributeTokens has external calls inside a loop:
	- token.transfer(_to[i],_value[i]) (/sb/0x1a930f5fbd08d86c78cda6bd2d48e17a639880fe.sol)
Reference: https://github.com/trailofbits/slither/wiki/Detectors-Documentation/_edit#calls-inside-a-loop[0m
INFO:Detectors:[92m
ERC20.balanceOf (/sb/0x1a930f5fbd08d86c78cda6bd2d48e17a639880fe.sol#8-9) should be declared external
ERC20.transfer (/sb/0x1a930f5fbd08d86c78cda6bd2d48e17a639880fe.sol#9-10) should be declared external
ERC20.allowance (/sb/0x1a930f5fbd08d86c78cda6bd2d48e17a639880fe.sol#10-11) should be declared external
ERC20.transferFrom (/sb/0x1a930f5fbd08d86c78cda6bd2d48e17a639880fe.sol#11-12) should be declared external
ERC20.approve (/sb/0x1a930f5fbd08d86c78cda6bd2d48e17a639880fe.sol#12-13) should be declared external
Ownable.transferOwnership (/sb/0x1a930f5fbd08d86c78cda6bd2d48e17a639880fe.sol#52-64) should be declared external
HasNoTokens.extractTokens (/sb/0x1a930f5fbd08d86c78cda6bd2d48e17a639880fe.sol#72-89) should be declared external
Reference: https://github.com/trailofbits/slither/wiki/Detectors-Documentation#public-function-that-could-be-declared-as-external[0m
INFO:Detectors:[92m
Detected issues with version pragma in /sb/0x1a930f5fbd08d86c78cda6bd2d48e17a639880fe.sol:
	- pragma solidity^0.4.17 (/sb/0x1a930f5fbd08d86c78cda6bd2d48e17a639880fe.sol#1): it allows old versions
Reference: https://github.com/trailofbits/slither/wiki/Detectors-Documentation#incorrect-version-of-solidity[0m
INFO:Detectors:[92m
Function 'Ownable.Ownable' (/sb/0x1a930f5fbd08d86c78cda6bd2d48e17a639880fe.sol#35-40) is not in mixedCase
Parameter '_token' of HasNoTokens.extractTokens (/sb/0x1a930f5fbd08d86c78cda6bd2d48e17a639880fe.sol#73-74) is not in mixedCase
Parameter '_claimer' of HasNoTokens.extractTokens (/sb/0x1a930f5fbd08d86c78cda6bd2d48e17a639880fe.sol#74) is not in mixedCase
Parameter '_token' of BountyDistribute.distributeTokens (/sb/0x1a930f5fbd08d86c78cda6bd2d48e17a639880fe.sol#92) is not in mixedCase
Parameter '_to' of BountyDistribute.distributeTokens (/sb/0x1a930f5fbd08d86c78cda6bd2d48e17a639880fe.sol#92-94) is not in mixedCase
Parameter '_value' of BountyDistribute.distributeTokens (/sb/0x1a930f5fbd08d86c78cda6bd2d48e17a639880fe.sol#94) is not in mixedCase
Reference: https://github.com/trailofbits/slither/wiki/Detectors-Documentation#conformance-to-solidity-naming-conventions[0m
INFO:Slither:/sb/0x1a930f5fbd08d86c78cda6bd2d48e17a639880fe.sol analyzed (4 contracts), 17 result(s) found
