INFO:Slither:Compilation warnings/errors on /sb/0x117a4db782f29598d9627a57be5ed331f6aa446c.sol:
/sb/0x117a4db782f29598d9627a57be5ed331f6aa446c.sol:60:3: Warning: Defining constructors as functions with the same name as the contract is deprecated. Use "constructor(...) { ... }" instead.
  function Ownable() public {
  ^ (Relevant source part starts here and spans across multiple lines).
/sb/0x117a4db782f29598d9627a57be5ed331f6aa446c.sol:220:3: Warning: Defining constructors as functions with the same name as the contract is deprecated. Use "constructor(...) { ... }" instead.
  function BFDToken() public {
  ^ (Relevant source part starts here and spans across multiple lines).
/sb/0x117a4db782f29598d9627a57be5ed331f6aa446c.sol:78:5: Warning: Invoking events without "emit" prefix is deprecated.
    OwnershipTransferred(owner, newOwner);
    ^-----------------------------------^
/sb/0x117a4db782f29598d9627a57be5ed331f6aa446c.sol:113:5: Warning: Invoking events without "emit" prefix is deprecated.
    Transfer(msg.sender, _to, _value);
    ^-------------------------------^
/sb/0x117a4db782f29598d9627a57be5ed331f6aa446c.sol:157:5: Warning: Invoking events without "emit" prefix is deprecated.
    Transfer(_from, _to, _value);
    ^--------------------------^
/sb/0x117a4db782f29598d9627a57be5ed331f6aa446c.sol:173:5: Warning: Invoking events without "emit" prefix is deprecated.
    Approval(msg.sender, _spender, _value);
    ^------------------------------------^
/sb/0x117a4db782f29598d9627a57be5ed331f6aa446c.sol:195:5: Warning: Invoking events without "emit" prefix is deprecated.
    Approval(msg.sender, _spender, allowed[msg.sender][_spender]);
    ^-----------------------------------------------------------^
/sb/0x117a4db782f29598d9627a57be5ed331f6aa446c.sol:206:5: Warning: Invoking events without "emit" prefix is deprecated.
    Approval(msg.sender, _spender, allowed[msg.sender][_spender]);
    ^-----------------------------------------------------------^

INFO:Detectors:[93m
Contract locking ether found in /sb/0x117a4db782f29598d9627a57be5ed331f6aa446c.sol:
	Contract BFDToken has payable functions:
	 - fallback (/sb/0x117a4db782f29598d9627a57be5ed331f6aa446c.sol#235-237)
	But does not have a function to withdraw the ether
Reference: https://github.com/trailofbits/slither/wiki/Detectors-Documentation#contracts-that-lock-ether[0m
INFO:Detectors:[92m
BFDToken.decimals should be constant (/sb/0x117a4db782f29598d9627a57be5ed331f6aa446c.sol#226-228)
BFDToken.name should be constant (/sb/0x117a4db782f29598d9627a57be5ed331f6aa446c.sol#221-222)
BFDToken.symbol should be constant (/sb/0x117a4db782f29598d9627a57be5ed331f6aa446c.sol#222-226)
Reference: https://github.com/trailofbits/slither/wiki/Detectors-Documentation#state-variables-that-could-be-declared-constant[0m
INFO:Detectors:[92m
Ownable.transferOwnership (/sb/0x117a4db782f29598d9627a57be5ed331f6aa446c.sol#77-83) should be declared external
ERC20Basic.balanceOf (/sb/0x117a4db782f29598d9627a57be5ed331f6aa446c.sol#89-90) should be declared external
BasicToken.balanceOf (/sb/0x117a4db782f29598d9627a57be5ed331f6aa446c.sol#127-129) should be declared external
BasicToken.transfer (/sb/0x117a4db782f29598d9627a57be5ed331f6aa446c.sol#108-119) should be declared external
ERC20Basic.transfer (/sb/0x117a4db782f29598d9627a57be5ed331f6aa446c.sol#90-93) should be declared external
ERC20.allowance (/sb/0x117a4db782f29598d9627a57be5ed331f6aa446c.sol#132-133) should be declared external
StandardToken.allowance (/sb/0x117a4db782f29598d9627a57be5ed331f6aa446c.sol#188-190) should be declared external
ERC20.transferFrom (/sb/0x117a4db782f29598d9627a57be5ed331f6aa446c.sol#133-134) should be declared external
StandardToken.transferFrom (/sb/0x117a4db782f29598d9627a57be5ed331f6aa446c.sol#151-164) should be declared external
StandardToken.approve (/sb/0x117a4db782f29598d9627a57be5ed331f6aa446c.sol#174-180) should be declared external
ERC20.approve (/sb/0x117a4db782f29598d9627a57be5ed331f6aa446c.sol#134-137) should be declared external
StandardToken.increaseApproval (/sb/0x117a4db782f29598d9627a57be5ed331f6aa446c.sol#195-202) should be declared external
StandardToken.decreaseApproval (/sb/0x117a4db782f29598d9627a57be5ed331f6aa446c.sol#202-214) should be declared external
BFDToken.fallback (/sb/0x117a4db782f29598d9627a57be5ed331f6aa446c.sol#235-237) should be declared external
BFDToken.transferAnyERC20Token (/sb/0x117a4db782f29598d9627a57be5ed331f6aa446c.sol) should be declared external
Reference: https://github.com/trailofbits/slither/wiki/Detectors-Documentation#public-function-that-could-be-declared-as-external[0m
INFO:Detectors:[92m
Detected issues with version pragma in /sb/0x117a4db782f29598d9627a57be5ed331f6aa446c.sol:
	- pragma solidity^0.4.18 (/sb/0x117a4db782f29598d9627a57be5ed331f6aa446c.sol#1): it allows old versions
Reference: https://github.com/trailofbits/slither/wiki/Detectors-Documentation#incorrect-version-of-solidity[0m
INFO:Detectors:[92m
Function 'Ownable.Ownable' (/sb/0x117a4db782f29598d9627a57be5ed331f6aa446c.sol#64-65) is not in mixedCase
Parameter '_owner' of BasicToken.balanceOf (/sb/0x117a4db782f29598d9627a57be5ed331f6aa446c.sol#127) is not in mixedCase
Parameter '_to' of BasicToken.transfer (/sb/0x117a4db782f29598d9627a57be5ed331f6aa446c.sol#108) is not in mixedCase
Parameter '_value' of BasicToken.transfer (/sb/0x117a4db782f29598d9627a57be5ed331f6aa446c.sol#108-110) is not in mixedCase
Parameter '_owner' of StandardToken.allowance (/sb/0x117a4db782f29598d9627a57be5ed331f6aa446c.sol#188-189) is not in mixedCase
Parameter '_spender' of StandardToken.allowance (/sb/0x117a4db782f29598d9627a57be5ed331f6aa446c.sol#189) is not in mixedCase
Parameter '_from' of StandardToken.transferFrom (/sb/0x117a4db782f29598d9627a57be5ed331f6aa446c.sol#152) is not in mixedCase
Parameter '_to' of StandardToken.transferFrom (/sb/0x117a4db782f29598d9627a57be5ed331f6aa446c.sol#152) is not in mixedCase
Parameter '_value' of StandardToken.transferFrom (/sb/0x117a4db782f29598d9627a57be5ed331f6aa446c.sol#152) is not in mixedCase
Parameter '_spender' of StandardToken.approve (/sb/0x117a4db782f29598d9627a57be5ed331f6aa446c.sol#177-178) is not in mixedCase
Parameter '_value' of StandardToken.approve (/sb/0x117a4db782f29598d9627a57be5ed331f6aa446c.sol#178) is not in mixedCase
Parameter '_spender' of StandardToken.increaseApproval (/sb/0x117a4db782f29598d9627a57be5ed331f6aa446c.sol#195) is not in mixedCase
Parameter '_addedValue' of StandardToken.increaseApproval (/sb/0x117a4db782f29598d9627a57be5ed331f6aa446c.sol#195-196) is not in mixedCase
Parameter '_spender' of StandardToken.decreaseApproval (/sb/0x117a4db782f29598d9627a57be5ed331f6aa446c.sol#203-204) is not in mixedCase
Parameter '_subtractedValue' of StandardToken.decreaseApproval (/sb/0x117a4db782f29598d9627a57be5ed331f6aa446c.sol#204) is not in mixedCase
Function 'BFDToken.BFDToken' (/sb/0x117a4db782f29598d9627a57be5ed331f6aa446c.sol#233-234) is not in mixedCase
Variable 'BFDToken.INITIAL_SUPPLY' (/sb/0x117a4db782f29598d9627a57be5ed331f6aa446c.sol#228-233) is not in mixedCase
Reference: https://github.com/trailofbits/slither/wiki/Detectors-Documentation#conformance-to-solidity-naming-conventions[0m
INFO:Slither:/sb/0x117a4db782f29598d9627a57be5ed331f6aa446c.sol analyzed (7 contracts), 35 result(s) found
