INFO:Slither:Compilation warnings/errors on /sb/0x0edde4b6f91dbd2efd075ace85ec2e52d0696d44.sol:
/sb/0x0edde4b6f91dbd2efd075ace85ec2e52d0696d44.sol:28:5: Warning: Defining constructors as functions with the same name as the contract is deprecated. Use "constructor(...) { ... }" instead.
    function SafeMath() public {
    ^ (Relevant source part starts here and spans across multiple lines).
/sb/0x0edde4b6f91dbd2efd075ace85ec2e52d0696d44.sol:142:3: Warning: Defining constructors as functions with the same name as the contract is deprecated. Use "constructor(...) { ... }" instead.
  function BurnableToken() public {
  ^ (Relevant source part starts here and spans across multiple lines).
/sb/0x0edde4b6f91dbd2efd075ace85ec2e52d0696d44.sol:159:7: Warning: Invoking events without "emit" prefix is deprecated.
      TransferEvent(msg.sender, _to, _value);
      ^------------------------------------^
/sb/0x0edde4b6f91dbd2efd075ace85ec2e52d0696d44.sol:174:7: Warning: Invoking events without "emit" prefix is deprecated.
      TransferEvent(_from, _to, _value);
      ^-------------------------------^
/sb/0x0edde4b6f91dbd2efd075ace85ec2e52d0696d44.sol:189:5: Warning: Invoking events without "emit" prefix is deprecated.
    ApprovalEvent(msg.sender, _spender, _value);
    ^-----------------------------------------^
/sb/0x0edde4b6f91dbd2efd075ace85ec2e52d0696d44.sol:208:5: Warning: Invoking events without "emit" prefix is deprecated.
    PaymentEvent(msg.sender, msg.value);
    ^---------------------------------^
/sb/0x0edde4b6f91dbd2efd075ace85ec2e52d0696d44.sol:233:14: Warning: Using contract member "balance" inherited from the address type is deprecated. Convert the contract to "address" type to access the member, for example use "address(contract).balance" instead.
    _value = this.balance / tokenSupply;
             ^----------^
/sb/0x0edde4b6f91dbd2efd075ace85ec2e52d0696d44.sol:237:15: Warning: Using contract member "balance" inherited from the address type is deprecated. Convert the contract to "address" type to access the member, for example use "address(contract).balance" instead.
    _value = (this.balance * balances[_owner]) / tokenSupply;
              ^----------^
/sb/0x0edde4b6f91dbd2efd075ace85ec2e52d0696d44.sol:242:29: Warning: Using contract member "balance" inherited from the address type is deprecated. Convert the contract to "address" type to access the member, for example use "address(contract).balance" instead.
      uint _value = safeMul(this.balance, _burnCount) / tokenSupply;
                            ^----------^
/sb/0x0edde4b6f91dbd2efd075ace85ec2e52d0696d44.sol:246:7: Warning: Invoking events without "emit" prefix is deprecated.
      BurnEvent(msg.sender, _burnCount, _value);
      ^---------------------------------------^
/sb/0x0edde4b6f91dbd2efd075ace85ec2e52d0696d44.sol:254:7: Warning: Invoking events without "emit" prefix is deprecated.
      BurnEvent(msg.sender, _burnCount, 0);
      ^----------------------------------^

INFO:Detectors:[93m
SafeMath.safeMul (/sb/0x0edde4b6f91dbd2efd075ace85ec2e52d0696d44.sol#66-76) uses a dangerous strict equality:
	- assert(bool)(_x == 0 || z / _x == _y)
	- assert(bool)(_x == 0 || z / _x == _y)
Reference: https://github.com/trailofbits/slither/wiki/Detectors-Documentation#dangerous-strict-equalities[0m
INFO:Detectors:[92m
Different versions of Solidity is used in /sb/0x0edde4b6f91dbd2efd075ace85ec2e52d0696d44.sol:
	- Version used: ['^0.4.15', '^0.4.18']
	- /sb/0x0edde4b6f91dbd2efd075ace85ec2e52d0696d44.sol#1 declares pragma solidity^0.4.15
	- /sb/0x0edde4b6f91dbd2efd075ace85ec2e52d0696d44.sol#19-22 declares pragma solidity^0.4.18
	- /sb/0x0edde4b6f91dbd2efd075ace85ec2e52d0696d44.sol#78-80 declares pragma solidity^0.4.15
	- /sb/0x0edde4b6f91dbd2efd075ace85ec2e52d0696d44.sol#83-85 declares pragma solidity^0.4.15
Reference: https://github.com/trailofbits/slither/wiki/Detectors-Documentation#different-pragma-directives-are-used[0m
INFO:Detectors:[92m
iERC20Token.totalSupply (/sb/0x0edde4b6f91dbd2efd075ace85ec2e52d0696d44.sol#87-88) should be declared external
BurnableToken.totalSupply (/sb/0x0edde4b6f91dbd2efd075ace85ec2e52d0696d44.sol#153-154) should be declared external
iERC20Token.balanceOf (/sb/0x0edde4b6f91dbd2efd075ace85ec2e52d0696d44.sol#88) should be declared external
BurnableToken.balanceOf (/sb/0x0edde4b6f91dbd2efd075ace85ec2e52d0696d44.sol#187-189) should be declared external
iERC20Token.allowance (/sb/0x0edde4b6f91dbd2efd075ace85ec2e52d0696d44.sol#88-91) should be declared external
BurnableToken.allowance (/sb/0x0edde4b6f91dbd2efd075ace85ec2e52d0696d44.sol#205-211) should be declared external
BurnableToken.transfer (/sb/0x0edde4b6f91dbd2efd075ace85ec2e52d0696d44.sol#154-168) should be declared external
iERC20Token.transfer (/sb/0x0edde4b6f91dbd2efd075ace85ec2e52d0696d44.sol#91) should be declared external
BurnableToken.transferFrom (/sb/0x0edde4b6f91dbd2efd075ace85ec2e52d0696d44.sol#169-187) should be declared external
iERC20Token.transferFrom (/sb/0x0edde4b6f91dbd2efd075ace85ec2e52d0696d44.sol#92-94) should be declared external
BurnableToken.approve (/sb/0x0edde4b6f91dbd2efd075ace85ec2e52d0696d44.sol#189-205) should be declared external
iERC20Token.approve (/sb/0x0edde4b6f91dbd2efd075ace85ec2e52d0696d44.sol#94-95) should be declared external
iBurnableToken.burnTokens (/sb/0x0edde4b6f91dbd2efd075ace85ec2e52d0696d44.sol#101-104) should be declared external
BurnableToken.burnTokens (/sb/0x0edde4b6f91dbd2efd075ace85ec2e52d0696d44.sol#243-253) should be declared external
iBurnableToken.unPaidBurnTokens (/sb/0x0edde4b6f91dbd2efd075ace85ec2e52d0696d44.sol#104-106) should be declared external
BurnableToken.unPaidBurnTokens (/sb/0x0edde4b6f91dbd2efd075ace85ec2e52d0696d44.sol#253-264) should be declared external
BurnableToken.fallback (/sb/0x0edde4b6f91dbd2efd075ace85ec2e52d0696d44.sol#213-216) should be declared external
BurnableToken.initTokenSupply (/sb/0x0edde4b6f91dbd2efd075ace85ec2e52d0696d44.sol#218-227) should be declared external
BurnableToken.setName (/sb/0x0edde4b6f91dbd2efd075ace85ec2e52d0696d44.sol#227-229) should be declared external
BurnableToken.lock (/sb/0x0edde4b6f91dbd2efd075ace85ec2e52d0696d44.sol#229-232) should be declared external
BurnableToken.setRestrictedAcct (/sb/0x0edde4b6f91dbd2efd075ace85ec2e52d0696d44.sol#232-237) should be declared external
BurnableToken.tokenValue (/sb/0x0edde4b6f91dbd2efd075ace85ec2e52d0696d44.sol#237-241) should be declared external
BurnableToken.valueOf (/sb/0x0edde4b6f91dbd2efd075ace85ec2e52d0696d44.sol#241-243) should be declared external
BurnableToken.haraKiri (/sb/0x0edde4b6f91dbd2efd075ace85ec2e52d0696d44.sol) should be declared external
Reference: https://github.com/trailofbits/slither/wiki/Detectors-Documentation#public-function-that-could-be-declared-as-external[0m
INFO:Detectors:[92m
Detected issues with version pragma in /sb/0x0edde4b6f91dbd2efd075ace85ec2e52d0696d44.sol:
	- pragma solidity^0.4.15 (/sb/0x0edde4b6f91dbd2efd075ace85ec2e52d0696d44.sol#1): it allows old versions
	- pragma solidity^0.4.18 (/sb/0x0edde4b6f91dbd2efd075ace85ec2e52d0696d44.sol#19-22): it allows old versions
	- pragma solidity^0.4.15 (/sb/0x0edde4b6f91dbd2efd075ace85ec2e52d0696d44.sol#78-80): it allows old versions
	- pragma solidity^0.4.15 (/sb/0x0edde4b6f91dbd2efd075ace85ec2e52d0696d44.sol#83-85): it allows old versions
Reference: https://github.com/trailofbits/slither/wiki/Detectors-Documentation#incorrect-version-of-solidity[0m
INFO:Detectors:[92m
Function 'SafeMath.SafeMath' (/sb/0x0edde4b6f91dbd2efd075ace85ec2e52d0696d44.sol#28-32) is not in mixedCase
Parameter '_x' of SafeMath.safeAdd (/sb/0x0edde4b6f91dbd2efd075ace85ec2e52d0696d44.sol#39) is not in mixedCase
Parameter '_y' of SafeMath.safeAdd (/sb/0x0edde4b6f91dbd2efd075ace85ec2e52d0696d44.sol#39-40) is not in mixedCase
Parameter '_x' of SafeMath.safeSub (/sb/0x0edde4b6f91dbd2efd075ace85ec2e52d0696d44.sol#53-54) is not in mixedCase
Parameter '_y' of SafeMath.safeSub (/sb/0x0edde4b6f91dbd2efd075ace85ec2e52d0696d44.sol#54) is not in mixedCase
Parameter '_x' of SafeMath.safeMul (/sb/0x0edde4b6f91dbd2efd075ace85ec2e52d0696d44.sol#67) is not in mixedCase
Parameter '_y' of SafeMath.safeMul (/sb/0x0edde4b6f91dbd2efd075ace85ec2e52d0696d44.sol#67-68) is not in mixedCase
Contract 'iERC20Token' (/sb/0x0edde4b6f91dbd2efd075ace85ec2e52d0696d44.sol#86-100) is not in CapWords
Contract 'iBurnableToken' (/sb/0x0edde4b6f91dbd2efd075ace85ec2e52d0696d44.sol#100-106) is not in CapWords
Parameter '_owner' of BurnableToken.balanceOf (/sb/0x0edde4b6f91dbd2efd075ace85ec2e52d0696d44.sol#187-188) is not in mixedCase
Parameter '_owner' of BurnableToken.allowance (/sb/0x0edde4b6f91dbd2efd075ace85ec2e52d0696d44.sol#207) is not in mixedCase
Parameter '_spender' of BurnableToken.allowance (/sb/0x0edde4b6f91dbd2efd075ace85ec2e52d0696d44.sol#207-208) is not in mixedCase
Parameter '_to' of BurnableToken.transfer (/sb/0x0edde4b6f91dbd2efd075ace85ec2e52d0696d44.sol#155) is not in mixedCase
Parameter '_value' of BurnableToken.transfer (/sb/0x0edde4b6f91dbd2efd075ace85ec2e52d0696d44.sol#155) is not in mixedCase
Parameter '_from' of BurnableToken.transferFrom (/sb/0x0edde4b6f91dbd2efd075ace85ec2e52d0696d44.sol#169) is not in mixedCase
Parameter '_to' of BurnableToken.transferFrom (/sb/0x0edde4b6f91dbd2efd075ace85ec2e52d0696d44.sol#169) is not in mixedCase
Parameter '_value' of BurnableToken.transferFrom (/sb/0x0edde4b6f91dbd2efd075ace85ec2e52d0696d44.sol#169) is not in mixedCase
Parameter '_spender' of BurnableToken.approve (/sb/0x0edde4b6f91dbd2efd075ace85ec2e52d0696d44.sol#190-194) is not in mixedCase
Parameter '_value' of BurnableToken.approve (/sb/0x0edde4b6f91dbd2efd075ace85ec2e52d0696d44.sol#194) is not in mixedCase
Parameter '_burnCount' of BurnableToken.burnTokens (/sb/0x0edde4b6f91dbd2efd075ace85ec2e52d0696d44.sol#244) is not in mixedCase
Parameter '_burnCount' of BurnableToken.unPaidBurnTokens (/sb/0x0edde4b6f91dbd2efd075ace85ec2e52d0696d44.sol#254) is not in mixedCase
Function 'BurnableToken.BurnableToken' (/sb/0x0edde4b6f91dbd2efd075ace85ec2e52d0696d44.sol#151-153) is not in mixedCase
Parameter '_tokenSupply' of BurnableToken.initTokenSupply (/sb/0x0edde4b6f91dbd2efd075ace85ec2e52d0696d44.sol#218) is not in mixedCase
Parameter '_decimals' of BurnableToken.initTokenSupply (/sb/0x0edde4b6f91dbd2efd075ace85ec2e52d0696d44.sol#218) is not in mixedCase
Parameter '_name' of BurnableToken.setName (/sb/0x0edde4b6f91dbd2efd075ace85ec2e52d0696d44.sol#227) is not in mixedCase
Parameter '_symbol' of BurnableToken.setName (/sb/0x0edde4b6f91dbd2efd075ace85ec2e52d0696d44.sol#227) is not in mixedCase
Parameter '_restrictedAcct' of BurnableToken.setRestrictedAcct (/sb/0x0edde4b6f91dbd2efd075ace85ec2e52d0696d44.sol#233) is not in mixedCase
Parameter '_restrictUntil' of BurnableToken.setRestrictedAcct (/sb/0x0edde4b6f91dbd2efd075ace85ec2e52d0696d44.sol#233-236) is not in mixedCase
Parameter '_owner' of BurnableToken.valueOf (/sb/0x0edde4b6f91dbd2efd075ace85ec2e52d0696d44.sol#241) is not in mixedCase
Reference: https://github.com/trailofbits/slither/wiki/Detectors-Documentation#conformance-to-solidity-naming-conventions[0m
INFO:Slither:/sb/0x0edde4b6f91dbd2efd075ace85ec2e52d0696d44.sol analyzed (4 contracts), 56 result(s) found
