INFO:Detectors:[92m
TokenBatchTransfer._totalSupply should be constant (/sb/0xa7077721086ac721d007ca937980fad02c5215b9.sol#123-124)
Reference: https://github.com/trailofbits/slither/wiki/Detectors-Documentation#state-variables-that-could-be-declared-constant[0m
INFO:Detectors:[92m
ERC20Basic.totalSupply (/sb/0xa7077721086ac721d007ca937980fad02c5215b9.sol#38-39) should be declared external
ERC20Basic.balanceOf (/sb/0xa7077721086ac721d007ca937980fad02c5215b9.sol#39-40) should be declared external
ERC20Basic.transfer (/sb/0xa7077721086ac721d007ca937980fad02c5215b9.sol#40-44) should be declared external
ERC20.allowance (/sb/0xa7077721086ac721d007ca937980fad02c5215b9.sol#48-49) should be declared external
ERC20.transferFrom (/sb/0xa7077721086ac721d007ca937980fad02c5215b9.sol#49-50) should be declared external
ERC20.approve (/sb/0xa7077721086ac721d007ca937980fad02c5215b9.sol#50-56) should be declared external
Ownable.transferOwnership (/sb/0xa7077721086ac721d007ca937980fad02c5215b9.sol#97-107) should be declared external
TokenBatchTransfer.amountOf (/sb/0xa7077721086ac721d007ca937980fad02c5215b9.sol#131-135) should be declared external
TokenBatchTransfer.safeTransfer (/sb/0xa7077721086ac721d007ca937980fad02c5215b9.sol#135-139) should be declared external
TokenBatchTransfer.changeToken (/sb/0xa7077721086ac721d007ca937980fad02c5215b9.sol#139-140) should be declared external
TokenBatchTransfer.batchTransfer (/sb/0xa7077721086ac721d007ca937980fad02c5215b9.sol#140-155) should be declared external
Reference: https://github.com/trailofbits/slither/wiki/Detectors-Documentation#public-function-that-could-be-declared-as-external[0m
INFO:Detectors:[92m
Detected issues with version pragma in /sb/0xa7077721086ac721d007ca937980fad02c5215b9.sol:
	- pragma solidity^0.4.23 (/sb/0xa7077721086ac721d007ca937980fad02c5215b9.sol#1): it allows old versions
Reference: https://github.com/trailofbits/slither/wiki/Detectors-Documentation#incorrect-version-of-solidity[0m
INFO:Detectors:[92m
Variable 'TokenBatchTransfer.ERC20Token' (/sb/0xa7077721086ac721d007ca937980fad02c5215b9.sol#118-120) is not in mixedCase
Variable 'TokenBatchTransfer._totalSupply' (/sb/0xa7077721086ac721d007ca937980fad02c5215b9.sol#123-124) is not in mixedCase
Reference: https://github.com/trailofbits/slither/wiki/Detectors-Documentation#conformance-to-solidity-naming-conventions[0m
INFO:Detectors:[92m
TokenBatchTransfer._totalSupply (/sb/0xa7077721086ac721d007ca937980fad02c5215b9.sol#123-124) is never used in TokenBatchTransfer
Reference: https://github.com/trailofbits/slither/wiki/Detectors-Documentation#unused-state-variables[0m
INFO:Slither:/sb/0xa7077721086ac721d007ca937980fad02c5215b9.sol analyzed (6 contracts), 16 result(s) found
