INFO:Detectors:[92m
BTKT.decimals should be constant (/sb/0xa4668631110c31d30f0c48a63d65f422e25af58c.sol#337-340)
BTKT.initialSupply should be constant (/sb/0xa4668631110c31d30f0c48a63d65f422e25af58c.sol#340-343)
BTKT.name should be constant (/sb/0xa4668631110c31d30f0c48a63d65f422e25af58c.sol#337)
BTKT.symbol should be constant (/sb/0xa4668631110c31d30f0c48a63d65f422e25af58c.sol#334-335)
Reference: https://github.com/trailofbits/slither/wiki/Detectors-Documentation#state-variables-that-could-be-declared-constant[0m
INFO:Detectors:[92m
DSAuthority.canCall (/sb/0xa4668631110c31d30f0c48a63d65f422e25af58c.sol#7-12) should be declared external
DSAuth.setOwner (/sb/0xa4668631110c31d30f0c48a63d65f422e25af58c.sol#26-34) should be declared external
DSAuth.setAuthority (/sb/0xa4668631110c31d30f0c48a63d65f422e25af58c.sol#34-43) should be declared external
ERC20.totalSupply (/sb/0xa4668631110c31d30f0c48a63d65f422e25af58c.sol#137) should be declared external
DSTokenBase.totalSupply (/sb/0xa4668631110c31d30f0c48a63d65f422e25af58c.sol#165-166) should be declared external
ERC20.balanceOf (/sb/0xa4668631110c31d30f0c48a63d65f422e25af58c.sol#137-139) should be declared external
DSTokenBase.balanceOf (/sb/0xa4668631110c31d30f0c48a63d65f422e25af58c.sol#174-176) should be declared external
ERC20.allowance (/sb/0xa4668631110c31d30f0c48a63d65f422e25af58c.sol#139-140) should be declared external
DSTokenBase.allowance (/sb/0xa4668631110c31d30f0c48a63d65f422e25af58c.sol#184-188) should be declared external
DSTokenBase.transfer (/sb/0xa4668631110c31d30f0c48a63d65f422e25af58c.sol#194-195) should be declared external
ERC20.transfer (/sb/0xa4668631110c31d30f0c48a63d65f422e25af58c.sol#143-146) should be declared external
DSTokenBase.increaseAllowance (/sb/0xa4668631110c31d30f0c48a63d65f422e25af58c.sol#253-261) should be declared external
DSTokenBase.decreaseAllowance (/sb/0xa4668631110c31d30f0c48a63d65f422e25af58c.sol#275-292) should be declared external
DSStop.stop (/sb/0xa4668631110c31d30f0c48a63d65f422e25af58c.sol#328-329) should be declared external
DSStop.start (/sb/0xa4668631110c31d30f0c48a63d65f422e25af58c.sol#330-332) should be declared external
BTKT.renounceOwnership (/sb/0xa4668631110c31d30f0c48a63d65f422e25af58c.sol#372-375) should be declared external
BTKT.approve (/sb/0xa4668631110c31d30f0c48a63d65f422e25af58c.sol#376-378) should be declared external
BTKT.burnfromAdmin (/sb/0xa4668631110c31d30f0c48a63d65f422e25af58c.sol) should be declared external
Reference: https://github.com/trailofbits/slither/wiki/Detectors-Documentation#public-function-that-could-be-declared-as-external[0m
INFO:Detectors:[92m
Parameter 'owner_0x0a9AeB9db4b94Afa33BF47D5A6Be3383Fa8dfCFF' of DSAuth.setOwner (/sb/0xa4668631110c31d30f0c48a63d65f422e25af58c.sol#26-28) is not in mixedCase
Variable 'DSTokenBase._supply' (/sb/0xa4668631110c31d30f0c48a63d65f422e25af58c.sol#149-151) is not in mixedCase
Variable 'DSTokenBase._balances' (/sb/0xa4668631110c31d30f0c48a63d65f422e25af58c.sol#151-152) is not in mixedCase
Variable 'DSTokenBase._approvals' (/sb/0xa4668631110c31d30f0c48a63d65f422e25af58c.sol#153-157) is not in mixedCase
Reference: https://github.com/trailofbits/slither/wiki/Detectors-Documentation#conformance-to-solidity-naming-conventions[0m
INFO:Slither:/sb/0xa4668631110c31d30f0c48a63d65f422e25af58c.sol analyzed (10 contracts), 23 result(s) found
