INFO:Slither:Compilation warnings/errors on /sb/0x1c3db3898c05d77bd742a219f8f488aac0cb013b.sol:
/sb/0x1c3db3898c05d77bd742a219f8f488aac0cb013b.sol:8:5: Warning: Defining constructors as functions with the same name as the contract is deprecated. Use "constructor(...) { ... }" instead.
    function owned() public {
    ^ (Relevant source part starts here and spans across multiple lines).
/sb/0x1c3db3898c05d77bd742a219f8f488aac0cb013b.sol:51:5: Warning: Defining constructors as functions with the same name as the contract is deprecated. Use "constructor(...) { ... }" instead.
    function TokenERC20(
    ^ (Relevant source part starts here and spans across multiple lines).
/sb/0x1c3db3898c05d77bd742a219f8f488aac0cb013b.sol:24:5: Warning: Functions in interfaces should be declared external.
    function receiveApproval(address _from, uint256 _value, address _token, bytes _extraData) public; 
    ^-----------------------------------------------------------------------------------------------^
/sb/0x1c3db3898c05d77bd742a219f8f488aac0cb013b.sol:72:9: Warning: Invoking events without "emit" prefix is deprecated.
        Transfer(_from, _to, _value);
        ^--------------------------^
/sb/0x1c3db3898c05d77bd742a219f8f488aac0cb013b.sol:134:9: Warning: Invoking events without "emit" prefix is deprecated.
        Burn(msg.sender, _value);
        ^----------------------^
/sb/0x1c3db3898c05d77bd742a219f8f488aac0cb013b.sol:165:9: Warning: Invoking events without "emit" prefix is deprecated.
        Transfer(_from, _to, _value);
        ^--------------------------^
/sb/0x1c3db3898c05d77bd742a219f8f488aac0cb013b.sol:174:9: Warning: Invoking events without "emit" prefix is deprecated.
        FrozenFunds(target, freeze);
        ^-------------------------^
/sb/0x1c3db3898c05d77bd742a219f8f488aac0cb013b.sol:194:17: Warning: Using contract member "balance" inherited from the address type is deprecated. Convert the contract to "address" type to access the member, for example use "address(contract).balance" instead.
        require(this.balance >= amount * sellPrice);      // checks if the contract has enough ether to buy
                ^----------^

INFO:Detectors:[93m
TokenERC20 (/sb/0x1c3db3898c05d77bd742a219f8f488aac0cb013b.sol#29-143) has incorrect ERC20 function interface(s):
	-transfer (/sb/0x1c3db3898c05d77bd742a219f8f488aac0cb013b.sol#86-93)
Reference: https://github.com/trailofbits/slither/wiki/Detectors-Documentation#incorrect-erc20-interface[0m
INFO:Detectors:[92m
TokenERC20.decimals should be constant (/sb/0x1c3db3898c05d77bd742a219f8f488aac0cb013b.sol#33)
TokenERC20.name should be constant (/sb/0x1c3db3898c05d77bd742a219f8f488aac0cb013b.sol#30-31)
TokenERC20.symbol should be constant (/sb/0x1c3db3898c05d77bd742a219f8f488aac0cb013b.sol#32)
Reference: https://github.com/trailofbits/slither/wiki/Detectors-Documentation#state-variables-that-could-be-declared-constant[0m
INFO:Detectors:[92m
owned.transferOwnership (/sb/0x1c3db3898c05d77bd742a219f8f488aac0cb013b.sol#17-23) should be declared external
tokenRecipient.receiveApproval (/sb/0x1c3db3898c05d77bd742a219f8f488aac0cb013b.sol#24-28) should be declared external
TokenERC20.transfer (/sb/0x1c3db3898c05d77bd742a219f8f488aac0cb013b.sol#86-93) should be declared external
TokenERC20.approveAndCall (/sb/0x1c3db3898c05d77bd742a219f8f488aac0cb013b.sol#115-128) should be declared external
TokenERC20.burn (/sb/0x1c3db3898c05d77bd742a219f8f488aac0cb013b.sol#131-142) should be declared external
MyAdvancedToken.freezeAccount (/sb/0x1c3db3898c05d77bd742a219f8f488aac0cb013b.sol#177-179) should be declared external
MyAdvancedToken.setPrices (/sb/0x1c3db3898c05d77bd742a219f8f488aac0cb013b.sol#185-188) should be declared external
MyAdvancedToken.buy (/sb/0x1c3db3898c05d77bd742a219f8f488aac0cb013b.sol#188-194) should be declared external
MyAdvancedToken.sell (/sb/0x1c3db3898c05d77bd742a219f8f488aac0cb013b.sol#195-198) should be declared external
Reference: https://github.com/trailofbits/slither/wiki/Detectors-Documentation#public-function-that-could-be-declared-as-external[0m
INFO:Detectors:[92m
Detected issues with version pragma in /sb/0x1c3db3898c05d77bd742a219f8f488aac0cb013b.sol:
	- pragma solidity^0.4.16 (/sb/0x1c3db3898c05d77bd742a219f8f488aac0cb013b.sol#1): it allows old versions
Reference: https://github.com/trailofbits/slither/wiki/Detectors-Documentation#incorrect-version-of-solidity[0m
INFO:Detectors:[92m
Contract 'owned' (/sb/0x1c3db3898c05d77bd742a219f8f488aac0cb013b.sol#4-23) is not in CapWords
Contract 'tokenRecipient' (/sb/0x1c3db3898c05d77bd742a219f8f488aac0cb013b.sol#23-29) is not in CapWords
Function 'TokenERC20.TokenERC20' (/sb/0x1c3db3898c05d77bd742a219f8f488aac0cb013b.sol#53-57) is not in mixedCase
Function 'TokenERC20._transfer' (/sb/0x1c3db3898c05d77bd742a219f8f488aac0cb013b.sol#59-80) is not in mixedCase
Parameter '_from' of TokenERC20._transfer (/sb/0x1c3db3898c05d77bd742a219f8f488aac0cb013b.sol#60) is not in mixedCase
Parameter '_to' of TokenERC20._transfer (/sb/0x1c3db3898c05d77bd742a219f8f488aac0cb013b.sol#60) is not in mixedCase
Parameter '_value' of TokenERC20._transfer (/sb/0x1c3db3898c05d77bd742a219f8f488aac0cb013b.sol#60) is not in mixedCase
Parameter '_to' of TokenERC20.transfer (/sb/0x1c3db3898c05d77bd742a219f8f488aac0cb013b.sol#87-90) is not in mixedCase
Parameter '_value' of TokenERC20.transfer (/sb/0x1c3db3898c05d77bd742a219f8f488aac0cb013b.sol#90-91) is not in mixedCase
Parameter '_spender' of TokenERC20.approve (/sb/0x1c3db3898c05d77bd742a219f8f488aac0cb013b.sol#100) is not in mixedCase
Parameter '_value' of TokenERC20.approve (/sb/0x1c3db3898c05d77bd742a219f8f488aac0cb013b.sol#100-101) is not in mixedCase
Parameter '_spender' of TokenERC20.approveAndCall (/sb/0x1c3db3898c05d77bd742a219f8f488aac0cb013b.sol#116) is not in mixedCase
Parameter '_value' of TokenERC20.approveAndCall (/sb/0x1c3db3898c05d77bd742a219f8f488aac0cb013b.sol#116) is not in mixedCase
Parameter '_extraData' of TokenERC20.approveAndCall (/sb/0x1c3db3898c05d77bd742a219f8f488aac0cb013b.sol#116-117) is not in mixedCase
Parameter '_value' of TokenERC20.burn (/sb/0x1c3db3898c05d77bd742a219f8f488aac0cb013b.sol#131-132) is not in mixedCase
Function 'MyAdvancedToken._transfer' (/sb/0x1c3db3898c05d77bd742a219f8f488aac0cb013b.sol#158-171) is not in mixedCase
Parameter '_from' of MyAdvancedToken._transfer (/sb/0x1c3db3898c05d77bd742a219f8f488aac0cb013b.sol#158-159) is not in mixedCase
Parameter '_to' of MyAdvancedToken._transfer (/sb/0x1c3db3898c05d77bd742a219f8f488aac0cb013b.sol#159) is not in mixedCase
Parameter '_value' of MyAdvancedToken._transfer (/sb/0x1c3db3898c05d77bd742a219f8f488aac0cb013b.sol#159) is not in mixedCase
Reference: https://github.com/trailofbits/slither/wiki/Detectors-Documentation#conformance-to-solidity-naming-conventions[0m
INFO:Slither:/sb/0x1c3db3898c05d77bd742a219f8f488aac0cb013b.sol analyzed (4 contracts), 31 result(s) found
