INFO:Slither:Compilation warnings/errors on /sb/0x7f373d989df0709273e18769300ef1177d333799.sol:
/sb/0x7f373d989df0709273e18769300ef1177d333799.sol:214:3: Warning: Defining constructors as functions with the same name as the contract is deprecated. Use "constructor(...) { ... }" instead.
  function BitkerToken() public {
  ^ (Relevant source part starts here and spans across multiple lines).

INFO:Detectors:[92m
BitkerToken.INITIAL_SUPPLY should be constant (/sb/0x7f373d989df0709273e18769300ef1177d333799.sol)
BitkerToken.decimals should be constant (/sb/0x7f373d989df0709273e18769300ef1177d333799.sol)
BitkerToken.name should be constant (/sb/0x7f373d989df0709273e18769300ef1177d333799.sol#215-216)
BitkerToken.symbol should be constant (/sb/0x7f373d989df0709273e18769300ef1177d333799.sol#216-218)
Reference: https://github.com/trailofbits/slither/wiki/Detectors-Documentation#state-variables-that-could-be-declared-constant[0m
INFO:Detectors:[92m
ERC20Basic.totalSupply (/sb/0x7f373d989df0709273e18769300ef1177d333799.sol#54-55) should be declared external
BasicToken.totalSupply (/sb/0x7f373d989df0709273e18769300ef1177d333799.sol#75-80) should be declared external
ERC20Basic.balanceOf (/sb/0x7f373d989df0709273e18769300ef1177d333799.sol#55-56) should be declared external
BasicToken.balanceOf (/sb/0x7f373d989df0709273e18769300ef1177d333799.sol#100-108) should be declared external
ERC20Basic.transfer (/sb/0x7f373d989df0709273e18769300ef1177d333799.sol#56-57) should be declared external
BasicToken.transfer (/sb/0x7f373d989df0709273e18769300ef1177d333799.sol#84-95) should be declared external
StandardToken.allowance (/sb/0x7f373d989df0709273e18769300ef1177d333799.sol#172-175) should be declared external
ERC20.allowance (/sb/0x7f373d989df0709273e18769300ef1177d333799.sol#110-111) should be declared external
ERC20.transferFrom (/sb/0x7f373d989df0709273e18769300ef1177d333799.sol#111-112) should be declared external
StandardToken.transferFrom (/sb/0x7f373d989df0709273e18769300ef1177d333799.sol#135-148) should be declared external
ERC20.approve (/sb/0x7f373d989df0709273e18769300ef1177d333799.sol#112-116) should be declared external
StandardToken.approve (/sb/0x7f373d989df0709273e18769300ef1177d333799.sol#157-164) should be declared external
StandardToken.increaseApproval (/sb/0x7f373d989df0709273e18769300ef1177d333799.sol#183-191) should be declared external
StandardToken.decreaseApproval (/sb/0x7f373d989df0709273e18769300ef1177d333799.sol#200-214) should be declared external
Reference: https://github.com/trailofbits/slither/wiki/Detectors-Documentation#public-function-that-could-be-declared-as-external[0m
INFO:Detectors:[92m
Detected issues with version pragma in /sb/0x7f373d989df0709273e18769300ef1177d333799.sol:
	- pragma solidity^0.4.21 (/sb/0x7f373d989df0709273e18769300ef1177d333799.sol#1): it allows old versions
Reference: https://github.com/trailofbits/slither/wiki/Detectors-Documentation#incorrect-version-of-solidity[0m
INFO:Detectors:[92m
Parameter '_owner' of BasicToken.balanceOf (/sb/0x7f373d989df0709273e18769300ef1177d333799.sol#105) is not in mixedCase
Parameter '_to' of BasicToken.transfer (/sb/0x7f373d989df0709273e18769300ef1177d333799.sol#84-85) is not in mixedCase
Parameter '_value' of BasicToken.transfer (/sb/0x7f373d989df0709273e18769300ef1177d333799.sol#85) is not in mixedCase
Parameter '_owner' of StandardToken.allowance (/sb/0x7f373d989df0709273e18769300ef1177d333799.sol#172) is not in mixedCase
Parameter '_spender' of StandardToken.allowance (/sb/0x7f373d989df0709273e18769300ef1177d333799.sol#172-174) is not in mixedCase
Parameter '_from' of StandardToken.transferFrom (/sb/0x7f373d989df0709273e18769300ef1177d333799.sol#135-136) is not in mixedCase
Parameter '_to' of StandardToken.transferFrom (/sb/0x7f373d989df0709273e18769300ef1177d333799.sol#136) is not in mixedCase
Parameter '_value' of StandardToken.transferFrom (/sb/0x7f373d989df0709273e18769300ef1177d333799.sol#136) is not in mixedCase
Parameter '_spender' of StandardToken.approve (/sb/0x7f373d989df0709273e18769300ef1177d333799.sol#158-159) is not in mixedCase
Parameter '_value' of StandardToken.approve (/sb/0x7f373d989df0709273e18769300ef1177d333799.sol#160-162) is not in mixedCase
Parameter '_spender' of StandardToken.increaseApproval (/sb/0x7f373d989df0709273e18769300ef1177d333799.sol#183) is not in mixedCase
Parameter '_addedValue' of StandardToken.increaseApproval (/sb/0x7f373d989df0709273e18769300ef1177d333799.sol#183) is not in mixedCase
Parameter '_spender' of StandardToken.decreaseApproval (/sb/0x7f373d989df0709273e18769300ef1177d333799.sol#201-202) is not in mixedCase
Parameter '_subtractedValue' of StandardToken.decreaseApproval (/sb/0x7f373d989df0709273e18769300ef1177d333799.sol#202) is not in mixedCase
Function 'BitkerToken.BitkerToken' (/sb/0x7f373d989df0709273e18769300ef1177d333799.sol) is not in mixedCase
Variable 'BitkerToken.INITIAL_SUPPLY' (/sb/0x7f373d989df0709273e18769300ef1177d333799.sol) is not in mixedCase
Reference: https://github.com/trailofbits/slither/wiki/Detectors-Documentation#conformance-to-solidity-naming-conventions[0m
INFO:Slither:/sb/0x7f373d989df0709273e18769300ef1177d333799.sol analyzed (6 contracts), 32 result(s) found
