INFO:Slither:Compilation warnings/errors on /sb/0xd8c3427412911b39e184cd47f1d58dd8c85e270d.sol:
/sb/0xd8c3427412911b39e184cd47f1d58dd8c85e270d.sol:60:3: Warning: Defining constructors as functions with the same name as the contract is deprecated. Use "constructor(...) { ... }" instead.
  function Ownable() public {
  ^ (Relevant source part starts here and spans across multiple lines).
/sb/0xd8c3427412911b39e184cd47f1d58dd8c85e270d.sol:147:3: Warning: Defining constructors as functions with the same name as the contract is deprecated. Use "constructor(...) { ... }" instead.
  function Crowdsale() public {
  ^ (Relevant source part starts here and spans across multiple lines).
/sb/0xd8c3427412911b39e184cd47f1d58dd8c85e270d.sol:78:5: Warning: Invoking events without "emit" prefix is deprecated.
    OwnershipTransferred(owner, newOwner);
    ^-----------------------------------^
/sb/0xd8c3427412911b39e184cd47f1d58dd8c85e270d.sol:155:20: Warning: This looks like an address but has an invalid checksum. If this is not used as an address, please prepend '00'. Correct checksummed address: '0xdD870fA1b7C4700F2BD7f44238821C26f7392148'. For more information please see https://solidity.readthedocs.io/en/develop/types.html#address-literals
    tokenReserve = 0xdd870fa1b7c4700f2bd7f44238821c26f7392148;
                   ^----------------------------------------^
/sb/0xd8c3427412911b39e184cd47f1d58dd8c85e270d.sol:177:5: Warning: Invoking events without "emit" prefix is deprecated.
    TokenPurchase(msg.sender, beneficiary, weiAmount, tokens, lockedFor);
    ^------------------------------------------------------------------^
/sb/0xd8c3427412911b39e184cd47f1d58dd8c85e270d.sol:207:5: Warning: Invoking events without "emit" prefix is deprecated.
    EndTimeUpdated();
    ^--------------^
/sb/0xd8c3427412911b39e184cd47f1d58dd8c85e270d.sol:213:5: Warning: Invoking events without "emit" prefix is deprecated.
    DragonPriceUpdated();
    ^------------------^
/sb/0xd8c3427412911b39e184cd47f1d58dd8c85e270d.sol:252:5: Warning: Invoking events without "emit" prefix is deprecated.
    TokenReleased(msg.sender,amount);
    ^------------------------------^
/sb/0xd8c3427412911b39e184cd47f1d58dd8c85e270d.sol:85:3: Warning: No visibility specified. Defaulting to "public". 
  function transferFrom(address _from, address _to, uint256 _value) returns(bool success);
  ^--------------------------------------------------------------------------------------^

INFO:Detectors:[92m
Ownable.transferOwnership (/sb/0xd8c3427412911b39e184cd47f1d58dd8c85e270d.sol#77-85) should be declared external
DragonToken.transferFrom (/sb/0xd8c3427412911b39e184cd47f1d58dd8c85e270d.sol#85-90) should be declared external
Crowdsale.hasEnded (/sb/0xd8c3427412911b39e184cd47f1d58dd8c85e270d.sol#188-190) should be declared external
Crowdsale.balanceOf (/sb/0xd8c3427412911b39e184cd47f1d58dd8c85e270d.sol#238-241) should be declared external
Crowdsale.unlockTime (/sb/0xd8c3427412911b39e184cd47f1d58dd8c85e270d.sol#242-245) should be declared external
Crowdsale.releaseDragonTokens (/sb/0xd8c3427412911b39e184cd47f1d58dd8c85e270d.sol#248-255) should be declared external
Reference: https://github.com/trailofbits/slither/wiki/Detectors-Documentation#public-function-that-could-be-declared-as-external[0m
INFO:Detectors:[92m
Detected issues with version pragma in /sb/0xd8c3427412911b39e184cd47f1d58dd8c85e270d.sol:
	- pragma solidity^0.4.18 (/sb/0xd8c3427412911b39e184cd47f1d58dd8c85e270d.sol#1): it allows old versions
Reference: https://github.com/trailofbits/slither/wiki/Detectors-Documentation#incorrect-version-of-solidity[0m
INFO:Detectors:[92m
Function 'Ownable.Ownable' (/sb/0xd8c3427412911b39e184cd47f1d58dd8c85e270d.sol#64-65) is not in mixedCase
Function 'Crowdsale.Crowdsale' (/sb/0xd8c3427412911b39e184cd47f1d58dd8c85e270d.sol#151-164) is not in mixedCase
Parameter '_owner' of Crowdsale.balanceOf (/sb/0xd8c3427412911b39e184cd47f1d58dd8c85e270d.sol#239) is not in mixedCase
Parameter '_owner' of Crowdsale.unlockTime (/sb/0xd8c3427412911b39e184cd47f1d58dd8c85e270d.sol#242) is not in mixedCase
Reference: https://github.com/trailofbits/slither/wiki/Detectors-Documentation#conformance-to-solidity-naming-conventions[0m
INFO:Slither:/sb/0xd8c3427412911b39e184cd47f1d58dd8c85e270d.sol analyzed (4 contracts), 11 result(s) found
