INFO:Slither:Compilation warnings/errors on /sb/0x0b4298856285e36adf7682fbd06c8ffa3eeae72b.sol:
/sb/0x0b4298856285e36adf7682fbd06c8ffa3eeae72b.sol:79:3: Warning: Defining constructors as functions with the same name as the contract is deprecated. Use "constructor(...) { ... }" instead.
  function Ownable() public {
  ^ (Relevant source part starts here and spans across multiple lines).
/sb/0x0b4298856285e36adf7682fbd06c8ffa3eeae72b.sol:236:5: Warning: Defining constructors as functions with the same name as the contract is deprecated. Use "constructor(...) { ... }" instead.
    function Destructible() public payable { }
    ^----------------------------------------^
/sb/0x0b4298856285e36adf7682fbd06c8ffa3eeae72b.sol:323:5: Warning: Defining constructors as functions with the same name as the contract is deprecated. Use "constructor(...) { ... }" instead.
    function CTCToken() public
    ^ (Relevant source part starts here and spans across multiple lines).
/sb/0x0b4298856285e36adf7682fbd06c8ffa3eeae72b.sol:326:37: Warning: This looks like an address but has an invalid checksum. If this is not used as an address, please prepend '00'. Correct checksummed address: '0x211064A12cEEEcB88Fe2e757234E8c88795ed5cd'. For more information please see https://solidity.readthedocs.io/en/develop/types.html#address-literals
      ThirdPartyPlatformAddr      = 0x211064a12ceeecb88fe2e757234e8c88795ed5cd;
                                    ^----------------------------------------^
/sb/0x0b4298856285e36adf7682fbd06c8ffa3eeae72b.sol:328:37: Warning: This looks like an address but has an invalid checksum. If this is not used as an address, please prepend '00'. Correct checksummed address: '0xE4b74b0B84d4b5E7a15401C0B5c8ACdd9ecB9dF6'. For more information please see https://solidity.readthedocs.io/en/develop/types.html#address-literals
      ResearchGroupAddr           = 0xe4b74b0b84d4b5e7a15401c0b5c8acdd9ecb9df6;
                                    ^----------------------------------------^
/sb/0x0b4298856285e36adf7682fbd06c8ffa3eeae72b.sol:330:37: Warning: This looks like an address but has an invalid checksum. If this is not used as an address, please prepend '00'. Correct checksummed address: '0x11D774dc8bba7ee455c02eD455f96af693a8D7A8'. For more information please see https://solidity.readthedocs.io/en/develop/types.html#address-literals
      InvEnterpriseAddr           = 0x11d774dc8bba7ee455c02ed455f96af693a8d7a8;
                                    ^----------------------------------------^
/sb/0x0b4298856285e36adf7682fbd06c8ffa3eeae72b.sol:332:37: Warning: This looks like an address but has an invalid checksum. If this is not used as an address, please prepend '00'. Correct checksummed address: '0x17e552663CD183408ec5132B0Ba8F75B87e11f5E'. For more information please see https://solidity.readthedocs.io/en/develop/types.html#address-literals
      CultureTravelFoundationAddr = 0x17e552663cd183408ec5132b0ba8f75b87e11f5e;
                                    ^----------------------------------------^

INFO:Detectors:[92m
ERC20Basic.balanceOf (/sb/0x0b4298856285e36adf7682fbd06c8ffa3eeae72b.sol#10-11) should be declared external
BasicToken.balanceOf (/sb/0x0b4298856285e36adf7682fbd06c8ffa3eeae72b.sol#57-65) should be declared external
BasicToken.transfer (/sb/0x0b4298856285e36adf7682fbd06c8ffa3eeae72b.sol#41-53) should be declared external
ERC20Basic.transfer (/sb/0x0b4298856285e36adf7682fbd06c8ffa3eeae72b.sol#11-12) should be declared external
StandardToken.allowance (/sb/0x0b4298856285e36adf7682fbd06c8ffa3eeae72b.sol#158-160) should be declared external
ERC20.allowance (/sb/0x0b4298856285e36adf7682fbd06c8ffa3eeae72b.sol#21-22) should be declared external
StandardToken.transferFrom (/sb/0x0b4298856285e36adf7682fbd06c8ffa3eeae72b.sol#120-134) should be declared external
ERC20.transferFrom (/sb/0x0b4298856285e36adf7682fbd06c8ffa3eeae72b.sol#22-23) should be declared external
ERC20.approve (/sb/0x0b4298856285e36adf7682fbd06c8ffa3eeae72b.sol#23-24) should be declared external
StandardToken.approve (/sb/0x0b4298856285e36adf7682fbd06c8ffa3eeae72b.sol#143-149) should be declared external
Ownable.transferOwnership (/sb/0x0b4298856285e36adf7682fbd06c8ffa3eeae72b.sol#96-106) should be declared external
StandardToken.increaseApproval (/sb/0x0b4298856285e36adf7682fbd06c8ffa3eeae72b.sol#168-177) should be declared external
StandardToken.decreaseApproval (/sb/0x0b4298856285e36adf7682fbd06c8ffa3eeae72b.sol#186-202) should be declared external
Destructible.destroy (/sb/0x0b4298856285e36adf7682fbd06c8ffa3eeae72b.sol#253-255) should be declared external
Destructible.destroyAndSend (/sb/0x0b4298856285e36adf7682fbd06c8ffa3eeae72b.sol#255-263) should be declared external
Pausable.pause (/sb/0x0b4298856285e36adf7682fbd06c8ffa3eeae72b.sol#291-298) should be declared external
Pausable.unpause (/sb/0x0b4298856285e36adf7682fbd06c8ffa3eeae72b.sol#300-303) should be declared external
Reference: https://github.com/trailofbits/slither/wiki/Detectors-Documentation#public-function-that-could-be-declared-as-external[0m
INFO:Detectors:[92m
Detected issues with version pragma in /sb/0x0b4298856285e36adf7682fbd06c8ffa3eeae72b.sol:
	- pragma solidity^0.4.21 (/sb/0x0b4298856285e36adf7682fbd06c8ffa3eeae72b.sol#1): it allows old versions
Reference: https://github.com/trailofbits/slither/wiki/Detectors-Documentation#incorrect-version-of-solidity[0m
INFO:Detectors:[92m
Parameter '_owner' of BasicToken.balanceOf (/sb/0x0b4298856285e36adf7682fbd06c8ffa3eeae72b.sol#58) is not in mixedCase
Parameter '_to' of BasicToken.transfer (/sb/0x0b4298856285e36adf7682fbd06c8ffa3eeae72b.sol#41) is not in mixedCase
Parameter '_value' of BasicToken.transfer (/sb/0x0b4298856285e36adf7682fbd06c8ffa3eeae72b.sol#42) is not in mixedCase
Function 'Ownable.Ownable' (/sb/0x0b4298856285e36adf7682fbd06c8ffa3eeae72b.sol#84-86) is not in mixedCase
Parameter '_owner' of StandardToken.allowance (/sb/0x0b4298856285e36adf7682fbd06c8ffa3eeae72b.sol#158) is not in mixedCase
Parameter '_spender' of StandardToken.allowance (/sb/0x0b4298856285e36adf7682fbd06c8ffa3eeae72b.sol#158) is not in mixedCase
Parameter '_from' of StandardToken.transferFrom (/sb/0x0b4298856285e36adf7682fbd06c8ffa3eeae72b.sol#121) is not in mixedCase
Parameter '_to' of StandardToken.transferFrom (/sb/0x0b4298856285e36adf7682fbd06c8ffa3eeae72b.sol#121-122) is not in mixedCase
Parameter '_value' of StandardToken.transferFrom (/sb/0x0b4298856285e36adf7682fbd06c8ffa3eeae72b.sol#122) is not in mixedCase
Parameter '_spender' of StandardToken.approve (/sb/0x0b4298856285e36adf7682fbd06c8ffa3eeae72b.sol#143-144) is not in mixedCase
Parameter '_value' of StandardToken.approve (/sb/0x0b4298856285e36adf7682fbd06c8ffa3eeae72b.sol#144-146) is not in mixedCase
Parameter '_spender' of StandardToken.increaseApproval (/sb/0x0b4298856285e36adf7682fbd06c8ffa3eeae72b.sol#169) is not in mixedCase
Parameter '_addedValue' of StandardToken.increaseApproval (/sb/0x0b4298856285e36adf7682fbd06c8ffa3eeae72b.sol#169) is not in mixedCase
Parameter '_spender' of StandardToken.decreaseApproval (/sb/0x0b4298856285e36adf7682fbd06c8ffa3eeae72b.sol#186-187) is not in mixedCase
Parameter '_subtractedValue' of StandardToken.decreaseApproval (/sb/0x0b4298856285e36adf7682fbd06c8ffa3eeae72b.sol#187-188) is not in mixedCase
Function 'Destructible.Destructible' (/sb/0x0b4298856285e36adf7682fbd06c8ffa3eeae72b.sol#245) is not in mixedCase
Parameter '_recipient' of Destructible.destroyAndSend (/sb/0x0b4298856285e36adf7682fbd06c8ffa3eeae72b.sol#256-257) is not in mixedCase
Function 'CTCToken.CTCToken' (/sb/0x0b4298856285e36adf7682fbd06c8ffa3eeae72b.sol#329-343) is not in mixedCase
Constant 'CTCToken.million' (/sb/0x0b4298856285e36adf7682fbd06c8ffa3eeae72b.sol#309-310) is not in UPPER_CASE_WITH_UNDERSCORES
Constant 'CTCToken.totalToken' (/sb/0x0b4298856285e36adf7682fbd06c8ffa3eeae72b.sol#310-311) is not in UPPER_CASE_WITH_UNDERSCORES
Constant 'CTCToken.nThirdPartyPlatform' (/sb/0x0b4298856285e36adf7682fbd06c8ffa3eeae72b.sol#312-313) is not in UPPER_CASE_WITH_UNDERSCORES
Constant 'CTCToken.nPlatformAutonomy' (/sb/0x0b4298856285e36adf7682fbd06c8ffa3eeae72b.sol#314-315) is not in UPPER_CASE_WITH_UNDERSCORES
Constant 'CTCToken.nResearchGroup' (/sb/0x0b4298856285e36adf7682fbd06c8ffa3eeae72b.sol#315-316) is not in UPPER_CASE_WITH_UNDERSCORES
Constant 'CTCToken.nMarketing' (/sb/0x0b4298856285e36adf7682fbd06c8ffa3eeae72b.sol#317-318) is not in UPPER_CASE_WITH_UNDERSCORES
Constant 'CTCToken.nInvEnterprise' (/sb/0x0b4298856285e36adf7682fbd06c8ffa3eeae72b.sol#318-319) is not in UPPER_CASE_WITH_UNDERSCORES
Constant 'CTCToken.nAngelInvestment' (/sb/0x0b4298856285e36adf7682fbd06c8ffa3eeae72b.sol#319-320) is not in UPPER_CASE_WITH_UNDERSCORES
Constant 'CTCToken.nCultureTravelFoundation' (/sb/0x0b4298856285e36adf7682fbd06c8ffa3eeae72b.sol#320-322) is not in UPPER_CASE_WITH_UNDERSCORES
Variable 'CTCToken.ThirdPartyPlatformAddr' (/sb/0x0b4298856285e36adf7682fbd06c8ffa3eeae72b.sol#324-325) is not in mixedCase
Variable 'CTCToken.PlatformAutonomyAddr' (/sb/0x0b4298856285e36adf7682fbd06c8ffa3eeae72b.sol#326) is not in mixedCase
Variable 'CTCToken.ResearchGroupAddr' (/sb/0x0b4298856285e36adf7682fbd06c8ffa3eeae72b.sol#326-327) is not in mixedCase
Variable 'CTCToken.MarketingAddr' (/sb/0x0b4298856285e36adf7682fbd06c8ffa3eeae72b.sol#327) is not in mixedCase
Variable 'CTCToken.InvEnterpriseAddr' (/sb/0x0b4298856285e36adf7682fbd06c8ffa3eeae72b.sol#327) is not in mixedCase
Variable 'CTCToken.AngelInvestmentAddr' (/sb/0x0b4298856285e36adf7682fbd06c8ffa3eeae72b.sol#328) is not in mixedCase
Variable 'CTCToken.CultureTravelFoundationAddr' (/sb/0x0b4298856285e36adf7682fbd06c8ffa3eeae72b.sol#328-329) is not in mixedCase
Reference: https://github.com/trailofbits/slither/wiki/Detectors-Documentation#conformance-to-solidity-naming-conventions[0m
INFO:Detectors:[92m
CTCToken.million (/sb/0x0b4298856285e36adf7682fbd06c8ffa3eeae72b.sol#309-310) is never used in CTCToken
Reference: https://github.com/trailofbits/slither/wiki/Detectors-Documentation#unused-state-variables[0m
INFO:Slither:/sb/0x0b4298856285e36adf7682fbd06c8ffa3eeae72b.sol analyzed (9 contracts), 53 result(s) found
