INFO:Slither:Compilation warnings/errors on /sb/0xb8f1437c742dc042af73d5bd18c8fc985ec8e3b4.sol:
/sb/0xb8f1437c742dc042af73d5bd18c8fc985ec8e3b4.sol:56:3: Warning: Defining constructors as functions with the same name as the contract is deprecated. Use "constructor(...) { ... }" instead.
  function Ownable() public {
  ^ (Relevant source part starts here and spans across multiple lines).
/sb/0xb8f1437c742dc042af73d5bd18c8fc985ec8e3b4.sol:178:5: Warning: Defining constructors as functions with the same name as the contract is deprecated. Use "constructor(...) { ... }" instead.
    function CryptoHuntIco(uint256 _durationSeconds, uint256 _wlDurationSeconds, address _wallet, address _token) public {
    ^ (Relevant source part starts here and spans across multiple lines).
/sb/0xb8f1437c742dc042af73d5bd18c8fc985ec8e3b4.sol:535:3: Warning: Defining constructors as functions with the same name as the contract is deprecated. Use "constructor(...) { ... }" instead.
  function RefundVault(address _wallet) public {
  ^ (Relevant source part starts here and spans across multiple lines).
/sb/0xb8f1437c742dc042af73d5bd18c8fc985ec8e3b4.sol:74:5: Warning: Invoking events without "emit" prefix is deprecated.
    OwnershipTransferred(owner, newOwner);
    ^-----------------------------------^
/sb/0xb8f1437c742dc042af73d5bd18c8fc985ec8e3b4.sol:249:13: Warning: Invoking events without "emit" prefix is deprecated.
            Whitelisted(users[i], true);
            ^-------------------------^
/sb/0xb8f1437c742dc042af73d5bd18c8fc985ec8e3b4.sol:263:13: Warning: Invoking events without "emit" prefix is deprecated.
            Whitelisted(users[i], false);
            ^--------------------------^
/sb/0xb8f1437c742dc042af73d5bd18c8fc985ec8e3b4.sol:296:9: Warning: Invoking events without "emit" prefix is deprecated.
        TokenPurchase(msg.sender, beneficiary, weiAmount, tokenAmount);
        ^------------------------------------------------------------^
/sb/0xb8f1437c742dc042af73d5bd18c8fc985ec8e3b4.sol:353:9: Warning: Invoking events without "emit" prefix is deprecated.
        Finalized();
        ^---------^
/sb/0xb8f1437c742dc042af73d5bd18c8fc985ec8e3b4.sol:380:9: Warning: Invoking events without "emit" prefix is deprecated.
        Finalized();
        ^---------^
/sb/0xb8f1437c742dc042af73d5bd18c8fc985ec8e3b4.sol:552:5: Warning: Invoking events without "emit" prefix is deprecated.
    Closed();
    ^------^
/sb/0xb8f1437c742dc042af73d5bd18c8fc985ec8e3b4.sol:553:21: Warning: Using contract member "balance" inherited from the address type is deprecated. Convert the contract to "address" type to access the member, for example use "address(contract).balance" instead.
    wallet.transfer(this.balance);
                    ^----------^
/sb/0xb8f1437c742dc042af73d5bd18c8fc985ec8e3b4.sol:559:5: Warning: Invoking events without "emit" prefix is deprecated.
    RefundsEnabled();
    ^--------------^
/sb/0xb8f1437c742dc042af73d5bd18c8fc985ec8e3b4.sol:570:5: Warning: Invoking events without "emit" prefix is deprecated.
    Refunded(investor, depositedValue);
    ^--------------------------------^
/sb/0xb8f1437c742dc042af73d5bd18c8fc985ec8e3b4.sol:607:5: Warning: Invoking events without "emit" prefix is deprecated.
    Transfer(msg.sender, _to, _value);
    ^-------------------------------^
/sb/0xb8f1437c742dc042af73d5bd18c8fc985ec8e3b4.sol:648:5: Warning: Invoking events without "emit" prefix is deprecated.
    Transfer(_from, _to, _value);
    ^--------------------------^
/sb/0xb8f1437c742dc042af73d5bd18c8fc985ec8e3b4.sol:664:5: Warning: Invoking events without "emit" prefix is deprecated.
    Approval(msg.sender, _spender, _value);
    ^------------------------------------^
/sb/0xb8f1437c742dc042af73d5bd18c8fc985ec8e3b4.sol:690:5: Warning: Invoking events without "emit" prefix is deprecated.
    Approval(msg.sender, _spender, allowed[msg.sender][_spender]);
    ^-----------------------------------------------------------^
/sb/0xb8f1437c742dc042af73d5bd18c8fc985ec8e3b4.sol:711:5: Warning: Invoking events without "emit" prefix is deprecated.
    Approval(msg.sender, _spender, allowed[msg.sender][_spender]);
    ^-----------------------------------------------------------^

INFO:Detectors:[91m
BasicToken.totalSupply_ (/sb/0xb8f1437c742dc042af73d5bd18c8fc985ec8e3b4.sol#605-606) is never initialized. It is used in:
	- totalSupply (/sb/0xb8f1437c742dc042af73d5bd18c8fc985ec8e3b4.sol#607-612)
Reference: https://github.com/trailofbits/slither/wiki/Detectors-Documentation#uninitialized-state-variables[0m
INFO:Detectors:[93m
CryptoHuntIco.unsoldTokens (/sb/0xb8f1437c742dc042af73d5bd18c8fc985ec8e3b4.sol#526-535) uses a dangerous strict equality:
	- token.balanceOf(address(this)) == 0
Reference: https://github.com/trailofbits/slither/wiki/Detectors-Documentation#dangerous-strict-equalities[0m
INFO:Detectors:[93m
Reentrancy in CryptoHuntIco.claimTokens (/sb/0xb8f1437c742dc042af73d5bd18c8fc985ec8e3b4.sol#423-458):
	External calls:
	- token.transfer(_beneficiary,diff) (/sb/0xb8f1437c742dc042af73d5bd18c8fc985ec8e3b4.sol#454-455)
	State variables written after the call(s):
	- tokenBuyersRemaining (/sb/0xb8f1437c742dc042af73d5bd18c8fc985ec8e3b4.sol#455-456)
Reentrancy in CryptoHuntIco.finalize (/sb/0xb8f1437c742dc042af73d5bd18c8fc985ec8e3b4.sol#363-374):
	External calls:
	- finalization() (/sb/0xb8f1437c742dc042af73d5bd18c8fc985ec8e3b4.sol#369)
	State variables written after the call(s):
	- isFinalized (/sb/0xb8f1437c742dc042af73d5bd18c8fc985ec8e3b4.sol#370-373)
Reference: https://github.com/trailofbits/slither/wiki/Detectors-Documentation#reentrancy-vulnerabilities-1[0m
INFO:Detectors:[93m
CryptoHuntIco.forceRefundState (/sb/0xb8f1437c742dc042af73d5bd18c8fc985ec8e3b4.sol#388-394) does not use the value returned by external calls:
	-token.transfer(owner,token.balanceOf(address(this))) (/sb/0xb8f1437c742dc042af73d5bd18c8fc985ec8e3b4.sol#388-390)
CryptoHuntIco.finalization (/sb/0xb8f1437c742dc042af73d5bd18c8fc985ec8e3b4.sol#404-406) does not use the value returned by external calls:
	-token.transfer(owner,token.balanceOf(address(this))) (/sb/0xb8f1437c742dc042af73d5bd18c8fc985ec8e3b4.sol#406)
CryptoHuntIco.claimTokens (/sb/0xb8f1437c742dc042af73d5bd18c8fc985ec8e3b4.sol#423-458) does not use the value returned by external calls:
	-token.transfer(_beneficiary,diff) (/sb/0xb8f1437c742dc042af73d5bd18c8fc985ec8e3b4.sol#454-455)
CryptoHuntIco.withdrawRest (/sb/0xb8f1437c742dc042af73d5bd18c8fc985ec8e3b4.sol#503-508) does not use the value returned by external calls:
	-token.transfer(owner,token.balanceOf(address(this))) (/sb/0xb8f1437c742dc042af73d5bd18c8fc985ec8e3b4.sol#507-508)
Reference: https://github.com/trailofbits/slither/wiki/Detectors-Documentation#unused-return[0m
INFO:Detectors:[92m
Reentrancy in CryptoHuntIco.forceRefundState (/sb/0xb8f1437c742dc042af73d5bd18c8fc985ec8e3b4.sol#388-394):
	External calls:
	- vault.enableRefunds() (/sb/0xb8f1437c742dc042af73d5bd18c8fc985ec8e3b4.sol#388)
	- token.transfer(owner,token.balanceOf(address(this))) (/sb/0xb8f1437c742dc042af73d5bd18c8fc985ec8e3b4.sol#388-390)
	State variables written after the call(s):
	- forcedRefund (/sb/0xb8f1437c742dc042af73d5bd18c8fc985ec8e3b4.sol#393)
	- isFinalized (/sb/0xb8f1437c742dc042af73d5bd18c8fc985ec8e3b4.sol#392-393)
Reference: https://github.com/trailofbits/slither/wiki/Detectors-Documentation#reentrancy-vulnerabilities-2[0m
INFO:Detectors:[92m
BasicToken.totalSupply_ should be constant (/sb/0xb8f1437c742dc042af73d5bd18c8fc985ec8e3b4.sol#605-606)
Reference: https://github.com/trailofbits/slither/wiki/Detectors-Documentation#state-variables-that-could-be-declared-constant[0m
INFO:Detectors:[92m
Ownable.transferOwnership (/sb/0xb8f1437c742dc042af73d5bd18c8fc985ec8e3b4.sol#73-81) should be declared external
CryptoHuntIco.finalize (/sb/0xb8f1437c742dc042af73d5bd18c8fc985ec8e3b4.sol#363-374) should be declared external
CryptoHuntIco.claimRefund (/sb/0xb8f1437c742dc042af73d5bd18c8fc985ec8e3b4.sol#375-377) should be declared external
CryptoHuntIco.unsoldTokens (/sb/0xb8f1437c742dc042af73d5bd18c8fc985ec8e3b4.sol#526-535) should be declared external
CryptoHuntIco.tokenBalance (/sb/0xb8f1437c742dc042af73d5bd18c8fc985ec8e3b4.sol#535-542) should be declared external
RefundVault.deposit (/sb/0xb8f1437c742dc042af73d5bd18c8fc985ec8e3b4.sol#565-570) should be declared external
RefundVault.close (/sb/0xb8f1437c742dc042af73d5bd18c8fc985ec8e3b4.sol#570-576) should be declared external
RefundVault.enableRefunds (/sb/0xb8f1437c742dc042af73d5bd18c8fc985ec8e3b4.sol#576-578) should be declared external
RefundVault.refund (/sb/0xb8f1437c742dc042af73d5bd18c8fc985ec8e3b4.sol#581-594) should be declared external
ERC20Basic.totalSupply (/sb/0xb8f1437c742dc042af73d5bd18c8fc985ec8e3b4.sol#596-597) should be declared external
BasicToken.totalSupply (/sb/0xb8f1437c742dc042af73d5bd18c8fc985ec8e3b4.sol#607-612) should be declared external
BasicToken.balanceOf (/sb/0xb8f1437c742dc042af73d5bd18c8fc985ec8e3b4.sol#635-636) should be declared external
ERC20Basic.balanceOf (/sb/0xb8f1437c742dc042af73d5bd18c8fc985ec8e3b4.sol#597-600) should be declared external
BasicToken.transfer (/sb/0xb8f1437c742dc042af73d5bd18c8fc985ec8e3b4.sol#616-626) should be declared external
ERC20Basic.transfer (/sb/0xb8f1437c742dc042af73d5bd18c8fc985ec8e3b4.sol#600) should be declared external
StandardToken.allowance (/sb/0xb8f1437c742dc042af73d5bd18c8fc985ec8e3b4.sol#689-690) should be declared external
ERC20.allowance (/sb/0xb8f1437c742dc042af73d5bd18c8fc985ec8e3b4.sol#637-638) should be declared external
ERC20.transferFrom (/sb/0xb8f1437c742dc042af73d5bd18c8fc985ec8e3b4.sol#638-640) should be declared external
StandardToken.transferFrom (/sb/0xb8f1437c742dc042af73d5bd18c8fc985ec8e3b4.sol#655-662) should be declared external
StandardToken.approve (/sb/0xb8f1437c742dc042af73d5bd18c8fc985ec8e3b4.sol#679-682) should be declared external
ERC20.approve (/sb/0xb8f1437c742dc042af73d5bd18c8fc985ec8e3b4.sol#640-642) should be declared external
StandardToken.increaseApproval (/sb/0xb8f1437c742dc042af73d5bd18c8fc985ec8e3b4.sol#702-708) should be declared external
StandardToken.decreaseApproval (/sb/0xb8f1437c742dc042af73d5bd18c8fc985ec8e3b4.sol) should be declared external
Reference: https://github.com/trailofbits/slither/wiki/Detectors-Documentation#public-function-that-could-be-declared-as-external[0m
INFO:Detectors:[92m
Detected issues with version pragma in /sb/0xb8f1437c742dc042af73d5bd18c8fc985ec8e3b4.sol:
	- pragma solidity^0.4.13 (/sb/0xb8f1437c742dc042af73d5bd18c8fc985ec8e3b4.sol#1): it allows old versions
Reference: https://github.com/trailofbits/slither/wiki/Detectors-Documentation#incorrect-version-of-solidity[0m
INFO:Detectors:[92m
Function 'Ownable.Ownable' (/sb/0xb8f1437c742dc042af73d5bd18c8fc985ec8e3b4.sol#58-61) is not in mixedCase
Function 'CryptoHuntIco.CryptoHuntIco' (/sb/0xb8f1437c742dc042af73d5bd18c8fc985ec8e3b4.sol#180-197) is not in mixedCase
Parameter '_durationSeconds' of CryptoHuntIco.CryptoHuntIco (/sb/0xb8f1437c742dc042af73d5bd18c8fc985ec8e3b4.sol#181) is not in mixedCase
Parameter '_wlDurationSeconds' of CryptoHuntIco.CryptoHuntIco (/sb/0xb8f1437c742dc042af73d5bd18c8fc985ec8e3b4.sol#181-182) is not in mixedCase
Parameter '_wallet' of CryptoHuntIco.CryptoHuntIco (/sb/0xb8f1437c742dc042af73d5bd18c8fc985ec8e3b4.sol#182) is not in mixedCase
Parameter '_token' of CryptoHuntIco.CryptoHuntIco (/sb/0xb8f1437c742dc042af73d5bd18c8fc985ec8e3b4.sol#182-183) is not in mixedCase
Parameter '_token' of CryptoHuntIco.changeTokenAddress (/sb/0xb8f1437c742dc042af73d5bd18c8fc985ec8e3b4.sol#203) is not in mixedCase
Parameter '_rate' of CryptoHuntIco.setRateAndStart (/sb/0xb8f1437c742dc042af73d5bd18c8fc985ec8e3b4.sol#212-213) is not in mixedCase
Parameter '_softcap' of CryptoHuntIco.setRateAndStart (/sb/0xb8f1437c742dc042af73d5bd18c8fc985ec8e3b4.sol#213-215) is not in mixedCase
Parameter '_hardcap' of CryptoHuntIco.setRateAndStart (/sb/0xb8f1437c742dc042af73d5bd18c8fc985ec8e3b4.sol#215) is not in mixedCase
Parameter '_beneficiary' of CryptoHuntIco.validPurchase (/sb/0xb8f1437c742dc042af73d5bd18c8fc985ec8e3b4.sol#334-336) is not in mixedCase
Parameter '_beneficiary' of CryptoHuntIco.claimTokens (/sb/0xb8f1437c742dc042af73d5bd18c8fc985ec8e3b4.sol#423) is not in mixedCase
Parameter '_beneficiary' of CryptoHuntIco.fractionalize (/sb/0xb8f1437c742dc042af73d5bd18c8fc985ec8e3b4.sol#472) is not in mixedCase
Parameter '_beneficiary' of CryptoHuntIco.totalWithdrawn (/sb/0xb8f1437c742dc042af73d5bd18c8fc985ec8e3b4.sol#483) is not in mixedCase
Function 'RefundVault.RefundVault' (/sb/0xb8f1437c742dc042af73d5bd18c8fc985ec8e3b4.sol#556-563) is not in mixedCase
Parameter '_wallet' of RefundVault.RefundVault (/sb/0xb8f1437c742dc042af73d5bd18c8fc985ec8e3b4.sol#557) is not in mixedCase
Parameter '_owner' of BasicToken.balanceOf (/sb/0xb8f1437c742dc042af73d5bd18c8fc985ec8e3b4.sol#635) is not in mixedCase
Parameter '_to' of BasicToken.transfer (/sb/0xb8f1437c742dc042af73d5bd18c8fc985ec8e3b4.sol#616) is not in mixedCase
Parameter '_value' of BasicToken.transfer (/sb/0xb8f1437c742dc042af73d5bd18c8fc985ec8e3b4.sol#616) is not in mixedCase
Parameter '_owner' of StandardToken.allowance (/sb/0xb8f1437c742dc042af73d5bd18c8fc985ec8e3b4.sol#689) is not in mixedCase
Parameter '_spender' of StandardToken.allowance (/sb/0xb8f1437c742dc042af73d5bd18c8fc985ec8e3b4.sol#689) is not in mixedCase
Parameter '_from' of StandardToken.transferFrom (/sb/0xb8f1437c742dc042af73d5bd18c8fc985ec8e3b4.sol#656) is not in mixedCase
Parameter '_to' of StandardToken.transferFrom (/sb/0xb8f1437c742dc042af73d5bd18c8fc985ec8e3b4.sol#656) is not in mixedCase
Parameter '_value' of StandardToken.transferFrom (/sb/0xb8f1437c742dc042af73d5bd18c8fc985ec8e3b4.sol#656) is not in mixedCase
Parameter '_spender' of StandardToken.approve (/sb/0xb8f1437c742dc042af73d5bd18c8fc985ec8e3b4.sol#679) is not in mixedCase
Parameter '_value' of StandardToken.approve (/sb/0xb8f1437c742dc042af73d5bd18c8fc985ec8e3b4.sol#679) is not in mixedCase
Parameter '_spender' of StandardToken.increaseApproval (/sb/0xb8f1437c742dc042af73d5bd18c8fc985ec8e3b4.sol#703-704) is not in mixedCase
Parameter '_addedValue' of StandardToken.increaseApproval (/sb/0xb8f1437c742dc042af73d5bd18c8fc985ec8e3b4.sol#704) is not in mixedCase
Parameter '_spender' of StandardToken.decreaseApproval (/sb/0xb8f1437c742dc042af73d5bd18c8fc985ec8e3b4.sol) is not in mixedCase
Parameter '_subtractedValue' of StandardToken.decreaseApproval (/sb/0xb8f1437c742dc042af73d5bd18c8fc985ec8e3b4.sol) is not in mixedCase
Reference: https://github.com/trailofbits/slither/wiki/Detectors-Documentation#conformance-to-solidity-naming-conventions[0m
INFO:Slither:/sb/0xb8f1437c742dc042af73d5bd18c8fc985ec8e3b4.sol analyzed (8 contracts), 64 result(s) found
