INFO:Slither:Compilation warnings/errors on /sb/0x000000c96e715a5b8cd3beaea66bdb749225fa2f.sol:
/sb/0x000000c96e715a5b8cd3beaea66bdb749225fa2f.sol:67:3: Warning: Defining constructors as functions with the same name as the contract is deprecated. Use "constructor(...) { ... }" instead.
  function Ownable() public {
  ^ (Relevant source part starts here and spans across multiple lines).
/sb/0x000000c96e715a5b8cd3beaea66bdb749225fa2f.sol:178:5: Warning: Defining constructors as functions with the same name as the contract is deprecated. Use "constructor(...) { ... }" instead.
    function AddressList(string _name, bool nullValue) public {
    ^ (Relevant source part starts here and spans across multiple lines).
/sb/0x000000c96e715a5b8cd3beaea66bdb749225fa2f.sol:196:5: Warning: Defining constructors as functions with the same name as the contract is deprecated. Use "constructor(...) { ... }" instead.
    function NamableAddressList(string _name, bool nullValue)
    ^ (Relevant source part starts here and spans across multiple lines).
/sb/0x000000c96e715a5b8cd3beaea66bdb749225fa2f.sol:225:3: Warning: Defining constructors as functions with the same name as the contract is deprecated. Use "constructor(...) { ... }" instead.
  function HasNoEther() public payable {
  ^ (Relevant source part starts here and spans across multiple lines).
/sb/0x000000c96e715a5b8cd3beaea66bdb749225fa2f.sol:854:5: Warning: Defining constructors as functions with the same name as the contract is deprecated. Use "constructor(...) { ... }" instead.
    function TrueUSD() public {
    ^ (Relevant source part starts here and spans across multiple lines).
/sb/0x000000c96e715a5b8cd3beaea66bdb749225fa2f.sol:85:5: Warning: Invoking events without "emit" prefix is deprecated.
    OwnershipTransferred(owner, newOwner);
    ^-----------------------------------^
/sb/0x000000c96e715a5b8cd3beaea66bdb749225fa2f.sol:119:5: Warning: Invoking events without "emit" prefix is deprecated.
    Pause();
    ^-----^
/sb/0x000000c96e715a5b8cd3beaea66bdb749225fa2f.sol:127:5: Warning: Invoking events without "emit" prefix is deprecated.
    Unpause();
    ^-------^
/sb/0x000000c96e715a5b8cd3beaea66bdb749225fa2f.sol:168:5: Warning: Invoking events without "emit" prefix is deprecated.
    OwnershipTransferred(owner, pendingOwner);
    ^---------------------------------------^
/sb/0x000000c96e715a5b8cd3beaea66bdb749225fa2f.sol:190:13: Warning: Invoking events without "emit" prefix is deprecated.
            ChangeWhiteList(_to, _onList);
            ^---------------------------^
/sb/0x000000c96e715a5b8cd3beaea66bdb749225fa2f.sol:239:23: Warning: Using contract member "balance" inherited from the address type is deprecated. Convert the contract to "address" type to access the member, for example use "address(contract).balance" instead.
    assert(owner.send(this.balance));
                      ^----------^
/sb/0x000000c96e715a5b8cd3beaea66bdb749225fa2f.sol:309:9: Warning: Invoking events without "emit" prefix is deprecated.
        MintOperationEvent(_to, _amount, deferBlock, mintOperations.length);
        ^-----------------------------------------------------------------^
/sb/0x000000c96e715a5b8cd3beaea66bdb749225fa2f.sol:328:9: Warning: Invoking events without "emit" prefix is deprecated.
        TransferChildEvent(_child, _newOwner);
        ^-----------------------------------^
/sb/0x000000c96e715a5b8cd3beaea66bdb749225fa2f.sol:336:9: Warning: Invoking events without "emit" prefix is deprecated.
        ReclaimEvent(other);
        ^-----------------^
/sb/0x000000c96e715a5b8cd3beaea66bdb749225fa2f.sol:343:9: Warning: Invoking events without "emit" prefix is deprecated.
        ChangeBurnBoundsEvent(newMin, newMax);
        ^-----------------------------------^
/sb/0x000000c96e715a5b8cd3beaea66bdb749225fa2f.sol:356:9: Warning: Invoking events without "emit" prefix is deprecated.
        ChangeStakingFeesEvent(_transferFeeNumerator,
        ^ (Relevant source part starts here and spans across multiple lines).
/sb/0x000000c96e715a5b8cd3beaea66bdb749225fa2f.sol:376:9: Warning: Invoking events without "emit" prefix is deprecated.
        ChangeStakerEvent(newStaker);
        ^--------------------------^
/sb/0x000000c96e715a5b8cd3beaea66bdb749225fa2f.sol:382:9: Warning: Invoking events without "emit" prefix is deprecated.
        DelegateEvent(delegate);
        ^---------------------^
/sb/0x000000c96e715a5b8cd3beaea66bdb749225fa2f.sol:388:9: Warning: Invoking events without "emit" prefix is deprecated.
        SetDelegatedFromEvent(_source);
        ^----------------------------^
/sb/0x000000c96e715a5b8cd3beaea66bdb749225fa2f.sol:395:9: Warning: Invoking events without "emit" prefix is deprecated.
        ChangeTrueUSDEvent(newContract);
        ^-----------------------------^
/sb/0x000000c96e715a5b8cd3beaea66bdb749225fa2f.sol:401:9: Warning: Invoking events without "emit" prefix is deprecated.
        ChangeNameEvent(name, symbol);
        ^---------------------------^
/sb/0x000000c96e715a5b8cd3beaea66bdb749225fa2f.sol:407:9: Warning: Invoking events without "emit" prefix is deprecated.
        AdminshipTransferred(admin, newAdmin);
        ^-----------------------------------^
/sb/0x000000c96e715a5b8cd3beaea66bdb749225fa2f.sol:516:5: Warning: Invoking events without "emit" prefix is deprecated.
    Transfer(_from, _to, _value);
    ^--------------------------^
/sb/0x000000c96e715a5b8cd3beaea66bdb749225fa2f.sol:545:5: Warning: Invoking events without "emit" prefix is deprecated.
    Burn(burner, _value);
    ^------------------^
/sb/0x000000c96e715a5b8cd3beaea66bdb749225fa2f.sol:546:5: Warning: Invoking events without "emit" prefix is deprecated.
    Transfer(burner, address(0), _value);
    ^----------------------------------^
/sb/0x000000c96e715a5b8cd3beaea66bdb749225fa2f.sol:615:5: Warning: Invoking events without "emit" prefix is deprecated.
    Approval(_tokenHolder, _spender, _value);
    ^--------------------------------------^
/sb/0x000000c96e715a5b8cd3beaea66bdb749225fa2f.sol:645:5: Warning: Invoking events without "emit" prefix is deprecated.
    Approval(tokenHolder, _spender, allowances.allowanceOf(tokenHolder, _spender));
    ^----------------------------------------------------------------------------^
/sb/0x000000c96e715a5b8cd3beaea66bdb749225fa2f.sol:670:5: Warning: Invoking events without "emit" prefix is deprecated.
    Approval(tokenHolder, _spender, allowances.allowanceOf(tokenHolder, _spender));
    ^----------------------------------------------------------------------------^
/sb/0x000000c96e715a5b8cd3beaea66bdb749225fa2f.sol:685:9: Warning: Invoking events without "emit" prefix is deprecated.
        DelegatedTo(delegate);
        ^-------------------^
/sb/0x000000c96e715a5b8cd3beaea66bdb749225fa2f.sol:888:9: Warning: Invoking events without "emit" prefix is deprecated.
        Mint(_to, _amount);
        ^----------------^
/sb/0x000000c96e715a5b8cd3beaea66bdb749225fa2f.sol:889:9: Warning: Invoking events without "emit" prefix is deprecated.
        Transfer(address(0), _to, _amount);
        ^--------------------------------^
/sb/0x000000c96e715a5b8cd3beaea66bdb749225fa2f.sol:903:9: Warning: Invoking events without "emit" prefix is deprecated.
        ChangeBurnBoundsEvent(newMin, newMax);
        ^-----------------------------------^
/sb/0x000000c96e715a5b8cd3beaea66bdb749225fa2f.sol:920:9: Warning: Invoking events without "emit" prefix is deprecated.
        WipedAccount(account, oldValue);
        ^-----------------------------^
/sb/0x000000c96e715a5b8cd3beaea66bdb749225fa2f.sol:251:3: Warning: Function state mutability can be restricted to pure
  function tokenFallback(address from_, uint256 value_, bytes data_) external {
  ^ (Relevant source part starts here and spans across multiple lines).

INFO:Detectors:[92m
StandardDelegate.delegateAllowance.owner (local variable @ /sb/0x000000c96e715a5b8cd3beaea66bdb749225fa2f.sol#796-797) shadows:
	- Ownable.owner (state variable @ /sb/0x000000c96e715a5b8cd3beaea66bdb749225fa2f.sol#60)
Reference: https://github.com/trailofbits/slither/wiki/Detectors-Documentation#local-variable-shadowing[0m
INFO:Detectors:[92m
Reentrancy in BurnableToken.burn (/sb/0x000000c96e715a5b8cd3beaea66bdb749225fa2f.sol#551-562):
	External calls:
	- require(bool)(_value <= balances.balanceOf(msg.sender)) (/sb/0x000000c96e715a5b8cd3beaea66bdb749225fa2f.sol#552)
	- balances.subBalance(burner,_value) (/sb/0x000000c96e715a5b8cd3beaea66bdb749225fa2f.sol#558)
	State variables written after the call(s):
	- totalSupply_ (/sb/0x000000c96e715a5b8cd3beaea66bdb749225fa2f.sol#558-559)
Reentrancy in TrueUSD.mint (/sb/0x000000c96e715a5b8cd3beaea66bdb749225fa2f.sol#900-909):
	External calls:
	- require(bool)(canReceiveMintWhiteList.onList(_to)) (/sb/0x000000c96e715a5b8cd3beaea66bdb749225fa2f.sol#902-903)
	State variables written after the call(s):
	- totalSupply_ (/sb/0x000000c96e715a5b8cd3beaea66bdb749225fa2f.sol#903-906)
Reentrancy in TrueUSD.wipeBlacklistedAccount (/sb/0x000000c96e715a5b8cd3beaea66bdb749225fa2f.sol#935-940):
	External calls:
	- require(bool)(blackList.onList(account)) (/sb/0x000000c96e715a5b8cd3beaea66bdb749225fa2f.sol#937)
	- oldValue = balanceOf(account) (/sb/0x000000c96e715a5b8cd3beaea66bdb749225fa2f.sol#937-938)
	- balances.setBalance(account,0) (/sb/0x000000c96e715a5b8cd3beaea66bdb749225fa2f.sol#938-939)
	State variables written after the call(s):
	- totalSupply_ (/sb/0x000000c96e715a5b8cd3beaea66bdb749225fa2f.sol#939-940)
Reference: https://github.com/trailofbits/slither/wiki/Detectors-Documentation#reentrancy-vulnerabilities-2[0m
INFO:Detectors:[92m
StandardDelegate.delegateTotalSupply (/sb/0x000000c96e715a5b8cd3beaea66bdb749225fa2f.sol#785-789) should be declared external
DelegateERC20.delegateTotalSupply (/sb/0x000000c96e715a5b8cd3beaea66bdb749225fa2f.sol#4-5) should be declared external
StandardDelegate.delegateBalanceOf (/sb/0x000000c96e715a5b8cd3beaea66bdb749225fa2f.sol#789-790) should be declared external
DelegateERC20.delegateBalanceOf (/sb/0x000000c96e715a5b8cd3beaea66bdb749225fa2f.sol#5-6) should be declared external
DelegateERC20.delegateTransfer (/sb/0x000000c96e715a5b8cd3beaea66bdb749225fa2f.sol#6-7) should be declared external
StandardDelegate.delegateTransfer (/sb/0x000000c96e715a5b8cd3beaea66bdb749225fa2f.sol#790-795) should be declared external
StandardDelegate.delegateAllowance (/sb/0x000000c96e715a5b8cd3beaea66bdb749225fa2f.sol#795-799) should be declared external
DelegateERC20.delegateAllowance (/sb/0x000000c96e715a5b8cd3beaea66bdb749225fa2f.sol#7-8) should be declared external
DelegateERC20.delegateTransferFrom (/sb/0x000000c96e715a5b8cd3beaea66bdb749225fa2f.sol#8-9) should be declared external
StandardDelegate.delegateTransferFrom (/sb/0x000000c96e715a5b8cd3beaea66bdb749225fa2f.sol#799-807) should be declared external
StandardDelegate.delegateApprove (/sb/0x000000c96e715a5b8cd3beaea66bdb749225fa2f.sol#807-812) should be declared external
DelegateERC20.delegateApprove (/sb/0x000000c96e715a5b8cd3beaea66bdb749225fa2f.sol#9-10) should be declared external
StandardDelegate.delegateIncreaseApproval (/sb/0x000000c96e715a5b8cd3beaea66bdb749225fa2f.sol#812-819) should be declared external
DelegateERC20.delegateIncreaseApproval (/sb/0x000000c96e715a5b8cd3beaea66bdb749225fa2f.sol#10-11) should be declared external
StandardDelegate.delegateDecreaseApproval (/sb/0x000000c96e715a5b8cd3beaea66bdb749225fa2f.sol#819-824) should be declared external
DelegateERC20.delegateDecreaseApproval (/sb/0x000000c96e715a5b8cd3beaea66bdb749225fa2f.sol#11-14) should be declared external
Claimable.transferOwnership (/sb/0x000000c96e715a5b8cd3beaea66bdb749225fa2f.sol#165-168) should be declared external
Ownable.transferOwnership (/sb/0x000000c96e715a5b8cd3beaea66bdb749225fa2f.sol#84-95) should be declared external
Pausable.pause (/sb/0x000000c96e715a5b8cd3beaea66bdb749225fa2f.sol#123-125) should be declared external
Pausable.unpause (/sb/0x000000c96e715a5b8cd3beaea66bdb749225fa2f.sol#131-135) should be declared external
Claimable.claimOwnership (/sb/0x000000c96e715a5b8cd3beaea66bdb749225fa2f.sol#174-178) should be declared external
AddressList.changeList (/sb/0x000000c96e715a5b8cd3beaea66bdb749225fa2f.sol#190-199) should be declared external
NamableAddressList.changeName (/sb/0x000000c96e715a5b8cd3beaea66bdb749225fa2f.sol#208-210) should be declared external
TimeLockedController.requestMint (/sb/0x000000c96e715a5b8cd3beaea66bdb749225fa2f.sol#309-317) should be declared external
TimeLockedController.finalizeMint (/sb/0x000000c96e715a5b8cd3beaea66bdb749225fa2f.sol#319-332) should be declared external
TimeLockedController.transferChild (/sb/0x000000c96e715a5b8cd3beaea66bdb749225fa2f.sol#334-338) should be declared external
TimeLockedController.requestReclaim (/sb/0x000000c96e715a5b8cd3beaea66bdb749225fa2f.sol#343-347) should be declared external
TimeLockedController.changeBurnBounds (/sb/0x000000c96e715a5b8cd3beaea66bdb749225fa2f.sol#349-352) should be declared external
TimeLockedController.changeStakingFees (/sb/0x000000c96e715a5b8cd3beaea66bdb749225fa2f.sol#354-382) should be declared external
TimeLockedController.changeStaker (/sb/0x000000c96e715a5b8cd3beaea66bdb749225fa2f.sol#384-388) should be declared external
TimeLockedController.delegateToNewContract (/sb/0x000000c96e715a5b8cd3beaea66bdb749225fa2f.sol#389-394) should be declared external
TimeLockedController.setDelegatedFrom (/sb/0x000000c96e715a5b8cd3beaea66bdb749225fa2f.sol#396-401) should be declared external
TimeLockedController.setTrueUSD (/sb/0x000000c96e715a5b8cd3beaea66bdb749225fa2f.sol#406-411) should be declared external
TimeLockedController.changeName (/sb/0x000000c96e715a5b8cd3beaea66bdb749225fa2f.sol#412-413) should be declared external
TimeLockedController.transferAdminship (/sb/0x000000c96e715a5b8cd3beaea66bdb749225fa2f.sol#413-417) should be declared external
TimeLockedController.setLists (/sb/0x000000c96e715a5b8cd3beaea66bdb749225fa2f.sol#418-426) should be declared external
TimeLockedController.updateList (/sb/0x000000c96e715a5b8cd3beaea66bdb749225fa2f.sol#427-433) should be declared external
TimeLockedController.renameList (/sb/0x000000c96e715a5b8cd3beaea66bdb749225fa2f.sol#436-439) should be declared external
TimeLockedController.issueClaimOwnership (/sb/0x000000c96e715a5b8cd3beaea66bdb749225fa2f.sol#441-445) should be declared external
AllowanceSheet.addAllowance (/sb/0x000000c96e715a5b8cd3beaea66bdb749225fa2f.sol#449-457) should be declared external
AllowanceSheet.subAllowance (/sb/0x000000c96e715a5b8cd3beaea66bdb749225fa2f.sol#457-463) should be declared external
AllowanceSheet.setAllowance (/sb/0x000000c96e715a5b8cd3beaea66bdb749225fa2f.sol#463-467) should be declared external
BalanceSheet.addBalance (/sb/0x000000c96e715a5b8cd3beaea66bdb749225fa2f.sol#474-475) should be declared external
BalanceSheet.subBalance (/sb/0x000000c96e715a5b8cd3beaea66bdb749225fa2f.sol#476-480) should be declared external
BalanceSheet.setBalance (/sb/0x000000c96e715a5b8cd3beaea66bdb749225fa2f.sol#480-486) should be declared external
CanDelegate.delegateToNewContract (/sb/0x000000c96e715a5b8cd3beaea66bdb749225fa2f.sol#700-705) should be declared external
StandardDelegate.setDelegatedFrom (/sb/0x000000c96e715a5b8cd3beaea66bdb749225fa2f.sol#784) should be declared external
TrueUSD.setLists (/sb/0x000000c96e715a5b8cd3beaea66bdb749225fa2f.sol#877-883) should be declared external
TrueUSD.changeName (/sb/0x000000c96e715a5b8cd3beaea66bdb749225fa2f.sol#883-885) should be declared external
TrueUSD.mint (/sb/0x000000c96e715a5b8cd3beaea66bdb749225fa2f.sol#900-909) should be declared external
TrueUSD.changeBurnBounds (/sb/0x000000c96e715a5b8cd3beaea66bdb749225fa2f.sol#919-923) should be declared external
TrueUSD.wipeBlacklistedAccount (/sb/0x000000c96e715a5b8cd3beaea66bdb749225fa2f.sol#935-940) should be declared external
TrueUSD.changeStakingFees (/sb/0x000000c96e715a5b8cd3beaea66bdb749225fa2f.sol#951-959) should be declared external
TrueUSD.changeStaker (/sb/0x000000c96e715a5b8cd3beaea66bdb749225fa2f.sol) should be declared external
Reference: https://github.com/trailofbits/slither/wiki/Detectors-Documentation#public-function-that-could-be-declared-as-external[0m
INFO:Detectors:[92m
Detected issues with version pragma in /sb/0x000000c96e715a5b8cd3beaea66bdb749225fa2f.sol:
	- pragma solidity^0.4.18 (/sb/0x000000c96e715a5b8cd3beaea66bdb749225fa2f.sol#1): it allows old versions
Reference: https://github.com/trailofbits/slither/wiki/Detectors-Documentation#incorrect-version-of-solidity[0m
INFO:Detectors:[92m
Function 'Ownable.Ownable' (/sb/0x000000c96e715a5b8cd3beaea66bdb749225fa2f.sol#72) is not in mixedCase
Function 'AddressList.AddressList' (/sb/0x000000c96e715a5b8cd3beaea66bdb749225fa2f.sol#182-185) is not in mixedCase
Parameter '_name' of AddressList.AddressList (/sb/0x000000c96e715a5b8cd3beaea66bdb749225fa2f.sol#184) is not in mixedCase
Parameter '_to' of AddressList.changeList (/sb/0x000000c96e715a5b8cd3beaea66bdb749225fa2f.sol#190-191) is not in mixedCase
Parameter '_onList' of AddressList.changeList (/sb/0x000000c96e715a5b8cd3beaea66bdb749225fa2f.sol#191-195) is not in mixedCase
Function 'NamableAddressList.NamableAddressList' (/sb/0x000000c96e715a5b8cd3beaea66bdb749225fa2f.sol#204-208) is not in mixedCase
Parameter '_name' of NamableAddressList.changeName (/sb/0x000000c96e715a5b8cd3beaea66bdb749225fa2f.sol#208) is not in mixedCase
Function 'HasNoEther.HasNoEther' (/sb/0x000000c96e715a5b8cd3beaea66bdb749225fa2f.sol#236-238) is not in mixedCase
Parameter '_to' of TimeLockedController.requestMint (/sb/0x000000c96e715a5b8cd3beaea66bdb749225fa2f.sol#309) is not in mixedCase
Parameter '_amount' of TimeLockedController.requestMint (/sb/0x000000c96e715a5b8cd3beaea66bdb749225fa2f.sol#309) is not in mixedCase
Parameter '_child' of TimeLockedController.transferChild (/sb/0x000000c96e715a5b8cd3beaea66bdb749225fa2f.sol#334) is not in mixedCase
Parameter '_newOwner' of TimeLockedController.transferChild (/sb/0x000000c96e715a5b8cd3beaea66bdb749225fa2f.sol#334-335) is not in mixedCase
Parameter '_transferFeeNumerator' of TimeLockedController.changeStakingFees (/sb/0x000000c96e715a5b8cd3beaea66bdb749225fa2f.sol#354) is not in mixedCase
Parameter '_transferFeeDenominator' of TimeLockedController.changeStakingFees (/sb/0x000000c96e715a5b8cd3beaea66bdb749225fa2f.sol#355) is not in mixedCase
Parameter '_mintFeeNumerator' of TimeLockedController.changeStakingFees (/sb/0x000000c96e715a5b8cd3beaea66bdb749225fa2f.sol#356) is not in mixedCase
Parameter '_mintFeeDenominator' of TimeLockedController.changeStakingFees (/sb/0x000000c96e715a5b8cd3beaea66bdb749225fa2f.sol#357) is not in mixedCase
Parameter '_mintFeeFlat' of TimeLockedController.changeStakingFees (/sb/0x000000c96e715a5b8cd3beaea66bdb749225fa2f.sol#358) is not in mixedCase
Parameter '_burnFeeNumerator' of TimeLockedController.changeStakingFees (/sb/0x000000c96e715a5b8cd3beaea66bdb749225fa2f.sol#359) is not in mixedCase
Parameter '_burnFeeDenominator' of TimeLockedController.changeStakingFees (/sb/0x000000c96e715a5b8cd3beaea66bdb749225fa2f.sol#360) is not in mixedCase
Parameter '_burnFeeFlat' of TimeLockedController.changeStakingFees (/sb/0x000000c96e715a5b8cd3beaea66bdb749225fa2f.sol#361) is not in mixedCase
Parameter '_source' of TimeLockedController.setDelegatedFrom (/sb/0x000000c96e715a5b8cd3beaea66bdb749225fa2f.sol#399) is not in mixedCase
Parameter '_canReceiveMintWhiteList' of TimeLockedController.setLists (/sb/0x000000c96e715a5b8cd3beaea66bdb749225fa2f.sol#418-421) is not in mixedCase
Parameter '_canBurnWhiteList' of TimeLockedController.setLists (/sb/0x000000c96e715a5b8cd3beaea66bdb749225fa2f.sol#421-422) is not in mixedCase
Parameter '_blackList' of TimeLockedController.setLists (/sb/0x000000c96e715a5b8cd3beaea66bdb749225fa2f.sol#422) is not in mixedCase
Parameter '_noFeesList' of TimeLockedController.setLists (/sb/0x000000c96e715a5b8cd3beaea66bdb749225fa2f.sol#422) is not in mixedCase
Parameter '_other' of TimeLockedController.issueClaimOwnership (/sb/0x000000c96e715a5b8cd3beaea66bdb749225fa2f.sol#441-442) is not in mixedCase
Constant 'TimeLockedController.blocksDelay' (/sb/0x000000c96e715a5b8cd3beaea66bdb749225fa2f.sol#276-279) is not in UPPER_CASE_WITH_UNDERSCORES
Parameter '_owner' of BasicToken.balanceOf (/sb/0x000000c96e715a5b8cd3beaea66bdb749225fa2f.sol#540) is not in mixedCase
Parameter '_to' of BasicToken.transfer (/sb/0x000000c96e715a5b8cd3beaea66bdb749225fa2f.sol#516) is not in mixedCase
Parameter '_value' of BasicToken.transfer (/sb/0x000000c96e715a5b8cd3beaea66bdb749225fa2f.sol#516-520) is not in mixedCase
Parameter '_from' of BasicToken.transferAllArgsNoAllowance (/sb/0x000000c96e715a5b8cd3beaea66bdb749225fa2f.sol#522) is not in mixedCase
Parameter '_to' of BasicToken.transferAllArgsNoAllowance (/sb/0x000000c96e715a5b8cd3beaea66bdb749225fa2f.sol#522) is not in mixedCase
Parameter '_value' of BasicToken.transferAllArgsNoAllowance (/sb/0x000000c96e715a5b8cd3beaea66bdb749225fa2f.sol#522-523) is not in mixedCase
Parameter '_value' of BurnableToken.burn (/sb/0x000000c96e715a5b8cd3beaea66bdb749225fa2f.sol#551) is not in mixedCase
Parameter '_owner' of StandardToken.allowance (/sb/0x000000c96e715a5b8cd3beaea66bdb749225fa2f.sol#638) is not in mixedCase
Parameter '_spender' of StandardToken.allowance (/sb/0x000000c96e715a5b8cd3beaea66bdb749225fa2f.sol#638) is not in mixedCase
Parameter '_from' of StandardToken.transferFrom (/sb/0x000000c96e715a5b8cd3beaea66bdb749225fa2f.sol#601) is not in mixedCase
Parameter '_to' of StandardToken.transferFrom (/sb/0x000000c96e715a5b8cd3beaea66bdb749225fa2f.sol#601) is not in mixedCase
Parameter '_value' of StandardToken.transferFrom (/sb/0x000000c96e715a5b8cd3beaea66bdb749225fa2f.sol#601) is not in mixedCase
Parameter '_spender' of StandardToken.approve (/sb/0x000000c96e715a5b8cd3beaea66bdb749225fa2f.sol#622) is not in mixedCase
Parameter '_value' of StandardToken.approve (/sb/0x000000c96e715a5b8cd3beaea66bdb749225fa2f.sol#622) is not in mixedCase
Parameter '_from' of StandardToken.transferAllArgsYesAllowance (/sb/0x000000c96e715a5b8cd3beaea66bdb749225fa2f.sol#603) is not in mixedCase
Parameter '_to' of StandardToken.transferAllArgsYesAllowance (/sb/0x000000c96e715a5b8cd3beaea66bdb749225fa2f.sol#603) is not in mixedCase
Parameter '_value' of StandardToken.transferAllArgsYesAllowance (/sb/0x000000c96e715a5b8cd3beaea66bdb749225fa2f.sol#603) is not in mixedCase
Parameter '_spender' of StandardToken.approveAllArgs (/sb/0x000000c96e715a5b8cd3beaea66bdb749225fa2f.sol#625) is not in mixedCase
Parameter '_value' of StandardToken.approveAllArgs (/sb/0x000000c96e715a5b8cd3beaea66bdb749225fa2f.sol#625-628) is not in mixedCase
Parameter '_tokenHolder' of StandardToken.approveAllArgs (/sb/0x000000c96e715a5b8cd3beaea66bdb749225fa2f.sol#629) is not in mixedCase
Parameter '_spender' of StandardToken.increaseApproval (/sb/0x000000c96e715a5b8cd3beaea66bdb749225fa2f.sol#652-653) is not in mixedCase
Parameter '_addedValue' of StandardToken.increaseApproval (/sb/0x000000c96e715a5b8cd3beaea66bdb749225fa2f.sol#653) is not in mixedCase
Parameter '_spender' of StandardToken.increaseApprovalAllArgs (/sb/0x000000c96e715a5b8cd3beaea66bdb749225fa2f.sol#656) is not in mixedCase
Parameter '_addedValue' of StandardToken.increaseApprovalAllArgs (/sb/0x000000c96e715a5b8cd3beaea66bdb749225fa2f.sol#656-657) is not in mixedCase
Parameter '_spender' of StandardToken.decreaseApproval (/sb/0x000000c96e715a5b8cd3beaea66bdb749225fa2f.sol#676) is not in mixedCase
Parameter '_subtractedValue' of StandardToken.decreaseApproval (/sb/0x000000c96e715a5b8cd3beaea66bdb749225fa2f.sol#676) is not in mixedCase
Parameter '_spender' of StandardToken.decreaseApprovalAllArgs (/sb/0x000000c96e715a5b8cd3beaea66bdb749225fa2f.sol#680) is not in mixedCase
Parameter '_subtractedValue' of StandardToken.decreaseApprovalAllArgs (/sb/0x000000c96e715a5b8cd3beaea66bdb749225fa2f.sol#680) is not in mixedCase
Parameter '_owner' of CanDelegate.allowance (/sb/0x000000c96e715a5b8cd3beaea66bdb749225fa2f.sol#741) is not in mixedCase
Parameter '_to' of PausableToken.transfer (/sb/0x000000c96e715a5b8cd3beaea66bdb749225fa2f.sol#828) is not in mixedCase
Parameter '_value' of PausableToken.transfer (/sb/0x000000c96e715a5b8cd3beaea66bdb749225fa2f.sol#828) is not in mixedCase
Parameter '_from' of PausableToken.transferFrom (/sb/0x000000c96e715a5b8cd3beaea66bdb749225fa2f.sol#831) is not in mixedCase
Parameter '_to' of PausableToken.transferFrom (/sb/0x000000c96e715a5b8cd3beaea66bdb749225fa2f.sol#831) is not in mixedCase
Parameter '_value' of PausableToken.transferFrom (/sb/0x000000c96e715a5b8cd3beaea66bdb749225fa2f.sol#831-833) is not in mixedCase
Parameter '_spender' of PausableToken.approve (/sb/0x000000c96e715a5b8cd3beaea66bdb749225fa2f.sol#836) is not in mixedCase
Parameter '_value' of PausableToken.approve (/sb/0x000000c96e715a5b8cd3beaea66bdb749225fa2f.sol#836-837) is not in mixedCase
Parameter '_spender' of PausableToken.increaseApproval (/sb/0x000000c96e715a5b8cd3beaea66bdb749225fa2f.sol#840) is not in mixedCase
Parameter '_addedValue' of PausableToken.increaseApproval (/sb/0x000000c96e715a5b8cd3beaea66bdb749225fa2f.sol#840) is not in mixedCase
Parameter '_spender' of PausableToken.decreaseApproval (/sb/0x000000c96e715a5b8cd3beaea66bdb749225fa2f.sol#843-844) is not in mixedCase
Parameter '_subtractedValue' of PausableToken.decreaseApproval (/sb/0x000000c96e715a5b8cd3beaea66bdb749225fa2f.sol#844-845) is not in mixedCase
Parameter '_from' of TrueUSD.transferAllArgsNoAllowance (/sb/0x000000c96e715a5b8cd3beaea66bdb749225fa2f.sol#927) is not in mixedCase
Parameter '_to' of TrueUSD.transferAllArgsNoAllowance (/sb/0x000000c96e715a5b8cd3beaea66bdb749225fa2f.sol#927) is not in mixedCase
Parameter '_value' of TrueUSD.transferAllArgsNoAllowance (/sb/0x000000c96e715a5b8cd3beaea66bdb749225fa2f.sol#927) is not in mixedCase
Parameter '_value' of TrueUSD.burn (/sb/0x000000c96e715a5b8cd3beaea66bdb749225fa2f.sol#890) is not in mixedCase
Function 'TrueUSD.TrueUSD' (/sb/0x000000c96e715a5b8cd3beaea66bdb749225fa2f.sol#874-877) is not in mixedCase
Parameter '_canReceiveMintWhiteList' of TrueUSD.setLists (/sb/0x000000c96e715a5b8cd3beaea66bdb749225fa2f.sol#877) is not in mixedCase
Parameter '_canBurnWhiteList' of TrueUSD.setLists (/sb/0x000000c96e715a5b8cd3beaea66bdb749225fa2f.sol#877) is not in mixedCase
Parameter '_blackList' of TrueUSD.setLists (/sb/0x000000c96e715a5b8cd3beaea66bdb749225fa2f.sol#877-878) is not in mixedCase
Parameter '_noFeesList' of TrueUSD.setLists (/sb/0x000000c96e715a5b8cd3beaea66bdb749225fa2f.sol#878) is not in mixedCase
Parameter '_name' of TrueUSD.changeName (/sb/0x000000c96e715a5b8cd3beaea66bdb749225fa2f.sol#883-884) is not in mixedCase
Parameter '_symbol' of TrueUSD.changeName (/sb/0x000000c96e715a5b8cd3beaea66bdb749225fa2f.sol#884) is not in mixedCase
Parameter '_to' of TrueUSD.mint (/sb/0x000000c96e715a5b8cd3beaea66bdb749225fa2f.sol#900) is not in mixedCase
Parameter '_amount' of TrueUSD.mint (/sb/0x000000c96e715a5b8cd3beaea66bdb749225fa2f.sol#900-901) is not in mixedCase
Parameter '_transferFeeNumerator' of TrueUSD.changeStakingFees (/sb/0x000000c96e715a5b8cd3beaea66bdb749225fa2f.sol#951-952) is not in mixedCase
Parameter '_transferFeeDenominator' of TrueUSD.changeStakingFees (/sb/0x000000c96e715a5b8cd3beaea66bdb749225fa2f.sol#955) is not in mixedCase
Parameter '_mintFeeNumerator' of TrueUSD.changeStakingFees (/sb/0x000000c96e715a5b8cd3beaea66bdb749225fa2f.sol#956-957) is not in mixedCase
Parameter '_mintFeeDenominator' of TrueUSD.changeStakingFees (/sb/0x000000c96e715a5b8cd3beaea66bdb749225fa2f.sol) is not in mixedCase
Parameter '_mintFeeFlat' of TrueUSD.changeStakingFees (/sb/0x000000c96e715a5b8cd3beaea66bdb749225fa2f.sol) is not in mixedCase
Parameter '_burnFeeNumerator' of TrueUSD.changeStakingFees (/sb/0x000000c96e715a5b8cd3beaea66bdb749225fa2f.sol) is not in mixedCase
Parameter '_burnFeeDenominator' of TrueUSD.changeStakingFees (/sb/0x000000c96e715a5b8cd3beaea66bdb749225fa2f.sol) is not in mixedCase
Parameter '_burnFeeFlat' of TrueUSD.changeStakingFees (/sb/0x000000c96e715a5b8cd3beaea66bdb749225fa2f.sol) is not in mixedCase
Reference: https://github.com/trailofbits/slither/wiki/Detectors-Documentation#conformance-to-solidity-naming-conventions[0m
INFO:Slither:/sb/0x000000c96e715a5b8cd3beaea66bdb749225fa2f.sol analyzed (25 contracts), 147 result(s) found
