INFO:Slither:Compilation warnings/errors on /sb/0xd8cc0ef2b26ff52f86de029cb38ed53b7ed98a57.sol:
/sb/0xd8cc0ef2b26ff52f86de029cb38ed53b7ed98a57.sol:176:5: Warning: Defining constructors as functions with the same name as the contract is deprecated. Use "constructor(...) { ... }" instead.
    function PumpAndDump()
    ^ (Relevant source part starts here and spans across multiple lines).
/sb/0xd8cc0ef2b26ff52f86de029cb38ed53b7ed98a57.sol:232:9: Warning: Invoking events without "emit" prefix is deprecated.
        onReinvestment(_customerAddress, _dividends, _tokens);
        ^---------------------------------------------------^
/sb/0xd8cc0ef2b26ff52f86de029cb38ed53b7ed98a57.sol:272:9: Warning: Invoking events without "emit" prefix is deprecated.
        onWithdraw(_customerAddress, _dividends);
        ^--------------------------------------^
/sb/0xd8cc0ef2b26ff52f86de029cb38ed53b7ed98a57.sol:306:9: Warning: Invoking events without "emit" prefix is deprecated.
        onTokenSell(_customerAddress, _tokens, _taxedEthereum);
        ^----------------------------------------------------^
/sb/0xd8cc0ef2b26ff52f86de029cb38ed53b7ed98a57.sol:351:9: Warning: Invoking events without "emit" prefix is deprecated.
        Transfer(_customerAddress, _toAddress, _taxedTokens);
        ^--------------------------------------------------^
/sb/0xd8cc0ef2b26ff52f86de029cb38ed53b7ed98a57.sol:420:16: Warning: Using contract member "balance" inherited from the address type is deprecated. Convert the contract to "address" type to access the member, for example use "address(contract).balance" instead.
        return this.balance;
               ^----------^
/sb/0xd8cc0ef2b26ff52f86de029cb38ed53b7ed98a57.sol:622:9: Warning: Invoking events without "emit" prefix is deprecated.
        onTokenPurchase(_customerAddress, _incomingEthereum, _amountOfTokens, _referredBy);
        ^--------------------------------------------------------------------------------^

INFO:Detectors:[91m
PumpAndDump.ambassadors_ (/sb/0xd8cc0ef2b26ff52f86de029cb38ed53b7ed98a57.sol#145-149) is never initialized. It is used in:
Reference: https://github.com/trailofbits/slither/wiki/Detectors-Documentation#uninitialized-state-variables[0m
INFO:Detectors:[92m
PumpAndDump.buy (/sb/0xd8cc0ef2b26ff52f86de029cb38ed53b7ed98a57.sol#200-204) should be declared external
PumpAndDump.fallback (/sb/0xd8cc0ef2b26ff52f86de029cb38ed53b7ed98a57.sol#214-218) should be declared external
PumpAndDump.reinvest (/sb/0xd8cc0ef2b26ff52f86de029cb38ed53b7ed98a57.sol#220-243) should be declared external
PumpAndDump.exit (/sb/0xd8cc0ef2b26ff52f86de029cb38ed53b7ed98a57.sol#244-259) should be declared external
PumpAndDump.transfer (/sb/0xd8cc0ef2b26ff52f86de029cb38ed53b7ed98a57.sol#323-370) should be declared external
PumpAndDump.disableInitialStage (/sb/0xd8cc0ef2b26ff52f86de029cb38ed53b7ed98a57.sol#376-382) should be declared external
PumpAndDump.setAdministrator (/sb/0xd8cc0ef2b26ff52f86de029cb38ed53b7ed98a57.sol#386-393) should be declared external
PumpAndDump.setStakingRequirement (/sb/0xd8cc0ef2b26ff52f86de029cb38ed53b7ed98a57.sol#401-410) should be declared external
PumpAndDump.setName (/sb/0xd8cc0ef2b26ff52f86de029cb38ed53b7ed98a57.sol#412-415) should be declared external
PumpAndDump.setSymbol (/sb/0xd8cc0ef2b26ff52f86de029cb38ed53b7ed98a57.sol#420-427) should be declared external
PumpAndDump.totalSupply (/sb/0xd8cc0ef2b26ff52f86de029cb38ed53b7ed98a57.sol#447-449) should be declared external
PumpAndDump.sellPrice (/sb/0xd8cc0ef2b26ff52f86de029cb38ed53b7ed98a57.sol#498-516) should be declared external
PumpAndDump.buyPrice (/sb/0xd8cc0ef2b26ff52f86de029cb38ed53b7ed98a57.sol#517-537) should be declared external
PumpAndDump.calculateTokensReceived (/sb/0xd8cc0ef2b26ff52f86de029cb38ed53b7ed98a57.sol#539-552) should be declared external
PumpAndDump.calculateEthereumReceived (/sb/0xd8cc0ef2b26ff52f86de029cb38ed53b7ed98a57.sol#554-563) should be declared external
Reference: https://github.com/trailofbits/slither/wiki/Detectors-Documentation#public-function-that-could-be-declared-as-external[0m
INFO:Detectors:[92m
Event 'PumpAndDump.onTokenPurchase' (/sb/0xd8cc0ef2b26ff52f86de029cb38ed53b7ed98a57.sol#98-106) is not in CapWords
Event 'PumpAndDump.onTokenSell' (/sb/0xd8cc0ef2b26ff52f86de029cb38ed53b7ed98a57.sol#106-111) is not in CapWords
Event 'PumpAndDump.onReinvestment' (/sb/0xd8cc0ef2b26ff52f86de029cb38ed53b7ed98a57.sol#112-119) is not in CapWords
Event 'PumpAndDump.onWithdraw' (/sb/0xd8cc0ef2b26ff52f86de029cb38ed53b7ed98a57.sol#120-124) is not in CapWords
Function 'PumpAndDump.PumpAndDump' (/sb/0xd8cc0ef2b26ff52f86de029cb38ed53b7ed98a57.sol#182-192) is not in mixedCase
Parameter '_referredBy' of PumpAndDump.buy (/sb/0xd8cc0ef2b26ff52f86de029cb38ed53b7ed98a57.sol#200) is not in mixedCase
Parameter '_amountOfTokens' of PumpAndDump.sell (/sb/0xd8cc0ef2b26ff52f86de029cb38ed53b7ed98a57.sol#286-287) is not in mixedCase
Parameter '_toAddress' of PumpAndDump.transfer (/sb/0xd8cc0ef2b26ff52f86de029cb38ed53b7ed98a57.sol#324) is not in mixedCase
Parameter '_amountOfTokens' of PumpAndDump.transfer (/sb/0xd8cc0ef2b26ff52f86de029cb38ed53b7ed98a57.sol#324-325) is not in mixedCase
Parameter '_identifier' of PumpAndDump.setAdministrator (/sb/0xd8cc0ef2b26ff52f86de029cb38ed53b7ed98a57.sol#386-387) is not in mixedCase
Parameter '_status' of PumpAndDump.setAdministrator (/sb/0xd8cc0ef2b26ff52f86de029cb38ed53b7ed98a57.sol#387-389) is not in mixedCase
Parameter '_amountOfTokens' of PumpAndDump.setStakingRequirement (/sb/0xd8cc0ef2b26ff52f86de029cb38ed53b7ed98a57.sol#402-403) is not in mixedCase
Parameter '_name' of PumpAndDump.setName (/sb/0xd8cc0ef2b26ff52f86de029cb38ed53b7ed98a57.sol#412) is not in mixedCase
Parameter '_symbol' of PumpAndDump.setSymbol (/sb/0xd8cc0ef2b26ff52f86de029cb38ed53b7ed98a57.sol#421-423) is not in mixedCase
Parameter '_includeReferralBonus' of PumpAndDump.myDividends (/sb/0xd8cc0ef2b26ff52f86de029cb38ed53b7ed98a57.sol#467-469) is not in mixedCase
Parameter '_customerAddress' of PumpAndDump.balanceOf (/sb/0xd8cc0ef2b26ff52f86de029cb38ed53b7ed98a57.sol#480-483) is not in mixedCase
Parameter '_customerAddress' of PumpAndDump.dividendsOf (/sb/0xd8cc0ef2b26ff52f86de029cb38ed53b7ed98a57.sol#492-493) is not in mixedCase
Parameter '_ethereumToSpend' of PumpAndDump.calculateTokensReceived (/sb/0xd8cc0ef2b26ff52f86de029cb38ed53b7ed98a57.sol#539-541) is not in mixedCase
Parameter '_tokensToSell' of PumpAndDump.calculateEthereumReceived (/sb/0xd8cc0ef2b26ff52f86de029cb38ed53b7ed98a57.sol#555) is not in mixedCase
Parameter '_incomingEthereum' of PumpAndDump.purchaseTokens (/sb/0xd8cc0ef2b26ff52f86de029cb38ed53b7ed98a57.sol#565-566) is not in mixedCase
Parameter '_referredBy' of PumpAndDump.purchaseTokens (/sb/0xd8cc0ef2b26ff52f86de029cb38ed53b7ed98a57.sol#566) is not in mixedCase
Parameter '_ethereum' of PumpAndDump.ethereumToTokens_ (/sb/0xd8cc0ef2b26ff52f86de029cb38ed53b7ed98a57.sol#650-651) is not in mixedCase
Parameter '_tokens' of PumpAndDump.tokensToEthereum_ (/sb/0xd8cc0ef2b26ff52f86de029cb38ed53b7ed98a57.sol#688-691) is not in mixedCase
Constant 'PumpAndDump.dividendFee_' (/sb/0xd8cc0ef2b26ff52f86de029cb38ed53b7ed98a57.sol#136) is not in UPPER_CASE_WITH_UNDERSCORES
Constant 'PumpAndDump.tokenPriceInitial_' (/sb/0xd8cc0ef2b26ff52f86de029cb38ed53b7ed98a57.sol#136-139) is not in UPPER_CASE_WITH_UNDERSCORES
Constant 'PumpAndDump.tokenPriceIncremental_' (/sb/0xd8cc0ef2b26ff52f86de029cb38ed53b7ed98a57.sol#139-140) is not in UPPER_CASE_WITH_UNDERSCORES
Constant 'PumpAndDump.magnitude' (/sb/0xd8cc0ef2b26ff52f86de029cb38ed53b7ed98a57.sol#140-143) is not in UPPER_CASE_WITH_UNDERSCORES
Constant 'PumpAndDump.ambassadorMaxPurchase_' (/sb/0xd8cc0ef2b26ff52f86de029cb38ed53b7ed98a57.sol#149-150) is not in UPPER_CASE_WITH_UNDERSCORES
Constant 'PumpAndDump.ambassadorQuota_' (/sb/0xd8cc0ef2b26ff52f86de029cb38ed53b7ed98a57.sol#150-152) is not in UPPER_CASE_WITH_UNDERSCORES
Reference: https://github.com/trailofbits/slither/wiki/Detectors-Documentation#conformance-to-solidity-naming-conventions[0m
INFO:Slither:/sb/0xd8cc0ef2b26ff52f86de029cb38ed53b7ed98a57.sol analyzed (2 contracts), 45 result(s) found
