INFO:Detectors:[92m
SHERE_PFIII_I_883.decimals should be constant (/sb/0x341199e2387bcf1c356881f4bb5dedbe33ab26b1.sol#9-10)
SHERE_PFIII_I_883.name should be constant (/sb/0x341199e2387bcf1c356881f4bb5dedbe33ab26b1.sol#7-8)
SHERE_PFIII_I_883.symbol should be constant (/sb/0x341199e2387bcf1c356881f4bb5dedbe33ab26b1.sol#8-9)
SHERE_PFIII_I_883.totalSupply should be constant (/sb/0x341199e2387bcf1c356881f4bb5dedbe33ab26b1.sol#11-12)
Reference: https://github.com/trailofbits/slither/wiki/Detectors-Documentation#state-variables-that-could-be-declared-constant[0m
INFO:Detectors:[92m
SHERE_PFIII_I_883.SimpleERC20Token (/sb/0x341199e2387bcf1c356881f4bb5dedbe33ab26b1.sol#15-19) should be declared external
SHERE_PFIII_I_883.transfer (/sb/0x341199e2387bcf1c356881f4bb5dedbe33ab26b1.sol#20-29) should be declared external
SHERE_PFIII_I_883.approve (/sb/0x341199e2387bcf1c356881f4bb5dedbe33ab26b1.sol#33-42) should be declared external
SHERE_PFIII_I_883.transferFrom (/sb/0x341199e2387bcf1c356881f4bb5dedbe33ab26b1.sol#42-58) should be declared external
Reference: https://github.com/trailofbits/slither/wiki/Detectors-Documentation#public-function-that-could-be-declared-as-external[0m
INFO:Detectors:[92m
Detected issues with version pragma in /sb/0x341199e2387bcf1c356881f4bb5dedbe33ab26b1.sol:
	- pragma solidity^0.4.21 (/sb/0x341199e2387bcf1c356881f4bb5dedbe33ab26b1.sol#1): it allows old versions
Reference: https://github.com/trailofbits/slither/wiki/Detectors-Documentation#incorrect-version-of-solidity[0m
INFO:Detectors:[92m
Contract 'SHERE_PFIII_I_883' (/sb/0x341199e2387bcf1c356881f4bb5dedbe33ab26b1.sol#3-407) is not in CapWords
Function 'SHERE_PFIII_I_883.SimpleERC20Token' (/sb/0x341199e2387bcf1c356881f4bb5dedbe33ab26b1.sol#15-19) is not in mixedCase
Reference: https://github.com/trailofbits/slither/wiki/Detectors-Documentation#conformance-to-solidity-naming-conventions[0m
INFO:Slither:/sb/0x341199e2387bcf1c356881f4bb5dedbe33ab26b1.sol analyzed (1 contracts), 8 result(s) found
