INFO:Slither:Compilation warnings/errors on /sb/0xd20ac5cb462051dc3dea6ac445b794effd649a20.sol:
/sb/0xd20ac5cb462051dc3dea6ac445b794effd649a20.sol:48:2: Warning: Defining constructors as functions with the same name as the contract is deprecated. Use "constructor(...) { ... }" instead.
	function EthPyramid(address _factory) public {
 ^ (Relevant source part starts here and spans across multiple lines).
/sb/0xd20ac5cb462051dc3dea6ac445b794effd649a20.sol:63:3: Warning: Use of the "var" keyword is deprecated.
		var balance = dividends(msg.sender);
		^---------^
/sb/0xd20ac5cb462051dc3dea6ac445b794effd649a20.sol:73:9: Warning: Use of the "var" keyword is deprecated.
        var withdrawalFee = div(balance,5);
        ^---------------^
/sb/0xd20ac5cb462051dc3dea6ac445b794effd649a20.sol:75:9: Warning: Use of the "var" keyword is deprecated.
        var balanceMinusWithdrawalFee = sub(balance,withdrawalFee);
        ^---------------------------^
/sb/0xd20ac5cb462051dc3dea6ac445b794effd649a20.sol:83:3: Warning: Use of the "var" keyword is deprecated.
		var balance = dividends(msg.sender);
		^---------^
/sb/0xd20ac5cb462051dc3dea6ac445b794effd649a20.sol:101:3: Warning: Use of the "var" keyword is deprecated.
		var sender = msg.sender;
		^--------^
/sb/0xd20ac5cb462051dc3dea6ac445b794effd649a20.sol:105:3: Warning: Use of the "var" keyword is deprecated.
		var res = reserve() - balance;
		^-----^
/sb/0xd20ac5cb462051dc3dea6ac445b794effd649a20.sol:108:3: Warning: Use of the "var" keyword is deprecated.
		var fee = div(value_, 10);
		^-----^
/sb/0xd20ac5cb462051dc3dea6ac445b794effd649a20.sol:111:3: Warning: Use of the "var" keyword is deprecated.
		var numEther = value_ - fee;
		^----------^
/sb/0xd20ac5cb462051dc3dea6ac445b794effd649a20.sol:114:3: Warning: Use of the "var" keyword is deprecated.
		var numTokens = calculateDividendTokens(numEther, balance);
		^-----------^
/sb/0xd20ac5cb462051dc3dea6ac445b794effd649a20.sol:117:3: Warning: Use of the "var" keyword is deprecated.
		var buyerFee = fee * scaleFactor;
		^----------^
/sb/0xd20ac5cb462051dc3dea6ac445b794effd649a20.sol:125:4: Warning: Use of the "var" keyword is deprecated.
			var bonusCoEff =
			^------------^
/sb/0xd20ac5cb462051dc3dea6ac445b794effd649a20.sol:131:4: Warning: Use of the "var" keyword is deprecated.
			var holderReward = fee * bonusCoEff;
			^--------------^
/sb/0xd20ac5cb462051dc3dea6ac445b794effd649a20.sol:137:4: Warning: Use of the "var" keyword is deprecated.
			var rewardPerShare = holderReward / totalSupply;
			^----------------^
/sb/0xd20ac5cb462051dc3dea6ac445b794effd649a20.sol:152:3: Warning: Use of the "var" keyword is deprecated.
		var payoutDiff  = (int256) ((earningsPerToken * numTokens) - buyerFee);
		^------------^
/sb/0xd20ac5cb462051dc3dea6ac445b794effd649a20.sol:166:3: Warning: Use of the "var" keyword is deprecated.
		var balance = balanceOf(msg.sender);
		^---------^
/sb/0xd20ac5cb462051dc3dea6ac445b794effd649a20.sol:182:13: Warning: Use of the "var" keyword is deprecated.
            var factoryFee = div(msg.value,5);
            ^------------^
/sb/0xd20ac5cb462051dc3dea6ac445b794effd649a20.sol:184:13: Warning: Use of the "var" keyword is deprecated.
            var fundedAmount = sub(msg.value,factoryFee);
            ^--------------^
/sb/0xd20ac5cb462051dc3dea6ac445b794effd649a20.sol:199:9: Warning: Use of the "var" keyword is deprecated.
        var eth = getEtherForTokens(1 finney);
        ^-----^
/sb/0xd20ac5cb462051dc3dea6ac445b794effd649a20.sol:200:9: Warning: Use of the "var" keyword is deprecated.
        var fee = div(eth, 10);
        ^-----^
/sb/0xd20ac5cb462051dc3dea6ac445b794effd649a20.sol:216:3: Warning: Use of the "var" keyword is deprecated.
		var balance = dividends(msg.sender);
		^---------^
/sb/0xd20ac5cb462051dc3dea6ac445b794effd649a20.sol:226:9: Warning: Use of the "var" keyword is deprecated.
        var withdrawalFee = div(balance,5);
        ^---------------^
/sb/0xd20ac5cb462051dc3dea6ac445b794effd649a20.sol:228:9: Warning: Use of the "var" keyword is deprecated.
        var balanceMinusWithdrawalFee = sub(balance,withdrawalFee);
        ^---------------------------^
/sb/0xd20ac5cb462051dc3dea6ac445b794effd649a20.sol:244:3: Warning: Use of the "var" keyword is deprecated.
		var sender = msg.sender;
		^--------^
/sb/0xd20ac5cb462051dc3dea6ac445b794effd649a20.sol:247:3: Warning: Use of the "var" keyword is deprecated.
		var fee = div(msg.value, 10);
		^-----^
/sb/0xd20ac5cb462051dc3dea6ac445b794effd649a20.sol:250:3: Warning: Use of the "var" keyword is deprecated.
		var numEther = msg.value - fee;
		^----------^
/sb/0xd20ac5cb462051dc3dea6ac445b794effd649a20.sol:253:3: Warning: Use of the "var" keyword is deprecated.
		var numTokens = getTokensForEther(numEther);
		^-----------^
/sb/0xd20ac5cb462051dc3dea6ac445b794effd649a20.sol:256:3: Warning: Use of the "var" keyword is deprecated.
		var buyerFee = fee * scaleFactor;
		^----------^
/sb/0xd20ac5cb462051dc3dea6ac445b794effd649a20.sol:264:4: Warning: Use of the "var" keyword is deprecated.
			var bonusCoEff =
			^------------^
/sb/0xd20ac5cb462051dc3dea6ac445b794effd649a20.sol:270:4: Warning: Use of the "var" keyword is deprecated.
			var holderReward = fee * bonusCoEff;
			^--------------^
/sb/0xd20ac5cb462051dc3dea6ac445b794effd649a20.sol:276:4: Warning: Use of the "var" keyword is deprecated.
			var rewardPerShare = holderReward / totalSupply;
			^----------------^
/sb/0xd20ac5cb462051dc3dea6ac445b794effd649a20.sol:292:3: Warning: Use of the "var" keyword is deprecated.
		var payoutDiff = (int256) ((earningsPerToken * numTokens) - buyerFee);
		^------------^
/sb/0xd20ac5cb462051dc3dea6ac445b794effd649a20.sol:307:3: Warning: Use of the "var" keyword is deprecated.
		var numEthersBeforeFee = getEtherForTokens(amount);
		^--------------------^
/sb/0xd20ac5cb462051dc3dea6ac445b794effd649a20.sol:310:9: Warning: Use of the "var" keyword is deprecated.
        var fee = div(numEthersBeforeFee, 10);
        ^-----^
/sb/0xd20ac5cb462051dc3dea6ac445b794effd649a20.sol:313:9: Warning: Use of the "var" keyword is deprecated.
        var numEthers = numEthersBeforeFee - fee;
        ^-----------^
/sb/0xd20ac5cb462051dc3dea6ac445b794effd649a20.sol:323:3: Warning: Use of the "var" keyword is deprecated.
		var payoutDiff = (int256) (earningsPerToken * amount + (numEthers * scaleFactor));
		^------------^
/sb/0xd20ac5cb462051dc3dea6ac445b794effd649a20.sol:337:4: Warning: Use of the "var" keyword is deprecated.
			var etherFee = fee * scaleFactor;
			^----------^
/sb/0xd20ac5cb462051dc3dea6ac445b794effd649a20.sol:341:4: Warning: Use of the "var" keyword is deprecated.
			var rewardPerShare = etherFee / totalSupply;
			^----------------^
/sb/0xd20ac5cb462051dc3dea6ac445b794effd649a20.sol:368:3: Warning: Use of the "var" keyword is deprecated.
		var reserveAmount = reserve();
		^---------------^
/sb/0xd20ac5cb462051dc3dea6ac445b794effd649a20.sol:409:3: Warning: Use of the "var" keyword is deprecated.
		var z = (s*s) / one;
		^---^

INFO:Detectors:[92m
EthPyramid.balanceOf.balance (local variable @ /sb/0xd20ac5cb462051dc3dea6ac445b794effd649a20.sol#59) shadows:
	- EthPyramid.balance (function @ /sb/0xd20ac5cb462051dc3dea6ac445b794effd649a20.sol#239-243)
EthPyramid.withdraw.balance (local variable @ /sb/0xd20ac5cb462051dc3dea6ac445b794effd649a20.sol#65) shadows:
	- EthPyramid.balance (function @ /sb/0xd20ac5cb462051dc3dea6ac445b794effd649a20.sol#239-243)
EthPyramid.reinvestDividends.balance (local variable @ /sb/0xd20ac5cb462051dc3dea6ac445b794effd649a20.sol#85) shadows:
	- EthPyramid.balance (function @ /sb/0xd20ac5cb462051dc3dea6ac445b794effd649a20.sol#239-243)
EthPyramid.sellMyTokens.balance (local variable @ /sb/0xd20ac5cb462051dc3dea6ac445b794effd649a20.sol#171) shadows:
	- EthPyramid.balance (function @ /sb/0xd20ac5cb462051dc3dea6ac445b794effd649a20.sol#239-243)
EthPyramid.withdrawOld.balance (local variable @ /sb/0xd20ac5cb462051dc3dea6ac445b794effd649a20.sol#221) shadows:
	- EthPyramid.balance (function @ /sb/0xd20ac5cb462051dc3dea6ac445b794effd649a20.sol#239-243)
Reference: https://github.com/trailofbits/slither/wiki/Detectors-Documentation#local-variable-shadowing[0m
INFO:Detectors:[92m
EthPyramid.reinvestDividends (/sb/0xd20ac5cb462051dc3dea6ac445b794effd649a20.sol#82-164) should be declared external
EthPyramid.getMeOutOfHere (/sb/0xd20ac5cb462051dc3dea6ac445b794effd649a20.sol#178-179) should be declared external
EthPyramid.buyPrice (/sb/0xd20ac5cb462051dc3dea6ac445b794effd649a20.sol#198-200) should be declared external
EthPyramid.sellPrice (/sb/0xd20ac5cb462051dc3dea6ac445b794effd649a20.sol#204-206) should be declared external
EthPyramid.fallback (/sb/0xd20ac5cb462051dc3dea6ac445b794effd649a20.sol) should be declared external
Reference: https://github.com/trailofbits/slither/wiki/Detectors-Documentation#public-function-that-could-be-declared-as-external[0m
INFO:Detectors:[92m
Detected issues with version pragma in /sb/0xd20ac5cb462051dc3dea6ac445b794effd649a20.sol:
	- pragma solidity^0.4.18 (/sb/0xd20ac5cb462051dc3dea6ac445b794effd649a20.sol#1): it allows old versions
Reference: https://github.com/trailofbits/slither/wiki/Detectors-Documentation#incorrect-version-of-solidity[0m
INFO:Detectors:[92m
Function 'EthPyramid.EthPyramid' (/sb/0xd20ac5cb462051dc3dea6ac445b794effd649a20.sol#49-52) is not in mixedCase
Parameter '_factory' of EthPyramid.EthPyramid (/sb/0xd20ac5cb462051dc3dea6ac445b794effd649a20.sol#49-50) is not in mixedCase
Parameter '_owner' of EthPyramid.balanceOf (/sb/0xd20ac5cb462051dc3dea6ac445b794effd649a20.sol#55-56) is not in mixedCase
Parameter '_owner' of EthPyramid.dividends (/sb/0xd20ac5cb462051dc3dea6ac445b794effd649a20.sol#211) is not in mixedCase
Constant 'EthPyramid.scaleFactor' (/sb/0xd20ac5cb462051dc3dea6ac445b794effd649a20.sol#10) is not in UPPER_CASE_WITH_UNDERSCORES
Constant 'EthPyramid.crr_n' (/sb/0xd20ac5cb462051dc3dea6ac445b794effd649a20.sol#15) is not in UPPER_CASE_WITH_UNDERSCORES
Constant 'EthPyramid.crr_d' (/sb/0xd20ac5cb462051dc3dea6ac445b794effd649a20.sol#16) is not in UPPER_CASE_WITH_UNDERSCORES
Constant 'EthPyramid.price_coeff' (/sb/0xd20ac5cb462051dc3dea6ac445b794effd649a20.sol#20-22) is not in UPPER_CASE_WITH_UNDERSCORES
Constant 'EthPyramid.one' (/sb/0xd20ac5cb462051dc3dea6ac445b794effd649a20.sol#390-391) is not in UPPER_CASE_WITH_UNDERSCORES
Constant 'EthPyramid.sqrt2' (/sb/0xd20ac5cb462051dc3dea6ac445b794effd649a20.sol#391-392) is not in UPPER_CASE_WITH_UNDERSCORES
Constant 'EthPyramid.sqrtdot5' (/sb/0xd20ac5cb462051dc3dea6ac445b794effd649a20.sol#392-393) is not in UPPER_CASE_WITH_UNDERSCORES
Constant 'EthPyramid.ln2' (/sb/0xd20ac5cb462051dc3dea6ac445b794effd649a20.sol#393-395) is not in UPPER_CASE_WITH_UNDERSCORES
Constant 'EthPyramid.ln2_64dot5' (/sb/0xd20ac5cb462051dc3dea6ac445b794effd649a20.sol#395-396) is not in UPPER_CASE_WITH_UNDERSCORES
Constant 'EthPyramid.c1' (/sb/0xd20ac5cb462051dc3dea6ac445b794effd649a20.sol#396-397) is not in UPPER_CASE_WITH_UNDERSCORES
Constant 'EthPyramid.c3' (/sb/0xd20ac5cb462051dc3dea6ac445b794effd649a20.sol#397-398) is not in UPPER_CASE_WITH_UNDERSCORES
Constant 'EthPyramid.c5' (/sb/0xd20ac5cb462051dc3dea6ac445b794effd649a20.sol#398-399) is not in UPPER_CASE_WITH_UNDERSCORES
Constant 'EthPyramid.c7' (/sb/0xd20ac5cb462051dc3dea6ac445b794effd649a20.sol#400-404) is not in UPPER_CASE_WITH_UNDERSCORES
Constant 'EthPyramid.c9' (/sb/0xd20ac5cb462051dc3dea6ac445b794effd649a20.sol#404-408) is not in UPPER_CASE_WITH_UNDERSCORES
Constant 'EthPyramid.c11' (/sb/0xd20ac5cb462051dc3dea6ac445b794effd649a20.sol#408) is not in UPPER_CASE_WITH_UNDERSCORES
Constant 'EthPyramid.c2' (/sb/0xd20ac5cb462051dc3dea6ac445b794effd649a20.sol#424-426) is not in UPPER_CASE_WITH_UNDERSCORES
Constant 'EthPyramid.c4' (/sb/0xd20ac5cb462051dc3dea6ac445b794effd649a20.sol#426-427) is not in UPPER_CASE_WITH_UNDERSCORES
Constant 'EthPyramid.c6' (/sb/0xd20ac5cb462051dc3dea6ac445b794effd649a20.sol#427-428) is not in UPPER_CASE_WITH_UNDERSCORES
Constant 'EthPyramid.c8' (/sb/0xd20ac5cb462051dc3dea6ac445b794effd649a20.sol#428-429) is not in UPPER_CASE_WITH_UNDERSCORES
Reference: https://github.com/trailofbits/slither/wiki/Detectors-Documentation#conformance-to-solidity-naming-conventions[0m
INFO:Slither:/sb/0xd20ac5cb462051dc3dea6ac445b794effd649a20.sol analyzed (1 contracts), 34 result(s) found
