INFO:Slither:Compilation warnings/errors on /sb/0x0000000000b3f879cb30fe243b4dfee438691c04.sol:
/sb/0x0000000000b3f879cb30fe243b4dfee438691c04.sol:108:13: Warning: Invoking events without "emit" prefix is deprecated.
            Transfer(from, to, value);
            ^-----------------------^
/sb/0x0000000000b3f879cb30fe243b4dfee438691c04.sol:141:9: Warning: Invoking events without "emit" prefix is deprecated.
        Approval(owner, spender, value);
        ^-----------------------------^
/sb/0x0000000000b3f879cb30fe243b4dfee438691c04.sol:242:13: Warning: Return value of low-level calls not used.
            mk_contract_address(this, i).call();
            ^---------------------------------^
/sb/0x0000000000b3f879cb30fe243b4dfee438691c04.sol:15:5: Warning: Function state mutability can be restricted to pure
    function count_bytes(uint256 n) constant internal returns (uint256 c) {
    ^ (Relevant source part starts here and spans across multiple lines).

INFO:Detectors:[93m
GasToken2.mk_contract_address (/sb/0x0000000000b3f879cb30fe243b4dfee438691c04.sol#26-86) is declared view but contains assembly code
Reference: https://github.com/trailofbits/slither/wiki/Detectors-Documentation#constant-functions-changing-the-state[0m
INFO:Detectors:[93m
Reentrancy in GasToken2.free (/sb/0x0000000000b3f879cb30fe243b4dfee438691c04.sol#261-269):
	External calls:
	- destroyChildren(value) (/sb/0x0000000000b3f879cb30fe243b4dfee438691c04.sol#268)
	State variables written after the call(s):
	- s_balances (/sb/0x0000000000b3f879cb30fe243b4dfee438691c04.sol#268-269)
Reentrancy in GasToken2.freeFrom (/sb/0x0000000000b3f879cb30fe243b4dfee438691c04.sol#294-311):
	External calls:
	- destroyChildren(value) (/sb/0x0000000000b3f879cb30fe243b4dfee438691c04.sol#309-310)
	State variables written after the call(s):
	- s_allowances (/sb/0x0000000000b3f879cb30fe243b4dfee438691c04.sol#310-311)
	- s_balances (/sb/0x0000000000b3f879cb30fe243b4dfee438691c04.sol#310)
Reentrancy in GasToken2.freeFromUpTo (/sb/0x0000000000b3f879cb30fe243b4dfee438691c04.sol#319-332):
	External calls:
	- destroyChildren(value) (/sb/0x0000000000b3f879cb30fe243b4dfee438691c04.sol)
	State variables written after the call(s):
	- s_allowances (/sb/0x0000000000b3f879cb30fe243b4dfee438691c04.sol)
	- s_balances (/sb/0x0000000000b3f879cb30fe243b4dfee438691c04.sol)
Reentrancy in GasToken2.freeUpTo (/sb/0x0000000000b3f879cb30fe243b4dfee438691c04.sol#278-286):
	External calls:
	- destroyChildren(value) (/sb/0x0000000000b3f879cb30fe243b4dfee438691c04.sol#285)
	State variables written after the call(s):
	- s_balances (/sb/0x0000000000b3f879cb30fe243b4dfee438691c04.sol#285-286)
Reference: https://github.com/trailofbits/slither/wiki/Detectors-Documentation#reentrancy-vulnerabilities-1[0m
INFO:Detectors:[92m
GasToken2.destroyChildren has external calls inside a loop:
	- mk_contract_address(this,i).call() (/sb/0x0000000000b3f879cb30fe243b4dfee438691c04.sol#250)
Reference: https://github.com/trailofbits/slither/wiki/Detectors-Documentation/_edit#calls-inside-a-loop[0m
INFO:Detectors:[92m
GasToken2.mk_contract_address uses assembly (/sb/0x0000000000b3f879cb30fe243b4dfee438691c04.sol#26-86)
	- /sb/0x0000000000b3f879cb30fe243b4dfee438691c04.sol#74-86
GasToken2.makeChild uses assembly (/sb/0x0000000000b3f879cb30fe243b4dfee438691c04.sol#186-219)
	- /sb/0x0000000000b3f879cb30fe243b4dfee438691c04.sol#186-219
Reference: https://github.com/trailofbits/slither/wiki/Detectors-Documentation#assembly-usage[0m
INFO:Detectors:[92m
GasToken2.balanceOf (/sb/0x0000000000b3f879cb30fe243b4dfee438691c04.sol#101-104) should be declared external
GasToken2.transfer (/sb/0x0000000000b3f879cb30fe243b4dfee438691c04.sol#118-122) should be declared external
GasToken2.transferFrom (/sb/0x0000000000b3f879cb30fe243b4dfee438691c04.sol#123-133) should be declared external
GasToken2.approve (/sb/0x0000000000b3f879cb30fe243b4dfee438691c04.sol#137-147) should be declared external
GasToken2.allowance (/sb/0x0000000000b3f879cb30fe243b4dfee438691c04.sol#154-156) should be declared external
GasToken2.totalSupply (/sb/0x0000000000b3f879cb30fe243b4dfee438691c04.sol#182-185) should be declared external
GasToken2.mint (/sb/0x0000000000b3f879cb30fe243b4dfee438691c04.sol#227-230) should be declared external
GasToken2.free (/sb/0x0000000000b3f879cb30fe243b4dfee438691c04.sol#261-269) should be declared external
GasToken2.freeUpTo (/sb/0x0000000000b3f879cb30fe243b4dfee438691c04.sol#278-286) should be declared external
GasToken2.freeFrom (/sb/0x0000000000b3f879cb30fe243b4dfee438691c04.sol#294-311) should be declared external
GasToken2.freeFromUpTo (/sb/0x0000000000b3f879cb30fe243b4dfee438691c04.sol#319-332) should be declared external
Reference: https://github.com/trailofbits/slither/wiki/Detectors-Documentation#public-function-that-could-be-declared-as-external[0m
INFO:Detectors:[92m
Detected issues with version pragma in /sb/0x0000000000b3f879cb30fe243b4dfee438691c04.sol:
	- pragma solidity^0.4.10 (/sb/0x0000000000b3f879cb30fe243b4dfee438691c04.sol#1): it allows old versions
Reference: https://github.com/trailofbits/slither/wiki/Detectors-Documentation#incorrect-version-of-solidity[0m
INFO:Detectors:[92m
Low level call in GasToken2.destroyChildren (/sb/0x0000000000b3f879cb30fe243b4dfee438691c04.sol#242-251):
	-mk_contract_address(this,i).call() /sb/0x0000000000b3f879cb30fe243b4dfee438691c04.sol#250
Reference: https://github.com/trailofbits/slither/wiki/Detectors-Documentation#low-level-calls[0m
INFO:Detectors:[92m
Function 'GasToken2.count_bytes' (/sb/0x0000000000b3f879cb30fe243b4dfee438691c04.sol#15-26) is not in mixedCase
Function 'GasToken2.mk_contract_address' (/sb/0x0000000000b3f879cb30fe243b4dfee438691c04.sol#26-86) is not in mixedCase
Variable 'GasToken2.s_balances' (/sb/0x0000000000b3f879cb30fe243b4dfee438691c04.sol#93) is not in mixedCase
Variable 'GasToken2.s_allowances' (/sb/0x0000000000b3f879cb30fe243b4dfee438691c04.sol#95-97) is not in mixedCase
Variable 'GasToken2.s_head' (/sb/0x0000000000b3f879cb30fe243b4dfee438691c04.sol#176) is not in mixedCase
Variable 'GasToken2.s_tail' (/sb/0x0000000000b3f879cb30fe243b4dfee438691c04.sol#177) is not in mixedCase
Reference: https://github.com/trailofbits/slither/wiki/Detectors-Documentation#conformance-to-solidity-naming-conventions[0m
INFO:Slither:/sb/0x0000000000b3f879cb30fe243b4dfee438691c04.sol analyzed (1 contracts), 27 result(s) found
