INFO:Detectors:[93m
Contract locking ether found in /sb/0x0313f9c5fa5338bc00e416ceae577038e5fa3e28.sol:
	Contract FilmFinsCoin has payable functions:
	 - fallback (/sb/0x0313f9c5fa5338bc00e416ceae577038e5fa3e28.sol#220)
	But does not have a function to withdraw the ether
Reference: https://github.com/trailofbits/slither/wiki/Detectors-Documentation#contracts-that-lock-ether[0m
INFO:Detectors:[92m
SafeMath.safeMul (/sb/0x0313f9c5fa5338bc00e416ceae577038e5fa3e28.sol#30-34) should be declared external
SafeMath.safeDiv (/sb/0x0313f9c5fa5338bc00e416ceae577038e5fa3e28.sol#34-41) should be declared external
FilmFinsCoin.totalSupply (/sb/0x0313f9c5fa5338bc00e416ceae577038e5fa3e28.sol#134-135) should be declared external
ERC20Interface.totalSupply (/sb/0x0313f9c5fa5338bc00e416ceae577038e5fa3e28.sol#46-47) should be declared external
FilmFinsCoin.balanceOf (/sb/0x0313f9c5fa5338bc00e416ceae577038e5fa3e28.sol#142-143) should be declared external
ERC20Interface.balanceOf (/sb/0x0313f9c5fa5338bc00e416ceae577038e5fa3e28.sol#47-48) should be declared external
ERC20Interface.allowance (/sb/0x0313f9c5fa5338bc00e416ceae577038e5fa3e28.sol#48-49) should be declared external
FilmFinsCoin.allowance (/sb/0x0313f9c5fa5338bc00e416ceae577038e5fa3e28.sol#197-199) should be declared external
FilmFinsCoin.transfer (/sb/0x0313f9c5fa5338bc00e416ceae577038e5fa3e28.sol#149-156) should be declared external
ERC20Interface.transfer (/sb/0x0313f9c5fa5338bc00e416ceae577038e5fa3e28.sol#49-50) should be declared external
FilmFinsCoin.approve (/sb/0x0313f9c5fa5338bc00e416ceae577038e5fa3e28.sol#165-173) should be declared external
ERC20Interface.approve (/sb/0x0313f9c5fa5338bc00e416ceae577038e5fa3e28.sol#50-51) should be declared external
FilmFinsCoin.transferFrom (/sb/0x0313f9c5fa5338bc00e416ceae577038e5fa3e28.sol#181-190) should be declared external
ERC20Interface.transferFrom (/sb/0x0313f9c5fa5338bc00e416ceae577038e5fa3e28.sol#51-53) should be declared external
ApproveAndCallFallBack.receiveApproval (/sb/0x0313f9c5fa5338bc00e416ceae577038e5fa3e28.sol#64-68) should be declared external
Owned.transferOwnership (/sb/0x0313f9c5fa5338bc00e416ceae577038e5fa3e28.sol#87-91) should be declared external
Owned.acceptOwnership (/sb/0x0313f9c5fa5338bc00e416ceae577038e5fa3e28.sol#91-99) should be declared external
FilmFinsCoin.approveAndCall (/sb/0x0313f9c5fa5338bc00e416ceae577038e5fa3e28.sol#205-213) should be declared external
FilmFinsCoin.fallback (/sb/0x0313f9c5fa5338bc00e416ceae577038e5fa3e28.sol#220) should be declared external
FilmFinsCoin.transferAnyERC20Token (/sb/0x0313f9c5fa5338bc00e416ceae577038e5fa3e28.sol) should be declared external
Reference: https://github.com/trailofbits/slither/wiki/Detectors-Documentation#public-function-that-could-be-declared-as-external[0m
INFO:Detectors:[92m
Parameter '_newOwner' of Owned.transferOwnership (/sb/0x0313f9c5fa5338bc00e416ceae577038e5fa3e28.sol#89) is not in mixedCase
Variable 'FilmFinsCoin._totalSupply' (/sb/0x0313f9c5fa5338bc00e416ceae577038e5fa3e28.sol#109-112) is not in mixedCase
Reference: https://github.com/trailofbits/slither/wiki/Detectors-Documentation#conformance-to-solidity-naming-conventions[0m
INFO:Slither:/sb/0x0313f9c5fa5338bc00e416ceae577038e5fa3e28.sol analyzed (5 contracts), 23 result(s) found
