INFO:Slither:Compilation warnings/errors on /sb/0xc8e12d15592d7366cf8d9aa8fb0202faf5c00ab2.sol:
/sb/0xc8e12d15592d7366cf8d9aa8fb0202faf5c00ab2.sol:25:3: Warning: Defining constructors as functions with the same name as the contract is deprecated. Use "constructor(...) { ... }" instead.
  function Ownable() {
  ^ (Relevant source part starts here and spans across multiple lines).
/sb/0xc8e12d15592d7366cf8d9aa8fb0202faf5c00ab2.sol:322:3: Warning: Defining constructors as functions with the same name as the contract is deprecated. Use "constructor(...) { ... }" instead.
  function Crowdsale(uint256 _startTime, uint256 _endTime, uint256 _rate, address _wallet) {
  ^ (Relevant source part starts here and spans across multiple lines).
/sb/0xc8e12d15592d7366cf8d9aa8fb0202faf5c00ab2.sol:526:3: Warning: Defining constructors as functions with the same name as the contract is deprecated. Use "constructor(...) { ... }" instead.
  function CappedCrowdsale(uint256 _cap) {
  ^ (Relevant source part starts here and spans across multiple lines).
/sb/0xc8e12d15592d7366cf8d9aa8fb0202faf5c00ab2.sol:586:3: Warning: Defining constructors as functions with the same name as the contract is deprecated. Use "constructor(...) { ... }" instead.
  function RefundVault(address _wallet) {
  ^ (Relevant source part starts here and spans across multiple lines).
/sb/0xc8e12d15592d7366cf8d9aa8fb0202faf5c00ab2.sol:627:3: Warning: Defining constructors as functions with the same name as the contract is deprecated. Use "constructor(...) { ... }" instead.
  function RefundableCrowdsale(uint256 _goal) {
  ^ (Relevant source part starts here and spans across multiple lines).
/sb/0xc8e12d15592d7366cf8d9aa8fb0202faf5c00ab2.sol:682:3: Warning: Defining constructors as functions with the same name as the contract is deprecated. Use "constructor(...) { ... }" instead.
  function BenebitToken() {
  ^ (Relevant source part starts here and spans across multiple lines).
/sb/0xc8e12d15592d7366cf8d9aa8fb0202faf5c00ab2.sol:694:5: Warning: Defining constructors as functions with the same name as the contract is deprecated. Use "constructor(...) { ... }" instead.
    function BenebitICO() 
    ^ (Relevant source part starts here and spans across multiple lines).
/sb/0xc8e12d15592d7366cf8d9aa8fb0202faf5c00ab2.sol:41:5: Warning: Invoking events without "emit" prefix is deprecated.
    OwnershipTransferred(owner, newOwner);
    ^-----------------------------------^
/sb/0xc8e12d15592d7366cf8d9aa8fb0202faf5c00ab2.sol:71:5: Warning: Invoking events without "emit" prefix is deprecated.
    Transfer(msg.sender, _to, _value);
    ^-------------------------------^
/sb/0xc8e12d15592d7366cf8d9aa8fb0202faf5c00ab2.sol:116:5: Warning: Invoking events without "emit" prefix is deprecated.
    Transfer(_from, _to, _value);
    ^--------------------------^
/sb/0xc8e12d15592d7366cf8d9aa8fb0202faf5c00ab2.sol:131:5: Warning: Invoking events without "emit" prefix is deprecated.
    Approval(msg.sender, _spender, _value);
    ^------------------------------------^
/sb/0xc8e12d15592d7366cf8d9aa8fb0202faf5c00ab2.sol:152:5: Warning: Invoking events without "emit" prefix is deprecated.
    Approval(msg.sender, _spender, allowed[msg.sender][_spender]);
    ^-----------------------------------------------------------^
/sb/0xc8e12d15592d7366cf8d9aa8fb0202faf5c00ab2.sol:163:5: Warning: Invoking events without "emit" prefix is deprecated.
    Approval(msg.sender, _spender, allowed[msg.sender][_spender]);
    ^-----------------------------------------------------------^
/sb/0xc8e12d15592d7366cf8d9aa8fb0202faf5c00ab2.sol:190:5: Warning: Invoking events without "emit" prefix is deprecated.
    Mint(_to, _amount);
    ^----------------^
/sb/0xc8e12d15592d7366cf8d9aa8fb0202faf5c00ab2.sol:191:5: Warning: Invoking events without "emit" prefix is deprecated.
    Transfer(msg.sender, _to, _amount);
    ^--------------------------------^
/sb/0xc8e12d15592d7366cf8d9aa8fb0202faf5c00ab2.sol:200:5: Warning: Invoking events without "emit" prefix is deprecated.
    MintFinished();
    ^------------^
/sb/0xc8e12d15592d7366cf8d9aa8fb0202faf5c00ab2.sol:417:5: Warning: Invoking events without "emit" prefix is deprecated.
    TokenPurchase(msg.sender, beneficiary, weiAmount, tokens);
    ^-------------------------------------------------------^
/sb/0xc8e12d15592d7366cf8d9aa8fb0202faf5c00ab2.sol:560:5: Warning: Invoking events without "emit" prefix is deprecated.
    Finalized();
    ^---------^
/sb/0xc8e12d15592d7366cf8d9aa8fb0202faf5c00ab2.sol:598:5: Warning: Invoking events without "emit" prefix is deprecated.
    Closed();
    ^------^
/sb/0xc8e12d15592d7366cf8d9aa8fb0202faf5c00ab2.sol:599:21: Warning: Using contract member "balance" inherited from the address type is deprecated. Convert the contract to "address" type to access the member, for example use "address(contract).balance" instead.
    wallet.transfer(this.balance);
                    ^----------^
/sb/0xc8e12d15592d7366cf8d9aa8fb0202faf5c00ab2.sol:604:5: Warning: Invoking events without "emit" prefix is deprecated.
    RefundsEnabled();
    ^--------------^
/sb/0xc8e12d15592d7366cf8d9aa8fb0202faf5c00ab2.sol:611:5: Warning: Invoking events without "emit" prefix is deprecated.
    Refunded(investor, depositedValue);
    ^--------------------------------^
/sb/0xc8e12d15592d7366cf8d9aa8fb0202faf5c00ab2.sol:25:3: Warning: No visibility specified. Defaulting to "public". 
  function Ownable() {
  ^ (Relevant source part starts here and spans across multiple lines).
/sb/0xc8e12d15592d7366cf8d9aa8fb0202faf5c00ab2.sol:149:3: Warning: No visibility specified. Defaulting to "public". 
  function increaseApproval (address _spender, uint _addedValue)
  ^ (Relevant source part starts here and spans across multiple lines).
/sb/0xc8e12d15592d7366cf8d9aa8fb0202faf5c00ab2.sol:155:3: Warning: No visibility specified. Defaulting to "public". 
  function decreaseApproval (address _spender, uint _subtractedValue)
  ^ (Relevant source part starts here and spans across multiple lines).
/sb/0xc8e12d15592d7366cf8d9aa8fb0202faf5c00ab2.sol:322:3: Warning: No visibility specified. Defaulting to "public". 
  function Crowdsale(uint256 _startTime, uint256 _endTime, uint256 _rate, address _wallet) {
  ^ (Relevant source part starts here and spans across multiple lines).
/sb/0xc8e12d15592d7366cf8d9aa8fb0202faf5c00ab2.sol:368:3: Warning: No visibility specified. Defaulting to "public". 
  function () payable {
  ^ (Relevant source part starts here and spans across multiple lines).
/sb/0xc8e12d15592d7366cf8d9aa8fb0202faf5c00ab2.sol:526:3: Warning: No visibility specified. Defaulting to "public". 
  function CappedCrowdsale(uint256 _cap) {
  ^ (Relevant source part starts here and spans across multiple lines).
/sb/0xc8e12d15592d7366cf8d9aa8fb0202faf5c00ab2.sol:586:3: Warning: No visibility specified. Defaulting to "public". 
  function RefundVault(address _wallet) {
  ^ (Relevant source part starts here and spans across multiple lines).
/sb/0xc8e12d15592d7366cf8d9aa8fb0202faf5c00ab2.sol:627:3: Warning: No visibility specified. Defaulting to "public". 
  function RefundableCrowdsale(uint256 _goal) {
  ^ (Relevant source part starts here and spans across multiple lines).
/sb/0xc8e12d15592d7366cf8d9aa8fb0202faf5c00ab2.sol:682:3: Warning: No visibility specified. Defaulting to "public". 
  function BenebitToken() {
  ^ (Relevant source part starts here and spans across multiple lines).
/sb/0xc8e12d15592d7366cf8d9aa8fb0202faf5c00ab2.sol:694:5: Warning: No visibility specified. Defaulting to "public". 
    function BenebitICO() 
    ^ (Relevant source part starts here and spans across multiple lines).
/sb/0xc8e12d15592d7366cf8d9aa8fb0202faf5c00ab2.sol:212:3: Warning: Function state mutability can be restricted to pure
  function mul(uint256 a, uint256 b) internal constant returns (uint256) {
  ^ (Relevant source part starts here and spans across multiple lines).
/sb/0xc8e12d15592d7366cf8d9aa8fb0202faf5c00ab2.sol:217:3: Warning: Function state mutability can be restricted to pure
  function div(uint256 a, uint256 b) internal constant returns (uint256) {
  ^ (Relevant source part starts here and spans across multiple lines).
/sb/0xc8e12d15592d7366cf8d9aa8fb0202faf5c00ab2.sol:223:3: Warning: Function state mutability can be restricted to pure
  function sub(uint256 a, uint256 b) internal constant returns (uint256) {
  ^ (Relevant source part starts here and spans across multiple lines).
/sb/0xc8e12d15592d7366cf8d9aa8fb0202faf5c00ab2.sol:227:3: Warning: Function state mutability can be restricted to pure
  function add(uint256 a, uint256 b) internal constant returns (uint256) {
  ^ (Relevant source part starts here and spans across multiple lines).
/sb/0xc8e12d15592d7366cf8d9aa8fb0202faf5c00ab2.sol:512:3: Warning: Function state mutability can be restricted to view
  function getTokenAddress() onlyOwner public returns (address) {
  ^ (Relevant source part starts here and spans across multiple lines).
/sb/0xc8e12d15592d7366cf8d9aa8fb0202faf5c00ab2.sol:515:3: Warning: Function state mutability can be restricted to view
  function getPublicSupply() onlyOwner public returns (uint256) {
  ^ (Relevant source part starts here and spans across multiple lines).
/sb/0xc8e12d15592d7366cf8d9aa8fb0202faf5c00ab2.sol:568:3: Warning: Function state mutability can be restricted to pure
  function finalization() internal {
  ^ (Relevant source part starts here and spans across multiple lines).
/sb/0xc8e12d15592d7366cf8d9aa8fb0202faf5c00ab2.sol:655:7: Warning: Function declared as view, but this expression (potentially) modifies the state and thus requires non-payable (the default) or payable.
      _goalReached = true;
      ^----------^
/sb/0xc8e12d15592d7366cf8d9aa8fb0202faf5c00ab2.sol:667:3: Warning: Function state mutability can be restricted to view
  function getVaultAddress() onlyOwner public returns (address) {
  ^ (Relevant source part starts here and spans across multiple lines).

INFO:Detectors:[93m
RefundableCrowdsale.goalReached (/sb/0xc8e12d15592d7366cf8d9aa8fb0202faf5c00ab2.sol#679-687) is declared view but changes state variables:
	- RefundableCrowdsale._goalReached
Reference: https://github.com/trailofbits/slither/wiki/Detectors-Documentation#constant-functions-changing-the-state[0m
INFO:Detectors:[93m
Reentrancy in Crowdsale.burnToken (/sb/0xc8e12d15592d7366cf8d9aa8fb0202faf5c00ab2.sol#449-454):
	External calls:
	- token.burnTokens(remainingPublicSupply) (/sb/0xc8e12d15592d7366cf8d9aa8fb0202faf5c00ab2.sol#451-452)
	State variables written after the call(s):
	- checkBurnTokens (/sb/0xc8e12d15592d7366cf8d9aa8fb0202faf5c00ab2.sol#454)
	- remainingPublicSupply (/sb/0xc8e12d15592d7366cf8d9aa8fb0202faf5c00ab2.sol#453-454)
Reentrancy in Crowdsale.grantAdvisorToken (/sb/0xc8e12d15592d7366cf8d9aa8fb0202faf5c00ab2.sol#479-493):
	External calls:
	- token.mint(0xAA855f6D87d5D443eDa49aA034fA99D9EeeA0337,valueToken) (/sb/0xc8e12d15592d7366cf8d9aa8fb0202faf5c00ab2.sol#488-490)
	- token.mint(0x4B2e3E1BBEb117b781e71A10376A969860FBcEB3,valueToken) (/sb/0xc8e12d15592d7366cf8d9aa8fb0202faf5c00ab2.sol#490-491)
	- token.mint(0xbb3b3799D1b31189b491C26B1D7c17307fb87F5d,valueToken) (/sb/0xc8e12d15592d7366cf8d9aa8fb0202faf5c00ab2.sol#491-492)
	State variables written after the call(s):
	- remainingAdvisorSupply (/sb/0xc8e12d15592d7366cf8d9aa8fb0202faf5c00ab2.sol#492-493)
Reentrancy in Crowdsale.grantTeamToken (/sb/0xc8e12d15592d7366cf8d9aa8fb0202faf5c00ab2.sol#494-509):
	External calls:
	- token.mint(0xBEB9e4057f953AaBdF14Dc4018056888C67E40b0,valueToken) (/sb/0xc8e12d15592d7366cf8d9aa8fb0202faf5c00ab2.sol#501-502)
	- token.mint(0x70fcd07629eB9b406223168AEB8De06E2564F558,valueToken) (/sb/0xc8e12d15592d7366cf8d9aa8fb0202faf5c00ab2.sol#502-503)
	- token.mint(0x0e562f12239C660627bE186de6535c05983579E9,valueToken) (/sb/0xc8e12d15592d7366cf8d9aa8fb0202faf5c00ab2.sol#503-505)
	- token.mint(0x42e045f4D119212AC1CF5820488E69AA9164DC70,valueToken) (/sb/0xc8e12d15592d7366cf8d9aa8fb0202faf5c00ab2.sol#505-507)
	- token.mint(0x2f53678a33C0fEE8f30fc5cfaC4E5E140397b40D,valueToken) (/sb/0xc8e12d15592d7366cf8d9aa8fb0202faf5c00ab2.sol#507-509)
	State variables written after the call(s):
	- remainingTeamSupply (/sb/0xc8e12d15592d7366cf8d9aa8fb0202faf5c00ab2.sol#509)
Reference: https://github.com/trailofbits/slither/wiki/Detectors-Documentation#reentrancy-vulnerabilities-1[0m
INFO:Detectors:[93m
Crowdsale.buyTokens (/sb/0xc8e12d15592d7366cf8d9aa8fb0202faf5c00ab2.sol#383-430) does not use the value returned by external calls:
	-token.mint(beneficiary,tokens) (/sb/0xc8e12d15592d7366cf8d9aa8fb0202faf5c00ab2.sol#427-428)
Crowdsale.burnToken (/sb/0xc8e12d15592d7366cf8d9aa8fb0202faf5c00ab2.sol#449-454) does not use the value returned by external calls:
	-token.burnTokens(remainingPublicSupply) (/sb/0xc8e12d15592d7366cf8d9aa8fb0202faf5c00ab2.sol#451-452)
Crowdsale.bountyFunds (/sb/0xc8e12d15592d7366cf8d9aa8fb0202faf5c00ab2.sol#460-466) does not use the value returned by external calls:
	-token.mint(beneficiary,valueToken) (/sb/0xc8e12d15592d7366cf8d9aa8fb0202faf5c00ab2.sol#465)
Crowdsale.rewardsFunds (/sb/0xc8e12d15592d7366cf8d9aa8fb0202faf5c00ab2.sol#472-478) does not use the value returned by external calls:
	-token.mint(beneficiary,valueToken) (/sb/0xc8e12d15592d7366cf8d9aa8fb0202faf5c00ab2.sol#478)
Crowdsale.grantAdvisorToken (/sb/0xc8e12d15592d7366cf8d9aa8fb0202faf5c00ab2.sol#479-493) does not use the value returned by external calls:
	-token.mint(0xAA855f6D87d5D443eDa49aA034fA99D9EeeA0337,valueToken) (/sb/0xc8e12d15592d7366cf8d9aa8fb0202faf5c00ab2.sol#488-490)
	-token.mint(0x4B2e3E1BBEb117b781e71A10376A969860FBcEB3,valueToken) (/sb/0xc8e12d15592d7366cf8d9aa8fb0202faf5c00ab2.sol#490-491)
	-token.mint(0xbb3b3799D1b31189b491C26B1D7c17307fb87F5d,valueToken) (/sb/0xc8e12d15592d7366cf8d9aa8fb0202faf5c00ab2.sol#491-492)
Crowdsale.grantTeamToken (/sb/0xc8e12d15592d7366cf8d9aa8fb0202faf5c00ab2.sol#494-509) does not use the value returned by external calls:
	-token.mint(0xBEB9e4057f953AaBdF14Dc4018056888C67E40b0,valueToken) (/sb/0xc8e12d15592d7366cf8d9aa8fb0202faf5c00ab2.sol#501-502)
	-token.mint(0x70fcd07629eB9b406223168AEB8De06E2564F558,valueToken) (/sb/0xc8e12d15592d7366cf8d9aa8fb0202faf5c00ab2.sol#502-503)
	-token.mint(0x0e562f12239C660627bE186de6535c05983579E9,valueToken) (/sb/0xc8e12d15592d7366cf8d9aa8fb0202faf5c00ab2.sol#503-505)
	-token.mint(0x42e045f4D119212AC1CF5820488E69AA9164DC70,valueToken) (/sb/0xc8e12d15592d7366cf8d9aa8fb0202faf5c00ab2.sol#505-507)
	-token.mint(0x2f53678a33C0fEE8f30fc5cfaC4E5E140397b40D,valueToken) (/sb/0xc8e12d15592d7366cf8d9aa8fb0202faf5c00ab2.sol#507-509)
Crowdsale.transferToken (/sb/0xc8e12d15592d7366cf8d9aa8fb0202faf5c00ab2.sol#518-530) does not use the value returned by external calls:
	-token.mint(beneficiary,tokens) (/sb/0xc8e12d15592d7366cf8d9aa8fb0202faf5c00ab2.sol#530)
Reference: https://github.com/trailofbits/slither/wiki/Detectors-Documentation#unused-return[0m
INFO:Detectors:[92m
Reentrancy in Crowdsale.burnToken (/sb/0xc8e12d15592d7366cf8d9aa8fb0202faf5c00ab2.sol#449-454):
	External calls:
	- token.burnTokens(remainingPublicSupply) (/sb/0xc8e12d15592d7366cf8d9aa8fb0202faf5c00ab2.sol#451-452)
	State variables written after the call(s):
	- totalSupply (/sb/0xc8e12d15592d7366cf8d9aa8fb0202faf5c00ab2.sol#452-453)
Reference: https://github.com/trailofbits/slither/wiki/Detectors-Documentation#reentrancy-vulnerabilities-2[0m
INFO:Detectors:[92m
BenebitICO._cap should be constant (/sb/0xc8e12d15592d7366cf8d9aa8fb0202faf5c00ab2.sol)
BenebitICO._endTime should be constant (/sb/0xc8e12d15592d7366cf8d9aa8fb0202faf5c00ab2.sol)
BenebitICO._goal should be constant (/sb/0xc8e12d15592d7366cf8d9aa8fb0202faf5c00ab2.sol)
BenebitICO._rate should be constant (/sb/0xc8e12d15592d7366cf8d9aa8fb0202faf5c00ab2.sol)
BenebitICO._startTime should be constant (/sb/0xc8e12d15592d7366cf8d9aa8fb0202faf5c00ab2.sol)
BenebitICO._wallet should be constant (/sb/0xc8e12d15592d7366cf8d9aa8fb0202faf5c00ab2.sol)
Reference: https://github.com/trailofbits/slither/wiki/Detectors-Documentation#state-variables-that-could-be-declared-constant[0m
INFO:Detectors:[92m
BasicToken.balanceOf (/sb/0xc8e12d15592d7366cf8d9aa8fb0202faf5c00ab2.sol#79-85) should be declared external
ERC20Basic.balanceOf (/sb/0xc8e12d15592d7366cf8d9aa8fb0202faf5c00ab2.sol#9-10) should be declared external
ERC20Basic.transfer (/sb/0xc8e12d15592d7366cf8d9aa8fb0202faf5c00ab2.sol#10-11) should be declared external
BasicToken.transfer (/sb/0xc8e12d15592d7366cf8d9aa8fb0202faf5c00ab2.sol#66-76) should be declared external
Ownable.transferOwnership (/sb/0xc8e12d15592d7366cf8d9aa8fb0202faf5c00ab2.sol#39-47) should be declared external
StandardToken.allowance (/sb/0xc8e12d15592d7366cf8d9aa8fb0202faf5c00ab2.sol#142-145) should be declared external
ERC20.allowance (/sb/0xc8e12d15592d7366cf8d9aa8fb0202faf5c00ab2.sol#89) should be declared external
StandardToken.transferFrom (/sb/0xc8e12d15592d7366cf8d9aa8fb0202faf5c00ab2.sol#109-122) should be declared external
ERC20.transferFrom (/sb/0xc8e12d15592d7366cf8d9aa8fb0202faf5c00ab2.sol#90-91) should be declared external
ERC20.approve (/sb/0xc8e12d15592d7366cf8d9aa8fb0202faf5c00ab2.sol#91-94) should be declared external
StandardToken.approve (/sb/0xc8e12d15592d7366cf8d9aa8fb0202faf5c00ab2.sol#131-136) should be declared external
StandardToken.increaseApproval (/sb/0xc8e12d15592d7366cf8d9aa8fb0202faf5c00ab2.sol#151-158) should be declared external
StandardToken.decreaseApproval (/sb/0xc8e12d15592d7366cf8d9aa8fb0202faf5c00ab2.sol#158-170) should be declared external
MintableToken.mint (/sb/0xc8e12d15592d7366cf8d9aa8fb0202faf5c00ab2.sol#190-199) should be declared external
MintableToken.finishMinting (/sb/0xc8e12d15592d7366cf8d9aa8fb0202faf5c00ab2.sol#203-209) should be declared external
MintableToken.burnTokens (/sb/0xc8e12d15592d7366cf8d9aa8fb0202faf5c00ab2.sol#209-213) should be declared external
Crowdsale.fallback (/sb/0xc8e12d15592d7366cf8d9aa8fb0202faf5c00ab2.sol#380-382) should be declared external
Crowdsale.burnToken (/sb/0xc8e12d15592d7366cf8d9aa8fb0202faf5c00ab2.sol#449-454) should be declared external
Crowdsale.bountyFunds (/sb/0xc8e12d15592d7366cf8d9aa8fb0202faf5c00ab2.sol#460-466) should be declared external
Crowdsale.rewardsFunds (/sb/0xc8e12d15592d7366cf8d9aa8fb0202faf5c00ab2.sol#472-478) should be declared external
Crowdsale.grantAdvisorToken (/sb/0xc8e12d15592d7366cf8d9aa8fb0202faf5c00ab2.sol#479-493) should be declared external
Crowdsale.grantTeamToken (/sb/0xc8e12d15592d7366cf8d9aa8fb0202faf5c00ab2.sol#494-509) should be declared external
Crowdsale.transferToken (/sb/0xc8e12d15592d7366cf8d9aa8fb0202faf5c00ab2.sol#518-530) should be declared external
Crowdsale.getTokenAddress (/sb/0xc8e12d15592d7366cf8d9aa8fb0202faf5c00ab2.sol#530-532) should be declared external
Crowdsale.getPublicSupply (/sb/0xc8e12d15592d7366cf8d9aa8fb0202faf5c00ab2.sol#532-534) should be declared external
FinalizableCrowdsale.finalize (/sb/0xc8e12d15592d7366cf8d9aa8fb0202faf5c00ab2.sol#575-580) should be declared external
RefundVault.deposit (/sb/0xc8e12d15592d7366cf8d9aa8fb0202faf5c00ab2.sol#609-616) should be declared external
RefundVault.close (/sb/0xc8e12d15592d7366cf8d9aa8fb0202faf5c00ab2.sol#616-618) should be declared external
RefundVault.enableRefunds (/sb/0xc8e12d15592d7366cf8d9aa8fb0202faf5c00ab2.sol#619-622) should be declared external
RefundVault.refund (/sb/0xc8e12d15592d7366cf8d9aa8fb0202faf5c00ab2.sol#623-629) should be declared external
RefundableCrowdsale.claimRefund (/sb/0xc8e12d15592d7366cf8d9aa8fb0202faf5c00ab2.sol#665-672) should be declared external
RefundableCrowdsale.updateGoalCheck (/sb/0xc8e12d15592d7366cf8d9aa8fb0202faf5c00ab2.sol#687-689) should be declared external
RefundableCrowdsale.getVaultAddress (/sb/0xc8e12d15592d7366cf8d9aa8fb0202faf5c00ab2.sol#690-692) should be declared external
Reference: https://github.com/trailofbits/slither/wiki/Detectors-Documentation#public-function-that-could-be-declared-as-external[0m
INFO:Detectors:[92m
Detected issues with version pragma in /sb/0xc8e12d15592d7366cf8d9aa8fb0202faf5c00ab2.sol:
	- pragma solidity^0.4.11 (/sb/0xc8e12d15592d7366cf8d9aa8fb0202faf5c00ab2.sol#1): it allows old versions
Reference: https://github.com/trailofbits/slither/wiki/Detectors-Documentation#incorrect-version-of-solidity[0m
INFO:Detectors:[92m
Function 'Ownable.Ownable' (/sb/0xc8e12d15592d7366cf8d9aa8fb0202faf5c00ab2.sol#26-29) is not in mixedCase
Parameter '_owner' of BasicToken.balanceOf (/sb/0xc8e12d15592d7366cf8d9aa8fb0202faf5c00ab2.sol#80-81) is not in mixedCase
Parameter '_to' of BasicToken.transfer (/sb/0xc8e12d15592d7366cf8d9aa8fb0202faf5c00ab2.sol#67) is not in mixedCase
Parameter '_value' of BasicToken.transfer (/sb/0xc8e12d15592d7366cf8d9aa8fb0202faf5c00ab2.sol#67-68) is not in mixedCase
Parameter '_owner' of StandardToken.allowance (/sb/0xc8e12d15592d7366cf8d9aa8fb0202faf5c00ab2.sol#144) is not in mixedCase
Parameter '_spender' of StandardToken.allowance (/sb/0xc8e12d15592d7366cf8d9aa8fb0202faf5c00ab2.sol#144) is not in mixedCase
Parameter '_from' of StandardToken.transferFrom (/sb/0xc8e12d15592d7366cf8d9aa8fb0202faf5c00ab2.sol#110) is not in mixedCase
Parameter '_to' of StandardToken.transferFrom (/sb/0xc8e12d15592d7366cf8d9aa8fb0202faf5c00ab2.sol#110) is not in mixedCase
Parameter '_value' of StandardToken.transferFrom (/sb/0xc8e12d15592d7366cf8d9aa8fb0202faf5c00ab2.sol#110) is not in mixedCase
Parameter '_spender' of StandardToken.approve (/sb/0xc8e12d15592d7366cf8d9aa8fb0202faf5c00ab2.sol#131) is not in mixedCase
Parameter '_value' of StandardToken.approve (/sb/0xc8e12d15592d7366cf8d9aa8fb0202faf5c00ab2.sol#132) is not in mixedCase
Parameter '_spender' of StandardToken.increaseApproval (/sb/0xc8e12d15592d7366cf8d9aa8fb0202faf5c00ab2.sol#151-152) is not in mixedCase
Parameter '_addedValue' of StandardToken.increaseApproval (/sb/0xc8e12d15592d7366cf8d9aa8fb0202faf5c00ab2.sol#152) is not in mixedCase
Parameter '_spender' of StandardToken.decreaseApproval (/sb/0xc8e12d15592d7366cf8d9aa8fb0202faf5c00ab2.sol#158-159) is not in mixedCase
Parameter '_subtractedValue' of StandardToken.decreaseApproval (/sb/0xc8e12d15592d7366cf8d9aa8fb0202faf5c00ab2.sol#159) is not in mixedCase
Parameter '_to' of MintableToken.mint (/sb/0xc8e12d15592d7366cf8d9aa8fb0202faf5c00ab2.sol#190-191) is not in mixedCase
Parameter '_amount' of MintableToken.mint (/sb/0xc8e12d15592d7366cf8d9aa8fb0202faf5c00ab2.sol#191) is not in mixedCase
Parameter '_unsoldTokens' of MintableToken.burnTokens (/sb/0xc8e12d15592d7366cf8d9aa8fb0202faf5c00ab2.sol#209-211) is not in mixedCase
Function 'Crowdsale.Crowdsale' (/sb/0xc8e12d15592d7366cf8d9aa8fb0202faf5c00ab2.sol#330-372) is not in mixedCase
Parameter '_startTime' of Crowdsale.Crowdsale (/sb/0xc8e12d15592d7366cf8d9aa8fb0202faf5c00ab2.sol#331) is not in mixedCase
Parameter '_endTime' of Crowdsale.Crowdsale (/sb/0xc8e12d15592d7366cf8d9aa8fb0202faf5c00ab2.sol#332) is not in mixedCase
Parameter '_rate' of Crowdsale.Crowdsale (/sb/0xc8e12d15592d7366cf8d9aa8fb0202faf5c00ab2.sol#332-333) is not in mixedCase
Parameter '_wallet' of Crowdsale.Crowdsale (/sb/0xc8e12d15592d7366cf8d9aa8fb0202faf5c00ab2.sol#333) is not in mixedCase
Variable 'Crowdsale.ICOstartTime' (/sb/0xc8e12d15592d7366cf8d9aa8fb0202faf5c00ab2.sol#256-257) is not in mixedCase
Variable 'Crowdsale.ICOEndTime' (/sb/0xc8e12d15592d7366cf8d9aa8fb0202faf5c00ab2.sol#257-259) is not in mixedCase
Function 'CappedCrowdsale.CappedCrowdsale' (/sb/0xc8e12d15592d7366cf8d9aa8fb0202faf5c00ab2.sol#539-543) is not in mixedCase
Parameter '_cap' of CappedCrowdsale.CappedCrowdsale (/sb/0xc8e12d15592d7366cf8d9aa8fb0202faf5c00ab2.sol#539-540) is not in mixedCase
Function 'RefundVault.RefundVault' (/sb/0xc8e12d15592d7366cf8d9aa8fb0202faf5c00ab2.sol#606-608) is not in mixedCase
Parameter '_wallet' of RefundVault.RefundVault (/sb/0xc8e12d15592d7366cf8d9aa8fb0202faf5c00ab2.sol#606) is not in mixedCase
Function 'RefundableCrowdsale.RefundableCrowdsale' (/sb/0xc8e12d15592d7366cf8d9aa8fb0202faf5c00ab2.sol#645-651) is not in mixedCase
Parameter '_goal' of RefundableCrowdsale.RefundableCrowdsale (/sb/0xc8e12d15592d7366cf8d9aa8fb0202faf5c00ab2.sol#645-646) is not in mixedCase
Function 'BenebitToken.BenebitToken' (/sb/0xc8e12d15592d7366cf8d9aa8fb0202faf5c00ab2.sol#703-704) is not in mixedCase
Constant 'BenebitToken._totalSupply' (/sb/0xc8e12d15592d7366cf8d9aa8fb0202faf5c00ab2.sol#700-702) is not in UPPER_CASE_WITH_UNDERSCORES
Function 'BenebitICO.BenebitICO' (/sb/0xc8e12d15592d7366cf8d9aa8fb0202faf5c00ab2.sol) is not in mixedCase
Variable 'BenebitICO._startTime' (/sb/0xc8e12d15592d7366cf8d9aa8fb0202faf5c00ab2.sol) is not in mixedCase
Variable 'BenebitICO._endTime' (/sb/0xc8e12d15592d7366cf8d9aa8fb0202faf5c00ab2.sol) is not in mixedCase
Variable 'BenebitICO._rate' (/sb/0xc8e12d15592d7366cf8d9aa8fb0202faf5c00ab2.sol) is not in mixedCase
Variable 'BenebitICO._goal' (/sb/0xc8e12d15592d7366cf8d9aa8fb0202faf5c00ab2.sol) is not in mixedCase
Variable 'BenebitICO._cap' (/sb/0xc8e12d15592d7366cf8d9aa8fb0202faf5c00ab2.sol) is not in mixedCase
Variable 'BenebitICO._wallet' (/sb/0xc8e12d15592d7366cf8d9aa8fb0202faf5c00ab2.sol) is not in mixedCase
Reference: https://github.com/trailofbits/slither/wiki/Detectors-Documentation#conformance-to-solidity-naming-conventions[0m
INFO:Detectors:[92m
Crowdsale.publicSupply (/sb/0xc8e12d15592d7366cf8d9aa8fb0202faf5c00ab2.sol#280-282) is never used in BenebitICO
Crowdsale.rewardsSupply (/sb/0xc8e12d15592d7366cf8d9aa8fb0202faf5c00ab2.sol#282-284) is never used in BenebitICO
Crowdsale.teamSupply (/sb/0xc8e12d15592d7366cf8d9aa8fb0202faf5c00ab2.sol#284-286) is never used in BenebitICO
Crowdsale.advisorSupply (/sb/0xc8e12d15592d7366cf8d9aa8fb0202faf5c00ab2.sol#286-288) is never used in BenebitICO
Crowdsale.bountySupply (/sb/0xc8e12d15592d7366cf8d9aa8fb0202faf5c00ab2.sol#288-290) is never used in BenebitICO
BenebitICO._startTime (/sb/0xc8e12d15592d7366cf8d9aa8fb0202faf5c00ab2.sol) is never used in BenebitICO
BenebitICO._endTime (/sb/0xc8e12d15592d7366cf8d9aa8fb0202faf5c00ab2.sol) is never used in BenebitICO
BenebitICO._rate (/sb/0xc8e12d15592d7366cf8d9aa8fb0202faf5c00ab2.sol) is never used in BenebitICO
BenebitICO._goal (/sb/0xc8e12d15592d7366cf8d9aa8fb0202faf5c00ab2.sol) is never used in BenebitICO
BenebitICO._cap (/sb/0xc8e12d15592d7366cf8d9aa8fb0202faf5c00ab2.sol) is never used in BenebitICO
BenebitICO._wallet (/sb/0xc8e12d15592d7366cf8d9aa8fb0202faf5c00ab2.sol) is never used in BenebitICO
Reference: https://github.com/trailofbits/slither/wiki/Detectors-Documentation#unused-state-variables[0m
INFO:Slither:/sb/0xc8e12d15592d7366cf8d9aa8fb0202faf5c00ab2.sol analyzed (14 contracts), 88 result(s) found
