INFO:Slither:Compilation warnings/errors on /sb/0x0314df8e5f5acb4c6cfea17babf5b216f0a687db.sol:
/sb/0x0314df8e5f5acb4c6cfea17babf5b216f0a687db.sol:110:5: Warning: Defining constructors as functions with the same name as the contract is deprecated. Use "constructor(...) { ... }" instead.
    function Owned() public {
    ^ (Relevant source part starts here and spans across multiple lines).
/sb/0x0314df8e5f5acb4c6cfea17babf5b216f0a687db.sol:182:5: Warning: Defining constructors as functions with the same name as the contract is deprecated. Use "constructor(...) { ... }" instead.
    function ERC20Token() public {
    ^ (Relevant source part starts here and spans across multiple lines).
/sb/0x0314df8e5f5acb4c6cfea17babf5b216f0a687db.sol:136:9: Warning: Invoking events without "emit" prefix is deprecated.
        OwnershipTransferred(owner, newOwner);
        ^-----------------------------------^
/sb/0x0314df8e5f5acb4c6cfea17babf5b216f0a687db.sol:190:9: Warning: Invoking events without "emit" prefix is deprecated.
        Transfer(address(0), owner, _totalSupply);
        ^---------------------------------------^
/sb/0x0314df8e5f5acb4c6cfea17babf5b216f0a687db.sol:239:9: Warning: Invoking events without "emit" prefix is deprecated.
        Transfer(msg.sender, to, tokens);
        ^------------------------------^
/sb/0x0314df8e5f5acb4c6cfea17babf5b216f0a687db.sol:267:9: Warning: Invoking events without "emit" prefix is deprecated.
        Approval(msg.sender, spender, tokens);
        ^-----------------------------------^
/sb/0x0314df8e5f5acb4c6cfea17babf5b216f0a687db.sol:300:9: Warning: Invoking events without "emit" prefix is deprecated.
        Transfer(from, to, tokens);
        ^------------------------^
/sb/0x0314df8e5f5acb4c6cfea17babf5b216f0a687db.sol:335:9: Warning: Invoking events without "emit" prefix is deprecated.
        Approval(msg.sender, spender, tokens);
        ^-----------------------------------^

INFO:Detectors:[93m
Contract locking ether found in /sb/0x0314df8e5f5acb4c6cfea17babf5b216f0a687db.sol:
	Contract ERC20Token has payable functions:
	 - fallback (/sb/0x0314df8e5f5acb4c6cfea17babf5b216f0a687db.sol#361-363)
	But does not have a function to withdraw the ether
Reference: https://github.com/trailofbits/slither/wiki/Detectors-Documentation#contracts-that-lock-ether[0m
INFO:Detectors:[92m
ERC20Interface.totalSupply (/sb/0x0314df8e5f5acb4c6cfea17babf5b216f0a687db.sol#59) should be declared external
ERC20Token.totalSupply (/sb/0x0314df8e5f5acb4c6cfea17babf5b216f0a687db.sol#211-213) should be declared external
ERC20Token.balanceOf (/sb/0x0314df8e5f5acb4c6cfea17babf5b216f0a687db.sol#225-227) should be declared external
ERC20Interface.balanceOf (/sb/0x0314df8e5f5acb4c6cfea17babf5b216f0a687db.sol#59-61) should be declared external
ERC20Interface.allowance (/sb/0x0314df8e5f5acb4c6cfea17babf5b216f0a687db.sol#61-63) should be declared external
ERC20Token.allowance (/sb/0x0314df8e5f5acb4c6cfea17babf5b216f0a687db.sol#325-329) should be declared external
ERC20Token.transfer (/sb/0x0314df8e5f5acb4c6cfea17babf5b216f0a687db.sol#239-255) should be declared external
ERC20Interface.transfer (/sb/0x0314df8e5f5acb4c6cfea17babf5b216f0a687db.sol#63-65) should be declared external
ERC20Interface.approve (/sb/0x0314df8e5f5acb4c6cfea17babf5b216f0a687db.sol#65-67) should be declared external
ERC20Token.approve (/sb/0x0314df8e5f5acb4c6cfea17babf5b216f0a687db.sol#274-282) should be declared external
ERC20Interface.transferFrom (/sb/0x0314df8e5f5acb4c6cfea17babf5b216f0a687db.sol#67-70) should be declared external
ERC20Token.transferFrom (/sb/0x0314df8e5f5acb4c6cfea17babf5b216f0a687db.sol#300-314) should be declared external
ApproveAndCallFallBack.receiveApproval (/sb/0x0314df8e5f5acb4c6cfea17babf5b216f0a687db.sol#89-96) should be declared external
Owned.transferOwnership (/sb/0x0314df8e5f5acb4c6cfea17babf5b216f0a687db.sol#132-136) should be declared external
Owned.acceptOwnership (/sb/0x0314df8e5f5acb4c6cfea17babf5b216f0a687db.sol#138-150) should be declared external
ERC20Token.approveAndCall (/sb/0x0314df8e5f5acb4c6cfea17babf5b216f0a687db.sol#343-357) should be declared external
ERC20Token.fallback (/sb/0x0314df8e5f5acb4c6cfea17babf5b216f0a687db.sol#361-363) should be declared external
ERC20Token.transferAnyERC20Token (/sb/0x0314df8e5f5acb4c6cfea17babf5b216f0a687db.sol) should be declared external
Reference: https://github.com/trailofbits/slither/wiki/Detectors-Documentation#public-function-that-could-be-declared-as-external[0m
INFO:Detectors:[92m
Function 'Owned.Owned' (/sb/0x0314df8e5f5acb4c6cfea17babf5b216f0a687db.sol#119-126) is not in mixedCase
Parameter '_newOwner' of Owned.transferOwnership (/sb/0x0314df8e5f5acb4c6cfea17babf5b216f0a687db.sol#134) is not in mixedCase
Function 'ERC20Token.ERC20Token' (/sb/0x0314df8e5f5acb4c6cfea17babf5b216f0a687db.sol#188-201) is not in mixedCase
Variable 'ERC20Token._totalSupply' (/sb/0x0314df8e5f5acb4c6cfea17babf5b216f0a687db.sol#176) is not in mixedCase
Reference: https://github.com/trailofbits/slither/wiki/Detectors-Documentation#conformance-to-solidity-naming-conventions[0m
INFO:Slither:/sb/0x0314df8e5f5acb4c6cfea17babf5b216f0a687db.sol analyzed (5 contracts), 23 result(s) found
