INFO:Slither:Compilation warnings/errors on /sb/0x43dea031d5fec7b8316293303e5f813d43eb33ed.sol:
/sb/0x43dea031d5fec7b8316293303e5f813d43eb33ed.sol:12:5: Warning: Defining constructors as functions with the same name as the contract is deprecated. Use "constructor(...) { ... }" instead.
    function Owner(address _owner) public {
    ^ (Relevant source part starts here and spans across multiple lines).
/sb/0x43dea031d5fec7b8316293303e5f813d43eb33ed.sol:157:5: Warning: Defining constructors as functions with the same name as the contract is deprecated. Use "constructor(...) { ... }" instead.
    function Extradecoin(address _walletAddr, address _adminAddr) public Owner(msg.sender) {
    ^ (Relevant source part starts here and spans across multiple lines).
/sb/0x43dea031d5fec7b8316293303e5f813d43eb33ed.sol:87:33: Warning: Using "years" as a unit denomination is deprecated.
    uint constant lockPeriod1 = 3 years; // 1st locked period for tokens allocation of founder and team
                                ^-----^
/sb/0x43dea031d5fec7b8316293303e5f813d43eb33ed.sol:88:33: Warning: Using "years" as a unit denomination is deprecated.
    uint constant lockPeriod2 = 1 years; // 2nd locked period for tokens allocation of founder and team
                                ^-----^

INFO:Detectors:[93m
Extradecoin.endICO (/sb/0x43dea031d5fec7b8316293303e5f813d43eb33ed.sol#233-240) uses a dangerous strict equality:
	- require(bool)(icoEndTime == 0)
Reference: https://github.com/trailofbits/slither/wiki/Detectors-Documentation#dangerous-strict-equalities[0m
INFO:Detectors:[92m
Owner.changeOwner (/sb/0x43dea031d5fec7b8316293303e5f813d43eb33ed.sol#16-24) should be declared external
Extradecoin.isSoftCapReached (/sb/0x43dea031d5fec7b8316293303e5f813d43eb33ed.sol) should be declared external
Reference: https://github.com/trailofbits/slither/wiki/Detectors-Documentation#public-function-that-could-be-declared-as-external[0m
INFO:Detectors:[92m
Detected issues with version pragma in /sb/0x43dea031d5fec7b8316293303e5f813d43eb33ed.sol:
	- pragma solidity^0.4.21 (/sb/0x43dea031d5fec7b8316293303e5f813d43eb33ed.sol#1): it allows old versions
Reference: https://github.com/trailofbits/slither/wiki/Detectors-Documentation#incorrect-version-of-solidity[0m
INFO:Detectors:[92m
Function 'Owner.Owner' (/sb/0x43dea031d5fec7b8316293303e5f813d43eb33ed.sol#12-16) is not in mixedCase
Parameter '_owner' of Owner.Owner (/sb/0x43dea031d5fec7b8316293303e5f813d43eb33ed.sol#12-13) is not in mixedCase
Parameter '_newOwnerAddr' of Owner.changeOwner (/sb/0x43dea031d5fec7b8316293303e5f813d43eb33ed.sol#16) is not in mixedCase
Function 'Extradecoin.Extradecoin' (/sb/0x43dea031d5fec7b8316293303e5f813d43eb33ed.sol#159-173) is not in mixedCase
Parameter '_walletAddr' of Extradecoin.Extradecoin (/sb/0x43dea031d5fec7b8316293303e5f813d43eb33ed.sol#160-161) is not in mixedCase
Parameter '_adminAddr' of Extradecoin.Extradecoin (/sb/0x43dea031d5fec7b8316293303e5f813d43eb33ed.sol#161-162) is not in mixedCase
Parameter '_to' of Extradecoin.transfer (/sb/0x43dea031d5fec7b8316293303e5f813d43eb33ed.sol#187) is not in mixedCase
Parameter '_value' of Extradecoin.transfer (/sb/0x43dea031d5fec7b8316293303e5f813d43eb33ed.sol#187-188) is not in mixedCase
Parameter '_from' of Extradecoin.transferFrom (/sb/0x43dea031d5fec7b8316293303e5f813d43eb33ed.sol#199) is not in mixedCase
Parameter '_to' of Extradecoin.transferFrom (/sb/0x43dea031d5fec7b8316293303e5f813d43eb33ed.sol#199) is not in mixedCase
Parameter '_value' of Extradecoin.transferFrom (/sb/0x43dea031d5fec7b8316293303e5f813d43eb33ed.sol#199) is not in mixedCase
Parameter '_spender' of Extradecoin.approve (/sb/0x43dea031d5fec7b8316293303e5f813d43eb33ed.sol#212) is not in mixedCase
Parameter '_value' of Extradecoin.approve (/sb/0x43dea031d5fec7b8316293303e5f813d43eb33ed.sol#212) is not in mixedCase
Parameter '_tokenPerEther' of Extradecoin.setICOPrice (/sb/0x43dea031d5fec7b8316293303e5f813d43eb33ed.sol#246) is not in mixedCase
Parameter '_newAddress' of Extradecoin.changeWallet (/sb/0x43dea031d5fec7b8316293303e5f813d43eb33ed.sol#269-270) is not in mixedCase
Parameter '_newAddress' of Extradecoin.changeAdminAddress (/sb/0x43dea031d5fec7b8316293303e5f813d43eb33ed.sol#276) is not in mixedCase
Parameter '_newAddress' of Extradecoin.changeFounderAddress (/sb/0x43dea031d5fec7b8316293303e5f813d43eb33ed.sol#283) is not in mixedCase
Parameter '_newAddress' of Extradecoin.changeTeamAddress (/sb/0x43dea031d5fec7b8316293303e5f813d43eb33ed.sol#290) is not in mixedCase
Parameter '_addr' of Extradecoin.allocateReservedTokens (/sb/0x43dea031d5fec7b8316293303e5f813d43eb33ed.sol#371-372) is not in mixedCase
Parameter '_amount' of Extradecoin.allocateReservedTokens (/sb/0x43dea031d5fec7b8316293303e5f813d43eb33ed.sol#372) is not in mixedCase
Parameter '_addr' of Extradecoin.allocateSalesTokens (/sb/0x43dea031d5fec7b8316293303e5f813d43eb33ed.sol#381) is not in mixedCase
Parameter '_amount' of Extradecoin.allocateSalesTokens (/sb/0x43dea031d5fec7b8316293303e5f813d43eb33ed.sol#381) is not in mixedCase
Parameter '_owner' of Extradecoin.allowance (/sb/0x43dea031d5fec7b8316293303e5f813d43eb33ed.sol#391-392) is not in mixedCase
Parameter '_spender' of Extradecoin.allowance (/sb/0x43dea031d5fec7b8316293303e5f813d43eb33ed.sol#392) is not in mixedCase
Parameter '_state' of Extradecoin.issueTokensForICO (/sb/0x43dea031d5fec7b8316293303e5f813d43eb33ed.sol#396) is not in mixedCase
Parameter '_price' of Extradecoin.issueTokens (/sb/0x43dea031d5fec7b8316293303e5f813d43eb33ed.sol#398) is not in mixedCase
Parameter '_state' of Extradecoin.issueTokens (/sb/0x43dea031d5fec7b8316293303e5f813d43eb33ed.sol#398-399) is not in mixedCase
Parameter '_owner' of Extradecoin.balanceOf (/sb/0x43dea031d5fec7b8316293303e5f813d43eb33ed.sol) is not in mixedCase
Constant 'Extradecoin.totalSupply' (/sb/0x43dea031d5fec7b8316293303e5f813d43eb33ed.sol#75-77) is not in UPPER_CASE_WITH_UNDERSCORES
Constant 'Extradecoin.lockPeriod1' (/sb/0x43dea031d5fec7b8316293303e5f813d43eb33ed.sol#87-88) is not in UPPER_CASE_WITH_UNDERSCORES
Constant 'Extradecoin.lockPeriod2' (/sb/0x43dea031d5fec7b8316293303e5f813d43eb33ed.sol#88-89) is not in UPPER_CASE_WITH_UNDERSCORES
Constant 'Extradecoin.lockPeriod3' (/sb/0x43dea031d5fec7b8316293303e5f813d43eb33ed.sol#89-91) is not in UPPER_CASE_WITH_UNDERSCORES
Constant 'Extradecoin.salesAllocation' (/sb/0x43dea031d5fec7b8316293303e5f813d43eb33ed.sol#95-96) is not in UPPER_CASE_WITH_UNDERSCORES
Constant 'Extradecoin.founderAllocation' (/sb/0x43dea031d5fec7b8316293303e5f813d43eb33ed.sol#96-97) is not in UPPER_CASE_WITH_UNDERSCORES
Constant 'Extradecoin.advisorAllocation' (/sb/0x43dea031d5fec7b8316293303e5f813d43eb33ed.sol#97-98) is not in UPPER_CASE_WITH_UNDERSCORES
Constant 'Extradecoin.reservedAllocation' (/sb/0x43dea031d5fec7b8316293303e5f813d43eb33ed.sol#98-99) is not in UPPER_CASE_WITH_UNDERSCORES
Constant 'Extradecoin.minInvestedCap' (/sb/0x43dea031d5fec7b8316293303e5f813d43eb33ed.sol#100) is not in UPPER_CASE_WITH_UNDERSCORES
Constant 'Extradecoin.minInvestedAmount' (/sb/0x43dea031d5fec7b8316293303e5f813d43eb33ed.sol#100-103) is not in UPPER_CASE_WITH_UNDERSCORES
Reference: https://github.com/trailofbits/slither/wiki/Detectors-Documentation#conformance-to-solidity-naming-conventions[0m
INFO:Detectors:[92m
Extradecoin.NOT_SALE (/sb/0x43dea031d5fec7b8316293303e5f813d43eb33ed.sol#93) is never used in Extradecoin
Reference: https://github.com/trailofbits/slither/wiki/Detectors-Documentation#unused-state-variables[0m
INFO:Slither:/sb/0x43dea031d5fec7b8316293303e5f813d43eb33ed.sol analyzed (3 contracts), 43 result(s) found
