INFO:Detectors:[92m
StandardToken.transfer (/sb/0x0f8667b09984043e0bfdba4bd2092a6e02ab4b14.sol#44-55) should be declared external
StandardToken.balanceOf (/sb/0x0f8667b09984043e0bfdba4bd2092a6e02ab4b14.sol#55-59) should be declared external
StandardToken.transferFrom (/sb/0x0f8667b09984043e0bfdba4bd2092a6e02ab4b14.sol#59-71) should be declared external
StandardToken.approve (/sb/0x0f8667b09984043e0bfdba4bd2092a6e02ab4b14.sol#71-77) should be declared external
StandardToken.allowance (/sb/0x0f8667b09984043e0bfdba4bd2092a6e02ab4b14.sol#77-81) should be declared external
StandardToken.increaseApproval (/sb/0x0f8667b09984043e0bfdba4bd2092a6e02ab4b14.sol#81-87) should be declared external
StandardToken.decreaseApproval (/sb/0x0f8667b09984043e0bfdba4bd2092a6e02ab4b14.sol#87-103) should be declared external
Reference: https://github.com/trailofbits/slither/wiki/Detectors-Documentation#public-function-that-could-be-declared-as-external[0m
INFO:Detectors:[92m
Detected issues with version pragma in /sb/0x0f8667b09984043e0bfdba4bd2092a6e02ab4b14.sol:
	- pragma solidity^0.4.18 (/sb/0x0f8667b09984043e0bfdba4bd2092a6e02ab4b14.sol#1): it allows old versions
Reference: https://github.com/trailofbits/slither/wiki/Detectors-Documentation#incorrect-version-of-solidity[0m
INFO:Detectors:[92m
Parameter '_to' of StandardToken.transfer (/sb/0x0f8667b09984043e0bfdba4bd2092a6e02ab4b14.sol#44-45) is not in mixedCase
Parameter '_value' of StandardToken.transfer (/sb/0x0f8667b09984043e0bfdba4bd2092a6e02ab4b14.sol#45) is not in mixedCase
Parameter '_owner' of StandardToken.balanceOf (/sb/0x0f8667b09984043e0bfdba4bd2092a6e02ab4b14.sol#55-56) is not in mixedCase
Parameter '_from' of StandardToken.transferFrom (/sb/0x0f8667b09984043e0bfdba4bd2092a6e02ab4b14.sol#59-60) is not in mixedCase
Parameter '_to' of StandardToken.transferFrom (/sb/0x0f8667b09984043e0bfdba4bd2092a6e02ab4b14.sol#60) is not in mixedCase
Parameter '_value' of StandardToken.transferFrom (/sb/0x0f8667b09984043e0bfdba4bd2092a6e02ab4b14.sol#60-61) is not in mixedCase
Parameter '_spender' of StandardToken.approve (/sb/0x0f8667b09984043e0bfdba4bd2092a6e02ab4b14.sol#72) is not in mixedCase
Parameter '_value' of StandardToken.approve (/sb/0x0f8667b09984043e0bfdba4bd2092a6e02ab4b14.sol#72-73) is not in mixedCase
Parameter '_owner' of StandardToken.allowance (/sb/0x0f8667b09984043e0bfdba4bd2092a6e02ab4b14.sol#78) is not in mixedCase
Parameter '_spender' of StandardToken.allowance (/sb/0x0f8667b09984043e0bfdba4bd2092a6e02ab4b14.sol#78-80) is not in mixedCase
Parameter '_spender' of StandardToken.increaseApproval (/sb/0x0f8667b09984043e0bfdba4bd2092a6e02ab4b14.sol#82) is not in mixedCase
Parameter '_addedValue' of StandardToken.increaseApproval (/sb/0x0f8667b09984043e0bfdba4bd2092a6e02ab4b14.sol#82) is not in mixedCase
Parameter '_spender' of StandardToken.decreaseApproval (/sb/0x0f8667b09984043e0bfdba4bd2092a6e02ab4b14.sol#88) is not in mixedCase
Parameter '_subtractedValue' of StandardToken.decreaseApproval (/sb/0x0f8667b09984043e0bfdba4bd2092a6e02ab4b14.sol#88-89) is not in mixedCase
Reference: https://github.com/trailofbits/slither/wiki/Detectors-Documentation#conformance-to-solidity-naming-conventions[0m
INFO:Slither:/sb/0x0f8667b09984043e0bfdba4bd2092a6e02ab4b14.sol analyzed (3 contracts), 22 result(s) found
