INFO:Slither:Compilation warnings/errors on /sb/0x0a2eaa1101bfec3844d9f79dd4e5b2f2d5b1fd4d.sol:
/sb/0x0a2eaa1101bfec3844d9f79dd4e5b2f2d5b1fd4d.sol:77:5: Warning: Defining constructors as functions with the same name as the contract is deprecated. Use "constructor(...) { ... }" instead.
    function Owned() public {
    ^ (Relevant source part starts here and spans across multiple lines).
/sb/0x0a2eaa1101bfec3844d9f79dd4e5b2f2d5b1fd4d.sol:115:5: Warning: Defining constructors as functions with the same name as the contract is deprecated. Use "constructor(...) { ... }" instead.
    function CharityToken() public {
    ^ (Relevant source part starts here and spans across multiple lines).
/sb/0x0a2eaa1101bfec3844d9f79dd4e5b2f2d5b1fd4d.sol:91:9: Warning: Invoking events without "emit" prefix is deprecated.
        OwnershipTransferred(owner, newOwner);
        ^-----------------------------------^
/sb/0x0a2eaa1101bfec3844d9f79dd4e5b2f2d5b1fd4d.sol:121:9: Warning: Invoking events without "emit" prefix is deprecated.
        Transfer(address(0), 0xC3a099EbE439E9A3D3595d4617380403f9E11eB0, _totalSupply);
        ^----------------------------------------------------------------------------^
/sb/0x0a2eaa1101bfec3844d9f79dd4e5b2f2d5b1fd4d.sol:149:9: Warning: Invoking events without "emit" prefix is deprecated.
        Transfer(msg.sender, to, tokens);
        ^------------------------------^
/sb/0x0a2eaa1101bfec3844d9f79dd4e5b2f2d5b1fd4d.sol:164:9: Warning: Invoking events without "emit" prefix is deprecated.
        Approval(msg.sender, spender, tokens);
        ^-----------------------------------^
/sb/0x0a2eaa1101bfec3844d9f79dd4e5b2f2d5b1fd4d.sol:182:9: Warning: Invoking events without "emit" prefix is deprecated.
        Transfer(from, to, tokens);
        ^------------------------^
/sb/0x0a2eaa1101bfec3844d9f79dd4e5b2f2d5b1fd4d.sol:203:9: Warning: Invoking events without "emit" prefix is deprecated.
        Approval(msg.sender, spender, tokens);
        ^-----------------------------------^

INFO:Detectors:[93m
Contract locking ether found in /sb/0x0a2eaa1101bfec3844d9f79dd4e5b2f2d5b1fd4d.sol:
	Contract CharityToken has payable functions:
	 - fallback (/sb/0x0a2eaa1101bfec3844d9f79dd4e5b2f2d5b1fd4d.sol#219)
	But does not have a function to withdraw the ether
Reference: https://github.com/trailofbits/slither/wiki/Detectors-Documentation#contracts-that-lock-ether[0m
INFO:Detectors:[92m
SafeMath.safeMul (/sb/0x0a2eaa1101bfec3844d9f79dd4e5b2f2d5b1fd4d.sol#30-34) should be declared external
SafeMath.safeDiv (/sb/0x0a2eaa1101bfec3844d9f79dd4e5b2f2d5b1fd4d.sol#34-41) should be declared external
CharityToken.totalSupply (/sb/0x0a2eaa1101bfec3844d9f79dd4e5b2f2d5b1fd4d.sol#133-134) should be declared external
ERC20Interface.totalSupply (/sb/0x0a2eaa1101bfec3844d9f79dd4e5b2f2d5b1fd4d.sol#46-47) should be declared external
CharityToken.balanceOf (/sb/0x0a2eaa1101bfec3844d9f79dd4e5b2f2d5b1fd4d.sol#141-142) should be declared external
ERC20Interface.balanceOf (/sb/0x0a2eaa1101bfec3844d9f79dd4e5b2f2d5b1fd4d.sol#47-48) should be declared external
ERC20Interface.allowance (/sb/0x0a2eaa1101bfec3844d9f79dd4e5b2f2d5b1fd4d.sol#48-49) should be declared external
CharityToken.allowance (/sb/0x0a2eaa1101bfec3844d9f79dd4e5b2f2d5b1fd4d.sol#196-198) should be declared external
ERC20Interface.transfer (/sb/0x0a2eaa1101bfec3844d9f79dd4e5b2f2d5b1fd4d.sol#49-50) should be declared external
CharityToken.transfer (/sb/0x0a2eaa1101bfec3844d9f79dd4e5b2f2d5b1fd4d.sol#148-155) should be declared external
CharityToken.approve (/sb/0x0a2eaa1101bfec3844d9f79dd4e5b2f2d5b1fd4d.sol#164-172) should be declared external
ERC20Interface.approve (/sb/0x0a2eaa1101bfec3844d9f79dd4e5b2f2d5b1fd4d.sol#50-51) should be declared external
CharityToken.transferFrom (/sb/0x0a2eaa1101bfec3844d9f79dd4e5b2f2d5b1fd4d.sol#180-189) should be declared external
ERC20Interface.transferFrom (/sb/0x0a2eaa1101bfec3844d9f79dd4e5b2f2d5b1fd4d.sol#51-53) should be declared external
ApproveAndCallFallBack.receiveApproval (/sb/0x0a2eaa1101bfec3844d9f79dd4e5b2f2d5b1fd4d.sol#64-68) should be declared external
Owned.transferOwnership (/sb/0x0a2eaa1101bfec3844d9f79dd4e5b2f2d5b1fd4d.sol#87-91) should be declared external
Owned.acceptOwnership (/sb/0x0a2eaa1101bfec3844d9f79dd4e5b2f2d5b1fd4d.sol#91-99) should be declared external
CharityToken.approveAndCall (/sb/0x0a2eaa1101bfec3844d9f79dd4e5b2f2d5b1fd4d.sol#204-212) should be declared external
CharityToken.fallback (/sb/0x0a2eaa1101bfec3844d9f79dd4e5b2f2d5b1fd4d.sol#219) should be declared external
CharityToken.transferAnyERC20Token (/sb/0x0a2eaa1101bfec3844d9f79dd4e5b2f2d5b1fd4d.sol) should be declared external
Reference: https://github.com/trailofbits/slither/wiki/Detectors-Documentation#public-function-that-could-be-declared-as-external[0m
INFO:Detectors:[92m
Detected issues with version pragma in /sb/0x0a2eaa1101bfec3844d9f79dd4e5b2f2d5b1fd4d.sol:
	- pragma solidity^0.4.18 (/sb/0x0a2eaa1101bfec3844d9f79dd4e5b2f2d5b1fd4d.sol#1): it allows old versions
Reference: https://github.com/trailofbits/slither/wiki/Detectors-Documentation#incorrect-version-of-solidity[0m
INFO:Detectors:[92m
Function 'Owned.Owned' (/sb/0x0a2eaa1101bfec3844d9f79dd4e5b2f2d5b1fd4d.sol#81-84) is not in mixedCase
Parameter '_newOwner' of Owned.transferOwnership (/sb/0x0a2eaa1101bfec3844d9f79dd4e5b2f2d5b1fd4d.sol#89) is not in mixedCase
Function 'CharityToken.CharityToken' (/sb/0x0a2eaa1101bfec3844d9f79dd4e5b2f2d5b1fd4d.sol#119-127) is not in mixedCase
Variable 'CharityToken._totalSupply' (/sb/0x0a2eaa1101bfec3844d9f79dd4e5b2f2d5b1fd4d.sol#109-112) is not in mixedCase
Reference: https://github.com/trailofbits/slither/wiki/Detectors-Documentation#conformance-to-solidity-naming-conventions[0m
INFO:Slither:/sb/0x0a2eaa1101bfec3844d9f79dd4e5b2f2d5b1fd4d.sol analyzed (5 contracts), 26 result(s) found
