INFO:Slither:Compilation warnings/errors on /sb/0x115ec79f1de567ec68b7ae7eda501b406626478e.sol:
/sb/0x115ec79f1de567ec68b7ae7eda501b406626478e.sol:269:3: Warning: Defining constructors as functions with the same name as the contract is deprecated. Use "constructor(...) { ... }" instead.
  function Ownable() public {
  ^ (Relevant source part starts here and spans across multiple lines).
/sb/0x115ec79f1de567ec68b7ae7eda501b406626478e.sol:348:3: Warning: Defining constructors as functions with the same name as the contract is deprecated. Use "constructor(...) { ... }" instead.
  function CappedToken(uint256 _cap) public {
  ^ (Relevant source part starts here and spans across multiple lines).
/sb/0x115ec79f1de567ec68b7ae7eda501b406626478e.sol:476:5: Warning: Defining constructors as functions with the same name as the contract is deprecated. Use "constructor(...) { ... }" instead.
    function CarryToken() public CappedToken(TOTAL_CAP) {
    ^ (Relevant source part starts here and spans across multiple lines).

INFO:Detectors:[92m
CarryToken.decimals should be constant (/sb/0x115ec79f1de567ec68b7ae7eda501b406626478e.sol#477-478)
CarryToken.name should be constant (/sb/0x115ec79f1de567ec68b7ae7eda501b406626478e.sol#475-476)
CarryToken.symbol should be constant (/sb/0x115ec79f1de567ec68b7ae7eda501b406626478e.sol#476)
Reference: https://github.com/trailofbits/slither/wiki/Detectors-Documentation#state-variables-that-could-be-declared-constant[0m
INFO:Detectors:[92m
Different versions of Solidity is used in /sb/0x115ec79f1de567ec68b7ae7eda501b406626478e.sol:
	- Version used: ['^0.4.21', '^0.4.23']
	- /sb/0x115ec79f1de567ec68b7ae7eda501b406626478e.sol#1 declares pragma solidity^0.4.21
	- /sb/0x115ec79f1de567ec68b7ae7eda501b406626478e.sol#473 declares pragma solidity^0.4.23
Reference: https://github.com/trailofbits/slither/wiki/Detectors-Documentation#different-pragma-directives-are-used[0m
INFO:Detectors:[92m
ERC20Basic.totalSupply (/sb/0x115ec79f1de567ec68b7ae7eda501b406626478e.sol#11-12) should be declared external
BasicToken.totalSupply (/sb/0x115ec79f1de567ec68b7ae7eda501b406626478e.sol#83-87) should be declared external
ERC20Basic.balanceOf (/sb/0x115ec79f1de567ec68b7ae7eda501b406626478e.sol#12-13) should be declared external
BasicToken.balanceOf (/sb/0x115ec79f1de567ec68b7ae7eda501b406626478e.sol#111-115) should be declared external
BurnableToken.burn (/sb/0x115ec79f1de567ec68b7ae7eda501b406626478e.sol#129-131) should be declared external
ERC20.allowance (/sb/0x115ec79f1de567ec68b7ae7eda501b406626478e.sol#149-150) should be declared external
StandardToken.allowance (/sb/0x115ec79f1de567ec68b7ae7eda501b406626478e.sol#213-216) should be declared external
Ownable.transferOwnership (/sb/0x115ec79f1de567ec68b7ae7eda501b406626478e.sol#297-299) should be declared external
MintableToken.finishMinting (/sb/0x115ec79f1de567ec68b7ae7eda501b406626478e.sol#346-354) should be declared external
Pausable.pause (/sb/0x115ec79f1de567ec68b7ae7eda501b406626478e.sol#417-421) should be declared external
Pausable.unpause (/sb/0x115ec79f1de567ec68b7ae7eda501b406626478e.sol#422-425) should be declared external
Reference: https://github.com/trailofbits/slither/wiki/Detectors-Documentation#public-function-that-could-be-declared-as-external[0m
INFO:Detectors:[92m
Detected issues with version pragma in /sb/0x115ec79f1de567ec68b7ae7eda501b406626478e.sol:
	- pragma solidity^0.4.21 (/sb/0x115ec79f1de567ec68b7ae7eda501b406626478e.sol#1): it allows old versions
	- pragma solidity^0.4.23 (/sb/0x115ec79f1de567ec68b7ae7eda501b406626478e.sol#473): it allows old versions
Reference: https://github.com/trailofbits/slither/wiki/Detectors-Documentation#incorrect-version-of-solidity[0m
INFO:Detectors:[92m
Parameter '_owner' of BasicToken.balanceOf (/sb/0x115ec79f1de567ec68b7ae7eda501b406626478e.sol#111) is not in mixedCase
Parameter '_to' of BasicToken.transfer (/sb/0x115ec79f1de567ec68b7ae7eda501b406626478e.sol#92) is not in mixedCase
Parameter '_value' of BasicToken.transfer (/sb/0x115ec79f1de567ec68b7ae7eda501b406626478e.sol#92) is not in mixedCase
Parameter '_value' of BurnableToken.burn (/sb/0x115ec79f1de567ec68b7ae7eda501b406626478e.sol#130) is not in mixedCase
Function 'BurnableToken._burn' (/sb/0x115ec79f1de567ec68b7ae7eda501b406626478e.sol#131-145) is not in mixedCase
Parameter '_who' of BurnableToken._burn (/sb/0x115ec79f1de567ec68b7ae7eda501b406626478e.sol#131) is not in mixedCase
Parameter '_value' of BurnableToken._burn (/sb/0x115ec79f1de567ec68b7ae7eda501b406626478e.sol#131-132) is not in mixedCase
Parameter '_owner' of StandardToken.allowance (/sb/0x115ec79f1de567ec68b7ae7eda501b406626478e.sol#215) is not in mixedCase
Parameter '_spender' of StandardToken.allowance (/sb/0x115ec79f1de567ec68b7ae7eda501b406626478e.sol#215) is not in mixedCase
Parameter '_from' of StandardToken.transferFrom (/sb/0x115ec79f1de567ec68b7ae7eda501b406626478e.sol#177) is not in mixedCase
Parameter '_to' of StandardToken.transferFrom (/sb/0x115ec79f1de567ec68b7ae7eda501b406626478e.sol#177-179) is not in mixedCase
Parameter '_value' of StandardToken.transferFrom (/sb/0x115ec79f1de567ec68b7ae7eda501b406626478e.sol#179) is not in mixedCase
Parameter '_spender' of StandardToken.approve (/sb/0x115ec79f1de567ec68b7ae7eda501b406626478e.sol#203) is not in mixedCase
Parameter '_value' of StandardToken.approve (/sb/0x115ec79f1de567ec68b7ae7eda501b406626478e.sol#203) is not in mixedCase
Parameter '_spender' of StandardToken.increaseApproval (/sb/0x115ec79f1de567ec68b7ae7eda501b406626478e.sol#225-227) is not in mixedCase
Parameter '_addedValue' of StandardToken.increaseApproval (/sb/0x115ec79f1de567ec68b7ae7eda501b406626478e.sol#228-229) is not in mixedCase
Parameter '_spender' of StandardToken.decreaseApproval (/sb/0x115ec79f1de567ec68b7ae7eda501b406626478e.sol#243) is not in mixedCase
Parameter '_subtractedValue' of StandardToken.decreaseApproval (/sb/0x115ec79f1de567ec68b7ae7eda501b406626478e.sol#243) is not in mixedCase
Function 'Ownable.Ownable' (/sb/0x115ec79f1de567ec68b7ae7eda501b406626478e.sol#282-283) is not in mixedCase
Parameter '_to' of MintableToken.mint (/sb/0x115ec79f1de567ec68b7ae7eda501b406626478e.sol#329) is not in mixedCase
Parameter '_amount' of MintableToken.mint (/sb/0x115ec79f1de567ec68b7ae7eda501b406626478e.sol#329) is not in mixedCase
Parameter '_to' of CappedToken.mint (/sb/0x115ec79f1de567ec68b7ae7eda501b406626478e.sol#373) is not in mixedCase
Parameter '_amount' of CappedToken.mint (/sb/0x115ec79f1de567ec68b7ae7eda501b406626478e.sol#373-374) is not in mixedCase
Function 'CappedToken.CappedToken' (/sb/0x115ec79f1de567ec68b7ae7eda501b406626478e.sol#359-360) is not in mixedCase
Parameter '_cap' of CappedToken.CappedToken (/sb/0x115ec79f1de567ec68b7ae7eda501b406626478e.sol#359) is not in mixedCase
Parameter '_to' of PausableToken.transfer (/sb/0x115ec79f1de567ec68b7ae7eda501b406626478e.sol#433) is not in mixedCase
Parameter '_value' of PausableToken.transfer (/sb/0x115ec79f1de567ec68b7ae7eda501b406626478e.sol#433) is not in mixedCase
Parameter '_from' of PausableToken.transferFrom (/sb/0x115ec79f1de567ec68b7ae7eda501b406626478e.sol#434) is not in mixedCase
Parameter '_to' of PausableToken.transferFrom (/sb/0x115ec79f1de567ec68b7ae7eda501b406626478e.sol#434-436) is not in mixedCase
Parameter '_value' of PausableToken.transferFrom (/sb/0x115ec79f1de567ec68b7ae7eda501b406626478e.sol#437) is not in mixedCase
Parameter '_spender' of PausableToken.approve (/sb/0x115ec79f1de567ec68b7ae7eda501b406626478e.sol#438) is not in mixedCase
Parameter '_value' of PausableToken.approve (/sb/0x115ec79f1de567ec68b7ae7eda501b406626478e.sol#438) is not in mixedCase
Parameter '_spender' of PausableToken.increaseApproval (/sb/0x115ec79f1de567ec68b7ae7eda501b406626478e.sol#445) is not in mixedCase
Parameter '_addedValue' of PausableToken.increaseApproval (/sb/0x115ec79f1de567ec68b7ae7eda501b406626478e.sol#446-447) is not in mixedCase
Parameter '_spender' of PausableToken.decreaseApproval (/sb/0x115ec79f1de567ec68b7ae7eda501b406626478e.sol#449) is not in mixedCase
Parameter '_subtractedValue' of PausableToken.decreaseApproval (/sb/0x115ec79f1de567ec68b7ae7eda501b406626478e.sol#449) is not in mixedCase
Function 'CarryToken.CarryToken' (/sb/0x115ec79f1de567ec68b7ae7eda501b406626478e.sol) is not in mixedCase
Reference: https://github.com/trailofbits/slither/wiki/Detectors-Documentation#conformance-to-solidity-naming-conventions[0m
INFO:Detectors:[92m
CarryToken.TOTAL_CAP (/sb/0x115ec79f1de567ec68b7ae7eda501b406626478e.sol) is never used in CarryToken
Reference: https://github.com/trailofbits/slither/wiki/Detectors-Documentation#unused-state-variables[0m
INFO:Slither:/sb/0x115ec79f1de567ec68b7ae7eda501b406626478e.sol analyzed (12 contracts), 52 result(s) found
