INFO:Slither:Compilation warnings/errors on /sb/0xd37ef59fd8effbba1ebdc63fa96f11bc5c50e6cb.sol:
/sb/0xd37ef59fd8effbba1ebdc63fa96f11bc5c50e6cb.sol:78:7: Warning: "throw" is deprecated in favour of "revert()", "require()" and "assert()".
      throw;
      ^---^
/sb/0xd37ef59fd8effbba1ebdc63fa96f11bc5c50e6cb.sol:97:8: Warning: "throw" is deprecated in favour of "revert()", "require()" and "assert()".
       throw;
       ^---^
/sb/0xd37ef59fd8effbba1ebdc63fa96f11bc5c50e6cb.sol:153:5: Warning: Use of the "var" keyword is deprecated.
    var _allowance = allowed[_from][msg.sender];
    ^------------^
/sb/0xd37ef59fd8effbba1ebdc63fa96f11bc5c50e6cb.sol:175:64: Warning: "throw" is deprecated in favour of "revert()", "require()" and "assert()".
    if ((_value != 0) && (allowed[msg.sender][_spender] != 0)) throw;
                                                               ^---^
/sb/0xd37ef59fd8effbba1ebdc63fa96f11bc5c50e6cb.sol:298:13: Warning: "throw" is deprecated in favour of "revert()", "require()" and "assert()".
            throw;
            ^---^
/sb/0xd37ef59fd8effbba1ebdc63fa96f11bc5c50e6cb.sol:307:13: Warning: "throw" is deprecated in favour of "revert()", "require()" and "assert()".
            throw;
            ^---^
/sb/0xd37ef59fd8effbba1ebdc63fa96f11bc5c50e6cb.sol:316:13: Warning: "throw" is deprecated in favour of "revert()", "require()" and "assert()".
            throw;
            ^---^
/sb/0xd37ef59fd8effbba1ebdc63fa96f11bc5c50e6cb.sol:325:13: Warning: "throw" is deprecated in favour of "revert()", "require()" and "assert()".
            throw;
            ^---^
/sb/0xd37ef59fd8effbba1ebdc63fa96f11bc5c50e6cb.sol:337:5: Warning: Defining constructors as functions with the same name as the contract is deprecated. Use "constructor(...) { ... }" instead.
    function LoopringToken(address _target) {
    ^ (Relevant source part starts here and spans across multiple lines).
/sb/0xd37ef59fd8effbba1ebdc63fa96f11bc5c50e6cb.sol:350:13: Warning: "throw" is deprecated in favour of "revert()", "require()" and "assert()".
            throw;
            ^---^
/sb/0xd37ef59fd8effbba1ebdc63fa96f11bc5c50e6cb.sol:397:13: Warning: "throw" is deprecated in favour of "revert()", "require()" and "assert()".
            throw;
            ^---^
/sb/0xd37ef59fd8effbba1ebdc63fa96f11bc5c50e6cb.sol:76:3: Warning: This declaration shadows a builtin symbol.
  function assert(bool assertion) internal {
  ^ (Relevant source part starts here and spans across multiple lines).
/sb/0xd37ef59fd8effbba1ebdc63fa96f11bc5c50e6cb.sol:110:5: Warning: Invoking events without "emit" prefix is deprecated.
    Transfer(msg.sender, _to, _value);
    ^-------------------------------^
/sb/0xd37ef59fd8effbba1ebdc63fa96f11bc5c50e6cb.sol:161:5: Warning: Invoking events without "emit" prefix is deprecated.
    Transfer(_from, _to, _value);
    ^--------------------------^
/sb/0xd37ef59fd8effbba1ebdc63fa96f11bc5c50e6cb.sol:178:5: Warning: Invoking events without "emit" prefix is deprecated.
    Approval(msg.sender, _spender, _value);
    ^------------------------------------^
/sb/0xd37ef59fd8effbba1ebdc63fa96f11bc5c50e6cb.sol:297:13: Warning: Invoking events without "emit" prefix is deprecated.
            InvalidCaller(msg.sender);
            ^-----------------------^
/sb/0xd37ef59fd8effbba1ebdc63fa96f11bc5c50e6cb.sol:306:13: Warning: Invoking events without "emit" prefix is deprecated.
            InvalidState("Sale has not started yet");
            ^--------------------------------------^
/sb/0xd37ef59fd8effbba1ebdc63fa96f11bc5c50e6cb.sol:315:13: Warning: Invoking events without "emit" prefix is deprecated.
            InvalidState("Sale is not in progress");
            ^-------------------------------------^
/sb/0xd37ef59fd8effbba1ebdc63fa96f11bc5c50e6cb.sol:324:13: Warning: Invoking events without "emit" prefix is deprecated.
            InvalidState("Sale is not ended yet");
            ^-----------------------------------^
/sb/0xd37ef59fd8effbba1ebdc63fa96f11bc5c50e6cb.sol:354:9: Warning: Invoking events without "emit" prefix is deprecated.
        SaleStarted();
        ^-----------^
/sb/0xd37ef59fd8effbba1ebdc63fa96f11bc5c50e6cb.sol:360:13: Warning: Invoking events without "emit" prefix is deprecated.
            SaleFailed();
            ^----------^
/sb/0xd37ef59fd8effbba1ebdc63fa96f11bc5c50e6cb.sol:363:13: Warning: Invoking events without "emit" prefix is deprecated.
            SaleSucceeded();
            ^-------------^
/sb/0xd37ef59fd8effbba1ebdc63fa96f11bc5c50e6cb.sol:389:9: Warning: Invoking events without "emit" prefix is deprecated.
        Issue(
        ^ (Relevant source part starts here and spans across multiple lines).
/sb/0xd37ef59fd8effbba1ebdc63fa96f11bc5c50e6cb.sol:447:13: Warning: Invoking events without "emit" prefix is deprecated.
            InvalidState("Unsold token has been issued already");
            ^--------------------------------------------------^
/sb/0xd37ef59fd8effbba1ebdc63fa96f11bc5c50e6cb.sol:473:13: Warning: Invoking events without "emit" prefix is deprecated.
            Issue(
            ^ (Relevant source part starts here and spans across multiple lines).
/sb/0xd37ef59fd8effbba1ebdc63fa96f11bc5c50e6cb.sol:27:3: Warning: No visibility specified. Defaulting to "public". 
  function balanceOf(address who) constant returns (uint);
  ^------------------------------------------------------^
/sb/0xd37ef59fd8effbba1ebdc63fa96f11bc5c50e6cb.sol:28:3: Warning: No visibility specified. Defaulting to "public". 
  function transfer(address to, uint value);
  ^----------------------------------------^
/sb/0xd37ef59fd8effbba1ebdc63fa96f11bc5c50e6cb.sol:107:3: Warning: No visibility specified. Defaulting to "public". 
  function transfer(address _to, uint _value) onlyPayloadSize(2 * 32) {
  ^ (Relevant source part starts here and spans across multiple lines).
/sb/0xd37ef59fd8effbba1ebdc63fa96f11bc5c50e6cb.sol:118:3: Warning: No visibility specified. Defaulting to "public". 
  function balanceOf(address _owner) constant returns (uint balance) {
  ^ (Relevant source part starts here and spans across multiple lines).
/sb/0xd37ef59fd8effbba1ebdc63fa96f11bc5c50e6cb.sol:129:3: Warning: No visibility specified. Defaulting to "public". 
  function allowance(address owner, address spender) constant returns (uint);
  ^-------------------------------------------------------------------------^
/sb/0xd37ef59fd8effbba1ebdc63fa96f11bc5c50e6cb.sol:130:3: Warning: No visibility specified. Defaulting to "public". 
  function transferFrom(address from, address to, uint value);
  ^----------------------------------------------------------^
/sb/0xd37ef59fd8effbba1ebdc63fa96f11bc5c50e6cb.sol:131:3: Warning: No visibility specified. Defaulting to "public". 
  function approve(address spender, uint value);
  ^--------------------------------------------^
/sb/0xd37ef59fd8effbba1ebdc63fa96f11bc5c50e6cb.sol:152:3: Warning: No visibility specified. Defaulting to "public". 
  function transferFrom(address _from, address _to, uint _value) onlyPayloadSize(3 * 32) {
  ^ (Relevant source part starts here and spans across multiple lines).
/sb/0xd37ef59fd8effbba1ebdc63fa96f11bc5c50e6cb.sol:169:3: Warning: No visibility specified. Defaulting to "public". 
  function approve(address _spender, uint _value) {
  ^ (Relevant source part starts here and spans across multiple lines).
/sb/0xd37ef59fd8effbba1ebdc63fa96f11bc5c50e6cb.sol:187:3: Warning: No visibility specified. Defaulting to "public". 
  function allowance(address _owner, address _spender) constant returns (uint remaining) {
  ^ (Relevant source part starts here and spans across multiple lines).
/sb/0xd37ef59fd8effbba1ebdc63fa96f11bc5c50e6cb.sol:337:5: Warning: No visibility specified. Defaulting to "public". 
    function LoopringToken(address _target) {
    ^ (Relevant source part starts here and spans across multiple lines).
/sb/0xd37ef59fd8effbba1ebdc63fa96f11bc5c50e6cb.sol:374:5: Warning: No visibility specified. Defaulting to "public". 
    function () payable {
    ^ (Relevant source part starts here and spans across multiple lines).
/sb/0xd37ef59fd8effbba1ebdc63fa96f11bc5c50e6cb.sol:380:5: Warning: No visibility specified. Defaulting to "public". 
    function issueToken(address recipient) payable inProgress {
    ^ (Relevant source part starts here and spans across multiple lines).
/sb/0xd37ef59fd8effbba1ebdc63fa96f11bc5c50e6cb.sol:485:5: Warning: No visibility specified. Defaulting to "public". 
    function saleStarted() constant returns (bool) {
    ^ (Relevant source part starts here and spans across multiple lines).
/sb/0xd37ef59fd8effbba1ebdc63fa96f11bc5c50e6cb.sol:490:5: Warning: No visibility specified. Defaulting to "public". 
    function saleEnded() constant returns (bool) {
    ^ (Relevant source part starts here and spans across multiple lines).
/sb/0xd37ef59fd8effbba1ebdc63fa96f11bc5c50e6cb.sol:495:5: Warning: No visibility specified. Defaulting to "public". 
    function saleDue() constant returns (bool) {
    ^ (Relevant source part starts here and spans across multiple lines).
/sb/0xd37ef59fd8effbba1ebdc63fa96f11bc5c50e6cb.sol:500:5: Warning: No visibility specified. Defaulting to "public". 
    function hardCapReached() constant returns (bool) {
    ^ (Relevant source part starts here and spans across multiple lines).
/sb/0xd37ef59fd8effbba1ebdc63fa96f11bc5c50e6cb.sol:42:3: Warning: Function state mutability can be restricted to pure
  function div(uint a, uint b) internal returns (uint) {
  ^ (Relevant source part starts here and spans across multiple lines).
/sb/0xd37ef59fd8effbba1ebdc63fa96f11bc5c50e6cb.sol:60:3: Warning: Function state mutability can be restricted to pure
  function max64(uint64 a, uint64 b) internal constant returns (uint64) {
  ^ (Relevant source part starts here and spans across multiple lines).
/sb/0xd37ef59fd8effbba1ebdc63fa96f11bc5c50e6cb.sol:64:3: Warning: Function state mutability can be restricted to pure
  function min64(uint64 a, uint64 b) internal constant returns (uint64) {
  ^ (Relevant source part starts here and spans across multiple lines).
/sb/0xd37ef59fd8effbba1ebdc63fa96f11bc5c50e6cb.sol:68:3: Warning: Function state mutability can be restricted to pure
  function max256(uint256 a, uint256 b) internal constant returns (uint256) {
  ^ (Relevant source part starts here and spans across multiple lines).
/sb/0xd37ef59fd8effbba1ebdc63fa96f11bc5c50e6cb.sol:72:3: Warning: Function state mutability can be restricted to pure
  function min256(uint256 a, uint256 b) internal constant returns (uint256) {
  ^ (Relevant source part starts here and spans across multiple lines).
/sb/0xd37ef59fd8effbba1ebdc63fa96f11bc5c50e6cb.sol:76:3: Warning: Function state mutability can be restricted to pure
  function assert(bool assertion) internal {
  ^ (Relevant source part starts here and spans across multiple lines).
/sb/0xd37ef59fd8effbba1ebdc63fa96f11bc5c50e6cb.sol:409:22: Warning: Function declared as view, but this expression (potentially) modifies the state and thus requires non-payable (the default) or payable.
        uint phase = (block.number - firstblock).div(BLOCKS_PER_PHASE);
                     ^-----------------------------------------------^
/sb/0xd37ef59fd8effbba1ebdc63fa96f11bc5c50e6cb.sol:416:26: Warning: Function declared as view, but this expression (potentially) modifies the state and thus requires non-payable (the default) or payable.
        uint tokenBase = ethAmount.mul(BASE_RATE);
                         ^----------------------^
/sb/0xd37ef59fd8effbba1ebdc63fa96f11bc5c50e6cb.sol:417:27: Warning: Function declared as view, but this expression (potentially) modifies the state and thus requires non-payable (the default) or payable.
        uint tokenBonus = tokenBase.mul(bonusPercentages[phase]).div(100);
                          ^------------------------------------^
/sb/0xd37ef59fd8effbba1ebdc63fa96f11bc5c50e6cb.sol:417:27: Warning: Function declared as view, but this expression (potentially) modifies the state and thus requires non-payable (the default) or payable.
        uint tokenBonus = tokenBase.mul(bonusPercentages[phase]).div(100);
                          ^---------------------------------------------^
/sb/0xd37ef59fd8effbba1ebdc63fa96f11bc5c50e6cb.sol:419:18: Warning: Function declared as view, but this expression (potentially) modifies the state and thus requires non-payable (the default) or payable.
        tokens = tokenBase.add(tokenBonus);
                 ^-----------------------^

INFO:Detectors:[93m
ERC20Basic (/sb/0xd37ef59fd8effbba1ebdc63fa96f11bc5c50e6cb.sol#26-33) has incorrect ERC20 function interface(s):
	-transfer (/sb/0xd37ef59fd8effbba1ebdc63fa96f11bc5c50e6cb.sol#28-29)
BasicToken (/sb/0xd37ef59fd8effbba1ebdc63fa96f11bc5c50e6cb.sol#90-128) has incorrect ERC20 function interface(s):
	-transfer (/sb/0xd37ef59fd8effbba1ebdc63fa96f11bc5c50e6cb.sol#108-115)
ERC20 (/sb/0xd37ef59fd8effbba1ebdc63fa96f11bc5c50e6cb.sol#130-139) has incorrect ERC20 function interface(s):
	-transferFrom (/sb/0xd37ef59fd8effbba1ebdc63fa96f11bc5c50e6cb.sol#132-133)
	-approve (/sb/0xd37ef59fd8effbba1ebdc63fa96f11bc5c50e6cb.sol#135-138)
StandardToken (/sb/0xd37ef59fd8effbba1ebdc63fa96f11bc5c50e6cb.sol#147-195) has incorrect ERC20 function interface(s):
	-transferFrom (/sb/0xd37ef59fd8effbba1ebdc63fa96f11bc5c50e6cb.sol#155-166)
	-approve (/sb/0xd37ef59fd8effbba1ebdc63fa96f11bc5c50e6cb.sol#172-184)
Reference: https://github.com/trailofbits/slither/wiki/Detectors-Documentation#incorrect-erc20-interface[0m
INFO:Detectors:[92m
SafeMath.assert (function @ /sb/0xd37ef59fd8effbba1ebdc63fa96f11bc5c50e6cb.sol#78-85) shadows built-in symbol "assert"
Reference: https://github.com/trailofbits/slither/wiki/Detectors-Documentation#builtin-symbol-shadowing[0m
INFO:Detectors:[92m
Deprecated standard detected @ /sb/0xd37ef59fd8effbba1ebdc63fa96f11bc5c50e6cb.sol#85:
	- Usage of "throw" should be replaced with "revert()"
Deprecated standard detected @ /sb/0xd37ef59fd8effbba1ebdc63fa96f11bc5c50e6cb.sol#104:
	- Usage of "throw" should be replaced with "revert()"
Deprecated standard detected @ /sb/0xd37ef59fd8effbba1ebdc63fa96f11bc5c50e6cb.sol#182:
	- Usage of "throw" should be replaced with "revert()"
Deprecated standard detected @ /sb/0xd37ef59fd8effbba1ebdc63fa96f11bc5c50e6cb.sol#364-365:
	- Usage of "throw" should be replaced with "revert()"
Deprecated standard detected @ /sb/0xd37ef59fd8effbba1ebdc63fa96f11bc5c50e6cb.sol#409:
	- Usage of "throw" should be replaced with "revert()"
Deprecated standard detected @ /sb/0xd37ef59fd8effbba1ebdc63fa96f11bc5c50e6cb.sol#314:
	- Usage of "throw" should be replaced with "revert()"
Deprecated standard detected @ /sb/0xd37ef59fd8effbba1ebdc63fa96f11bc5c50e6cb.sol#324:
	- Usage of "throw" should be replaced with "revert()"
Deprecated standard detected @ /sb/0xd37ef59fd8effbba1ebdc63fa96f11bc5c50e6cb.sol#333:
	- Usage of "throw" should be replaced with "revert()"
Deprecated standard detected @ /sb/0xd37ef59fd8effbba1ebdc63fa96f11bc5c50e6cb.sol#337-338:
	- Usage of "throw" should be replaced with "revert()"
Reference: https://github.com/trailofbits/slither/wiki/Detectors-Documentation#deprecated-standards[0m
INFO:Detectors:[92m
ERC20Basic.balanceOf (/sb/0xd37ef59fd8effbba1ebdc63fa96f11bc5c50e6cb.sol#27-28) should be declared external
BasicToken.balanceOf (/sb/0xd37ef59fd8effbba1ebdc63fa96f11bc5c50e6cb.sol#125-128) should be declared external
ERC20Basic.transfer (/sb/0xd37ef59fd8effbba1ebdc63fa96f11bc5c50e6cb.sol#28-29) should be declared external
BasicToken.transfer (/sb/0xd37ef59fd8effbba1ebdc63fa96f11bc5c50e6cb.sol#108-115) should be declared external
ERC20.allowance (/sb/0xd37ef59fd8effbba1ebdc63fa96f11bc5c50e6cb.sol#130-132) should be declared external
StandardToken.allowance (/sb/0xd37ef59fd8effbba1ebdc63fa96f11bc5c50e6cb.sol#194-195) should be declared external
ERC20.transferFrom (/sb/0xd37ef59fd8effbba1ebdc63fa96f11bc5c50e6cb.sol#132-133) should be declared external
StandardToken.transferFrom (/sb/0xd37ef59fd8effbba1ebdc63fa96f11bc5c50e6cb.sol#155-166) should be declared external
ERC20.approve (/sb/0xd37ef59fd8effbba1ebdc63fa96f11bc5c50e6cb.sol#135-138) should be declared external
StandardToken.approve (/sb/0xd37ef59fd8effbba1ebdc63fa96f11bc5c50e6cb.sol#172-184) should be declared external
LoopringToken.start (/sb/0xd37ef59fd8effbba1ebdc63fa96f11bc5c50e6cb.sol#358-368) should be declared external
LoopringToken.close (/sb/0xd37ef59fd8effbba1ebdc63fa96f11bc5c50e6cb.sol#372-378) should be declared external
LoopringToken.price (/sb/0xd37ef59fd8effbba1ebdc63fa96f11bc5c50e6cb.sol#379-380) should be declared external
LoopringToken.fallback (/sb/0xd37ef59fd8effbba1ebdc63fa96f11bc5c50e6cb.sol#384-385) should be declared external
Reference: https://github.com/trailofbits/slither/wiki/Detectors-Documentation#public-function-that-could-be-declared-as-external[0m
INFO:Detectors:[92m
Detected issues with version pragma in /sb/0xd37ef59fd8effbba1ebdc63fa96f11bc5c50e6cb.sol:
	- pragma solidity^0.4.11 (/sb/0xd37ef59fd8effbba1ebdc63fa96f11bc5c50e6cb.sol#18-21): it allows old versions
Reference: https://github.com/trailofbits/slither/wiki/Detectors-Documentation#incorrect-version-of-solidity[0m
INFO:Detectors:[92m
Parameter '_owner' of BasicToken.balanceOf (/sb/0xd37ef59fd8effbba1ebdc63fa96f11bc5c50e6cb.sol#126) is not in mixedCase
Parameter '_to' of BasicToken.transfer (/sb/0xd37ef59fd8effbba1ebdc63fa96f11bc5c50e6cb.sol#108-109) is not in mixedCase
Parameter '_value' of BasicToken.transfer (/sb/0xd37ef59fd8effbba1ebdc63fa96f11bc5c50e6cb.sol#109) is not in mixedCase
Parameter '_owner' of StandardToken.allowance (/sb/0xd37ef59fd8effbba1ebdc63fa96f11bc5c50e6cb.sol#194) is not in mixedCase
Parameter '_spender' of StandardToken.allowance (/sb/0xd37ef59fd8effbba1ebdc63fa96f11bc5c50e6cb.sol#194) is not in mixedCase
Parameter '_from' of StandardToken.transferFrom (/sb/0xd37ef59fd8effbba1ebdc63fa96f11bc5c50e6cb.sol#155) is not in mixedCase
Parameter '_to' of StandardToken.transferFrom (/sb/0xd37ef59fd8effbba1ebdc63fa96f11bc5c50e6cb.sol#155) is not in mixedCase
Parameter '_value' of StandardToken.transferFrom (/sb/0xd37ef59fd8effbba1ebdc63fa96f11bc5c50e6cb.sol#155) is not in mixedCase
Parameter '_spender' of StandardToken.approve (/sb/0xd37ef59fd8effbba1ebdc63fa96f11bc5c50e6cb.sol#172-173) is not in mixedCase
Parameter '_value' of StandardToken.approve (/sb/0xd37ef59fd8effbba1ebdc63fa96f11bc5c50e6cb.sol#173) is not in mixedCase
Function 'LoopringToken.LoopringToken' (/sb/0xd37ef59fd8effbba1ebdc63fa96f11bc5c50e6cb.sol#349-353) is not in mixedCase
Parameter '_target' of LoopringToken.LoopringToken (/sb/0xd37ef59fd8effbba1ebdc63fa96f11bc5c50e6cb.sol#349) is not in mixedCase
Parameter '_firstblock' of LoopringToken.start (/sb/0xd37ef59fd8effbba1ebdc63fa96f11bc5c50e6cb.sol#358-359) is not in mixedCase
Reference: https://github.com/trailofbits/slither/wiki/Detectors-Documentation#conformance-to-solidity-naming-conventions[0m
INFO:Slither:/sb/0xd37ef59fd8effbba1ebdc63fa96f11bc5c50e6cb.sol analyzed (6 contracts), 42 result(s) found
