INFO:Slither:Compilation warnings/errors on /sb/0x0fca70a8c68d71b3fdadddf670002f7cc605a287.sol:
/sb/0x0fca70a8c68d71b3fdadddf670002f7cc605a287.sol:36:3: Warning: Defining constructors as functions with the same name as the contract is deprecated. Use "constructor(...) { ... }" instead.
  function Ownable() public {
  ^ (Relevant source part starts here and spans across multiple lines).

INFO:Detectors:[92m
Ownable.transferOwnership (/sb/0x0fca70a8c68d71b3fdadddf670002f7cc605a287.sol#50-55) should be declared external
Ownable.setAdmin (/sb/0x0fca70a8c68d71b3fdadddf670002f7cc605a287.sol#56-63) should be declared external
UtradeToken.balanceOf (/sb/0x0fca70a8c68d71b3fdadddf670002f7cc605a287.sol#99-103) should be declared external
ERC20.balanceOf (/sb/0x0fca70a8c68d71b3fdadddf670002f7cc605a287.sol#65-66) should be declared external
ERC20.transfer (/sb/0x0fca70a8c68d71b3fdadddf670002f7cc605a287.sol#66-67) should be declared external
UtradeToken.transfer (/sb/0x0fca70a8c68d71b3fdadddf670002f7cc605a287.sol#119-123) should be declared external
UtradeToken.transferFrom (/sb/0x0fca70a8c68d71b3fdadddf670002f7cc605a287.sol#144-161) should be declared external
ERC20.transferFrom (/sb/0x0fca70a8c68d71b3fdadddf670002f7cc605a287.sol#67-68) should be declared external
ERC20.allowance (/sb/0x0fca70a8c68d71b3fdadddf670002f7cc605a287.sol#68-69) should be declared external
UtradeToken.allowance (/sb/0x0fca70a8c68d71b3fdadddf670002f7cc605a287.sol#133-138) should be declared external
ERC20.approve (/sb/0x0fca70a8c68d71b3fdadddf670002f7cc605a287.sol#69-71) should be declared external
UtradeToken.approve (/sb/0x0fca70a8c68d71b3fdadddf670002f7cc605a287.sol#138-144) should be declared external
UtradeToken.transferLog (/sb/0x0fca70a8c68d71b3fdadddf670002f7cc605a287.sol#123-132) should be declared external
UtradeToken.fallback (/sb/0x0fca70a8c68d71b3fdadddf670002f7cc605a287.sol#133) should be declared external
UtradeToken.mintToken (/sb/0x0fca70a8c68d71b3fdadddf670002f7cc605a287.sol#161-172) should be declared external
UtradeToken.transferA2B (/sb/0x0fca70a8c68d71b3fdadddf670002f7cc605a287.sol#172-176) should be declared external
Reference: https://github.com/trailofbits/slither/wiki/Detectors-Documentation#public-function-that-could-be-declared-as-external[0m
INFO:Detectors:[92m
Detected issues with version pragma in /sb/0x0fca70a8c68d71b3fdadddf670002f7cc605a287.sol:
	- pragma solidity^0.4.20 (/sb/0x0fca70a8c68d71b3fdadddf670002f7cc605a287.sol#1): it allows old versions
Reference: https://github.com/trailofbits/slither/wiki/Detectors-Documentation#incorrect-version-of-solidity[0m
INFO:Detectors:[92m
Function 'Ownable.Ownable' (/sb/0x0fca70a8c68d71b3fdadddf670002f7cc605a287.sol#37-41) is not in mixedCase
Parameter '_admin' of Ownable.setAdmin (/sb/0x0fca70a8c68d71b3fdadddf670002f7cc605a287.sol#56-61) is not in mixedCase
Parameter '_who' of UtradeToken.balanceOf (/sb/0x0fca70a8c68d71b3fdadddf670002f7cc605a287.sol#102) is not in mixedCase
Parameter '_to' of UtradeToken.transfer (/sb/0x0fca70a8c68d71b3fdadddf670002f7cc605a287.sol#120-122) is not in mixedCase
Parameter '_value' of UtradeToken.transfer (/sb/0x0fca70a8c68d71b3fdadddf670002f7cc605a287.sol#122) is not in mixedCase
Parameter '_from' of UtradeToken.transferFrom (/sb/0x0fca70a8c68d71b3fdadddf670002f7cc605a287.sol#145-146) is not in mixedCase
Parameter '_to' of UtradeToken.transferFrom (/sb/0x0fca70a8c68d71b3fdadddf670002f7cc605a287.sol#146) is not in mixedCase
Parameter '_value' of UtradeToken.transferFrom (/sb/0x0fca70a8c68d71b3fdadddf670002f7cc605a287.sol#146) is not in mixedCase
Parameter '_owner' of UtradeToken.allowance (/sb/0x0fca70a8c68d71b3fdadddf670002f7cc605a287.sol#136) is not in mixedCase
Parameter '_spender' of UtradeToken.allowance (/sb/0x0fca70a8c68d71b3fdadddf670002f7cc605a287.sol#136) is not in mixedCase
Parameter '_spender' of UtradeToken.approve (/sb/0x0fca70a8c68d71b3fdadddf670002f7cc605a287.sol#138) is not in mixedCase
Parameter '_value' of UtradeToken.approve (/sb/0x0fca70a8c68d71b3fdadddf670002f7cc605a287.sol#139) is not in mixedCase
Function 'UtradeToken._transferFrom' (/sb/0x0fca70a8c68d71b3fdadddf670002f7cc605a287.sol#103-119) is not in mixedCase
Parameter '_from' of UtradeToken._transferFrom (/sb/0x0fca70a8c68d71b3fdadddf670002f7cc605a287.sol#104-105) is not in mixedCase
Parameter '_to' of UtradeToken._transferFrom (/sb/0x0fca70a8c68d71b3fdadddf670002f7cc605a287.sol#105) is not in mixedCase
Parameter '_value' of UtradeToken._transferFrom (/sb/0x0fca70a8c68d71b3fdadddf670002f7cc605a287.sol#105) is not in mixedCase
Parameter '_to' of UtradeToken.transferLog (/sb/0x0fca70a8c68d71b3fdadddf670002f7cc605a287.sol#124-125) is not in mixedCase
Parameter '_value' of UtradeToken.transferLog (/sb/0x0fca70a8c68d71b3fdadddf670002f7cc605a287.sol#125-128) is not in mixedCase
Parameter '_target' of UtradeToken.mintToken (/sb/0x0fca70a8c68d71b3fdadddf670002f7cc605a287.sol#161) is not in mixedCase
Parameter '_mintedAmount' of UtradeToken.mintToken (/sb/0x0fca70a8c68d71b3fdadddf670002f7cc605a287.sol#161-162) is not in mixedCase
Parameter '_from' of UtradeToken.transferA2B (/sb/0x0fca70a8c68d71b3fdadddf670002f7cc605a287.sol#173) is not in mixedCase
Parameter '_to' of UtradeToken.transferA2B (/sb/0x0fca70a8c68d71b3fdadddf670002f7cc605a287.sol#173-174) is not in mixedCase
Reference: https://github.com/trailofbits/slither/wiki/Detectors-Documentation#conformance-to-solidity-naming-conventions[0m
INFO:Slither:/sb/0x0fca70a8c68d71b3fdadddf670002f7cc605a287.sol analyzed (4 contracts), 39 result(s) found
