INFO:Slither:Compilation warnings/errors on /sb/0xb52834a6d5e84c08b60d8e1a5255b999fc0c729b.sol:
/sb/0xb52834a6d5e84c08b60d8e1a5255b999fc0c729b.sol:44:3: Warning: Defining constructors as functions with the same name as the contract is deprecated. Use "constructor(...) { ... }" instead.
  function Ownable() public {
  ^ (Relevant source part starts here and spans across multiple lines).

INFO:Detectors:[93m
Reentrancy in AirdropContractium.submit (/sb/0xb52834a6d5e84c08b60d8e1a5255b999fc0c729b.sol#102-123):
	External calls:
	- isSuccess = ctuContract.transferFrom(_from,_to,_value) (/sb/0xb52834a6d5e84c08b60d8e1a5255b999fc0c729b.sol#107-108)
	- closeAirdrop() (/sb/0xb52834a6d5e84c08b60d8e1a5255b999fc0c729b.sol#119)
	State variables written after the call(s):
	- reward (/sb/0xb52834a6d5e84c08b60d8e1a5255b999fc0c729b.sol#119)
Reference: https://github.com/trailofbits/slither/wiki/Detectors-Documentation#reentrancy-vulnerabilities-1[0m
INFO:Detectors:[93m
i in AirdropContractium.batchSubmit (/sb/0xb52834a6d5e84c08b60d8e1a5255b999fc0c729b.sol#94) is a local variable never initialiazed
Reference: https://github.com/trailofbits/slither/wiki/Detectors-Documentation#uninitialized-local-variables[0m
INFO:Detectors:[92m
Reentrancy in AirdropContractium.closeAirdrop (/sb/0xb52834a6d5e84c08b60d8e1a5255b999fc0c729b.sol#132-142):
	External calls:
	- _remain = ctuContract.allowance(_owner,_spender) (/sb/0xb52834a6d5e84c08b60d8e1a5255b999fc0c729b.sol#136-140)
	State variables written after the call(s):
	- remainAirdrop (/sb/0xb52834a6d5e84c08b60d8e1a5255b999fc0c729b.sol#141)
	- reward (/sb/0xb52834a6d5e84c08b60d8e1a5255b999fc0c729b.sol#140)
Reentrancy in AirdropContractium.submit (/sb/0xb52834a6d5e84c08b60d8e1a5255b999fc0c729b.sol#102-123):
	External calls:
	- isSuccess = ctuContract.transferFrom(_from,_to,_value) (/sb/0xb52834a6d5e84c08b60d8e1a5255b999fc0c729b.sol#107-108)
	State variables written after the call(s):
	- remainAirdrop (/sb/0xb52834a6d5e84c08b60d8e1a5255b999fc0c729b.sol#112-114)
	- submitted (/sb/0xb52834a6d5e84c08b60d8e1a5255b999fc0c729b.sol#111)
Reference: https://github.com/trailofbits/slither/wiki/Detectors-Documentation#reentrancy-vulnerabilities-2[0m
INFO:Detectors:[92m
ContractiumInterface.balanceOf (/sb/0xb52834a6d5e84c08b60d8e1a5255b999fc0c729b.sol#32-33) should be declared external
ContractiumInterface.transferFrom (/sb/0xb52834a6d5e84c08b60d8e1a5255b999fc0c729b.sol#33-34) should be declared external
ContractiumInterface.contractSpend (/sb/0xb52834a6d5e84c08b60d8e1a5255b999fc0c729b.sol#34-35) should be declared external
ContractiumInterface.allowance (/sb/0xb52834a6d5e84c08b60d8e1a5255b999fc0c729b.sol#35-36) should be declared external
ContractiumInterface.owner (/sb/0xb52834a6d5e84c08b60d8e1a5255b999fc0c729b.sol#36-40) should be declared external
AirdropContractium.getAirdrop (/sb/0xb52834a6d5e84c08b60d8e1a5255b999fc0c729b.sol#88-92) should be declared external
AirdropContractium.batchSubmit (/sb/0xb52834a6d5e84c08b60d8e1a5255b999fc0c729b.sol#92-101) should be declared external
AirdropContractium.setCtuContract (/sb/0xb52834a6d5e84c08b60d8e1a5255b999fc0c729b.sol#142-150) should be declared external
AirdropContractium.setRemainAirdrop (/sb/0xb52834a6d5e84c08b60d8e1a5255b999fc0c729b.sol#152-157) should be declared external
AirdropContractium.setReward (/sb/0xb52834a6d5e84c08b60d8e1a5255b999fc0c729b.sol#157-161) should be declared external
Reference: https://github.com/trailofbits/slither/wiki/Detectors-Documentation#public-function-that-could-be-declared-as-external[0m
INFO:Detectors:[92m
Detected issues with version pragma in /sb/0xb52834a6d5e84c08b60d8e1a5255b999fc0c729b.sol:
	- pragma solidity^0.4.18 (/sb/0xb52834a6d5e84c08b60d8e1a5255b999fc0c729b.sol#1): it allows old versions
Reference: https://github.com/trailofbits/slither/wiki/Detectors-Documentation#incorrect-version-of-solidity[0m
INFO:Detectors:[92m
Function 'Ownable.Ownable' (/sb/0xb52834a6d5e84c08b60d8e1a5255b999fc0c729b.sol#45-49) is not in mixedCase
Parameter '_addr' of AirdropContractium.transferOwnership (/sb/0xb52834a6d5e84c08b60d8e1a5255b999fc0c729b.sol) is not in mixedCase
Parameter '_addresses' of AirdropContractium.batchSubmit (/sb/0xb52834a6d5e84c08b60d8e1a5255b999fc0c729b.sol#92-93) is not in mixedCase
Parameter '_addr' of AirdropContractium.submit (/sb/0xb52834a6d5e84c08b60d8e1a5255b999fc0c729b.sol#102-103) is not in mixedCase
Parameter '_ctuAddress' of AirdropContractium.setCtuContract (/sb/0xb52834a6d5e84c08b60d8e1a5255b999fc0c729b.sol#142) is not in mixedCase
Parameter '_remain' of AirdropContractium.setRemainAirdrop (/sb/0xb52834a6d5e84c08b60d8e1a5255b999fc0c729b.sol#152) is not in mixedCase
Parameter '_reward' of AirdropContractium.setReward (/sb/0xb52834a6d5e84c08b60d8e1a5255b999fc0c729b.sol#157) is not in mixedCase
Variable 'AirdropContractium.ctu_owner' (/sb/0xb52834a6d5e84c08b60d8e1a5255b999fc0c729b.sol#75-77) is not in mixedCase
Reference: https://github.com/trailofbits/slither/wiki/Detectors-Documentation#conformance-to-solidity-naming-conventions[0m
INFO:Slither:/sb/0xb52834a6d5e84c08b60d8e1a5255b999fc0c729b.sol analyzed (4 contracts), 23 result(s) found
