INFO:Slither:Compilation warnings/errors on /sb/0x313f29ea49a9e6ca3b3e254335d4ec32ef5045f8.sol:
/sb/0x313f29ea49a9e6ca3b3e254335d4ec32ef5045f8.sol:51:3: Warning: Defining constructors as functions with the same name as the contract is deprecated. Use "constructor(...) { ... }" instead.
  function Ownable() public {
  ^ (Relevant source part starts here and spans across multiple lines).
/sb/0x313f29ea49a9e6ca3b3e254335d4ec32ef5045f8.sol:498:5: Warning: Defining constructors as functions with the same name as the contract is deprecated. Use "constructor(...) { ... }" instead.
    function SirinSmartToken() public {
    ^ (Relevant source part starts here and spans across multiple lines).
/sb/0x313f29ea49a9e6ca3b3e254335d4ec32ef5045f8.sol:585:5: Warning: Defining constructors as functions with the same name as the contract is deprecated. Use "constructor(...) { ... }" instead.
    function RefundVault(address _etherWallet, SirinSmartToken _token) public {
    ^ (Relevant source part starts here and spans across multiple lines).
/sb/0x313f29ea49a9e6ca3b3e254335d4ec32ef5045f8.sol:734:5: Warning: Defining constructors as functions with the same name as the contract is deprecated. Use "constructor(...) { ... }" instead.
    function Crowdsale(uint256 _startTime, uint256 _endTime, uint256 _rate, address _wallet, SirinSmartToken _token) public {
    ^ (Relevant source part starts here and spans across multiple lines).
/sb/0x313f29ea49a9e6ca3b3e254335d4ec32ef5045f8.sol:907:5: Warning: Defining constructors as functions with the same name as the contract is deprecated. Use "constructor(...) { ... }" instead.
    function SirinCrowdsale(uint256 _startTime,
    ^ (Relevant source part starts here and spans across multiple lines).
/sb/0x313f29ea49a9e6ca3b3e254335d4ec32ef5045f8.sol:71:5: Warning: Invoking events without "emit" prefix is deprecated.
    OwnershipTransferred(owner, newOwner);
    ^-----------------------------------^
/sb/0x313f29ea49a9e6ca3b3e254335d4ec32ef5045f8.sol:108:9: Warning: Invoking events without "emit" prefix is deprecated.
        OwnershipTransferred(owner, pendingOwner);
        ^---------------------------------------^
/sb/0x313f29ea49a9e6ca3b3e254335d4ec32ef5045f8.sol:165:5: Warning: Invoking events without "emit" prefix is deprecated.
    Transfer(msg.sender, _to, _value);
    ^-------------------------------^
/sb/0x313f29ea49a9e6ca3b3e254335d4ec32ef5045f8.sol:264:5: Warning: Invoking events without "emit" prefix is deprecated.
    Transfer(_from, _to, _value);
    ^--------------------------^
/sb/0x313f29ea49a9e6ca3b3e254335d4ec32ef5045f8.sol:280:5: Warning: Invoking events without "emit" prefix is deprecated.
    Approval(msg.sender, _spender, _value);
    ^------------------------------------^
/sb/0x313f29ea49a9e6ca3b3e254335d4ec32ef5045f8.sol:302:5: Warning: Invoking events without "emit" prefix is deprecated.
    Approval(msg.sender, _spender, allowed[msg.sender][_spender]);
    ^-----------------------------------------------------------^
/sb/0x313f29ea49a9e6ca3b3e254335d4ec32ef5045f8.sol:313:5: Warning: Invoking events without "emit" prefix is deprecated.
    Approval(msg.sender, _spender, allowed[msg.sender][_spender]);
    ^-----------------------------------------------------------^
/sb/0x313f29ea49a9e6ca3b3e254335d4ec32ef5045f8.sol:350:5: Warning: Invoking events without "emit" prefix is deprecated.
    Mint(_to, _amount);
    ^----------------^
/sb/0x313f29ea49a9e6ca3b3e254335d4ec32ef5045f8.sol:351:5: Warning: Invoking events without "emit" prefix is deprecated.
    Transfer(address(0), _to, _amount);
    ^--------------------------------^
/sb/0x313f29ea49a9e6ca3b3e254335d4ec32ef5045f8.sol:361:5: Warning: Invoking events without "emit" prefix is deprecated.
    MintFinished();
    ^------------^
/sb/0x313f29ea49a9e6ca3b3e254335d4ec32ef5045f8.sol:444:9: Warning: Invoking events without "emit" prefix is deprecated.
        Issuance(_amount);
        ^---------------^
/sb/0x313f29ea49a9e6ca3b3e254335d4ec32ef5045f8.sol:455:9: Warning: Invoking events without "emit" prefix is deprecated.
        Destruction(_amount);
        ^------------------^
/sb/0x313f29ea49a9e6ca3b3e254335d4ec32ef5045f8.sol:456:9: Warning: Invoking events without "emit" prefix is deprecated.
        Transfer(_from, 0x0, _amount);
        ^---------------------------^
/sb/0x313f29ea49a9e6ca3b3e254335d4ec32ef5045f8.sol:500:9: Warning: Invoking events without "emit" prefix is deprecated.
        NewSmartToken(address(this));
        ^--------------------------^
/sb/0x313f29ea49a9e6ca3b3e254335d4ec32ef5045f8.sol:592:9: Warning: Invoking events without "emit" prefix is deprecated.
        Active();
        ^------^
/sb/0x313f29ea49a9e6ca3b3e254335d4ec32ef5045f8.sol:604:9: Warning: Invoking events without "emit" prefix is deprecated.
        Deposit(investor, msg.value, tokensAmount);
        ^----------------------------------------^
/sb/0x313f29ea49a9e6ca3b3e254335d4ec32ef5045f8.sol:609:9: Warning: Invoking events without "emit" prefix is deprecated.
        Closed();
        ^------^
/sb/0x313f29ea49a9e6ca3b3e254335d4ec32ef5045f8.sol:610:30: Warning: Using contract member "balance" inherited from the address type is deprecated. Convert the contract to "address" type to access the member, for example use "address(contract).balance" instead.
        etherWallet.transfer(this.balance);
                             ^----------^
/sb/0x313f29ea49a9e6ca3b3e254335d4ec32ef5045f8.sol:617:9: Warning: Invoking events without "emit" prefix is deprecated.
        RefundsEnabled();
        ^--------------^
/sb/0x313f29ea49a9e6ca3b3e254335d4ec32ef5045f8.sol:640:9: Warning: Invoking events without "emit" prefix is deprecated.
        RefundedETH(msg.sender, ETHToRefundAmountWei);
        ^-------------------------------------------^
/sb/0x313f29ea49a9e6ca3b3e254335d4ec32ef5045f8.sol:669:9: Warning: Invoking events without "emit" prefix is deprecated.
        TokensClaimed(investor, tokensToClaim);
        ^------------------------------------^
/sb/0x313f29ea49a9e6ca3b3e254335d4ec32ef5045f8.sol:682:9: Warning: Invoking events without "emit" prefix is deprecated.
        TokensClaimed(investor, depositedTokenValue);
        ^------------------------------------------^
/sb/0x313f29ea49a9e6ca3b3e254335d4ec32ef5045f8.sol:767:9: Warning: Invoking events without "emit" prefix is deprecated.
        TokenPurchase(msg.sender, beneficiary, weiAmount, tokens);
        ^-------------------------------------------------------^
/sb/0x313f29ea49a9e6ca3b3e254335d4ec32ef5045f8.sol:820:5: Warning: Invoking events without "emit" prefix is deprecated.
    Finalized();
    ^---------^
/sb/0x313f29ea49a9e6ca3b3e254335d4ec32ef5045f8.sol:1033:13: Warning: Invoking events without "emit" prefix is deprecated.
            GrantAdded(_grantee, _value);
            ^--------------------------^
/sb/0x313f29ea49a9e6ca3b3e254335d4ec32ef5045f8.sol:1036:13: Warning: Invoking events without "emit" prefix is deprecated.
            GrantUpdated(_grantee, presaleGranteesMap[_grantee], _value);
            ^----------------------------------------------------------^
/sb/0x313f29ea49a9e6ca3b3e254335d4ec32ef5045f8.sol:1063:9: Warning: Invoking events without "emit" prefix is deprecated.
        GrantDeleted(_grantee, presaleGranteesMap[_grantee]);
        ^--------------------------------------------------^
/sb/0x313f29ea49a9e6ca3b3e254335d4ec32ef5045f8.sol:1072:9: Warning: Invoking events without "emit" prefix is deprecated.
        FiatRaisedUpdated(msg.sender, fiatRaisedConvertedToWei);
        ^-----------------------------------------------------^
/sb/0x313f29ea49a9e6ca3b3e254335d4ec32ef5045f8.sol:1104:9: Warning: Invoking events without "emit" prefix is deprecated.
        TokenPurchaseWithGuarantee(msg.sender, address(refundVault), weiAmount, tokens);
        ^-----------------------------------------------------------------------------^
/sb/0x313f29ea49a9e6ca3b3e254335d4ec32ef5045f8.sol:230:47: Warning: Unused function parameter. Remove or comment out the variable name to silence this warning.
  function transferableTokens(address holder, uint64 time) public view returns (uint256) {
                                              ^---------^
/sb/0x313f29ea49a9e6ca3b3e254335d4ec32ef5045f8.sol:830:3: Warning: Function state mutability can be restricted to pure
  function finalization() internal {
  ^ (Relevant source part starts here and spans across multiple lines).

INFO:Detectors:[93m
index in SirinCrowdsale.deleteGrantee (/sb/0x313f29ea49a9e6ca3b3e254335d4ec32ef5045f8.sol#1072-1075) is a local variable never initialiazed
Reference: https://github.com/trailofbits/slither/wiki/Detectors-Documentation#uninitialized-local-variables[0m
INFO:Detectors:[93m
RefundVault.claimTokens (/sb/0x313f29ea49a9e6ca3b3e254335d4ec32ef5045f8.sol#662-686) does not use the value returned by external calls:
	-token.transfer(investor,tokensToClaim) (/sb/0x313f29ea49a9e6ca3b3e254335d4ec32ef5045f8.sol#680-682)
RefundVault.claimAllInvestorTokensByOwner (/sb/0x313f29ea49a9e6ca3b3e254335d4ec32ef5045f8.sol#699-706) does not use the value returned by external calls:
	-token.transfer(investor,depositedTokenValue) (/sb/0x313f29ea49a9e6ca3b3e254335d4ec32ef5045f8.sol#702)
Reference: https://github.com/trailofbits/slither/wiki/Detectors-Documentation#unused-return[0m
INFO:Detectors:[92m
SirinCrowdsale.finalization has external calls inside a loop:
	- token.issue(presaleGranteesMapKeys[i],presaleGranteesMap[presaleGranteesMapKeys[i]]) (/sb/0x313f29ea49a9e6ca3b3e254335d4ec32ef5045f8.sol#986-987)
Reference: https://github.com/trailofbits/slither/wiki/Detectors-Documentation/_edit#calls-inside-a-loop[0m
INFO:Detectors:[92m
SirinSmartToken.decimals should be constant (/sb/0x313f29ea49a9e6ca3b3e254335d4ec32ef5045f8.sol#500-506)
SirinSmartToken.name should be constant (/sb/0x313f29ea49a9e6ca3b3e254335d4ec32ef5045f8.sol#499)
SirinSmartToken.symbol should be constant (/sb/0x313f29ea49a9e6ca3b3e254335d4ec32ef5045f8.sol#499-500)
Reference: https://github.com/trailofbits/slither/wiki/Detectors-Documentation#state-variables-that-could-be-declared-constant[0m
INFO:Detectors:[92m
Ownable.transferOwnership (/sb/0x313f29ea49a9e6ca3b3e254335d4ec32ef5045f8.sol#70-82) should be declared external
Claimable.transferOwnership (/sb/0x313f29ea49a9e6ca3b3e254335d4ec32ef5045f8.sol#102-107) should be declared external
Claimable.claimOwnership (/sb/0x313f29ea49a9e6ca3b3e254335d4ec32ef5045f8.sol#109-118) should be declared external
StandardToken.allowance (/sb/0x313f29ea49a9e6ca3b3e254335d4ec32ef5045f8.sol#296-300) should be declared external
ERC20.allowance (/sb/0x313f29ea49a9e6ca3b3e254335d4ec32ef5045f8.sol#136-137) should be declared external
ERC20.approve (/sb/0x313f29ea49a9e6ca3b3e254335d4ec32ef5045f8.sol#138-146) should be declared external
StandardToken.approve (/sb/0x313f29ea49a9e6ca3b3e254335d4ec32ef5045f8.sol#286-288) should be declared external
StandardToken.increaseApproval (/sb/0x313f29ea49a9e6ca3b3e254335d4ec32ef5045f8.sol#306-311) should be declared external
StandardToken.decreaseApproval (/sb/0x313f29ea49a9e6ca3b3e254335d4ec32ef5045f8.sol#311-329) should be declared external
MintableToken.finishMinting (/sb/0x313f29ea49a9e6ca3b3e254335d4ec32ef5045f8.sol#372-375) should be declared external
LimitedTransferBancorSmartToken.disableTransfers (/sb/0x313f29ea49a9e6ca3b3e254335d4ec32ef5045f8.sol#452-455) should be declared external
ISmartToken.disableTransfers (/sb/0x313f29ea49a9e6ca3b3e254335d4ec32ef5045f8.sol#403-404) should be declared external
ISmartToken.issue (/sb/0x313f29ea49a9e6ca3b3e254335d4ec32ef5045f8.sol#404-405) should be declared external
LimitedTransferBancorSmartToken.issue (/sb/0x313f29ea49a9e6ca3b3e254335d4ec32ef5045f8.sol#455-459) should be declared external
LimitedTransferBancorSmartToken.destroy (/sb/0x313f29ea49a9e6ca3b3e254335d4ec32ef5045f8.sol#459-466) should be declared external
ISmartToken.destroy (/sb/0x313f29ea49a9e6ca3b3e254335d4ec32ef5045f8.sol#405) should be declared external
LimitedTransferBancorSmartToken.setDestroyEnabled (/sb/0x313f29ea49a9e6ca3b3e254335d4ec32ef5045f8.sol#437-439) should be declared external
RefundVault.deposit (/sb/0x313f29ea49a9e6ca3b3e254335d4ec32ef5045f8.sol#615-623) should be declared external
RefundVault.close (/sb/0x313f29ea49a9e6ca3b3e254335d4ec32ef5045f8.sol#625-628) should be declared external
RefundVault.enableRefunds (/sb/0x313f29ea49a9e6ca3b3e254335d4ec32ef5045f8.sol#630-634) should be declared external
RefundVault.refundETH (/sb/0x313f29ea49a9e6ca3b3e254335d4ec32ef5045f8.sol#635-657) should be declared external
RefundVault.claimAllInvestorTokensByOwner (/sb/0x313f29ea49a9e6ca3b3e254335d4ec32ef5045f8.sol#699-706) should be declared external
RefundVault.claimAllTokens (/sb/0x313f29ea49a9e6ca3b3e254335d4ec32ef5045f8.sol#711-719) should be declared external
FinalizableCrowdsale.finalize (/sb/0x313f29ea49a9e6ca3b3e254335d4ec32ef5045f8.sol#842-846) should be declared external
SirinCrowdsale.getTotalFundsRaised (/sb/0x313f29ea49a9e6ca3b3e254335d4ec32ef5045f8.sol#1026-1030) should be declared external
SirinCrowdsale.buyTokensWithGuarantee (/sb/0x313f29ea49a9e6ca3b3e254335d4ec32ef5045f8.sol) should be declared external
Reference: https://github.com/trailofbits/slither/wiki/Detectors-Documentation#public-function-that-could-be-declared-as-external[0m
INFO:Detectors:[92m
Detected issues with version pragma in /sb/0x313f29ea49a9e6ca3b3e254335d4ec32ef5045f8.sol:
	- pragma solidity^0.4.18 (/sb/0x313f29ea49a9e6ca3b3e254335d4ec32ef5045f8.sol#1): it allows old versions
Reference: https://github.com/trailofbits/slither/wiki/Detectors-Documentation#incorrect-version-of-solidity[0m
INFO:Detectors:[92m
Function 'Ownable.Ownable' (/sb/0x313f29ea49a9e6ca3b3e254335d4ec32ef5045f8.sol#52-57) is not in mixedCase
Parameter '_owner' of BasicToken.balanceOf (/sb/0x313f29ea49a9e6ca3b3e254335d4ec32ef5045f8.sol#183) is not in mixedCase
Parameter '_to' of BasicToken.transfer (/sb/0x313f29ea49a9e6ca3b3e254335d4ec32ef5045f8.sol#162) is not in mixedCase
Parameter '_value' of BasicToken.transfer (/sb/0x313f29ea49a9e6ca3b3e254335d4ec32ef5045f8.sol#162) is not in mixedCase
Parameter '_to' of LimitedTransferToken.transfer (/sb/0x313f29ea49a9e6ca3b3e254335d4ec32ef5045f8.sol#217) is not in mixedCase
Parameter '_value' of LimitedTransferToken.transfer (/sb/0x313f29ea49a9e6ca3b3e254335d4ec32ef5045f8.sol#217) is not in mixedCase
Parameter '_from' of LimitedTransferToken.transferFrom (/sb/0x313f29ea49a9e6ca3b3e254335d4ec32ef5045f8.sol#226) is not in mixedCase
Parameter '_to' of LimitedTransferToken.transferFrom (/sb/0x313f29ea49a9e6ca3b3e254335d4ec32ef5045f8.sol#226) is not in mixedCase
Parameter '_value' of LimitedTransferToken.transferFrom (/sb/0x313f29ea49a9e6ca3b3e254335d4ec32ef5045f8.sol#227) is not in mixedCase
Parameter '_owner' of StandardToken.allowance (/sb/0x313f29ea49a9e6ca3b3e254335d4ec32ef5045f8.sol#297) is not in mixedCase
Parameter '_spender' of StandardToken.allowance (/sb/0x313f29ea49a9e6ca3b3e254335d4ec32ef5045f8.sol#297-298) is not in mixedCase
Parameter '_from' of StandardToken.transferFrom (/sb/0x313f29ea49a9e6ca3b3e254335d4ec32ef5045f8.sol#262) is not in mixedCase
Parameter '_to' of StandardToken.transferFrom (/sb/0x313f29ea49a9e6ca3b3e254335d4ec32ef5045f8.sol#262) is not in mixedCase
Parameter '_value' of StandardToken.transferFrom (/sb/0x313f29ea49a9e6ca3b3e254335d4ec32ef5045f8.sol#262-263) is not in mixedCase
Parameter '_spender' of StandardToken.approve (/sb/0x313f29ea49a9e6ca3b3e254335d4ec32ef5045f8.sol#286) is not in mixedCase
Parameter '_value' of StandardToken.approve (/sb/0x313f29ea49a9e6ca3b3e254335d4ec32ef5045f8.sol#286) is not in mixedCase
Parameter '_spender' of StandardToken.increaseApproval (/sb/0x313f29ea49a9e6ca3b3e254335d4ec32ef5045f8.sol#306) is not in mixedCase
Parameter '_addedValue' of StandardToken.increaseApproval (/sb/0x313f29ea49a9e6ca3b3e254335d4ec32ef5045f8.sol#306) is not in mixedCase
Parameter '_spender' of StandardToken.decreaseApproval (/sb/0x313f29ea49a9e6ca3b3e254335d4ec32ef5045f8.sol#313) is not in mixedCase
Parameter '_subtractedValue' of StandardToken.decreaseApproval (/sb/0x313f29ea49a9e6ca3b3e254335d4ec32ef5045f8.sol#313) is not in mixedCase
Parameter '_to' of MintableToken.mint (/sb/0x313f29ea49a9e6ca3b3e254335d4ec32ef5045f8.sol#357-358) is not in mixedCase
Parameter '_amount' of MintableToken.mint (/sb/0x313f29ea49a9e6ca3b3e254335d4ec32ef5045f8.sol#358-359) is not in mixedCase
Parameter '_disable' of LimitedTransferBancorSmartToken.disableTransfers (/sb/0x313f29ea49a9e6ca3b3e254335d4ec32ef5045f8.sol#452) is not in mixedCase
Parameter '_to' of LimitedTransferBancorSmartToken.issue (/sb/0x313f29ea49a9e6ca3b3e254335d4ec32ef5045f8.sol#456) is not in mixedCase
Parameter '_amount' of LimitedTransferBancorSmartToken.issue (/sb/0x313f29ea49a9e6ca3b3e254335d4ec32ef5045f8.sol#456) is not in mixedCase
Parameter '_from' of LimitedTransferBancorSmartToken.destroy (/sb/0x313f29ea49a9e6ca3b3e254335d4ec32ef5045f8.sol#460) is not in mixedCase
Parameter '_amount' of LimitedTransferBancorSmartToken.destroy (/sb/0x313f29ea49a9e6ca3b3e254335d4ec32ef5045f8.sol#460) is not in mixedCase
Parameter '_enable' of LimitedTransferBancorSmartToken.setDestroyEnabled (/sb/0x313f29ea49a9e6ca3b3e254335d4ec32ef5045f8.sol#437) is not in mixedCase
Function 'SirinSmartToken.SirinSmartToken' (/sb/0x313f29ea49a9e6ca3b3e254335d4ec32ef5045f8.sol#509-514) is not in mixedCase
Function 'RefundVault.RefundVault' (/sb/0x313f29ea49a9e6ca3b3e254335d4ec32ef5045f8.sol#599-604) is not in mixedCase
Parameter '_etherWallet' of RefundVault.RefundVault (/sb/0x313f29ea49a9e6ca3b3e254335d4ec32ef5045f8.sol#599) is not in mixedCase
Parameter '_token' of RefundVault.RefundVault (/sb/0x313f29ea49a9e6ca3b3e254335d4ec32ef5045f8.sol#599) is not in mixedCase
Parameter 'ETHToRefundAmountWei' of RefundVault.refundETH (/sb/0x313f29ea49a9e6ca3b3e254335d4ec32ef5045f8.sol#637) is not in mixedCase
Function 'Crowdsale.Crowdsale' (/sb/0x313f29ea49a9e6ca3b3e254335d4ec32ef5045f8.sol#756-773) is not in mixedCase
Parameter '_startTime' of Crowdsale.Crowdsale (/sb/0x313f29ea49a9e6ca3b3e254335d4ec32ef5045f8.sol#758) is not in mixedCase
Parameter '_endTime' of Crowdsale.Crowdsale (/sb/0x313f29ea49a9e6ca3b3e254335d4ec32ef5045f8.sol#758) is not in mixedCase
Parameter '_rate' of Crowdsale.Crowdsale (/sb/0x313f29ea49a9e6ca3b3e254335d4ec32ef5045f8.sol#760) is not in mixedCase
Parameter '_wallet' of Crowdsale.Crowdsale (/sb/0x313f29ea49a9e6ca3b3e254335d4ec32ef5045f8.sol#760) is not in mixedCase
Parameter '_token' of Crowdsale.Crowdsale (/sb/0x313f29ea49a9e6ca3b3e254335d4ec32ef5045f8.sol#760-761) is not in mixedCase
Function 'SirinCrowdsale.SirinCrowdsale' (/sb/0x313f29ea49a9e6ca3b3e254335d4ec32ef5045f8.sol#934-948) is not in mixedCase
Parameter '_walletTeam' of SirinCrowdsale.SirinCrowdsale (/sb/0x313f29ea49a9e6ca3b3e254335d4ec32ef5045f8.sol#935) is not in mixedCase
Parameter '_walletOEM' of SirinCrowdsale.SirinCrowdsale (/sb/0x313f29ea49a9e6ca3b3e254335d4ec32ef5045f8.sol#935-936) is not in mixedCase
Parameter '_walletBounties' of SirinCrowdsale.SirinCrowdsale (/sb/0x313f29ea49a9e6ca3b3e254335d4ec32ef5045f8.sol#936) is not in mixedCase
Parameter '_walletReserve' of SirinCrowdsale.SirinCrowdsale (/sb/0x313f29ea49a9e6ca3b3e254335d4ec32ef5045f8.sol#936) is not in mixedCase
Parameter '_sirinSmartToken' of SirinCrowdsale.SirinCrowdsale (/sb/0x313f29ea49a9e6ca3b3e254335d4ec32ef5045f8.sol#936) is not in mixedCase
Parameter '_refundVault' of SirinCrowdsale.SirinCrowdsale (/sb/0x313f29ea49a9e6ca3b3e254335d4ec32ef5045f8.sol#936-938) is not in mixedCase
Parameter '_grantee' of SirinCrowdsale.addUpdateGrantee (/sb/0x313f29ea49a9e6ca3b3e254335d4ec32ef5045f8.sol#1053) is not in mixedCase
Parameter '_value' of SirinCrowdsale.addUpdateGrantee (/sb/0x313f29ea49a9e6ca3b3e254335d4ec32ef5045f8.sol#1053-1054) is not in mixedCase
Parameter '_grantee' of SirinCrowdsale.deleteGrantee (/sb/0x313f29ea49a9e6ca3b3e254335d4ec32ef5045f8.sol#1069) is not in mixedCase
Parameter '_fiatRaisedConvertedToWei' of SirinCrowdsale.setFiatRaisedConvertedToWei (/sb/0x313f29ea49a9e6ca3b3e254335d4ec32ef5045f8.sol#1095-1097) is not in mixedCase
Reference: https://github.com/trailofbits/slither/wiki/Detectors-Documentation#conformance-to-solidity-naming-conventions[0m
INFO:Slither:/sb/0x313f29ea49a9e6ca3b3e254335d4ec32ef5045f8.sol analyzed (16 contracts), 82 result(s) found
