INFO:Slither:Compilation warnings/errors on /sb/0x0f8019c51423a388a79e414f1dffbcb802db8962.sol:
/sb/0x0f8019c51423a388a79e414f1dffbcb802db8962.sol:21:5: Warning: Defining constructors as functions with the same name as the contract is deprecated. Use "constructor(...) { ... }" instead.
    function Satnet() {
    ^ (Relevant source part starts here and spans across multiple lines).
/sb/0x0f8019c51423a388a79e414f1dffbcb802db8962.sol:35:45: Warning: "throw" is deprecated in favour of "revert()", "require()" and "assert()".
        if (balanceOf[msg.sender] < _value) throw;           // Check if the sender has enough
                                            ^---^
/sb/0x0f8019c51423a388a79e414f1dffbcb802db8962.sol:36:55: Warning: "throw" is deprecated in favour of "revert()", "require()" and "assert()".
        if (balanceOf[_to] + _value < balanceOf[_to]) throw; // Check for overflows
                                                      ^---^
/sb/0x0f8019c51423a388a79e414f1dffbcb802db8962.sol:50:9: Warning: "throw" is deprecated in favour of "revert()", "require()" and "assert()".
        throw;     // Prevents accidental sending of ether
        ^---^
/sb/0x0f8019c51423a388a79e414f1dffbcb802db8962.sol:21:5: Warning: No visibility specified. Defaulting to "public". 
    function Satnet() {
    ^ (Relevant source part starts here and spans across multiple lines).
/sb/0x0f8019c51423a388a79e414f1dffbcb802db8962.sol:34:5: Warning: No visibility specified. Defaulting to "public". 
    function transfer(address _to, uint256 _value) {
    ^ (Relevant source part starts here and spans across multiple lines).
/sb/0x0f8019c51423a388a79e414f1dffbcb802db8962.sol:49:5: Warning: No visibility specified. Defaulting to "public". 
    function () {
    ^ (Relevant source part starts here and spans across multiple lines).

INFO:Detectors:[93m
Satnet (/sb/0x0f8019c51423a388a79e414f1dffbcb802db8962.sol#6-52) has incorrect ERC20 function interface(s):
	-transfer (/sb/0x0f8019c51423a388a79e414f1dffbcb802db8962.sol#34-48)
Reference: https://github.com/trailofbits/slither/wiki/Detectors-Documentation#incorrect-erc20-interface[0m
INFO:Detectors:[92m
Satnet.standard should be constant (/sb/0x0f8019c51423a388a79e414f1dffbcb802db8962.sol#8-9)
Reference: https://github.com/trailofbits/slither/wiki/Detectors-Documentation#state-variables-that-could-be-declared-constant[0m
INFO:Detectors:[92m
Deprecated standard detected @ /sb/0x0f8019c51423a388a79e414f1dffbcb802db8962.sol#35:
	- Usage of "throw" should be replaced with "revert()"
Deprecated standard detected @ /sb/0x0f8019c51423a388a79e414f1dffbcb802db8962.sol#37:
	- Usage of "throw" should be replaced with "revert()"
Deprecated standard detected @ /sb/0x0f8019c51423a388a79e414f1dffbcb802db8962.sol#50-51:
	- Usage of "throw" should be replaced with "revert()"
Reference: https://github.com/trailofbits/slither/wiki/Detectors-Documentation#deprecated-standards[0m
INFO:Detectors:[92m
Satnet.transfer (/sb/0x0f8019c51423a388a79e414f1dffbcb802db8962.sol#34-48) should be declared external
Satnet.fallback (/sb/0x0f8019c51423a388a79e414f1dffbcb802db8962.sol#50-52) should be declared external
Reference: https://github.com/trailofbits/slither/wiki/Detectors-Documentation#public-function-that-could-be-declared-as-external[0m
INFO:Detectors:[92m
Detected issues with version pragma in /sb/0x0f8019c51423a388a79e414f1dffbcb802db8962.sol:
	- pragma solidity^0.4.0 (/sb/0x0f8019c51423a388a79e414f1dffbcb802db8962.sol#1): it allows old versions
Reference: https://github.com/trailofbits/slither/wiki/Detectors-Documentation#incorrect-version-of-solidity[0m
INFO:Detectors:[92m
Function 'Satnet.Satnet' (/sb/0x0f8019c51423a388a79e414f1dffbcb802db8962.sol#22-34) is not in mixedCase
Parameter '_to' of Satnet.transfer (/sb/0x0f8019c51423a388a79e414f1dffbcb802db8962.sol#35) is not in mixedCase
Parameter '_value' of Satnet.transfer (/sb/0x0f8019c51423a388a79e414f1dffbcb802db8962.sol#35) is not in mixedCase
Reference: https://github.com/trailofbits/slither/wiki/Detectors-Documentation#conformance-to-solidity-naming-conventions[0m
INFO:Slither:/sb/0x0f8019c51423a388a79e414f1dffbcb802db8962.sol analyzed (1 contracts), 11 result(s) found
