INFO:Slither:Compilation warnings/errors on /sb/0x21f15966e07a10554c364b988e91dab01d32794a.sol:
/sb/0x21f15966e07a10554c364b988e91dab01d32794a.sol:210:21: Warning: This function only accepts a single "bytes" argument. Please use "abi.encodePacked(...)" or a similar function to encode the data.
        bytes32 h = keccak256(_from,_to,_value,_feeSmt,nonce,address(this));
                    ^-----------------------------------------------------^
/sb/0x21f15966e07a10554c364b988e91dab01d32794a.sol:240:24: Warning: This function only accepts a single "bytes" argument. Please use "abi.encodePacked(...)" or a similar function to encode the data.
        bytes32 hash = keccak256(_from,_spender,_value,nonce,address(this));
                       ^--------------------------------------------------^

INFO:Detectors:[92m
SMT.decimals should be constant (/sb/0x21f15966e07a10554c364b988e91dab01d32794a.sol#179-180)
SMT.name should be constant (/sb/0x21f15966e07a10554c364b988e91dab01d32794a.sol#179)
SMT.symbol should be constant (/sb/0x21f15966e07a10554c364b988e91dab01d32794a.sol#182-185)
SMT.version should be constant (/sb/0x21f15966e07a10554c364b988e91dab01d32794a.sol#185-186)
Reference: https://github.com/trailofbits/slither/wiki/Detectors-Documentation#state-variables-that-could-be-declared-constant[0m
INFO:Detectors:[92m
Token.balanceOf (/sb/0x21f15966e07a10554c364b988e91dab01d32794a.sol#12-14) should be declared external
StandardToken.balanceOf (/sb/0x21f15966e07a10554c364b988e91dab01d32794a.sol#158-160) should be declared external
Token.transfer (/sb/0x21f15966e07a10554c364b988e91dab01d32794a.sol#18-20) should be declared external
StandardToken.transfer (/sb/0x21f15966e07a10554c364b988e91dab01d32794a.sol#132-144) should be declared external
Token.transferFrom (/sb/0x21f15966e07a10554c364b988e91dab01d32794a.sol#25-27) should be declared external
StandardToken.transferFrom (/sb/0x21f15966e07a10554c364b988e91dab01d32794a.sol#144-158) should be declared external
StandardToken.approve (/sb/0x21f15966e07a10554c364b988e91dab01d32794a.sol#160-168) should be declared external
Token.approve (/sb/0x21f15966e07a10554c364b988e91dab01d32794a.sol#31-33) should be declared external
StandardToken.allowance (/sb/0x21f15966e07a10554c364b988e91dab01d32794a.sol#168-174) should be declared external
Token.allowance (/sb/0x21f15966e07a10554c364b988e91dab01d32794a.sol#36-38) should be declared external
Owned.changeOwner (/sb/0x21f15966e07a10554c364b988e91dab01d32794a.sol#64-69) should be declared external
Owned.acceptOwnership (/sb/0x21f15966e07a10554c364b988e91dab01d32794a.sol#70-80) should be declared external
Controlled.enableTransfer (/sb/0x21f15966e07a10554c364b988e91dab01d32794a.sol#93-96) should be declared external
Controlled.disableLock (/sb/0x21f15966e07a10554c364b988e91dab01d32794a.sol#96-101) should be declared external
Controlled.addLock (/sb/0x21f15966e07a10554c364b988e91dab01d32794a.sol#101-107) should be declared external
Controlled.removeLock (/sb/0x21f15966e07a10554c364b988e91dab01d32794a.sol#113-118) should be declared external
SMT.fallback (/sb/0x21f15966e07a10554c364b988e91dab01d32794a.sol#179) should be declared external
SMT.transferProxy (/sb/0x21f15966e07a10554c364b988e91dab01d32794a.sol#206-229) should be declared external
SMT.approveProxy (/sb/0x21f15966e07a10554c364b988e91dab01d32794a.sol#240-257) should be declared external
SMT.getNonce (/sb/0x21f15966e07a10554c364b988e91dab01d32794a.sol#259-261) should be declared external
SMT.allocateTokens (/sb/0x21f15966e07a10554c364b988e91dab01d32794a.sol#265-272) should be declared external
Reference: https://github.com/trailofbits/slither/wiki/Detectors-Documentation#public-function-that-could-be-declared-as-external[0m
INFO:Detectors:[92m
Detected issues with version pragma in /sb/0x21f15966e07a10554c364b988e91dab01d32794a.sol:
	- pragma solidity^0.4.23 (/sb/0x21f15966e07a10554c364b988e91dab01d32794a.sol#3-5): it allows old versions
Reference: https://github.com/trailofbits/slither/wiki/Detectors-Documentation#incorrect-version-of-solidity[0m
INFO:Detectors:[92m
Parameter '_newOwner' of Owned.changeOwner (/sb/0x21f15966e07a10554c364b988e91dab01d32794a.sol#64-65) is not in mixedCase
Parameter '_enable' of Controlled.enableTransfer (/sb/0x21f15966e07a10554c364b988e91dab01d32794a.sol#95) is not in mixedCase
Parameter '_enable' of Controlled.disableLock (/sb/0x21f15966e07a10554c364b988e91dab01d32794a.sol#97-98) is not in mixedCase
Parameter '_addr' of Controlled.addLock (/sb/0x21f15966e07a10554c364b988e91dab01d32794a.sol#102) is not in mixedCase
Parameter '_addr' of Controlled.setExclude (/sb/0x21f15966e07a10554c364b988e91dab01d32794a.sol#108-111) is not in mixedCase
Parameter '_addr' of Controlled.removeLock (/sb/0x21f15966e07a10554c364b988e91dab01d32794a.sol#114-116) is not in mixedCase
Parameter '_owner' of StandardToken.balanceOf (/sb/0x21f15966e07a10554c364b988e91dab01d32794a.sol#158) is not in mixedCase
Parameter '_to' of StandardToken.transfer (/sb/0x21f15966e07a10554c364b988e91dab01d32794a.sol#132) is not in mixedCase
Parameter '_value' of StandardToken.transfer (/sb/0x21f15966e07a10554c364b988e91dab01d32794a.sol#132) is not in mixedCase
Parameter '_from' of StandardToken.transferFrom (/sb/0x21f15966e07a10554c364b988e91dab01d32794a.sol#144) is not in mixedCase
Parameter '_to' of StandardToken.transferFrom (/sb/0x21f15966e07a10554c364b988e91dab01d32794a.sol#144) is not in mixedCase
Parameter '_value' of StandardToken.transferFrom (/sb/0x21f15966e07a10554c364b988e91dab01d32794a.sol#144) is not in mixedCase
Parameter '_spender' of StandardToken.approve (/sb/0x21f15966e07a10554c364b988e91dab01d32794a.sol#160-161) is not in mixedCase
Parameter '_value' of StandardToken.approve (/sb/0x21f15966e07a10554c364b988e91dab01d32794a.sol#161-162) is not in mixedCase
Parameter '_owner' of StandardToken.allowance (/sb/0x21f15966e07a10554c364b988e91dab01d32794a.sol#168-169) is not in mixedCase
Parameter '_spender' of StandardToken.allowance (/sb/0x21f15966e07a10554c364b988e91dab01d32794a.sol#169) is not in mixedCase
Parameter '_from' of SMT.transferProxy (/sb/0x21f15966e07a10554c364b988e91dab01d32794a.sol#207) is not in mixedCase
Parameter '_to' of SMT.transferProxy (/sb/0x21f15966e07a10554c364b988e91dab01d32794a.sol#207) is not in mixedCase
Parameter '_value' of SMT.transferProxy (/sb/0x21f15966e07a10554c364b988e91dab01d32794a.sol#207) is not in mixedCase
Parameter '_feeSmt' of SMT.transferProxy (/sb/0x21f15966e07a10554c364b988e91dab01d32794a.sol#207-209) is not in mixedCase
Parameter '_v' of SMT.transferProxy (/sb/0x21f15966e07a10554c364b988e91dab01d32794a.sol#209) is not in mixedCase
Parameter '_r' of SMT.transferProxy (/sb/0x21f15966e07a10554c364b988e91dab01d32794a.sol#209-210) is not in mixedCase
Parameter '_s' of SMT.transferProxy (/sb/0x21f15966e07a10554c364b988e91dab01d32794a.sol#210) is not in mixedCase
Parameter '_from' of SMT.approveProxy (/sb/0x21f15966e07a10554c364b988e91dab01d32794a.sol#240-241) is not in mixedCase
Parameter '_spender' of SMT.approveProxy (/sb/0x21f15966e07a10554c364b988e91dab01d32794a.sol#241) is not in mixedCase
Parameter '_value' of SMT.approveProxy (/sb/0x21f15966e07a10554c364b988e91dab01d32794a.sol#241) is not in mixedCase
Parameter '_v' of SMT.approveProxy (/sb/0x21f15966e07a10554c364b988e91dab01d32794a.sol#241-242) is not in mixedCase
Parameter '_r' of SMT.approveProxy (/sb/0x21f15966e07a10554c364b988e91dab01d32794a.sol#242) is not in mixedCase
Parameter '_s' of SMT.approveProxy (/sb/0x21f15966e07a10554c364b988e91dab01d32794a.sol#242) is not in mixedCase
Parameter '_addr' of SMT.getNonce (/sb/0x21f15966e07a10554c364b988e91dab01d32794a.sol#259) is not in mixedCase
Parameter '_owners' of SMT.allocateTokens (/sb/0x21f15966e07a10554c364b988e91dab01d32794a.sol#266) is not in mixedCase
Parameter '_values' of SMT.allocateTokens (/sb/0x21f15966e07a10554c364b988e91dab01d32794a.sol#266-267) is not in mixedCase
Reference: https://github.com/trailofbits/slither/wiki/Detectors-Documentation#conformance-to-solidity-naming-conventions[0m
INFO:Slither:/sb/0x21f15966e07a10554c364b988e91dab01d32794a.sol analyzed (5 contracts), 55 result(s) found
