INFO:Slither:Compilation warnings/errors on /sb/0xd9c82dddfb27c31f1acbbcf8c23ea4afc8a39789.sol:
/sb/0xd9c82dddfb27c31f1acbbcf8c23ea4afc8a39789.sol:79:5: Warning: Defining constructors as functions with the same name as the contract is deprecated. Use "constructor(...) { ... }" instead.
    function Crowdsale(
    ^ (Relevant source part starts here and spans across multiple lines).
/sb/0xd9c82dddfb27c31f1acbbcf8c23ea4afc8a39789.sol:9:5: Warning: Functions in interfaces should be declared external.
    function transfer(address receiver, uint amount) public;
    ^------------------------------------------------------^
/sb/0xd9c82dddfb27c31f1acbbcf8c23ea4afc8a39789.sol:113:13: Warning: Invoking events without "emit" prefix is deprecated.
            FundTransfer(msg.sender, amount, true);
            ^------------------------------------^
/sb/0xd9c82dddfb27c31f1acbbcf8c23ea4afc8a39789.sol:124:13: Warning: Invoking events without "emit" prefix is deprecated.
            FundTransfer(msg.sender, amount, true);
            ^------------------------------------^
/sb/0xd9c82dddfb27c31f1acbbcf8c23ea4afc8a39789.sol:142:25: Warning: Using contract member "balance" inherited from the address type is deprecated. Convert the contract to "address" type to access the member, for example use "address(contract).balance" instead.
        uint256 total = this.balance;
                        ^----------^

INFO:Detectors:[93m
token (/sb/0xd9c82dddfb27c31f1acbbcf8c23ea4afc8a39789.sol#8-13) has incorrect ERC20 function interface(s):
	-transfer (/sb/0xd9c82dddfb27c31f1acbbcf8c23ea4afc8a39789.sol#9-13)
Reference: https://github.com/trailofbits/slither/wiki/Detectors-Documentation#incorrect-erc20-interface[0m
INFO:Detectors:[93m
Crowdsale.withdrawTokens (/sb/0xd9c82dddfb27c31f1acbbcf8c23ea4afc8a39789.sol#135-141) does not use the value returned by external calls:
	-tc.transfer(owner,tc.balanceOf(this)) (/sb/0xd9c82dddfb27c31f1acbbcf8c23ea4afc8a39789.sol#139-141)
Reference: https://github.com/trailofbits/slither/wiki/Detectors-Documentation#unused-return[0m
INFO:Detectors:[92m
token.transfer (/sb/0xd9c82dddfb27c31f1acbbcf8c23ea4afc8a39789.sol#9-13) should be declared external
Crowdsale.fallback (/sb/0xd9c82dddfb27c31f1acbbcf8c23ea4afc8a39789.sol#105-132) should be declared external
Reference: https://github.com/trailofbits/slither/wiki/Detectors-Documentation#public-function-that-could-be-declared-as-external[0m
INFO:Detectors:[92m
Detected issues with version pragma in /sb/0xd9c82dddfb27c31f1acbbcf8c23ea4afc8a39789.sol:
	- pragma solidity^0.4.19 (/sb/0xd9c82dddfb27c31f1acbbcf8c23ea4afc8a39789.sol#1): it allows old versions
Reference: https://github.com/trailofbits/slither/wiki/Detectors-Documentation#incorrect-version-of-solidity[0m
INFO:Detectors:[92m
Contract 'token' (/sb/0xd9c82dddfb27c31f1acbbcf8c23ea4afc8a39789.sol#8-13) is not in CapWords
Contract 'withdrawToken' (/sb/0xd9c82dddfb27c31f1acbbcf8c23ea4afc8a39789.sol#15-21) is not in CapWords
Function 'Crowdsale.Crowdsale' (/sb/0xd9c82dddfb27c31f1acbbcf8c23ea4afc8a39789.sol#82-101) is not in mixedCase
Reference: https://github.com/trailofbits/slither/wiki/Detectors-Documentation#conformance-to-solidity-naming-conventions[0m
INFO:Slither:/sb/0xd9c82dddfb27c31f1acbbcf8c23ea4afc8a39789.sol analyzed (4 contracts), 8 result(s) found
