INFO:Detectors:[93m
UNTZ (/sb/0x7f37fb56662236461c94afea0a942c3db5ec5da3.sol#5-153) has incorrect ERC20 function interface(s):
	-transfer (/sb/0x7f37fb56662236461c94afea0a942c3db5ec5da3.sol#69-75)
Reference: https://github.com/trailofbits/slither/wiki/Detectors-Documentation#incorrect-erc20-interface[0m
INFO:Detectors:[92m
UNTZ.decimals should be constant (/sb/0x7f37fb56662236461c94afea0a942c3db5ec5da3.sol#9-10)
Reference: https://github.com/trailofbits/slither/wiki/Detectors-Documentation#state-variables-that-could-be-declared-constant[0m
INFO:Detectors:[92m
UNTZ.transfer (/sb/0x7f37fb56662236461c94afea0a942c3db5ec5da3.sol#69-75) should be declared external
UNTZ.transferFrom (/sb/0x7f37fb56662236461c94afea0a942c3db5ec5da3.sol#81-91) should be declared external
UNTZ.approveAndCall (/sb/0x7f37fb56662236461c94afea0a942c3db5ec5da3.sol#113-126) should be declared external
UNTZ.burn (/sb/0x7f37fb56662236461c94afea0a942c3db5ec5da3.sol#129-139) should be declared external
UNTZ.burnFrom (/sb/0x7f37fb56662236461c94afea0a942c3db5ec5da3.sol#145-153) should be declared external
Reference: https://github.com/trailofbits/slither/wiki/Detectors-Documentation#public-function-that-could-be-declared-as-external[0m
INFO:Detectors:[92m
Detected issues with version pragma in /sb/0x7f37fb56662236461c94afea0a942c3db5ec5da3.sol:
	- pragma solidity^0.4.16 (/sb/0x7f37fb56662236461c94afea0a942c3db5ec5da3.sol#1): it allows old versions
Reference: https://github.com/trailofbits/slither/wiki/Detectors-Documentation#incorrect-version-of-solidity[0m
INFO:Detectors:[92m
Contract 'tokenRecipient' (/sb/0x7f37fb56662236461c94afea0a942c3db5ec5da3.sol#3-5) is not in CapWords
Function 'UNTZ._transfer' (/sb/0x7f37fb56662236461c94afea0a942c3db5ec5da3.sol#42-63) is not in mixedCase
Parameter '_from' of UNTZ._transfer (/sb/0x7f37fb56662236461c94afea0a942c3db5ec5da3.sol#42-43) is not in mixedCase
Parameter '_to' of UNTZ._transfer (/sb/0x7f37fb56662236461c94afea0a942c3db5ec5da3.sol#43) is not in mixedCase
Parameter '_value' of UNTZ._transfer (/sb/0x7f37fb56662236461c94afea0a942c3db5ec5da3.sol#43) is not in mixedCase
Parameter '_to' of UNTZ.transfer (/sb/0x7f37fb56662236461c94afea0a942c3db5ec5da3.sol#69) is not in mixedCase
Parameter '_value' of UNTZ.transfer (/sb/0x7f37fb56662236461c94afea0a942c3db5ec5da3.sol#69-72) is not in mixedCase
Parameter '_from' of UNTZ.transferFrom (/sb/0x7f37fb56662236461c94afea0a942c3db5ec5da3.sol#82) is not in mixedCase
Parameter '_to' of UNTZ.transferFrom (/sb/0x7f37fb56662236461c94afea0a942c3db5ec5da3.sol#82) is not in mixedCase
Parameter '_value' of UNTZ.transferFrom (/sb/0x7f37fb56662236461c94afea0a942c3db5ec5da3.sol#82) is not in mixedCase
Parameter '_spender' of UNTZ.approve (/sb/0x7f37fb56662236461c94afea0a942c3db5ec5da3.sol#98) is not in mixedCase
Parameter '_value' of UNTZ.approve (/sb/0x7f37fb56662236461c94afea0a942c3db5ec5da3.sol#98-99) is not in mixedCase
Parameter '_spender' of UNTZ.approveAndCall (/sb/0x7f37fb56662236461c94afea0a942c3db5ec5da3.sol#114) is not in mixedCase
Parameter '_value' of UNTZ.approveAndCall (/sb/0x7f37fb56662236461c94afea0a942c3db5ec5da3.sol#114) is not in mixedCase
Parameter '_extraData' of UNTZ.approveAndCall (/sb/0x7f37fb56662236461c94afea0a942c3db5ec5da3.sol#114-115) is not in mixedCase
Parameter '_value' of UNTZ.burn (/sb/0x7f37fb56662236461c94afea0a942c3db5ec5da3.sol#129-130) is not in mixedCase
Parameter '_from' of UNTZ.burnFrom (/sb/0x7f37fb56662236461c94afea0a942c3db5ec5da3.sol#145) is not in mixedCase
Parameter '_value' of UNTZ.burnFrom (/sb/0x7f37fb56662236461c94afea0a942c3db5ec5da3.sol#145-146) is not in mixedCase
Reference: https://github.com/trailofbits/slither/wiki/Detectors-Documentation#conformance-to-solidity-naming-conventions[0m
INFO:Slither:/sb/0x7f37fb56662236461c94afea0a942c3db5ec5da3.sol analyzed (2 contracts), 26 result(s) found
