INFO:Detectors:[92m
LockToken._transfer (/sb/0x0e12bcbd1300f3e04205ad947fe154f7118e467b.sol#208-221) uses timestamp for comparisons
	Dangerous comparisons:
	- block.timestamp < item.endtime && remain < item.remain (/sb/0x0e12bcbd1300f3e04205ad947fe154f7118e467b.sol#219-220)
MintToken.mint (/sb/0x0e12bcbd1300f3e04205ad947fe154f7118e467b.sol#263-284) uses timestamp for comparisons
	Dangerous comparisons:
	- require(bool)(block.timestamp >= mintBegintime) (/sb/0x0e12bcbd1300f3e04205ad947fe154f7118e467b.sol#265-268)
	- mintMax > 0 && mintTotal > mintMax (/sb/0x0e12bcbd1300f3e04205ad947fe154f7118e467b.sol#280-283)
	- require(bool)(leave >= value) (/sb/0x0e12bcbd1300f3e04205ad947fe154f7118e467b.sol#278)
MintToken.mintToMax (/sb/0x0e12bcbd1300f3e04205ad947fe154f7118e467b.sol#284-307) uses timestamp for comparisons
	Dangerous comparisons:
	- value > leave (/sb/0x0e12bcbd1300f3e04205ad947fe154f7118e467b.sol#302)
	- require(bool)(value > 0) (/sb/0x0e12bcbd1300f3e04205ad947fe154f7118e467b.sol#304-306)
	- require(bool)(block.timestamp >= mintBegintime) (/sb/0x0e12bcbd1300f3e04205ad947fe154f7118e467b.sol#286-287)
Reference: https://github.com/trailofbits/slither/wiki/Detectors-Documentation#block-timestamp[0m
INFO:Detectors:[92m
Ownable.transferOwnership (/sb/0x0e12bcbd1300f3e04205ad947fe154f7118e467b.sol#48-54) should be declared external
Ownable.renounceOwnership (/sb/0x0e12bcbd1300f3e04205ad947fe154f7118e467b.sol#55-61) should be declared external
Pausable.pause (/sb/0x0e12bcbd1300f3e04205ad947fe154f7118e467b.sol#82-87) should be declared external
Pausable.unpause (/sb/0x0e12bcbd1300f3e04205ad947fe154f7118e467b.sol#87-94) should be declared external
BaseToken.transferFrom (/sb/0x0e12bcbd1300f3e04205ad947fe154f7118e467b.sol#127-134) should be declared external
BaseToken.approve (/sb/0x0e12bcbd1300f3e04205ad947fe154f7118e467b.sol#134-141) should be declared external
BaseToken.increaseAllowance (/sb/0x0e12bcbd1300f3e04205ad947fe154f7118e467b.sol#141-148) should be declared external
BaseToken.decreaseAllowance (/sb/0x0e12bcbd1300f3e04205ad947fe154f7118e467b.sol#148-157) should be declared external
BurnToken.burn (/sb/0x0e12bcbd1300f3e04205ad947fe154f7118e467b.sol#159-166) should be declared external
BurnToken.burnFrom (/sb/0x0e12bcbd1300f3e04205ad947fe154f7118e467b.sol#166-176) should be declared external
BatchToken.batchTransfer (/sb/0x0e12bcbd1300f3e04205ad947fe154f7118e467b.sol#177-198) should be declared external
LockToken.lock (/sb/0x0e12bcbd1300f3e04205ad947fe154f7118e467b.sol#221-256) should be declared external
MintToken.mint (/sb/0x0e12bcbd1300f3e04205ad947fe154f7118e467b.sol#263-284) should be declared external
MintToken.mintToMax (/sb/0x0e12bcbd1300f3e04205ad947fe154f7118e467b.sol#284-307) should be declared external
Reference: https://github.com/trailofbits/slither/wiki/Detectors-Documentation#public-function-that-could-be-declared-as-external[0m
INFO:Detectors:[92m
Function 'BaseToken._transfer' (/sb/0x0e12bcbd1300f3e04205ad947fe154f7118e467b.sol#108-115) is not in mixedCase
Function 'BaseToken._mint' (/sb/0x0e12bcbd1300f3e04205ad947fe154f7118e467b.sol#115-122) is not in mixedCase
Constant 'BaseToken._totalLimit' (/sb/0x0e12bcbd1300f3e04205ad947fe154f7118e467b.sol#101) is not in UPPER_CASE_WITH_UNDERSCORES
Function 'LockToken._transfer' (/sb/0x0e12bcbd1300f3e04205ad947fe154f7118e467b.sol#208-221) is not in mixedCase
Constant 'MintToken.mintMax' (/sb/0x0e12bcbd1300f3e04205ad947fe154f7118e467b.sol#258) is not in UPPER_CASE_WITH_UNDERSCORES
Constant 'MintToken.mintBegintime' (/sb/0x0e12bcbd1300f3e04205ad947fe154f7118e467b.sol#259-262) is not in UPPER_CASE_WITH_UNDERSCORES
Constant 'MintToken.mintPerday' (/sb/0x0e12bcbd1300f3e04205ad947fe154f7118e467b.sol#262-263) is not in UPPER_CASE_WITH_UNDERSCORES
Reference: https://github.com/trailofbits/slither/wiki/Detectors-Documentation#conformance-to-solidity-naming-conventions[0m
INFO:Slither:/sb/0x0e12bcbd1300f3e04205ad947fe154f7118e467b.sol analyzed (9 contracts), 24 result(s) found
