INFO:Slither:Compilation warnings/errors on /sb/0xd19fa8c96e3cd9cdf9374dccfd6a9f5d2d1183be.sol:
/sb/0xd19fa8c96e3cd9cdf9374dccfd6a9f5d2d1183be.sol:1:496: Warning: Defining constructors as functions with the same name as the contract is deprecated. Use "constructor(...) { ... }" instead.
 ... function BitHIN(uint256 initialSupp ...  = tokenName;symbol = tokenSymbol;} ... 
     ^-------------------------------------------------------------------------^
/sb/0xd19fa8c96e3cd9cdf9374dccfd6a9f5d2d1183be.sol:1:53: Warning: Functions in interfaces should be declared external.
 ... function receiveApproval(address _from, uint256 _value, address _token, bytes _extraData) public; ... 
     ^-----------------------------------------------------------------------------------------------^
/sb/0xd19fa8c96e3cd9cdf9374dccfd6a9f5d2d1183be.sol:1:996: Warning: Invoking events without "emit" prefix is deprecated.
 ... Transfer(_from, _to, _value) ... 
     ^--------------------------^
/sb/0xd19fa8c96e3cd9cdf9374dccfd6a9f5d2d1183be.sol:1:1964: Warning: Invoking events without "emit" prefix is deprecated.
 ... Burn(msg.sender, _value) ... 
     ^----------------------^
/sb/0xd19fa8c96e3cd9cdf9374dccfd6a9f5d2d1183be.sol:1:2254: Warning: Invoking events without "emit" prefix is deprecated.
 ... Burn(_from, _value) ... 
     ^-----------------^

INFO:Detectors:[93m
BitHIN (/sb/0xd19fa8c96e3cd9cdf9374dccfd6a9f5d2d1183be.sol#1) has incorrect ERC20 function interface(s):
	-transfer (/sb/0xd19fa8c96e3cd9cdf9374dccfd6a9f5d2d1183be.sol#1)
Reference: https://github.com/trailofbits/slither/wiki/Detectors-Documentation#incorrect-erc20-interface[0m
INFO:Detectors:[92m
BitHIN.decimals should be constant (/sb/0xd19fa8c96e3cd9cdf9374dccfd6a9f5d2d1183be.sol#1)
Reference: https://github.com/trailofbits/slither/wiki/Detectors-Documentation#state-variables-that-could-be-declared-constant[0m
INFO:Detectors:[92m
tokenRecipient.receiveApproval (/sb/0xd19fa8c96e3cd9cdf9374dccfd6a9f5d2d1183be.sol#1) should be declared external
BitHIN.transfer (/sb/0xd19fa8c96e3cd9cdf9374dccfd6a9f5d2d1183be.sol#1) should be declared external
BitHIN.transferFrom (/sb/0xd19fa8c96e3cd9cdf9374dccfd6a9f5d2d1183be.sol#1) should be declared external
BitHIN.approveAndCall (/sb/0xd19fa8c96e3cd9cdf9374dccfd6a9f5d2d1183be.sol#1) should be declared external
BitHIN.burn (/sb/0xd19fa8c96e3cd9cdf9374dccfd6a9f5d2d1183be.sol#1) should be declared external
BitHIN.burnFrom (/sb/0xd19fa8c96e3cd9cdf9374dccfd6a9f5d2d1183be.sol#1) should be declared external
Reference: https://github.com/trailofbits/slither/wiki/Detectors-Documentation#public-function-that-could-be-declared-as-external[0m
INFO:Detectors:[92m
Detected issues with version pragma in /sb/0xd19fa8c96e3cd9cdf9374dccfd6a9f5d2d1183be.sol:
	- pragma solidity^0.4.16 (/sb/0xd19fa8c96e3cd9cdf9374dccfd6a9f5d2d1183be.sol#1): it allows old versions
Reference: https://github.com/trailofbits/slither/wiki/Detectors-Documentation#incorrect-version-of-solidity[0m
INFO:Detectors:[92m
Contract 'tokenRecipient' (/sb/0xd19fa8c96e3cd9cdf9374dccfd6a9f5d2d1183be.sol#1) is not in CapWords
Function 'BitHIN.BitHIN' (/sb/0xd19fa8c96e3cd9cdf9374dccfd6a9f5d2d1183be.sol#1) is not in mixedCase
Function 'BitHIN._transfer' (/sb/0xd19fa8c96e3cd9cdf9374dccfd6a9f5d2d1183be.sol#1) is not in mixedCase
Parameter '_from' of BitHIN._transfer (/sb/0xd19fa8c96e3cd9cdf9374dccfd6a9f5d2d1183be.sol#1) is not in mixedCase
Parameter '_to' of BitHIN._transfer (/sb/0xd19fa8c96e3cd9cdf9374dccfd6a9f5d2d1183be.sol#1) is not in mixedCase
Parameter '_value' of BitHIN._transfer (/sb/0xd19fa8c96e3cd9cdf9374dccfd6a9f5d2d1183be.sol#1) is not in mixedCase
Parameter '_to' of BitHIN.transfer (/sb/0xd19fa8c96e3cd9cdf9374dccfd6a9f5d2d1183be.sol#1) is not in mixedCase
Parameter '_value' of BitHIN.transfer (/sb/0xd19fa8c96e3cd9cdf9374dccfd6a9f5d2d1183be.sol#1) is not in mixedCase
Parameter '_from' of BitHIN.transferFrom (/sb/0xd19fa8c96e3cd9cdf9374dccfd6a9f5d2d1183be.sol#1) is not in mixedCase
Parameter '_to' of BitHIN.transferFrom (/sb/0xd19fa8c96e3cd9cdf9374dccfd6a9f5d2d1183be.sol#1) is not in mixedCase
Parameter '_value' of BitHIN.transferFrom (/sb/0xd19fa8c96e3cd9cdf9374dccfd6a9f5d2d1183be.sol#1) is not in mixedCase
Parameter '_spender' of BitHIN.approve (/sb/0xd19fa8c96e3cd9cdf9374dccfd6a9f5d2d1183be.sol#1) is not in mixedCase
Parameter '_value' of BitHIN.approve (/sb/0xd19fa8c96e3cd9cdf9374dccfd6a9f5d2d1183be.sol#1) is not in mixedCase
Parameter '_spender' of BitHIN.approveAndCall (/sb/0xd19fa8c96e3cd9cdf9374dccfd6a9f5d2d1183be.sol#1) is not in mixedCase
Parameter '_value' of BitHIN.approveAndCall (/sb/0xd19fa8c96e3cd9cdf9374dccfd6a9f5d2d1183be.sol#1) is not in mixedCase
Parameter '_extraData' of BitHIN.approveAndCall (/sb/0xd19fa8c96e3cd9cdf9374dccfd6a9f5d2d1183be.sol#1) is not in mixedCase
Parameter '_value' of BitHIN.burn (/sb/0xd19fa8c96e3cd9cdf9374dccfd6a9f5d2d1183be.sol#1) is not in mixedCase
Parameter '_from' of BitHIN.burnFrom (/sb/0xd19fa8c96e3cd9cdf9374dccfd6a9f5d2d1183be.sol#1) is not in mixedCase
Parameter '_value' of BitHIN.burnFrom (/sb/0xd19fa8c96e3cd9cdf9374dccfd6a9f5d2d1183be.sol#1) is not in mixedCase
Reference: https://github.com/trailofbits/slither/wiki/Detectors-Documentation#conformance-to-solidity-naming-conventions[0m
INFO:Slither:/sb/0xd19fa8c96e3cd9cdf9374dccfd6a9f5d2d1183be.sol analyzed (2 contracts), 28 result(s) found
