INFO:Slither:Compilation warnings/errors on /sb/0x0e14ff106b70b807d74190ce2c2d0bb8c865082d.sol:
/sb/0x0e14ff106b70b807d74190ce2c2d0bb8c865082d.sol:48:3: Warning: Defining constructors as functions with the same name as the contract is deprecated. Use "constructor(...) { ... }" instead.
  function Ownable() public {
  ^ (Relevant source part starts here and spans across multiple lines).
/sb/0x0e14ff106b70b807d74190ce2c2d0bb8c865082d.sol:90:5: Warning: Defining constructors as functions with the same name as the contract is deprecated. Use "constructor(...) { ... }" instead.
    function STBIToken() public {
    ^ (Relevant source part starts here and spans across multiple lines).
/sb/0x0e14ff106b70b807d74190ce2c2d0bb8c865082d.sol:99:51: Warning: This declaration shadows an existing declaration.
    function totalSupply()public constant returns(uint256 totalSupply){
                                                  ^-----------------^
/sb/0x0e14ff106b70b807d74190ce2c2d0bb8c865082d.sol:99:5: The shadowed declaration is here:
    function totalSupply()public constant returns(uint256 totalSupply){
    ^ (Relevant source part starts here and spans across multiple lines).

/sb/0x0e14ff106b70b807d74190ce2c2d0bb8c865082d.sol:57:5: Warning: Invoking events without "emit" prefix is deprecated.
    OwnershipTransferred(owner, newOwner);
    ^-----------------------------------^
/sb/0x0e14ff106b70b807d74190ce2c2d0bb8c865082d.sol:93:9: Warning: Invoking events without "emit" prefix is deprecated.
        Transfer(0x0, ownerAddress, supply);
        ^---------------------------------^
/sb/0x0e14ff106b70b807d74190ce2c2d0bb8c865082d.sol:108:9: Warning: Invoking events without "emit" prefix is deprecated.
        Transfer(_from, _to, _value);
        ^--------------------------^
/sb/0x0e14ff106b70b807d74190ce2c2d0bb8c865082d.sol:139:13: Warning: Invoking events without "emit" prefix is deprecated.
            Transfer(_from, addr, value);
            ^--------------------------^
/sb/0x0e14ff106b70b807d74190ce2c2d0bb8c865082d.sol:162:9: Warning: Invoking events without "emit" prefix is deprecated.
        Approval(msg.sender, _spender, _value);
        ^------------------------------------^

INFO:Detectors:[92m
ERC20.allowance.owner (local variable @ /sb/0x0e14ff106b70b807d74190ce2c2d0bb8c865082d.sol#71) shadows:
	- Ownable.owner (state variable @ /sb/0x0e14ff106b70b807d74190ce2c2d0bb8c865082d.sol#46)
STBIToken.totalSupply.totalSupply (local variable @ /sb/0x0e14ff106b70b807d74190ce2c2d0bb8c865082d.sol#102) shadows:
	- STBIToken.totalSupply (function @ /sb/0x0e14ff106b70b807d74190ce2c2d0bb8c865082d.sol#102-103)
	- ERC20Basic.totalSupply (function @ /sb/0x0e14ff106b70b807d74190ce2c2d0bb8c865082d.sol#64)
Reference: https://github.com/trailofbits/slither/wiki/Detectors-Documentation#local-variable-shadowing[0m
INFO:Detectors:[92m
STBIToken.initialSupply should be constant (/sb/0x0e14ff106b70b807d74190ce2c2d0bb8c865082d.sol#85-86)
STBIToken.ownerAddress should be constant (/sb/0x0e14ff106b70b807d74190ce2c2d0bb8c865082d.sol#89-91)
Reference: https://github.com/trailofbits/slither/wiki/Detectors-Documentation#state-variables-that-could-be-declared-constant[0m
INFO:Detectors:[92m
Ownable.transferOwnership (/sb/0x0e14ff106b70b807d74190ce2c2d0bb8c865082d.sol#55-63) should be declared external
STBIToken.totalSupply (/sb/0x0e14ff106b70b807d74190ce2c2d0bb8c865082d.sol#102-103) should be declared external
ERC20Basic.totalSupply (/sb/0x0e14ff106b70b807d74190ce2c2d0bb8c865082d.sol#64) should be declared external
STBIToken.balanceOf (/sb/0x0e14ff106b70b807d74190ce2c2d0bb8c865082d.sol#97-102) should be declared external
ERC20Basic.balanceOf (/sb/0x0e14ff106b70b807d74190ce2c2d0bb8c865082d.sol#65) should be declared external
ERC20Basic.transfer (/sb/0x0e14ff106b70b807d74190ce2c2d0bb8c865082d.sol#65-66) should be declared external
STBIToken.transfer (/sb/0x0e14ff106b70b807d74190ce2c2d0bb8c865082d.sol#114-118) should be declared external
ERC20.allowance (/sb/0x0e14ff106b70b807d74190ce2c2d0bb8c865082d.sol#70-71) should be declared external
STBIToken.allowance (/sb/0x0e14ff106b70b807d74190ce2c2d0bb8c865082d.sol) should be declared external
ERC20.transferFrom (/sb/0x0e14ff106b70b807d74190ce2c2d0bb8c865082d.sol#71-72) should be declared external
STBIToken.transferFrom (/sb/0x0e14ff106b70b807d74190ce2c2d0bb8c865082d.sol#118-124) should be declared external
STBIToken.approve (/sb/0x0e14ff106b70b807d74190ce2c2d0bb8c865082d.sol#162-170) should be declared external
ERC20.approve (/sb/0x0e14ff106b70b807d74190ce2c2d0bb8c865082d.sol#72-73) should be declared external
STBIToken.setCanTransfer (/sb/0x0e14ff106b70b807d74190ce2c2d0bb8c865082d.sol#151-152) should be declared external
STBIToken.airdrop (/sb/0x0e14ff106b70b807d74190ce2c2d0bb8c865082d.sol#154-158) should be declared external
STBIToken.allowance (/sb/0x0e14ff106b70b807d74190ce2c2d0bb8c865082d.sol#160-162) should be declared external
Reference: https://github.com/trailofbits/slither/wiki/Detectors-Documentation#public-function-that-could-be-declared-as-external[0m
INFO:Detectors:[92m
Detected issues with version pragma in /sb/0x0e14ff106b70b807d74190ce2c2d0bb8c865082d.sol:
	- pragma solidity^0.4.13 (/sb/0x0e14ff106b70b807d74190ce2c2d0bb8c865082d.sol#1): it allows old versions
Reference: https://github.com/trailofbits/slither/wiki/Detectors-Documentation#incorrect-version-of-solidity[0m
INFO:Detectors:[92m
Function 'Ownable.Ownable' (/sb/0x0e14ff106b70b807d74190ce2c2d0bb8c865082d.sol#49-52) is not in mixedCase
Parameter '_addr' of STBIToken.balanceOf (/sb/0x0e14ff106b70b807d74190ce2c2d0bb8c865082d.sol#99) is not in mixedCase
Parameter '_to' of STBIToken.transfer (/sb/0x0e14ff106b70b807d74190ce2c2d0bb8c865082d.sol#114) is not in mixedCase
Parameter '_value' of STBIToken.transfer (/sb/0x0e14ff106b70b807d74190ce2c2d0bb8c865082d.sol#114) is not in mixedCase
Parameter '_owner' of STBIToken.allowance (/sb/0x0e14ff106b70b807d74190ce2c2d0bb8c865082d.sol) is not in mixedCase
Parameter '_spender' of STBIToken.allowance (/sb/0x0e14ff106b70b807d74190ce2c2d0bb8c865082d.sol) is not in mixedCase
Parameter '_from' of STBIToken.transferFrom (/sb/0x0e14ff106b70b807d74190ce2c2d0bb8c865082d.sol#118) is not in mixedCase
Parameter '_to' of STBIToken.transferFrom (/sb/0x0e14ff106b70b807d74190ce2c2d0bb8c865082d.sol#118) is not in mixedCase
Parameter '_value' of STBIToken.transferFrom (/sb/0x0e14ff106b70b807d74190ce2c2d0bb8c865082d.sol#118-119) is not in mixedCase
Parameter '_spender' of STBIToken.approve (/sb/0x0e14ff106b70b807d74190ce2c2d0bb8c865082d.sol#163-165) is not in mixedCase
Parameter '_value' of STBIToken.approve (/sb/0x0e14ff106b70b807d74190ce2c2d0bb8c865082d.sol#166) is not in mixedCase
Function 'STBIToken.STBIToken' (/sb/0x0e14ff106b70b807d74190ce2c2d0bb8c865082d.sol#92-97) is not in mixedCase
Function 'STBIToken._transfer' (/sb/0x0e14ff106b70b807d74190ce2c2d0bb8c865082d.sol#103-113) is not in mixedCase
Parameter '_from' of STBIToken._transfer (/sb/0x0e14ff106b70b807d74190ce2c2d0bb8c865082d.sol#103-104) is not in mixedCase
Parameter '_to' of STBIToken._transfer (/sb/0x0e14ff106b70b807d74190ce2c2d0bb8c865082d.sol#104) is not in mixedCase
Parameter '_value' of STBIToken._transfer (/sb/0x0e14ff106b70b807d74190ce2c2d0bb8c865082d.sol#104-105) is not in mixedCase
Function 'STBIToken._transferMultiple' (/sb/0x0e14ff106b70b807d74190ce2c2d0bb8c865082d.sol#124-149) is not in mixedCase
Parameter '_from' of STBIToken._transferMultiple (/sb/0x0e14ff106b70b807d74190ce2c2d0bb8c865082d.sol#125) is not in mixedCase
Parameter '_addrs' of STBIToken._transferMultiple (/sb/0x0e14ff106b70b807d74190ce2c2d0bb8c865082d.sol#125-126) is not in mixedCase
Parameter '_values' of STBIToken._transferMultiple (/sb/0x0e14ff106b70b807d74190ce2c2d0bb8c865082d.sol#126) is not in mixedCase
Parameter '_canTransfer' of STBIToken.setCanTransfer (/sb/0x0e14ff106b70b807d74190ce2c2d0bb8c865082d.sol#151) is not in mixedCase
Parameter '_addrs' of STBIToken.airdrop (/sb/0x0e14ff106b70b807d74190ce2c2d0bb8c865082d.sol#155) is not in mixedCase
Parameter '_values' of STBIToken.airdrop (/sb/0x0e14ff106b70b807d74190ce2c2d0bb8c865082d.sol#155) is not in mixedCase
Parameter '_spender' of STBIToken.allowance (/sb/0x0e14ff106b70b807d74190ce2c2d0bb8c865082d.sol#160) is not in mixedCase
Parameter '_value' of STBIToken.allowance (/sb/0x0e14ff106b70b807d74190ce2c2d0bb8c865082d.sol#160) is not in mixedCase
Reference: https://github.com/trailofbits/slither/wiki/Detectors-Documentation#conformance-to-solidity-naming-conventions[0m
INFO:Slither:/sb/0x0e14ff106b70b807d74190ce2c2d0bb8c865082d.sol analyzed (5 contracts), 45 result(s) found
