INFO:Detectors:[93m
Contract locking ether found in /sb/0x1b95b98e1b87b179a0ad7ea62b0d16f61fb47d70.sol:
	Contract HobohoCoin has payable functions:
	 - fallback (/sb/0x1b95b98e1b87b179a0ad7ea62b0d16f61fb47d70.sol#219)
	But does not have a function to withdraw the ether
Reference: https://github.com/trailofbits/slither/wiki/Detectors-Documentation#contracts-that-lock-ether[0m
INFO:Detectors:[92m
SafeMath.safeMul (/sb/0x1b95b98e1b87b179a0ad7ea62b0d16f61fb47d70.sol#27-31) should be declared external
SafeMath.safeDiv (/sb/0x1b95b98e1b87b179a0ad7ea62b0d16f61fb47d70.sol#31-38) should be declared external
ERC20Interface.totalSupply (/sb/0x1b95b98e1b87b179a0ad7ea62b0d16f61fb47d70.sol#43-44) should be declared external
HobohoCoin.totalSupply (/sb/0x1b95b98e1b87b179a0ad7ea62b0d16f61fb47d70.sol#133-134) should be declared external
HobohoCoin.balanceOf (/sb/0x1b95b98e1b87b179a0ad7ea62b0d16f61fb47d70.sol#141-142) should be declared external
ERC20Interface.balanceOf (/sb/0x1b95b98e1b87b179a0ad7ea62b0d16f61fb47d70.sol#44-45) should be declared external
ERC20Interface.allowance (/sb/0x1b95b98e1b87b179a0ad7ea62b0d16f61fb47d70.sol#45-46) should be declared external
HobohoCoin.allowance (/sb/0x1b95b98e1b87b179a0ad7ea62b0d16f61fb47d70.sol#196-198) should be declared external
HobohoCoin.transfer (/sb/0x1b95b98e1b87b179a0ad7ea62b0d16f61fb47d70.sol#148-155) should be declared external
ERC20Interface.transfer (/sb/0x1b95b98e1b87b179a0ad7ea62b0d16f61fb47d70.sol#46-47) should be declared external
ERC20Interface.approve (/sb/0x1b95b98e1b87b179a0ad7ea62b0d16f61fb47d70.sol#47-48) should be declared external
HobohoCoin.approve (/sb/0x1b95b98e1b87b179a0ad7ea62b0d16f61fb47d70.sol#164-172) should be declared external
ERC20Interface.transferFrom (/sb/0x1b95b98e1b87b179a0ad7ea62b0d16f61fb47d70.sol#48-50) should be declared external
HobohoCoin.transferFrom (/sb/0x1b95b98e1b87b179a0ad7ea62b0d16f61fb47d70.sol#180-189) should be declared external
ApproveAndCallFallBack.receiveApproval (/sb/0x1b95b98e1b87b179a0ad7ea62b0d16f61fb47d70.sol#61-65) should be declared external
Owned.transferOwnership (/sb/0x1b95b98e1b87b179a0ad7ea62b0d16f61fb47d70.sol#84-88) should be declared external
Owned.acceptOwnership (/sb/0x1b95b98e1b87b179a0ad7ea62b0d16f61fb47d70.sol#88-99) should be declared external
HobohoCoin.approveAndCall (/sb/0x1b95b98e1b87b179a0ad7ea62b0d16f61fb47d70.sol#204-212) should be declared external
HobohoCoin.fallback (/sb/0x1b95b98e1b87b179a0ad7ea62b0d16f61fb47d70.sol#219) should be declared external
HobohoCoin.transferAnyERC20Token (/sb/0x1b95b98e1b87b179a0ad7ea62b0d16f61fb47d70.sol) should be declared external
Reference: https://github.com/trailofbits/slither/wiki/Detectors-Documentation#public-function-that-could-be-declared-as-external[0m
INFO:Detectors:[92m
Detected issues with version pragma in /sb/0x1b95b98e1b87b179a0ad7ea62b0d16f61fb47d70.sol:
	- pragma solidity^0.4.18 (/sb/0x1b95b98e1b87b179a0ad7ea62b0d16f61fb47d70.sol#1): it allows old versions
Reference: https://github.com/trailofbits/slither/wiki/Detectors-Documentation#incorrect-version-of-solidity[0m
INFO:Detectors:[92m
Parameter '_newOwner' of Owned.transferOwnership (/sb/0x1b95b98e1b87b179a0ad7ea62b0d16f61fb47d70.sol#86) is not in mixedCase
Variable 'HobohoCoin._totalSupply' (/sb/0x1b95b98e1b87b179a0ad7ea62b0d16f61fb47d70.sol#109-112) is not in mixedCase
Reference: https://github.com/trailofbits/slither/wiki/Detectors-Documentation#conformance-to-solidity-naming-conventions[0m
INFO:Slither:/sb/0x1b95b98e1b87b179a0ad7ea62b0d16f61fb47d70.sol analyzed (5 contracts), 24 result(s) found
