INFO:Slither:Compilation warnings/errors on /sb/0x001f52daa8a4f7b9b26da16baf449c0d270dbe63.sol:
/sb/0x001f52daa8a4f7b9b26da16baf449c0d270dbe63.sol:226:9: Warning: Invoking events without "emit" prefix is deprecated.
        onReinvestment(_customerAddress, _dividends, _tokens);
        ^---------------------------------------------------^
/sb/0x001f52daa8a4f7b9b26da16baf449c0d270dbe63.sol:257:9: Warning: Invoking events without "emit" prefix is deprecated.
        onWithdraw(_customerAddress, _dividends);
        ^--------------------------------------^
/sb/0x001f52daa8a4f7b9b26da16baf449c0d270dbe63.sol:286:9: Warning: Invoking events without "emit" prefix is deprecated.
        onTokenSell(_customerAddress, _tokens, _taxedEthereum);
        ^----------------------------------------------------^
/sb/0x001f52daa8a4f7b9b26da16baf449c0d270dbe63.sol:312:9: Warning: Invoking events without "emit" prefix is deprecated.
        Transfer(_customerAddress, _toAddress, _amountOfTokens);
        ^-----------------------------------------------------^
/sb/0x001f52daa8a4f7b9b26da16baf449c0d270dbe63.sol:381:16: Warning: Using contract member "balance" inherited from the address type is deprecated. Convert the contract to "address" type to access the member, for example use "address(contract).balance" instead.
        return this.balance;
               ^----------^
/sb/0x001f52daa8a4f7b9b26da16baf449c0d270dbe63.sol:609:9: Warning: Invoking events without "emit" prefix is deprecated.
        onTokenPurchase(_customerAddress, _incomingEthereum, _amountOfTokens, _referredBy);
        ^--------------------------------------------------------------------------------^

INFO:Detectors:[92m
ZarixCoin.ZarixCoinActivate (/sb/0x001f52daa8a4f7b9b26da16baf449c0d270dbe63.sol#170-192) should be declared external
ZarixCoin.buy (/sb/0x001f52daa8a4f7b9b26da16baf449c0d270dbe63.sol#199-204) should be declared external
ZarixCoin.fallback (/sb/0x001f52daa8a4f7b9b26da16baf449c0d270dbe63.sol#211-212) should be declared external
ZarixCoin.reinvest (/sb/0x001f52daa8a4f7b9b26da16baf449c0d270dbe63.sol#215-233) should be declared external
ZarixCoin.exit (/sb/0x001f52daa8a4f7b9b26da16baf449c0d270dbe63.sol#236-244) should be declared external
ZarixCoin.transfer (/sb/0x001f52daa8a4f7b9b26da16baf449c0d270dbe63.sol#297-331) should be declared external
ZarixCoin.disableInitialStage (/sb/0x001f52daa8a4f7b9b26da16baf449c0d270dbe63.sol#337-341) should be declared external
ZarixCoin.setAdministrator (/sb/0x001f52daa8a4f7b9b26da16baf449c0d270dbe63.sol#344-353) should be declared external
ZarixCoin.setStakingRequirement (/sb/0x001f52daa8a4f7b9b26da16baf449c0d270dbe63.sol#361-371) should be declared external
ZarixCoin.setName (/sb/0x001f52daa8a4f7b9b26da16baf449c0d270dbe63.sol#373-376) should be declared external
ZarixCoin.setSymbol (/sb/0x001f52daa8a4f7b9b26da16baf449c0d270dbe63.sol#379-387) should be declared external
ZarixCoin.totalSupply (/sb/0x001f52daa8a4f7b9b26da16baf449c0d270dbe63.sol#407-412) should be declared external
ZarixCoin.referralsOf (/sb/0x001f52daa8a4f7b9b26da16baf449c0d270dbe63.sol#425-427) should be declared external
ZarixCoin.totalUsers (/sb/0x001f52daa8a4f7b9b26da16baf449c0d270dbe63.sol#427-431) should be declared external
ZarixCoin.sellPrice (/sb/0x001f52daa8a4f7b9b26da16baf449c0d270dbe63.sol#474-492) should be declared external
ZarixCoin.buyPrice (/sb/0x001f52daa8a4f7b9b26da16baf449c0d270dbe63.sol#493-510) should be declared external
ZarixCoin.calculateTokensReceived (/sb/0x001f52daa8a4f7b9b26da16baf449c0d270dbe63.sol#516-525) should be declared external
ZarixCoin.calculateEthereumReceived (/sb/0x001f52daa8a4f7b9b26da16baf449c0d270dbe63.sol#531-540) should be declared external
Reference: https://github.com/trailofbits/slither/wiki/Detectors-Documentation#public-function-that-could-be-declared-as-external[0m
INFO:Detectors:[92m
Detected issues with version pragma in /sb/0x001f52daa8a4f7b9b26da16baf449c0d270dbe63.sol:
	- pragma solidity^0.4.20 (/sb/0x001f52daa8a4f7b9b26da16baf449c0d270dbe63.sol#1): it allows old versions
Reference: https://github.com/trailofbits/slither/wiki/Detectors-Documentation#incorrect-version-of-solidity[0m
INFO:Detectors:[92m
Event 'ZarixCoin.onTokenPurchase' (/sb/0x001f52daa8a4f7b9b26da16baf449c0d270dbe63.sol#86-93) is not in CapWords
Event 'ZarixCoin.onTokenSell' (/sb/0x001f52daa8a4f7b9b26da16baf449c0d270dbe63.sol#94-99) is not in CapWords
Event 'ZarixCoin.onReinvestment' (/sb/0x001f52daa8a4f7b9b26da16baf449c0d270dbe63.sol#100-106) is not in CapWords
Event 'ZarixCoin.onWithdraw' (/sb/0x001f52daa8a4f7b9b26da16baf449c0d270dbe63.sol#108-112) is not in CapWords
Function 'ZarixCoin.ZarixCoinActivate' (/sb/0x001f52daa8a4f7b9b26da16baf449c0d270dbe63.sol#170-192) is not in mixedCase
Parameter '_referredBy' of ZarixCoin.buy (/sb/0x001f52daa8a4f7b9b26da16baf449c0d270dbe63.sol#199) is not in mixedCase
Parameter '_amountOfTokens' of ZarixCoin.sell (/sb/0x001f52daa8a4f7b9b26da16baf449c0d270dbe63.sol#266-267) is not in mixedCase
Parameter '_toAddress' of ZarixCoin.transfer (/sb/0x001f52daa8a4f7b9b26da16baf449c0d270dbe63.sol#297-298) is not in mixedCase
Parameter '_amountOfTokens' of ZarixCoin.transfer (/sb/0x001f52daa8a4f7b9b26da16baf449c0d270dbe63.sol#298) is not in mixedCase
Parameter '_identifier' of ZarixCoin.setAdministrator (/sb/0x001f52daa8a4f7b9b26da16baf449c0d270dbe63.sol#346-347) is not in mixedCase
Parameter '_status' of ZarixCoin.setAdministrator (/sb/0x001f52daa8a4f7b9b26da16baf449c0d270dbe63.sol#347) is not in mixedCase
Parameter '_amountOfTokens' of ZarixCoin.setStakingRequirement (/sb/0x001f52daa8a4f7b9b26da16baf449c0d270dbe63.sol#362-363) is not in mixedCase
Parameter '_name' of ZarixCoin.setName (/sb/0x001f52daa8a4f7b9b26da16baf449c0d270dbe63.sol#373) is not in mixedCase
Parameter '_symbol' of ZarixCoin.setSymbol (/sb/0x001f52daa8a4f7b9b26da16baf449c0d270dbe63.sol#380-381) is not in mixedCase
Parameter '_customerAddress' of ZarixCoin.referralsOf (/sb/0x001f52daa8a4f7b9b26da16baf449c0d270dbe63.sol#425-426) is not in mixedCase
Parameter '_includeReferralBonus' of ZarixCoin.myDividends (/sb/0x001f52daa8a4f7b9b26da16baf449c0d270dbe63.sol#444-445) is not in mixedCase
Parameter '_customerAddress' of ZarixCoin.balanceOf (/sb/0x001f52daa8a4f7b9b26da16baf449c0d270dbe63.sol#457) is not in mixedCase
Parameter '_customerAddress' of ZarixCoin.dividendsOf (/sb/0x001f52daa8a4f7b9b26da16baf449c0d270dbe63.sol#468-469) is not in mixedCase
Parameter '_ethereumToSpend' of ZarixCoin.calculateTokensReceived (/sb/0x001f52daa8a4f7b9b26da16baf449c0d270dbe63.sol#516) is not in mixedCase
Parameter '_tokensToSell' of ZarixCoin.calculateEthereumReceived (/sb/0x001f52daa8a4f7b9b26da16baf449c0d270dbe63.sol#531-532) is not in mixedCase
Parameter '_incomingEthereum' of ZarixCoin.purchaseTokens (/sb/0x001f52daa8a4f7b9b26da16baf449c0d270dbe63.sol#542) is not in mixedCase
Parameter '_referredBy' of ZarixCoin.purchaseTokens (/sb/0x001f52daa8a4f7b9b26da16baf449c0d270dbe63.sol#542-543) is not in mixedCase
Parameter '_ethereum' of ZarixCoin.ethereumToTokens_ (/sb/0x001f52daa8a4f7b9b26da16baf449c0d270dbe63.sol#637-638) is not in mixedCase
Parameter '_tokens' of ZarixCoin.tokensToEthereum_ (/sb/0x001f52daa8a4f7b9b26da16baf449c0d270dbe63.sol#675-676) is not in mixedCase
Constant 'ZarixCoin.entryFee_' (/sb/0x001f52daa8a4f7b9b26da16baf449c0d270dbe63.sol#122) is not in UPPER_CASE_WITH_UNDERSCORES
Constant 'ZarixCoin.refferalFee_' (/sb/0x001f52daa8a4f7b9b26da16baf449c0d270dbe63.sol#122-123) is not in UPPER_CASE_WITH_UNDERSCORES
Constant 'ZarixCoin.exitFee_' (/sb/0x001f52daa8a4f7b9b26da16baf449c0d270dbe63.sol#125) is not in UPPER_CASE_WITH_UNDERSCORES
Constant 'ZarixCoin.tokenPriceInitial_' (/sb/0x001f52daa8a4f7b9b26da16baf449c0d270dbe63.sol#125-128) is not in UPPER_CASE_WITH_UNDERSCORES
Constant 'ZarixCoin.tokenPriceIncremental_' (/sb/0x001f52daa8a4f7b9b26da16baf449c0d270dbe63.sol#128-129) is not in UPPER_CASE_WITH_UNDERSCORES
Constant 'ZarixCoin.magnitude' (/sb/0x001f52daa8a4f7b9b26da16baf449c0d270dbe63.sol#129-132) is not in UPPER_CASE_WITH_UNDERSCORES
Constant 'ZarixCoin.ambassadorMaxPurchase_' (/sb/0x001f52daa8a4f7b9b26da16baf449c0d270dbe63.sol#136-137) is not in UPPER_CASE_WITH_UNDERSCORES
Constant 'ZarixCoin.ambassadorQuota_' (/sb/0x001f52daa8a4f7b9b26da16baf449c0d270dbe63.sol#138-139) is not in UPPER_CASE_WITH_UNDERSCORES
Reference: https://github.com/trailofbits/slither/wiki/Detectors-Documentation#conformance-to-solidity-naming-conventions[0m
INFO:Slither:/sb/0x001f52daa8a4f7b9b26da16baf449c0d270dbe63.sol analyzed (2 contracts), 51 result(s) found
