INFO:Slither:Compilation warnings/errors on /sb/0x0e3de3b0e3d617fd8d1d8088639ba877feb4d742.sol:
/sb/0x0e3de3b0e3d617fd8d1d8088639ba877feb4d742.sol:149:62: Warning: Unused function parameter. Remove or comment out the variable name to silence this warning.
  function transfer(address to, uint tokens) public returns (bool success) {
                                                             ^----------^

INFO:Detectors:[92m
IceRockPay.name should be constant (/sb/0x0e3de3b0e3d617fd8d1d8088639ba877feb4d742.sol#75-76)
IceRockPay.symbol should be constant (/sb/0x0e3de3b0e3d617fd8d1d8088639ba877feb4d742.sol#76-77)
Reference: https://github.com/trailofbits/slither/wiki/Detectors-Documentation#state-variables-that-could-be-declared-constant[0m
INFO:Detectors:[92m
Ownable.transferOwnership (/sb/0x0e3de3b0e3d617fd8d1d8088639ba877feb4d742.sol#51-56) should be declared external
Ownable.transferTech (/sb/0x0e3de3b0e3d617fd8d1d8088639ba877feb4d742.sol#56-63) should be declared external
IceRockPay.totalSupply (/sb/0x0e3de3b0e3d617fd8d1d8088639ba877feb4d742.sol#127-131) should be declared external
ERC20Basic.totalSupply (/sb/0x0e3de3b0e3d617fd8d1d8088639ba877feb4d742.sol#64) should be declared external
IceRockPay.balanceOf (/sb/0x0e3de3b0e3d617fd8d1d8088639ba877feb4d742.sol#131-135) should be declared external
ERC20Basic.balanceOf (/sb/0x0e3de3b0e3d617fd8d1d8088639ba877feb4d742.sol#65) should be declared external
ERC20Basic.transfer (/sb/0x0e3de3b0e3d617fd8d1d8088639ba877feb4d742.sol#65-66) should be declared external
IceRockPay.transfer (/sb/0x0e3de3b0e3d617fd8d1d8088639ba877feb4d742.sol#151-167) should be declared external
IceRockPay.requestPayout (/sb/0x0e3de3b0e3d617fd8d1d8088639ba877feb4d742.sol#97-106) should be declared external
IceRockPay.changeState (/sb/0x0e3de3b0e3d617fd8d1d8088639ba877feb4d742.sol#107-110) should be declared external
IceRockPay.decreaseTokens (/sb/0x0e3de3b0e3d617fd8d1d8088639ba877feb4d742.sol#110-117) should be declared external
IceRockPay.decreaseTokensMulti (/sb/0x0e3de3b0e3d617fd8d1d8088639ba877feb4d742.sol#117-127) should be declared external
IceRockPay.addTokens (/sb/0x0e3de3b0e3d617fd8d1d8088639ba877feb4d742.sol#135-142) should be declared external
IceRockPay.addTokensMulti (/sb/0x0e3de3b0e3d617fd8d1d8088639ba877feb4d742.sol#143-151) should be declared external
IceRockPay.fallback (/sb/0x0e3de3b0e3d617fd8d1d8088639ba877feb4d742.sol) should be declared external
Reference: https://github.com/trailofbits/slither/wiki/Detectors-Documentation#public-function-that-could-be-declared-as-external[0m
INFO:Detectors:[92m
Detected issues with version pragma in /sb/0x0e3de3b0e3d617fd8d1d8088639ba877feb4d742.sol:
	- pragma solidity^0.4.18 (/sb/0x0e3de3b0e3d617fd8d1d8088639ba877feb4d742.sol#1): it allows old versions
Reference: https://github.com/trailofbits/slither/wiki/Detectors-Documentation#incorrect-version-of-solidity[0m
INFO:Detectors:[92m
Parameter '_owner' of IceRockPay.balanceOf (/sb/0x0e3de3b0e3d617fd8d1d8088639ba877feb4d742.sol#131) is not in mixedCase
Parameter '_amount' of IceRockPay.requestPayout (/sb/0x0e3de3b0e3d617fd8d1d8088639ba877feb4d742.sol#98-100) is not in mixedCase
Parameter '_address' of IceRockPay.requestPayout (/sb/0x0e3de3b0e3d617fd8d1d8088639ba877feb4d742.sol#100) is not in mixedCase
Parameter '_newState' of IceRockPay.changeState (/sb/0x0e3de3b0e3d617fd8d1d8088639ba877feb4d742.sol#107) is not in mixedCase
Parameter '_address' of IceRockPay.decreaseTokens (/sb/0x0e3de3b0e3d617fd8d1d8088639ba877feb4d742.sol#110-111) is not in mixedCase
Parameter '_amount' of IceRockPay.decreaseTokens (/sb/0x0e3de3b0e3d617fd8d1d8088639ba877feb4d742.sol#111) is not in mixedCase
Parameter '_address' of IceRockPay.decreaseTokensMulti (/sb/0x0e3de3b0e3d617fd8d1d8088639ba877feb4d742.sol#118) is not in mixedCase
Parameter '_amount' of IceRockPay.decreaseTokensMulti (/sb/0x0e3de3b0e3d617fd8d1d8088639ba877feb4d742.sol#118) is not in mixedCase
Parameter '_address' of IceRockPay.addTokens (/sb/0x0e3de3b0e3d617fd8d1d8088639ba877feb4d742.sol#135) is not in mixedCase
Parameter '_amount' of IceRockPay.addTokens (/sb/0x0e3de3b0e3d617fd8d1d8088639ba877feb4d742.sol#135-136) is not in mixedCase
Parameter '_address' of IceRockPay.addTokensMulti (/sb/0x0e3de3b0e3d617fd8d1d8088639ba877feb4d742.sol#143) is not in mixedCase
Parameter '_amount' of IceRockPay.addTokensMulti (/sb/0x0e3de3b0e3d617fd8d1d8088639ba877feb4d742.sol#143-144) is not in mixedCase
Reference: https://github.com/trailofbits/slither/wiki/Detectors-Documentation#conformance-to-solidity-naming-conventions[0m
INFO:Slither:/sb/0x0e3de3b0e3d617fd8d1d8088639ba877feb4d742.sol analyzed (4 contracts), 29 result(s) found
