INFO:Slither:Compilation warnings/errors on /sb/0x1a0987a5c068ec6ce645bb897d8de4c82281deae.sol:
/sb/0x1a0987a5c068ec6ce645bb897d8de4c82281deae.sol:12:5: Warning: Defining constructors as functions with the same name as the contract is deprecated. Use "constructor(...) { ... }" instead.
    function Owned() {
    ^ (Relevant source part starts here and spans across multiple lines).
/sb/0x1a0987a5c068ec6ce645bb897d8de4c82281deae.sol:12:5: Warning: No visibility specified. Defaulting to "public". 
    function Owned() {
    ^ (Relevant source part starts here and spans across multiple lines).
/sb/0x1a0987a5c068ec6ce645bb897d8de4c82281deae.sol:35:5: Warning: No visibility specified. Defaulting to "public". 
    function isOwner(address _account) constant returns (bool);
    ^---------------------------------------------------------^
/sb/0x1a0987a5c068ec6ce645bb897d8de4c82281deae.sol:43:5: Warning: No visibility specified. Defaulting to "public". 
    function getOwner() constant returns (address);
    ^---------------------------------------------^
/sb/0x1a0987a5c068ec6ce645bb897d8de4c82281deae.sol:78:5: Warning: No visibility specified. Defaulting to "public". 
    function transferOwnership(address _newOwner);
    ^--------------------------------------------^
/sb/0x1a0987a5c068ec6ce645bb897d8de4c82281deae.sol:115:5: Warning: No visibility specified. Defaulting to "public". 
    function authenticate(address _account) constant returns (bool);
    ^--------------------------------------------------------------^

INFO:Detectors:[92m
Ownership.isOwner (/sb/0x1a0987a5c068ec6ce645bb897d8de4c82281deae.sol#55-63) should be declared external
IOwnership.isOwner (/sb/0x1a0987a5c068ec6ce645bb897d8de4c82281deae.sol#35-39) should be declared external
Ownership.getOwner (/sb/0x1a0987a5c068ec6ce645bb897d8de4c82281deae.sol#66-74) should be declared external
IOwnership.getOwner (/sb/0x1a0987a5c068ec6ce645bb897d8de4c82281deae.sol#43-47) should be declared external
TransferableOwnership.transferOwnership (/sb/0x1a0987a5c068ec6ce645bb897d8de4c82281deae.sol#91-101) should be declared external
ITransferableOwnership.transferOwnership (/sb/0x1a0987a5c068ec6ce645bb897d8de4c82281deae.sol#82-85) should be declared external
IWhitelist.authenticate (/sb/0x1a0987a5c068ec6ce645bb897d8de4c82281deae.sol#122-125) should be declared external
Whitelist.authenticate (/sb/0x1a0987a5c068ec6ce645bb897d8de4c82281deae.sol) should be declared external
Whitelist.add (/sb/0x1a0987a5c068ec6ce645bb897d8de4c82281deae.sol#161-178) should be declared external
Whitelist.remove (/sb/0x1a0987a5c068ec6ce645bb897d8de4c82281deae.sol#184-195) should be declared external
Reference: https://github.com/trailofbits/slither/wiki/Detectors-Documentation#public-function-that-could-be-declared-as-external[0m
INFO:Detectors:[92m
Detected issues with version pragma in /sb/0x1a0987a5c068ec6ce645bb897d8de4c82281deae.sol:
	- pragma solidity^0.4.15 (/sb/0x1a0987a5c068ec6ce645bb897d8de4c82281deae.sol#1): it allows old versions
Reference: https://github.com/trailofbits/slither/wiki/Detectors-Documentation#incorrect-version-of-solidity[0m
INFO:Detectors:[92m
Function 'Owned.Owned' (/sb/0x1a0987a5c068ec6ce645bb897d8de4c82281deae.sol#12-18) is not in mixedCase
Modifier 'Owned.only_owner' (/sb/0x1a0987a5c068ec6ce645bb897d8de4c82281deae.sol#20-28) is not in mixedCase
Parameter '_account' of Ownership.isOwner (/sb/0x1a0987a5c068ec6ce645bb897d8de4c82281deae.sol#56) is not in mixedCase
Parameter '_newOwner' of TransferableOwnership.transferOwnership (/sb/0x1a0987a5c068ec6ce645bb897d8de4c82281deae.sol#97-99) is not in mixedCase
Parameter '_account' of Whitelist.authenticate (/sb/0x1a0987a5c068ec6ce645bb897d8de4c82281deae.sol) is not in mixedCase
Parameter '_account' of Whitelist.hasEntry (/sb/0x1a0987a5c068ec6ce645bb897d8de4c82281deae.sol#150-151) is not in mixedCase
Parameter '_account' of Whitelist.add (/sb/0x1a0987a5c068ec6ce645bb897d8de4c82281deae.sol#161-162) is not in mixedCase
Parameter '_account' of Whitelist.remove (/sb/0x1a0987a5c068ec6ce645bb897d8de4c82281deae.sol#184-185) is not in mixedCase
Reference: https://github.com/trailofbits/slither/wiki/Detectors-Documentation#conformance-to-solidity-naming-conventions[0m
INFO:Slither:/sb/0x1a0987a5c068ec6ce645bb897d8de4c82281deae.sol analyzed (7 contracts), 19 result(s) found
