INFO:Slither:Compilation warnings/errors on /sb/0x43ddf6cc0ad563f57dd538bed452b09009078ca9.sol:
/sb/0x43ddf6cc0ad563f57dd538bed452b09009078ca9.sol:74:5: Warning: Defining constructors as functions with the same name as the contract is deprecated. Use "constructor(...) { ... }" instead.
    function OwnableImpl() public {
    ^ (Relevant source part starts here and spans across multiple lines).
/sb/0x43ddf6cc0ad563f57dd538bed452b09009078ca9.sol:48:9: Warning: Invoking events without "emit" prefix is deprecated.
        Pause();
        ^-----^
/sb/0x43ddf6cc0ad563f57dd538bed452b09009078ca9.sol:56:9: Warning: Invoking events without "emit" prefix is deprecated.
        Unpause();
        ^-------^
/sb/0x43ddf6cc0ad563f57dd538bed452b09009078ca9.sol:91:9: Warning: Invoking events without "emit" prefix is deprecated.
        OwnershipTransferred(owner, newOwner);
        ^-----------------------------------^
/sb/0x43ddf6cc0ad563f57dd538bed452b09009078ca9.sol:209:5: Warning: Invoking events without "emit" prefix is deprecated.
    Transfer(_from, _to, _value);
    ^--------------------------^
/sb/0x43ddf6cc0ad563f57dd538bed452b09009078ca9.sol:242:5: Warning: Invoking events without "emit" prefix is deprecated.
    Approval(msg.sender, _spender, _value);
    ^------------------------------------^
/sb/0x43ddf6cc0ad563f57dd538bed452b09009078ca9.sol:254:5: Warning: Invoking events without "emit" prefix is deprecated.
    Approval(msg.sender, _spender, allowed[msg.sender][_spender]);
    ^-----------------------------------------------------------^
/sb/0x43ddf6cc0ad563f57dd538bed452b09009078ca9.sol:265:5: Warning: Invoking events without "emit" prefix is deprecated.
    Approval(msg.sender, _spender, allowed[msg.sender][_spender]);
    ^-----------------------------------------------------------^
/sb/0x43ddf6cc0ad563f57dd538bed452b09009078ca9.sol:287:9: Warning: Invoking events without "emit" prefix is deprecated.
        Mint(_to, _value);
        ^---------------^

INFO:Detectors:[92m
Pausable.pause (/sb/0x43ddf6cc0ad563f57dd538bed452b09009078ca9.sol#46-52) should be declared external
Pausable.unpause (/sb/0x43ddf6cc0ad563f57dd538bed452b09009078ca9.sol#55-62) should be declared external
OwnableImpl.transferOwnership (/sb/0x43ddf6cc0ad563f57dd538bed452b09009078ca9.sol#90-98) should be declared external
ReadOnlyToken.balanceOf (/sb/0x43ddf6cc0ad563f57dd538bed452b09009078ca9.sol#103-107) should be declared external
ReadOnlyTokenImpl.balanceOf (/sb/0x43ddf6cc0ad563f57dd538bed452b09009078ca9.sol#172-174) should be declared external
ReadOnlyTokenImpl.allowance (/sb/0x43ddf6cc0ad563f57dd538bed452b09009078ca9.sol#183-187) should be declared external
ReadOnlyToken.allowance (/sb/0x43ddf6cc0ad563f57dd538bed452b09009078ca9.sol#107-110) should be declared external
MintableTokenImpl.mint (/sb/0x43ddf6cc0ad563f57dd538bed452b09009078ca9.sol#283-294) should be declared external
MintableToken.mint (/sb/0x43ddf6cc0ad563f57dd538bed452b09009078ca9.sol#126-127) should be declared external
Reference: https://github.com/trailofbits/slither/wiki/Detectors-Documentation#public-function-that-could-be-declared-as-external[0m
INFO:Detectors:[92m
Detected issues with version pragma in /sb/0x43ddf6cc0ad563f57dd538bed452b09009078ca9.sol:
	- pragma solidity^0.4.18 (/sb/0x43ddf6cc0ad563f57dd538bed452b09009078ca9.sol#1): it allows old versions
Reference: https://github.com/trailofbits/slither/wiki/Detectors-Documentation#incorrect-version-of-solidity[0m
INFO:Detectors:[92m
Function 'OwnableImpl.OwnableImpl' (/sb/0x43ddf6cc0ad563f57dd538bed452b09009078ca9.sol#78-79) is not in mixedCase
Parameter '_owner' of ReadOnlyTokenImpl.balanceOf (/sb/0x43ddf6cc0ad563f57dd538bed452b09009078ca9.sol#172) is not in mixedCase
Parameter '_owner' of ReadOnlyTokenImpl.allowance (/sb/0x43ddf6cc0ad563f57dd538bed452b09009078ca9.sol#185) is not in mixedCase
Parameter '_spender' of ReadOnlyTokenImpl.allowance (/sb/0x43ddf6cc0ad563f57dd538bed452b09009078ca9.sol#185) is not in mixedCase
Parameter '_to' of TokenImpl.transfer (/sb/0x43ddf6cc0ad563f57dd538bed452b09009078ca9.sol#202) is not in mixedCase
Parameter '_value' of TokenImpl.transfer (/sb/0x43ddf6cc0ad563f57dd538bed452b09009078ca9.sol#202) is not in mixedCase
Parameter '_from' of TokenImpl.transferFrom (/sb/0x43ddf6cc0ad563f57dd538bed452b09009078ca9.sol#223) is not in mixedCase
Parameter '_to' of TokenImpl.transferFrom (/sb/0x43ddf6cc0ad563f57dd538bed452b09009078ca9.sol#223-224) is not in mixedCase
Parameter '_value' of TokenImpl.transferFrom (/sb/0x43ddf6cc0ad563f57dd538bed452b09009078ca9.sol#224) is not in mixedCase
Parameter '_spender' of TokenImpl.approve (/sb/0x43ddf6cc0ad563f57dd538bed452b09009078ca9.sol#247-248) is not in mixedCase
Parameter '_value' of TokenImpl.approve (/sb/0x43ddf6cc0ad563f57dd538bed452b09009078ca9.sol#248) is not in mixedCase
Parameter '_from' of TokenImpl.emitTransfer (/sb/0x43ddf6cc0ad563f57dd538bed452b09009078ca9.sol#214) is not in mixedCase
Parameter '_to' of TokenImpl.emitTransfer (/sb/0x43ddf6cc0ad563f57dd538bed452b09009078ca9.sol#214-215) is not in mixedCase
Parameter '_value' of TokenImpl.emitTransfer (/sb/0x43ddf6cc0ad563f57dd538bed452b09009078ca9.sol#215) is not in mixedCase
Parameter '_spender' of TokenImpl.increaseApproval (/sb/0x43ddf6cc0ad563f57dd538bed452b09009078ca9.sol#258) is not in mixedCase
Parameter '_addedValue' of TokenImpl.increaseApproval (/sb/0x43ddf6cc0ad563f57dd538bed452b09009078ca9.sol#258) is not in mixedCase
Parameter '_spender' of TokenImpl.decreaseApproval (/sb/0x43ddf6cc0ad563f57dd538bed452b09009078ca9.sol#263) is not in mixedCase
Parameter '_subtractedValue' of TokenImpl.decreaseApproval (/sb/0x43ddf6cc0ad563f57dd538bed452b09009078ca9.sol#263-265) is not in mixedCase
Parameter '_to' of MintableTokenImpl.mint (/sb/0x43ddf6cc0ad563f57dd538bed452b09009078ca9.sol#286) is not in mixedCase
Parameter '_amount' of MintableTokenImpl.mint (/sb/0x43ddf6cc0ad563f57dd538bed452b09009078ca9.sol#286) is not in mixedCase
Parameter '_to' of MintableTokenImpl.emitMint (/sb/0x43ddf6cc0ad563f57dd538bed452b09009078ca9.sol#296) is not in mixedCase
Parameter '_value' of MintableTokenImpl.emitMint (/sb/0x43ddf6cc0ad563f57dd538bed452b09009078ca9.sol#296) is not in mixedCase
Parameter '_to' of FinalToken.transfer (/sb/0x43ddf6cc0ad563f57dd538bed452b09009078ca9.sol#304) is not in mixedCase
Parameter '_value' of FinalToken.transfer (/sb/0x43ddf6cc0ad563f57dd538bed452b09009078ca9.sol#304) is not in mixedCase
Parameter '_from' of FinalToken.transferFrom (/sb/0x43ddf6cc0ad563f57dd538bed452b09009078ca9.sol#308) is not in mixedCase
Parameter '_to' of FinalToken.transferFrom (/sb/0x43ddf6cc0ad563f57dd538bed452b09009078ca9.sol#308) is not in mixedCase
Parameter '_value' of FinalToken.transferFrom (/sb/0x43ddf6cc0ad563f57dd538bed452b09009078ca9.sol#308) is not in mixedCase
Parameter '_spender' of FinalToken.approve (/sb/0x43ddf6cc0ad563f57dd538bed452b09009078ca9.sol#310-312) is not in mixedCase
Parameter '_value' of FinalToken.approve (/sb/0x43ddf6cc0ad563f57dd538bed452b09009078ca9.sol#312) is not in mixedCase
Parameter '_spender' of FinalToken.increaseApproval (/sb/0x43ddf6cc0ad563f57dd538bed452b09009078ca9.sol#313) is not in mixedCase
Parameter '_addedValue' of FinalToken.increaseApproval (/sb/0x43ddf6cc0ad563f57dd538bed452b09009078ca9.sol#313-315) is not in mixedCase
Parameter '_spender' of FinalToken.decreaseApproval (/sb/0x43ddf6cc0ad563f57dd538bed452b09009078ca9.sol) is not in mixedCase
Parameter '_subtractedValue' of FinalToken.decreaseApproval (/sb/0x43ddf6cc0ad563f57dd538bed452b09009078ca9.sol) is not in mixedCase
Reference: https://github.com/trailofbits/slither/wiki/Detectors-Documentation#conformance-to-solidity-naming-conventions[0m
INFO:Slither:/sb/0x43ddf6cc0ad563f57dd538bed452b09009078ca9.sol analyzed (11 contracts), 43 result(s) found
