INFO:Slither:Compilation warnings/errors on /sb/0xd33422968ffc4daf815b38c61b4b30af5cd1e289.sol:
/sb/0xd33422968ffc4daf815b38c61b4b30af5cd1e289.sol:194:3: Warning: Defining constructors as functions with the same name as the contract is deprecated. Use "constructor(...) { ... }" instead.
  function Ownable() public {
  ^ (Relevant source part starts here and spans across multiple lines).
/sb/0xd33422968ffc4daf815b38c61b4b30af5cd1e289.sol:298:5: Warning: Defining constructors as functions with the same name as the contract is deprecated. Use "constructor(...) { ... }" instead.
    function AIETTOKEN( address _admin, uint _totalTokenAmount ) 
    ^ (Relevant source part starts here and spans across multiple lines).
/sb/0xd33422968ffc4daf815b38c61b4b30af5cd1e289.sol:82:5: Warning: Invoking events without "emit" prefix is deprecated.
    Transfer(msg.sender, _to, _value);
    ^-------------------------------^
/sb/0xd33422968ffc4daf815b38c61b4b30af5cd1e289.sol:123:5: Warning: Invoking events without "emit" prefix is deprecated.
    Transfer(_from, _to, _value);
    ^--------------------------^
/sb/0xd33422968ffc4daf815b38c61b4b30af5cd1e289.sol:139:5: Warning: Invoking events without "emit" prefix is deprecated.
    Approval(msg.sender, _spender, _value);
    ^------------------------------------^
/sb/0xd33422968ffc4daf815b38c61b4b30af5cd1e289.sol:161:5: Warning: Invoking events without "emit" prefix is deprecated.
    Approval(msg.sender, _spender, allowed[msg.sender][_spender]);
    ^-----------------------------------------------------------^
/sb/0xd33422968ffc4daf815b38c61b4b30af5cd1e289.sol:172:5: Warning: Invoking events without "emit" prefix is deprecated.
    Approval(msg.sender, _spender, allowed[msg.sender][_spender]);
    ^-----------------------------------------------------------^
/sb/0xd33422968ffc4daf815b38c61b4b30af5cd1e289.sol:214:5: Warning: Invoking events without "emit" prefix is deprecated.
    OwnershipTransferred(owner, newOwner);
    ^-----------------------------------^
/sb/0xd33422968ffc4daf815b38c61b4b30af5cd1e289.sol:257:5: Warning: Invoking events without "emit" prefix is deprecated.
    PausePublic(newPausedPublic);
    ^--------------------------^
/sb/0xd33422968ffc4daf815b38c61b4b30af5cd1e289.sol:258:5: Warning: Invoking events without "emit" prefix is deprecated.
    PauseOwnerAdmin(newPausedOwnerAdmin);
    ^----------------------------------^
/sb/0xd33422968ffc4daf815b38c61b4b30af5cd1e289.sol:306:9: Warning: Invoking events without "emit" prefix is deprecated.
        Transfer(address(0x0), msg.sender, _totalTokenAmount);
        ^---------------------------------------------------^
/sb/0xd33422968ffc4daf815b38c61b4b30af5cd1e289.sol:325:9: Warning: Invoking events without "emit" prefix is deprecated.
        Burn(msg.sender, _value);
        ^----------------------^
/sb/0xd33422968ffc4daf815b38c61b4b30af5cd1e289.sol:326:9: Warning: Invoking events without "emit" prefix is deprecated.
        Transfer(msg.sender, address(0x0), _value);
        ^----------------------------------------^
/sb/0xd33422968ffc4daf815b38c61b4b30af5cd1e289.sol:346:9: Warning: Invoking events without "emit" prefix is deprecated.
        AdminTransferred(admin, newAdmin);
        ^-------------------------------^
/sb/0xd33422968ffc4daf815b38c61b4b30af5cd1e289.sol:298:5: Warning: No visibility specified. Defaulting to "public". 
    function AIETTOKEN( address _admin, uint _totalTokenAmount ) 
    ^ (Relevant source part starts here and spans across multiple lines).
/sb/0xd33422968ffc4daf815b38c61b4b30af5cd1e289.sol:309:5: Warning: No visibility specified. Defaulting to "public". 
    function transfer(address _to, uint _value) validDestination(_to) returns (bool) 
    ^ (Relevant source part starts here and spans across multiple lines).
/sb/0xd33422968ffc4daf815b38c61b4b30af5cd1e289.sol:314:5: Warning: No visibility specified. Defaulting to "public". 
    function transferFrom(address _from, address _to, uint _value) validDestination(_to) returns (bool) 
    ^ (Relevant source part starts here and spans across multiple lines).
/sb/0xd33422968ffc4daf815b38c61b4b30af5cd1e289.sol:321:5: Warning: No visibility specified. Defaulting to "public". 
    function burn(uint _value) returns (bool)
    ^ (Relevant source part starts here and spans across multiple lines).
/sb/0xd33422968ffc4daf815b38c61b4b30af5cd1e289.sol:331:5: Warning: No visibility specified. Defaulting to "public". 
    function burnFrom(address _from, uint256 _value) returns (bool) 
    ^ (Relevant source part starts here and spans across multiple lines).
/sb/0xd33422968ffc4daf815b38c61b4b30af5cd1e289.sol:337:5: Warning: No visibility specified. Defaulting to "public". 
    function emergencyERC20Drain( ERC20 token, uint amount ) onlyOwner {
    ^ (Relevant source part starts here and spans across multiple lines).
/sb/0xd33422968ffc4daf815b38c61b4b30af5cd1e289.sol:344:5: Warning: No visibility specified. Defaulting to "public". 
    function changeAdmin(address newAdmin) onlyOwner {
    ^ (Relevant source part starts here and spans across multiple lines).

INFO:Detectors:[93m
AIETTOKEN.emergencyERC20Drain (/sb/0xd33422968ffc4daf815b38c61b4b30af5cd1e289.sol#345-349) does not use the value returned by external calls:
	-token.transfer(owner,amount) (/sb/0xd33422968ffc4daf815b38c61b4b30af5cd1e289.sol)
Reference: https://github.com/trailofbits/slither/wiki/Detectors-Documentation#unused-return[0m
INFO:Detectors:[92m
ERC20Basic.balanceOf (/sb/0xd33422968ffc4daf815b38c61b4b30af5cd1e289.sol#10-11) should be declared external
BasicToken.balanceOf (/sb/0xd33422968ffc4daf815b38c61b4b30af5cd1e289.sol#92-100) should be declared external
ERC20.allowance (/sb/0xd33422968ffc4daf815b38c61b4b30af5cd1e289.sol#20-21) should be declared external
StandardToken.allowance (/sb/0xd33422968ffc4daf815b38c61b4b30af5cd1e289.sol#154-155) should be declared external
Ownable.transferOwnership (/sb/0xd33422968ffc4daf815b38c61b4b30af5cd1e289.sol#222-226) should be declared external
Pausable.pause (/sb/0xd33422968ffc4daf815b38c61b4b30af5cd1e289.sol#257-268) should be declared external
AIETTOKEN.burnFrom (/sb/0xd33422968ffc4daf815b38c61b4b30af5cd1e289.sol#339-345) should be declared external
AIETTOKEN.emergencyERC20Drain (/sb/0xd33422968ffc4daf815b38c61b4b30af5cd1e289.sol#345-349) should be declared external
AIETTOKEN.changeAdmin (/sb/0xd33422968ffc4daf815b38c61b4b30af5cd1e289.sol) should be declared external
Reference: https://github.com/trailofbits/slither/wiki/Detectors-Documentation#public-function-that-could-be-declared-as-external[0m
INFO:Detectors:[92m
Detected issues with version pragma in /sb/0xd33422968ffc4daf815b38c61b4b30af5cd1e289.sol:
	- pragma solidity^0.4.18 (/sb/0xd33422968ffc4daf815b38c61b4b30af5cd1e289.sol#1): it allows old versions
Reference: https://github.com/trailofbits/slither/wiki/Detectors-Documentation#incorrect-version-of-solidity[0m
INFO:Detectors:[92m
Parameter '_owner' of BasicToken.balanceOf (/sb/0xd33422968ffc4daf815b38c61b4b30af5cd1e289.sol#95-98) is not in mixedCase
Parameter '_to' of BasicToken.transfer (/sb/0xd33422968ffc4daf815b38c61b4b30af5cd1e289.sol#76-77) is not in mixedCase
Parameter '_value' of BasicToken.transfer (/sb/0xd33422968ffc4daf815b38c61b4b30af5cd1e289.sol#77) is not in mixedCase
Parameter '_owner' of StandardToken.allowance (/sb/0xd33422968ffc4daf815b38c61b4b30af5cd1e289.sol#154) is not in mixedCase
Parameter '_spender' of StandardToken.allowance (/sb/0xd33422968ffc4daf815b38c61b4b30af5cd1e289.sol#154) is not in mixedCase
Parameter '_from' of StandardToken.transferFrom (/sb/0xd33422968ffc4daf815b38c61b4b30af5cd1e289.sol#117) is not in mixedCase
Parameter '_to' of StandardToken.transferFrom (/sb/0xd33422968ffc4daf815b38c61b4b30af5cd1e289.sol#117-118) is not in mixedCase
Parameter '_value' of StandardToken.transferFrom (/sb/0xd33422968ffc4daf815b38c61b4b30af5cd1e289.sol#118) is not in mixedCase
Parameter '_spender' of StandardToken.approve (/sb/0xd33422968ffc4daf815b38c61b4b30af5cd1e289.sol#139-140) is not in mixedCase
Parameter '_value' of StandardToken.approve (/sb/0xd33422968ffc4daf815b38c61b4b30af5cd1e289.sol#140-143) is not in mixedCase
Parameter '_spender' of StandardToken.increaseApproval (/sb/0xd33422968ffc4daf815b38c61b4b30af5cd1e289.sol#161) is not in mixedCase
Parameter '_addedValue' of StandardToken.increaseApproval (/sb/0xd33422968ffc4daf815b38c61b4b30af5cd1e289.sol#161) is not in mixedCase
Parameter '_spender' of StandardToken.decreaseApproval (/sb/0xd33422968ffc4daf815b38c61b4b30af5cd1e289.sol#168) is not in mixedCase
Parameter '_subtractedValue' of StandardToken.decreaseApproval (/sb/0xd33422968ffc4daf815b38c61b4b30af5cd1e289.sol#168-169) is not in mixedCase
Function 'Ownable.Ownable' (/sb/0xd33422968ffc4daf815b38c61b4b30af5cd1e289.sol#204-209) is not in mixedCase
Parameter '_to' of PausableToken.transfer (/sb/0xd33422968ffc4daf815b38c61b4b30af5cd1e289.sol#269-272) is not in mixedCase
Parameter '_value' of PausableToken.transfer (/sb/0xd33422968ffc4daf815b38c61b4b30af5cd1e289.sol#272) is not in mixedCase
Parameter '_from' of PausableToken.transferFrom (/sb/0xd33422968ffc4daf815b38c61b4b30af5cd1e289.sol#273-276) is not in mixedCase
Parameter '_to' of PausableToken.transferFrom (/sb/0xd33422968ffc4daf815b38c61b4b30af5cd1e289.sol#276) is not in mixedCase
Parameter '_value' of PausableToken.transferFrom (/sb/0xd33422968ffc4daf815b38c61b4b30af5cd1e289.sol#276) is not in mixedCase
Parameter '_spender' of PausableToken.approve (/sb/0xd33422968ffc4daf815b38c61b4b30af5cd1e289.sol#277) is not in mixedCase
Parameter '_value' of PausableToken.approve (/sb/0xd33422968ffc4daf815b38c61b4b30af5cd1e289.sol#278-280) is not in mixedCase
Parameter '_spender' of PausableToken.increaseApproval (/sb/0xd33422968ffc4daf815b38c61b4b30af5cd1e289.sol#281) is not in mixedCase
Parameter '_addedValue' of PausableToken.increaseApproval (/sb/0xd33422968ffc4daf815b38c61b4b30af5cd1e289.sol#281) is not in mixedCase
Parameter '_spender' of PausableToken.decreaseApproval (/sb/0xd33422968ffc4daf815b38c61b4b30af5cd1e289.sol#288-289) is not in mixedCase
Parameter '_subtractedValue' of PausableToken.decreaseApproval (/sb/0xd33422968ffc4daf815b38c61b4b30af5cd1e289.sol#289) is not in mixedCase
Parameter '_to' of AIETTOKEN.transfer (/sb/0xd33422968ffc4daf815b38c61b4b30af5cd1e289.sol#319) is not in mixedCase
Parameter '_value' of AIETTOKEN.transfer (/sb/0xd33422968ffc4daf815b38c61b4b30af5cd1e289.sol#319) is not in mixedCase
Parameter '_from' of AIETTOKEN.transferFrom (/sb/0xd33422968ffc4daf815b38c61b4b30af5cd1e289.sol#323-324) is not in mixedCase
Parameter '_to' of AIETTOKEN.transferFrom (/sb/0xd33422968ffc4daf815b38c61b4b30af5cd1e289.sol#324) is not in mixedCase
Parameter '_value' of AIETTOKEN.transferFrom (/sb/0xd33422968ffc4daf815b38c61b4b30af5cd1e289.sol#324) is not in mixedCase
Function 'AIETTOKEN.AIETTOKEN' (/sb/0xd33422968ffc4daf815b38c61b4b30af5cd1e289.sol#306-316) is not in mixedCase
Parameter '_admin' of AIETTOKEN.AIETTOKEN (/sb/0xd33422968ffc4daf815b38c61b4b30af5cd1e289.sol#306-307) is not in mixedCase
Parameter '_totalTokenAmount' of AIETTOKEN.AIETTOKEN (/sb/0xd33422968ffc4daf815b38c61b4b30af5cd1e289.sol#307-309) is not in mixedCase
Parameter '_value' of AIETTOKEN.burn (/sb/0xd33422968ffc4daf815b38c61b4b30af5cd1e289.sol#331) is not in mixedCase
Parameter '_from' of AIETTOKEN.burnFrom (/sb/0xd33422968ffc4daf815b38c61b4b30af5cd1e289.sol#340-342) is not in mixedCase
Parameter '_value' of AIETTOKEN.burnFrom (/sb/0xd33422968ffc4daf815b38c61b4b30af5cd1e289.sol#342) is not in mixedCase
Reference: https://github.com/trailofbits/slither/wiki/Detectors-Documentation#conformance-to-solidity-naming-conventions[0m
INFO:Slither:/sb/0xd33422968ffc4daf815b38c61b4b30af5cd1e289.sol analyzed (9 contracts), 48 result(s) found
