INFO:Detectors:[91m
ForwardFundsFundraiser.handleFunds (/sb/0x05f5fc11bca851ee261e205857e52ea5c830ae88.sol#791-797) sends eth to arbitrary user
	Dangerous calls:
	- beneficiary.transfer(_ethers) (/sb/0x05f5fc11bca851ee261e205857e52ea5c830ae88.sol#797)
Reference: https://github.com/trailofbits/slither/wiki/Detectors-Documentation#functions-that-send-ether-to-arbitrary-destinations[0m
INFO:Detectors:[92m
Reentrancy in SPACETokenFundraiser.constructor (/sb/0x05f5fc11bca851ee261e205857e52ea5c830ae88.sol#980-1018):
	External calls:
	- MintableToken(token).mint(address(tokenSafe),420000000000000000000000) (/sb/0x05f5fc11bca851ee261e205857e52ea5c830ae88.sol#993-995)
	State variables written after the call(s):
	- beneficiary (/sb/0x05f5fc11bca851ee261e205857e52ea5c830ae88.sol#996-1006)
	- conversionRate (/sb/0x05f5fc11bca851ee261e205857e52ea5c830ae88.sol#996-1006)
	- endTime (/sb/0x05f5fc11bca851ee261e205857e52ea5c830ae88.sol#996-1006)
	- gasPriceLimit (/sb/0x05f5fc11bca851ee261e205857e52ea5c830ae88.sol#1012-1015)
	- individualMaxCap (/sb/0x05f5fc11bca851ee261e205857e52ea5c830ae88.sol#1007-1012)
	- individualMaxCapTokens (/sb/0x05f5fc11bca851ee261e205857e52ea5c830ae88.sol#1007-1012)
	- individualMinCap (/sb/0x05f5fc11bca851ee261e205857e52ea5c830ae88.sol#1007-1012)
	- presaleConversionRate (/sb/0x05f5fc11bca851ee261e205857e52ea5c830ae88.sol#1015-1018)
	- presaleEndTime (/sb/0x05f5fc11bca851ee261e205857e52ea5c830ae88.sol#1015-1018)
	- presaleMaxSupply (/sb/0x05f5fc11bca851ee261e205857e52ea5c830ae88.sol#1015-1018)
	- presaleStartTime (/sb/0x05f5fc11bca851ee261e205857e52ea5c830ae88.sol#1015-1018)
	- startTime (/sb/0x05f5fc11bca851ee261e205857e52ea5c830ae88.sol#996-1006)
Reference: https://github.com/trailofbits/slither/wiki/Detectors-Documentation#reentrancy-vulnerabilities-2[0m
INFO:Detectors:[92m
StandardToken.balanceOf (/sb/0x05f5fc11bca851ee261e205857e52ea5c830ae88.sol#178-180) should be declared external
ERC20Token.balanceOf (/sb/0x05f5fc11bca851ee261e205857e52ea5c830ae88.sol#46-47) should be declared external
ERC20Token.transfer (/sb/0x05f5fc11bca851ee261e205857e52ea5c830ae88.sol#47-48) should be declared external
StandardToken.transfer (/sb/0x05f5fc11bca851ee261e205857e52ea5c830ae88.sol#221-223) should be declared external
ERC20Token.transferFrom (/sb/0x05f5fc11bca851ee261e205857e52ea5c830ae88.sol#48-49) should be declared external
StandardToken.transferFrom (/sb/0x05f5fc11bca851ee261e205857e52ea5c830ae88.sol#232-242) should be declared external
ERC20Token.approve (/sb/0x05f5fc11bca851ee261e205857e52ea5c830ae88.sol#49-50) should be declared external
StandardToken.approve (/sb/0x05f5fc11bca851ee261e205857e52ea5c830ae88.sol#206-214) should be declared external
ERC20Token.allowance (/sb/0x05f5fc11bca851ee261e205857e52ea5c830ae88.sol#50-52) should be declared external
StandardToken.allowance (/sb/0x05f5fc11bca851ee261e205857e52ea5c830ae88.sol#190-192) should be declared external
TokenSafe.release (/sb/0x05f5fc11bca851ee261e205857e52ea5c830ae88.sol#126-145) should be declared external
MintableToken.mint (/sb/0x05f5fc11bca851ee261e205857e52ea5c830ae88.sol#309-319) should be declared external
MintableToken.disableMinting (/sb/0x05f5fc11bca851ee261e205857e52ea5c830ae88.sol#327-335) should be declared external
HasOwner.transferOwnership (/sb/0x05f5fc11bca851ee261e205857e52ea5c830ae88.sol#377-383) should be declared external
HasOwner.acceptOwnership (/sb/0x05f5fc11bca851ee261e205857e52ea5c830ae88.sol#390-394) should be declared external
AbstractFundraiser.fallback (/sb/0x05f5fc11bca851ee261e205857e52ea5c830ae88.sol#426-429) should be declared external
BasicFundraiser.hasEnded (/sb/0x05f5fc11bca851ee261e205857e52ea5c830ae88.sol#617-620) should be declared external
AbstractFundraiser.hasEnded (/sb/0x05f5fc11bca851ee261e205857e52ea5c830ae88.sol#437-439) should be declared external
BasicFundraiser.setBeneficiary (/sb/0x05f5fc11bca851ee261e205857e52ea5c830ae88.sol#557-561) should be declared external
IndividualCapsFundraiser.setIndividualMinCap (/sb/0x05f5fc11bca851ee261e205857e52ea5c830ae88.sol#699-705) should be declared external
IndividualCapsFundraiser.setIndividualMaxCap (/sb/0x05f5fc11bca851ee261e205857e52ea5c830ae88.sol#705-710) should be declared external
GasPriceLimitFundraiser.changeGasPriceLimit (/sb/0x05f5fc11bca851ee261e205857e52ea5c830ae88.sol#762-767) should be declared external
TieredFundraiser.getConversionRateFactor (/sb/0x05f5fc11bca851ee261e205857e52ea5c830ae88.sol#936-947) should be declared external
SPACETokenFundraiser.mint (/sb/0x05f5fc11bca851ee261e205857e52ea5c830ae88.sol) should be declared external
SPACETokenFundraiser.disableMinting (/sb/0x05f5fc11bca851ee261e205857e52ea5c830ae88.sol) should be declared external
Reference: https://github.com/trailofbits/slither/wiki/Detectors-Documentation#public-function-that-could-be-declared-as-external[0m
INFO:Detectors:[92m
Detected issues with version pragma in /sb/0x05f5fc11bca851ee261e205857e52ea5c830ae88.sol:
	- pragma solidity^0.4.22 (/sb/0x05f5fc11bca851ee261e205857e52ea5c830ae88.sol#1): it allows old versions
Reference: https://github.com/trailofbits/slither/wiki/Detectors-Documentation#incorrect-version-of-solidity[0m
INFO:Detectors:[92m
Parameter '_token' of TokenSafe. (/sb/0x05f5fc11bca851ee261e205857e52ea5c830ae88.sol#93) is not in mixedCase
Parameter '_id' of TokenSafe.init (/sb/0x05f5fc11bca851ee261e205857e52ea5c830ae88.sol#99) is not in mixedCase
Parameter '_releaseTimestamp' of TokenSafe.init (/sb/0x05f5fc11bca851ee261e205857e52ea5c830ae88.sol#99) is not in mixedCase
Parameter '_id' of TokenSafe.add (/sb/0x05f5fc11bca851ee261e205857e52ea5c830ae88.sol#114) is not in mixedCase
Parameter '_account' of TokenSafe.add (/sb/0x05f5fc11bca851ee261e205857e52ea5c830ae88.sol#114) is not in mixedCase
Parameter '_balance' of TokenSafe.add (/sb/0x05f5fc11bca851ee261e205857e52ea5c830ae88.sol#114) is not in mixedCase
Parameter '_id' of TokenSafe.release (/sb/0x05f5fc11bca851ee261e205857e52ea5c830ae88.sol#126) is not in mixedCase
Parameter '_account' of TokenSafe.release (/sb/0x05f5fc11bca851ee261e205857e52ea5c830ae88.sol#126) is not in mixedCase
Parameter '_address' of StandardToken.balanceOf (/sb/0x05f5fc11bca851ee261e205857e52ea5c830ae88.sol#178-179) is not in mixedCase
Parameter '_to' of StandardToken.transfer (/sb/0x05f5fc11bca851ee261e205857e52ea5c830ae88.sol#221) is not in mixedCase
Parameter '_value' of StandardToken.transfer (/sb/0x05f5fc11bca851ee261e205857e52ea5c830ae88.sol#221) is not in mixedCase
Parameter '_from' of StandardToken.transferFrom (/sb/0x05f5fc11bca851ee261e205857e52ea5c830ae88.sol#232-233) is not in mixedCase
Parameter '_to' of StandardToken.transferFrom (/sb/0x05f5fc11bca851ee261e205857e52ea5c830ae88.sol#233) is not in mixedCase
Parameter '_value' of StandardToken.transferFrom (/sb/0x05f5fc11bca851ee261e205857e52ea5c830ae88.sol#233) is not in mixedCase
Parameter '_spender' of StandardToken.approve (/sb/0x05f5fc11bca851ee261e205857e52ea5c830ae88.sol#209) is not in mixedCase
Parameter '_value' of StandardToken.approve (/sb/0x05f5fc11bca851ee261e205857e52ea5c830ae88.sol#209) is not in mixedCase
Parameter '_owner' of StandardToken.allowance (/sb/0x05f5fc11bca851ee261e205857e52ea5c830ae88.sol#190) is not in mixedCase
Parameter '_spender' of StandardToken.allowance (/sb/0x05f5fc11bca851ee261e205857e52ea5c830ae88.sol#190) is not in mixedCase
Parameter '_name' of StandardToken. (/sb/0x05f5fc11bca851ee261e205857e52ea5c830ae88.sol#167) is not in mixedCase
Parameter '_symbol' of StandardToken. (/sb/0x05f5fc11bca851ee261e205857e52ea5c830ae88.sol#167) is not in mixedCase
Parameter '_decimals' of StandardToken. (/sb/0x05f5fc11bca851ee261e205857e52ea5c830ae88.sol#167-169) is not in mixedCase
Parameter '_from' of StandardToken.executeTransfer (/sb/0x05f5fc11bca851ee261e205857e52ea5c830ae88.sol#245) is not in mixedCase
Parameter '_to' of StandardToken.executeTransfer (/sb/0x05f5fc11bca851ee261e205857e52ea5c830ae88.sol#245-246) is not in mixedCase
Parameter '_value' of StandardToken.executeTransfer (/sb/0x05f5fc11bca851ee261e205857e52ea5c830ae88.sol#246) is not in mixedCase
Parameter '_minter' of MintableToken. (/sb/0x05f5fc11bca851ee261e205857e52ea5c830ae88.sol#298-299) is not in mixedCase
Parameter '_to' of MintableToken.mint (/sb/0x05f5fc11bca851ee261e205857e52ea5c830ae88.sol#310) is not in mixedCase
Parameter '_value' of MintableToken.mint (/sb/0x05f5fc11bca851ee261e205857e52ea5c830ae88.sol#310) is not in mixedCase
Parameter '_owner' of HasOwner. (/sb/0x05f5fc11bca851ee261e205857e52ea5c830ae88.sol#351) is not in mixedCase
Parameter '_newOwner' of HasOwner.transferOwnership (/sb/0x05f5fc11bca851ee261e205857e52ea5c830ae88.sol#377-379) is not in mixedCase
Parameter '_token' of AbstractFundraiser.initializeFundraiserToken (/sb/0x05f5fc11bca851ee261e205857e52ea5c830ae88.sol#419) is not in mixedCase
Parameter '_address' of BasicFundraiser.receiveFunds (/sb/0x05f5fc11bca851ee261e205857e52ea5c830ae88.sol#570) is not in mixedCase
Parameter '_amount' of BasicFundraiser.receiveFunds (/sb/0x05f5fc11bca851ee261e205857e52ea5c830ae88.sol#570) is not in mixedCase
Parameter '_startTime' of BasicFundraiser.initializeBasicFundraiser (/sb/0x05f5fc11bca851ee261e205857e52ea5c830ae88.sol#523-525) is not in mixedCase
Parameter '_endTime' of BasicFundraiser.initializeBasicFundraiser (/sb/0x05f5fc11bca851ee261e205857e52ea5c830ae88.sol#525) is not in mixedCase
Parameter '_conversionRate' of BasicFundraiser.initializeBasicFundraiser (/sb/0x05f5fc11bca851ee261e205857e52ea5c830ae88.sol#526-527) is not in mixedCase
Parameter '_beneficiary' of BasicFundraiser.initializeBasicFundraiser (/sb/0x05f5fc11bca851ee261e205857e52ea5c830ae88.sol#527-528) is not in mixedCase
Parameter '_conversionRate' of BasicFundraiser.setConversionRate (/sb/0x05f5fc11bca851ee261e205857e52ea5c830ae88.sol#545-549) is not in mixedCase
Parameter '_beneficiary' of BasicFundraiser.setBeneficiary (/sb/0x05f5fc11bca851ee261e205857e52ea5c830ae88.sol#557-558) is not in mixedCase
Parameter '_amount' of BasicFundraiser.calculateTokens (/sb/0x05f5fc11bca851ee261e205857e52ea5c830ae88.sol#594) is not in mixedCase
Parameter '_address' of MintableTokenFundraiser.handleTokens (/sb/0x05f5fc11bca851ee261e205857e52ea5c830ae88.sol#657-659) is not in mixedCase
Parameter '_tokens' of MintableTokenFundraiser.handleTokens (/sb/0x05f5fc11bca851ee261e205857e52ea5c830ae88.sol#659) is not in mixedCase
Parameter '_name' of MintableTokenFundraiser.initializeMintableTokenFundraiser (/sb/0x05f5fc11bca851ee261e205857e52ea5c830ae88.sol#647) is not in mixedCase
Parameter '_symbol' of MintableTokenFundraiser.initializeMintableTokenFundraiser (/sb/0x05f5fc11bca851ee261e205857e52ea5c830ae88.sol#647) is not in mixedCase
Parameter '_decimals' of MintableTokenFundraiser.initializeMintableTokenFundraiser (/sb/0x05f5fc11bca851ee261e205857e52ea5c830ae88.sol#647-648) is not in mixedCase
Parameter '_address' of IndividualCapsFundraiser.handleTokens (/sb/0x05f5fc11bca851ee261e205857e52ea5c830ae88.sol#730-731) is not in mixedCase
Parameter '_tokens' of IndividualCapsFundraiser.handleTokens (/sb/0x05f5fc11bca851ee261e205857e52ea5c830ae88.sol#731-732) is not in mixedCase
Parameter '_conversionRate' of IndividualCapsFundraiser.setConversionRate (/sb/0x05f5fc11bca851ee261e205857e52ea5c830ae88.sol#688) is not in mixedCase
Parameter '_individualMinCap' of IndividualCapsFundraiser.initializeIndividualCapsFundraiser (/sb/0x05f5fc11bca851ee261e205857e52ea5c830ae88.sol#681) is not in mixedCase
Parameter '_individualMaxCap' of IndividualCapsFundraiser.initializeIndividualCapsFundraiser (/sb/0x05f5fc11bca851ee261e205857e52ea5c830ae88.sol#681-683) is not in mixedCase
Parameter '_individualMinCap' of IndividualCapsFundraiser.setIndividualMinCap (/sb/0x05f5fc11bca851ee261e205857e52ea5c830ae88.sol#699-700) is not in mixedCase
Parameter '_individualMaxCap' of IndividualCapsFundraiser.setIndividualMaxCap (/sb/0x05f5fc11bca851ee261e205857e52ea5c830ae88.sol#705-707) is not in mixedCase
Parameter '_gasPriceLimit' of GasPriceLimitFundraiser.initializeGasPriceLimitFundraiser (/sb/0x05f5fc11bca851ee261e205857e52ea5c830ae88.sol#755) is not in mixedCase
Parameter '_gasPriceLimit' of GasPriceLimitFundraiser.changeGasPriceLimit (/sb/0x05f5fc11bca851ee261e205857e52ea5c830ae88.sol#763-764) is not in mixedCase
Parameter '' of ForwardFundsFundraiser.handleFunds (/sb/0x05f5fc11bca851ee261e205857e52ea5c830ae88.sol#791-793) is not in mixedCase
Parameter '_ethers' of ForwardFundsFundraiser.handleFunds (/sb/0x05f5fc11bca851ee261e205857e52ea5c830ae88.sol#793) is not in mixedCase
Parameter '_address' of PresaleFundraiser.handleTokens (/sb/0x05f5fc11bca851ee261e205857e52ea5c830ae88.sol#877-878) is not in mixedCase
Parameter '_tokens' of PresaleFundraiser.handleTokens (/sb/0x05f5fc11bca851ee261e205857e52ea5c830ae88.sol#878) is not in mixedCase
Parameter '_presaleMaxSupply' of PresaleFundraiser.initializePresaleFundraiser (/sb/0x05f5fc11bca851ee261e205857e52ea5c830ae88.sol#830) is not in mixedCase
Parameter '_startTime' of PresaleFundraiser.initializePresaleFundraiser (/sb/0x05f5fc11bca851ee261e205857e52ea5c830ae88.sol#830-831) is not in mixedCase
Parameter '_endTime' of PresaleFundraiser.initializePresaleFundraiser (/sb/0x05f5fc11bca851ee261e205857e52ea5c830ae88.sol#831-832) is not in mixedCase
Parameter '_conversionRate' of PresaleFundraiser.initializePresaleFundraiser (/sb/0x05f5fc11bca851ee261e205857e52ea5c830ae88.sol#832) is not in mixedCase
Parameter '_amount' of TieredFundraiser.calculateTokens (/sb/0x05f5fc11bca851ee261e205857e52ea5c830ae88.sol#928) is not in mixedCase
Parameter '_to' of SPACETokenFundraiser.mint (/sb/0x05f5fc11bca851ee261e205857e52ea5c830ae88.sol) is not in mixedCase
Parameter '_value' of SPACETokenFundraiser.mint (/sb/0x05f5fc11bca851ee261e205857e52ea5c830ae88.sol) is not in mixedCase
Reference: https://github.com/trailofbits/slither/wiki/Detectors-Documentation#conformance-to-solidity-naming-conventions[0m
INFO:Detectors:[92m
BasicFundraiser.DECIMALS (/sb/0x05f5fc11bca851ee261e205857e52ea5c830ae88.sol#484-485) is never used in SPACETokenFundraiser
BasicFundraiser.DECIMALS_FACTOR (/sb/0x05f5fc11bca851ee261e205857e52ea5c830ae88.sol#485-488) is never used in SPACETokenFundraiser
Reference: https://github.com/trailofbits/slither/wiki/Detectors-Documentation#unused-state-variables[0m
INFO:Slither:/sb/0x05f5fc11bca851ee261e205857e52ea5c830ae88.sol analyzed (18 contracts), 93 result(s) found
