INFO:Slither:Compilation warnings/errors on /sb/0xb55732a15b3dc5d6e8d4adf40634f37470da71fa.sol:
/sb/0xb55732a15b3dc5d6e8d4adf40634f37470da71fa.sol:115:5: Warning: Defining constructors as functions with the same name as the contract is deprecated. Use "constructor(...) { ... }" instead.
    function ECPNToken() public {
    ^ (Relevant source part starts here and spans across multiple lines).

INFO:Detectors:[93m
Contract locking ether found in /sb/0xb55732a15b3dc5d6e8d4adf40634f37470da71fa.sol:
	Contract ECPNToken has payable functions:
	 - fallback (/sb/0xb55732a15b3dc5d6e8d4adf40634f37470da71fa.sol#219)
	But does not have a function to withdraw the ether
Reference: https://github.com/trailofbits/slither/wiki/Detectors-Documentation#contracts-that-lock-ether[0m
INFO:Detectors:[92m
SafeMath.safeMul (/sb/0xb55732a15b3dc5d6e8d4adf40634f37470da71fa.sol#30-34) should be declared external
SafeMath.safeDiv (/sb/0xb55732a15b3dc5d6e8d4adf40634f37470da71fa.sol#34-41) should be declared external
ECPNToken.totalSupply (/sb/0xb55732a15b3dc5d6e8d4adf40634f37470da71fa.sol#133-134) should be declared external
ERC20Interface.totalSupply (/sb/0xb55732a15b3dc5d6e8d4adf40634f37470da71fa.sol#46-47) should be declared external
ECPNToken.balanceOf (/sb/0xb55732a15b3dc5d6e8d4adf40634f37470da71fa.sol#141-142) should be declared external
ERC20Interface.balanceOf (/sb/0xb55732a15b3dc5d6e8d4adf40634f37470da71fa.sol#47-48) should be declared external
ERC20Interface.allowance (/sb/0xb55732a15b3dc5d6e8d4adf40634f37470da71fa.sol#48-49) should be declared external
ECPNToken.allowance (/sb/0xb55732a15b3dc5d6e8d4adf40634f37470da71fa.sol#196-198) should be declared external
ECPNToken.transfer (/sb/0xb55732a15b3dc5d6e8d4adf40634f37470da71fa.sol#148-155) should be declared external
ERC20Interface.transfer (/sb/0xb55732a15b3dc5d6e8d4adf40634f37470da71fa.sol#49-50) should be declared external
ECPNToken.approve (/sb/0xb55732a15b3dc5d6e8d4adf40634f37470da71fa.sol#164-172) should be declared external
ERC20Interface.approve (/sb/0xb55732a15b3dc5d6e8d4adf40634f37470da71fa.sol#50-51) should be declared external
ERC20Interface.transferFrom (/sb/0xb55732a15b3dc5d6e8d4adf40634f37470da71fa.sol#51-53) should be declared external
ECPNToken.transferFrom (/sb/0xb55732a15b3dc5d6e8d4adf40634f37470da71fa.sol#180-189) should be declared external
ApproveAndCallFallBack.receiveApproval (/sb/0xb55732a15b3dc5d6e8d4adf40634f37470da71fa.sol#64-68) should be declared external
Owned.transferOwnership (/sb/0xb55732a15b3dc5d6e8d4adf40634f37470da71fa.sol#87-91) should be declared external
Owned.acceptOwnership (/sb/0xb55732a15b3dc5d6e8d4adf40634f37470da71fa.sol#91-99) should be declared external
ECPNToken.approveAndCall (/sb/0xb55732a15b3dc5d6e8d4adf40634f37470da71fa.sol#204-212) should be declared external
ECPNToken.fallback (/sb/0xb55732a15b3dc5d6e8d4adf40634f37470da71fa.sol#219) should be declared external
ECPNToken.transferAnyERC20Token (/sb/0xb55732a15b3dc5d6e8d4adf40634f37470da71fa.sol) should be declared external
Reference: https://github.com/trailofbits/slither/wiki/Detectors-Documentation#public-function-that-could-be-declared-as-external[0m
INFO:Detectors:[92m
Parameter '_newOwner' of Owned.transferOwnership (/sb/0xb55732a15b3dc5d6e8d4adf40634f37470da71fa.sol#89) is not in mixedCase
Function 'ECPNToken.ECPNToken' (/sb/0xb55732a15b3dc5d6e8d4adf40634f37470da71fa.sol#119-127) is not in mixedCase
Variable 'ECPNToken._totalSupply' (/sb/0xb55732a15b3dc5d6e8d4adf40634f37470da71fa.sol#109-112) is not in mixedCase
Reference: https://github.com/trailofbits/slither/wiki/Detectors-Documentation#conformance-to-solidity-naming-conventions[0m
INFO:Slither:/sb/0xb55732a15b3dc5d6e8d4adf40634f37470da71fa.sol analyzed (5 contracts), 24 result(s) found
