INFO:Slither:Compilation warnings/errors on /sb/0x0000000000c5fd1aef1a9421626cf804086185e9.sol:
/sb/0x0000000000c5fd1aef1a9421626cf804086185e9.sol:2285:3: Warning: Function state mutability can be restricted to pure
  function supportsInterface(bytes4 interfaceID) external view returns (bool) {
  ^ (Relevant source part starts here and spans across multiple lines).

INFO:Detectors:[93m
ECDSA.recover (/sb/0x0000000000c5fd1aef1a9421626cf804086185e9.sol#48-88) is declared view but contains assembly code
ExtendedJurisdiction.secondaryHasAttribute (/sb/0x0000000000c5fd1aef1a9421626cf804086185e9.sol) is declared view but contains assembly code
Reference: https://github.com/trailofbits/slither/wiki/Detectors-Documentation#constant-functions-changing-the-state[0m
INFO:Detectors:[92m
Ownable.constructor.owner (local variable @ /sb/0x0000000000c5fd1aef1a9421626cf804086185e9.sol#341-342) shadows:
	- Ownable.owner (function @ /sb/0x0000000000c5fd1aef1a9421626cf804086185e9.sol#349-354)
ExtendedJurisdiction.constructor.owner (local variable @ /sb/0x0000000000c5fd1aef1a9421626cf804086185e9.sol#1036-1037) shadows:
	- Ownable.owner (function @ /sb/0x0000000000c5fd1aef1a9421626cf804086185e9.sol#349-354)
Reference: https://github.com/trailofbits/slither/wiki/Detectors-Documentation#local-variable-shadowing[0m
INFO:Detectors:[92m
ECDSA.recover uses assembly (/sb/0x0000000000c5fd1aef1a9421626cf804086185e9.sol#48-88)
	- /sb/0x0000000000c5fd1aef1a9421626cf804086185e9.sol#68-77
ExtendedJurisdiction.secondaryHasAttribute uses assembly (/sb/0x0000000000c5fd1aef1a9421626cf804086185e9.sol)
	- /sb/0x0000000000c5fd1aef1a9421626cf804086185e9.sol
Reference: https://github.com/trailofbits/slither/wiki/Detectors-Documentation#assembly-usage[0m
INFO:Detectors:[92m
PauserRole.addPauser (/sb/0x0000000000c5fd1aef1a9421626cf804086185e9.sol#243-247) should be declared external
PauserRole.renouncePauser (/sb/0x0000000000c5fd1aef1a9421626cf804086185e9.sol#248-254) should be declared external
Pausable.paused (/sb/0x0000000000c5fd1aef1a9421626cf804086185e9.sol#284-286) should be declared external
Pausable.pause (/sb/0x0000000000c5fd1aef1a9421626cf804086185e9.sol#307-311) should be declared external
Pausable.unpause (/sb/0x0000000000c5fd1aef1a9421626cf804086185e9.sol#314-318) should be declared external
Ownable.renounceOwnership (/sb/0x0000000000c5fd1aef1a9421626cf804086185e9.sol#369-374) should be declared external
Ownable.transferOwnership (/sb/0x0000000000c5fd1aef1a9421626cf804086185e9.sol#378-385) should be declared external
ExtendedJurisdiction.recoverableFunds (/sb/0x0000000000c5fd1aef1a9421626cf804086185e9.sol#2506-2512) should be declared external
ExtendedJurisdiction.recoverableTokens (/sb/0x0000000000c5fd1aef1a9421626cf804086185e9.sol#2518-2524) should be declared external
ExtendedJurisdiction.recoverFunds (/sb/0x0000000000c5fd1aef1a9421626cf804086185e9.sol#2546-2554) should be declared external
ExtendedJurisdiction.recoverTokens (/sb/0x0000000000c5fd1aef1a9421626cf804086185e9.sol#2566-2569) should be declared external
Reference: https://github.com/trailofbits/slither/wiki/Detectors-Documentation#public-function-that-could-be-declared-as-external[0m
INFO:Detectors:[92m
Detected issues with version pragma in /sb/0x0000000000c5fd1aef1a9421626cf804086185e9.sol:
	- pragma solidity0.4.26 (/sb/0x0000000000c5fd1aef1a9421626cf804086185e9.sol#1): it allows old versions
Reference: https://github.com/trailofbits/slither/wiki/Detectors-Documentation#incorrect-version-of-solidity[0m
INFO:Detectors:[92m
Function 'PauserRole._addPauser' (/sb/0x0000000000c5fd1aef1a9421626cf804086185e9.sol#255-258) is not in mixedCase
Function 'PauserRole._removePauser' (/sb/0x0000000000c5fd1aef1a9421626cf804086185e9.sol#258-264) is not in mixedCase
Function 'Ownable._transferOwnership' (/sb/0x0000000000c5fd1aef1a9421626cf804086185e9.sol#390-392) is not in mixedCase
Parameter 'ID' of BasicJurisdictionInterface.addAttributeType (/sb/0x0000000000c5fd1aef1a9421626cf804086185e9.sol#495) is not in mixedCase
Parameter 'ID' of BasicJurisdictionInterface.removeAttributeType (/sb/0x0000000000c5fd1aef1a9421626cf804086185e9.sol#503) is not in mixedCase
Parameter 'ID' of ExtendedJurisdictionInterface.addRestrictedAttributeType (/sb/0x0000000000c5fd1aef1a9421626cf804086185e9.sol#716-717) is not in mixedCase
Parameter 'ID' of ExtendedJurisdictionInterface.setAttributeTypeOnlyPersonal (/sb/0x0000000000c5fd1aef1a9421626cf804086185e9.sol#723) is not in mixedCase
Parameter 'ID' of ExtendedJurisdictionInterface.setAttributeTypeSecondarySource (/sb/0x0000000000c5fd1aef1a9421626cf804086185e9.sol#743) is not in mixedCase
Parameter 'ID' of ExtendedJurisdictionInterface.setAttributeTypeMinimumRequiredStake (/sb/0x0000000000c5fd1aef1a9421626cf804086185e9.sol#762) is not in mixedCase
Parameter 'ID' of ExtendedJurisdictionInterface.setAttributeTypeJurisdictionFee (/sb/0x0000000000c5fd1aef1a9421626cf804086185e9.sol#773) is not in mixedCase
Parameter '' of IERC20.balanceOf (/sb/0x0000000000c5fd1aef1a9421626cf804086185e9.sol#957) is not in mixedCase
Parameter '' of IERC20.transfer (/sb/0x0000000000c5fd1aef1a9421626cf804086185e9.sol#960) is not in mixedCase
Parameter '_scope_0' of IERC20.transfer (/sb/0x0000000000c5fd1aef1a9421626cf804086185e9.sol#960) is not in mixedCase
Parameter 'ID' of ExtendedJurisdiction.addAttributeType (/sb/0x0000000000c5fd1aef1a9421626cf804086185e9.sol#1050) is not in mixedCase
Parameter 'ID' of ExtendedJurisdiction.removeAttributeType (/sb/0x0000000000c5fd1aef1a9421626cf804086185e9.sol#1256) is not in mixedCase
Parameter 'ID' of ExtendedJurisdiction.addRestrictedAttributeType (/sb/0x0000000000c5fd1aef1a9421626cf804086185e9.sol#1110) is not in mixedCase
Parameter 'ID' of ExtendedJurisdiction.setAttributeTypeOnlyPersonal (/sb/0x0000000000c5fd1aef1a9421626cf804086185e9.sol#1158) is not in mixedCase
Parameter 'ID' of ExtendedJurisdiction.setAttributeTypeSecondarySource (/sb/0x0000000000c5fd1aef1a9421626cf804086185e9.sol#1187) is not in mixedCase
Parameter 'ID' of ExtendedJurisdiction.setAttributeTypeMinimumRequiredStake (/sb/0x0000000000c5fd1aef1a9421626cf804086185e9.sol#1216-1219) is not in mixedCase
Parameter 'ID' of ExtendedJurisdiction.setAttributeTypeJurisdictionFee (/sb/0x0000000000c5fd1aef1a9421626cf804086185e9.sol#1238) is not in mixedCase
Reference: https://github.com/trailofbits/slither/wiki/Detectors-Documentation#conformance-to-solidity-naming-conventions[0m
INFO:Slither:/sb/0x0000000000c5fd1aef1a9421626cf804086185e9.sol analyzed (11 contracts), 38 result(s) found
