INFO:Slither:Compilation warnings/errors on /sb/0x68623fdf159dbdb7d1547d3050821ce57448aa47.sol:
/sb/0x68623fdf159dbdb7d1547d3050821ce57448aa47.sol:37:3: Warning: Defining constructors as functions with the same name as the contract is deprecated. Use "constructor(...) { ... }" instead.
  function Ownable() {
  ^ (Relevant source part starts here and spans across multiple lines).
/sb/0x68623fdf159dbdb7d1547d3050821ce57448aa47.sol:159:5: Warning: Use of the "var" keyword is deprecated.
    var _allowance = allowed[_from][msg.sender];
    ^------------^
/sb/0x68623fdf159dbdb7d1547d3050821ce57448aa47.sol:227:2: Warning: Defining constructors as functions with the same name as the contract is deprecated. Use "constructor(...) { ... }" instead.
	function CATContract(address _catPaymentCollector, string _contractName) {
 ^ (Relevant source part starts here and spans across multiple lines).
/sb/0x68623fdf159dbdb7d1547d3050821ce57448aa47.sol:268:2: Warning: Defining constructors as functions with the same name as the contract is deprecated. Use "constructor(...) { ... }" instead.
	function CATServicePaymentCollector(address _CAT) {
 ^ (Relevant source part starts here and spans across multiple lines).
/sb/0x68623fdf159dbdb7d1547d3050821ce57448aa47.sol:344:5: Warning: Defining constructors as functions with the same name as the contract is deprecated. Use "constructor(...) { ... }" instead.
    function SecurityDeposit(address _catPaymentCollector) CATContract(_catPaymentCollector, "Security Deposit") {}
    ^-------------------------------------------------------------------------------------------------------------^
/sb/0x68623fdf159dbdb7d1547d3050821ce57448aa47.sol:91:5: Warning: Invoking events without "emit" prefix is deprecated.
    Pause();
    ^-----^
/sb/0x68623fdf159dbdb7d1547d3050821ce57448aa47.sol:100:5: Warning: Invoking events without "emit" prefix is deprecated.
    Unpause();
    ^-------^
/sb/0x68623fdf159dbdb7d1547d3050821ce57448aa47.sol:125:5: Warning: Invoking events without "emit" prefix is deprecated.
    Transfer(msg.sender, _to, _value);
    ^-------------------------------^
/sb/0x68623fdf159dbdb7d1547d3050821ce57448aa47.sol:167:5: Warning: Invoking events without "emit" prefix is deprecated.
    Transfer(_from, _to, _value);
    ^--------------------------^
/sb/0x68623fdf159dbdb7d1547d3050821ce57448aa47.sol:185:5: Warning: Invoking events without "emit" prefix is deprecated.
    Approval(msg.sender, _spender, _value);
    ^------------------------------------^
/sb/0x68623fdf159dbdb7d1547d3050821ce57448aa47.sol:218:3: Warning: Invoking events without "emit" prefix is deprecated.
		ContractDeployed(msg.sender);
		^--------------------------^
/sb/0x68623fdf159dbdb7d1547d3050821ce57448aa47.sol:236:3: Warning: Invoking events without "emit" prefix is deprecated.
		ContractFeeChanged(contractFee, _newFee);
		^--------------------------------------^
/sb/0x68623fdf159dbdb7d1547d3050821ce57448aa47.sol:241:3: Warning: Invoking events without "emit" prefix is deprecated.
		ContractEthLimitChanged(ethPerTransactionLimit, _newLimit);
		^--------------------------------------------------------^
/sb/0x68623fdf159dbdb7d1547d3050821ce57448aa47.sol:249:3: Warning: Invoking events without "emit" prefix is deprecated.
		CATWithdrawn(ourTokens);
		^---------------------^
/sb/0x68623fdf159dbdb7d1547d3050821ce57448aa47.sol:275:3: Warning: Invoking events without "emit" prefix is deprecated.
		EnableService(_service);
		^---------------------^
/sb/0x68623fdf159dbdb7d1547d3050821ce57448aa47.sol:280:3: Warning: Invoking events without "emit" prefix is deprecated.
		DisableService(_service);
		^----------------------^
/sb/0x68623fdf159dbdb7d1547d3050821ce57448aa47.sol:291:3: Warning: Invoking events without "emit" prefix is deprecated.
		CATPayment(_fromWho, msg.sender, _payment);
		^----------------------------------------^
/sb/0x68623fdf159dbdb7d1547d3050821ce57448aa47.sol:297:3: Warning: Invoking events without "emit" prefix is deprecated.
		ChangedPaymentDestination(paymentDestination, _newPaymentDest);
		^------------------------------------------------------------^
/sb/0x68623fdf159dbdb7d1547d3050821ce57448aa47.sol:304:3: Warning: Invoking events without "emit" prefix is deprecated.
		CATWithdrawn(ourTokens);
		^---------------------^
/sb/0x68623fdf159dbdb7d1547d3050821ce57448aa47.sol:363:9: Warning: Invoking events without "emit" prefix is deprecated.
        SecurityDepositCreated(currentId, instanceOwner, _ownerNote, _depositPurpose, depositAmountETH);
        ^---------------------------------------------------------------------------------------------^
/sb/0x68623fdf159dbdb7d1547d3050821ce57448aa47.sol:380:9: Warning: Invoking events without "emit" prefix is deprecated.
        Deposit(curInst.instId, msg.sender, msg.value, _note);
        ^---------------------------------------------------^
/sb/0x68623fdf159dbdb7d1547d3050821ce57448aa47.sol:393:9: Warning: Invoking events without "emit" prefix is deprecated.
        DepositClaimed(_instId, _whoToClaim, curInst.depositAmount);
        ^---------------------------------------------------------^
/sb/0x68623fdf159dbdb7d1547d3050821ce57448aa47.sol:408:9: Warning: Invoking events without "emit" prefix is deprecated.
        RefundSent(_instId, _whoToRefund, curInst.depositAmount);
        ^------------------------------------------------------^
/sb/0x68623fdf159dbdb7d1547d3050821ce57448aa47.sol:442:9: Warning: Invoking events without "emit" prefix is deprecated.
        DepositorLimitChanged(depositorLimit, _newLimit);
        ^----------------------------------------------^
/sb/0x68623fdf159dbdb7d1547d3050821ce57448aa47.sol:37:3: Warning: No visibility specified. Defaulting to "public". 
  function Ownable() {
  ^ (Relevant source part starts here and spans across multiple lines).
/sb/0x68623fdf159dbdb7d1547d3050821ce57448aa47.sol:55:3: Warning: No visibility specified. Defaulting to "public". 
  function transferOwnership(address newOwner) onlyOwner {
  ^ (Relevant source part starts here and spans across multiple lines).
/sb/0x68623fdf159dbdb7d1547d3050821ce57448aa47.sol:89:3: Warning: No visibility specified. Defaulting to "public". 
  function pause() onlyOwner whenNotPaused returns (bool) {
  ^ (Relevant source part starts here and spans across multiple lines).
/sb/0x68623fdf159dbdb7d1547d3050821ce57448aa47.sol:98:3: Warning: No visibility specified. Defaulting to "public". 
  function unpause() onlyOwner whenPaused returns (bool) {
  ^ (Relevant source part starts here and spans across multiple lines).
/sb/0x68623fdf159dbdb7d1547d3050821ce57448aa47.sol:107:3: Warning: No visibility specified. Defaulting to "public". 
  function balanceOf(address who) constant returns (uint256);
  ^---------------------------------------------------------^
/sb/0x68623fdf159dbdb7d1547d3050821ce57448aa47.sol:108:3: Warning: No visibility specified. Defaulting to "public". 
  function transfer(address to, uint256 value) returns (bool);
  ^----------------------------------------------------------^
/sb/0x68623fdf159dbdb7d1547d3050821ce57448aa47.sol:122:3: Warning: No visibility specified. Defaulting to "public". 
  function transfer(address _to, uint256 _value) returns (bool) {
  ^ (Relevant source part starts here and spans across multiple lines).
/sb/0x68623fdf159dbdb7d1547d3050821ce57448aa47.sol:134:3: Warning: No visibility specified. Defaulting to "public". 
  function balanceOf(address _owner) constant returns (uint256 balance) {
  ^ (Relevant source part starts here and spans across multiple lines).
/sb/0x68623fdf159dbdb7d1547d3050821ce57448aa47.sol:141:3: Warning: No visibility specified. Defaulting to "public". 
  function allowance(address owner, address spender) constant returns (uint256);
  ^----------------------------------------------------------------------------^
/sb/0x68623fdf159dbdb7d1547d3050821ce57448aa47.sol:142:3: Warning: No visibility specified. Defaulting to "public". 
  function transferFrom(address from, address to, uint256 value) returns (bool);
  ^----------------------------------------------------------------------------^
/sb/0x68623fdf159dbdb7d1547d3050821ce57448aa47.sol:143:3: Warning: No visibility specified. Defaulting to "public". 
  function approve(address spender, uint256 value) returns (bool);
  ^--------------------------------------------------------------^
/sb/0x68623fdf159dbdb7d1547d3050821ce57448aa47.sol:158:3: Warning: No visibility specified. Defaulting to "public". 
  function transferFrom(address _from, address _to, uint256 _value) returns (bool) {
  ^ (Relevant source part starts here and spans across multiple lines).
/sb/0x68623fdf159dbdb7d1547d3050821ce57448aa47.sol:176:3: Warning: No visibility specified. Defaulting to "public". 
  function approve(address _spender, uint256 _value) returns (bool) {
  ^ (Relevant source part starts here and spans across multiple lines).
/sb/0x68623fdf159dbdb7d1547d3050821ce57448aa47.sol:195:3: Warning: No visibility specified. Defaulting to "public". 
  function allowance(address _owner, address _spender) constant returns (uint256 remaining) {
  ^ (Relevant source part starts here and spans across multiple lines).
/sb/0x68623fdf159dbdb7d1547d3050821ce57448aa47.sol:227:2: Warning: No visibility specified. Defaulting to "public". 
	function CATContract(address _catPaymentCollector, string _contractName) {
 ^ (Relevant source part starts here and spans across multiple lines).
/sb/0x68623fdf159dbdb7d1547d3050821ce57448aa47.sol:268:2: Warning: No visibility specified. Defaulting to "public". 
	function CATServicePaymentCollector(address _CAT) {
 ^ (Relevant source part starts here and spans across multiple lines).
/sb/0x68623fdf159dbdb7d1547d3050821ce57448aa47.sol:344:5: Warning: No visibility specified. Defaulting to "public". 
    function SecurityDeposit(address _catPaymentCollector) CATContract(_catPaymentCollector, "Security Deposit") {}
    ^-------------------------------------------------------------------------------------------------------------^
/sb/0x68623fdf159dbdb7d1547d3050821ce57448aa47.sol:4:3: Warning: Function state mutability can be restricted to pure
  function mul(uint256 a, uint256 b) internal constant returns (uint256) {
  ^ (Relevant source part starts here and spans across multiple lines).
/sb/0x68623fdf159dbdb7d1547d3050821ce57448aa47.sol:10:3: Warning: Function state mutability can be restricted to pure
  function div(uint256 a, uint256 b) internal constant returns (uint256) {
  ^ (Relevant source part starts here and spans across multiple lines).
/sb/0x68623fdf159dbdb7d1547d3050821ce57448aa47.sol:17:3: Warning: Function state mutability can be restricted to pure
  function sub(uint256 a, uint256 b) internal constant returns (uint256) {
  ^ (Relevant source part starts here and spans across multiple lines).
/sb/0x68623fdf159dbdb7d1547d3050821ce57448aa47.sol:22:3: Warning: Function state mutability can be restricted to pure
  function add(uint256 a, uint256 b) internal constant returns (uint256) {
  ^ (Relevant source part starts here and spans across multiple lines).

INFO:Detectors:[93m
CATContract.withdrawCAT (/sb/0x68623fdf159dbdb7d1547d3050821ce57448aa47.sol#253-258) does not use the value returned by external calls:
	-CAT.transfer(owner,ourTokens) (/sb/0x68623fdf159dbdb7d1547d3050821ce57448aa47.sol#257-258)
CATServicePaymentCollector.collectPayment (/sb/0x68623fdf159dbdb7d1547d3050821ce57448aa47.sol#291-302) does not use the value returned by external calls:
	-CAT.transferFrom(_fromWho,paymentDestination,_payment) (/sb/0x68623fdf159dbdb7d1547d3050821ce57448aa47.sol#298-301)
CATServicePaymentCollector.withdrawCAT (/sb/0x68623fdf159dbdb7d1547d3050821ce57448aa47.sol#311-313) does not use the value returned by external calls:
	-CAT.transfer(owner,ourTokens) (/sb/0x68623fdf159dbdb7d1547d3050821ce57448aa47.sol#313)
Reference: https://github.com/trailofbits/slither/wiki/Detectors-Documentation#unused-return[0m
INFO:Detectors:[92m
CATContract.versionIdent should be constant (/sb/0x68623fdf159dbdb7d1547d3050821ce57448aa47.sol#213-214)
ERC20Basic.totalSupply should be constant (/sb/0x68623fdf159dbdb7d1547d3050821ce57448aa47.sol#108)
Reference: https://github.com/trailofbits/slither/wiki/Detectors-Documentation#state-variables-that-could-be-declared-constant[0m
INFO:Detectors:[92m
Ownable.transferOwnership (/sb/0x68623fdf159dbdb7d1547d3050821ce57448aa47.sol#55-65) should be declared external
Pausable.pause (/sb/0x68623fdf159dbdb7d1547d3050821ce57448aa47.sol#91-98) should be declared external
Pausable.unpause (/sb/0x68623fdf159dbdb7d1547d3050821ce57448aa47.sol#101-107) should be declared external
ERC20Basic.balanceOf (/sb/0x68623fdf159dbdb7d1547d3050821ce57448aa47.sol#108-109) should be declared external
BasicToken.balanceOf (/sb/0x68623fdf159dbdb7d1547d3050821ce57448aa47.sol#140-142) should be declared external
ERC20Basic.transfer (/sb/0x68623fdf159dbdb7d1547d3050821ce57448aa47.sol#109-112) should be declared external
BasicToken.transfer (/sb/0x68623fdf159dbdb7d1547d3050821ce57448aa47.sol#123-132) should be declared external
ERC20.allowance (/sb/0x68623fdf159dbdb7d1547d3050821ce57448aa47.sol#142-143) should be declared external
StandardToken.allowance (/sb/0x68623fdf159dbdb7d1547d3050821ce57448aa47.sol#202-204) should be declared external
ERC20.transferFrom (/sb/0x68623fdf159dbdb7d1547d3050821ce57448aa47.sol#143-144) should be declared external
StandardToken.transferFrom (/sb/0x68623fdf159dbdb7d1547d3050821ce57448aa47.sol#161-173) should be declared external
ERC20.approve (/sb/0x68623fdf159dbdb7d1547d3050821ce57448aa47.sol#144-149) should be declared external
StandardToken.approve (/sb/0x68623fdf159dbdb7d1547d3050821ce57448aa47.sol#179-192) should be declared external
CATServicePaymentCollector.enableService (/sb/0x68623fdf159dbdb7d1547d3050821ce57448aa47.sol#283-286) should be declared external
CATServicePaymentCollector.disableService (/sb/0x68623fdf159dbdb7d1547d3050821ce57448aa47.sol#286-291) should be declared external
CATServicePaymentCollector.collectPayment (/sb/0x68623fdf159dbdb7d1547d3050821ce57448aa47.sol#291-302) should be declared external
Reference: https://github.com/trailofbits/slither/wiki/Detectors-Documentation#public-function-that-could-be-declared-as-external[0m
INFO:Detectors:[92m
Detected issues with version pragma in /sb/0x68623fdf159dbdb7d1547d3050821ce57448aa47.sol:
	- pragma solidity^0.4.13 (/sb/0x68623fdf159dbdb7d1547d3050821ce57448aa47.sol#1): it allows old versions
Reference: https://github.com/trailofbits/slither/wiki/Detectors-Documentation#incorrect-version-of-solidity[0m
INFO:Detectors:[92m
Function 'Ownable.Ownable' (/sb/0x68623fdf159dbdb7d1547d3050821ce57448aa47.sol#38-43) is not in mixedCase
Parameter '_owner' of BasicToken.balanceOf (/sb/0x68623fdf159dbdb7d1547d3050821ce57448aa47.sol#141) is not in mixedCase
Parameter '_to' of BasicToken.transfer (/sb/0x68623fdf159dbdb7d1547d3050821ce57448aa47.sol#124) is not in mixedCase
Parameter '_value' of BasicToken.transfer (/sb/0x68623fdf159dbdb7d1547d3050821ce57448aa47.sol#124) is not in mixedCase
Parameter '_owner' of StandardToken.allowance (/sb/0x68623fdf159dbdb7d1547d3050821ce57448aa47.sol#202) is not in mixedCase
Parameter '_spender' of StandardToken.allowance (/sb/0x68623fdf159dbdb7d1547d3050821ce57448aa47.sol#202-203) is not in mixedCase
Parameter '_from' of StandardToken.transferFrom (/sb/0x68623fdf159dbdb7d1547d3050821ce57448aa47.sol#161) is not in mixedCase
Parameter '_to' of StandardToken.transferFrom (/sb/0x68623fdf159dbdb7d1547d3050821ce57448aa47.sol#161) is not in mixedCase
Parameter '_value' of StandardToken.transferFrom (/sb/0x68623fdf159dbdb7d1547d3050821ce57448aa47.sol#161) is not in mixedCase
Parameter '_spender' of StandardToken.approve (/sb/0x68623fdf159dbdb7d1547d3050821ce57448aa47.sol#179) is not in mixedCase
Parameter '_value' of StandardToken.approve (/sb/0x68623fdf159dbdb7d1547d3050821ce57448aa47.sol#179-180) is not in mixedCase
Function 'CATContract.CATContract' (/sb/0x68623fdf159dbdb7d1547d3050821ce57448aa47.sol#234-237) is not in mixedCase
Parameter '_catPaymentCollector' of CATContract.CATContract (/sb/0x68623fdf159dbdb7d1547d3050821ce57448aa47.sol#234) is not in mixedCase
Parameter '_contractName' of CATContract.CATContract (/sb/0x68623fdf159dbdb7d1547d3050821ce57448aa47.sol#234-235) is not in mixedCase
Parameter '_newFee' of CATContract.changeContractFee (/sb/0x68623fdf159dbdb7d1547d3050821ce57448aa47.sol#240) is not in mixedCase
Parameter '_newLimit' of CATContract.changeEtherTxLimit (/sb/0x68623fdf159dbdb7d1547d3050821ce57448aa47.sol#247) is not in mixedCase
Function 'CATServicePaymentCollector.CATServicePaymentCollector' (/sb/0x68623fdf159dbdb7d1547d3050821ce57448aa47.sol#278-283) is not in mixedCase
Parameter '_CAT' of CATServicePaymentCollector.CATServicePaymentCollector (/sb/0x68623fdf159dbdb7d1547d3050821ce57448aa47.sol#278-279) is not in mixedCase
Parameter '_service' of CATServicePaymentCollector.enableService (/sb/0x68623fdf159dbdb7d1547d3050821ce57448aa47.sol#283) is not in mixedCase
Parameter '_service' of CATServicePaymentCollector.disableService (/sb/0x68623fdf159dbdb7d1547d3050821ce57448aa47.sol#287) is not in mixedCase
Parameter '_fromWho' of CATServicePaymentCollector.collectPayment (/sb/0x68623fdf159dbdb7d1547d3050821ce57448aa47.sol#291-294) is not in mixedCase
Parameter '_payment' of CATServicePaymentCollector.collectPayment (/sb/0x68623fdf159dbdb7d1547d3050821ce57448aa47.sol#294) is not in mixedCase
Parameter '_newPaymentDest' of CATServicePaymentCollector.changePaymentDestination (/sb/0x68623fdf159dbdb7d1547d3050821ce57448aa47.sol#304-308) is not in mixedCase
Variable 'CATServicePaymentCollector.CAT' (/sb/0x68623fdf159dbdb7d1547d3050821ce57448aa47.sol#260-261) is not in mixedCase
Function 'SecurityDeposit.SecurityDeposit' (/sb/0x68623fdf159dbdb7d1547d3050821ce57448aa47.sol#347-349) is not in mixedCase
Parameter '_ownerNote' of SecurityDeposit.createNewSecurityDeposit (/sb/0x68623fdf159dbdb7d1547d3050821ce57448aa47.sol#350-352) is not in mixedCase
Parameter '_depositPurpose' of SecurityDeposit.createNewSecurityDeposit (/sb/0x68623fdf159dbdb7d1547d3050821ce57448aa47.sol#352-353) is not in mixedCase
Parameter '_depositAmount' of SecurityDeposit.createNewSecurityDeposit (/sb/0x68623fdf159dbdb7d1547d3050821ce57448aa47.sol#353) is not in mixedCase
Parameter '_instId' of SecurityDeposit.deposit (/sb/0x68623fdf159dbdb7d1547d3050821ce57448aa47.sol#372) is not in mixedCase
Parameter '_note' of SecurityDeposit.deposit (/sb/0x68623fdf159dbdb7d1547d3050821ce57448aa47.sol#373) is not in mixedCase
Parameter '_instId' of SecurityDeposit.claim (/sb/0x68623fdf159dbdb7d1547d3050821ce57448aa47.sol#391) is not in mixedCase
Parameter '_whoToClaim' of SecurityDeposit.claim (/sb/0x68623fdf159dbdb7d1547d3050821ce57448aa47.sol#391) is not in mixedCase
Parameter '_instId' of SecurityDeposit.refund (/sb/0x68623fdf159dbdb7d1547d3050821ce57448aa47.sol#406) is not in mixedCase
Parameter '_whoToRefund' of SecurityDeposit.refund (/sb/0x68623fdf159dbdb7d1547d3050821ce57448aa47.sol#406-407) is not in mixedCase
Parameter '_instId' of SecurityDeposit.claimFromSeveral (/sb/0x68623fdf159dbdb7d1547d3050821ce57448aa47.sol#420-421) is not in mixedCase
Parameter '_toClaim' of SecurityDeposit.claimFromSeveral (/sb/0x68623fdf159dbdb7d1547d3050821ce57448aa47.sol#421) is not in mixedCase
Parameter '_instId' of SecurityDeposit.refundFromSeveral (/sb/0x68623fdf159dbdb7d1547d3050821ce57448aa47.sol#428) is not in mixedCase
Parameter '_toRefund' of SecurityDeposit.refundFromSeveral (/sb/0x68623fdf159dbdb7d1547d3050821ce57448aa47.sol#428) is not in mixedCase
Parameter '_instId' of SecurityDeposit.claimAll (/sb/0x68623fdf159dbdb7d1547d3050821ce57448aa47.sol#434) is not in mixedCase
Parameter '_instId' of SecurityDeposit.refundAll (/sb/0x68623fdf159dbdb7d1547d3050821ce57448aa47.sol#443) is not in mixedCase
Parameter '_newLimit' of SecurityDeposit.changeDepositorLimit (/sb/0x68623fdf159dbdb7d1547d3050821ce57448aa47.sol#451) is not in mixedCase
Parameter '_instId' of SecurityDeposit.getInstanceMetadata (/sb/0x68623fdf159dbdb7d1547d3050821ce57448aa47.sol#456) is not in mixedCase
Parameter '_instId' of SecurityDeposit.getAllDepositors (/sb/0x68623fdf159dbdb7d1547d3050821ce57448aa47.sol#466) is not in mixedCase
Parameter '_instId' of SecurityDeposit.checkInfo (/sb/0x68623fdf159dbdb7d1547d3050821ce57448aa47.sol) is not in mixedCase
Parameter '_depositor' of SecurityDeposit.checkInfo (/sb/0x68623fdf159dbdb7d1547d3050821ce57448aa47.sol) is not in mixedCase
Reference: https://github.com/trailofbits/slither/wiki/Detectors-Documentation#conformance-to-solidity-naming-conventions[0m
INFO:Slither:/sb/0x68623fdf159dbdb7d1547d3050821ce57448aa47.sol analyzed (10 contracts), 66 result(s) found
