INFO:Detectors:[92m
ERC20Basic.totalSupply (/sb/0xd39724604ff5f286c40a6c75ea1ae7244d1e6e12.sol#61) should be declared external
BasicToken.totalSupply (/sb/0xd39724604ff5f286c40a6c75ea1ae7244d1e6e12.sol#84-88) should be declared external
ERC20Basic.balanceOf (/sb/0xd39724604ff5f286c40a6c75ea1ae7244d1e6e12.sol#61-62) should be declared external
BasicToken.balanceOf (/sb/0xd39724604ff5f286c40a6c75ea1ae7244d1e6e12.sol#113-117) should be declared external
ERC20Basic.transfer (/sb/0xd39724604ff5f286c40a6c75ea1ae7244d1e6e12.sol#62-63) should be declared external
BasicToken.transfer (/sb/0xd39724604ff5f286c40a6c75ea1ae7244d1e6e12.sol#92-103) should be declared external
Ownable.renounceOwnership (/sb/0xd39724604ff5f286c40a6c75ea1ae7244d1e6e12.sol#186-189) should be declared external
Ownable.transferOwnership (/sb/0xd39724604ff5f286c40a6c75ea1ae7244d1e6e12.sol#195-197) should be declared external
ERC20.allowance (/sb/0xd39724604ff5f286c40a6c75ea1ae7244d1e6e12.sol#229-232) should be declared external
StandardToken.allowance (/sb/0xd39724604ff5f286c40a6c75ea1ae7244d1e6e12.sol#309-312) should be declared external
ERC20.transferFrom (/sb/0xd39724604ff5f286c40a6c75ea1ae7244d1e6e12.sol#232-241) should be declared external
StandardToken.transferFrom (/sb/0xd39724604ff5f286c40a6c75ea1ae7244d1e6e12.sol#268-278) should be declared external
ERC20.approve (/sb/0xd39724604ff5f286c40a6c75ea1ae7244d1e6e12.sol#241-242) should be declared external
StandardToken.approve (/sb/0xd39724604ff5f286c40a6c75ea1ae7244d1e6e12.sol#292-294) should be declared external
StandardToken.increaseApproval (/sb/0xd39724604ff5f286c40a6c75ea1ae7244d1e6e12.sol#330-335) should be declared external
StandardToken.decreaseApproval (/sb/0xd39724604ff5f286c40a6c75ea1ae7244d1e6e12.sol#350-367) should be declared external
Reference: https://github.com/trailofbits/slither/wiki/Detectors-Documentation#public-function-that-could-be-declared-as-external[0m
INFO:Detectors:[92m
Parameter '_owner' of BasicToken.balanceOf (/sb/0xd39724604ff5f286c40a6c75ea1ae7244d1e6e12.sol#114-115) is not in mixedCase
Parameter '_to' of BasicToken.transfer (/sb/0xd39724604ff5f286c40a6c75ea1ae7244d1e6e12.sol#93) is not in mixedCase
Parameter '_value' of BasicToken.transfer (/sb/0xd39724604ff5f286c40a6c75ea1ae7244d1e6e12.sol#93) is not in mixedCase
Parameter '_value' of BurnableToken.burn (/sb/0xd39724604ff5f286c40a6c75ea1ae7244d1e6e12.sol#130) is not in mixedCase
Function 'BurnableToken._burn' (/sb/0xd39724604ff5f286c40a6c75ea1ae7244d1e6e12.sol#131-145) is not in mixedCase
Parameter '_who' of BurnableToken._burn (/sb/0xd39724604ff5f286c40a6c75ea1ae7244d1e6e12.sol#131) is not in mixedCase
Parameter '_value' of BurnableToken._burn (/sb/0xd39724604ff5f286c40a6c75ea1ae7244d1e6e12.sol#131-132) is not in mixedCase
Parameter '_newOwner' of Ownable.transferOwnership (/sb/0xd39724604ff5f286c40a6c75ea1ae7244d1e6e12.sol#195-196) is not in mixedCase
Function 'Ownable._transferOwnership' (/sb/0xd39724604ff5f286c40a6c75ea1ae7244d1e6e12.sol#206-211) is not in mixedCase
Parameter '_newOwner' of Ownable._transferOwnership (/sb/0xd39724604ff5f286c40a6c75ea1ae7244d1e6e12.sol#207) is not in mixedCase
Parameter '_value' of BurnableByOwnerToken.burn (/sb/0xd39724604ff5f286c40a6c75ea1ae7244d1e6e12.sol#223) is not in mixedCase
Parameter '_owner' of StandardToken.allowance (/sb/0xd39724604ff5f286c40a6c75ea1ae7244d1e6e12.sol#310) is not in mixedCase
Parameter '_spender' of StandardToken.allowance (/sb/0xd39724604ff5f286c40a6c75ea1ae7244d1e6e12.sol#310) is not in mixedCase
Parameter '_from' of StandardToken.transferFrom (/sb/0xd39724604ff5f286c40a6c75ea1ae7244d1e6e12.sol#268-269) is not in mixedCase
Parameter '_to' of StandardToken.transferFrom (/sb/0xd39724604ff5f286c40a6c75ea1ae7244d1e6e12.sol#269) is not in mixedCase
Parameter '_value' of StandardToken.transferFrom (/sb/0xd39724604ff5f286c40a6c75ea1ae7244d1e6e12.sol#269) is not in mixedCase
Parameter '_spender' of StandardToken.approve (/sb/0xd39724604ff5f286c40a6c75ea1ae7244d1e6e12.sol#292) is not in mixedCase
Parameter '_value' of StandardToken.approve (/sb/0xd39724604ff5f286c40a6c75ea1ae7244d1e6e12.sol#292) is not in mixedCase
Parameter '_spender' of StandardToken.increaseApproval (/sb/0xd39724604ff5f286c40a6c75ea1ae7244d1e6e12.sol#330) is not in mixedCase
Parameter '_addedValue' of StandardToken.increaseApproval (/sb/0xd39724604ff5f286c40a6c75ea1ae7244d1e6e12.sol#330-331) is not in mixedCase
Parameter '_spender' of StandardToken.decreaseApproval (/sb/0xd39724604ff5f286c40a6c75ea1ae7244d1e6e12.sol#351) is not in mixedCase
Parameter '_subtractedValue' of StandardToken.decreaseApproval (/sb/0xd39724604ff5f286c40a6c75ea1ae7244d1e6e12.sol#351-352) is not in mixedCase
Reference: https://github.com/trailofbits/slither/wiki/Detectors-Documentation#conformance-to-solidity-naming-conventions[0m
INFO:Slither:/sb/0xd39724604ff5f286c40a6c75ea1ae7244d1e6e12.sol analyzed (9 contracts), 38 result(s) found
