INFO:Slither:Compilation warnings/errors on /sb/0xc8e3aa7718cf72f927b845d834be0b93c66b34e1.sol:
/sb/0xc8e3aa7718cf72f927b845d834be0b93c66b34e1.sol:14:5: Warning: Defining constructors as functions with the same name as the contract is deprecated. Use "constructor(...) { ... }" instead.
    function PresaleToken(address _tokenManager, address _escrow) {
    ^ (Relevant source part starts here and spans across multiple lines).
/sb/0xc8e3aa7718cf72f927b845d834be0b93c66b34e1.sol:68:70: Warning: "throw" is deprecated in favour of "revert()", "require()" and "assert()".
    modifier onlyTokenManager()     { if(msg.sender != tokenManager) throw; _; }
                                                                     ^---^
/sb/0xc8e3aa7718cf72f927b845d834be0b93c66b34e1.sol:69:74: Warning: "throw" is deprecated in favour of "revert()", "require()" and "assert()".
    modifier onlyCrowdsaleManager() { if(msg.sender != crowdsaleManager) throw; _; }
                                                                         ^---^
/sb/0xc8e3aa7718cf72f927b845d834be0b93c66b34e1.sol:92:43: Warning: "throw" is deprecated in favour of "revert()", "require()" and "assert()".
        if(currentPhase != Phase.Running) throw;
                                          ^---^
/sb/0xc8e3aa7718cf72f927b845d834be0b93c66b34e1.sol:94:28: Warning: "throw" is deprecated in favour of "revert()", "require()" and "assert()".
        if(msg.value == 0) throw;
                           ^---^
/sb/0xc8e3aa7718cf72f927b845d834be0b93c66b34e1.sol:96:59: Warning: "throw" is deprecated in favour of "revert()", "require()" and "assert()".
        if (totalSupply + newTokens > TOKEN_SUPPLY_LIMIT) throw;
                                                          ^---^
/sb/0xc8e3aa7718cf72f927b845d834be0b93c66b34e1.sol:109:45: Warning: "throw" is deprecated in favour of "revert()", "require()" and "assert()".
        if(currentPhase != Phase.Migrating) throw;
                                            ^---^
/sb/0xc8e3aa7718cf72f927b845d834be0b93c66b34e1.sol:112:25: Warning: "throw" is deprecated in favour of "revert()", "require()" and "assert()".
        if(tokens == 0) throw;
                        ^---^
/sb/0xc8e3aa7718cf72f927b845d834be0b93c66b34e1.sol:151:29: Warning: "throw" is deprecated in favour of "revert()", "require()" and "assert()".
        if(!canSwitchPhase) throw;
                            ^---^
/sb/0xc8e3aa7718cf72f927b845d834be0b93c66b34e1.sol:162:44: Warning: "throw" is deprecated in favour of "revert()", "require()" and "assert()".
            if(!escrow.send(this.balance)) throw;
                                           ^---^
/sb/0xc8e3aa7718cf72f927b845d834be0b93c66b34e1.sol:171:45: Warning: "throw" is deprecated in favour of "revert()", "require()" and "assert()".
        if(currentPhase == Phase.Migrating) throw;
                                            ^---^
/sb/0xc8e3aa7718cf72f927b845d834be0b93c66b34e1.sol:99:9: Warning: Invoking events without "emit" prefix is deprecated.
        LogBuy(_buyer, newTokens);
        ^-----------------------^
/sb/0xc8e3aa7718cf72f927b845d834be0b93c66b34e1.sol:115:9: Warning: Invoking events without "emit" prefix is deprecated.
        LogBurn(_owner, tokens);
        ^---------------------^
/sb/0xc8e3aa7718cf72f927b845d834be0b93c66b34e1.sol:120:13: Warning: Invoking events without "emit" prefix is deprecated.
            LogPhaseSwitch(Phase.Migrated);
            ^----------------------------^
/sb/0xc8e3aa7718cf72f927b845d834be0b93c66b34e1.sol:153:9: Warning: Invoking events without "emit" prefix is deprecated.
        LogPhaseSwitch(_nextPhase);
        ^------------------------^
/sb/0xc8e3aa7718cf72f927b845d834be0b93c66b34e1.sol:161:12: Warning: Using contract member "balance" inherited from the address type is deprecated. Convert the contract to "address" type to access the member, for example use "address(contract).balance" instead.
        if(this.balance > 0) {
           ^----------^
/sb/0xc8e3aa7718cf72f927b845d834be0b93c66b34e1.sol:162:29: Warning: Using contract member "balance" inherited from the address type is deprecated. Convert the contract to "address" type to access the member, for example use "address(contract).balance" instead.
            if(!escrow.send(this.balance)) throw;
                            ^----------^
/sb/0xc8e3aa7718cf72f927b845d834be0b93c66b34e1.sol:14:5: Warning: No visibility specified. Defaulting to "public". 
    function PresaleToken(address _tokenManager, address _escrow) {
    ^ (Relevant source part starts here and spans across multiple lines).
/sb/0xc8e3aa7718cf72f927b845d834be0b93c66b34e1.sol:85:5: Warning: No visibility specified. Defaulting to "public". 
    function() payable {
    ^ (Relevant source part starts here and spans across multiple lines).
/sb/0xc8e3aa7718cf72f927b845d834be0b93c66b34e1.sol:127:5: Warning: No visibility specified. Defaulting to "public". 
    function balanceOf(address _owner) constant returns (uint256) {
    ^ (Relevant source part starts here and spans across multiple lines).

INFO:Detectors:[92m
Deprecated standard detected @ /sb/0xc8e3aa7718cf72f927b845d834be0b93c66b34e1.sol#96:
	- Usage of "throw" should be replaced with "revert()"
Deprecated standard detected @ /sb/0xc8e3aa7718cf72f927b845d834be0b93c66b34e1.sol#96:
	- Usage of "throw" should be replaced with "revert()"
Deprecated standard detected @ /sb/0xc8e3aa7718cf72f927b845d834be0b93c66b34e1.sol#99:
	- Usage of "throw" should be replaced with "revert()"
Deprecated standard detected @ /sb/0xc8e3aa7718cf72f927b845d834be0b93c66b34e1.sol#114:
	- Usage of "throw" should be replaced with "revert()"
Deprecated standard detected @ /sb/0xc8e3aa7718cf72f927b845d834be0b93c66b34e1.sol#117:
	- Usage of "throw" should be replaced with "revert()"
Deprecated standard detected @ /sb/0xc8e3aa7718cf72f927b845d834be0b93c66b34e1.sol#159-160:
	- Usage of "throw" should be replaced with "revert()"
Deprecated standard detected @ /sb/0xc8e3aa7718cf72f927b845d834be0b93c66b34e1.sol#170:
	- Usage of "throw" should be replaced with "revert()"
Deprecated standard detected @ /sb/0xc8e3aa7718cf72f927b845d834be0b93c66b34e1.sol:
	- Usage of "throw" should be replaced with "revert()"
Deprecated standard detected @ /sb/0xc8e3aa7718cf72f927b845d834be0b93c66b34e1.sol#69:
	- Usage of "throw" should be replaced with "revert()"
Deprecated standard detected @ /sb/0xc8e3aa7718cf72f927b845d834be0b93c66b34e1.sol#76:
	- Usage of "throw" should be replaced with "revert()"
Reference: https://github.com/trailofbits/slither/wiki/Detectors-Documentation#deprecated-standards[0m
INFO:Detectors:[92m
PresaleToken.fallback (/sb/0xc8e3aa7718cf72f927b845d834be0b93c66b34e1.sol#89-90) should be declared external
PresaleToken.burnTokens (/sb/0xc8e3aa7718cf72f927b845d834be0b93c66b34e1.sol#108-127) should be declared external
PresaleToken.balanceOf (/sb/0xc8e3aa7718cf72f927b845d834be0b93c66b34e1.sol#133-137) should be declared external
PresaleToken.setPresalePhase (/sb/0xc8e3aa7718cf72f927b845d834be0b93c66b34e1.sol#140-162) should be declared external
PresaleToken.withdrawEther (/sb/0xc8e3aa7718cf72f927b845d834be0b93c66b34e1.sol#162-170) should be declared external
PresaleToken.setCrowdsaleManager (/sb/0xc8e3aa7718cf72f927b845d834be0b93c66b34e1.sol#171-174) should be declared external
Reference: https://github.com/trailofbits/slither/wiki/Detectors-Documentation#public-function-that-could-be-declared-as-external[0m
INFO:Detectors:[92m
Detected issues with version pragma in /sb/0xc8e3aa7718cf72f927b845d834be0b93c66b34e1.sol:
	- pragma solidity^0.4.4 (/sb/0xc8e3aa7718cf72f927b845d834be0b93c66b34e1.sol#1): it allows old versions
Reference: https://github.com/trailofbits/slither/wiki/Detectors-Documentation#incorrect-version-of-solidity[0m
INFO:Detectors:[92m
Function 'PresaleToken.PresaleToken' (/sb/0xc8e3aa7718cf72f927b845d834be0b93c66b34e1.sol#14-21) is not in mixedCase
Parameter '_tokenManager' of PresaleToken.PresaleToken (/sb/0xc8e3aa7718cf72f927b845d834be0b93c66b34e1.sol#14) is not in mixedCase
Parameter '_escrow' of PresaleToken.PresaleToken (/sb/0xc8e3aa7718cf72f927b845d834be0b93c66b34e1.sol#14-15) is not in mixedCase
Parameter '_buyer' of PresaleToken.buyTokens (/sb/0xc8e3aa7718cf72f927b845d834be0b93c66b34e1.sol#92) is not in mixedCase
Parameter '_owner' of PresaleToken.burnTokens (/sb/0xc8e3aa7718cf72f927b845d834be0b93c66b34e1.sol#108-109) is not in mixedCase
Parameter '_owner' of PresaleToken.balanceOf (/sb/0xc8e3aa7718cf72f927b845d834be0b93c66b34e1.sol#134-136) is not in mixedCase
Parameter '_nextPhase' of PresaleToken.setPresalePhase (/sb/0xc8e3aa7718cf72f927b845d834be0b93c66b34e1.sol#140) is not in mixedCase
Parameter '_mgr' of PresaleToken.setCrowdsaleManager (/sb/0xc8e3aa7718cf72f927b845d834be0b93c66b34e1.sol#171) is not in mixedCase
Reference: https://github.com/trailofbits/slither/wiki/Detectors-Documentation#conformance-to-solidity-naming-conventions[0m
INFO:Slither:/sb/0xc8e3aa7718cf72f927b845d834be0b93c66b34e1.sol analyzed (1 contracts), 25 result(s) found
