INFO:Slither:Compilation warnings/errors on /sb/0xfff18893bc6c430741b3c5ad483391a5e21220bb.sol:
/sb/0xfff18893bc6c430741b3c5ad483391a5e21220bb.sol:194:3: Warning: Defining constructors as functions with the same name as the contract is deprecated. Use "constructor(...) { ... }" instead.
  function Ownable() {
  ^ (Relevant source part starts here and spans across multiple lines).
/sb/0xfff18893bc6c430741b3c5ad483391a5e21220bb.sol:306:5: Warning: Defining constructors as functions with the same name as the contract is deprecated. Use "constructor(...) { ... }" instead.
    function SaleToken() {
    ^ (Relevant source part starts here and spans across multiple lines).
/sb/0xfff18893bc6c430741b3c5ad483391a5e21220bb.sol:82:5: Warning: Invoking events without "emit" prefix is deprecated.
    Transfer(msg.sender, _to, _value);
    ^-------------------------------^
/sb/0xfff18893bc6c430741b3c5ad483391a5e21220bb.sol:123:5: Warning: Invoking events without "emit" prefix is deprecated.
    Transfer(_from, _to, _value);
    ^--------------------------^
/sb/0xfff18893bc6c430741b3c5ad483391a5e21220bb.sol:139:5: Warning: Invoking events without "emit" prefix is deprecated.
    Approval(msg.sender, _spender, _value);
    ^------------------------------------^
/sb/0xfff18893bc6c430741b3c5ad483391a5e21220bb.sol:161:5: Warning: Invoking events without "emit" prefix is deprecated.
    Approval(msg.sender, _spender, allowed[msg.sender][_spender]);
    ^-----------------------------------------------------------^
/sb/0xfff18893bc6c430741b3c5ad483391a5e21220bb.sol:172:5: Warning: Invoking events without "emit" prefix is deprecated.
    Approval(msg.sender, _spender, allowed[msg.sender][_spender]);
    ^-----------------------------------------------------------^
/sb/0xfff18893bc6c430741b3c5ad483391a5e21220bb.sol:214:5: Warning: Invoking events without "emit" prefix is deprecated.
    OwnershipTransferred(owner, newOwner);
    ^-----------------------------------^
/sb/0xfff18893bc6c430741b3c5ad483391a5e21220bb.sol:248:5: Warning: Invoking events without "emit" prefix is deprecated.
    Mint(_to, _amount);
    ^----------------^
/sb/0xfff18893bc6c430741b3c5ad483391a5e21220bb.sol:249:5: Warning: Invoking events without "emit" prefix is deprecated.
    Transfer(address(0), _to, _amount);
    ^--------------------------------^
/sb/0xfff18893bc6c430741b3c5ad483391a5e21220bb.sol:259:5: Warning: Invoking events without "emit" prefix is deprecated.
    MintFinished();
    ^------------^
/sb/0xfff18893bc6c430741b3c5ad483391a5e21220bb.sol:285:9: Warning: Invoking events without "emit" prefix is deprecated.
        Burn(burner, _value);
        ^------------------^
/sb/0xfff18893bc6c430741b3c5ad483391a5e21220bb.sol:331:9: Warning: Invoking events without "emit" prefix is deprecated.
        Payment(etherGive, tokenGet);
        ^--------------------------^
/sb/0xfff18893bc6c430741b3c5ad483391a5e21220bb.sol:194:3: Warning: No visibility specified. Defaulting to "public". 
  function Ownable() {
  ^ (Relevant source part starts here and spans across multiple lines).
/sb/0xfff18893bc6c430741b3c5ad483391a5e21220bb.sol:301:5: Warning: No visibility specified. Defaulting to "public". 
    function setPrice(uint256 newPrice) onlyOwner {
    ^ (Relevant source part starts here and spans across multiple lines).
/sb/0xfff18893bc6c430741b3c5ad483391a5e21220bb.sol:306:5: Warning: No visibility specified. Defaulting to "public". 
    function SaleToken() {
    ^ (Relevant source part starts here and spans across multiple lines).
/sb/0xfff18893bc6c430741b3c5ad483391a5e21220bb.sol:316:5: Warning: No visibility specified. Defaulting to "public". 
    function() payable {
    ^ (Relevant source part starts here and spans across multiple lines).
/sb/0xfff18893bc6c430741b3c5ad483391a5e21220bb.sol:320:5: Warning: No visibility specified. Defaulting to "public". 
    function buyTo(address _to) payable {
    ^ (Relevant source part starts here and spans across multiple lines).
/sb/0xfff18893bc6c430741b3c5ad483391a5e21220bb.sol:9:3: Warning: Function state mutability can be restricted to pure
  function mul(uint256 a, uint256 b) internal constant returns (uint256) {
  ^ (Relevant source part starts here and spans across multiple lines).
/sb/0xfff18893bc6c430741b3c5ad483391a5e21220bb.sol:18:3: Warning: Function state mutability can be restricted to pure
  function div(uint256 a, uint256 b) internal constant returns (uint256) {
  ^ (Relevant source part starts here and spans across multiple lines).
/sb/0xfff18893bc6c430741b3c5ad483391a5e21220bb.sol:25:3: Warning: Function state mutability can be restricted to pure
  function sub(uint256 a, uint256 b) internal constant returns (uint256) {
  ^ (Relevant source part starts here and spans across multiple lines).
/sb/0xfff18893bc6c430741b3c5ad483391a5e21220bb.sol:30:3: Warning: Function state mutability can be restricted to pure
  function add(uint256 a, uint256 b) internal constant returns (uint256) {
  ^ (Relevant source part starts here and spans across multiple lines).

INFO:Detectors:[93m
SaleToken.totalSupply (/sb/0xfff18893bc6c430741b3c5ad483391a5e21220bb.sol#309-314) shadows:
	- ERC20Basic.totalSupply (/sb/0xfff18893bc6c430741b3c5ad483391a5e21220bb.sol#45)
Reference: https://github.com/trailofbits/slither/wiki/Detectors-Documentation#state-variable-shadowing-from-abstract-contracts[0m
INFO:Detectors:[92m
SaleToken.totalSupply should be constant (/sb/0xfff18893bc6c430741b3c5ad483391a5e21220bb.sol#309-314)
Reference: https://github.com/trailofbits/slither/wiki/Detectors-Documentation#state-variables-that-could-be-declared-constant[0m
INFO:Detectors:[92m
ERC20Basic.balanceOf (/sb/0xfff18893bc6c430741b3c5ad483391a5e21220bb.sol#45-46) should be declared external
BasicToken.balanceOf (/sb/0xfff18893bc6c430741b3c5ad483391a5e21220bb.sol#92-100) should be declared external
BasicToken.transfer (/sb/0xfff18893bc6c430741b3c5ad483391a5e21220bb.sol#76-88) should be declared external
ERC20Basic.transfer (/sb/0xfff18893bc6c430741b3c5ad483391a5e21220bb.sol#46-47) should be declared external
ERC20.allowance (/sb/0xfff18893bc6c430741b3c5ad483391a5e21220bb.sol#55-56) should be declared external
StandardToken.allowance (/sb/0xfff18893bc6c430741b3c5ad483391a5e21220bb.sol#154-155) should be declared external
ERC20.transferFrom (/sb/0xfff18893bc6c430741b3c5ad483391a5e21220bb.sol#56-57) should be declared external
StandardToken.transferFrom (/sb/0xfff18893bc6c430741b3c5ad483391a5e21220bb.sol#116-130) should be declared external
StandardToken.approve (/sb/0xfff18893bc6c430741b3c5ad483391a5e21220bb.sol#139-145) should be declared external
ERC20.approve (/sb/0xfff18893bc6c430741b3c5ad483391a5e21220bb.sol#57-58) should be declared external
StandardToken.increaseApproval (/sb/0xfff18893bc6c430741b3c5ad483391a5e21220bb.sol#160-167) should be declared external
StandardToken.decreaseApproval (/sb/0xfff18893bc6c430741b3c5ad483391a5e21220bb.sol#167-181) should be declared external
Ownable.transferOwnership (/sb/0xfff18893bc6c430741b3c5ad483391a5e21220bb.sol#222-224) should be declared external
MintableToken.mint (/sb/0xfff18893bc6c430741b3c5ad483391a5e21220bb.sol#250-262) should be declared external
MintableToken.finishMinting (/sb/0xfff18893bc6c430741b3c5ad483391a5e21220bb.sol#268-274) should be declared external
BurnableToken.burn (/sb/0xfff18893bc6c430741b3c5ad483391a5e21220bb.sol#280-296) should be declared external
SaleToken.setPrice (/sb/0xfff18893bc6c430741b3c5ad483391a5e21220bb.sol#314-316) should be declared external
SaleToken.fallback (/sb/0xfff18893bc6c430741b3c5ad483391a5e21220bb.sol#328-329) should be declared external
Reference: https://github.com/trailofbits/slither/wiki/Detectors-Documentation#public-function-that-could-be-declared-as-external[0m
INFO:Detectors:[92m
Detected issues with version pragma in /sb/0xfff18893bc6c430741b3c5ad483391a5e21220bb.sol:
	- pragma solidity^0.4.13 (/sb/0xfff18893bc6c430741b3c5ad483391a5e21220bb.sol#1): it allows old versions
Reference: https://github.com/trailofbits/slither/wiki/Detectors-Documentation#incorrect-version-of-solidity[0m
INFO:Detectors:[92m
Parameter '_owner' of BasicToken.balanceOf (/sb/0xfff18893bc6c430741b3c5ad483391a5e21220bb.sol#93-98) is not in mixedCase
Parameter '_to' of BasicToken.transfer (/sb/0xfff18893bc6c430741b3c5ad483391a5e21220bb.sol#76-77) is not in mixedCase
Parameter '_value' of BasicToken.transfer (/sb/0xfff18893bc6c430741b3c5ad483391a5e21220bb.sol#77) is not in mixedCase
Parameter '_owner' of StandardToken.allowance (/sb/0xfff18893bc6c430741b3c5ad483391a5e21220bb.sol#154) is not in mixedCase
Parameter '_spender' of StandardToken.allowance (/sb/0xfff18893bc6c430741b3c5ad483391a5e21220bb.sol#154) is not in mixedCase
Parameter '_from' of StandardToken.transferFrom (/sb/0xfff18893bc6c430741b3c5ad483391a5e21220bb.sol#117) is not in mixedCase
Parameter '_to' of StandardToken.transferFrom (/sb/0xfff18893bc6c430741b3c5ad483391a5e21220bb.sol#117-118) is not in mixedCase
Parameter '_value' of StandardToken.transferFrom (/sb/0xfff18893bc6c430741b3c5ad483391a5e21220bb.sol#118) is not in mixedCase
Parameter '_spender' of StandardToken.approve (/sb/0xfff18893bc6c430741b3c5ad483391a5e21220bb.sol#139-140) is not in mixedCase
Parameter '_value' of StandardToken.approve (/sb/0xfff18893bc6c430741b3c5ad483391a5e21220bb.sol#140-143) is not in mixedCase
Parameter '_spender' of StandardToken.increaseApproval (/sb/0xfff18893bc6c430741b3c5ad483391a5e21220bb.sol#161) is not in mixedCase
Parameter '_addedValue' of StandardToken.increaseApproval (/sb/0xfff18893bc6c430741b3c5ad483391a5e21220bb.sol#161) is not in mixedCase
Parameter '_spender' of StandardToken.decreaseApproval (/sb/0xfff18893bc6c430741b3c5ad483391a5e21220bb.sol#168) is not in mixedCase
Parameter '_subtractedValue' of StandardToken.decreaseApproval (/sb/0xfff18893bc6c430741b3c5ad483391a5e21220bb.sol#168) is not in mixedCase
Function 'Ownable.Ownable' (/sb/0xfff18893bc6c430741b3c5ad483391a5e21220bb.sol#205-209) is not in mixedCase
Parameter '_to' of MintableToken.mint (/sb/0xfff18893bc6c430741b3c5ad483391a5e21220bb.sol#250-253) is not in mixedCase
Parameter '_amount' of MintableToken.mint (/sb/0xfff18893bc6c430741b3c5ad483391a5e21220bb.sol#254) is not in mixedCase
Parameter '_value' of BurnableToken.burn (/sb/0xfff18893bc6c430741b3c5ad483391a5e21220bb.sol#280-282) is not in mixedCase
Function 'SaleToken.SaleToken' (/sb/0xfff18893bc6c430741b3c5ad483391a5e21220bb.sol#317-322) is not in mixedCase
Parameter '_to' of SaleToken.buyTo (/sb/0xfff18893bc6c430741b3c5ad483391a5e21220bb.sol#331) is not in mixedCase
Constant 'SaleToken.level' (/sb/0xfff18893bc6c430741b3c5ad483391a5e21220bb.sol#307-308) is not in UPPER_CASE_WITH_UNDERSCORES
Reference: https://github.com/trailofbits/slither/wiki/Detectors-Documentation#conformance-to-solidity-naming-conventions[0m
INFO:Slither:/sb/0xfff18893bc6c430741b3c5ad483391a5e21220bb.sol analyzed (9 contracts), 42 result(s) found
