INFO:Slither:Compilation warnings/errors on /sb/0x01fa555c97d7958fa6f771f3bbd5ccd508f81e22.sol:
/sb/0x01fa555c97d7958fa6f771f3bbd5ccd508f81e22.sol:379:3: Warning: Defining constructors as functions with the same name as the contract is deprecated. Use "constructor(...) { ... }" instead.
  function ACL() Ownable() public {
  ^ (Relevant source part starts here and spans across multiple lines).
/sb/0x01fa555c97d7958fa6f771f3bbd5ccd508f81e22.sol:542:3: Warning: Defining constructors as functions with the same name as the contract is deprecated. Use "constructor(...) { ... }" instead.
  function Newsroom(string newsroomName, string charterUri, bytes32 charterHash) ACL() public {
  ^ (Relevant source part starts here and spans across multiple lines).
/sb/0x01fa555c97d7958fa6f771f3bbd5ccd508f81e22.sol:790:3: Warning: Defining constructors as functions with the same name as the contract is deprecated. Use "constructor(...) { ... }" instead.
  function NewsroomFactory(address multisigFactoryAddr) public {
  ^ (Relevant source part starts here and spans across multiple lines).
/sb/0x01fa555c97d7958fa6f771f3bbd5ccd508f81e22.sol:352:3: Warning: Functions in interfaces should be declared external.
  function create(address[] _owners, uint _required) public returns (address wallet);
  ^---------------------------------------------------------------------------------^
/sb/0x01fa555c97d7958fa6f771f3bbd5ccd508f81e22.sol:711:31: Warning: This function only accepts a single "bytes" argument. Please use "abi.encodePacked(...)" or a similar function to encode the data.
      bytes32 hashedMessage = keccak256(
                              ^ (Relevant source part starts here and spans across multiple lines).
/sb/0x01fa555c97d7958fa6f771f3bbd5ccd508f81e22.sol:181:29: Warning: Unused function parameter. Remove or comment out the variable name to silence this warning.
  function checkProofOfUse (address operator) public {
                            ^--------------^
/sb/0x01fa555c97d7958fa6f771f3bbd5ccd508f81e22.sol:851:65: Warning: Unused function parameter. Remove or comment out the variable name to silence this warning.
  function detectTransferRestriction (address from, address to, uint value)
                                                                ^--------^
/sb/0x01fa555c97d7958fa6f771f3bbd5ccd508f81e22.sol:896:48: Warning: Unused function parameter. Remove or comment out the variable name to silence this warning.
  function onRequestVotingRights(address user, uint tokenAmount) external {
                                               ^--------------^
/sb/0x01fa555c97d7958fa6f771f3bbd5ccd508f81e22.sol:181:3: Warning: Function state mutability can be restricted to pure
  function checkProofOfUse (address operator) public {
  ^ (Relevant source part starts here and spans across multiple lines).

INFO:Detectors:[93m
ECRecovery.recover (/sb/0x01fa555c97d7958fa6f771f3bbd5ccd508f81e22.sol#450-491) is declared view but contains assembly code
Reference: https://github.com/trailofbits/slither/wiki/Detectors-Documentation#constant-functions-changing-the-state[0m
INFO:Detectors:[93m
CivilTokenController.constructor (/sb/0x01fa555c97d7958fa6f771f3bbd5ccd508f81e22.sol#864-874) does not use the value returned by external calls:
	-messagesAndCodes.addMessage(SUCCESS_CODE,SUCCESS_MESSAGE) (/sb/0x01fa555c97d7958fa6f771f3bbd5ccd508f81e22.sol#864-865)
	-messagesAndCodes.addMessage(MUST_BE_A_CIVILIAN_CODE,MUST_BE_A_CIVILIAN_ERROR) (/sb/0x01fa555c97d7958fa6f771f3bbd5ccd508f81e22.sol#866-868)
	-messagesAndCodes.addMessage(MUST_BE_UNLOCKED_CODE,MUST_BE_UNLOCKED_ERROR) (/sb/0x01fa555c97d7958fa6f771f3bbd5ccd508f81e22.sol#868-870)
	-messagesAndCodes.addMessage(MUST_BE_VERIFIED_CODE,MUST_BE_VERIFIED_ERROR) (/sb/0x01fa555c97d7958fa6f771f3bbd5ccd508f81e22.sol#870-873)
Reference: https://github.com/trailofbits/slither/wiki/Detectors-Documentation#unused-return[0m
INFO:Detectors:[92m
ERC20Detailed.constructor.name (local variable @ /sb/0x01fa555c97d7958fa6f771f3bbd5ccd508f81e22.sol#1228) shadows:
	- ERC20Detailed.name (function @ /sb/0x01fa555c97d7958fa6f771f3bbd5ccd508f81e22.sol#1236-1237)
ERC20Detailed.constructor.symbol (local variable @ /sb/0x01fa555c97d7958fa6f771f3bbd5ccd508f81e22.sol#1228) shadows:
	- ERC20Detailed.symbol (function @ /sb/0x01fa555c97d7958fa6f771f3bbd5ccd508f81e22.sol#1239-1242)
ERC20Detailed.constructor.decimals (local variable @ /sb/0x01fa555c97d7958fa6f771f3bbd5ccd508f81e22.sol#1228) shadows:
	- ERC20Detailed.decimals (function @ /sb/0x01fa555c97d7958fa6f771f3bbd5ccd508f81e22.sol#1242-1246)
Reference: https://github.com/trailofbits/slither/wiki/Detectors-Documentation#local-variable-shadowing[0m
INFO:Detectors:[92m
Reentrancy in NewsroomFactory.create (/sb/0x01fa555c97d7958fa6f771f3bbd5ccd508f81e22.sol#827-838):
	External calls:
	- wallet = multisigFactory.create(initialOwners,initialRequired) (/sb/0x01fa555c97d7958fa6f771f3bbd5ccd508f81e22.sol#832-834)
	- newsroom.addEditor(msg.sender) (/sb/0x01fa555c97d7958fa6f771f3bbd5ccd508f81e22.sol#835-837)
	- newsroom.transferOwnership(wallet) (/sb/0x01fa555c97d7958fa6f771f3bbd5ccd508f81e22.sol#837)
	State variables written after the call(s):
	- instantiations (/sb/0x01fa555c97d7958fa6f771f3bbd5ccd508f81e22.sol#838)
	- isInstantiation (/sb/0x01fa555c97d7958fa6f771f3bbd5ccd508f81e22.sol#838)
	- multisigNewsrooms (/sb/0x01fa555c97d7958fa6f771f3bbd5ccd508f81e22.sol#838)
Reference: https://github.com/trailofbits/slither/wiki/Detectors-Documentation#reentrancy-vulnerabilities-2[0m
INFO:Detectors:[92m
ECRecovery.recover uses assembly (/sb/0x01fa555c97d7958fa6f771f3bbd5ccd508f81e22.sol#450-491)
	- /sb/0x01fa555c97d7958fa6f771f3bbd5ccd508f81e22.sol#467-478
Reference: https://github.com/trailofbits/slither/wiki/Detectors-Documentation#assembly-usage[0m
INFO:Detectors:[92m
Different versions of Solidity is used in /sb/0x01fa555c97d7958fa6f771f3bbd5ccd508f81e22.sol:
	- Version used: ['^0.4.19', '^0.4.23', '^0.4.24']
	- /sb/0x01fa555c97d7958fa6f771f3bbd5ccd508f81e22.sol#3-5 declares pragma solidity^0.4.24
	- /sb/0x01fa555c97d7958fa6f771f3bbd5ccd508f81e22.sol#74 declares pragma solidity^0.4.24
	- /sb/0x01fa555c97d7958fa6f771f3bbd5ccd508f81e22.sol#112 declares pragma solidity^0.4.24
	- /sb/0x01fa555c97d7958fa6f771f3bbd5ccd508f81e22.sol#194 declares pragma solidity^0.4.24
	- /sb/0x01fa555c97d7958fa6f771f3bbd5ccd508f81e22.sol#213-214 declares pragma solidity^0.4.24
	- /sb/0x01fa555c97d7958fa6f771f3bbd5ccd508f81e22.sol#320-322 declares pragma solidity^0.4.19
	- /sb/0x01fa555c97d7958fa6f771f3bbd5ccd508f81e22.sol#363 declares pragma solidity^0.4.19
	- /sb/0x01fa555c97d7958fa6f771f3bbd5ccd508f81e22.sol#365 declares pragma solidity^0.4.19
	- /sb/0x01fa555c97d7958fa6f771f3bbd5ccd508f81e22.sol#430 declares pragma solidity^0.4.24
	- /sb/0x01fa555c97d7958fa6f771f3bbd5ccd508f81e22.sol#504 declares pragma solidity^0.4.19
	- /sb/0x01fa555c97d7958fa6f771f3bbd5ccd508f81e22.sol#795-796 declares pragma solidity^0.4.19
	- /sb/0x01fa555c97d7958fa6f771f3bbd5ccd508f81e22.sol#841 declares pragma solidity^0.4.23
	- /sb/0x01fa555c97d7958fa6f771f3bbd5ccd508f81e22.sol#845 declares pragma solidity^0.4.24
	- /sb/0x01fa555c97d7958fa6f771f3bbd5ccd508f81e22.sol#934 declares pragma solidity^0.4.24
	- /sb/0x01fa555c97d7958fa6f771f3bbd5ccd508f81e22.sol#961-964 declares pragma solidity^0.4.24
	- /sb/0x01fa555c97d7958fa6f771f3bbd5ccd508f81e22.sol#1021 declares pragma solidity^0.4.24
	- /sb/0x01fa555c97d7958fa6f771f3bbd5ccd508f81e22.sol#1216-1218 declares pragma solidity^0.4.24
	- /sb/0x01fa555c97d7958fa6f771f3bbd5ccd508f81e22.sol#1248-1249 declares pragma solidity^0.4.24
Reference: https://github.com/trailofbits/slither/wiki/Detectors-Documentation#different-pragma-directives-are-used[0m
INFO:Detectors:[92m
Ownable.renounceOwnership (/sb/0x01fa555c97d7958fa6f771f3bbd5ccd508f81e22.sol#44-50) should be declared external
Ownable.transferOwnership (/sb/0x01fa555c97d7958fa6f771f3bbd5ccd508f81e22.sol#53-58) should be declared external
Managed.addManager (/sb/0x01fa555c97d7958fa6f771f3bbd5ccd508f81e22.sol#98-102) should be declared external
Managed.removeManager (/sb/0x01fa555c97d7958fa6f771f3bbd5ccd508f81e22.sol#102-111) should be declared external
ManagedWhitelist.addToCore (/sb/0x01fa555c97d7958fa6f771f3bbd5ccd508f81e22.sol#130-131) should be declared external
ManagedWhitelist.removeFromCore (/sb/0x01fa555c97d7958fa6f771f3bbd5ccd508f81e22.sol#135-136) should be declared external
ManagedWhitelist.addToCivilians (/sb/0x01fa555c97d7958fa6f771f3bbd5ccd508f81e22.sol#140-141) should be declared external
ManagedWhitelist.removeFromCivilians (/sb/0x01fa555c97d7958fa6f771f3bbd5ccd508f81e22.sol#144-145) should be declared external
ManagedWhitelist.removeFromUnlocked (/sb/0x01fa555c97d7958fa6f771f3bbd5ccd508f81e22.sol#154-156) should be declared external
ManagedWhitelist.addToVerified (/sb/0x01fa555c97d7958fa6f771f3bbd5ccd508f81e22.sol#158-159) should be declared external
ManagedWhitelist.removeFromVerified (/sb/0x01fa555c97d7958fa6f771f3bbd5ccd508f81e22.sol#163-165) should be declared external
ManagedWhitelist.addToStorefront (/sb/0x01fa555c97d7958fa6f771f3bbd5ccd508f81e22.sol#167-168) should be declared external
ManagedWhitelist.removeFromStorefront (/sb/0x01fa555c97d7958fa6f771f3bbd5ccd508f81e22.sol#172-173) should be declared external
ManagedWhitelist.addToNewsroomMultisigs (/sb/0x01fa555c97d7958fa6f771f3bbd5ccd508f81e22.sol#176-177) should be declared external
ManagedWhitelist.removeFromNewsroomMultisigs (/sb/0x01fa555c97d7958fa6f771f3bbd5ccd508f81e22.sol#181-192) should be declared external
ManagedWhitelist.checkProofOfUse (/sb/0x01fa555c97d7958fa6f771f3bbd5ccd508f81e22.sol#192) should be declared external
CVLToken.detectTransferRestriction (/sb/0x01fa555c97d7958fa6f771f3bbd5ccd508f81e22.sol) should be declared external
CivilTokenController.detectTransferRestriction (/sb/0x01fa555c97d7958fa6f771f3bbd5ccd508f81e22.sol#874-920) should be declared external
ERC1404.detectTransferRestriction (/sb/0x01fa555c97d7958fa6f771f3bbd5ccd508f81e22.sol#201-202) should be declared external
CivilTokenController.messageForTransferRestriction (/sb/0x01fa555c97d7958fa6f771f3bbd5ccd508f81e22.sol#920-924) should be declared external
ERC1404.messageForTransferRestriction (/sb/0x01fa555c97d7958fa6f771f3bbd5ccd508f81e22.sol#211-213) should be declared external
CVLToken.messageForTransferRestriction (/sb/0x01fa555c97d7958fa6f771f3bbd5ccd508f81e22.sol) should be declared external
MessagesAndCodes.autoAddMessage (/sb/0x01fa555c97d7958fa6f771f3bbd5ccd508f81e22.sol#258-274) should be declared external
MessagesAndCodes.removeMessage (/sb/0x01fa555c97d7958fa6f771f3bbd5ccd508f81e22.sol#275-297) should be declared external
MessagesAndCodes.updateMessage (/sb/0x01fa555c97d7958fa6f771f3bbd5ccd508f81e22.sol#297-317) should be declared external
Factory.getInstantiationCount (/sb/0x01fa555c97d7958fa6f771f3bbd5ccd508f81e22.sol#338-343) should be declared external
IMultiSigWalletFactory.create (/sb/0x01fa555c97d7958fa6f771f3bbd5ccd508f81e22.sol#364-365) should be declared external
Newsroom.isContentSigned (/sb/0x01fa555c97d7958fa6f771f3bbd5ccd508f81e22.sol#597-600) should be declared external
NewsroomFactory.create (/sb/0x01fa555c97d7958fa6f771f3bbd5ccd508f81e22.sol#827-838) should be declared external
ERC20.totalSupply (/sb/0x01fa555c97d7958fa6f771f3bbd5ccd508f81e22.sol#1035-1037) should be declared external
IERC20.totalSupply (/sb/0x01fa555c97d7958fa6f771f3bbd5ccd508f81e22.sol#941-942) should be declared external
ERC20.balanceOf (/sb/0x01fa555c97d7958fa6f771f3bbd5ccd508f81e22.sol#1042-1043) should be declared external
IERC20.balanceOf (/sb/0x01fa555c97d7958fa6f771f3bbd5ccd508f81e22.sol#942) should be declared external
ERC20.allowance (/sb/0x01fa555c97d7958fa6f771f3bbd5ccd508f81e22.sol#1049-1052) should be declared external
IERC20.allowance (/sb/0x01fa555c97d7958fa6f771f3bbd5ccd508f81e22.sol#943-944) should be declared external
ERC20.approve (/sb/0x01fa555c97d7958fa6f771f3bbd5ccd508f81e22.sol#1075-1079) should be declared external
IERC20.approve (/sb/0x01fa555c97d7958fa6f771f3bbd5ccd508f81e22.sol#949-955) should be declared external
ERC20.increaseAllowance (/sb/0x01fa555c97d7958fa6f771f3bbd5ccd508f81e22.sol#1103-1112) should be declared external
ERC20.decreaseAllowance (/sb/0x01fa555c97d7958fa6f771f3bbd5ccd508f81e22.sol#1124-1134) should be declared external
ERC20Detailed.name (/sb/0x01fa555c97d7958fa6f771f3bbd5ccd508f81e22.sol#1236-1237) should be declared external
ERC20Detailed.symbol (/sb/0x01fa555c97d7958fa6f771f3bbd5ccd508f81e22.sol#1239-1242) should be declared external
ERC20Detailed.decimals (/sb/0x01fa555c97d7958fa6f771f3bbd5ccd508f81e22.sol#1242-1246) should be declared external
CVLToken.changeController (/sb/0x01fa555c97d7958fa6f771f3bbd5ccd508f81e22.sol) should be declared external
Reference: https://github.com/trailofbits/slither/wiki/Detectors-Documentation#public-function-that-could-be-declared-as-external[0m
INFO:Detectors:[92m
Detected issues with version pragma in /sb/0x01fa555c97d7958fa6f771f3bbd5ccd508f81e22.sol:
	- pragma solidity^0.4.19 (/sb/0x01fa555c97d7958fa6f771f3bbd5ccd508f81e22.sol#320-322): it allows old versions
	- pragma solidity^0.4.19 (/sb/0x01fa555c97d7958fa6f771f3bbd5ccd508f81e22.sol#363): it allows old versions
	- pragma solidity^0.4.19 (/sb/0x01fa555c97d7958fa6f771f3bbd5ccd508f81e22.sol#365): it allows old versions
	- pragma solidity^0.4.19 (/sb/0x01fa555c97d7958fa6f771f3bbd5ccd508f81e22.sol#504): it allows old versions
	- pragma solidity^0.4.19 (/sb/0x01fa555c97d7958fa6f771f3bbd5ccd508f81e22.sol#795-796): it allows old versions
	- pragma solidity^0.4.23 (/sb/0x01fa555c97d7958fa6f771f3bbd5ccd508f81e22.sol#841): it allows old versions
Reference: https://github.com/trailofbits/slither/wiki/Detectors-Documentation#incorrect-version-of-solidity[0m
INFO:Detectors:[92m
Parameter '_newOwner' of Ownable.transferOwnership (/sb/0x01fa555c97d7958fa6f771f3bbd5ccd508f81e22.sol#54) is not in mixedCase
Function 'Ownable._transferOwnership' (/sb/0x01fa555c97d7958fa6f771f3bbd5ccd508f81e22.sol#62-70) is not in mixedCase
Parameter '_newOwner' of Ownable._transferOwnership (/sb/0x01fa555c97d7958fa6f771f3bbd5ccd508f81e22.sol#62-63) is not in mixedCase
Parameter '_message' of MessagesAndCodes.messageIsEmpty (/sb/0x01fa555c97d7958fa6f771f3bbd5ccd508f81e22.sol#232) is not in mixedCase
Parameter '_code' of MessagesAndCodes.messageExists (/sb/0x01fa555c97d7958fa6f771f3bbd5ccd508f81e22.sol#239) is not in mixedCase
Parameter '_code' of MessagesAndCodes.addMessage (/sb/0x01fa555c97d7958fa6f771f3bbd5ccd508f81e22.sol#244) is not in mixedCase
Parameter '_message' of MessagesAndCodes.addMessage (/sb/0x01fa555c97d7958fa6f771f3bbd5ccd508f81e22.sol#244-245) is not in mixedCase
Parameter '_message' of MessagesAndCodes.autoAddMessage (/sb/0x01fa555c97d7958fa6f771f3bbd5ccd508f81e22.sol#260-262) is not in mixedCase
Parameter '_code' of MessagesAndCodes.removeMessage (/sb/0x01fa555c97d7958fa6f771f3bbd5ccd508f81e22.sol#278) is not in mixedCase
Parameter '_code' of MessagesAndCodes.updateMessage (/sb/0x01fa555c97d7958fa6f771f3bbd5ccd508f81e22.sol#299-302) is not in mixedCase
Parameter '_message' of MessagesAndCodes.updateMessage (/sb/0x01fa555c97d7958fa6f771f3bbd5ccd508f81e22.sol#302) is not in mixedCase
Function 'ACL.ACL' (/sb/0x01fa555c97d7958fa6f771f3bbd5ccd508f81e22.sol#388-392) is not in mixedCase
Function 'ACL._addRole' (/sb/0x01fa555c97d7958fa6f771f3bbd5ccd508f81e22.sol#414-421) is not in mixedCase
Function 'ACL._removeRole' (/sb/0x01fa555c97d7958fa6f771f3bbd5ccd508f81e22.sol#421-423) is not in mixedCase
Parameter '_hash' of ECRecovery.recover (/sb/0x01fa555c97d7958fa6f771f3bbd5ccd508f81e22.sol#450-451) is not in mixedCase
Parameter '_sig' of ECRecovery.recover (/sb/0x01fa555c97d7958fa6f771f3bbd5ccd508f81e22.sol#451) is not in mixedCase
Parameter '_hash' of ECRecovery.toEthSignedMessageHash (/sb/0x01fa555c97d7958fa6f771f3bbd5ccd508f81e22.sol#498) is not in mixedCase
Function 'Newsroom.Newsroom' (/sb/0x01fa555c97d7958fa6f771f3bbd5ccd508f81e22.sol#555-559) is not in mixedCase
Function 'NewsroomFactory.NewsroomFactory' (/sb/0x01fa555c97d7958fa6f771f3bbd5ccd508f81e22.sol#812-818) is not in mixedCase
Parameter '_a' of SafeMath.mul (/sb/0x01fa555c97d7958fa6f771f3bbd5ccd508f81e22.sol#969) is not in mixedCase
Parameter '_b' of SafeMath.mul (/sb/0x01fa555c97d7958fa6f771f3bbd5ccd508f81e22.sol#969-972) is not in mixedCase
Parameter '_a' of SafeMath.div (/sb/0x01fa555c97d7958fa6f771f3bbd5ccd508f81e22.sol#993) is not in mixedCase
Parameter '_b' of SafeMath.div (/sb/0x01fa555c97d7958fa6f771f3bbd5ccd508f81e22.sol#993) is not in mixedCase
Parameter '_a' of SafeMath.sub (/sb/0x01fa555c97d7958fa6f771f3bbd5ccd508f81e22.sol#1007) is not in mixedCase
Parameter '_b' of SafeMath.sub (/sb/0x01fa555c97d7958fa6f771f3bbd5ccd508f81e22.sol#1007) is not in mixedCase
Parameter '_a' of SafeMath.add (/sb/0x01fa555c97d7958fa6f771f3bbd5ccd508f81e22.sol#1014) is not in mixedCase
Parameter '_b' of SafeMath.add (/sb/0x01fa555c97d7958fa6f771f3bbd5ccd508f81e22.sol#1014) is not in mixedCase
Function 'ERC20._transfer' (/sb/0x01fa555c97d7958fa6f771f3bbd5ccd508f81e22.sol#1139-1147) is not in mixedCase
Function 'ERC20._mint' (/sb/0x01fa555c97d7958fa6f771f3bbd5ccd508f81e22.sol#1154-1161) is not in mixedCase
Function 'ERC20._burn' (/sb/0x01fa555c97d7958fa6f771f3bbd5ccd508f81e22.sol#1169-1177) is not in mixedCase
Function 'ERC20._burnFrom' (/sb/0x01fa555c97d7958fa6f771f3bbd5ccd508f81e22.sol#1194-1215) is not in mixedCase
Parameter '_initialAmount' of CVLToken. (/sb/0x01fa555c97d7958fa6f771f3bbd5ccd508f81e22.sol#1259-1262) is not in mixedCase
Parameter '_controller' of CVLToken. (/sb/0x01fa555c97d7958fa6f771f3bbd5ccd508f81e22.sol#1262-1263) is not in mixedCase
Parameter '_controller' of CVLToken.changeController (/sb/0x01fa555c97d7958fa6f771f3bbd5ccd508f81e22.sol) is not in mixedCase
Reference: https://github.com/trailofbits/slither/wiki/Detectors-Documentation#conformance-to-solidity-naming-conventions[0m
INFO:Slither:/sb/0x01fa555c97d7958fa6f771f3bbd5ccd508f81e22.sol analyzed (18 contracts), 86 result(s) found
