INFO:Slither:Compilation warnings/errors on /sb/0xd90878082cadf52e3c9ebadb5fd24d0b6cdd488b.sol:
/sb/0xd90878082cadf52e3c9ebadb5fd24d0b6cdd488b.sol:28:5: Warning: Defining constructors as functions with the same name as the contract is deprecated. Use "constructor(...) { ... }" instead.
    function Noscam() public {
    ^ (Relevant source part starts here and spans across multiple lines).

INFO:Detectors:[93m
Noscam (/sb/0xd90878082cadf52e3c9ebadb5fd24d0b6cdd488b.sol#5-149) has incorrect ERC20 function interface(s):
	-transfer (/sb/0xd90878082cadf52e3c9ebadb5fd24d0b6cdd488b.sol#65-71)
Reference: https://github.com/trailofbits/slither/wiki/Detectors-Documentation#incorrect-erc20-interface[0m
INFO:Detectors:[92m
Noscam.decimals should be constant (/sb/0xd90878082cadf52e3c9ebadb5fd24d0b6cdd488b.sol#9-10)
Reference: https://github.com/trailofbits/slither/wiki/Detectors-Documentation#state-variables-that-could-be-declared-constant[0m
INFO:Detectors:[92m
Noscam.transfer (/sb/0xd90878082cadf52e3c9ebadb5fd24d0b6cdd488b.sol#65-71) should be declared external
Noscam.transferFrom (/sb/0xd90878082cadf52e3c9ebadb5fd24d0b6cdd488b.sol#77-87) should be declared external
Noscam.approveAndCall (/sb/0xd90878082cadf52e3c9ebadb5fd24d0b6cdd488b.sol#109-122) should be declared external
Noscam.burn (/sb/0xd90878082cadf52e3c9ebadb5fd24d0b6cdd488b.sol#125-135) should be declared external
Noscam.burnFrom (/sb/0xd90878082cadf52e3c9ebadb5fd24d0b6cdd488b.sol#141-149) should be declared external
Reference: https://github.com/trailofbits/slither/wiki/Detectors-Documentation#public-function-that-could-be-declared-as-external[0m
INFO:Detectors:[92m
Detected issues with version pragma in /sb/0xd90878082cadf52e3c9ebadb5fd24d0b6cdd488b.sol:
	- pragma solidity^0.4.16 (/sb/0xd90878082cadf52e3c9ebadb5fd24d0b6cdd488b.sol#1): it allows old versions
Reference: https://github.com/trailofbits/slither/wiki/Detectors-Documentation#incorrect-version-of-solidity[0m
INFO:Detectors:[92m
Contract 'tokenRecipient' (/sb/0xd90878082cadf52e3c9ebadb5fd24d0b6cdd488b.sol#3-5) is not in CapWords
Function 'Noscam.Noscam' (/sb/0xd90878082cadf52e3c9ebadb5fd24d0b6cdd488b.sol#29-36) is not in mixedCase
Function 'Noscam._transfer' (/sb/0xd90878082cadf52e3c9ebadb5fd24d0b6cdd488b.sol#38-59) is not in mixedCase
Parameter '_from' of Noscam._transfer (/sb/0xd90878082cadf52e3c9ebadb5fd24d0b6cdd488b.sol#38) is not in mixedCase
Parameter '_to' of Noscam._transfer (/sb/0xd90878082cadf52e3c9ebadb5fd24d0b6cdd488b.sol#39) is not in mixedCase
Parameter '_value' of Noscam._transfer (/sb/0xd90878082cadf52e3c9ebadb5fd24d0b6cdd488b.sol#39) is not in mixedCase
Parameter '_to' of Noscam.transfer (/sb/0xd90878082cadf52e3c9ebadb5fd24d0b6cdd488b.sol#65) is not in mixedCase
Parameter '_value' of Noscam.transfer (/sb/0xd90878082cadf52e3c9ebadb5fd24d0b6cdd488b.sol#65-68) is not in mixedCase
Parameter '_from' of Noscam.transferFrom (/sb/0xd90878082cadf52e3c9ebadb5fd24d0b6cdd488b.sol#78) is not in mixedCase
Parameter '_to' of Noscam.transferFrom (/sb/0xd90878082cadf52e3c9ebadb5fd24d0b6cdd488b.sol#78) is not in mixedCase
Parameter '_value' of Noscam.transferFrom (/sb/0xd90878082cadf52e3c9ebadb5fd24d0b6cdd488b.sol#78) is not in mixedCase
Parameter '_spender' of Noscam.approve (/sb/0xd90878082cadf52e3c9ebadb5fd24d0b6cdd488b.sol#94) is not in mixedCase
Parameter '_value' of Noscam.approve (/sb/0xd90878082cadf52e3c9ebadb5fd24d0b6cdd488b.sol#94) is not in mixedCase
Parameter '_spender' of Noscam.approveAndCall (/sb/0xd90878082cadf52e3c9ebadb5fd24d0b6cdd488b.sol#110) is not in mixedCase
Parameter '_value' of Noscam.approveAndCall (/sb/0xd90878082cadf52e3c9ebadb5fd24d0b6cdd488b.sol#110) is not in mixedCase
Parameter '_extraData' of Noscam.approveAndCall (/sb/0xd90878082cadf52e3c9ebadb5fd24d0b6cdd488b.sol#110) is not in mixedCase
Parameter '_value' of Noscam.burn (/sb/0xd90878082cadf52e3c9ebadb5fd24d0b6cdd488b.sol#125-126) is not in mixedCase
Parameter '_from' of Noscam.burnFrom (/sb/0xd90878082cadf52e3c9ebadb5fd24d0b6cdd488b.sol#141) is not in mixedCase
Parameter '_value' of Noscam.burnFrom (/sb/0xd90878082cadf52e3c9ebadb5fd24d0b6cdd488b.sol#141-142) is not in mixedCase
Reference: https://github.com/trailofbits/slither/wiki/Detectors-Documentation#conformance-to-solidity-naming-conventions[0m
INFO:Slither:/sb/0xd90878082cadf52e3c9ebadb5fd24d0b6cdd488b.sol analyzed (2 contracts), 27 result(s) found
