INFO:Slither:Compilation warnings/errors on /sb/0x0d76c32921b92025d4a99ed30e83cb6be4c4b4b5.sol:
/sb/0x0d76c32921b92025d4a99ed30e83cb6be4c4b4b5.sol:46:17: Warning: "throw" is deprecated in favour of "revert()", "require()" and "assert()".
                throw;
                ^---^
/sb/0x0d76c32921b92025d4a99ed30e83cb6be4c4b4b5.sol:88:17: Warning: "throw" is deprecated in favour of "revert()", "require()" and "assert()".
                throw;
                ^---^
/sb/0x0d76c32921b92025d4a99ed30e83cb6be4c4b4b5.sol:63:21: Warning: This looks like an address but has an invalid checksum. If this is not used as an address, please prepend '00'. Correct checksummed address: '0xCFdc14F11EdbaC946977449492eC3B3942727f64'. For more information please see https://solidity.readthedocs.io/en/develop/types.html#address-literals
            owner = 0xcfdc14f11edbac946977449492ec3b3942727f64; 
                    ^----------------------------------------^
/sb/0x0d76c32921b92025d4a99ed30e83cb6be4c4b4b5.sol:116:13: Warning: Invoking events without "emit" prefix is deprecated.
            Transfer(msg.sender, _to, _value);
            ^-------------------------------^
/sb/0x0d76c32921b92025d4a99ed30e83cb6be4c4b4b5.sol:131:9: Warning: Invoking events without "emit" prefix is deprecated.
        Transfer(_from, _to, _value);
        ^--------------------------^
/sb/0x0d76c32921b92025d4a99ed30e83cb6be4c4b4b5.sol:139:9: Warning: Invoking events without "emit" prefix is deprecated.
        Approval(msg.sender, _spender, _value);
        ^------------------------------------^
/sb/0x0d76c32921b92025d4a99ed30e83cb6be4c4b4b5.sol:57:9: Warning: No visibility specified. Defaulting to "public". 
        function () payable{
        ^ (Relevant source part starts here and spans across multiple lines).
/sb/0x0d76c32921b92025d4a99ed30e83cb6be4c4b4b5.sol:68:9: Warning: No visibility specified. Defaulting to "public". 
        function burnTokens(uint256 _value) onlyOwner {
        ^ (Relevant source part starts here and spans across multiple lines).
/sb/0x0d76c32921b92025d4a99ed30e83cb6be4c4b4b5.sol:79:10: Warning: No visibility specified. Defaulting to "public". 
         function createTokens() payable {
         ^ (Relevant source part starts here and spans across multiple lines).
/sb/0x0d76c32921b92025d4a99ed30e83cb6be4c4b4b5.sol:93:9: Warning: No visibility specified. Defaulting to "public". 
        function endCrowdsale() onlyOwner {
        ^ (Relevant source part starts here and spans across multiple lines).
/sb/0x0d76c32921b92025d4a99ed30e83cb6be4c4b4b5.sol:97:9: Warning: No visibility specified. Defaulting to "public". 
        function changeCrowdsaleRate(uint256 _value) onlyOwner {
        ^ (Relevant source part starts here and spans across multiple lines).
/sb/0x0d76c32921b92025d4a99ed30e83cb6be4c4b4b5.sol:103:9: Warning: No visibility specified. Defaulting to "public". 
        function totalSupply() constant returns(uint256){
        ^ (Relevant source part starts here and spans across multiple lines).
/sb/0x0d76c32921b92025d4a99ed30e83cb6be4c4b4b5.sol:107:9: Warning: No visibility specified. Defaulting to "public". 
        function balanceOf(address _owner) constant returns(uint256){
        ^ (Relevant source part starts here and spans across multiple lines).
/sb/0x0d76c32921b92025d4a99ed30e83cb6be4c4b4b5.sol:112:9: Warning: No visibility specified. Defaulting to "public". 
        function transfer(address _to, uint256 _value)  returns(bool) {
        ^ (Relevant source part starts here and spans across multiple lines).
/sb/0x0d76c32921b92025d4a99ed30e83cb6be4c4b4b5.sol:126:5: Warning: No visibility specified. Defaulting to "public". 
    function transferFrom(address _from, address _to, uint256 _value)  returns(bool) {
    ^ (Relevant source part starts here and spans across multiple lines).
/sb/0x0d76c32921b92025d4a99ed30e83cb6be4c4b4b5.sol:137:5: Warning: No visibility specified. Defaulting to "public". 
    function approve(address _spender, uint256 _value) returns(bool){
    ^ (Relevant source part starts here and spans across multiple lines).
/sb/0x0d76c32921b92025d4a99ed30e83cb6be4c4b4b5.sol:144:5: Warning: No visibility specified. Defaulting to "public". 
    function allowance(address _owner, address _spender) constant returns(uint256){
    ^ (Relevant source part starts here and spans across multiple lines).
/sb/0x0d76c32921b92025d4a99ed30e83cb6be4c4b4b5.sol:4:3: Warning: Function state mutability can be restricted to pure
  function mul(uint256 a, uint256 b) internal constant returns (uint256) {
  ^ (Relevant source part starts here and spans across multiple lines).
/sb/0x0d76c32921b92025d4a99ed30e83cb6be4c4b4b5.sol:10:3: Warning: Function state mutability can be restricted to pure
  function div(uint256 a, uint256 b) internal constant returns (uint256) {
  ^ (Relevant source part starts here and spans across multiple lines).
/sb/0x0d76c32921b92025d4a99ed30e83cb6be4c4b4b5.sol:17:3: Warning: Function state mutability can be restricted to pure
  function sub(uint256 a, uint256 b) internal constant returns (uint256) {
  ^ (Relevant source part starts here and spans across multiple lines).
/sb/0x0d76c32921b92025d4a99ed30e83cb6be4c4b4b5.sol:22:3: Warning: Function state mutability can be restricted to pure
  function add(uint256 a, uint256 b) internal constant returns (uint256) {
  ^ (Relevant source part starts here and spans across multiple lines).

INFO:Detectors:[92m
Deprecated standard detected @ /sb/0x0d76c32921b92025d4a99ed30e83cb6be4c4b4b5.sol#94:
	- Usage of "throw" should be replaced with "revert()"
Deprecated standard detected @ /sb/0x0d76c32921b92025d4a99ed30e83cb6be4c4b4b5.sol#49-50:
	- Usage of "throw" should be replaced with "revert()"
Reference: https://github.com/trailofbits/slither/wiki/Detectors-Documentation#deprecated-standards[0m
INFO:Detectors:[92m
DigitalHealthCareServices.fallback (/sb/0x0d76c32921b92025d4a99ed30e83cb6be4c4b4b5.sol#59-63) should be declared external
DigitalHealthCareServices.burnTokens (/sb/0x0d76c32921b92025d4a99ed30e83cb6be4c4b4b5.sol#70-79) should be declared external
DigitalHealthCareServices.endCrowdsale (/sb/0x0d76c32921b92025d4a99ed30e83cb6be4c4b4b5.sol#97-99) should be declared external
DigitalHealthCareServices.changeCrowdsaleRate (/sb/0x0d76c32921b92025d4a99ed30e83cb6be4c4b4b5.sol#102-104) should be declared external
DigitalHealthCareServices.totalSupply (/sb/0x0d76c32921b92025d4a99ed30e83cb6be4c4b4b5.sol#106-107) should be declared external
DigitalHealthCareServices.balanceOf (/sb/0x0d76c32921b92025d4a99ed30e83cb6be4c4b4b5.sol#109-112) should be declared external
DigitalHealthCareServices.transfer (/sb/0x0d76c32921b92025d4a99ed30e83cb6be4c4b4b5.sol#113-121) should be declared external
DigitalHealthCareServices.transferFrom (/sb/0x0d76c32921b92025d4a99ed30e83cb6be4c4b4b5.sol#127-136) should be declared external
DigitalHealthCareServices.approve (/sb/0x0d76c32921b92025d4a99ed30e83cb6be4c4b4b5.sol#139-144) should be declared external
DigitalHealthCareServices.allowance (/sb/0x0d76c32921b92025d4a99ed30e83cb6be4c4b4b5.sol#148-149) should be declared external
Reference: https://github.com/trailofbits/slither/wiki/Detectors-Documentation#public-function-that-could-be-declared-as-external[0m
INFO:Detectors:[92m
Parameter '_value' of DigitalHealthCareServices.burnTokens (/sb/0x0d76c32921b92025d4a99ed30e83cb6be4c4b4b5.sol#70) is not in mixedCase
Parameter '_value' of DigitalHealthCareServices.changeCrowdsaleRate (/sb/0x0d76c32921b92025d4a99ed30e83cb6be4c4b4b5.sol#103) is not in mixedCase
Parameter '_owner' of DigitalHealthCareServices.balanceOf (/sb/0x0d76c32921b92025d4a99ed30e83cb6be4c4b4b5.sol#111) is not in mixedCase
Parameter '_to' of DigitalHealthCareServices.transfer (/sb/0x0d76c32921b92025d4a99ed30e83cb6be4c4b4b5.sol#113-114) is not in mixedCase
Parameter '_value' of DigitalHealthCareServices.transfer (/sb/0x0d76c32921b92025d4a99ed30e83cb6be4c4b4b5.sol#114) is not in mixedCase
Parameter '_from' of DigitalHealthCareServices.transferFrom (/sb/0x0d76c32921b92025d4a99ed30e83cb6be4c4b4b5.sol#127) is not in mixedCase
Parameter '_to' of DigitalHealthCareServices.transferFrom (/sb/0x0d76c32921b92025d4a99ed30e83cb6be4c4b4b5.sol#127) is not in mixedCase
Parameter '_value' of DigitalHealthCareServices.transferFrom (/sb/0x0d76c32921b92025d4a99ed30e83cb6be4c4b4b5.sol#127-128) is not in mixedCase
Parameter '_spender' of DigitalHealthCareServices.approve (/sb/0x0d76c32921b92025d4a99ed30e83cb6be4c4b4b5.sol#139-140) is not in mixedCase
Parameter '_value' of DigitalHealthCareServices.approve (/sb/0x0d76c32921b92025d4a99ed30e83cb6be4c4b4b5.sol#140-141) is not in mixedCase
Parameter '_owner' of DigitalHealthCareServices.allowance (/sb/0x0d76c32921b92025d4a99ed30e83cb6be4c4b4b5.sol#148) is not in mixedCase
Parameter '_spender' of DigitalHealthCareServices.allowance (/sb/0x0d76c32921b92025d4a99ed30e83cb6be4c4b4b5.sol#148) is not in mixedCase
Variable 'DigitalHealthCareServices._totalSupply' (/sb/0x0d76c32921b92025d4a99ed30e83cb6be4c4b4b5.sol#35-36) is not in mixedCase
Variable 'DigitalHealthCareServices.RATE' (/sb/0x0d76c32921b92025d4a99ed30e83cb6be4c4b4b5.sol#37) is not in mixedCase
Constant 'DigitalHealthCareServices.generatedBy' (/sb/0x0d76c32921b92025d4a99ed30e83cb6be4c4b4b5.sol#38-40) is not in UPPER_CASE_WITH_UNDERSCORES
Reference: https://github.com/trailofbits/slither/wiki/Detectors-Documentation#conformance-to-solidity-naming-conventions[0m
INFO:Slither:/sb/0x0d76c32921b92025d4a99ed30e83cb6be4c4b4b5.sol analyzed (2 contracts), 27 result(s) found
