INFO:Detectors:[93m
Token (/sb/0xc8ee2a26dc1e4bebabebc610c25e08cb4b4c0f10.sol#58-70) has incorrect ERC20 function interface(s):
	-transfer (/sb/0xc8ee2a26dc1e4bebabebc610c25e08cb4b4c0f10.sol#62)
Reference: https://github.com/trailofbits/slither/wiki/Detectors-Documentation#incorrect-erc20-interface[0m
INFO:Detectors:[93m
NodeBallot.ballot (/sb/0xc8ee2a26dc1e4bebabebc610c25e08cb4b4c0f10.sol#232-282) uses a dangerous strict equality:
	- require(bool,string)(ballotInfo.amount == 0,The address has been voted. Code<200>)
	- require(bool,string)(node.valid == true,Node does not exist. Code<203>)
NodeBallot.ballot (/sb/0xc8ee2a26dc1e4bebabebc610c25e08cb4b4c0f10.sol#232-282) uses a dangerous strict equality:
	- require(bool,string)(ballotInfo.amount == 0,The address has been voted. Code<200>)
	- require(bool,string)(node.valid == true,Node does not exist. Code<203>)
NodeBallot.destruct (/sb/0xc8ee2a26dc1e4bebabebc610c25e08cb4b4c0f10.sol) uses a dangerous strict equality:
	- require(bool,string)(token.balanceOf(address(this)) == 0,please execute transferToken first. Code<213>)
NodeBallot.ballot (/sb/0xc8ee2a26dc1e4bebabebc610c25e08cb4b4c0f10.sol#232-282) uses a dangerous strict equality:
	- require(bool,string)(ballotInfo.amount == 0,The address has been voted. Code<200>)
	- require(bool,string)(node.valid == true,Node does not exist. Code<203>)
NodeBallot.destruct (/sb/0xc8ee2a26dc1e4bebabebc610c25e08cb4b4c0f10.sol) uses a dangerous strict equality:
	- require(bool,string)(token.balanceOf(address(this)) == 0,please execute transferToken first. Code<213>)
NodeBallot.generalSuperNode (/sb/0xc8ee2a26dc1e4bebabebc610c25e08cb4b4c0f10.sol#196-229) uses a dangerous strict equality:
	- require(bool,string)(addOne.valid == false,Node did exist. Code<208>)
Reference: https://github.com/trailofbits/slither/wiki/Detectors-Documentation#dangerous-strict-equalities[0m
INFO:Detectors:[93m
Reentrancy in NodeBallot.ballot (/sb/0xc8ee2a26dc1e4bebabebc610c25e08cb4b4c0f10.sol#232-282):
	External calls:
	- allowance = token.allowance(msg.sender,address(this)) (/sb/0xc8ee2a26dc1e4bebabebc610c25e08cb4b4c0f10.sol#254-258)
	State variables written after the call(s):
	- nodes (/sb/0xc8ee2a26dc1e4bebabebc610c25e08cb4b4c0f10.sol#263-269)
	- userBallotInfoMap (/sb/0xc8ee2a26dc1e4bebabebc610c25e08cb4b4c0f10.sol#272)
Reference: https://github.com/trailofbits/slither/wiki/Detectors-Documentation#reentrancy-vulnerabilities-1[0m
INFO:Detectors:[93m
NodeBallot.generalSuperNode (/sb/0xc8ee2a26dc1e4bebabebc610c25e08cb4b4c0f10.sol#196-229) does not use the value returned by external calls:
	-token.transferFrom(msg.sender,address(this),originalAmount) (/sb/0xc8ee2a26dc1e4bebabebc610c25e08cb4b4c0f10.sol#225-228)
NodeBallot.ballot (/sb/0xc8ee2a26dc1e4bebabebc610c25e08cb4b4c0f10.sol#232-282) does not use the value returned by external calls:
	-token.transferFrom(msg.sender,address(this),ballotAmount) (/sb/0xc8ee2a26dc1e4bebabebc610c25e08cb4b4c0f10.sol#276-278)
Reference: https://github.com/trailofbits/slither/wiki/Detectors-Documentation#unused-return[0m
INFO:Detectors:[92m
Reentrancy in NodeBallot.ballot (/sb/0xc8ee2a26dc1e4bebabebc610c25e08cb4b4c0f10.sol#232-282):
	External calls:
	- allowance = token.allowance(msg.sender,address(this)) (/sb/0xc8ee2a26dc1e4bebabebc610c25e08cb4b4c0f10.sol#254-258)
	State variables written after the call(s):
	- totalLockToken (/sb/0xc8ee2a26dc1e4bebabebc610c25e08cb4b4c0f10.sol#273-275)
Reentrancy in NodeBallot.generalSuperNode (/sb/0xc8ee2a26dc1e4bebabebc610c25e08cb4b4c0f10.sol#196-229):
	External calls:
	- allowance = token.allowance(msg.sender,address(this)) (/sb/0xc8ee2a26dc1e4bebabebc610c25e08cb4b4c0f10.sol#210-212)
	State variables written after the call(s):
	- nodes (/sb/0xc8ee2a26dc1e4bebabebc610c25e08cb4b4c0f10.sol#221)
	- totalLockToken (/sb/0xc8ee2a26dc1e4bebabebc610c25e08cb4b4c0f10.sol#221-224)
Reference: https://github.com/trailofbits/slither/wiki/Detectors-Documentation#reentrancy-vulnerabilities-2[0m
INFO:Detectors:[92m
NodeBallot.decimals should be constant (/sb/0xc8ee2a26dc1e4bebabebc610c25e08cb4b4c0f10.sol#110-112)
Reference: https://github.com/trailofbits/slither/wiki/Detectors-Documentation#state-variables-that-could-be-declared-constant[0m
INFO:Detectors:[92m
Ownable.transferOwnership (/sb/0xc8ee2a26dc1e4bebabebc610c25e08cb4b4c0f10.sol#41-45) should be declared external
NodeBallot.motifyActivityEnable (/sb/0xc8ee2a26dc1e4bebabebc610c25e08cb4b4c0f10.sol#174-182) should be declared external
NodeBallot.openWithdraw (/sb/0xc8ee2a26dc1e4bebabebc610c25e08cb4b4c0f10.sol#185-192) should be declared external
NodeBallot.generalSuperNode (/sb/0xc8ee2a26dc1e4bebabebc610c25e08cb4b4c0f10.sol#196-229) should be declared external
NodeBallot.ballot (/sb/0xc8ee2a26dc1e4bebabebc610c25e08cb4b4c0f10.sol#232-282) should be declared external
NodeBallot.withdrawToken (/sb/0xc8ee2a26dc1e4bebabebc610c25e08cb4b4c0f10.sol#283-286) should be declared external
NodeBallot.withdrawTokenToAddress (/sb/0xc8ee2a26dc1e4bebabebc610c25e08cb4b4c0f10.sol#291-292) should be declared external
NodeBallot.transferToken (/sb/0xc8ee2a26dc1e4bebabebc610c25e08cb4b4c0f10.sol) should be declared external
NodeBallot.destruct (/sb/0xc8ee2a26dc1e4bebabebc610c25e08cb4b4c0f10.sol) should be declared external
Reference: https://github.com/trailofbits/slither/wiki/Detectors-Documentation#public-function-that-could-be-declared-as-external[0m
INFO:Detectors:[92m
Detected issues with version pragma in /sb/0xc8ee2a26dc1e4bebabebc610c25e08cb4b4c0f10.sol:
	- pragma solidity>=0.4.0<0.6.0 (/sb/0xc8ee2a26dc1e4bebabebc610c25e08cb4b4c0f10.sol#1): it allows old versions
Reference: https://github.com/trailofbits/slither/wiki/Detectors-Documentation#incorrect-version-of-solidity[0m
INFO:Detectors:[92m
Function 'Ownable._transferOwnership' (/sb/0xc8ee2a26dc1e4bebabebc610c25e08cb4b4c0f10.sol#45-54) is not in mixedCase
Variable 'Ownable._owner' (/sb/0xc8ee2a26dc1e4bebabebc610c25e08cb4b4c0f10.sol#23-25) is not in mixedCase
Function 'NodeBallot._withdrawToken' (/sb/0xc8ee2a26dc1e4bebabebc610c25e08cb4b4c0f10.sol#294-330) is not in mixedCase
Constant 'NodeBallot.lockLimitTime' (/sb/0xc8ee2a26dc1e4bebabebc610c25e08cb4b4c0f10.sol#103-106) is not in UPPER_CASE_WITH_UNDERSCORES
Reference: https://github.com/trailofbits/slither/wiki/Detectors-Documentation#conformance-to-solidity-naming-conventions[0m
INFO:Slither:/sb/0xc8ee2a26dc1e4bebabebc610c25e08cb4b4c0f10.sol analyzed (4 contracts), 24 result(s) found
