INFO:Detectors:[91m
Reentrancy in PlayCoinKey.buyCore (/sb/0xd82409930a32dad66f90bc8455be4ce8faa06e93.sol#928-979):
	External calls:
	- _eventData_ = endRound(_eventData_) (/sb/0xd82409930a32dad66f90bc8455be4ce8faa06e93.sol#949-950)
	State variables written after the call(s):
	- plyr_ (/sb/0xd82409930a32dad66f90bc8455be4ce8faa06e93.sol#976-978)
	- rID_ (/sb/0xd82409930a32dad66f90bc8455be4ce8faa06e93.sol#953)
	- round_ (/sb/0xd82409930a32dad66f90bc8455be4ce8faa06e93.sol#953)
Reentrancy in PlayCoinKey.core (/sb/0xd82409930a32dad66f90bc8455be4ce8faa06e93.sol#1039-1154):
	External calls:
	- _eventData_ = distributeExternal(_rID,_pID,_eth,_affID,_team,_eventData_) (/sb/0xd82409930a32dad66f90bc8455be4ce8faa06e93.sol#1141-1143)
	State variables written after the call(s):
	- airDropPot_ (/sb/0xd82409930a32dad66f90bc8455be4ce8faa06e93.sol#1144-1146)
	- plyrRnds_ (/sb/0xd82409930a32dad66f90bc8455be4ce8faa06e93.sol#1144-1146)
	- round_ (/sb/0xd82409930a32dad66f90bc8455be4ce8faa06e93.sol#1144-1146)
Reentrancy in PlayCoinKey.endRound (/sb/0xd82409930a32dad66f90bc8455be4ce8faa06e93.sol#1339-1418):
	External calls:
	- ! address(Pro_Inc).call.value(_com)(bytes4(keccak256()(deposit()))) (/sb/0xd82409930a32dad66f90bc8455be4ce8faa06e93.sol#1366-1388)
	State variables written after the call(s):
	- round_ (/sb/0xd82409930a32dad66f90bc8455be4ce8faa06e93.sol#1390)
Reentrancy in PlayCoinKey.endRound (/sb/0xd82409930a32dad66f90bc8455be4ce8faa06e93.sol#1339-1418):
	External calls:
	- ! address(Pro_Inc).call.value(_com)(bytes4(keccak256()(deposit()))) (/sb/0xd82409930a32dad66f90bc8455be4ce8faa06e93.sol#1366-1388)
	- PCGod.deposit.value(_p3d)() (/sb/0xd82409930a32dad66f90bc8455be4ce8faa06e93.sol#1391-1394)
	State variables written after the call(s):
	- round_ (/sb/0xd82409930a32dad66f90bc8455be4ce8faa06e93.sol#1411-1412)
	- round_ (/sb/0xd82409930a32dad66f90bc8455be4ce8faa06e93.sol#1413)
	- round_ (/sb/0xd82409930a32dad66f90bc8455be4ce8faa06e93.sol#1413-1415)
	- round_ (/sb/0xd82409930a32dad66f90bc8455be4ce8faa06e93.sol#1416)
Reentrancy in PlayCoinKey.reLoadCore (/sb/0xd82409930a32dad66f90bc8455be4ce8faa06e93.sol#982-1036):
	External calls:
	- _eventData_ = endRound(_eventData_) (/sb/0xd82409930a32dad66f90bc8455be4ce8faa06e93.sol#1014-1016)
	State variables written after the call(s):
	- rID_ (/sb/0xd82409930a32dad66f90bc8455be4ce8faa06e93.sol#1016)
	- round_ (/sb/0xd82409930a32dad66f90bc8455be4ce8faa06e93.sol#1016)
Reentrancy in PlayCoinKey.withdraw (/sb/0xd82409930a32dad66f90bc8455be4ce8faa06e93.sol#580-640):
	External calls:
	- _eventData_ = endRound(_eventData_) (/sb/0xd82409930a32dad66f90bc8455be4ce8faa06e93.sol#600-602)
	State variables written after the call(s):
	- plyr_ (/sb/0xd82409930a32dad66f90bc8455be4ce8faa06e93.sol#604)
Reference: https://github.com/trailofbits/slither/wiki/Detectors-Documentation#reentrancy-vulnerabilities[0m
INFO:Detectors:[93m
NameFilter.nameFilter (/sb/0xd82409930a32dad66f90bc8455be4ce8faa06e93.sol#1912-2021) is declared view but contains assembly code
Reference: https://github.com/trailofbits/slither/wiki/Detectors-Documentation#constant-functions-changing-the-state[0m
INFO:Detectors:[93m
Reentrancy in PlayCoinKey.buyXaddr (/sb/0xd82409930a32dad66f90bc8455be4ce8faa06e93.sol#357-400):
	External calls:
	- _eventData_ = determinePID(_eventData_) (/sb/0xd82409930a32dad66f90bc8455be4ce8faa06e93.sol#364-367)
	State variables written after the call(s):
	- plyr_ (/sb/0xd82409930a32dad66f90bc8455be4ce8faa06e93.sol#393-395)
Reentrancy in PlayCoinKey.buyXid (/sb/0xd82409930a32dad66f90bc8455be4ce8faa06e93.sol#322-356):
	External calls:
	- _eventData_ = determinePID(_eventData_) (/sb/0xd82409930a32dad66f90bc8455be4ce8faa06e93.sol#329-332)
	State variables written after the call(s):
	- plyr_ (/sb/0xd82409930a32dad66f90bc8455be4ce8faa06e93.sol#350-351)
Reentrancy in PlayCoinKey.buyXname (/sb/0xd82409930a32dad66f90bc8455be4ce8faa06e93.sol#401-438):
	External calls:
	- _eventData_ = determinePID(_eventData_) (/sb/0xd82409930a32dad66f90bc8455be4ce8faa06e93.sol#408-410)
	State variables written after the call(s):
	- plyr_ (/sb/0xd82409930a32dad66f90bc8455be4ce8faa06e93.sol#434-435)
Reentrancy in PlayCoinKey.determinePID (/sb/0xd82409930a32dad66f90bc8455be4ce8faa06e93.sol#1257-1297):
	External calls:
	- _pID = PlayerBook.getPlayerID(msg.sender) (/sb/0xd82409930a32dad66f90bc8455be4ce8faa06e93.sol#1273)
	- _name = PlayerBook.getPlayerName(_pID) (/sb/0xd82409930a32dad66f90bc8455be4ce8faa06e93.sol#1274-1275)
	- _laff = PlayerBook.getPlayerLAff(_pID) (/sb/0xd82409930a32dad66f90bc8455be4ce8faa06e93.sol#1275-1277)
	State variables written after the call(s):
	- pIDxAddr_ (/sb/0xd82409930a32dad66f90bc8455be4ce8faa06e93.sol#1279)
Reference: https://github.com/trailofbits/slither/wiki/Detectors-Documentation#reentrancy-vulnerabilities-1[0m
INFO:Detectors:[93m
_eventData_ in PlayCoinKey.reLoadXname (/sb/0xd82409930a32dad66f90bc8455be4ce8faa06e93.sol#538-539) is a local variable never initialiazed
_p3d in PlayCoinKey.distributeExternal (/sb/0xd82409930a32dad66f90bc8455be4ce8faa06e93.sol#1497) is a local variable never initialiazed
_eventData_ in PlayCoinKey.reLoadXid (/sb/0xd82409930a32dad66f90bc8455be4ce8faa06e93.sol#461) is a local variable never initialiazed
_eventData_ in PlayCoinKey.reLoadXaddr (/sb/0xd82409930a32dad66f90bc8455be4ce8faa06e93.sol#495-497) is a local variable never initialiazed
_prize in PlayCoinKey.core (/sb/0xd82409930a32dad66f90bc8455be4ce8faa06e93.sol#1080) is a local variable never initialiazed
_eventData_ in PlayCoinKey.withdraw (/sb/0xd82409930a32dad66f90bc8455be4ce8faa06e93.sol#596-597) is a local variable never initialiazed
Reference: https://github.com/trailofbits/slither/wiki/Detectors-Documentation#uninitialized-local-variables[0m
INFO:Detectors:[92m
Reentrancy in PlayCoinKey.determinePID (/sb/0xd82409930a32dad66f90bc8455be4ce8faa06e93.sol#1257-1297):
	External calls:
	- _pID = PlayerBook.getPlayerID(msg.sender) (/sb/0xd82409930a32dad66f90bc8455be4ce8faa06e93.sol#1273)
	- _name = PlayerBook.getPlayerName(_pID) (/sb/0xd82409930a32dad66f90bc8455be4ce8faa06e93.sol#1274-1275)
	- _laff = PlayerBook.getPlayerLAff(_pID) (/sb/0xd82409930a32dad66f90bc8455be4ce8faa06e93.sol#1275-1277)
	State variables written after the call(s):
	- pIDxName_ (/sb/0xd82409930a32dad66f90bc8455be4ce8faa06e93.sol#1282)
	- plyrNames_ (/sb/0xd82409930a32dad66f90bc8455be4ce8faa06e93.sol#1284-1285)
	- plyr_ (/sb/0xd82409930a32dad66f90bc8455be4ce8faa06e93.sol#1279-1280)
	- plyr_ (/sb/0xd82409930a32dad66f90bc8455be4ce8faa06e93.sol#1283-1284)
	- plyr_ (/sb/0xd82409930a32dad66f90bc8455be4ce8faa06e93.sol#1288)
Reentrancy in PlayCoinKey.distributeExternal (/sb/0xd82409930a32dad66f90bc8455be4ce8faa06e93.sol#1485-1546):
	External calls:
	- ! address(Pro_Inc).call.value(_com)(bytes4(keccak256()(deposit()))) (/sb/0xd82409930a32dad66f90bc8455be4ce8faa06e93.sol#1497-1518)
	- otherPCK_.potSwap.value(_long)() (/sb/0xd82409930a32dad66f90bc8455be4ce8faa06e93.sol#1522-1523)
	State variables written after the call(s):
	- plyr_ (/sb/0xd82409930a32dad66f90bc8455be4ce8faa06e93.sol#1529-1530)
Reentrancy in PlayCoinKey.withdraw (/sb/0xd82409930a32dad66f90bc8455be4ce8faa06e93.sol#580-640):
	External calls:
	- _eventData_ = endRound(_eventData_) (/sb/0xd82409930a32dad66f90bc8455be4ce8faa06e93.sol#600-602)
	State variables written after the call(s):
	- plyrRnds_ (/sb/0xd82409930a32dad66f90bc8455be4ce8faa06e93.sol#604)
Reference: https://github.com/trailofbits/slither/wiki/Detectors-Documentation#reentrancy-vulnerabilities-2[0m
INFO:Detectors:[92m
PlayCoinKey.airdrop (/sb/0xd82409930a32dad66f90bc8455be4ce8faa06e93.sol#1469-1485) uses timestamp for comparisons
	Dangerous comparisons:
	- (seed - ((seed / 1000) * 1000)) < airDropTracker_ (/sb/0xd82409930a32dad66f90bc8455be4ce8faa06e93.sol#1482-1484)
Reference: https://github.com/trailofbits/slither/wiki/Detectors-Documentation#block-timestamp[0m
INFO:Detectors:[92m
NameFilter.nameFilter uses assembly (/sb/0xd82409930a32dad66f90bc8455be4ce8faa06e93.sol#1912-2021)
	- /sb/0xd82409930a32dad66f90bc8455be4ce8faa06e93.sol#2015-2020
Reference: https://github.com/trailofbits/slither/wiki/Detectors-Documentation#assembly-usage[0m
INFO:Detectors:[92m
PlayCoinKey.rndExtra_ should be constant (/sb/0xd82409930a32dad66f90bc8455be4ce8faa06e93.sol#144-145)
PlayCoinKey.rndGap_ should be constant (/sb/0xd82409930a32dad66f90bc8455be4ce8faa06e93.sol#145)
Reference: https://github.com/trailofbits/slither/wiki/Detectors-Documentation#state-variables-that-could-be-declared-constant[0m
INFO:Detectors:[92m
PlayCoinKey.kill (/sb/0xd82409930a32dad66f90bc8455be4ce8faa06e93.sol#260-265) should be declared external
PlayCoinKey.getRoundStatus (/sb/0xd82409930a32dad66f90bc8455be4ce8faa06e93.sol#266-270) should be declared external
PlayCoinKey.setThreshold (/sb/0xd82409930a32dad66f90bc8455be4ce8faa06e93.sol#270-276) should be declared external
PlayCoinKey.setEnforce (/sb/0xd82409930a32dad66f90bc8455be4ce8faa06e93.sol#276-295) should be declared external
PlayCoinKey.fallback (/sb/0xd82409930a32dad66f90bc8455be4ce8faa06e93.sol#296-310) should be declared external
PlayCoinKey.buyXid (/sb/0xd82409930a32dad66f90bc8455be4ce8faa06e93.sol#322-356) should be declared external
PlayCoinKey.buyXaddr (/sb/0xd82409930a32dad66f90bc8455be4ce8faa06e93.sol#357-400) should be declared external
PlayCoinKey.buyXname (/sb/0xd82409930a32dad66f90bc8455be4ce8faa06e93.sol#401-438) should be declared external
PlayCoinKey.reLoadXid (/sb/0xd82409930a32dad66f90bc8455be4ce8faa06e93.sol#455-489) should be declared external
PlayCoinKey.reLoadXaddr (/sb/0xd82409930a32dad66f90bc8455be4ce8faa06e93.sol#489-530) should be declared external
PlayCoinKey.reLoadXname (/sb/0xd82409930a32dad66f90bc8455be4ce8faa06e93.sol#531-578) should be declared external
PlayCoinKey.withdraw (/sb/0xd82409930a32dad66f90bc8455be4ce8faa06e93.sol#580-640) should be declared external
PlayCoinKey.registerNameXID (/sb/0xd82409930a32dad66f90bc8455be4ce8faa06e93.sol#668-684) should be declared external
PlayCoinKey.registerNameXaddr (/sb/0xd82409930a32dad66f90bc8455be4ce8faa06e93.sol#684-699) should be declared external
PlayCoinKey.registerNameXname (/sb/0xd82409930a32dad66f90bc8455be4ce8faa06e93.sol#699-720) should be declared external
PlayCoinKey.getBuyPrice (/sb/0xd82409930a32dad66f90bc8455be4ce8faa06e93.sol#729-753) should be declared external
PlayCoinKey.getTimeLeft (/sb/0xd82409930a32dad66f90bc8455be4ce8faa06e93.sol#761-775) should be declared external
PlayCoinKey.getPlayerVaults (/sb/0xd82409930a32dad66f90bc8455be4ce8faa06e93.sol#778-820) should be declared external
PlayCoinKey.getCurrentRoundInfo (/sb/0xd82409930a32dad66f90bc8455be4ce8faa06e93.sol#849-885) should be declared external
PlayCoinKey.getPlayerInfoByAddress (/sb/0xd82409930a32dad66f90bc8455be4ce8faa06e93.sol#895-916) should be declared external
PlayCoinKey.calcKeysReceived (/sb/0xd82409930a32dad66f90bc8455be4ce8faa06e93.sol#1179-1191) should be declared external
PlayCoinKey.iWantXKeys (/sb/0xd82409930a32dad66f90bc8455be4ce8faa06e93.sol#1197-1214) should be declared external
PlayCoinKey.activate (/sb/0xd82409930a32dad66f90bc8455be4ce8faa06e93.sol#1691-1709) should be declared external
PlayCoinKey.setOtherPCK (/sb/0xd82409930a32dad66f90bc8455be4ce8faa06e93.sol#1709-1720) should be declared external
Reference: https://github.com/trailofbits/slither/wiki/Detectors-Documentation#public-function-that-could-be-declared-as-external[0m
INFO:Detectors:[92m
Low level call in PlayCoinKey.endRound (/sb/0xd82409930a32dad66f90bc8455be4ce8faa06e93.sol#1339-1418):
	-! address(Pro_Inc).call.value(_com)(bytes4(keccak256()(deposit()))) /sb/0xd82409930a32dad66f90bc8455be4ce8faa06e93.sol#1366-1388
Low level call in PlayCoinKey.distributeExternal (/sb/0xd82409930a32dad66f90bc8455be4ce8faa06e93.sol#1485-1546):
	-! address(Pro_Inc).call.value(_com)(bytes4(keccak256()(deposit()))) /sb/0xd82409930a32dad66f90bc8455be4ce8faa06e93.sol#1497-1518
Reference: https://github.com/trailofbits/slither/wiki/Detectors-Documentation#low-level-calls[0m
INFO:Detectors:[92m
Event 'PCKevents.onNewName' (/sb/0xd82409930a32dad66f90bc8455be4ce8faa06e93.sol#10-23) is not in CapWords
Event 'PCKevents.onEndTx' (/sb/0xd82409930a32dad66f90bc8455be4ce8faa06e93.sol#26-42) is not in CapWords
Event 'PCKevents.onWithdraw' (/sb/0xd82409930a32dad66f90bc8455be4ce8faa06e93.sol#45-52) is not in CapWords
Event 'PCKevents.onWithdrawAndDistribute' (/sb/0xd82409930a32dad66f90bc8455be4ce8faa06e93.sol#55-68) is not in CapWords
Event 'PCKevents.onBuyAndDistribute' (/sb/0xd82409930a32dad66f90bc8455be4ce8faa06e93.sol#73-85) is not in CapWords
Event 'PCKevents.onReLoadAndDistribute' (/sb/0xd82409930a32dad66f90bc8455be4ce8faa06e93.sol#90-104) is not in CapWords
Event 'PCKevents.onAffiliatePayout' (/sb/0xd82409930a32dad66f90bc8455be4ce8faa06e93.sol#106-117) is not in CapWords
Event 'PCKevents.onPotSwapDeposit' (/sb/0xd82409930a32dad66f90bc8455be4ce8faa06e93.sol#121-122) is not in CapWords
Contract 'modularKey' (/sb/0xd82409930a32dad66f90bc8455be4ce8faa06e93.sol#130-131) is not in CapWords
Parameter '_threshold' of PlayCoinKey.setThreshold (/sb/0xd82409930a32dad66f90bc8455be4ce8faa06e93.sol#272) is not in mixedCase
Parameter '_closed' of PlayCoinKey.setEnforce (/sb/0xd82409930a32dad66f90bc8455be4ce8faa06e93.sol#276-277) is not in mixedCase
Parameter '_affCode' of PlayCoinKey.buyXid (/sb/0xd82409930a32dad66f90bc8455be4ce8faa06e93.sol#322-323) is not in mixedCase
Parameter '_team' of PlayCoinKey.buyXid (/sb/0xd82409930a32dad66f90bc8455be4ce8faa06e93.sol#323-324) is not in mixedCase
Parameter '_affCode' of PlayCoinKey.buyXaddr (/sb/0xd82409930a32dad66f90bc8455be4ce8faa06e93.sol#358-359) is not in mixedCase
Parameter '_team' of PlayCoinKey.buyXaddr (/sb/0xd82409930a32dad66f90bc8455be4ce8faa06e93.sol#359) is not in mixedCase
Parameter '_affCode' of PlayCoinKey.buyXname (/sb/0xd82409930a32dad66f90bc8455be4ce8faa06e93.sol#401) is not in mixedCase
Parameter '_team' of PlayCoinKey.buyXname (/sb/0xd82409930a32dad66f90bc8455be4ce8faa06e93.sol#401-403) is not in mixedCase
Parameter '_affCode' of PlayCoinKey.reLoadXid (/sb/0xd82409930a32dad66f90bc8455be4ce8faa06e93.sol#455) is not in mixedCase
Parameter '_team' of PlayCoinKey.reLoadXid (/sb/0xd82409930a32dad66f90bc8455be4ce8faa06e93.sol#455-456) is not in mixedCase
Parameter '_eth' of PlayCoinKey.reLoadXid (/sb/0xd82409930a32dad66f90bc8455be4ce8faa06e93.sol#456) is not in mixedCase
Parameter '_affCode' of PlayCoinKey.reLoadXaddr (/sb/0xd82409930a32dad66f90bc8455be4ce8faa06e93.sol#489-490) is not in mixedCase
Parameter '_team' of PlayCoinKey.reLoadXaddr (/sb/0xd82409930a32dad66f90bc8455be4ce8faa06e93.sol#490) is not in mixedCase
Parameter '_eth' of PlayCoinKey.reLoadXaddr (/sb/0xd82409930a32dad66f90bc8455be4ce8faa06e93.sol#490) is not in mixedCase
Parameter '_affCode' of PlayCoinKey.reLoadXname (/sb/0xd82409930a32dad66f90bc8455be4ce8faa06e93.sol#531) is not in mixedCase
Parameter '_team' of PlayCoinKey.reLoadXname (/sb/0xd82409930a32dad66f90bc8455be4ce8faa06e93.sol#531) is not in mixedCase
Parameter '_eth' of PlayCoinKey.reLoadXname (/sb/0xd82409930a32dad66f90bc8455be4ce8faa06e93.sol#532-533) is not in mixedCase
Parameter '_nameString' of PlayCoinKey.registerNameXID (/sb/0xd82409930a32dad66f90bc8455be4ce8faa06e93.sol#669-670) is not in mixedCase
Parameter '_affCode' of PlayCoinKey.registerNameXID (/sb/0xd82409930a32dad66f90bc8455be4ce8faa06e93.sol#670-671) is not in mixedCase
Parameter '_all' of PlayCoinKey.registerNameXID (/sb/0xd82409930a32dad66f90bc8455be4ce8faa06e93.sol#671) is not in mixedCase
Parameter '_nameString' of PlayCoinKey.registerNameXaddr (/sb/0xd82409930a32dad66f90bc8455be4ce8faa06e93.sol#685-686) is not in mixedCase
Parameter '_affCode' of PlayCoinKey.registerNameXaddr (/sb/0xd82409930a32dad66f90bc8455be4ce8faa06e93.sol#686-687) is not in mixedCase
Parameter '_all' of PlayCoinKey.registerNameXaddr (/sb/0xd82409930a32dad66f90bc8455be4ce8faa06e93.sol#687-688) is not in mixedCase
Parameter '_nameString' of PlayCoinKey.registerNameXname (/sb/0xd82409930a32dad66f90bc8455be4ce8faa06e93.sol#700-701) is not in mixedCase
Parameter '_affCode' of PlayCoinKey.registerNameXname (/sb/0xd82409930a32dad66f90bc8455be4ce8faa06e93.sol#701) is not in mixedCase
Parameter '_all' of PlayCoinKey.registerNameXname (/sb/0xd82409930a32dad66f90bc8455be4ce8faa06e93.sol#701) is not in mixedCase
Parameter '_pID' of PlayCoinKey.getPlayerVaults (/sb/0xd82409930a32dad66f90bc8455be4ce8faa06e93.sol#779) is not in mixedCase
Parameter '_pID' of PlayCoinKey.getPlayerVaultsHelper (/sb/0xd82409930a32dad66f90bc8455be4ce8faa06e93.sol#823-824) is not in mixedCase
Parameter '_rID' of PlayCoinKey.getPlayerVaultsHelper (/sb/0xd82409930a32dad66f90bc8455be4ce8faa06e93.sol#824) is not in mixedCase
Parameter '_addr' of PlayCoinKey.getPlayerInfoByAddress (/sb/0xd82409930a32dad66f90bc8455be4ce8faa06e93.sol#896) is not in mixedCase
Parameter '_pID' of PlayCoinKey.buyCore (/sb/0xd82409930a32dad66f90bc8455be4ce8faa06e93.sol#929) is not in mixedCase
Parameter '_affID' of PlayCoinKey.buyCore (/sb/0xd82409930a32dad66f90bc8455be4ce8faa06e93.sol#929-930) is not in mixedCase
Parameter '_team' of PlayCoinKey.buyCore (/sb/0xd82409930a32dad66f90bc8455be4ce8faa06e93.sol#930-931) is not in mixedCase
Parameter '_eventData_' of PlayCoinKey.buyCore (/sb/0xd82409930a32dad66f90bc8455be4ce8faa06e93.sol#931-932) is not in mixedCase
Parameter '_pID' of PlayCoinKey.reLoadCore (/sb/0xd82409930a32dad66f90bc8455be4ce8faa06e93.sol#983) is not in mixedCase
Parameter '_affID' of PlayCoinKey.reLoadCore (/sb/0xd82409930a32dad66f90bc8455be4ce8faa06e93.sol#983) is not in mixedCase
Parameter '_team' of PlayCoinKey.reLoadCore (/sb/0xd82409930a32dad66f90bc8455be4ce8faa06e93.sol#983) is not in mixedCase
Parameter '_eth' of PlayCoinKey.reLoadCore (/sb/0xd82409930a32dad66f90bc8455be4ce8faa06e93.sol#983-984) is not in mixedCase
Parameter '_eventData_' of PlayCoinKey.reLoadCore (/sb/0xd82409930a32dad66f90bc8455be4ce8faa06e93.sol#984-985) is not in mixedCase
Parameter '_rID' of PlayCoinKey.core (/sb/0xd82409930a32dad66f90bc8455be4ce8faa06e93.sol#1040) is not in mixedCase
Parameter '_pID' of PlayCoinKey.core (/sb/0xd82409930a32dad66f90bc8455be4ce8faa06e93.sol#1040) is not in mixedCase
Parameter '_eth' of PlayCoinKey.core (/sb/0xd82409930a32dad66f90bc8455be4ce8faa06e93.sol#1040-1041) is not in mixedCase
Parameter '_affID' of PlayCoinKey.core (/sb/0xd82409930a32dad66f90bc8455be4ce8faa06e93.sol#1041-1042) is not in mixedCase
Parameter '_team' of PlayCoinKey.core (/sb/0xd82409930a32dad66f90bc8455be4ce8faa06e93.sol#1042) is not in mixedCase
Parameter '_eventData_' of PlayCoinKey.core (/sb/0xd82409930a32dad66f90bc8455be4ce8faa06e93.sol#1042-1044) is not in mixedCase
Parameter '_pID' of PlayCoinKey.calcUnMaskedEarnings (/sb/0xd82409930a32dad66f90bc8455be4ce8faa06e93.sol#1163) is not in mixedCase
Parameter '_rIDlast' of PlayCoinKey.calcUnMaskedEarnings (/sb/0xd82409930a32dad66f90bc8455be4ce8faa06e93.sol#1163-1164) is not in mixedCase
Parameter '_rID' of PlayCoinKey.calcKeysReceived (/sb/0xd82409930a32dad66f90bc8455be4ce8faa06e93.sol#1180) is not in mixedCase
Parameter '_eth' of PlayCoinKey.calcKeysReceived (/sb/0xd82409930a32dad66f90bc8455be4ce8faa06e93.sol#1180) is not in mixedCase
Parameter '_keys' of PlayCoinKey.iWantXKeys (/sb/0xd82409930a32dad66f90bc8455be4ce8faa06e93.sol#1197-1198) is not in mixedCase
Parameter '_pID' of PlayCoinKey.receivePlayerInfo (/sb/0xd82409930a32dad66f90bc8455be4ce8faa06e93.sol#1223) is not in mixedCase
Parameter '_addr' of PlayCoinKey.receivePlayerInfo (/sb/0xd82409930a32dad66f90bc8455be4ce8faa06e93.sol#1224) is not in mixedCase
Parameter '_name' of PlayCoinKey.receivePlayerInfo (/sb/0xd82409930a32dad66f90bc8455be4ce8faa06e93.sol#1225) is not in mixedCase
Parameter '_laff' of PlayCoinKey.receivePlayerInfo (/sb/0xd82409930a32dad66f90bc8455be4ce8faa06e93.sol#1225) is not in mixedCase
Parameter '_pID' of PlayCoinKey.receivePlayerNameList (/sb/0xd82409930a32dad66f90bc8455be4ce8faa06e93.sol#1244) is not in mixedCase
Parameter '_name' of PlayCoinKey.receivePlayerNameList (/sb/0xd82409930a32dad66f90bc8455be4ce8faa06e93.sol#1244-1245) is not in mixedCase
Parameter '_eventData_' of PlayCoinKey.determinePID (/sb/0xd82409930a32dad66f90bc8455be4ce8faa06e93.sol#1258-1260) is not in mixedCase
Parameter '_team' of PlayCoinKey.verifyTeam (/sb/0xd82409930a32dad66f90bc8455be4ce8faa06e93.sol#1303) is not in mixedCase
Parameter '_pID' of PlayCoinKey.managePlayer (/sb/0xd82409930a32dad66f90bc8455be4ce8faa06e93.sol#1318) is not in mixedCase
Parameter '_eventData_' of PlayCoinKey.managePlayer (/sb/0xd82409930a32dad66f90bc8455be4ce8faa06e93.sol#1318) is not in mixedCase
Parameter '_eventData_' of PlayCoinKey.endRound (/sb/0xd82409930a32dad66f90bc8455be4ce8faa06e93.sol#1339) is not in mixedCase
Parameter '_pID' of PlayCoinKey.updateGenVault (/sb/0xd82409930a32dad66f90bc8455be4ce8faa06e93.sol#1420) is not in mixedCase
Parameter '_rIDlast' of PlayCoinKey.updateGenVault (/sb/0xd82409930a32dad66f90bc8455be4ce8faa06e93.sol#1420) is not in mixedCase
Parameter '_keys' of PlayCoinKey.updateTimer (/sb/0xd82409930a32dad66f90bc8455be4ce8faa06e93.sol#1437-1438) is not in mixedCase
Parameter '_rID' of PlayCoinKey.updateTimer (/sb/0xd82409930a32dad66f90bc8455be4ce8faa06e93.sol#1438) is not in mixedCase
Parameter '_eth' of PlayCoinKey.updateTimer (/sb/0xd82409930a32dad66f90bc8455be4ce8faa06e93.sol#1438-1439) is not in mixedCase
Parameter '_rID' of PlayCoinKey.distributeExternal (/sb/0xd82409930a32dad66f90bc8455be4ce8faa06e93.sol#1486) is not in mixedCase
Parameter '_pID' of PlayCoinKey.distributeExternal (/sb/0xd82409930a32dad66f90bc8455be4ce8faa06e93.sol#1486-1487) is not in mixedCase
Parameter '_eth' of PlayCoinKey.distributeExternal (/sb/0xd82409930a32dad66f90bc8455be4ce8faa06e93.sol#1487) is not in mixedCase
Parameter '_affID' of PlayCoinKey.distributeExternal (/sb/0xd82409930a32dad66f90bc8455be4ce8faa06e93.sol#1488-1489) is not in mixedCase
Parameter '_team' of PlayCoinKey.distributeExternal (/sb/0xd82409930a32dad66f90bc8455be4ce8faa06e93.sol#1489-1490) is not in mixedCase
Parameter '_eventData_' of PlayCoinKey.distributeExternal (/sb/0xd82409930a32dad66f90bc8455be4ce8faa06e93.sol#1490-1491) is not in mixedCase
Parameter '_rID' of PlayCoinKey.distributeInternal (/sb/0xd82409930a32dad66f90bc8455be4ce8faa06e93.sol#1560) is not in mixedCase
Parameter '_pID' of PlayCoinKey.distributeInternal (/sb/0xd82409930a32dad66f90bc8455be4ce8faa06e93.sol#1560) is not in mixedCase
Parameter '_eth' of PlayCoinKey.distributeInternal (/sb/0xd82409930a32dad66f90bc8455be4ce8faa06e93.sol#1560) is not in mixedCase
Parameter '_team' of PlayCoinKey.distributeInternal (/sb/0xd82409930a32dad66f90bc8455be4ce8faa06e93.sol#1560-1561) is not in mixedCase
Parameter '_keys' of PlayCoinKey.distributeInternal (/sb/0xd82409930a32dad66f90bc8455be4ce8faa06e93.sol#1561) is not in mixedCase
Parameter '_eventData_' of PlayCoinKey.distributeInternal (/sb/0xd82409930a32dad66f90bc8455be4ce8faa06e93.sol#1561) is not in mixedCase
Parameter '_rID' of PlayCoinKey.updateMasks (/sb/0xd82409930a32dad66f90bc8455be4ce8faa06e93.sol#1587-1588) is not in mixedCase
Parameter '_pID' of PlayCoinKey.updateMasks (/sb/0xd82409930a32dad66f90bc8455be4ce8faa06e93.sol#1588-1589) is not in mixedCase
Parameter '_gen' of PlayCoinKey.updateMasks (/sb/0xd82409930a32dad66f90bc8455be4ce8faa06e93.sol#1589) is not in mixedCase
Parameter '_keys' of PlayCoinKey.updateMasks (/sb/0xd82409930a32dad66f90bc8455be4ce8faa06e93.sol#1589-1590) is not in mixedCase
Parameter '_pID' of PlayCoinKey.withdrawEarnings (/sb/0xd82409930a32dad66f90bc8455be4ce8faa06e93.sol#1635-1636) is not in mixedCase
Parameter '_pID' of PlayCoinKey.endTx (/sb/0xd82409930a32dad66f90bc8455be4ce8faa06e93.sol#1649) is not in mixedCase
Parameter '_team' of PlayCoinKey.endTx (/sb/0xd82409930a32dad66f90bc8455be4ce8faa06e93.sol#1649) is not in mixedCase
Parameter '_eth' of PlayCoinKey.endTx (/sb/0xd82409930a32dad66f90bc8455be4ce8faa06e93.sol#1649) is not in mixedCase
Parameter '_keys' of PlayCoinKey.endTx (/sb/0xd82409930a32dad66f90bc8455be4ce8faa06e93.sol#1649) is not in mixedCase
Parameter '_eventData_' of PlayCoinKey.endTx (/sb/0xd82409930a32dad66f90bc8455be4ce8faa06e93.sol#1649-1651) is not in mixedCase
Parameter '_otherPCK' of PlayCoinKey.setOtherPCK (/sb/0xd82409930a32dad66f90bc8455be4ce8faa06e93.sol#1709) is not in mixedCase
Constant 'PlayCoinKey.PCGod' (/sb/0xd82409930a32dad66f90bc8455be4ce8faa06e93.sol#135-136) is not in UPPER_CASE_WITH_UNDERSCORES
Constant 'PlayCoinKey.Pro_Inc' (/sb/0xd82409930a32dad66f90bc8455be4ce8faa06e93.sol#136-137) is not in UPPER_CASE_WITH_UNDERSCORES
Constant 'PlayCoinKey.PlayerBook' (/sb/0xd82409930a32dad66f90bc8455be4ce8faa06e93.sol#137-139) is not in UPPER_CASE_WITH_UNDERSCORES
Constant 'PlayCoinKey.rndInit_' (/sb/0xd82409930a32dad66f90bc8455be4ce8faa06e93.sol#146) is not in UPPER_CASE_WITH_UNDERSCORES
Constant 'PlayCoinKey.rndInc_' (/sb/0xd82409930a32dad66f90bc8455be4ce8faa06e93.sol#147) is not in UPPER_CASE_WITH_UNDERSCORES
Constant 'PlayCoinKey.rndMax_' (/sb/0xd82409930a32dad66f90bc8455be4ce8faa06e93.sol#150) is not in UPPER_CASE_WITH_UNDERSCORES
Constant 'PlayCoinKey.rndMin_' (/sb/0xd82409930a32dad66f90bc8455be4ce8faa06e93.sol#151-153) is not in UPPER_CASE_WITH_UNDERSCORES
Parameter '_curEth' of PCKKeysCalcLong.keysRec (/sb/0xd82409930a32dad66f90bc8455be4ce8faa06e93.sol#1817) is not in mixedCase
Parameter '_newEth' of PCKKeysCalcLong.keysRec (/sb/0xd82409930a32dad66f90bc8455be4ce8faa06e93.sol#1817-1818) is not in mixedCase
Parameter '_curKeys' of PCKKeysCalcLong.ethRec (/sb/0xd82409930a32dad66f90bc8455be4ce8faa06e93.sol#1832-1833) is not in mixedCase
Parameter '_sellKeys' of PCKKeysCalcLong.ethRec (/sb/0xd82409930a32dad66f90bc8455be4ce8faa06e93.sol#1833) is not in mixedCase
Parameter '_eth' of PCKKeysCalcLong.keys (/sb/0xd82409930a32dad66f90bc8455be4ce8faa06e93.sol#1841) is not in mixedCase
Parameter '_keys' of PCKKeysCalcLong.eth (/sb/0xd82409930a32dad66f90bc8455be4ce8faa06e93.sol#1848) is not in mixedCase
Contract 'otherPCK' (/sb/0xd82409930a32dad66f90bc8455be4ce8faa06e93.sol#1859-1861) is not in CapWords
Parameter '_input' of NameFilter.nameFilter (/sb/0xd82409930a32dad66f90bc8455be4ce8faa06e93.sol#1913) is not in mixedCase
Reference: https://github.com/trailofbits/slither/wiki/Detectors-Documentation#conformance-to-solidity-naming-conventions[0m
INFO:Slither:/sb/0xd82409930a32dad66f90bc8455be4ce8faa06e93.sol analyzed (12 contracts), 162 result(s) found
