INFO:Slither:Compilation warnings/errors on /sb/0x0e2c596eba5db1d18abfcac52c865e48f3971aff.sol:
/sb/0x0e2c596eba5db1d18abfcac52c865e48f3971aff.sol:216:5: Warning: Defining constructors as functions with the same name as the contract is deprecated. Use "constructor(...) { ... }" instead.
    function DENtoken() public {
    ^ (Relevant source part starts here and spans across multiple lines).
/sb/0x0e2c596eba5db1d18abfcac52c865e48f3971aff.sol:111:9: Warning: Invoking events without "emit" prefix is deprecated.
        Transfer(msg.sender, _to, _value);
        ^-------------------------------^
/sb/0x0e2c596eba5db1d18abfcac52c865e48f3971aff.sol:145:9: Warning: Invoking events without "emit" prefix is deprecated.
        Transfer(_from, _to, _value);
        ^--------------------------^
/sb/0x0e2c596eba5db1d18abfcac52c865e48f3971aff.sol:161:9: Warning: Invoking events without "emit" prefix is deprecated.
        Approval(msg.sender, _spender, _value);
        ^------------------------------------^
/sb/0x0e2c596eba5db1d18abfcac52c865e48f3971aff.sol:183:9: Warning: Invoking events without "emit" prefix is deprecated.
        Approval(msg.sender, _spender, allowed[msg.sender][_spender]);
        ^-----------------------------------------------------------^
/sb/0x0e2c596eba5db1d18abfcac52c865e48f3971aff.sol:194:9: Warning: Invoking events without "emit" prefix is deprecated.
        Approval(msg.sender, _spender, allowed[msg.sender][_spender]);
        ^-----------------------------------------------------------^
/sb/0x0e2c596eba5db1d18abfcac52c865e48f3971aff.sol:241:9: Warning: Invoking events without "emit" prefix is deprecated.
        TokenPurchase(_investor, weiAmount, tokens);
        ^-----------------------------------------^
/sb/0x0e2c596eba5db1d18abfcac52c865e48f3971aff.sol:249:13: Warning: Invoking events without "emit" prefix is deprecated.
            TokenLimitReached(tokenAllocated, addTokens);
            ^------------------------------------------^
/sb/0x0e2c596eba5db1d18abfcac52c865e48f3971aff.sol:363:9: Warning: Invoking events without "emit" prefix is deprecated.
        Transfer(_owner, _to, _amount);
        ^----------------------------^
/sb/0x0e2c596eba5db1d18abfcac52c865e48f3971aff.sol:374:9: Warning: Invoking events without "emit" prefix is deprecated.
        OwnerChanged(owner, _newOwner);
        ^----------------------------^
/sb/0x0e2c596eba5db1d18abfcac52c865e48f3971aff.sol:396:24: Warning: Using contract member "balance" inherited from the address type is deprecated. Convert the contract to "address" type to access the member, for example use "address(contract).balance" instead.
        owner.transfer(this.balance);
                       ^----------^
/sb/0x0e2c596eba5db1d18abfcac52c865e48f3971aff.sol:399:9: Warning: Invoking events without "emit" prefix is deprecated.
        Transfer(this, owner, balance);
        ^----------------------------^

INFO:Detectors:[92m
ERC20.totalSupply should be constant (/sb/0x0e2c596eba5db1d18abfcac52c865e48f3971aff.sol#70)
ERC20.transfersEnabled should be constant (/sb/0x0e2c596eba5db1d18abfcac52c865e48f3971aff.sol#70)
Reference: https://github.com/trailofbits/slither/wiki/Detectors-Documentation#state-variables-that-could-be-declared-constant[0m
INFO:Detectors:[92m
ERC20.transferFrom (/sb/0x0e2c596eba5db1d18abfcac52c865e48f3971aff.sol#74-76) should be declared external
StandardToken.transferFrom (/sb/0x0e2c596eba5db1d18abfcac52c865e48f3971aff.sol#137-152) should be declared external
ERC20.approve (/sb/0x0e2c596eba5db1d18abfcac52c865e48f3971aff.sol#76-78) should be declared external
StandardToken.approve (/sb/0x0e2c596eba5db1d18abfcac52c865e48f3971aff.sol#161-168) should be declared external
StandardToken.allowance (/sb/0x0e2c596eba5db1d18abfcac52c865e48f3971aff.sol#175-178) should be declared external
ERC20.allowance (/sb/0x0e2c596eba5db1d18abfcac52c865e48f3971aff.sol#78-80) should be declared external
StandardToken.increaseApproval (/sb/0x0e2c596eba5db1d18abfcac52c865e48f3971aff.sol#182-189) should be declared external
StandardToken.decreaseApproval (/sb/0x0e2c596eba5db1d18abfcac52c865e48f3971aff.sol#189-205) should be declared external
DENtoken.fallback (/sb/0x0e2c596eba5db1d18abfcac52c865e48f3971aff.sol#233-235) should be declared external
DENtoken.changeOwner (/sb/0x0e2c596eba5db1d18abfcac52c865e48f3971aff.sol#387-395) should be declared external
DENtoken.startSale (/sb/0x0e2c596eba5db1d18abfcac52c865e48f3971aff.sol#395-397) should be declared external
DENtoken.stopSale (/sb/0x0e2c596eba5db1d18abfcac52c865e48f3971aff.sol#397-399) should be declared external
DENtoken.enableTransfers (/sb/0x0e2c596eba5db1d18abfcac52c865e48f3971aff.sol#399-401) should be declared external
DENtoken.claimTokens (/sb/0x0e2c596eba5db1d18abfcac52c865e48f3971aff.sol) should be declared external
Reference: https://github.com/trailofbits/slither/wiki/Detectors-Documentation#public-function-that-could-be-declared-as-external[0m
INFO:Detectors:[92m
Detected issues with version pragma in /sb/0x0e2c596eba5db1d18abfcac52c865e48f3971aff.sol:
	- pragma solidity^0.4.18 (/sb/0x0e2c596eba5db1d18abfcac52c865e48f3971aff.sol#1): it allows old versions
Reference: https://github.com/trailofbits/slither/wiki/Detectors-Documentation#incorrect-version-of-solidity[0m
INFO:Detectors:[92m
Parameter '_owner' of BasicToken.balanceOf (/sb/0x0e2c596eba5db1d18abfcac52c865e48f3971aff.sol#126) is not in mixedCase
Parameter '_to' of BasicToken.transfer (/sb/0x0e2c596eba5db1d18abfcac52c865e48f3971aff.sol#104-105) is not in mixedCase
Parameter '_value' of BasicToken.transfer (/sb/0x0e2c596eba5db1d18abfcac52c865e48f3971aff.sol#105) is not in mixedCase
Parameter '_from' of StandardToken.transferFrom (/sb/0x0e2c596eba5db1d18abfcac52c865e48f3971aff.sol#138) is not in mixedCase
Parameter '_to' of StandardToken.transferFrom (/sb/0x0e2c596eba5db1d18abfcac52c865e48f3971aff.sol#138) is not in mixedCase
Parameter '_value' of StandardToken.transferFrom (/sb/0x0e2c596eba5db1d18abfcac52c865e48f3971aff.sol#138-139) is not in mixedCase
Parameter '_spender' of StandardToken.approve (/sb/0x0e2c596eba5db1d18abfcac52c865e48f3971aff.sol#162) is not in mixedCase
Parameter '_value' of StandardToken.approve (/sb/0x0e2c596eba5db1d18abfcac52c865e48f3971aff.sol#163-166) is not in mixedCase
Parameter '_owner' of StandardToken.allowance (/sb/0x0e2c596eba5db1d18abfcac52c865e48f3971aff.sol#176) is not in mixedCase
Parameter '_spender' of StandardToken.allowance (/sb/0x0e2c596eba5db1d18abfcac52c865e48f3971aff.sol#176) is not in mixedCase
Parameter '_spender' of StandardToken.increaseApproval (/sb/0x0e2c596eba5db1d18abfcac52c865e48f3971aff.sol#183) is not in mixedCase
Parameter '_addedValue' of StandardToken.increaseApproval (/sb/0x0e2c596eba5db1d18abfcac52c865e48f3971aff.sol#183) is not in mixedCase
Parameter '_spender' of StandardToken.decreaseApproval (/sb/0x0e2c596eba5db1d18abfcac52c865e48f3971aff.sol#190) is not in mixedCase
Parameter '_subtractedValue' of StandardToken.decreaseApproval (/sb/0x0e2c596eba5db1d18abfcac52c865e48f3971aff.sol#190-191) is not in mixedCase
Function 'DENtoken.DENtoken' (/sb/0x0e2c596eba5db1d18abfcac52c865e48f3971aff.sol#222-231) is not in mixedCase
Parameter '_investor' of DENtoken.buyTokens (/sb/0x0e2c596eba5db1d18abfcac52c865e48f3971aff.sol#235) is not in mixedCase
Parameter '_weiAmount' of DENtoken.validPurchaseTokens (/sb/0x0e2c596eba5db1d18abfcac52c865e48f3971aff.sol#252) is not in mixedCase
Parameter '_weiAmount' of DENtoken.getTotalAmountOfTokens (/sb/0x0e2c596eba5db1d18abfcac52c865e48f3971aff.sol#270) is not in mixedCase
Parameter '_to' of DENtoken.mint (/sb/0x0e2c596eba5db1d18abfcac52c865e48f3971aff.sol#367-368) is not in mixedCase
Parameter '_amount' of DENtoken.mint (/sb/0x0e2c596eba5db1d18abfcac52c865e48f3971aff.sol#368) is not in mixedCase
Parameter '_owner' of DENtoken.mint (/sb/0x0e2c596eba5db1d18abfcac52c865e48f3971aff.sol#368-369) is not in mixedCase
Parameter '_newOwner' of DENtoken.changeOwner (/sb/0x0e2c596eba5db1d18abfcac52c865e48f3971aff.sol#387) is not in mixedCase
Parameter '_transfersEnabled' of DENtoken.enableTransfers (/sb/0x0e2c596eba5db1d18abfcac52c865e48f3971aff.sol) is not in mixedCase
Reference: https://github.com/trailofbits/slither/wiki/Detectors-Documentation#conformance-to-solidity-naming-conventions[0m
INFO:Slither:/sb/0x0e2c596eba5db1d18abfcac52c865e48f3971aff.sol analyzed (6 contracts), 39 result(s) found
