INFO:Slither:Compilation warnings/errors on /sb/0xb49814c571006e67f0e7f99b59cbf42ad0cbfc03.sol:
/sb/0xb49814c571006e67f0e7f99b59cbf42ad0cbfc03.sol:126:5: Warning: Defining constructors as functions with the same name as the contract is deprecated. Use "constructor(...) { ... }" instead.
    function CryptoDivert() public {
    ^ (Relevant source part starts here and spans across multiple lines).
/sb/0xb49814c571006e67f0e7f99b59cbf42ad0cbfc03.sol:465:27: Warning: This function only accepts a single "bytes" argument. Please use "abi.encodePacked(...)" or a similar function to encode the data.
        _return = uint256(keccak256(_seed, block.blockhash(block.number -1), block.difficulty, block.coinbase));
                          ^----------------------------------------------------------------------------------^
/sb/0xb49814c571006e67f0e7f99b59cbf42ad0cbfc03.sol:471:16: Warning: This function only accepts a single "bytes" argument. Please use "abi.encodePacked(...)" or a similar function to encode the data.
        return ripemd160(_password,"0x",_addressString);
               ^--------------------------------------^
/sb/0xb49814c571006e67f0e7f99b59cbf42ad0cbfc03.sol:465:44: Warning: "block.blockhash()" has been deprecated in favor of "blockhash()"
        _return = uint256(keccak256(_seed, block.blockhash(block.number -1), block.difficulty, block.coinbase));
                                           ^-------------^

INFO:Detectors:[93m
_randomPercentage in CryptoDivert.Retrieve (/sb/0xb49814c571006e67f0e7f99b59cbf42ad0cbfc03.sol#324) is a local variable never initialiazed
Reference: https://github.com/trailofbits/slither/wiki/Detectors-Documentation#uninitialized-local-variables[0m
INFO:Detectors:[92m
Deprecated standard detected @ /sb/0xb49814c571006e67f0e7f99b59cbf42ad0cbfc03.sol#475-477:
	- Usage of "block.blockhash()" should be replaced with "blockhash()"
Reference: https://github.com/trailofbits/slither/wiki/Detectors-Documentation#deprecated-standards[0m
INFO:Detectors:[92m
CryptoDivert.fallback (/sb/0xb49814c571006e67f0e7f99b59cbf42ad0cbfc03.sol#145-147) should be declared external
Reference: https://github.com/trailofbits/slither/wiki/Detectors-Documentation#public-function-that-could-be-declared-as-external[0m
INFO:Detectors:[92m
Detected issues with version pragma in /sb/0xb49814c571006e67f0e7f99b59cbf42ad0cbfc03.sol:
	- pragma solidity^0.4.21 (/sb/0xb49814c571006e67f0e7f99b59cbf42ad0cbfc03.sol#51-52): it allows old versions
Reference: https://github.com/trailofbits/slither/wiki/Detectors-Documentation#incorrect-version-of-solidity[0m
INFO:Detectors:[92m
Function 'CryptoDivert.CryptoDivert' (/sb/0xb49814c571006e67f0e7f99b59cbf42ad0cbfc03.sol#128-135) is not in mixedCase
Function 'CryptoDivert.AuditBalances' (/sb/0xb49814c571006e67f0e7f99b59cbf42ad0cbfc03.sol#183-192) is not in mixedCase
Function 'CryptoDivert.AuditSafeGuard' (/sb/0xb49814c571006e67f0e7f99b59cbf42ad0cbfc03.sol#198-212) is not in mixedCase
Parameter '_originAddressHash' of CryptoDivert.AuditSafeGuard (/sb/0xb49814c571006e67f0e7f99b59cbf42ad0cbfc03.sol#198) is not in mixedCase
Function 'CryptoDivert.SafeGuard' (/sb/0xb49814c571006e67f0e7f99b59cbf42ad0cbfc03.sol#235-290) is not in mixedCase
Parameter '_originAddressHash' of CryptoDivert.SafeGuard (/sb/0xb49814c571006e67f0e7f99b59cbf42ad0cbfc03.sol#236) is not in mixedCase
Parameter '_releaseTime' of CryptoDivert.SafeGuard (/sb/0xb49814c571006e67f0e7f99b59cbf42ad0cbfc03.sol#236) is not in mixedCase
Parameter '_privacyCommission' of CryptoDivert.SafeGuard (/sb/0xb49814c571006e67f0e7f99b59cbf42ad0cbfc03.sol#236) is not in mixedCase
Function 'CryptoDivert.Retrieve' (/sb/0xb49814c571006e67f0e7f99b59cbf42ad0cbfc03.sol#314-417) is not in mixedCase
Parameter '_password' of CryptoDivert.Retrieve (/sb/0xb49814c571006e67f0e7f99b59cbf42ad0cbfc03.sol#314) is not in mixedCase
Parameter '_originAddress' of CryptoDivert.Retrieve (/sb/0xb49814c571006e67f0e7f99b59cbf42ad0cbfc03.sol#314-315) is not in mixedCase
Function 'CryptoDivert.RetrieveCommissions' (/sb/0xb49814c571006e67f0e7f99b59cbf42ad0cbfc03.sol#420-438) is not in mixedCase
Parameter '_newAdmin' of CryptoDivert.setAdmin (/sb/0xb49814c571006e67f0e7f99b59cbf42ad0cbfc03.sol#447) is not in mixedCase
Function 'CryptoDivert._randomize' (/sb/0xb49814c571006e67f0e7f99b59cbf42ad0cbfc03.sol#471-478) is not in mixedCase
Parameter '_seed' of CryptoDivert._randomize (/sb/0xb49814c571006e67f0e7f99b59cbf42ad0cbfc03.sol#474) is not in mixedCase
Parameter '_max' of CryptoDivert._randomize (/sb/0xb49814c571006e67f0e7f99b59cbf42ad0cbfc03.sol#474) is not in mixedCase
Function 'CryptoDivert._getOriginAddressHash' (/sb/0xb49814c571006e67f0e7f99b59cbf42ad0cbfc03.sol#478-486) is not in mixedCase
Parameter '_address' of CryptoDivert._getOriginAddressHash (/sb/0xb49814c571006e67f0e7f99b59cbf42ad0cbfc03.sol#479) is not in mixedCase
Parameter '_password' of CryptoDivert._getOriginAddressHash (/sb/0xb49814c571006e67f0e7f99b59cbf42ad0cbfc03.sol#479) is not in mixedCase
Modifier 'CryptoDivert.OnlyByAdmin' (/sb/0xb49814c571006e67f0e7f99b59cbf42ad0cbfc03.sol#118-120) is not in mixedCase
Reference: https://github.com/trailofbits/slither/wiki/Detectors-Documentation#conformance-to-solidity-naming-conventions[0m
INFO:Slither:/sb/0xb49814c571006e67f0e7f99b59cbf42ad0cbfc03.sol analyzed (2 contracts), 24 result(s) found
