INFO:Slither:Compilation warnings/errors on /sb/0xd0020a0f0fb926910aa26c4bee922ab961c5393f.sol:
/sb/0xd0020a0f0fb926910aa26c4bee922ab961c5393f.sol:7:21: Warning: This function only accepts a single "bytes" argument. Please use "abi.encodePacked(...)" or a similar function to encode the data.
    _seed = uint256(keccak256(
                    ^ (Relevant source part starts here and spans across multiple lines).
/sb/0xd0020a0f0fb926910aa26c4bee922ab961c5393f.sol:9:9: Warning: "block.blockhash()" has been deprecated in favor of "blockhash()"
        block.blockhash(block.number - 1),
        ^-------------^

INFO:Detectors:[92m
Deprecated standard detected @ /sb/0xd0020a0f0fb926910aa26c4bee922ab961c5393f.sol#7-13:
	- Usage of "block.blockhash()" should be replaced with "blockhash()"
Reference: https://github.com/trailofbits/slither/wiki/Detectors-Documentation#deprecated-standards[0m
INFO:Detectors:[92m
Detected issues with version pragma in /sb/0xd0020a0f0fb926910aa26c4bee922ab961c5393f.sol:
	- pragma solidity^0.4.18 (/sb/0xd0020a0f0fb926910aa26c4bee922ab961c5393f.sol#1): it allows old versions
Reference: https://github.com/trailofbits/slither/wiki/Detectors-Documentation#incorrect-version-of-solidity[0m
INFO:Detectors:[92m
Variable 'Random._seed' (/sb/0xd0020a0f0fb926910aa26c4bee922ab961c5393f.sol#4-6) is not in mixedCase
Parameter '_stageNum' of Lottery.randomJackpot (/sb/0xd0020a0f0fb926910aa26c4bee922ab961c5393f.sol#41) is not in mixedCase
Parameter '_participantsHash' of Lottery.randomJackpot (/sb/0xd0020a0f0fb926910aa26c4bee922ab961c5393f.sol#41-42) is not in mixedCase
Parameter '_maxNum' of Lottery.randomJackpot (/sb/0xd0020a0f0fb926910aa26c4bee922ab961c5393f.sol#42) is not in mixedCase
Reference: https://github.com/trailofbits/slither/wiki/Detectors-Documentation#conformance-to-solidity-naming-conventions[0m
INFO:Slither:/sb/0xd0020a0f0fb926910aa26c4bee922ab961c5393f.sol analyzed (2 contracts), 6 result(s) found
