INFO:Slither:Compilation warnings/errors on /sb/0x1c3bb10de15c31d5dbe48fbb7b87735d1b7d8c32.sol:
/sb/0x1c3bb10de15c31d5dbe48fbb7b87735d1b7d8c32.sol:76:5: Warning: Defining constructors as functions with the same name as the contract is deprecated. Use "constructor(...) { ... }" instead.
    function Owned() public {
    ^ (Relevant source part starts here and spans across multiple lines).
/sb/0x1c3bb10de15c31d5dbe48fbb7b87735d1b7d8c32.sol:114:5: Warning: Defining constructors as functions with the same name as the contract is deprecated. Use "constructor(...) { ... }" instead.
    function BLONDCOIN() public {
    ^ (Relevant source part starts here and spans across multiple lines).
/sb/0x1c3bb10de15c31d5dbe48fbb7b87735d1b7d8c32.sol:90:9: Warning: Invoking events without "emit" prefix is deprecated.
        OwnershipTransferred(owner, newOwner);
        ^-----------------------------------^
/sb/0x1c3bb10de15c31d5dbe48fbb7b87735d1b7d8c32.sol:119:18: Warning: This looks like an address but has an invalid checksum. If this is not used as an address, please prepend '00'. Correct checksummed address: '0xFf72c65AA864774aa029114C0f15A44bfC6BC4e0'. For more information please see https://solidity.readthedocs.io/en/develop/types.html#address-literals
        balances[0xff72c65aa864774aa029114c0f15a44bfc6bc4e0] = _totalSupply;
                 ^----------------------------------------^
/sb/0x1c3bb10de15c31d5dbe48fbb7b87735d1b7d8c32.sol:120:30: Warning: This looks like an address but has an invalid checksum. If this is not used as an address, please prepend '00'. Correct checksummed address: '0xFf72c65AA864774aa029114C0f15A44bfC6BC4e0'. For more information please see https://solidity.readthedocs.io/en/develop/types.html#address-literals
        Transfer(address(0), 0xff72c65aa864774aa029114c0f15a44bfc6bc4e0, _totalSupply);
                             ^----------------------------------------^
/sb/0x1c3bb10de15c31d5dbe48fbb7b87735d1b7d8c32.sol:120:9: Warning: Invoking events without "emit" prefix is deprecated.
        Transfer(address(0), 0xff72c65aa864774aa029114c0f15a44bfc6bc4e0, _totalSupply);
        ^----------------------------------------------------------------------------^
/sb/0x1c3bb10de15c31d5dbe48fbb7b87735d1b7d8c32.sol:148:9: Warning: Invoking events without "emit" prefix is deprecated.
        Transfer(msg.sender, to, tokens);
        ^------------------------------^
/sb/0x1c3bb10de15c31d5dbe48fbb7b87735d1b7d8c32.sol:163:9: Warning: Invoking events without "emit" prefix is deprecated.
        Approval(msg.sender, spender, tokens);
        ^-----------------------------------^
/sb/0x1c3bb10de15c31d5dbe48fbb7b87735d1b7d8c32.sol:181:9: Warning: Invoking events without "emit" prefix is deprecated.
        Transfer(from, to, tokens);
        ^------------------------^
/sb/0x1c3bb10de15c31d5dbe48fbb7b87735d1b7d8c32.sol:202:9: Warning: Invoking events without "emit" prefix is deprecated.
        Approval(msg.sender, spender, tokens);
        ^-----------------------------------^

INFO:Detectors:[93m
Contract locking ether found in /sb/0x1c3bb10de15c31d5dbe48fbb7b87735d1b7d8c32.sol:
	Contract BLONDCOIN has payable functions:
	 - fallback (/sb/0x1c3bb10de15c31d5dbe48fbb7b87735d1b7d8c32.sol#218)
	But does not have a function to withdraw the ether
Reference: https://github.com/trailofbits/slither/wiki/Detectors-Documentation#contracts-that-lock-ether[0m
INFO:Detectors:[92m
SafeMath.safeMul (/sb/0x1c3bb10de15c31d5dbe48fbb7b87735d1b7d8c32.sol#29-33) should be declared external
SafeMath.safeDiv (/sb/0x1c3bb10de15c31d5dbe48fbb7b87735d1b7d8c32.sol#33-40) should be declared external
BLONDCOIN.totalSupply (/sb/0x1c3bb10de15c31d5dbe48fbb7b87735d1b7d8c32.sol#132-133) should be declared external
ERC20Interface.totalSupply (/sb/0x1c3bb10de15c31d5dbe48fbb7b87735d1b7d8c32.sol#45-46) should be declared external
BLONDCOIN.balanceOf (/sb/0x1c3bb10de15c31d5dbe48fbb7b87735d1b7d8c32.sol#140-141) should be declared external
ERC20Interface.balanceOf (/sb/0x1c3bb10de15c31d5dbe48fbb7b87735d1b7d8c32.sol#46-47) should be declared external
ERC20Interface.allowance (/sb/0x1c3bb10de15c31d5dbe48fbb7b87735d1b7d8c32.sol#47-48) should be declared external
BLONDCOIN.allowance (/sb/0x1c3bb10de15c31d5dbe48fbb7b87735d1b7d8c32.sol#195-197) should be declared external
BLONDCOIN.transfer (/sb/0x1c3bb10de15c31d5dbe48fbb7b87735d1b7d8c32.sol#146-154) should be declared external
ERC20Interface.transfer (/sb/0x1c3bb10de15c31d5dbe48fbb7b87735d1b7d8c32.sol#48-49) should be declared external
ERC20Interface.approve (/sb/0x1c3bb10de15c31d5dbe48fbb7b87735d1b7d8c32.sol#49-50) should be declared external
BLONDCOIN.approve (/sb/0x1c3bb10de15c31d5dbe48fbb7b87735d1b7d8c32.sol#163-171) should be declared external
ERC20Interface.transferFrom (/sb/0x1c3bb10de15c31d5dbe48fbb7b87735d1b7d8c32.sol#50-52) should be declared external
BLONDCOIN.transferFrom (/sb/0x1c3bb10de15c31d5dbe48fbb7b87735d1b7d8c32.sol#179-188) should be declared external
ApproveAndCallFallBack.receiveApproval (/sb/0x1c3bb10de15c31d5dbe48fbb7b87735d1b7d8c32.sol#63-67) should be declared external
Owned.transferOwnership (/sb/0x1c3bb10de15c31d5dbe48fbb7b87735d1b7d8c32.sol#86-90) should be declared external
Owned.acceptOwnership (/sb/0x1c3bb10de15c31d5dbe48fbb7b87735d1b7d8c32.sol#90-98) should be declared external
BLONDCOIN.approveAndCall (/sb/0x1c3bb10de15c31d5dbe48fbb7b87735d1b7d8c32.sol#203-211) should be declared external
BLONDCOIN.fallback (/sb/0x1c3bb10de15c31d5dbe48fbb7b87735d1b7d8c32.sol#218) should be declared external
BLONDCOIN.transferAnyERC20Token (/sb/0x1c3bb10de15c31d5dbe48fbb7b87735d1b7d8c32.sol) should be declared external
Reference: https://github.com/trailofbits/slither/wiki/Detectors-Documentation#public-function-that-could-be-declared-as-external[0m
INFO:Detectors:[92m
Detected issues with version pragma in /sb/0x1c3bb10de15c31d5dbe48fbb7b87735d1b7d8c32.sol:
	- pragma solidity^0.4.18 (/sb/0x1c3bb10de15c31d5dbe48fbb7b87735d1b7d8c32.sol#1): it allows old versions
Reference: https://github.com/trailofbits/slither/wiki/Detectors-Documentation#incorrect-version-of-solidity[0m
INFO:Detectors:[92m
Function 'Owned.Owned' (/sb/0x1c3bb10de15c31d5dbe48fbb7b87735d1b7d8c32.sol#80-83) is not in mixedCase
Parameter '_newOwner' of Owned.transferOwnership (/sb/0x1c3bb10de15c31d5dbe48fbb7b87735d1b7d8c32.sol#88) is not in mixedCase
Function 'BLONDCOIN.BLONDCOIN' (/sb/0x1c3bb10de15c31d5dbe48fbb7b87735d1b7d8c32.sol#118-126) is not in mixedCase
Variable 'BLONDCOIN._totalSupply' (/sb/0x1c3bb10de15c31d5dbe48fbb7b87735d1b7d8c32.sol#108-111) is not in mixedCase
Reference: https://github.com/trailofbits/slither/wiki/Detectors-Documentation#conformance-to-solidity-naming-conventions[0m
INFO:Slither:/sb/0x1c3bb10de15c31d5dbe48fbb7b87735d1b7d8c32.sol analyzed (5 contracts), 26 result(s) found
