INFO:Detectors:[92m
ERC20Basic.totalSupply (/sb/0x21f7816e12cc0b60a2353c8ebebc94cc44f1e53a.sol#61) should be declared external
BasicToken.totalSupply (/sb/0x21f7816e12cc0b60a2353c8ebebc94cc44f1e53a.sol#83-87) should be declared external
ERC20Basic.balanceOf (/sb/0x21f7816e12cc0b60a2353c8ebebc94cc44f1e53a.sol#61-62) should be declared external
BasicToken.balanceOf (/sb/0x21f7816e12cc0b60a2353c8ebebc94cc44f1e53a.sol#111-115) should be declared external
BasicToken.transfer (/sb/0x21f7816e12cc0b60a2353c8ebebc94cc44f1e53a.sol#91-102) should be declared external
ERC20Basic.transfer (/sb/0x21f7816e12cc0b60a2353c8ebebc94cc44f1e53a.sol#62-63) should be declared external
ERC20.allowance (/sb/0x21f7816e12cc0b60a2353c8ebebc94cc44f1e53a.sol#119-122) should be declared external
StandardToken.allowance (/sb/0x21f7816e12cc0b60a2353c8ebebc94cc44f1e53a.sol#201-203) should be declared external
StandardToken.transferFrom (/sb/0x21f7816e12cc0b60a2353c8ebebc94cc44f1e53a.sol#157-170) should be declared external
ERC20.transferFrom (/sb/0x21f7816e12cc0b60a2353c8ebebc94cc44f1e53a.sol#122-124) should be declared external
ERC20.approve (/sb/0x21f7816e12cc0b60a2353c8ebebc94cc44f1e53a.sol#125-132) should be declared external
StandardToken.approve (/sb/0x21f7816e12cc0b60a2353c8ebebc94cc44f1e53a.sol#180-186) should be declared external
StandardToken.increaseApproval (/sb/0x21f7816e12cc0b60a2353c8ebebc94cc44f1e53a.sol#218-225) should be declared external
StandardToken.decreaseApproval (/sb/0x21f7816e12cc0b60a2353c8ebebc94cc44f1e53a.sol#240-256) should be declared external
Reference: https://github.com/trailofbits/slither/wiki/Detectors-Documentation#public-function-that-could-be-declared-as-external[0m
INFO:Detectors:[92m
Parameter '_a' of SafeMath.mul (/sb/0x21f7816e12cc0b60a2353c8ebebc94cc44f1e53a.sol#13) is not in mixedCase
Parameter '_b' of SafeMath.mul (/sb/0x21f7816e12cc0b60a2353c8ebebc94cc44f1e53a.sol#13) is not in mixedCase
Parameter '_a' of SafeMath.div (/sb/0x21f7816e12cc0b60a2353c8ebebc94cc44f1e53a.sol#29) is not in mixedCase
Parameter '_b' of SafeMath.div (/sb/0x21f7816e12cc0b60a2353c8ebebc94cc44f1e53a.sol#29) is not in mixedCase
Parameter '_a' of SafeMath.sub (/sb/0x21f7816e12cc0b60a2353c8ebebc94cc44f1e53a.sol#39) is not in mixedCase
Parameter '_b' of SafeMath.sub (/sb/0x21f7816e12cc0b60a2353c8ebebc94cc44f1e53a.sol#39-40) is not in mixedCase
Parameter '_a' of SafeMath.add (/sb/0x21f7816e12cc0b60a2353c8ebebc94cc44f1e53a.sol#47) is not in mixedCase
Parameter '_b' of SafeMath.add (/sb/0x21f7816e12cc0b60a2353c8ebebc94cc44f1e53a.sol#47-48) is not in mixedCase
Parameter '_owner' of BasicToken.balanceOf (/sb/0x21f7816e12cc0b60a2353c8ebebc94cc44f1e53a.sol#112-113) is not in mixedCase
Parameter '_to' of BasicToken.transfer (/sb/0x21f7816e12cc0b60a2353c8ebebc94cc44f1e53a.sol#91-92) is not in mixedCase
Parameter '_value' of BasicToken.transfer (/sb/0x21f7816e12cc0b60a2353c8ebebc94cc44f1e53a.sol#92) is not in mixedCase
Parameter '_owner' of StandardToken.allowance (/sb/0x21f7816e12cc0b60a2353c8ebebc94cc44f1e53a.sol#201) is not in mixedCase
Parameter '_spender' of StandardToken.allowance (/sb/0x21f7816e12cc0b60a2353c8ebebc94cc44f1e53a.sol#201-202) is not in mixedCase
Parameter '_from' of StandardToken.transferFrom (/sb/0x21f7816e12cc0b60a2353c8ebebc94cc44f1e53a.sol#158) is not in mixedCase
Parameter '_to' of StandardToken.transferFrom (/sb/0x21f7816e12cc0b60a2353c8ebebc94cc44f1e53a.sol#158-159) is not in mixedCase
Parameter '_value' of StandardToken.transferFrom (/sb/0x21f7816e12cc0b60a2353c8ebebc94cc44f1e53a.sol#159) is not in mixedCase
Parameter '_spender' of StandardToken.approve (/sb/0x21f7816e12cc0b60a2353c8ebebc94cc44f1e53a.sol#183-184) is not in mixedCase
Parameter '_value' of StandardToken.approve (/sb/0x21f7816e12cc0b60a2353c8ebebc94cc44f1e53a.sol#184) is not in mixedCase
Parameter '_spender' of StandardToken.increaseApproval (/sb/0x21f7816e12cc0b60a2353c8ebebc94cc44f1e53a.sol#218) is not in mixedCase
Parameter '_addedValue' of StandardToken.increaseApproval (/sb/0x21f7816e12cc0b60a2353c8ebebc94cc44f1e53a.sol#218-219) is not in mixedCase
Parameter '_spender' of StandardToken.decreaseApproval (/sb/0x21f7816e12cc0b60a2353c8ebebc94cc44f1e53a.sol#241-242) is not in mixedCase
Parameter '_subtractedValue' of StandardToken.decreaseApproval (/sb/0x21f7816e12cc0b60a2353c8ebebc94cc44f1e53a.sol#242) is not in mixedCase
Parameter '_name' of DetailedERC20. (/sb/0x21f7816e12cc0b60a2353c8ebebc94cc44f1e53a.sol#274) is not in mixedCase
Parameter '_symbol' of DetailedERC20. (/sb/0x21f7816e12cc0b60a2353c8ebebc94cc44f1e53a.sol#274-276) is not in mixedCase
Parameter '_decimals' of DetailedERC20. (/sb/0x21f7816e12cc0b60a2353c8ebebc94cc44f1e53a.sol#276) is not in mixedCase
Parameter '_decimals' of MundoGold. (/sb/0x21f7816e12cc0b60a2353c8ebebc94cc44f1e53a.sol#282) is not in mixedCase
Parameter '_amount' of MundoGold. (/sb/0x21f7816e12cc0b60a2353c8ebebc94cc44f1e53a.sol#282) is not in mixedCase
Reference: https://github.com/trailofbits/slither/wiki/Detectors-Documentation#conformance-to-solidity-naming-conventions[0m
INFO:Slither:/sb/0x21f7816e12cc0b60a2353c8ebebc94cc44f1e53a.sol analyzed (7 contracts), 41 result(s) found
