INFO:Slither:Compilation warnings/errors on /sb/0x0c9dbc3442f73c92c43bb7805358673839edd631.sol:
/sb/0x0c9dbc3442f73c92c43bb7805358673839edd631.sol:160:3: Warning: Defining constructors as functions with the same name as the contract is deprecated. Use "constructor(...) { ... }" instead.
  function EtherLinkToken() {
  ^ (Relevant source part starts here and spans across multiple lines).
/sb/0x0c9dbc3442f73c92c43bb7805358673839edd631.sol:56:5: Warning: Invoking events without "emit" prefix is deprecated.
    Transfer(msg.sender, _to, _value);
    ^-------------------------------^
/sb/0x0c9dbc3442f73c92c43bb7805358673839edd631.sol:101:5: Warning: Invoking events without "emit" prefix is deprecated.
    Transfer(_from, _to, _value);
    ^--------------------------^
/sb/0x0c9dbc3442f73c92c43bb7805358673839edd631.sol:116:5: Warning: Invoking events without "emit" prefix is deprecated.
    Approval(msg.sender, _spender, _value);
    ^------------------------------------^
/sb/0x0c9dbc3442f73c92c43bb7805358673839edd631.sol:137:5: Warning: Invoking events without "emit" prefix is deprecated.
    Approval(msg.sender, _spender, allowed[msg.sender][_spender]);
    ^-----------------------------------------------------------^
/sb/0x0c9dbc3442f73c92c43bb7805358673839edd631.sol:148:5: Warning: Invoking events without "emit" prefix is deprecated.
    Approval(msg.sender, _spender, allowed[msg.sender][_spender]);
    ^-----------------------------------------------------------^
/sb/0x0c9dbc3442f73c92c43bb7805358673839edd631.sol:156:44: Warning: Initial value for constant variable has to be compile-time constant. This will fail to compile with the next breaking version change.
  uint256 public constant INITIAL_SUPPLY = 5000000 * (10 ** uint256(decimals));
                                           ^---------------------------------^
/sb/0x0c9dbc3442f73c92c43bb7805358673839edd631.sol:134:3: Warning: No visibility specified. Defaulting to "public". 
  function increaseApproval (address _spender, uint _addedValue)
  ^ (Relevant source part starts here and spans across multiple lines).
/sb/0x0c9dbc3442f73c92c43bb7805358673839edd631.sol:140:3: Warning: No visibility specified. Defaulting to "public". 
  function decreaseApproval (address _spender, uint _subtractedValue)
  ^ (Relevant source part starts here and spans across multiple lines).
/sb/0x0c9dbc3442f73c92c43bb7805358673839edd631.sol:160:3: Warning: No visibility specified. Defaulting to "public". 
  function EtherLinkToken() {
  ^ (Relevant source part starts here and spans across multiple lines).
/sb/0x0c9dbc3442f73c92c43bb7805358673839edd631.sol:18:3: Warning: Function state mutability can be restricted to pure
  function mul(uint256 a, uint256 b) internal constant returns (uint256) {
  ^ (Relevant source part starts here and spans across multiple lines).
/sb/0x0c9dbc3442f73c92c43bb7805358673839edd631.sol:23:3: Warning: Function state mutability can be restricted to pure
  function div(uint256 a, uint256 b) internal constant returns (uint256) {
  ^ (Relevant source part starts here and spans across multiple lines).
/sb/0x0c9dbc3442f73c92c43bb7805358673839edd631.sol:29:3: Warning: Function state mutability can be restricted to pure
  function sub(uint256 a, uint256 b) internal constant returns (uint256) {
  ^ (Relevant source part starts here and spans across multiple lines).
/sb/0x0c9dbc3442f73c92c43bb7805358673839edd631.sol:33:3: Warning: Function state mutability can be restricted to pure
  function add(uint256 a, uint256 b) internal constant returns (uint256) {
  ^ (Relevant source part starts here and spans across multiple lines).

INFO:Detectors:[92m
EtherLinkToken.decimals should be constant (/sb/0x0c9dbc3442f73c92c43bb7805358673839edd631.sol#158)
EtherLinkToken.name should be constant (/sb/0x0c9dbc3442f73c92c43bb7805358673839edd631.sol#156-158)
EtherLinkToken.symbol should be constant (/sb/0x0c9dbc3442f73c92c43bb7805358673839edd631.sol#158)
Reference: https://github.com/trailofbits/slither/wiki/Detectors-Documentation#state-variables-that-could-be-declared-constant[0m
INFO:Detectors:[92m
ERC20Basic.balanceOf (/sb/0x0c9dbc3442f73c92c43bb7805358673839edd631.sol#9-10) should be declared external
BasicToken.balanceOf (/sb/0x0c9dbc3442f73c92c43bb7805358673839edd631.sol#64-70) should be declared external
BasicToken.transfer (/sb/0x0c9dbc3442f73c92c43bb7805358673839edd631.sol#51-60) should be declared external
ERC20Basic.transfer (/sb/0x0c9dbc3442f73c92c43bb7805358673839edd631.sol#10-11) should be declared external
StandardToken.allowance (/sb/0x0c9dbc3442f73c92c43bb7805358673839edd631.sol#126-130) should be declared external
ERC20.allowance (/sb/0x0c9dbc3442f73c92c43bb7805358673839edd631.sol#73-74) should be declared external
ERC20.transferFrom (/sb/0x0c9dbc3442f73c92c43bb7805358673839edd631.sol#74-75) should be declared external
StandardToken.transferFrom (/sb/0x0c9dbc3442f73c92c43bb7805358673839edd631.sol#94-105) should be declared external
StandardToken.approve (/sb/0x0c9dbc3442f73c92c43bb7805358673839edd631.sol#115-121) should be declared external
ERC20.approve (/sb/0x0c9dbc3442f73c92c43bb7805358673839edd631.sol#76) should be declared external
StandardToken.increaseApproval (/sb/0x0c9dbc3442f73c92c43bb7805358673839edd631.sol#136-142) should be declared external
StandardToken.decreaseApproval (/sb/0x0c9dbc3442f73c92c43bb7805358673839edd631.sol#142-155) should be declared external
Reference: https://github.com/trailofbits/slither/wiki/Detectors-Documentation#public-function-that-could-be-declared-as-external[0m
INFO:Detectors:[92m
Detected issues with version pragma in /sb/0x0c9dbc3442f73c92c43bb7805358673839edd631.sol:
	- pragma solidity^0.4.20 (/sb/0x0c9dbc3442f73c92c43bb7805358673839edd631.sol#1): it allows old versions
Reference: https://github.com/trailofbits/slither/wiki/Detectors-Documentation#incorrect-version-of-solidity[0m
INFO:Detectors:[92m
Parameter '_owner' of BasicToken.balanceOf (/sb/0x0c9dbc3442f73c92c43bb7805358673839edd631.sol#65) is not in mixedCase
Parameter '_to' of BasicToken.transfer (/sb/0x0c9dbc3442f73c92c43bb7805358673839edd631.sol#51-52) is not in mixedCase
Parameter '_value' of BasicToken.transfer (/sb/0x0c9dbc3442f73c92c43bb7805358673839edd631.sol#52) is not in mixedCase
Parameter '_owner' of StandardToken.allowance (/sb/0x0c9dbc3442f73c92c43bb7805358673839edd631.sol#128-129) is not in mixedCase
Parameter '_spender' of StandardToken.allowance (/sb/0x0c9dbc3442f73c92c43bb7805358673839edd631.sol#129) is not in mixedCase
Parameter '_from' of StandardToken.transferFrom (/sb/0x0c9dbc3442f73c92c43bb7805358673839edd631.sol#94-95) is not in mixedCase
Parameter '_to' of StandardToken.transferFrom (/sb/0x0c9dbc3442f73c92c43bb7805358673839edd631.sol#95) is not in mixedCase
Parameter '_value' of StandardToken.transferFrom (/sb/0x0c9dbc3442f73c92c43bb7805358673839edd631.sol#95) is not in mixedCase
Parameter '_spender' of StandardToken.approve (/sb/0x0c9dbc3442f73c92c43bb7805358673839edd631.sol#116) is not in mixedCase
Parameter '_value' of StandardToken.approve (/sb/0x0c9dbc3442f73c92c43bb7805358673839edd631.sol#116) is not in mixedCase
Parameter '_spender' of StandardToken.increaseApproval (/sb/0x0c9dbc3442f73c92c43bb7805358673839edd631.sol#136-137) is not in mixedCase
Parameter '_addedValue' of StandardToken.increaseApproval (/sb/0x0c9dbc3442f73c92c43bb7805358673839edd631.sol#137) is not in mixedCase
Parameter '_spender' of StandardToken.decreaseApproval (/sb/0x0c9dbc3442f73c92c43bb7805358673839edd631.sol#143) is not in mixedCase
Parameter '_subtractedValue' of StandardToken.decreaseApproval (/sb/0x0c9dbc3442f73c92c43bb7805358673839edd631.sol#143-144) is not in mixedCase
Function 'EtherLinkToken.EtherLinkToken' (/sb/0x0c9dbc3442f73c92c43bb7805358673839edd631.sol) is not in mixedCase
Reference: https://github.com/trailofbits/slither/wiki/Detectors-Documentation#conformance-to-solidity-naming-conventions[0m
INFO:Slither:/sb/0x0c9dbc3442f73c92c43bb7805358673839edd631.sol analyzed (6 contracts), 29 result(s) found
