INFO:Slither:Compilation warnings/errors on /sb/0x313b2d598dec8f20bd683f6212f3703a462b2767.sol:
/sb/0x313b2d598dec8f20bd683f6212f3703a462b2767.sol:329:13: Warning: Use of the "var" keyword is deprecated.
        var(timeLock, balanceLock) = getLockInfo(_from);
            ^------^
/sb/0x313b2d598dec8f20bd683f6212f3703a462b2767.sol:329:23: Warning: Use of the "var" keyword is deprecated.
        var(timeLock, balanceLock) = getLockInfo(_from);
                      ^---------^
/sb/0x313b2d598dec8f20bd683f6212f3703a462b2767.sol:349:13: Warning: Use of the "var" keyword is deprecated.
        var(timeLock, balanceLock) = getLockInfo(_from);
            ^------^
/sb/0x313b2d598dec8f20bd683f6212f3703a462b2767.sol:349:23: Warning: Use of the "var" keyword is deprecated.
        var(timeLock, balanceLock) = getLockInfo(_from);
                      ^---------^

INFO:Detectors:[92m
LockableToken.developerReservedAddress should be constant (/sb/0x313b2d598dec8f20bd683f6212f3703a462b2767.sol#298-300)
StandardToken._totalSupply should be constant (/sb/0x313b2d598dec8f20bd683f6212f3703a462b2767.sol#252-253)
TradeableToken.publicOfferingAddress should be constant (/sb/0x313b2d598dec8f20bd683f6212f3703a462b2767.sol#381-382)
Reference: https://github.com/trailofbits/slither/wiki/Detectors-Documentation#state-variables-that-could-be-declared-constant[0m
INFO:Detectors:[92m
StandardToken.approve (/sb/0x313b2d598dec8f20bd683f6212f3703a462b2767.sol#283-290) should be declared external
IERC20.approve (/sb/0x313b2d598dec8f20bd683f6212f3703a462b2767.sol#228-229) should be declared external
StandardToken.allowance (/sb/0x313b2d598dec8f20bd683f6212f3703a462b2767.sol#290-296) should be declared external
IERC20.allowance (/sb/0x313b2d598dec8f20bd683f6212f3703a462b2767.sol#229-234) should be declared external
OwnableToken.transferOwnership (/sb/0x313b2d598dec8f20bd683f6212f3703a462b2767.sol#416-422) should be declared external
OwnableToken.addAdministrator (/sb/0x313b2d598dec8f20bd683f6212f3703a462b2767.sol#423-431) should be declared external
OwnableToken.removeAdministrator (/sb/0x313b2d598dec8f20bd683f6212f3703a462b2767.sol#431-438) should be declared external
OwnableToken.isAdministrator (/sb/0x313b2d598dec8f20bd683f6212f3703a462b2767.sol#438-443) should be declared external
OwnableToken.setExchangeRate (/sb/0x313b2d598dec8f20bd683f6212f3703a462b2767.sol#444-449) should be declared external
OwnableToken.changeUnlockTime (/sb/0x313b2d598dec8f20bd683f6212f3703a462b2767.sol#449-462) should be declared external
OwnableToken.getDeveloperReservedLockInfo (/sb/0x313b2d598dec8f20bd683f6212f3703a462b2767.sol#462-473) should be declared external
OwnableToken.unlock (/sb/0x313b2d598dec8f20bd683f6212f3703a462b2767.sol#483-495) should be declared external
OwnableToken.transferAndLock (/sb/0x313b2d598dec8f20bd683f6212f3703a462b2767.sol#495-506) should be declared external
NMC.fallback (/sb/0x313b2d598dec8f20bd683f6212f3703a462b2767.sol) should be declared external
Reference: https://github.com/trailofbits/slither/wiki/Detectors-Documentation#public-function-that-could-be-declared-as-external[0m
INFO:Detectors:[92m
Detected issues with version pragma in /sb/0x313b2d598dec8f20bd683f6212f3703a462b2767.sol:
	- pragma solidity^0.4.23 (/sb/0x313b2d598dec8f20bd683f6212f3703a462b2767.sol#1): it allows old versions
Reference: https://github.com/trailofbits/slither/wiki/Detectors-Documentation#incorrect-version-of-solidity[0m
INFO:Detectors:[92m
Struct 'DateTimeLib._DateTime' (/sb/0x313b2d598dec8f20bd683f6212f3703a462b2767.sol#33-42) is not in CapWords
Parameter '_owner' of StandardToken.balanceOf (/sb/0x313b2d598dec8f20bd683f6212f3703a462b2767.sol#258-260) is not in mixedCase
Parameter '_to' of StandardToken.transfer (/sb/0x313b2d598dec8f20bd683f6212f3703a462b2767.sol#261) is not in mixedCase
Parameter '_value' of StandardToken.transfer (/sb/0x313b2d598dec8f20bd683f6212f3703a462b2767.sol#261) is not in mixedCase
Parameter '_from' of StandardToken.transferFrom (/sb/0x313b2d598dec8f20bd683f6212f3703a462b2767.sol#271-272) is not in mixedCase
Parameter '_to' of StandardToken.transferFrom (/sb/0x313b2d598dec8f20bd683f6212f3703a462b2767.sol#272) is not in mixedCase
Parameter '_value' of StandardToken.transferFrom (/sb/0x313b2d598dec8f20bd683f6212f3703a462b2767.sol#272) is not in mixedCase
Parameter '_spender' of StandardToken.approve (/sb/0x313b2d598dec8f20bd683f6212f3703a462b2767.sol#283) is not in mixedCase
Parameter '_value' of StandardToken.approve (/sb/0x313b2d598dec8f20bd683f6212f3703a462b2767.sol#283-284) is not in mixedCase
Parameter '_owner' of StandardToken.allowance (/sb/0x313b2d598dec8f20bd683f6212f3703a462b2767.sol#292) is not in mixedCase
Parameter '_spender' of StandardToken.allowance (/sb/0x313b2d598dec8f20bd683f6212f3703a462b2767.sol#292) is not in mixedCase
Parameter '_from' of StandardToken.transferInternal (/sb/0x313b2d598dec8f20bd683f6212f3703a462b2767.sol#264) is not in mixedCase
Parameter '_to' of StandardToken.transferInternal (/sb/0x313b2d598dec8f20bd683f6212f3703a462b2767.sol#264-265) is not in mixedCase
Parameter '_value' of StandardToken.transferInternal (/sb/0x313b2d598dec8f20bd683f6212f3703a462b2767.sol#265) is not in mixedCase
Variable 'StandardToken._totalSupply' (/sb/0x313b2d598dec8f20bd683f6212f3703a462b2767.sol#252-253) is not in mixedCase
Parameter '_to' of LockableToken.transfer (/sb/0x313b2d598dec8f20bd683f6212f3703a462b2767.sol#325) is not in mixedCase
Parameter '_value' of LockableToken.transfer (/sb/0x313b2d598dec8f20bd683f6212f3703a462b2767.sol#325-326) is not in mixedCase
Parameter '_from' of LockableToken.transferFrom (/sb/0x313b2d598dec8f20bd683f6212f3703a462b2767.sol#349) is not in mixedCase
Parameter '_to' of LockableToken.transferFrom (/sb/0x313b2d598dec8f20bd683f6212f3703a462b2767.sol#349) is not in mixedCase
Parameter '_value' of LockableToken.transferFrom (/sb/0x313b2d598dec8f20bd683f6212f3703a462b2767.sol#349) is not in mixedCase
Parameter '_from' of LockableToken.transferInternal (/sb/0x313b2d598dec8f20bd683f6212f3703a462b2767.sol#327-329) is not in mixedCase
Parameter '_to' of LockableToken.transferInternal (/sb/0x313b2d598dec8f20bd683f6212f3703a462b2767.sol#329) is not in mixedCase
Parameter '_value' of LockableToken.transferInternal (/sb/0x313b2d598dec8f20bd683f6212f3703a462b2767.sol#329) is not in mixedCase
Parameter '_address' of LockableToken.getLockInfo (/sb/0x313b2d598dec8f20bd683f6212f3703a462b2767.sol#306) is not in mixedCase
Parameter '_beneficiary' of TradeableToken.buy (/sb/0x313b2d598dec8f20bd683f6212f3703a462b2767.sol#384-385) is not in mixedCase
Parameter '_weiAmount' of TradeableToken.buy (/sb/0x313b2d598dec8f20bd683f6212f3703a462b2767.sol#385) is not in mixedCase
Parameter '_newOwner' of OwnableToken.transferOwnership (/sb/0x313b2d598dec8f20bd683f6212f3703a462b2767.sol#416-417) is not in mixedCase
Parameter '_adminAddress' of OwnableToken.addAdministrator (/sb/0x313b2d598dec8f20bd683f6212f3703a462b2767.sol#423-424) is not in mixedCase
Parameter '_adminAddress' of OwnableToken.removeAdministrator (/sb/0x313b2d598dec8f20bd683f6212f3703a462b2767.sol#431-432) is not in mixedCase
Parameter '_adminAddress' of OwnableToken.isAdministrator (/sb/0x313b2d598dec8f20bd683f6212f3703a462b2767.sol#439) is not in mixedCase
Parameter '_exchangeRate' of OwnableToken.setExchangeRate (/sb/0x313b2d598dec8f20bd683f6212f3703a462b2767.sol#444) is not in mixedCase
Parameter '_index' of OwnableToken.changeUnlockTime (/sb/0x313b2d598dec8f20bd683f6212f3703a462b2767.sol#450) is not in mixedCase
Parameter '_unlockTime' of OwnableToken.changeUnlockTime (/sb/0x313b2d598dec8f20bd683f6212f3703a462b2767.sol#450) is not in mixedCase
Parameter '_index' of OwnableToken.getDeveloperReservedLockInfo (/sb/0x313b2d598dec8f20bd683f6212f3703a462b2767.sol#465) is not in mixedCase
Parameter '_owner' of OwnableToken.lock (/sb/0x313b2d598dec8f20bd683f6212f3703a462b2767.sol#474-475) is not in mixedCase
Parameter '_releaseTime' of OwnableToken.lock (/sb/0x313b2d598dec8f20bd683f6212f3703a462b2767.sol#475) is not in mixedCase
Parameter '_value' of OwnableToken.lock (/sb/0x313b2d598dec8f20bd683f6212f3703a462b2767.sol#475) is not in mixedCase
Parameter '_owner' of OwnableToken.unlock (/sb/0x313b2d598dec8f20bd683f6212f3703a462b2767.sol#484) is not in mixedCase
Parameter '_to' of OwnableToken.transferAndLock (/sb/0x313b2d598dec8f20bd683f6212f3703a462b2767.sol#495) is not in mixedCase
Parameter '_value' of OwnableToken.transferAndLock (/sb/0x313b2d598dec8f20bd683f6212f3703a462b2767.sol#495-496) is not in mixedCase
Parameter '_releaseTime' of OwnableToken.transferAndLock (/sb/0x313b2d598dec8f20bd683f6212f3703a462b2767.sol#496) is not in mixedCase
Reference: https://github.com/trailofbits/slither/wiki/Detectors-Documentation#conformance-to-solidity-naming-conventions[0m
INFO:Detectors:[92m
IERC20 (/sb/0x313b2d598dec8f20bd683f6212f3703a462b2767.sol#223-240) does not mark important ERC20 parameters as 'indexed':
	-Approval (/sb/0x313b2d598dec8f20bd683f6212f3703a462b2767.sol#238-240) does not index parameter '_spender'
Reference: https://github.com/trailofbits/slither/wiki/Detectors-Documentation#unindexed-erc20-event-parameters[0m
INFO:Slither:/sb/0x313b2d598dec8f20bd683f6212f3703a462b2767.sol analyzed (8 contracts), 58 result(s) found
