INFO:Slither:Compilation warnings/errors on /sb/0xd39a79b615bf58d83b93665bb6783e479711216d.sol:
/sb/0xd39a79b615bf58d83b93665bb6783e479711216d.sol:109:5: Warning: Defining constructors as functions with the same name as the contract is deprecated. Use "constructor(...) { ... }" instead.
    function Startoken () public {
    ^ (Relevant source part starts here and spans across multiple lines).

INFO:Detectors:[93m
Startoken.totalSupply (/sb/0xd39a79b615bf58d83b93665bb6783e479711216d.sol#80-81) shadows:
	- ERC20Basic.totalSupply (/sb/0xd39a79b615bf58d83b93665bb6783e479711216d.sol#55)
Reference: https://github.com/trailofbits/slither/wiki/Detectors-Documentation#state-variable-shadowing-from-abstract-contracts[0m
INFO:Detectors:[92m
ERC20Basic.totalSupply should be constant (/sb/0xd39a79b615bf58d83b93665bb6783e479711216d.sol#55)
Reference: https://github.com/trailofbits/slither/wiki/Detectors-Documentation#state-variables-that-could-be-declared-constant[0m
INFO:Detectors:[92m
AltcoinToken.balanceOf (/sb/0xd39a79b615bf58d83b93665bb6783e479711216d.sol#49-50) should be declared external
AltcoinToken.transfer (/sb/0xd39a79b615bf58d83b93665bb6783e479711216d.sol#50-54) should be declared external
ERC20Basic.balanceOf (/sb/0xd39a79b615bf58d83b93665bb6783e479711216d.sol#55-56) should be declared external
Startoken.balanceOf (/sb/0xd39a79b615bf58d83b93665bb6783e479711216d.sol#196-201) should be declared external
ERC20Basic.transfer (/sb/0xd39a79b615bf58d83b93665bb6783e479711216d.sol#56-57) should be declared external
Startoken.transfer (/sb/0xd39a79b615bf58d83b93665bb6783e479711216d.sol#206-215) should be declared external
Startoken.allowance (/sb/0xd39a79b615bf58d83b93665bb6783e479711216d.sol#237-243) should be declared external
ERC20.allowance (/sb/0xd39a79b615bf58d83b93665bb6783e479711216d.sol#61-62) should be declared external
ERC20.transferFrom (/sb/0xd39a79b615bf58d83b93665bb6783e479711216d.sol#62-63) should be declared external
Startoken.transferFrom (/sb/0xd39a79b615bf58d83b93665bb6783e479711216d.sol#216-227) should be declared external
ERC20.approve (/sb/0xd39a79b615bf58d83b93665bb6783e479711216d.sol#63-64) should be declared external
Startoken.approve (/sb/0xd39a79b615bf58d83b93665bb6783e479711216d.sol#227-237) should be declared external
Startoken.transferOwnership (/sb/0xd39a79b615bf58d83b93665bb6783e479711216d.sol#117-123) should be declared external
Startoken.finishDistribution (/sb/0xd39a79b615bf58d83b93665bb6783e479711216d.sol#124-129) should be declared external
Startoken.adminClaimAirdrop (/sb/0xd39a79b615bf58d83b93665bb6783e479711216d.sol#159-160) should be declared external
Startoken.adminClaimAirdropMultiple (/sb/0xd39a79b615bf58d83b93665bb6783e479711216d.sol#160-165) should be declared external
Startoken.updateTokensPerEth (/sb/0xd39a79b615bf58d83b93665bb6783e479711216d.sol#166-175) should be declared external
Startoken.getTokenBalance (/sb/0xd39a79b615bf58d83b93665bb6783e479711216d.sol#243-250) should be declared external
Startoken.withdraw (/sb/0xd39a79b615bf58d83b93665bb6783e479711216d.sol#250-254) should be declared external
Startoken.burn (/sb/0xd39a79b615bf58d83b93665bb6783e479711216d.sol#255-262) should be declared external
Startoken.withdrawAltcoinTokens (/sb/0xd39a79b615bf58d83b93665bb6783e479711216d.sol#264) should be declared external
Reference: https://github.com/trailofbits/slither/wiki/Detectors-Documentation#public-function-that-could-be-declared-as-external[0m
INFO:Detectors:[92m
Detected issues with version pragma in /sb/0xd39a79b615bf58d83b93665bb6783e479711216d.sol:
	- pragma solidity^0.4.18 (/sb/0xd39a79b615bf58d83b93665bb6783e479711216d.sol#1): it allows old versions
Reference: https://github.com/trailofbits/slither/wiki/Detectors-Documentation#incorrect-version-of-solidity[0m
INFO:Detectors:[92m
Parameter '_owner' of Startoken.balanceOf (/sb/0xd39a79b615bf58d83b93665bb6783e479711216d.sol#197) is not in mixedCase
Parameter '_to' of Startoken.transfer (/sb/0xd39a79b615bf58d83b93665bb6783e479711216d.sol#206) is not in mixedCase
Parameter '_amount' of Startoken.transfer (/sb/0xd39a79b615bf58d83b93665bb6783e479711216d.sol#206) is not in mixedCase
Parameter '_owner' of Startoken.allowance (/sb/0xd39a79b615bf58d83b93665bb6783e479711216d.sol#238) is not in mixedCase
Parameter '_spender' of Startoken.allowance (/sb/0xd39a79b615bf58d83b93665bb6783e479711216d.sol#238) is not in mixedCase
Parameter '_from' of Startoken.transferFrom (/sb/0xd39a79b615bf58d83b93665bb6783e479711216d.sol#216) is not in mixedCase
Parameter '_to' of Startoken.transferFrom (/sb/0xd39a79b615bf58d83b93665bb6783e479711216d.sol#216) is not in mixedCase
Parameter '_amount' of Startoken.transferFrom (/sb/0xd39a79b615bf58d83b93665bb6783e479711216d.sol#217-218) is not in mixedCase
Parameter '_spender' of Startoken.approve (/sb/0xd39a79b615bf58d83b93665bb6783e479711216d.sol#228) is not in mixedCase
Parameter '_value' of Startoken.approve (/sb/0xd39a79b615bf58d83b93665bb6783e479711216d.sol#228-229) is not in mixedCase
Function 'Startoken.Startoken' (/sb/0xd39a79b615bf58d83b93665bb6783e479711216d.sol#112-117) is not in mixedCase
Parameter '_to' of Startoken.distr (/sb/0xd39a79b615bf58d83b93665bb6783e479711216d.sol#129-130) is not in mixedCase
Parameter '_amount' of Startoken.distr (/sb/0xd39a79b615bf58d83b93665bb6783e479711216d.sol#130) is not in mixedCase
Parameter '_participant' of Startoken.doAirdrop (/sb/0xd39a79b615bf58d83b93665bb6783e479711216d.sol#141-143) is not in mixedCase
Parameter '_amount' of Startoken.doAirdrop (/sb/0xd39a79b615bf58d83b93665bb6783e479711216d.sol#143) is not in mixedCase
Parameter '_participant' of Startoken.adminClaimAirdrop (/sb/0xd39a79b615bf58d83b93665bb6783e479711216d.sol#159) is not in mixedCase
Parameter '_amount' of Startoken.adminClaimAirdrop (/sb/0xd39a79b615bf58d83b93665bb6783e479711216d.sol#159) is not in mixedCase
Parameter '_addresses' of Startoken.adminClaimAirdropMultiple (/sb/0xd39a79b615bf58d83b93665bb6783e479711216d.sol#163) is not in mixedCase
Parameter '_amount' of Startoken.adminClaimAirdropMultiple (/sb/0xd39a79b615bf58d83b93665bb6783e479711216d.sol#163) is not in mixedCase
Parameter '_tokensPerEth' of Startoken.updateTokensPerEth (/sb/0xd39a79b615bf58d83b93665bb6783e479711216d.sol#168) is not in mixedCase
Parameter '_value' of Startoken.burn (/sb/0xd39a79b615bf58d83b93665bb6783e479711216d.sol#255) is not in mixedCase
Parameter '_tokenContract' of Startoken.withdrawAltcoinTokens (/sb/0xd39a79b615bf58d83b93665bb6783e479711216d.sol) is not in mixedCase
Constant 'Startoken.minContribution' (/sb/0xd39a79b615bf58d83b93665bb6783e479711216d.sol#84) is not in UPPER_CASE_WITH_UNDERSCORES
Reference: https://github.com/trailofbits/slither/wiki/Detectors-Documentation#conformance-to-solidity-naming-conventions[0m
INFO:Slither:/sb/0xd39a79b615bf58d83b93665bb6783e479711216d.sol analyzed (5 contracts), 47 result(s) found
