INFO:Slither:Compilation warnings/errors on /sb/0xb8f93e49a3278bb92f643ca2491cf80bfa0a01b7.sol:
/sb/0xb8f93e49a3278bb92f643ca2491cf80bfa0a01b7.sol:141:13: Warning: Failure condition of 'send' ignored. Consider using 'transfer' instead.
            developerAddr.send(msg.value);
            ^---------------------------^
/sb/0xb8f93e49a3278bb92f643ca2491cf80bfa0a01b7.sol:186:9: Warning: Failure condition of 'send' ignored. Consider using 'transfer' instead.
        developerAddr.send(msg.value);
        ^---------------------------^
/sb/0xb8f93e49a3278bb92f643ca2491cf80bfa0a01b7.sol:247:13: Warning: Failure condition of 'send' ignored. Consider using 'transfer' instead.
            cardIndexToApproved[_cId].send(
            ^ (Relevant source part starts here and spans across multiple lines).
/sb/0xb8f93e49a3278bb92f643ca2491cf80bfa0a01b7.sol:252:13: Warning: Failure condition of 'send' ignored. Consider using 'transfer' instead.
            cardList[_cId].playerAddress.send(
            ^ (Relevant source part starts here and spans across multiple lines).
/sb/0xb8f93e49a3278bb92f643ca2491cf80bfa0a01b7.sol:256:9: Warning: Failure condition of 'send' ignored. Consider using 'transfer' instead.
        developerAddr.send(cardList[_cId].amount.mul(5) / 100);
        ^----------------------------------------------------^
/sb/0xb8f93e49a3278bb92f643ca2491cf80bfa0a01b7.sol:258:13: Warning: Failure condition of 'send' ignored. Consider using 'transfer' instead.
            _player.send(_amount.sub(_purchasePrice));
            ^---------------------------------------^
/sb/0xb8f93e49a3278bb92f643ca2491cf80bfa0a01b7.sol:406:9: Warning: Failure condition of 'send' ignored. Consider using 'transfer' instead.
        cardList[5].playerAddress.send(_costAmount / 2);
        ^---------------------------------------------^
/sb/0xb8f93e49a3278bb92f643ca2491cf80bfa0a01b7.sol:407:9: Warning: Failure condition of 'send' ignored. Consider using 'transfer' instead.
        developerAddr.send(_costAmount / 2);
        ^---------------------------------^
/sb/0xb8f93e49a3278bb92f643ca2491cf80bfa0a01b7.sol:410:13: Warning: Failure condition of 'send' ignored. Consider using 'transfer' instead.
            msg.sender.send(_amount.sub(_costAmount));
            ^---------------------------------------^
/sb/0xb8f93e49a3278bb92f643ca2491cf80bfa0a01b7.sol:436:9: Warning: Failure condition of 'send' ignored. Consider using 'transfer' instead.
        cardList[5].playerAddress.send(_costAmount / 2);
        ^---------------------------------------------^
/sb/0xb8f93e49a3278bb92f643ca2491cf80bfa0a01b7.sol:437:9: Warning: Failure condition of 'send' ignored. Consider using 'transfer' instead.
        developerAddr.send(_costAmount / 2);
        ^---------------------------------^
/sb/0xb8f93e49a3278bb92f643ca2491cf80bfa0a01b7.sol:440:13: Warning: Failure condition of 'send' ignored. Consider using 'transfer' instead.
            msg.sender.send(_amount.sub(_costAmount));
            ^---------------------------------------^
/sb/0xb8f93e49a3278bb92f643ca2491cf80bfa0a01b7.sol:677:13: Warning: Failure condition of 'send' ignored. Consider using 'transfer' instead.
            _recommendAddr.send(_amount / 50);
            ^-------------------------------^
/sb/0xb8f93e49a3278bb92f643ca2491cf80bfa0a01b7.sol:678:13: Warning: Failure condition of 'send' ignored. Consider using 'transfer' instead.
            msg.sender.send(_amount / 100);
            ^----------------------------^
/sb/0xb8f93e49a3278bb92f643ca2491cf80bfa0a01b7.sol:687:13: Warning: Failure condition of 'send' ignored. Consider using 'transfer' instead.
            cardList[0].playerAddress.send(_cardAmount);
            ^-----------------------------------------^
/sb/0xb8f93e49a3278bb92f643ca2491cf80bfa0a01b7.sol:689:13: Warning: Failure condition of 'send' ignored. Consider using 'transfer' instead.
            cardList[1].playerAddress.send(_cardAmount);   
            ^-----------------------------------------^
/sb/0xb8f93e49a3278bb92f643ca2491cf80bfa0a01b7.sol:691:13: Warning: Failure condition of 'send' ignored. Consider using 'transfer' instead.
            cardList[2].playerAddress.send(_cardAmount);   
            ^-----------------------------------------^
/sb/0xb8f93e49a3278bb92f643ca2491cf80bfa0a01b7.sol:693:13: Warning: Failure condition of 'send' ignored. Consider using 'transfer' instead.
            cardList[3].playerAddress.send(_cardAmount);   
            ^-----------------------------------------^
/sb/0xb8f93e49a3278bb92f643ca2491cf80bfa0a01b7.sol:695:13: Warning: Failure condition of 'send' ignored. Consider using 'transfer' instead.
            cardList[4].playerAddress.send(_cardAmount);   
            ^-----------------------------------------^
/sb/0xb8f93e49a3278bb92f643ca2491cf80bfa0a01b7.sol:697:9: Warning: Failure condition of 'send' ignored. Consider using 'transfer' instead.
        developerAddr.send(_amount / 200);
        ^-------------------------------^

INFO:Detectors:[93m
NameFilter.nameFilter (/sb/0xb8f93e49a3278bb92f643ca2491cf80bfa0a01b7.sol#1129-1194) is declared view but contains assembly code
Reference: https://github.com/trailofbits/slither/wiki/Detectors-Documentation#constant-functions-changing-the-state[0m
INFO:Detectors:[93m
ERC721 (/sb/0xb8f93e49a3278bb92f643ca2491cf80bfa0a01b7.sol#59-73) has incorrect ERC20 function interface(s):
	-approve (/sb/0xb8f93e49a3278bb92f643ca2491cf80bfa0a01b7.sol#63-64)
	-transfer (/sb/0xb8f93e49a3278bb92f643ca2491cf80bfa0a01b7.sol#65)
	-transferFrom (/sb/0xb8f93e49a3278bb92f643ca2491cf80bfa0a01b7.sol#65-67)
FairBank (/sb/0xb8f93e49a3278bb92f643ca2491cf80bfa0a01b7.sol#73-1091) has incorrect ERC20 function interface(s):
	-approve (/sb/0xb8f93e49a3278bb92f643ca2491cf80bfa0a01b7.sol#1013-1027)
	-transfer (/sb/0xb8f93e49a3278bb92f643ca2491cf80bfa0a01b7.sol#1043-1073)
	-transferFrom (/sb/0xb8f93e49a3278bb92f643ca2491cf80bfa0a01b7.sol#1073-1091)
Reference: https://github.com/trailofbits/slither/wiki/Detectors-Documentation#incorrect-erc20-interface[0m
INFO:Detectors:[93m
Reentrancy in FairBank.buyAnalysis (/sb/0xb8f93e49a3278bb92f643ca2491cf80bfa0a01b7.sol#456-525):
	External calls:
	- _targetExpectedAmount = getStageTargetAmount(_sId) (/sb/0xb8f93e49a3278bb92f643ca2491cf80bfa0a01b7.sol#460-461)
	State variables written after the call(s):
	- rId (/sb/0xb8f93e49a3278bb92f643ca2491cf80bfa0a01b7.sol#476-477)
	- sId (/sb/0xb8f93e49a3278bb92f643ca2491cf80bfa0a01b7.sol#476-477)
Reentrancy in FairBank.buyAnalysis (/sb/0xb8f93e49a3278bb92f643ca2491cf80bfa0a01b7.sol#456-525):
	External calls:
	- _targetExpectedAmount = getStageTargetAmount(_sId) (/sb/0xb8f93e49a3278bb92f643ca2491cf80bfa0a01b7.sol#460-461)
	- _targetExpectedAmount = getStageTargetAmount(_sId) (/sb/0xb8f93e49a3278bb92f643ca2491cf80bfa0a01b7.sol#480-481)
	- buyDataRecord(_rId,_sId,_targetAmount,msg.value,_stepSize,_protectRatio) (/sb/0xb8f93e49a3278bb92f643ca2491cf80bfa0a01b7.sol#497-500)
	State variables written after the call(s):
	- round (/sb/0xb8f93e49a3278bb92f643ca2491cf80bfa0a01b7.sol#497-500)
	- stage (/sb/0xb8f93e49a3278bb92f643ca2491cf80bfa0a01b7.sol#497-500)
Reentrancy in FairBank.buyAnalysis (/sb/0xb8f93e49a3278bb92f643ca2491cf80bfa0a01b7.sol#456-525):
	External calls:
	- _targetExpectedAmount = getStageTargetAmount(_sId) (/sb/0xb8f93e49a3278bb92f643ca2491cf80bfa0a01b7.sol#460-461)
	- _targetExpectedAmount = getStageTargetAmount(_sId) (/sb/0xb8f93e49a3278bb92f643ca2491cf80bfa0a01b7.sol#480-481)
	- multiStake(msg.value,_stepSize,_protectRatio,_targetAmount,_stageTargetBalance) (/sb/0xb8f93e49a3278bb92f643ca2491cf80bfa0a01b7.sol#502-505)
	State variables written after the call(s):
	- round (/sb/0xb8f93e49a3278bb92f643ca2491cf80bfa0a01b7.sol#502-505)
	- sId (/sb/0xb8f93e49a3278bb92f643ca2491cf80bfa0a01b7.sol#502-505)
	- stage (/sb/0xb8f93e49a3278bb92f643ca2491cf80bfa0a01b7.sol#502-505)
Reentrancy in FairBank.multiStake (/sb/0xb8f93e49a3278bb92f643ca2491cf80bfa0a01b7.sol#526-601):
	External calls:
	- buyStageDataRecord(_rId,_sId,_targetAmount,_stageTargetBalance,_sId.add(_stepSize),_protectRatio) (/sb/0xb8f93e49a3278bb92f643ca2491cf80bfa0a01b7.sol#550-554)
	- buyStageDataRecord(_rId,_sId,_targetAmount,_amount,_sId.add(_stepSize),_protectRatio) (/sb/0xb8f93e49a3278bb92f643ca2491cf80bfa0a01b7.sol#575-581)
	- stage[_rId][_sId].dividendAmount <= getStageTargetAmount(_sId) (/sb/0xb8f93e49a3278bb92f643ca2491cf80bfa0a01b7.sol#562-569)
	- _targetAmount = getStageTargetAmount(_sId) (/sb/0xb8f93e49a3278bb92f643ca2491cf80bfa0a01b7.sol#562-569)
	State variables written after the call(s):
	- goodsList (/sb/0xb8f93e49a3278bb92f643ca2491cf80bfa0a01b7.sol#582-591)
	- playerGoodsList (/sb/0xb8f93e49a3278bb92f643ca2491cf80bfa0a01b7.sol#582-591)
	- round (/sb/0xb8f93e49a3278bb92f643ca2491cf80bfa0a01b7.sol#597-598)
	- round (/sb/0xb8f93e49a3278bb92f643ca2491cf80bfa0a01b7.sol#598-600)
	- sId (/sb/0xb8f93e49a3278bb92f643ca2491cf80bfa0a01b7.sol#595)
	- stage (/sb/0xb8f93e49a3278bb92f643ca2491cf80bfa0a01b7.sol#575-581)
	- stage (/sb/0xb8f93e49a3278bb92f643ca2491cf80bfa0a01b7.sol#594-595)
Reentrancy in FairBank.withdraw (/sb/0xb8f93e49a3278bb92f643ca2491cf80bfa0a01b7.sol#323-360):
	External calls:
	- (_amount,_withdrawSid,_reachAmount,_finish) = getEarningsAmountByGoodsIndex(_playerGoodsList[i]) (/sb/0xb8f93e49a3278bb92f643ca2491cf80bfa0a01b7.sol#338-339)
	State variables written after the call(s):
	- goodsList (/sb/0xb8f93e49a3278bb92f643ca2491cf80bfa0a01b7.sol#345-349)
	- goodsList (/sb/0xb8f93e49a3278bb92f643ca2491cf80bfa0a01b7.sol#349-351)
	- playerGoodsList (/sb/0xb8f93e49a3278bb92f643ca2491cf80bfa0a01b7.sol#351-353)
Reentrancy in FairBank.withdrawByGid (/sb/0xb8f93e49a3278bb92f643ca2491cf80bfa0a01b7.sol#363-395):
	External calls:
	- (_amount,_withdrawSid,_reachAmount,_finish) = getEarningsAmountByGoodsIndex(_gId) (/sb/0xb8f93e49a3278bb92f643ca2491cf80bfa0a01b7.sol#371-373)
	State variables written after the call(s):
	- goodsList (/sb/0xb8f93e49a3278bb92f643ca2491cf80bfa0a01b7.sol#393)
	- goodsList (/sb/0xb8f93e49a3278bb92f643ca2491cf80bfa0a01b7.sol#393-395)
Reference: https://github.com/trailofbits/slither/wiki/Detectors-Documentation#reentrancy-vulnerabilities-1[0m
INFO:Detectors:[93m
_amount in FairBank.getEarningsAmountByGoodsIndex (/sb/0xb8f93e49a3278bb92f643ca2491cf80bfa0a01b7.sol#761-762) is a local variable never initialiazed
i in FairBank.constructor (/sb/0xb8f93e49a3278bb92f643ca2491cf80bfa0a01b7.sol#169-170) is a local variable never initialiazed
_goods in FairBank.playerDataRecord (/sb/0xb8f93e49a3278bb92f643ca2491cf80bfa0a01b7.sol#669) is a local variable never initialiazed
_goods in FairBank.buyDataRecord (/sb/0xb8f93e49a3278bb92f643ca2491cf80bfa0a01b7.sol#629-630) is a local variable never initialiazed
_count in FairBank.balanceOf (/sb/0xb8f93e49a3278bb92f643ca2491cf80bfa0a01b7.sol#997) is a local variable never initialiazed
i in FairBank.withdraw (/sb/0xb8f93e49a3278bb92f643ca2491cf80bfa0a01b7.sol#335-336) is a local variable never initialiazed
Reference: https://github.com/trailofbits/slither/wiki/Detectors-Documentation#uninitialized-local-variables[0m
INFO:Detectors:[92m
Reentrancy in FairBank.buyAnalysis (/sb/0xb8f93e49a3278bb92f643ca2491cf80bfa0a01b7.sol#456-525):
	External calls:
	- _targetExpectedAmount = getStageTargetAmount(_sId) (/sb/0xb8f93e49a3278bb92f643ca2491cf80bfa0a01b7.sol#460-461)
	State variables written after the call(s):
	- round (/sb/0xb8f93e49a3278bb92f643ca2491cf80bfa0a01b7.sol#476-477)
	- stage (/sb/0xb8f93e49a3278bb92f643ca2491cf80bfa0a01b7.sol#478)
Reentrancy in FairBank.buyDataRecord (/sb/0xb8f93e49a3278bb92f643ca2491cf80bfa0a01b7.sol#601-633):
	External calls:
	- stage[_rId][_expectEndSid].dividendAmount = stage[_rId][_expectEndSid].dividendAmount.add(computeEarningsAmount(_sId,_amount,_targetAmount,_expectEndSid,100 - _protectRatio)) (/sb/0xb8f93e49a3278bb92f643ca2491cf80bfa0a01b7.sol#618-628)
	State variables written after the call(s):
	- goodsList (/sb/0xb8f93e49a3278bb92f643ca2491cf80bfa0a01b7.sol#632-633)
	- playerGoodsList (/sb/0xb8f93e49a3278bb92f643ca2491cf80bfa0a01b7.sol#632-633)
Reentrancy in FairBank.reduceTime (/sb/0xb8f93e49a3278bb92f643ca2491cf80bfa0a01b7.sol#426-455):
	External calls:
	- _targetExpectedAmount = getStageTargetAmount(_sId) (/sb/0xb8f93e49a3278bb92f643ca2491cf80bfa0a01b7.sol#431-432)
	State variables written after the call(s):
	- stage (/sb/0xb8f93e49a3278bb92f643ca2491cf80bfa0a01b7.sol#448-451)
Reentrancy in FairBank.resetTime (/sb/0xb8f93e49a3278bb92f643ca2491cf80bfa0a01b7.sol#396-426):
	External calls:
	- _targetExpectedAmount = getStageTargetAmount(_sId) (/sb/0xb8f93e49a3278bb92f643ca2491cf80bfa0a01b7.sol#401-402)
	State variables written after the call(s):
	- stage (/sb/0xb8f93e49a3278bb92f643ca2491cf80bfa0a01b7.sol#421-422)
Reentrancy in FairBank.withdraw (/sb/0xb8f93e49a3278bb92f643ca2491cf80bfa0a01b7.sol#323-360):
	External calls:
	- (_amount,_withdrawSid,_reachAmount,_finish) = getEarningsAmountByGoodsIndex(_playerGoodsList[i]) (/sb/0xb8f93e49a3278bb92f643ca2491cf80bfa0a01b7.sol#338-339)
	State variables written after the call(s):
	- playerWithdrawList (/sb/0xb8f93e49a3278bb92f643ca2491cf80bfa0a01b7.sol#342-344)
Reentrancy in FairBank.withdrawByGid (/sb/0xb8f93e49a3278bb92f643ca2491cf80bfa0a01b7.sol#363-395):
	External calls:
	- (_amount,_withdrawSid,_reachAmount,_finish) = getEarningsAmountByGoodsIndex(_gId) (/sb/0xb8f93e49a3278bb92f643ca2491cf80bfa0a01b7.sol#371-373)
	State variables written after the call(s):
	- playerGoodsList (/sb/0xb8f93e49a3278bb92f643ca2491cf80bfa0a01b7.sol#385-390)
	- playerGoodsList (/sb/0xb8f93e49a3278bb92f643ca2491cf80bfa0a01b7.sol#391-392)
	- playerWithdrawList (/sb/0xb8f93e49a3278bb92f643ca2491cf80bfa0a01b7.sol#382-385)
Reference: https://github.com/trailofbits/slither/wiki/Detectors-Documentation#reentrancy-vulnerabilities-2[0m
INFO:Detectors:[92m
NameFilter.nameFilter uses assembly (/sb/0xb8f93e49a3278bb92f643ca2491cf80bfa0a01b7.sol#1129-1194)
	- /sb/0xb8f93e49a3278bb92f643ca2491cf80bfa0a01b7.sol#1191-1194
Reference: https://github.com/trailofbits/slither/wiki/Detectors-Documentation#assembly-usage[0m
INFO:Detectors:[92m
FairBank.name should be constant (/sb/0xb8f93e49a3278bb92f643ca2491cf80bfa0a01b7.sol#77-80)
FairBank.symbol should be constant (/sb/0xb8f93e49a3278bb92f643ca2491cf80bfa0a01b7.sol#80)
Reference: https://github.com/trailofbits/slither/wiki/Detectors-Documentation#state-variables-that-could-be-declared-constant[0m
INFO:Detectors:[92m
ERC721.totalSupply (/sb/0xb8f93e49a3278bb92f643ca2491cf80bfa0a01b7.sol#60) should be declared external
FairBank.totalSupply (/sb/0xb8f93e49a3278bb92f643ca2491cf80bfa0a01b7.sol#991-992) should be declared external
ERC721.balanceOf (/sb/0xb8f93e49a3278bb92f643ca2491cf80bfa0a01b7.sol#60-61) should be declared external
FairBank.balanceOf (/sb/0xb8f93e49a3278bb92f643ca2491cf80bfa0a01b7.sol#993-1005) should be declared external
ERC721.ownerOf (/sb/0xb8f93e49a3278bb92f643ca2491cf80bfa0a01b7.sol#61-63) should be declared external
FairBank.ownerOf (/sb/0xb8f93e49a3278bb92f643ca2491cf80bfa0a01b7.sol#1005-1011) should be declared external
FairBank.approve (/sb/0xb8f93e49a3278bb92f643ca2491cf80bfa0a01b7.sol#1013-1027) should be declared external
ERC721.approve (/sb/0xb8f93e49a3278bb92f643ca2491cf80bfa0a01b7.sol#63-64) should be declared external
ERC721.takeOwnership (/sb/0xb8f93e49a3278bb92f643ca2491cf80bfa0a01b7.sol#64-65) should be declared external
FairBank.takeOwnership (/sb/0xb8f93e49a3278bb92f643ca2491cf80bfa0a01b7.sol#1027-1043) should be declared external
FairBank.transfer (/sb/0xb8f93e49a3278bb92f643ca2491cf80bfa0a01b7.sol#1043-1073) should be declared external
ERC721.transfer (/sb/0xb8f93e49a3278bb92f643ca2491cf80bfa0a01b7.sol#65) should be declared external
ERC721.transferFrom (/sb/0xb8f93e49a3278bb92f643ca2491cf80bfa0a01b7.sol#65-67) should be declared external
FairBank.transferFrom (/sb/0xb8f93e49a3278bb92f643ca2491cf80bfa0a01b7.sol#1073-1091) should be declared external
FairBank.registered (/sb/0xb8f93e49a3278bb92f643ca2491cf80bfa0a01b7.sol#180-197) should be declared external
FairBank.activate (/sb/0xb8f93e49a3278bb92f643ca2491cf80bfa0a01b7.sol#200-213) should be declared external
FairBank.openModifyCountdown (/sb/0xb8f93e49a3278bb92f643ca2491cf80bfa0a01b7.sol#213-224) should be declared external
FairBank.closeModifyCountdown (/sb/0xb8f93e49a3278bb92f643ca2491cf80bfa0a01b7.sol#225-237) should be declared external
FairBank.purchaseCard (/sb/0xb8f93e49a3278bb92f643ca2491cf80bfa0a01b7.sol#237-273) should be declared external
FairBank.fallback (/sb/0xb8f93e49a3278bb92f643ca2491cf80bfa0a01b7.sol#280-288) should be declared external
FairBank.buy (/sb/0xb8f93e49a3278bb92f643ca2491cf80bfa0a01b7.sol#288-303) should be declared external
FairBank.buyXname (/sb/0xb8f93e49a3278bb92f643ca2491cf80bfa0a01b7.sol#304-321) should be declared external
FairBank.withdraw (/sb/0xb8f93e49a3278bb92f643ca2491cf80bfa0a01b7.sol#323-360) should be declared external
FairBank.withdrawByGid (/sb/0xb8f93e49a3278bb92f643ca2491cf80bfa0a01b7.sol#363-395) should be declared external
FairBank.resetTime (/sb/0xb8f93e49a3278bb92f643ca2491cf80bfa0a01b7.sol#396-426) should be declared external
FairBank.reduceTime (/sb/0xb8f93e49a3278bb92f643ca2491cf80bfa0a01b7.sol#426-455) should be declared external
FairBank.getHeadInfo (/sb/0xb8f93e49a3278bb92f643ca2491cf80bfa0a01b7.sol#950-986) should be declared external
FairBank.getPlayerGoodList (/sb/0xb8f93e49a3278bb92f643ca2491cf80bfa0a01b7.sol#986-991) should be declared external
Reference: https://github.com/trailofbits/slither/wiki/Detectors-Documentation#public-function-that-could-be-declared-as-external[0m
INFO:Detectors:[92m
Parameter '_owner' of FairBank.balanceOf (/sb/0xb8f93e49a3278bb92f643ca2491cf80bfa0a01b7.sol#993) is not in mixedCase
Parameter '_tokenId' of FairBank.ownerOf (/sb/0xb8f93e49a3278bb92f643ca2491cf80bfa0a01b7.sol#1005-1007) is not in mixedCase
Parameter '_to' of FairBank.approve (/sb/0xb8f93e49a3278bb92f643ca2491cf80bfa0a01b7.sol#1013) is not in mixedCase
Parameter '_tokenId' of FairBank.approve (/sb/0xb8f93e49a3278bb92f643ca2491cf80bfa0a01b7.sol#1013) is not in mixedCase
Parameter '_tokenId' of FairBank.takeOwnership (/sb/0xb8f93e49a3278bb92f643ca2491cf80bfa0a01b7.sol#1028-1029) is not in mixedCase
Parameter '_to' of FairBank.transfer (/sb/0xb8f93e49a3278bb92f643ca2491cf80bfa0a01b7.sol#1043-1044) is not in mixedCase
Parameter '_tokenId' of FairBank.transfer (/sb/0xb8f93e49a3278bb92f643ca2491cf80bfa0a01b7.sol#1044-1048) is not in mixedCase
Parameter '_from' of FairBank.transferFrom (/sb/0xb8f93e49a3278bb92f643ca2491cf80bfa0a01b7.sol#1074-1075) is not in mixedCase
Parameter '_to' of FairBank.transferFrom (/sb/0xb8f93e49a3278bb92f643ca2491cf80bfa0a01b7.sol#1075) is not in mixedCase
Parameter '_tokenId' of FairBank.transferFrom (/sb/0xb8f93e49a3278bb92f643ca2491cf80bfa0a01b7.sol#1075-1076) is not in mixedCase
Parameter '_playerName' of FairBank.registered (/sb/0xb8f93e49a3278bb92f643ca2491cf80bfa0a01b7.sol#180) is not in mixedCase
Parameter '_cId' of FairBank.purchaseCard (/sb/0xb8f93e49a3278bb92f643ca2491cf80bfa0a01b7.sol#237) is not in mixedCase
Parameter '_stepSize' of FairBank.buy (/sb/0xb8f93e49a3278bb92f643ca2491cf80bfa0a01b7.sol#289) is not in mixedCase
Parameter '_protectRatio' of FairBank.buy (/sb/0xb8f93e49a3278bb92f643ca2491cf80bfa0a01b7.sol#289) is not in mixedCase
Parameter '_recommendAddr' of FairBank.buy (/sb/0xb8f93e49a3278bb92f643ca2491cf80bfa0a01b7.sol#289) is not in mixedCase
Parameter '_stepSize' of FairBank.buyXname (/sb/0xb8f93e49a3278bb92f643ca2491cf80bfa0a01b7.sol#304) is not in mixedCase
Parameter '_protectRatio' of FairBank.buyXname (/sb/0xb8f93e49a3278bb92f643ca2491cf80bfa0a01b7.sol#304) is not in mixedCase
Parameter '_recommendName' of FairBank.buyXname (/sb/0xb8f93e49a3278bb92f643ca2491cf80bfa0a01b7.sol#304-305) is not in mixedCase
Parameter '_gId' of FairBank.withdrawByGid (/sb/0xb8f93e49a3278bb92f643ca2491cf80bfa0a01b7.sol#364-365) is not in mixedCase
Parameter '_stepSize' of FairBank.buyAnalysis (/sb/0xb8f93e49a3278bb92f643ca2491cf80bfa0a01b7.sol#457) is not in mixedCase
Parameter '_protectRatio' of FairBank.buyAnalysis (/sb/0xb8f93e49a3278bb92f643ca2491cf80bfa0a01b7.sol#457-458) is not in mixedCase
Parameter '_recommendAddr' of FairBank.buyAnalysis (/sb/0xb8f93e49a3278bb92f643ca2491cf80bfa0a01b7.sol#458) is not in mixedCase
Parameter '_amount' of FairBank.multiStake (/sb/0xb8f93e49a3278bb92f643ca2491cf80bfa0a01b7.sol#526) is not in mixedCase
Parameter '_stepSize' of FairBank.multiStake (/sb/0xb8f93e49a3278bb92f643ca2491cf80bfa0a01b7.sol#526-527) is not in mixedCase
Parameter '_protectRatio' of FairBank.multiStake (/sb/0xb8f93e49a3278bb92f643ca2491cf80bfa0a01b7.sol#527-528) is not in mixedCase
Parameter '_targetAmount' of FairBank.multiStake (/sb/0xb8f93e49a3278bb92f643ca2491cf80bfa0a01b7.sol#528) is not in mixedCase
Parameter '_stageTargetBalance' of FairBank.multiStake (/sb/0xb8f93e49a3278bb92f643ca2491cf80bfa0a01b7.sol#528-529) is not in mixedCase
Parameter '_rId' of FairBank.buyDataRecord (/sb/0xb8f93e49a3278bb92f643ca2491cf80bfa0a01b7.sol#601) is not in mixedCase
Parameter '_sId' of FairBank.buyDataRecord (/sb/0xb8f93e49a3278bb92f643ca2491cf80bfa0a01b7.sol#601-602) is not in mixedCase
Parameter '_targetAmount' of FairBank.buyDataRecord (/sb/0xb8f93e49a3278bb92f643ca2491cf80bfa0a01b7.sol#602) is not in mixedCase
Parameter '_amount' of FairBank.buyDataRecord (/sb/0xb8f93e49a3278bb92f643ca2491cf80bfa0a01b7.sol#602) is not in mixedCase
Parameter '_stepSize' of FairBank.buyDataRecord (/sb/0xb8f93e49a3278bb92f643ca2491cf80bfa0a01b7.sol#602-603) is not in mixedCase
Parameter '_protectRatio' of FairBank.buyDataRecord (/sb/0xb8f93e49a3278bb92f643ca2491cf80bfa0a01b7.sol#603) is not in mixedCase
Parameter '_rId' of FairBank.buyStageDataRecord (/sb/0xb8f93e49a3278bb92f643ca2491cf80bfa0a01b7.sol#635-636) is not in mixedCase
Parameter '_sId' of FairBank.buyStageDataRecord (/sb/0xb8f93e49a3278bb92f643ca2491cf80bfa0a01b7.sol#636) is not in mixedCase
Parameter '_targetAmount' of FairBank.buyStageDataRecord (/sb/0xb8f93e49a3278bb92f643ca2491cf80bfa0a01b7.sol#636-637) is not in mixedCase
Parameter '_amount' of FairBank.buyStageDataRecord (/sb/0xb8f93e49a3278bb92f643ca2491cf80bfa0a01b7.sol#637) is not in mixedCase
Parameter '_expectEndSid' of FairBank.buyStageDataRecord (/sb/0xb8f93e49a3278bb92f643ca2491cf80bfa0a01b7.sol#638) is not in mixedCase
Parameter '_protectRatio' of FairBank.buyStageDataRecord (/sb/0xb8f93e49a3278bb92f643ca2491cf80bfa0a01b7.sol#638-639) is not in mixedCase
Parameter '_rId' of FairBank.playerDataRecord (/sb/0xb8f93e49a3278bb92f643ca2491cf80bfa0a01b7.sol#662) is not in mixedCase
Parameter '_sId' of FairBank.playerDataRecord (/sb/0xb8f93e49a3278bb92f643ca2491cf80bfa0a01b7.sol#662) is not in mixedCase
Parameter '_totalAmount' of FairBank.playerDataRecord (/sb/0xb8f93e49a3278bb92f643ca2491cf80bfa0a01b7.sol#662-663) is not in mixedCase
Parameter '_stageBuyAmount' of FairBank.playerDataRecord (/sb/0xb8f93e49a3278bb92f643ca2491cf80bfa0a01b7.sol#663) is not in mixedCase
Parameter '_stepSize' of FairBank.playerDataRecord (/sb/0xb8f93e49a3278bb92f643ca2491cf80bfa0a01b7.sol#663) is not in mixedCase
Parameter '_protectRatio' of FairBank.playerDataRecord (/sb/0xb8f93e49a3278bb92f643ca2491cf80bfa0a01b7.sol#663-664) is not in mixedCase
Parameter '_crossStageNum' of FairBank.playerDataRecord (/sb/0xb8f93e49a3278bb92f643ca2491cf80bfa0a01b7.sol#664) is not in mixedCase
Parameter '_recommendAddr' of FairBank.bankerFeeDataRecord (/sb/0xb8f93e49a3278bb92f643ca2491cf80bfa0a01b7.sol#687-688) is not in mixedCase
Parameter '_amount' of FairBank.bankerFeeDataRecord (/sb/0xb8f93e49a3278bb92f643ca2491cf80bfa0a01b7.sol#688) is not in mixedCase
Parameter '_protectRatio' of FairBank.bankerFeeDataRecord (/sb/0xb8f93e49a3278bb92f643ca2491cf80bfa0a01b7.sol#688) is not in mixedCase
Parameter '_rId' of FairBank.endRound (/sb/0xb8f93e49a3278bb92f643ca2491cf80bfa0a01b7.sol#718-720) is not in mixedCase
Parameter '_sId' of FairBank.endRound (/sb/0xb8f93e49a3278bb92f643ca2491cf80bfa0a01b7.sol#720) is not in mixedCase
Parameter '_sId' of FairBank.getStageTargetAmount (/sb/0xb8f93e49a3278bb92f643ca2491cf80bfa0a01b7.sol#749) is not in mixedCase
Parameter '_sId' of FairBank.computeEarningsAmount (/sb/0xb8f93e49a3278bb92f643ca2491cf80bfa0a01b7.sol#753) is not in mixedCase
Parameter '_amount' of FairBank.computeEarningsAmount (/sb/0xb8f93e49a3278bb92f643ca2491cf80bfa0a01b7.sol#753-754) is not in mixedCase
Parameter '_currentTargetAmount' of FairBank.computeEarningsAmount (/sb/0xb8f93e49a3278bb92f643ca2491cf80bfa0a01b7.sol#754) is not in mixedCase
Parameter '_expectEndSid' of FairBank.computeEarningsAmount (/sb/0xb8f93e49a3278bb92f643ca2491cf80bfa0a01b7.sol#754) is not in mixedCase
Parameter '_ratio' of FairBank.computeEarningsAmount (/sb/0xb8f93e49a3278bb92f643ca2491cf80bfa0a01b7.sol#754) is not in mixedCase
Parameter '_goodsIndex' of FairBank.getEarningsAmountByGoodsIndex (/sb/0xb8f93e49a3278bb92f643ca2491cf80bfa0a01b7.sol#757-758) is not in mixedCase
Parameter '_rId' of FairBank.getRoundJackpot (/sb/0xb8f93e49a3278bb92f643ca2491cf80bfa0a01b7.sol#938-939) is not in mixedCase
Parameter '_player' of FairBank.getPlayerGoodList (/sb/0xb8f93e49a3278bb92f643ca2491cf80bfa0a01b7.sol#986-987) is not in mixedCase
Constant 'FairBank.bankCompute' (/sb/0xb8f93e49a3278bb92f643ca2491cf80bfa0a01b7.sol#102-107) is not in UPPER_CASE_WITH_UNDERSCORES
Parameter '_input' of NameFilter.nameFilter (/sb/0xb8f93e49a3278bb92f643ca2491cf80bfa0a01b7.sol#1129) is not in mixedCase
Reference: https://github.com/trailofbits/slither/wiki/Detectors-Documentation#conformance-to-solidity-naming-conventions[0m
INFO:Detectors:[92m
ERC721 (/sb/0xb8f93e49a3278bb92f643ca2491cf80bfa0a01b7.sol#59-73) does not mark important ERC20 parameters as 'indexed':
	-Transfer (/sb/0xb8f93e49a3278bb92f643ca2491cf80bfa0a01b7.sol#68) does not index parameter 'from'
	-Transfer (/sb/0xb8f93e49a3278bb92f643ca2491cf80bfa0a01b7.sol#68) does not index parameter 'to'
	-Approval (/sb/0xb8f93e49a3278bb92f643ca2491cf80bfa0a01b7.sol#71-73) does not index parameter 'owner'
	-Approval (/sb/0xb8f93e49a3278bb92f643ca2491cf80bfa0a01b7.sol#71-73) does not index parameter 'approved'
Reference: https://github.com/trailofbits/slither/wiki/Detectors-Documentation#unindexed-erc20-event-parameters[0m
INFO:Slither:/sb/0xb8f93e49a3278bb92f643ca2491cf80bfa0a01b7.sol analyzed (6 contracts), 114 result(s) found
