INFO:Detectors:[92m
RUSS_PFXXXII_II_883.decimals should be constant (/sb/0x0a1439a8784f71cf6a0d186ef74b89274599d175.sol#9-10)
RUSS_PFXXXII_II_883.name should be constant (/sb/0x0a1439a8784f71cf6a0d186ef74b89274599d175.sol#7-8)
RUSS_PFXXXII_II_883.symbol should be constant (/sb/0x0a1439a8784f71cf6a0d186ef74b89274599d175.sol#8-9)
RUSS_PFXXXII_II_883.totalSupply should be constant (/sb/0x0a1439a8784f71cf6a0d186ef74b89274599d175.sol#11-12)
Reference: https://github.com/trailofbits/slither/wiki/Detectors-Documentation#state-variables-that-could-be-declared-constant[0m
INFO:Detectors:[92m
RUSS_PFXXXII_II_883.SimpleERC20Token (/sb/0x0a1439a8784f71cf6a0d186ef74b89274599d175.sol#15-19) should be declared external
RUSS_PFXXXII_II_883.transfer (/sb/0x0a1439a8784f71cf6a0d186ef74b89274599d175.sol#20-29) should be declared external
RUSS_PFXXXII_II_883.approve (/sb/0x0a1439a8784f71cf6a0d186ef74b89274599d175.sol#33-42) should be declared external
RUSS_PFXXXII_II_883.transferFrom (/sb/0x0a1439a8784f71cf6a0d186ef74b89274599d175.sol#42-58) should be declared external
Reference: https://github.com/trailofbits/slither/wiki/Detectors-Documentation#public-function-that-could-be-declared-as-external[0m
INFO:Detectors:[92m
Detected issues with version pragma in /sb/0x0a1439a8784f71cf6a0d186ef74b89274599d175.sol:
	- pragma solidity^0.4.21 (/sb/0x0a1439a8784f71cf6a0d186ef74b89274599d175.sol#1): it allows old versions
Reference: https://github.com/trailofbits/slither/wiki/Detectors-Documentation#incorrect-version-of-solidity[0m
INFO:Detectors:[92m
Contract 'RUSS_PFXXXII_II_883' (/sb/0x0a1439a8784f71cf6a0d186ef74b89274599d175.sol#3-407) is not in CapWords
Function 'RUSS_PFXXXII_II_883.SimpleERC20Token' (/sb/0x0a1439a8784f71cf6a0d186ef74b89274599d175.sol#15-19) is not in mixedCase
Reference: https://github.com/trailofbits/slither/wiki/Detectors-Documentation#conformance-to-solidity-naming-conventions[0m
INFO:Slither:/sb/0x0a1439a8784f71cf6a0d186ef74b89274599d175.sol analyzed (1 contracts), 8 result(s) found
