mythril.mythril.mythril_analyzer [CRITICAL]: Exception occurred, aborting analysis. Please report this issue to the Mythril GitHub page.
Traceback (most recent call last):
  File "/usr/local/lib/python3.8/dist-packages/mythril-0.23.15-py3.8.egg/mythril/mythril/mythril_analyzer.py", line 141, in fire_lasers
    sym = SymExecWrapper(
  File "/usr/local/lib/python3.8/dist-packages/mythril-0.23.15-py3.8.egg/mythril/analysis/symbolic.py", line 172, in __init__
    self.laser.sym_exec(
  File "/usr/local/lib/python3.8/dist-packages/mythril-0.23.15-py3.8.egg/mythril/laser/ethereum/svm.py", line 201, in sym_exec
    self.execute_transactions(created_account.address)
  File "/usr/local/lib/python3.8/dist-packages/mythril-0.23.15-py3.8.egg/mythril/laser/ethereum/svm.py", line 226, in execute_transactions
    self._execute_transactions(address)
  File "/usr/local/lib/python3.8/dist-packages/mythril-0.23.15-py3.8.egg/mythril/laser/ethereum/svm.py", line 272, in _execute_transactions
    execute_message_call(self, address, func_hashes=func_hashes)
  File "/usr/local/lib/python3.8/dist-packages/mythril-0.23.15-py3.8.egg/mythril/laser/ethereum/transaction/symbolic.py", line 151, in execute_message_call
    laser_evm.exec()
  File "/usr/local/lib/python3.8/dist-packages/mythril-0.23.15-py3.8.egg/mythril/laser/ethereum/svm.py", line 314, in exec
    new_states, op_code = self.execute_state(global_state)
  File "/usr/local/lib/python3.8/dist-packages/mythril-0.23.15-py3.8.egg/mythril/laser/ethereum/svm.py", line 410, in execute_state
    new_global_states = Instruction(
  File "/usr/local/lib/python3.8/dist-packages/mythril-0.23.15-py3.8.egg/mythril/laser/ethereum/instructions.py", line 264, in evaluate
    result = instruction_mutator(global_state)
  File "/usr/local/lib/python3.8/dist-packages/mythril-0.23.15-py3.8.egg/mythril/laser/ethereum/instructions.py", line 195, in wrapper
    new_global_states = self.call_on_state_copy(func, func_obj, global_state)
  File "/usr/local/lib/python3.8/dist-packages/mythril-0.23.15-py3.8.egg/mythril/laser/ethereum/instructions.py", line 130, in call_on_state_copy
    return func(func_obj, global_state_copy)
  File "/usr/local/lib/python3.8/dist-packages/mythril-0.23.15-py3.8.egg/mythril/laser/ethereum/instructions.py", line 376, in and_
    stack.append(op1 & op2)
  File "/usr/local/lib/python3.8/dist-packages/mythril-0.23.15-py3.8.egg/mythril/laser/smt/bitvec.py", line 114, in __and__
    return BitVec(self.raw & other.raw, annotations=union)
  File "/usr/local/lib/python3.8/dist-packages/z3/z3.py", line 3615, in __and__
    return BitVecRef(Z3_mk_bvand(self.ctx_ref(), a.as_ast(), b.as_ast()), self.ctx)
  File "/usr/local/lib/python3.8/dist-packages/z3/z3core.py", line 1944, in Z3_mk_bvand
    _elems.Check(a0)
  File "/usr/local/lib/python3.8/dist-packages/z3/z3core.py", line 1482, in Check
    raise self.Exception(self.get_error_message(ctx, err))
z3.z3types.Z3Exception: b'Argument (concat (ite (bvsle |9_calldatasize|\n                    #x0000000000000000000000000000000000000000000000000000000000000004)\n             #x00\n             (select |9_calldata|\n                     #x0000000000000000000000000000000000000000000000000000000000000004))\n        (ite (bvsle |9_calldatasize|\n                    #x0000000000000000000000000000000000000000000000000000000000000005)\n             #x00\n             (select |9_calldata|\n                     #x0000000000000000000000000000000000000000000000000000000000000005))\n        (ite (bvsle |9_calldatasize|\n                    #x0000000000000000000000000000000000000000000000000000000000000006)\n             #x00\n             (select |9_calldata|\n                     #x0000000000000000000000000000000000000000000000000000000000000006))\n        (ite (bvsle |9_calldatasize|\n                    #x0000000000000000000000000000000000000000000000000000000000000007)\n             #x00\n             (select |9_calldata|\n                     #x0000000000000000000000000000000000000000000000000000000000000007))\n        (ite (bvsle |9_calldatasize|\n                    #x0000000000000000000000000000000000000000000000000000000000000008)\n             #x00\n             (select |9_calldata|\n                     #x0000000000000000000000000000000000000000000000000000000000000008))\n        (ite (bvsle |9_calldatasize|\n                    #x0000000000000000000000000000000000000000000000000000000000000009)\n             #x00\n             (select |9_calldata|\n                     #x0000000000000000000000000000000000000000000000000000000000000009))\n        (ite (bvsle |9_calldatasize|\n                    #x000000000000000000000000000000000000000000000000000000000000000a)\n             #x00\n             (select |9_calldata|\n                     #x000000000000000000000000000000000000000000000000000000000000000a))\n        (ite (bvsle |9_calldatasize|\n                    #x000000000000000000000000000000000000000000000000000000000000000b)\n             #x00\n             (select |9_calldata|\n                     #x000000000000000000000000000000000000000000000000000000000000000b))\n        (ite (bvsle |9_calldatasize|\n                    #x000000000000000000000000000000000000000000000000000000000000000c)\n             #x00\n             (select |9_calldata|\n                     #x000000000000000000000000000000000000000000000000000000000000000c))\n        (ite (bvsle |9_calldatasize|\n                    #x000000000000000000000000000000000000000000000000000000000000000d)\n             #x00\n             (select |9_calldata|\n                     #x000000000000000000000000000000000000000000000000000000000000000d))\n        (ite (bvsle |9_calldatasize|\n                    #x000000000000000000000000000000000000000000000000000000000000000e)\n             #x00\n             (select |9_calldata|\n                     #x000000000000000000000000000000000000000000000000000000000000000e))\n        (ite (bvsle |9_calldatasize|\n                    #x000000000000000000000000000000000000000000000000000000000000000f)\n             #x00\n             (select |9_calldata|\n                     #x000000000000000000000000000000000000000000000000000000000000000f))\n        (ite (bvsle |9_calldatasize|\n                    #x0000000000000000000000000000000000000000000000000000000000000010)\n             #x00\n             (select |9_calldata|\n                     #x0000000000000000000000000000000000000000000000000000000000000010))\n        (ite (bvsle |9_calldatasize|\n                    #x0000000000000000000000000000000000000000000000000000000000000011)\n             #x00\n             (select |9_calldata|\n                     #x0000000000000000000000000000000000000000000000000000000000000011))\n        (ite (bvsle |9_calldatasize|\n                    #x0000000000000000000000000000000000000000000000000000000000000012)\n             #x00\n             (select |9_calldata|\n                     #x0000000000000000000000000000000000000000000000000000000000000012))\n        (ite (bvsle |9_calldatasize|\n                    #x0000000000000000000000000000000000000000000000000000000000000013)\n             #x00\n             (select |9_calldata|\n                     #x0000000000000000000000000000000000000000000000000000000000000013))\n        (ite (bvsle |9_calldatasize|\n                    #x0000000000000000000000000000000000000000000000000000000000000014)\n             #x00\n             (select |9_calldata|\n                     #x0000000000000000000000000000000000000000000000000000000000000014))\n        (ite (bvsle |9_calldatasize|\n                    #x0000000000000000000000000000000000000000000000000000000000000015)\n             #x00\n             (select |9_calldata|\n                     #x0000000000000000000000000000000000000000000000000000000000000015))\n        (ite (bvsle |9_calldatasize|\n                    #x0000000000000000000000000000000000000000000000000000000000000016)\n             #x00\n             (select |9_calldata|\n                     #x0000000000000000000000000000000000000000000000000000000000000016))) at position 1 has sort (_ BitVec 152) it does does not match declaration (declare-fun bvand ((_ BitVec 256) (_ BitVec 256)) (_ BitVec 256))'

