INFO:Detectors:[92m
ERC20.totalSupply (/sb/0x5d3a1ee2b01a3ed8cf230a779b17d31603e19672.sol#57-59) should be declared external
ColorCoin.totalSupply (/sb/0x5d3a1ee2b01a3ed8cf230a779b17d31603e19672.sol#170-174) should be declared external
ERC20.balanceOf (/sb/0x5d3a1ee2b01a3ed8cf230a779b17d31603e19672.sol#60-63) should be declared external
ColorCoin.balanceOf (/sb/0x5d3a1ee2b01a3ed8cf230a779b17d31603e19672.sol#175-177) should be declared external
ERC20.transfer (/sb/0x5d3a1ee2b01a3ed8cf230a779b17d31603e19672.sol#63-65) should be declared external
ColorCoin.transfer (/sb/0x5d3a1ee2b01a3ed8cf230a779b17d31603e19672.sol#177-190) should be declared external
ERC20.transferFrom (/sb/0x5d3a1ee2b01a3ed8cf230a779b17d31603e19672.sol#66-68) should be declared external
ColorCoin.transferFrom (/sb/0x5d3a1ee2b01a3ed8cf230a779b17d31603e19672.sol#190-206) should be declared external
ERC20.approve (/sb/0x5d3a1ee2b01a3ed8cf230a779b17d31603e19672.sol#71-73) should be declared external
ColorCoin.approve (/sb/0x5d3a1ee2b01a3ed8cf230a779b17d31603e19672.sol#207-216) should be declared external
ERC20.allowance (/sb/0x5d3a1ee2b01a3ed8cf230a779b17d31603e19672.sol#74-77) should be declared external
ColorCoin.allowance (/sb/0x5d3a1ee2b01a3ed8cf230a779b17d31603e19672.sol#216-218) should be declared external
ColorCoin.distribute (/sb/0x5d3a1ee2b01a3ed8cf230a779b17d31603e19672.sol#220-234) should be declared external
ColorCoin.changeFounder (/sb/0x5d3a1ee2b01a3ed8cf230a779b17d31603e19672.sol#237-240) should be declared external
ColorCoin.getFounder (/sb/0x5d3a1ee2b01a3ed8cf230a779b17d31603e19672.sol#243-247) should be declared external
ColorCoin.changeAdmin (/sb/0x5d3a1ee2b01a3ed8cf230a779b17d31603e19672.sol#248-251) should be declared external
ColorCoin.getAdmin (/sb/0x5d3a1ee2b01a3ed8cf230a779b17d31603e19672.sol#254-256) should be declared external
ColorCoin.lock (/sb/0x5d3a1ee2b01a3ed8cf230a779b17d31603e19672.sol#260-261) should be declared external
ColorCoin.unlock (/sb/0x5d3a1ee2b01a3ed8cf230a779b17d31603e19672.sol#264-269) should be declared external
ColorCoin.isLocked (/sb/0x5d3a1ee2b01a3ed8cf230a779b17d31603e19672.sol#272-275) should be declared external
ColorCoin.enableTransfer (/sb/0x5d3a1ee2b01a3ed8cf230a779b17d31603e19672.sol#278-279) should be declared external
ColorCoin.disableTransfer (/sb/0x5d3a1ee2b01a3ed8cf230a779b17d31603e19672.sol#281-283) should be declared external
ColorCoin.setTime1 (/sb/0x5d3a1ee2b01a3ed8cf230a779b17d31603e19672.sol#341-347) should be declared external
ColorCoin.getTime1 (/sb/0x5d3a1ee2b01a3ed8cf230a779b17d31603e19672.sol#347-351) should be declared external
ColorCoin.setTime2 (/sb/0x5d3a1ee2b01a3ed8cf230a779b17d31603e19672.sol#352-357) should be declared external
ColorCoin.getTime2 (/sb/0x5d3a1ee2b01a3ed8cf230a779b17d31603e19672.sol#357-362) should be declared external
ColorCoin.setTime3 (/sb/0x5d3a1ee2b01a3ed8cf230a779b17d31603e19672.sol#362-367) should be declared external
ColorCoin.getTime3 (/sb/0x5d3a1ee2b01a3ed8cf230a779b17d31603e19672.sol#367-372) should be declared external
ColorCoin.setTime4 (/sb/0x5d3a1ee2b01a3ed8cf230a779b17d31603e19672.sol#372-377) should be declared external
ColorCoin.getTime4 (/sb/0x5d3a1ee2b01a3ed8cf230a779b17d31603e19672.sol#377-382) should be declared external
ColorCoin.setTime5 (/sb/0x5d3a1ee2b01a3ed8cf230a779b17d31603e19672.sol#382-387) should be declared external
ColorCoin.getTime5 (/sb/0x5d3a1ee2b01a3ed8cf230a779b17d31603e19672.sol#387-392) should be declared external
ColorCoin.setPercent1 (/sb/0x5d3a1ee2b01a3ed8cf230a779b17d31603e19672.sol#392-397) should be declared external
ColorCoin.getPercent1 (/sb/0x5d3a1ee2b01a3ed8cf230a779b17d31603e19672.sol#398-402) should be declared external
ColorCoin.setPercent2 (/sb/0x5d3a1ee2b01a3ed8cf230a779b17d31603e19672.sol#402-408) should be declared external
ColorCoin.getPercent2 (/sb/0x5d3a1ee2b01a3ed8cf230a779b17d31603e19672.sol#408-412) should be declared external
ColorCoin.setPercent3 (/sb/0x5d3a1ee2b01a3ed8cf230a779b17d31603e19672.sol#412-418) should be declared external
ColorCoin.getPercent3 (/sb/0x5d3a1ee2b01a3ed8cf230a779b17d31603e19672.sol#418-422) should be declared external
ColorCoin.setPercent4 (/sb/0x5d3a1ee2b01a3ed8cf230a779b17d31603e19672.sol#423-428) should be declared external
ColorCoin.getPercent4 (/sb/0x5d3a1ee2b01a3ed8cf230a779b17d31603e19672.sol#428-432) should be declared external
ColorCoin.setPercent5 (/sb/0x5d3a1ee2b01a3ed8cf230a779b17d31603e19672.sol#433-435) should be declared external
ColorCoin.getPercent5 (/sb/0x5d3a1ee2b01a3ed8cf230a779b17d31603e19672.sol) should be declared external
ColorCoin.getInitBalance (/sb/0x5d3a1ee2b01a3ed8cf230a779b17d31603e19672.sol) should be declared external
Reference: https://github.com/trailofbits/slither/wiki/Detectors-Documentation#public-function-that-could-be-declared-as-external[0m
INFO:Detectors:[92m
Struct 'ColorCoin.accountData' (/sb/0x5d3a1ee2b01a3ed8cf230a779b17d31603e19672.sol#93-108) is not in CapWords
Parameter '_owner' of ColorCoin.balanceOf (/sb/0x5d3a1ee2b01a3ed8cf230a779b17d31603e19672.sol#175) is not in mixedCase
Parameter '_to' of ColorCoin.transfer (/sb/0x5d3a1ee2b01a3ed8cf230a779b17d31603e19672.sol#179) is not in mixedCase
Parameter '_value' of ColorCoin.transfer (/sb/0x5d3a1ee2b01a3ed8cf230a779b17d31603e19672.sol#179) is not in mixedCase
Parameter '_from' of ColorCoin.transferFrom (/sb/0x5d3a1ee2b01a3ed8cf230a779b17d31603e19672.sol#191) is not in mixedCase
Parameter '_to' of ColorCoin.transferFrom (/sb/0x5d3a1ee2b01a3ed8cf230a779b17d31603e19672.sol#191) is not in mixedCase
Parameter '_value' of ColorCoin.transferFrom (/sb/0x5d3a1ee2b01a3ed8cf230a779b17d31603e19672.sol#191) is not in mixedCase
Parameter '_spender' of ColorCoin.approve (/sb/0x5d3a1ee2b01a3ed8cf230a779b17d31603e19672.sol#208-210) is not in mixedCase
Parameter '_value' of ColorCoin.approve (/sb/0x5d3a1ee2b01a3ed8cf230a779b17d31603e19672.sol#210-211) is not in mixedCase
Parameter '_owner' of ColorCoin.allowance (/sb/0x5d3a1ee2b01a3ed8cf230a779b17d31603e19672.sol#216) is not in mixedCase
Parameter '_spender' of ColorCoin.allowance (/sb/0x5d3a1ee2b01a3ed8cf230a779b17d31603e19672.sol#216) is not in mixedCase
Parameter '_name' of ColorCoin. (/sb/0x5d3a1ee2b01a3ed8cf230a779b17d31603e19672.sol#129-130) is not in mixedCase
Parameter '_symbol' of ColorCoin. (/sb/0x5d3a1ee2b01a3ed8cf230a779b17d31603e19672.sol#130) is not in mixedCase
Parameter '_totalSupply' of ColorCoin. (/sb/0x5d3a1ee2b01a3ed8cf230a779b17d31603e19672.sol#130-131) is not in mixedCase
Parameter '_decimals' of ColorCoin. (/sb/0x5d3a1ee2b01a3ed8cf230a779b17d31603e19672.sol#131) is not in mixedCase
Parameter '_founder' of ColorCoin. (/sb/0x5d3a1ee2b01a3ed8cf230a779b17d31603e19672.sol#131-132) is not in mixedCase
Parameter '_admin' of ColorCoin. (/sb/0x5d3a1ee2b01a3ed8cf230a779b17d31603e19672.sol#132-133) is not in mixedCase
Parameter '_to' of ColorCoin.distribute (/sb/0x5d3a1ee2b01a3ed8cf230a779b17d31603e19672.sol#220) is not in mixedCase
Parameter '_value' of ColorCoin.distribute (/sb/0x5d3a1ee2b01a3ed8cf230a779b17d31603e19672.sol#220) is not in mixedCase
Parameter '_value' of ColorCoin.checkTime (/sb/0x5d3a1ee2b01a3ed8cf230a779b17d31603e19672.sol#287) is not in mixedCase
Parameter '_owner' of ColorCoin.getInitBalance (/sb/0x5d3a1ee2b01a3ed8cf230a779b17d31603e19672.sol) is not in mixedCase
Variable 'ColorCoin.__totalSupply' (/sb/0x5d3a1ee2b01a3ed8cf230a779b17d31603e19672.sol#128) is not in mixedCase
Reference: https://github.com/trailofbits/slither/wiki/Detectors-Documentation#conformance-to-solidity-naming-conventions[0m
INFO:Slither:/sb/0x5d3a1ee2b01a3ed8cf230a779b17d31603e19672.sol analyzed (3 contracts), 65 result(s) found
