INFO:Detectors:[93m
Contract locking ether found in /sb/0x01a9a2b8638451d447f0027179b19e8843963a88.sol:
	Contract URUNToken has payable functions:
	 - fallback (/sb/0x01a9a2b8638451d447f0027179b19e8843963a88.sol#242-243)
	But does not have a function to withdraw the ether
Reference: https://github.com/trailofbits/slither/wiki/Detectors-Documentation#contracts-that-lock-ether[0m
INFO:Detectors:[92m
URUNToken.decimals should be constant (/sb/0x01a9a2b8638451d447f0027179b19e8843963a88.sol#237-241)
Reference: https://github.com/trailofbits/slither/wiki/Detectors-Documentation#state-variables-that-could-be-declared-constant[0m
INFO:Detectors:[92m
Ownable.transferOwnership (/sb/0x01a9a2b8638451d447f0027179b19e8843963a88.sol#69-77) should be declared external
BasicToken.balanceOf (/sb/0x01a9a2b8638451d447f0027179b19e8843963a88.sol#144-147) should be declared external
ERC20Basic.balanceOf (/sb/0x01a9a2b8638451d447f0027179b19e8843963a88.sol#86) should be declared external
ERC20Basic.transfer (/sb/0x01a9a2b8638451d447f0027179b19e8843963a88.sol#88-91) should be declared external
BasicToken.transfer (/sb/0x01a9a2b8638451d447f0027179b19e8843963a88.sol#122-135) should be declared external
StandardToken.allowance (/sb/0x01a9a2b8638451d447f0027179b19e8843963a88.sol#204-208) should be declared external
ERC20.allowance (/sb/0x01a9a2b8638451d447f0027179b19e8843963a88.sol#97-98) should be declared external
ERC20.transferFrom (/sb/0x01a9a2b8638451d447f0027179b19e8843963a88.sol#98-102) should be declared external
StandardToken.transferFrom (/sb/0x01a9a2b8638451d447f0027179b19e8843963a88.sol#163-177) should be declared external
StandardToken.approve (/sb/0x01a9a2b8638451d447f0027179b19e8843963a88.sol#187-193) should be declared external
ERC20.approve (/sb/0x01a9a2b8638451d447f0027179b19e8843963a88.sol#102-106) should be declared external
BurnableToken.burn (/sb/0x01a9a2b8638451d447f0027179b19e8843963a88.sol#217-234) should be declared external
URUNToken.fallback (/sb/0x01a9a2b8638451d447f0027179b19e8843963a88.sol#242-243) should be declared external
URUNToken.getTokenDetail (/sb/0x01a9a2b8638451d447f0027179b19e8843963a88.sol) should be declared external
Reference: https://github.com/trailofbits/slither/wiki/Detectors-Documentation#public-function-that-could-be-declared-as-external[0m
INFO:Detectors:[92m
Detected issues with version pragma in /sb/0x01a9a2b8638451d447f0027179b19e8843963a88.sol:
	- pragma solidity0.4.23 (/sb/0x01a9a2b8638451d447f0027179b19e8843963a88.sol#1): it allows old versions
Reference: https://github.com/trailofbits/slither/wiki/Detectors-Documentation#incorrect-version-of-solidity[0m
INFO:Detectors:[92m
Parameter '_owner' of BasicToken.balanceOf (/sb/0x01a9a2b8638451d447f0027179b19e8843963a88.sol#146) is not in mixedCase
Parameter '_to' of BasicToken.transfer (/sb/0x01a9a2b8638451d447f0027179b19e8843963a88.sol#122) is not in mixedCase
Parameter '_amount' of BasicToken.transfer (/sb/0x01a9a2b8638451d447f0027179b19e8843963a88.sol#122) is not in mixedCase
Parameter '_owner' of StandardToken.allowance (/sb/0x01a9a2b8638451d447f0027179b19e8843963a88.sol#204) is not in mixedCase
Parameter '_spender' of StandardToken.allowance (/sb/0x01a9a2b8638451d447f0027179b19e8843963a88.sol#205-206) is not in mixedCase
Parameter '_from' of StandardToken.transferFrom (/sb/0x01a9a2b8638451d447f0027179b19e8843963a88.sol#164) is not in mixedCase
Parameter '_to' of StandardToken.transferFrom (/sb/0x01a9a2b8638451d447f0027179b19e8843963a88.sol#164) is not in mixedCase
Parameter '_amount' of StandardToken.transferFrom (/sb/0x01a9a2b8638451d447f0027179b19e8843963a88.sol#164-165) is not in mixedCase
Parameter '_spender' of StandardToken.approve (/sb/0x01a9a2b8638451d447f0027179b19e8843963a88.sol#189-191) is not in mixedCase
Parameter '_amount' of StandardToken.approve (/sb/0x01a9a2b8638451d447f0027179b19e8843963a88.sol#191) is not in mixedCase
Parameter '_value' of BurnableToken.burn (/sb/0x01a9a2b8638451d447f0027179b19e8843963a88.sol#217) is not in mixedCase
Reference: https://github.com/trailofbits/slither/wiki/Detectors-Documentation#conformance-to-solidity-naming-conventions[0m
INFO:Slither:/sb/0x01a9a2b8638451d447f0027179b19e8843963a88.sol analyzed (8 contracts), 28 result(s) found
