INFO:Slither:Compilation warnings/errors on /sb/0x0f4586b20fd52323fd18c4e6e376f724e0e7cad3.sol:
/sb/0x0f4586b20fd52323fd18c4e6e376f724e0e7cad3.sol:56:5: Warning: Defining constructors as functions with the same name as the contract is deprecated. Use "constructor(...) { ... }" instead.
    function AccessAdmin() public {
    ^ (Relevant source part starts here and spans across multiple lines).
/sb/0x0f4586b20fd52323fd18c4e6e376f724e0e7cad3.sol:190:5: Warning: Defining constructors as functions with the same name as the contract is deprecated. Use "constructor(...) { ... }" instead.
    function WarToken() public {
    ^ (Relevant source part starts here and spans across multiple lines).
/sb/0x0f4586b20fd52323fd18c4e6e376f724e0e7cad3.sol:78:9: Warning: Invoking events without "emit" prefix is deprecated.
        AdminTransferred(addrAdmin, _newAdmin);
        ^------------------------------------^
/sb/0x0f4586b20fd52323fd18c4e6e376f724e0e7cad3.sol:98:25: Warning: This function only accepts a single "bytes" argument. Please use "abi.encodePacked(...)" or a similar function to encode the data.
        _seed = uint256(keccak256(_seed, block.blockhash(block.number - 1), block.coinbase, block.difficulty));
                        ^-----------------------------------------------------------------------------------^
/sb/0x0f4586b20fd52323fd18c4e6e376f724e0e7cad3.sol:106:24: Warning: This function only accepts a single "bytes" argument. Please use "abi.encodePacked(...)" or a similar function to encode the data.
        return uint256(keccak256(_outSeed, block.blockhash(block.number - 1), block.coinbase, block.difficulty));
                       ^--------------------------------------------------------------------------------------^
/sb/0x0f4586b20fd52323fd18c4e6e376f724e0e7cad3.sol:291:9: Warning: Invoking events without "emit" prefix is deprecated.
        Approval(owner, _approved, _tokenId);
        ^----------------------------------^
/sb/0x0f4586b20fd52323fd18c4e6e376f724e0e7cad3.sol:302:9: Warning: Invoking events without "emit" prefix is deprecated.
        ApprovalForAll(msg.sender, _operator, _approved);
        ^----------------------------------------------^
/sb/0x0f4586b20fd52323fd18c4e6e376f724e0e7cad3.sol:355:9: Warning: Invoking events without "emit" prefix is deprecated.
        Transfer(_from != address(0) ? _from : this, _to, _tokenId);
        ^---------------------------------------------------------^
/sb/0x0f4586b20fd52323fd18c4e6e376f724e0e7cad3.sol:422:9: Warning: Invoking events without "emit" prefix is deprecated.
        CreateFashion(_owner, newFashionId, _attrs[0], _attrs[1], _attrs[2], _attrs[8]);
        ^-----------------------------------------------------------------------------^
/sb/0x0f4586b20fd52323fd18c4e6e376f724e0e7cad3.sol:478:9: Warning: Invoking events without "emit" prefix is deprecated.
        ChangeFashion(fashionIdToOwner[_tokenId], _tokenId, _changeType);
        ^--------------------------------------------------------------^
/sb/0x0f4586b20fd52323fd18c4e6e376f724e0e7cad3.sol:507:9: Warning: Invoking events without "emit" prefix is deprecated.
        Transfer(_from, 0, _tokenId);
        ^--------------------------^
/sb/0x0f4586b20fd52323fd18c4e6e376f724e0e7cad3.sol:509:9: Warning: Invoking events without "emit" prefix is deprecated.
        DeleteFashion(_from, _tokenId, _deleteType);
        ^-----------------------------------------^
/sb/0x0f4586b20fd52323fd18c4e6e376f724e0e7cad3.sol:98:42: Warning: "block.blockhash()" has been deprecated in favor of "blockhash()"
        _seed = uint256(keccak256(_seed, block.blockhash(block.number - 1), block.coinbase, block.difficulty));
                                         ^-------------^
/sb/0x0f4586b20fd52323fd18c4e6e376f724e0e7cad3.sol:106:44: Warning: "block.blockhash()" has been deprecated in favor of "blockhash()"
        return uint256(keccak256(_outSeed, block.blockhash(block.number - 1), block.coinbase, block.difficulty));
                                           ^-------------^

INFO:Detectors:[93m
ERC721 (/sb/0x0f4586b20fd52323fd18c4e6e376f724e0e7cad3.sol#16-31) has incorrect ERC20 function interface(s):
	-transferFrom (/sb/0x0f4586b20fd52323fd18c4e6e376f724e0e7cad3.sol#24-25)
	-approve (/sb/0x0f4586b20fd52323fd18c4e6e376f724e0e7cad3.sol#25-26)
WarToken (/sb/0x0f4586b20fd52323fd18c4e6e376f724e0e7cad3.sol#128-585) has incorrect ERC20 function interface(s):
	-transferFrom (/sb/0x0f4586b20fd52323fd18c4e6e376f724e0e7cad3.sol#276-288)
	-approve (/sb/0x0f4586b20fd52323fd18c4e6e376f724e0e7cad3.sol#294-301)
Reference: https://github.com/trailofbits/slither/wiki/Detectors-Documentation#incorrect-erc20-interface[0m
INFO:Detectors:[92m
WarToken._safeTransferFrom uses assembly (/sb/0x0f4586b20fd52323fd18c4e6e376f724e0e7cad3.sol#372-393)
	- /sb/0x0f4586b20fd52323fd18c4e6e376f724e0e7cad3.sol#385-386
Reference: https://github.com/trailofbits/slither/wiki/Detectors-Documentation#assembly-usage[0m
INFO:Detectors:[92m
Deprecated standard detected @ /sb/0x0f4586b20fd52323fd18c4e6e376f724e0e7cad3.sol#102-105:
	- Usage of "block.blockhash()" should be replaced with "blockhash()"
Deprecated standard detected @ /sb/0x0f4586b20fd52323fd18c4e6e376f724e0e7cad3.sol#111-115:
	- Usage of "block.blockhash()" should be replaced with "blockhash()"
Reference: https://github.com/trailofbits/slither/wiki/Detectors-Documentation#deprecated-standards[0m
INFO:Detectors:[92m
WarToken.name (/sb/0x0f4586b20fd52323fd18c4e6e376f724e0e7cad3.sol#226-227) should be declared external
WarToken.symbol (/sb/0x0f4586b20fd52323fd18c4e6e376f724e0e7cad3.sol#227-231) should be declared external
Reference: https://github.com/trailofbits/slither/wiki/Detectors-Documentation#public-function-that-could-be-declared-as-external[0m
INFO:Detectors:[92m
Detected issues with version pragma in /sb/0x0f4586b20fd52323fd18c4e6e376f724e0e7cad3.sol:
	- pragma solidity^0.4.20 (/sb/0x0f4586b20fd52323fd18c4e6e376f724e0e7cad3.sol#6-8): it allows old versions
Reference: https://github.com/trailofbits/slither/wiki/Detectors-Documentation#incorrect-version-of-solidity[0m
INFO:Detectors:[92m
Function 'AccessAdmin.AccessAdmin' (/sb/0x0f4586b20fd52323fd18c4e6e376f724e0e7cad3.sol#57-62) is not in mixedCase
Parameter '_newAdmin' of AccessAdmin.setAdmin (/sb/0x0f4586b20fd52323fd18c4e6e376f724e0e7cad3.sol#77-78) is not in mixedCase
Function 'Random._rand' (/sb/0x0f4586b20fd52323fd18c4e6e376f724e0e7cad3.sol#98-105) is not in mixedCase
Function 'Random._randBySeed' (/sb/0x0f4586b20fd52323fd18c4e6e376f724e0e7cad3.sol#110-117) is not in mixedCase
Parameter '_outSeed' of Random._randBySeed (/sb/0x0f4586b20fd52323fd18c4e6e376f724e0e7cad3.sol#110) is not in mixedCase
Variable 'Random._seed' (/sb/0x0f4586b20fd52323fd18c4e6e376f724e0e7cad3.sol#97) is not in mixedCase
Parameter '_interfaceId' of WarToken.supportsInterface (/sb/0x0f4586b20fd52323fd18c4e6e376f724e0e7cad3.sol#216-219) is not in mixedCase
Parameter '_owner' of WarToken.balanceOf (/sb/0x0f4586b20fd52323fd18c4e6e376f724e0e7cad3.sol#234) is not in mixedCase
Parameter '_tokenId' of WarToken.ownerOf (/sb/0x0f4586b20fd52323fd18c4e6e376f724e0e7cad3.sol#241-242) is not in mixedCase
Parameter '_from' of WarToken.safeTransferFrom (/sb/0x0f4586b20fd52323fd18c4e6e376f724e0e7cad3.sol#253) is not in mixedCase
Parameter '_to' of WarToken.safeTransferFrom (/sb/0x0f4586b20fd52323fd18c4e6e376f724e0e7cad3.sol#253-254) is not in mixedCase
Parameter '_tokenId' of WarToken.safeTransferFrom (/sb/0x0f4586b20fd52323fd18c4e6e376f724e0e7cad3.sol#254) is not in mixedCase
Parameter '_from' of WarToken.safeTransferFrom (/sb/0x0f4586b20fd52323fd18c4e6e376f724e0e7cad3.sol#264-265) is not in mixedCase
Parameter '_to' of WarToken.safeTransferFrom (/sb/0x0f4586b20fd52323fd18c4e6e376f724e0e7cad3.sol#265) is not in mixedCase
Parameter '_tokenId' of WarToken.safeTransferFrom (/sb/0x0f4586b20fd52323fd18c4e6e376f724e0e7cad3.sol#265) is not in mixedCase
Parameter '_from' of WarToken.transferFrom (/sb/0x0f4586b20fd52323fd18c4e6e376f724e0e7cad3.sol#279) is not in mixedCase
Parameter '_to' of WarToken.transferFrom (/sb/0x0f4586b20fd52323fd18c4e6e376f724e0e7cad3.sol#279) is not in mixedCase
Parameter '_tokenId' of WarToken.transferFrom (/sb/0x0f4586b20fd52323fd18c4e6e376f724e0e7cad3.sol#279) is not in mixedCase
Parameter '_approved' of WarToken.approve (/sb/0x0f4586b20fd52323fd18c4e6e376f724e0e7cad3.sol#294) is not in mixedCase
Parameter '_tokenId' of WarToken.approve (/sb/0x0f4586b20fd52323fd18c4e6e376f724e0e7cad3.sol#294) is not in mixedCase
Parameter '_operator' of WarToken.setApprovalForAll (/sb/0x0f4586b20fd52323fd18c4e6e376f724e0e7cad3.sol#307-308) is not in mixedCase
Parameter '_approved' of WarToken.setApprovalForAll (/sb/0x0f4586b20fd52323fd18c4e6e376f724e0e7cad3.sol#308) is not in mixedCase
Parameter '_tokenId' of WarToken.getApproved (/sb/0x0f4586b20fd52323fd18c4e6e376f724e0e7cad3.sol#315-316) is not in mixedCase
Parameter '_owner' of WarToken.isApprovedForAll (/sb/0x0f4586b20fd52323fd18c4e6e376f724e0e7cad3.sol#324) is not in mixedCase
Parameter '_operator' of WarToken.isApprovedForAll (/sb/0x0f4586b20fd52323fd18c4e6e376f724e0e7cad3.sol#324) is not in mixedCase
Parameter '_actionAddr' of WarToken.setActionContract (/sb/0x0f4586b20fd52323fd18c4e6e376f724e0e7cad3.sol#172) is not in mixedCase
Parameter '_useful' of WarToken.setActionContract (/sb/0x0f4586b20fd52323fd18c4e6e376f724e0e7cad3.sol#172) is not in mixedCase
Parameter '_actionAddr' of WarToken.getActionContract (/sb/0x0f4586b20fd52323fd18c4e6e376f724e0e7cad3.sol#173-175) is not in mixedCase
Function 'WarToken.WarToken' (/sb/0x0f4586b20fd52323fd18c4e6e376f724e0e7cad3.sol#199-204) is not in mixedCase
Function 'WarToken._transfer' (/sb/0x0f4586b20fd52323fd18c4e6e376f724e0e7cad3.sol#339-371) is not in mixedCase
Parameter '_from' of WarToken._transfer (/sb/0x0f4586b20fd52323fd18c4e6e376f724e0e7cad3.sol#339) is not in mixedCase
Parameter '_to' of WarToken._transfer (/sb/0x0f4586b20fd52323fd18c4e6e376f724e0e7cad3.sol#339) is not in mixedCase
Parameter '_tokenId' of WarToken._transfer (/sb/0x0f4586b20fd52323fd18c4e6e376f724e0e7cad3.sol#339-340) is not in mixedCase
Function 'WarToken._safeTransferFrom' (/sb/0x0f4586b20fd52323fd18c4e6e376f724e0e7cad3.sol#372-393) is not in mixedCase
Parameter '_from' of WarToken._safeTransferFrom (/sb/0x0f4586b20fd52323fd18c4e6e376f724e0e7cad3.sol#373) is not in mixedCase
Parameter '_to' of WarToken._safeTransferFrom (/sb/0x0f4586b20fd52323fd18c4e6e376f724e0e7cad3.sol#373) is not in mixedCase
Parameter '_tokenId' of WarToken._safeTransferFrom (/sb/0x0f4586b20fd52323fd18c4e6e376f724e0e7cad3.sol#373-374) is not in mixedCase
Parameter '_owner' of WarToken.createFashion (/sb/0x0f4586b20fd52323fd18c4e6e376f724e0e7cad3.sol#404-405) is not in mixedCase
Parameter '_attrs' of WarToken.createFashion (/sb/0x0f4586b20fd52323fd18c4e6e376f724e0e7cad3.sol#405) is not in mixedCase
Function 'WarToken._changeAttrByIndex' (/sb/0x0f4586b20fd52323fd18c4e6e376f724e0e7cad3.sol#442-461) is not in mixedCase
Parameter '_fs' of WarToken._changeAttrByIndex (/sb/0x0f4586b20fd52323fd18c4e6e376f724e0e7cad3.sol#442-443) is not in mixedCase
Parameter '_index' of WarToken._changeAttrByIndex (/sb/0x0f4586b20fd52323fd18c4e6e376f724e0e7cad3.sol#443) is not in mixedCase
Parameter '_val' of WarToken._changeAttrByIndex (/sb/0x0f4586b20fd52323fd18c4e6e376f724e0e7cad3.sol#443-444) is not in mixedCase
Parameter '_tokenId' of WarToken.changeFashionAttr (/sb/0x0f4586b20fd52323fd18c4e6e376f724e0e7cad3.sol#472-474) is not in mixedCase
Parameter '_idxArray' of WarToken.changeFashionAttr (/sb/0x0f4586b20fd52323fd18c4e6e376f724e0e7cad3.sol#474) is not in mixedCase
Parameter '_params' of WarToken.changeFashionAttr (/sb/0x0f4586b20fd52323fd18c4e6e376f724e0e7cad3.sol#474-475) is not in mixedCase
Parameter '_changeType' of WarToken.changeFashionAttr (/sb/0x0f4586b20fd52323fd18c4e6e376f724e0e7cad3.sol#475) is not in mixedCase
Parameter '_tokenId' of WarToken.destroyFashion (/sb/0x0f4586b20fd52323fd18c4e6e376f724e0e7cad3.sol#499) is not in mixedCase
Parameter '_deleteType' of WarToken.destroyFashion (/sb/0x0f4586b20fd52323fd18c4e6e376f724e0e7cad3.sol#500-501) is not in mixedCase
Parameter '_tokenId' of WarToken.safeTransferByContract (/sb/0x0f4586b20fd52323fd18c4e6e376f724e0e7cad3.sol#531) is not in mixedCase
Parameter '_to' of WarToken.safeTransferByContract (/sb/0x0f4586b20fd52323fd18c4e6e376f724e0e7cad3.sol#531) is not in mixedCase
Parameter '_tokenId' of WarToken.getFashion (/sb/0x0f4586b20fd52323fd18c4e6e376f724e0e7cad3.sol#548) is not in mixedCase
Parameter '_owner' of WarToken.getOwnFashions (/sb/0x0f4586b20fd52323fd18c4e6e376f724e0e7cad3.sol#562) is not in mixedCase
Parameter '_tokens' of WarToken.getFashionsAttrs (/sb/0x0f4586b20fd52323fd18c4e6e376f724e0e7cad3.sol#577-578) is not in mixedCase
Reference: https://github.com/trailofbits/slither/wiki/Detectors-Documentation#conformance-to-solidity-naming-conventions[0m
INFO:Slither:/sb/0x0f4586b20fd52323fd18c4e6e376f724e0e7cad3.sol analyzed (8 contracts), 62 result(s) found
