INFO:Detectors:[92m
ERC20.totalSupply (/sb/0x7f636aaaf8f484d108d5695c1bebbed576aeab50.sol#8-10) should be declared external
HetaToken.totalSupply (/sb/0x7f636aaaf8f484d108d5695c1bebbed576aeab50.sol#154-155) should be declared external
HetaToken.balanceOf (/sb/0x7f636aaaf8f484d108d5695c1bebbed576aeab50.sol#162-164) should be declared external
ERC20.balanceOf (/sb/0x7f636aaaf8f484d108d5695c1bebbed576aeab50.sol#10-12) should be declared external
HetaToken.allowance (/sb/0x7f636aaaf8f484d108d5695c1bebbed576aeab50.sol#172-174) should be declared external
ERC20.allowance (/sb/0x7f636aaaf8f484d108d5695c1bebbed576aeab50.sol#14-16) should be declared external
ERC20.transferFrom (/sb/0x7f636aaaf8f484d108d5695c1bebbed576aeab50.sol#16-18) should be declared external
HetaToken.transferFrom (/sb/0x7f636aaaf8f484d108d5695c1bebbed576aeab50.sol#236-243) should be declared external
ERC20.approve (/sb/0x7f636aaaf8f484d108d5695c1bebbed576aeab50.sol#18-20) should be declared external
HetaToken.approve (/sb/0x7f636aaaf8f484d108d5695c1bebbed576aeab50.sol#223-230) should be declared external
HetaToken.name (/sb/0x7f636aaaf8f484d108d5695c1bebbed576aeab50.sol#134-138) should be declared external
HetaToken.symbol (/sb/0x7f636aaaf8f484d108d5695c1bebbed576aeab50.sol#140-142) should be declared external
HetaToken.decimals (/sb/0x7f636aaaf8f484d108d5695c1bebbed576aeab50.sol#148-150) should be declared external
HetaToken.ownerTransfer (/sb/0x7f636aaaf8f484d108d5695c1bebbed576aeab50.sol#184-188) should be declared external
HetaToken.batchTransfer (/sb/0x7f636aaaf8f484d108d5695c1bebbed576aeab50.sol#202-211) should be declared external
HetaToken.increaseAllowance (/sb/0x7f636aaaf8f484d108d5695c1bebbed576aeab50.sol#253-261) should be declared external
HetaToken.decreaseAllowance (/sb/0x7f636aaaf8f484d108d5695c1bebbed576aeab50.sol#270-281) should be declared external
HetaToken.burn (/sb/0x7f636aaaf8f484d108d5695c1bebbed576aeab50.sol#300-302) should be declared external
HetaToken.burnFrom (/sb/0x7f636aaaf8f484d108d5695c1bebbed576aeab50.sol#312-314) should be declared external
HetaToken.paused (/sb/0x7f636aaaf8f484d108d5695c1bebbed576aeab50.sol#388-392) should be declared external
HetaToken.pause (/sb/0x7f636aaaf8f484d108d5695c1bebbed576aeab50.sol) should be declared external
HetaToken.unpause (/sb/0x7f636aaaf8f484d108d5695c1bebbed576aeab50.sol) should be declared external
Reference: https://github.com/trailofbits/slither/wiki/Detectors-Documentation#public-function-that-could-be-declared-as-external[0m
INFO:Detectors:[92m
Function 'HetaToken._transfer' (/sb/0x7f636aaaf8f484d108d5695c1bebbed576aeab50.sol#289-299) is not in mixedCase
Function 'HetaToken._burn' (/sb/0x7f636aaaf8f484d108d5695c1bebbed576aeab50.sol#322-329) is not in mixedCase
Function 'HetaToken._burnFrom' (/sb/0x7f636aaaf8f484d108d5695c1bebbed576aeab50.sol#334-354) is not in mixedCase
Constant 'HetaToken._name' (/sb/0x7f636aaaf8f484d108d5695c1bebbed576aeab50.sol#104) is not in UPPER_CASE_WITH_UNDERSCORES
Constant 'HetaToken._symbol' (/sb/0x7f636aaaf8f484d108d5695c1bebbed576aeab50.sol#105) is not in UPPER_CASE_WITH_UNDERSCORES
Constant 'HetaToken._decimals' (/sb/0x7f636aaaf8f484d108d5695c1bebbed576aeab50.sol#107-109) is not in UPPER_CASE_WITH_UNDERSCORES
Reference: https://github.com/trailofbits/slither/wiki/Detectors-Documentation#conformance-to-solidity-naming-conventions[0m
INFO:Slither:/sb/0x7f636aaaf8f484d108d5695c1bebbed576aeab50.sol analyzed (3 contracts), 28 result(s) found
