INFO:Detectors:[93m
EasyCoin (/sb/0x312e63ce1655aa2b44e7c50d8f1d51e3b7f5ceff.sol#5-103) has incorrect ERC20 function interface(s):
	-transfer (/sb/0x312e63ce1655aa2b44e7c50d8f1d51e3b7f5ceff.sol#47-52)
Reference: https://github.com/trailofbits/slither/wiki/Detectors-Documentation#incorrect-erc20-interface[0m
INFO:Detectors:[92m
EasyCoin.decimals should be constant (/sb/0x312e63ce1655aa2b44e7c50d8f1d51e3b7f5ceff.sol#10-11)
EasyCoin.version should be constant (/sb/0x312e63ce1655aa2b44e7c50d8f1d51e3b7f5ceff.sol#9-10)
Reference: https://github.com/trailofbits/slither/wiki/Detectors-Documentation#state-variables-that-could-be-declared-constant[0m
INFO:Detectors:[92m
tokenRecipient.receiveApproval (/sb/0x312e63ce1655aa2b44e7c50d8f1d51e3b7f5ceff.sol#3) should be declared external
EasyCoin.transfer (/sb/0x312e63ce1655aa2b44e7c50d8f1d51e3b7f5ceff.sol#47-52) should be declared external
EasyCoin.transferFrom (/sb/0x312e63ce1655aa2b44e7c50d8f1d51e3b7f5ceff.sol#52-60) should be declared external
EasyCoin.approveAndCall (/sb/0x312e63ce1655aa2b44e7c50d8f1d51e3b7f5ceff.sol#67-79) should be declared external
EasyCoin.burn (/sb/0x312e63ce1655aa2b44e7c50d8f1d51e3b7f5ceff.sol#79-86) should be declared external
EasyCoin.burnFrom (/sb/0x312e63ce1655aa2b44e7c50d8f1d51e3b7f5ceff.sol#87-97) should be declared external
EasyCoin.mint (/sb/0x312e63ce1655aa2b44e7c50d8f1d51e3b7f5ceff.sol#97-103) should be declared external
Reference: https://github.com/trailofbits/slither/wiki/Detectors-Documentation#public-function-that-could-be-declared-as-external[0m
INFO:Detectors:[92m
Detected issues with version pragma in /sb/0x312e63ce1655aa2b44e7c50d8f1d51e3b7f5ceff.sol:
	- pragma solidity0.4.18 (/sb/0x312e63ce1655aa2b44e7c50d8f1d51e3b7f5ceff.sol#1): it allows old versions
Reference: https://github.com/trailofbits/slither/wiki/Detectors-Documentation#incorrect-version-of-solidity[0m
INFO:Detectors:[92m
Contract 'tokenRecipient' (/sb/0x312e63ce1655aa2b44e7c50d8f1d51e3b7f5ceff.sol#3-5) is not in CapWords
Function 'EasyCoin.EasyCoin' (/sb/0x312e63ce1655aa2b44e7c50d8f1d51e3b7f5ceff.sol#23-34) is not in mixedCase
Function 'EasyCoin._transfer' (/sb/0x312e63ce1655aa2b44e7c50d8f1d51e3b7f5ceff.sol#34-47) is not in mixedCase
Parameter '_from' of EasyCoin._transfer (/sb/0x312e63ce1655aa2b44e7c50d8f1d51e3b7f5ceff.sol#34) is not in mixedCase
Parameter '_to' of EasyCoin._transfer (/sb/0x312e63ce1655aa2b44e7c50d8f1d51e3b7f5ceff.sol#34-35) is not in mixedCase
Parameter '_value' of EasyCoin._transfer (/sb/0x312e63ce1655aa2b44e7c50d8f1d51e3b7f5ceff.sol#36) is not in mixedCase
Parameter '_to' of EasyCoin.transfer (/sb/0x312e63ce1655aa2b44e7c50d8f1d51e3b7f5ceff.sol#48) is not in mixedCase
Parameter '_value' of EasyCoin.transfer (/sb/0x312e63ce1655aa2b44e7c50d8f1d51e3b7f5ceff.sol#48) is not in mixedCase
Parameter '_from' of EasyCoin.transferFrom (/sb/0x312e63ce1655aa2b44e7c50d8f1d51e3b7f5ceff.sol#52) is not in mixedCase
Parameter '_to' of EasyCoin.transferFrom (/sb/0x312e63ce1655aa2b44e7c50d8f1d51e3b7f5ceff.sol#52-53) is not in mixedCase
Parameter '_value' of EasyCoin.transferFrom (/sb/0x312e63ce1655aa2b44e7c50d8f1d51e3b7f5ceff.sol#53) is not in mixedCase
Parameter '_spender' of EasyCoin.approve (/sb/0x312e63ce1655aa2b44e7c50d8f1d51e3b7f5ceff.sol#61-62) is not in mixedCase
Parameter '_value' of EasyCoin.approve (/sb/0x312e63ce1655aa2b44e7c50d8f1d51e3b7f5ceff.sol#62) is not in mixedCase
Parameter '_spender' of EasyCoin.approveAndCall (/sb/0x312e63ce1655aa2b44e7c50d8f1d51e3b7f5ceff.sol#68-69) is not in mixedCase
Parameter '_value' of EasyCoin.approveAndCall (/sb/0x312e63ce1655aa2b44e7c50d8f1d51e3b7f5ceff.sol#69) is not in mixedCase
Parameter '_extraData' of EasyCoin.approveAndCall (/sb/0x312e63ce1655aa2b44e7c50d8f1d51e3b7f5ceff.sol#70) is not in mixedCase
Parameter '_value' of EasyCoin.burn (/sb/0x312e63ce1655aa2b44e7c50d8f1d51e3b7f5ceff.sol#79) is not in mixedCase
Parameter '_from' of EasyCoin.burnFrom (/sb/0x312e63ce1655aa2b44e7c50d8f1d51e3b7f5ceff.sol#87) is not in mixedCase
Parameter '_value' of EasyCoin.burnFrom (/sb/0x312e63ce1655aa2b44e7c50d8f1d51e3b7f5ceff.sol#87-88) is not in mixedCase
Parameter '_value' of EasyCoin.mint (/sb/0x312e63ce1655aa2b44e7c50d8f1d51e3b7f5ceff.sol#97-98) is not in mixedCase
Reference: https://github.com/trailofbits/slither/wiki/Detectors-Documentation#conformance-to-solidity-naming-conventions[0m
INFO:Slither:/sb/0x312e63ce1655aa2b44e7c50d8f1d51e3b7f5ceff.sol analyzed (2 contracts), 30 result(s) found
