INFO:Slither:Compilation warnings/errors on /sb/0x21e9738e66e9d4a5e145376b4be0867b3666f34f.sol:
/sb/0x21e9738e66e9d4a5e145376b4be0867b3666f34f.sol:1541:50: Warning: This function only accepts a single "bytes" argument. Please use "abi.encodePacked(...)" or a similar function to encode the data.
        oraclize_randomDS_setCommitment(queryId, keccak256(delay_bytes8_left, args[1], sha256(args[0]), args[2]));
                                                 ^-------------------------------------------------------------^
/sb/0x21e9738e66e9d4a5e145376b4be0867b3666f34f.sol:1653:47: Warning: This function only accepts a single "bytes" argument. Please use "abi.encodePacked(...)" or a similar function to encode the data.
        if (!(keccak256(keyhash) == keccak256(sha256(context_name, queryId)))) return false;
                                              ^---------------------------^
/sb/0x21e9738e66e9d4a5e145376b4be0867b3666f34f.sol:1653:37: Warning: This function only accepts a single "bytes" argument. Please use "abi.encodePacked(...)" or a similar function to encode the data.
        if (!(keccak256(keyhash) == keccak256(sha256(context_name, queryId)))) return false;
                                    ^--------------------------------------^
/sb/0x21e9738e66e9d4a5e145376b4be0867b3666f34f.sol:1653:37: Warning: The provided argument of type bytes32 is not implicitly convertible to expected type bytes memory.
        if (!(keccak256(keyhash) == keccak256(sha256(context_name, queryId)))) return false;
                                    ^--------------------------------------^
/sb/0x21e9738e66e9d4a5e145376b4be0867b3666f34f.sol:1671:48: Warning: This function only accepts a single "bytes" argument. Please use "abi.encodePacked(...)" or a similar function to encode the data.
        if (oraclize_randomDS_args[queryId] == keccak256(commitmentSlice1, sessionPubkeyHash)){ //unonce, nbytes and sessionKeyHash match
                                               ^--------------------------------------------^
/sb/0x21e9738e66e9d4a5e145376b4be0867b3666f34f.sol:924:5: Warning: Function state mutability can be restricted to pure
    function __callback(bytes32 myid, string result) public {
    ^ (Relevant source part starts here and spans across multiple lines).

INFO:Detectors:[93m
Pausable223Token.isContract (/sb/0x21e9738e66e9d4a5e145376b4be0867b3666f34f.sol#539-544) is declared view but contains assembly code
Buffer.init (/sb/0x21e9738e66e9d4a5e145376b4be0867b3666f34f.sol#676-686) is declared view but contains assembly code
Buffer.append (/sb/0x21e9738e66e9d4a5e145376b4be0867b3666f34f.sol#702-744) is declared view but contains assembly code
Buffer.append (/sb/0x21e9738e66e9d4a5e145376b4be0867b3666f34f.sol#753-769) is declared view but contains assembly code
Buffer.appendInt (/sb/0x21e9738e66e9d4a5e145376b4be0867b3666f34f.sol#776-797) is declared view but contains assembly code
usingOraclize.getCodeSize (/sb/0x21e9738e66e9d4a5e145376b4be0867b3666f34f.sol#1365-1371) is declared view but contains assembly code
usingOraclize.copyBytes (/sb/0x21e9738e66e9d4a5e145376b4be0867b3666f34f.sol#1733-1755) is declared view but contains assembly code
Reference: https://github.com/trailofbits/slither/wiki/Detectors-Documentation#constant-functions-changing-the-state[0m
INFO:Detectors:[93m
Contract locking ether found in /sb/0x21e9738e66e9d4a5e145376b4be0867b3666f34f.sol:
	Contract WOLF has payable functions:
	 - constructor (/sb/0x21e9738e66e9d4a5e145376b4be0867b3666f34f.sol#578-581)
	But does not have a function to withdraw the ether
Reference: https://github.com/trailofbits/slither/wiki/Detectors-Documentation#contracts-that-lock-ether[0m
INFO:Detectors:[93m
Reentrancy in WolfSale.claimRefund (/sb/0x21e9738e66e9d4a5e145376b4be0867b3666f34f.sol#1903-1910):
	External calls:
	- refundedTokens = token.balanceOf(msg.sender) (/sb/0x21e9738e66e9d4a5e145376b4be0867b3666f34f.sol#1906-1907)
	- require(bool)(token.transferFrom(msg.sender,tokensSaleHolder,refundedTokens)) (/sb/0x21e9738e66e9d4a5e145376b4be0867b3666f34f.sol#1907-1909)
	State variables written after the call(s):
	- totaltokensold (/sb/0x21e9738e66e9d4a5e145376b4be0867b3666f34f.sol#1909-1910)
Reentrancy in usingOraclize.oraclizeAPI (/sb/0x21e9738e66e9d4a5e145376b4be0867b3666f34f.sol#894-899):
	External calls:
	- address(oraclize) != OAR.getAddress() (/sb/0x21e9738e66e9d4a5e145376b4be0867b3666f34f.sol#895-898)
	- oraclize = OraclizeI(OAR.getAddress()) (/sb/0x21e9738e66e9d4a5e145376b4be0867b3666f34f.sol#896-898)
	State variables written after the call(s):
	- oraclize (/sb/0x21e9738e66e9d4a5e145376b4be0867b3666f34f.sol#896-898)
Reference: https://github.com/trailofbits/slither/wiki/Detectors-Documentation#reentrancy-vulnerabilities-1[0m
INFO:Detectors:[93m
buf in usingOraclize.ba2cbor (/sb/0x21e9738e66e9d4a5e145376b4be0867b3666f34f.sol#1521-1523) is a local variable never initialiazed
buf in usingOraclize.stra2cbor (/sb/0x21e9738e66e9d4a5e145376b4be0867b3666f34f.sol#1511-1512) is a local variable never initialiazed
Reference: https://github.com/trailofbits/slither/wiki/Detectors-Documentation#uninitialized-local-variables[0m
INFO:Detectors:[93m
CBOR.encodeType (/sb/0x21e9738e66e9d4a5e145376b4be0867b3666f34f.sol#809-830) does not use the value returned by external calls:
	-buf.appendInt(value,1) (/sb/0x21e9738e66e9d4a5e145376b4be0867b3666f34f.sol#817-818)
	-buf.appendInt(value,2) (/sb/0x21e9738e66e9d4a5e145376b4be0867b3666f34f.sol#820)
	-buf.appendInt(value,4) (/sb/0x21e9738e66e9d4a5e145376b4be0867b3666f34f.sol#824-825)
	-buf.appendInt(value,8) (/sb/0x21e9738e66e9d4a5e145376b4be0867b3666f34f.sol#829)
CBOR.encodeBytes (/sb/0x21e9738e66e9d4a5e145376b4be0867b3666f34f.sol#852-856) does not use the value returned by external calls:
	-buf.append(value) (/sb/0x21e9738e66e9d4a5e145376b4be0867b3666f34f.sol#856)
CBOR.encodeString (/sb/0x21e9738e66e9d4a5e145376b4be0867b3666f34f.sol#856-861) does not use the value returned by external calls:
	-buf.append(bytes(value)) (/sb/0x21e9738e66e9d4a5e145376b4be0867b3666f34f.sol#860)
Reference: https://github.com/trailofbits/slither/wiki/Detectors-Documentation#unused-return[0m
INFO:Detectors:[92m
Reentrancy in WolfSale.__callback (/sb/0x21e9738e66e9d4a5e145376b4be0867b3666f34f.sol#1931-1951):
	External calls:
	- require(bool)(msg.sender == oraclize_cbAddress()) (/sb/0x21e9738e66e9d4a5e145376b4be0867b3666f34f.sol#1937-1938)
	State variables written after the call(s):
	- USDETH (/sb/0x21e9738e66e9d4a5e145376b4be0867b3666f34f.sol#1943)
Reentrancy in WolfSale.__callback (/sb/0x21e9738e66e9d4a5e145376b4be0867b3666f34f.sol#1931-1951):
	External calls:
	- require(bool)(msg.sender == oraclize_cbAddress()) (/sb/0x21e9738e66e9d4a5e145376b4be0867b3666f34f.sol#1937-1938)
	- UpdateUSDETHPriceAfter(day) (/sb/0x21e9738e66e9d4a5e145376b4be0867b3666f34f.sol#1944-1945)
	External calls sending eth:
	- UpdateUSDETHPriceAfter(day) (/sb/0x21e9738e66e9d4a5e145376b4be0867b3666f34f.sol#1944-1945)
	State variables written after the call(s):
	- oraclize_network_name (/sb/0x21e9738e66e9d4a5e145376b4be0867b3666f34f.sol#1944-1945)
Reentrancy in WolfSale.buy (/sb/0x21e9738e66e9d4a5e145376b4be0867b3666f34f.sol):
	External calls:
	- require(bool)(token.transferFrom(tokensSaleHolder,msg.sender,NumberOfTokensToGive)) (/sb/0x21e9738e66e9d4a5e145376b4be0867b3666f34f.sol)
	External calls sending eth:
	- saleSecondAddress.transfer(msg.value * 30 / 100) (/sb/0x21e9738e66e9d4a5e145376b4be0867b3666f34f.sol)
	State variables written after the call(s):
	- totalDeposited (/sb/0x21e9738e66e9d4a5e145376b4be0867b3666f34f.sol)
	- vault_deposited (/sb/0x21e9738e66e9d4a5e145376b4be0867b3666f34f.sol)
Reentrancy in WolfSale.buy (/sb/0x21e9738e66e9d4a5e145376b4be0867b3666f34f.sol):
	External calls:
	- require(bool)(token.transferFrom(tokensSaleHolder,msg.sender,NumberOfTokensToGive)) (/sb/0x21e9738e66e9d4a5e145376b4be0867b3666f34f.sol)
	External calls sending eth:
	- saleSecondAddress.transfer(msg.value * 30 / 100) (/sb/0x21e9738e66e9d4a5e145376b4be0867b3666f34f.sol)
	- vault_releaseDeposit() (/sb/0x21e9738e66e9d4a5e145376b4be0867b3666f34f.sol)
	State variables written after the call(s):
	- totalDeposited (/sb/0x21e9738e66e9d4a5e145376b4be0867b3666f34f.sol)
	- vault_state (/sb/0x21e9738e66e9d4a5e145376b4be0867b3666f34f.sol)
Reentrancy in WolfSale.claimRefund (/sb/0x21e9738e66e9d4a5e145376b4be0867b3666f34f.sol#1903-1910):
	External calls:
	- refundedTokens = token.balanceOf(msg.sender) (/sb/0x21e9738e66e9d4a5e145376b4be0867b3666f34f.sol#1906-1907)
	- require(bool)(token.transferFrom(msg.sender,tokensSaleHolder,refundedTokens)) (/sb/0x21e9738e66e9d4a5e145376b4be0867b3666f34f.sol#1907-1909)
	External calls sending eth:
	- vault_refund(msg.sender) (/sb/0x21e9738e66e9d4a5e145376b4be0867b3666f34f.sol#1910)
	State variables written after the call(s):
	- totalDeposited (/sb/0x21e9738e66e9d4a5e145376b4be0867b3666f34f.sol#1910)
	- vault_deposited (/sb/0x21e9738e66e9d4a5e145376b4be0867b3666f34f.sol#1910)
Reentrancy in usingOraclize.oraclize_newRandomDSQuery (/sb/0x21e9738e66e9d4a5e145376b4be0867b3666f34f.sol#1531-1585):
	External calls:
	- sessionKeyHash_bytes32 = oraclize_randomDS_getSessionPubKeyHash() (/sb/0x21e9738e66e9d4a5e145376b4be0867b3666f34f.sol#1535-1536)
	- queryId = oraclize_query(random,args,_customGasLimit) (/sb/0x21e9738e66e9d4a5e145376b4be0867b3666f34f.sol#1550-1552)
	External calls sending eth:
	- queryId = oraclize_query(random,args,_customGasLimit) (/sb/0x21e9738e66e9d4a5e145376b4be0867b3666f34f.sol#1550-1552)
	State variables written after the call(s):
	- oraclize_network_name (/sb/0x21e9738e66e9d4a5e145376b4be0867b3666f34f.sol#1550-1552)
	- oraclize_randomDS_args (/sb/0x21e9738e66e9d4a5e145376b4be0867b3666f34f.sol#1583-1584)
Reference: https://github.com/trailofbits/slither/wiki/Detectors-Documentation#reentrancy-vulnerabilities-2[0m
INFO:Detectors:[92m
Pausable223Token.isContract uses assembly (/sb/0x21e9738e66e9d4a5e145376b4be0867b3666f34f.sol#539-544)
	- /sb/0x21e9738e66e9d4a5e145376b4be0867b3666f34f.sol#543-544
Buffer.init uses assembly (/sb/0x21e9738e66e9d4a5e145376b4be0867b3666f34f.sol#676-686)
	- /sb/0x21e9738e66e9d4a5e145376b4be0867b3666f34f.sol#683-686
Buffer.append uses assembly (/sb/0x21e9738e66e9d4a5e145376b4be0867b3666f34f.sol#702-744)
	- /sb/0x21e9738e66e9d4a5e145376b4be0867b3666f34f.sol#715-733
	- /sb/0x21e9738e66e9d4a5e145376b4be0867b3666f34f.sol#733-735
	- /sb/0x21e9738e66e9d4a5e145376b4be0867b3666f34f.sol#740-744
Buffer.append uses assembly (/sb/0x21e9738e66e9d4a5e145376b4be0867b3666f34f.sol#753-769)
	- /sb/0x21e9738e66e9d4a5e145376b4be0867b3666f34f.sol#758-769
Buffer.appendInt uses assembly (/sb/0x21e9738e66e9d4a5e145376b4be0867b3666f34f.sol#776-797)
	- /sb/0x21e9738e66e9d4a5e145376b4be0867b3666f34f.sol#786-797
usingOraclize.getCodeSize uses assembly (/sb/0x21e9738e66e9d4a5e145376b4be0867b3666f34f.sol#1365-1371)
	- /sb/0x21e9738e66e9d4a5e145376b4be0867b3666f34f.sol#1368-1371
usingOraclize.oraclize_newRandomDSQuery uses assembly (/sb/0x21e9738e66e9d4a5e145376b4be0867b3666f34f.sol#1531-1585)
	- /sb/0x21e9738e66e9d4a5e145376b4be0867b3666f34f.sol#1536-1541
	- /sb/0x21e9738e66e9d4a5e145376b4be0867b3666f34f.sol#1542-1545
	- /sb/0x21e9738e66e9d4a5e145376b4be0867b3666f34f.sol#1552-1583
usingOraclize.verifySig uses assembly (/sb/0x21e9738e66e9d4a5e145376b4be0867b3666f34f.sol#1593-1615)
	- /sb/0x21e9738e66e9d4a5e145376b4be0867b3666f34f.sol#1603-1607
usingOraclize.copyBytes uses assembly (/sb/0x21e9738e66e9d4a5e145376b4be0867b3666f34f.sol#1733-1755)
	- /sb/0x21e9738e66e9d4a5e145376b4be0867b3666f34f.sol#1750-1752
usingOraclize.safer_ecrecover uses assembly (/sb/0x21e9738e66e9d4a5e145376b4be0867b3666f34f.sol#1759-1802)
	- /sb/0x21e9738e66e9d4a5e145376b4be0867b3666f34f.sol#1772-1800
usingOraclize.ecrecovery uses assembly (/sb/0x21e9738e66e9d4a5e145376b4be0867b3666f34f.sol#1806-1858)
	- /sb/0x21e9738e66e9d4a5e145376b4be0867b3666f34f.sol#1823-1852
Reference: https://github.com/trailofbits/slither/wiki/Detectors-Documentation#assembly-usage[0m
INFO:Detectors:[92m
OraclizeI.cbAddress should be constant (/sb/0x21e9738e66e9d4a5e145376b4be0867b3666f34f.sol#608)
Reference: https://github.com/trailofbits/slither/wiki/Detectors-Documentation#state-variables-that-could-be-declared-constant[0m
INFO:Detectors:[92m
Different versions of Solidity is used in /sb/0x21e9738e66e9d4a5e145376b4be0867b3666f34f.sol:
	- Version used: ['^0.4.18', '^0.4.23']
	- /sb/0x21e9738e66e9d4a5e145376b4be0867b3666f34f.sol#1 declares pragma solidity^0.4.23
	- /sb/0x21e9738e66e9d4a5e145376b4be0867b3666f34f.sol#547-551 declares pragma solidity^0.4.23
	- /sb/0x21e9738e66e9d4a5e145376b4be0867b3666f34f.sol#607-608 declares pragma solidity^0.4.18
	- /sb/0x21e9738e66e9d4a5e145376b4be0867b3666f34f.sol#1862-1864 declares pragma solidity^0.4.23
Reference: https://github.com/trailofbits/slither/wiki/Detectors-Documentation#different-pragma-directives-are-used[0m
INFO:Detectors:[92m
ERC20Basic.totalSupply (/sb/0x21e9738e66e9d4a5e145376b4be0867b3666f34f.sol#168-169) should be declared external
BasicToken.totalSupply (/sb/0x21e9738e66e9d4a5e145376b4be0867b3666f34f.sol#195-197) should be declared external
BasicToken.balanceOf (/sb/0x21e9738e66e9d4a5e145376b4be0867b3666f34f.sol#222-226) should be declared external
ERC20Basic.balanceOf (/sb/0x21e9738e66e9d4a5e145376b4be0867b3666f34f.sol#169-172) should be declared external
BurnableToken.burn (/sb/0x21e9738e66e9d4a5e145376b4be0867b3666f34f.sol#238-239) should be declared external
ERC20.allowance (/sb/0x21e9738e66e9d4a5e145376b4be0867b3666f34f.sol#258-261) should be declared external
StandardToken.allowance (/sb/0x21e9738e66e9d4a5e145376b4be0867b3666f34f.sol#410-413) should be declared external
ERC223Receiver.tokenFallback (/sb/0x21e9738e66e9d4a5e145376b4be0867b3666f34f.sol#311-315) should be declared external
Pausable.pause (/sb/0x21e9738e66e9d4a5e145376b4be0867b3666f34f.sol#350-353) should be declared external
Pausable.unpause (/sb/0x21e9738e66e9d4a5e145376b4be0867b3666f34f.sol#354-356) should be declared external
WOLF.increaseSupply (/sb/0x21e9738e66e9d4a5e145376b4be0867b3666f34f.sol#556-562) should be declared external
OraclizeI.query2 (/sb/0x21e9738e66e9d4a5e145376b4be0867b3666f34f.sol#611-612) should be declared external
OraclizeI.queryN (/sb/0x21e9738e66e9d4a5e145376b4be0867b3666f34f.sol#617-622) should be declared external
OraclizeI.getPrice (/sb/0x21e9738e66e9d4a5e145376b4be0867b3666f34f.sol#630-631) should be declared external
OraclizeI.getPrice (/sb/0x21e9738e66e9d4a5e145376b4be0867b3666f34f.sol#631-632) should be declared external
OraclizeAddrResolverI.getAddress (/sb/0x21e9738e66e9d4a5e145376b4be0867b3666f34f.sol#635-637) should be declared external
usingOraclize.__callback (/sb/0x21e9738e66e9d4a5e145376b4be0867b3666f34f.sol#945-946) should be declared external
WolfSale.__callback (/sb/0x21e9738e66e9d4a5e145376b4be0867b3666f34f.sol#1931-1951) should be declared external
WolfSale.finalize (/sb/0x21e9738e66e9d4a5e145376b4be0867b3666f34f.sol#1893-1901) should be declared external
WolfSale.claimRefund (/sb/0x21e9738e66e9d4a5e145376b4be0867b3666f34f.sol#1903-1910) should be declared external
WolfSale.releaseUnclaimedFunds (/sb/0x21e9738e66e9d4a5e145376b4be0867b3666f34f.sol#1920-1926) should be declared external
WolfSale.RefillOraclize (/sb/0x21e9738e66e9d4a5e145376b4be0867b3666f34f.sol#1987-1990) should be declared external
WolfSale.RedeemOraclize (/sb/0x21e9738e66e9d4a5e145376b4be0867b3666f34f.sol) should be declared external
WolfSale.fallback (/sb/0x21e9738e66e9d4a5e145376b4be0867b3666f34f.sol) should be declared external
Reference: https://github.com/trailofbits/slither/wiki/Detectors-Documentation#public-function-that-could-be-declared-as-external[0m
INFO:Detectors:[92m
Detected issues with version pragma in /sb/0x21e9738e66e9d4a5e145376b4be0867b3666f34f.sol:
	- pragma solidity^0.4.23 (/sb/0x21e9738e66e9d4a5e145376b4be0867b3666f34f.sol#1): it allows old versions
	- pragma solidity^0.4.23 (/sb/0x21e9738e66e9d4a5e145376b4be0867b3666f34f.sol#547-551): it allows old versions
	- pragma solidity^0.4.18 (/sb/0x21e9738e66e9d4a5e145376b4be0867b3666f34f.sol#607-608): it allows old versions
	- pragma solidity^0.4.23 (/sb/0x21e9738e66e9d4a5e145376b4be0867b3666f34f.sol#1862-1864): it allows old versions
Reference: https://github.com/trailofbits/slither/wiki/Detectors-Documentation#incorrect-version-of-solidity[0m
INFO:Detectors:[92m
Function 'RefundVault.vault_deposit' (/sb/0x21e9738e66e9d4a5e145376b4be0867b3666f34f.sol#123-130) is not in mixedCase
Parameter '_value' of RefundVault.vault_deposit (/sb/0x21e9738e66e9d4a5e145376b4be0867b3666f34f.sol#123) is not in mixedCase
Function 'RefundVault.vault_releaseDeposit' (/sb/0x21e9738e66e9d4a5e145376b4be0867b3666f34f.sol#130-140) is not in mixedCase
Function 'RefundVault.vault_enableRefunds' (/sb/0x21e9738e66e9d4a5e145376b4be0867b3666f34f.sol#140-146) is not in mixedCase
Function 'RefundVault.vault_refund' (/sb/0x21e9738e66e9d4a5e145376b4be0867b3666f34f.sol#146-163) is not in mixedCase
Variable 'RefundVault.vault_deposited' (/sb/0x21e9738e66e9d4a5e145376b4be0867b3666f34f.sol#108-110) is not in mixedCase
Variable 'RefundVault.vault_wallet' (/sb/0x21e9738e66e9d4a5e145376b4be0867b3666f34f.sol#110-112) is not in mixedCase
Variable 'RefundVault.vault_state' (/sb/0x21e9738e66e9d4a5e145376b4be0867b3666f34f.sol#112-113) is not in mixedCase
Parameter '_owner' of BasicToken.balanceOf (/sb/0x21e9738e66e9d4a5e145376b4be0867b3666f34f.sol#223-224) is not in mixedCase
Parameter '_to' of BasicToken.transfer (/sb/0x21e9738e66e9d4a5e145376b4be0867b3666f34f.sol#202) is not in mixedCase
Parameter '_value' of BasicToken.transfer (/sb/0x21e9738e66e9d4a5e145376b4be0867b3666f34f.sol#202) is not in mixedCase
Parameter '_value' of BurnableToken.burn (/sb/0x21e9738e66e9d4a5e145376b4be0867b3666f34f.sol#238-239) is not in mixedCase
Function 'BurnableToken._burn' (/sb/0x21e9738e66e9d4a5e145376b4be0867b3666f34f.sol#239-256) is not in mixedCase
Parameter '_who' of BurnableToken._burn (/sb/0x21e9738e66e9d4a5e145376b4be0867b3666f34f.sol#239) is not in mixedCase
Parameter '_value' of BurnableToken._burn (/sb/0x21e9738e66e9d4a5e145376b4be0867b3666f34f.sol#239-241) is not in mixedCase
Parameter '_owner' of StandardToken.allowance (/sb/0x21e9738e66e9d4a5e145376b4be0867b3666f34f.sol#411) is not in mixedCase
Parameter '_spender' of StandardToken.allowance (/sb/0x21e9738e66e9d4a5e145376b4be0867b3666f34f.sol#411-412) is not in mixedCase
Parameter '_from' of StandardToken.transferFrom (/sb/0x21e9738e66e9d4a5e145376b4be0867b3666f34f.sol#375) is not in mixedCase
Parameter '_to' of StandardToken.transferFrom (/sb/0x21e9738e66e9d4a5e145376b4be0867b3666f34f.sol#375) is not in mixedCase
Parameter '_value' of StandardToken.transferFrom (/sb/0x21e9738e66e9d4a5e145376b4be0867b3666f34f.sol#375-376) is not in mixedCase
Parameter '_spender' of StandardToken.approve (/sb/0x21e9738e66e9d4a5e145376b4be0867b3666f34f.sol#398-399) is not in mixedCase
Parameter '_value' of StandardToken.approve (/sb/0x21e9738e66e9d4a5e145376b4be0867b3666f34f.sol#399) is not in mixedCase
Parameter '_spender' of StandardToken.increaseApproval (/sb/0x21e9738e66e9d4a5e145376b4be0867b3666f34f.sol#425) is not in mixedCase
Parameter '_addedValue' of StandardToken.increaseApproval (/sb/0x21e9738e66e9d4a5e145376b4be0867b3666f34f.sol#425) is not in mixedCase
Parameter '_spender' of StandardToken.decreaseApproval (/sb/0x21e9738e66e9d4a5e145376b4be0867b3666f34f.sol#447) is not in mixedCase
Parameter '_subtractedValue' of StandardToken.decreaseApproval (/sb/0x21e9738e66e9d4a5e145376b4be0867b3666f34f.sol#447-448) is not in mixedCase
Parameter '_to' of PausableToken.transfer (/sb/0x21e9738e66e9d4a5e145376b4be0867b3666f34f.sol#464) is not in mixedCase
Parameter '_value' of PausableToken.transfer (/sb/0x21e9738e66e9d4a5e145376b4be0867b3666f34f.sol#464) is not in mixedCase
Parameter '_from' of PausableToken.transferFrom (/sb/0x21e9738e66e9d4a5e145376b4be0867b3666f34f.sol#468) is not in mixedCase
Parameter '_to' of PausableToken.transferFrom (/sb/0x21e9738e66e9d4a5e145376b4be0867b3666f34f.sol#468) is not in mixedCase
Parameter '_value' of PausableToken.transferFrom (/sb/0x21e9738e66e9d4a5e145376b4be0867b3666f34f.sol#468) is not in mixedCase
Parameter '_spender' of PausableToken.approve (/sb/0x21e9738e66e9d4a5e145376b4be0867b3666f34f.sol#469-470) is not in mixedCase
Parameter '_value' of PausableToken.approve (/sb/0x21e9738e66e9d4a5e145376b4be0867b3666f34f.sol#471-473) is not in mixedCase
Parameter '_spender' of PausableToken.increaseApproval (/sb/0x21e9738e66e9d4a5e145376b4be0867b3666f34f.sol#479) is not in mixedCase
Parameter '_addedValue' of PausableToken.increaseApproval (/sb/0x21e9738e66e9d4a5e145376b4be0867b3666f34f.sol#479-482) is not in mixedCase
Parameter '_spender' of PausableToken.decreaseApproval (/sb/0x21e9738e66e9d4a5e145376b4be0867b3666f34f.sol#484) is not in mixedCase
Parameter '_subtractedValue' of PausableToken.decreaseApproval (/sb/0x21e9738e66e9d4a5e145376b4be0867b3666f34f.sol#484) is not in mixedCase
Parameter '_to' of Pausable223Token.transfer (/sb/0x21e9738e66e9d4a5e145376b4be0867b3666f34f.sol#510) is not in mixedCase
Parameter '_value' of Pausable223Token.transfer (/sb/0x21e9738e66e9d4a5e145376b4be0867b3666f34f.sol#510) is not in mixedCase
Parameter '_from' of Pausable223Token.transferFrom (/sb/0x21e9738e66e9d4a5e145376b4be0867b3666f34f.sol#514) is not in mixedCase
Parameter '_to' of Pausable223Token.transferFrom (/sb/0x21e9738e66e9d4a5e145376b4be0867b3666f34f.sol#514) is not in mixedCase
Parameter '_value' of Pausable223Token.transferFrom (/sb/0x21e9738e66e9d4a5e145376b4be0867b3666f34f.sol#514) is not in mixedCase
Parameter '_to' of Pausable223Token.transfer (/sb/0x21e9738e66e9d4a5e145376b4be0867b3666f34f.sol#493) is not in mixedCase
Parameter '_value' of Pausable223Token.transfer (/sb/0x21e9738e66e9d4a5e145376b4be0867b3666f34f.sol#493) is not in mixedCase
Parameter '_data' of Pausable223Token.transfer (/sb/0x21e9738e66e9d4a5e145376b4be0867b3666f34f.sol#493) is not in mixedCase
Parameter '_from' of Pausable223Token.transferFrom (/sb/0x21e9738e66e9d4a5e145376b4be0867b3666f34f.sol#503) is not in mixedCase
Parameter '_to' of Pausable223Token.transferFrom (/sb/0x21e9738e66e9d4a5e145376b4be0867b3666f34f.sol#503) is not in mixedCase
Parameter '_value' of Pausable223Token.transferFrom (/sb/0x21e9738e66e9d4a5e145376b4be0867b3666f34f.sol#503) is not in mixedCase
Parameter '_data' of Pausable223Token.transferFrom (/sb/0x21e9738e66e9d4a5e145376b4be0867b3666f34f.sol#503-504) is not in mixedCase
Parameter '_origin' of Pausable223Token.contractFallback (/sb/0x21e9738e66e9d4a5e145376b4be0867b3666f34f.sol#519-522) is not in mixedCase
Parameter '_to' of Pausable223Token.contractFallback (/sb/0x21e9738e66e9d4a5e145376b4be0867b3666f34f.sol#522) is not in mixedCase
Parameter '_value' of Pausable223Token.contractFallback (/sb/0x21e9738e66e9d4a5e145376b4be0867b3666f34f.sol#522-525) is not in mixedCase
Parameter '_data' of Pausable223Token.contractFallback (/sb/0x21e9738e66e9d4a5e145376b4be0867b3666f34f.sol#525) is not in mixedCase
Function 'OraclizeI.query_withGasLimit' (/sb/0x21e9738e66e9d4a5e145376b4be0867b3666f34f.sol#609-611) is not in mixedCase
Function 'OraclizeI.query2_withGasLimit' (/sb/0x21e9738e66e9d4a5e145376b4be0867b3666f34f.sol#612-617) is not in mixedCase
Function 'OraclizeI.queryN_withGasLimit' (/sb/0x21e9738e66e9d4a5e145376b4be0867b3666f34f.sol#622-630) is not in mixedCase
Function 'OraclizeI.randomDS_getSessionPubKeyHash' (/sb/0x21e9738e66e9d4a5e145376b4be0867b3666f34f.sol#633-634) is not in mixedCase
Struct 'Buffer.buffer' (/sb/0x21e9738e66e9d4a5e145376b4be0867b3666f34f.sol#672-676) is not in CapWords
Contract 'usingOraclize' (/sb/0x21e9738e66e9d4a5e145376b4be0867b3666f34f.sol#874-1858) is not in CapWords
Function 'usingOraclize.oraclize_setNetwork' (/sb/0x21e9738e66e9d4a5e145376b4be0867b3666f34f.sol#900-904) is not in mixedCase
Function 'usingOraclize.oraclize_setNetwork' (/sb/0x21e9738e66e9d4a5e145376b4be0867b3666f34f.sol#904-945) is not in mixedCase
Function 'usingOraclize.__callback' (/sb/0x21e9738e66e9d4a5e145376b4be0867b3666f34f.sol#945-946) is not in mixedCase
Function 'usingOraclize.__callback' (/sb/0x21e9738e66e9d4a5e145376b4be0867b3666f34f.sol#946-948) is not in mixedCase
Function 'usingOraclize.oraclize_getPrice' (/sb/0x21e9738e66e9d4a5e145376b4be0867b3666f34f.sol#948-950) is not in mixedCase
Function 'usingOraclize.oraclize_getPrice' (/sb/0x21e9738e66e9d4a5e145376b4be0867b3666f34f.sol#950-953) is not in mixedCase
Function 'usingOraclize.oraclize_query' (/sb/0x21e9738e66e9d4a5e145376b4be0867b3666f34f.sol#953-957) is not in mixedCase
Function 'usingOraclize.oraclize_query' (/sb/0x21e9738e66e9d4a5e145376b4be0867b3666f34f.sol#957-962) is not in mixedCase
Function 'usingOraclize.oraclize_query' (/sb/0x21e9738e66e9d4a5e145376b4be0867b3666f34f.sol#962-967) is not in mixedCase
Function 'usingOraclize.oraclize_query' (/sb/0x21e9738e66e9d4a5e145376b4be0867b3666f34f.sol#967-972) is not in mixedCase
Function 'usingOraclize.oraclize_query' (/sb/0x21e9738e66e9d4a5e145376b4be0867b3666f34f.sol#972-977) is not in mixedCase
Function 'usingOraclize.oraclize_query' (/sb/0x21e9738e66e9d4a5e145376b4be0867b3666f34f.sol#977-982) is not in mixedCase
Function 'usingOraclize.oraclize_query' (/sb/0x21e9738e66e9d4a5e145376b4be0867b3666f34f.sol#982-988) is not in mixedCase
Function 'usingOraclize.oraclize_query' (/sb/0x21e9738e66e9d4a5e145376b4be0867b3666f34f.sol#988-994) is not in mixedCase
Function 'usingOraclize.oraclize_query' (/sb/0x21e9738e66e9d4a5e145376b4be0867b3666f34f.sol#994-999) is not in mixedCase
Function 'usingOraclize.oraclize_query' (/sb/0x21e9738e66e9d4a5e145376b4be0867b3666f34f.sol#999-1005) is not in mixedCase
Function 'usingOraclize.oraclize_query' (/sb/0x21e9738e66e9d4a5e145376b4be0867b3666f34f.sol#1005-1014) is not in mixedCase
Function 'usingOraclize.oraclize_query' (/sb/0x21e9738e66e9d4a5e145376b4be0867b3666f34f.sol#1014-1021) is not in mixedCase
Function 'usingOraclize.oraclize_query' (/sb/0x21e9738e66e9d4a5e145376b4be0867b3666f34f.sol#1021-1027) is not in mixedCase
Function 'usingOraclize.oraclize_query' (/sb/0x21e9738e66e9d4a5e145376b4be0867b3666f34f.sol#1027-1032) is not in mixedCase
Function 'usingOraclize.oraclize_query' (/sb/0x21e9738e66e9d4a5e145376b4be0867b3666f34f.sol#1032-1038) is not in mixedCase
Function 'usingOraclize.oraclize_query' (/sb/0x21e9738e66e9d4a5e145376b4be0867b3666f34f.sol#1038-1043) is not in mixedCase
Function 'usingOraclize.oraclize_query' (/sb/0x21e9738e66e9d4a5e145376b4be0867b3666f34f.sol#1043-1049) is not in mixedCase
Function 'usingOraclize.oraclize_query' (/sb/0x21e9738e66e9d4a5e145376b4be0867b3666f34f.sol#1049-1056) is not in mixedCase
Function 'usingOraclize.oraclize_query' (/sb/0x21e9738e66e9d4a5e145376b4be0867b3666f34f.sol#1056-1063) is not in mixedCase
Function 'usingOraclize.oraclize_query' (/sb/0x21e9738e66e9d4a5e145376b4be0867b3666f34f.sol#1063-1070) is not in mixedCase
Function 'usingOraclize.oraclize_query' (/sb/0x21e9738e66e9d4a5e145376b4be0867b3666f34f.sol#1070-1078) is not in mixedCase
Function 'usingOraclize.oraclize_query' (/sb/0x21e9738e66e9d4a5e145376b4be0867b3666f34f.sol#1078-1086) is not in mixedCase
Function 'usingOraclize.oraclize_query' (/sb/0x21e9738e66e9d4a5e145376b4be0867b3666f34f.sol#1086-1094) is not in mixedCase
Function 'usingOraclize.oraclize_query' (/sb/0x21e9738e66e9d4a5e145376b4be0867b3666f34f.sol#1094-1100) is not in mixedCase
Function 'usingOraclize.oraclize_query' (/sb/0x21e9738e66e9d4a5e145376b4be0867b3666f34f.sol#1101-1108) is not in mixedCase
Function 'usingOraclize.oraclize_query' (/sb/0x21e9738e66e9d4a5e145376b4be0867b3666f34f.sol#1108-1117) is not in mixedCase
Function 'usingOraclize.oraclize_query' (/sb/0x21e9738e66e9d4a5e145376b4be0867b3666f34f.sol#1117-1126) is not in mixedCase
Function 'usingOraclize.oraclize_query' (/sb/0x21e9738e66e9d4a5e145376b4be0867b3666f34f.sol#1126-1135) is not in mixedCase
Function 'usingOraclize.oraclize_query' (/sb/0x21e9738e66e9d4a5e145376b4be0867b3666f34f.sol#1135-1143) is not in mixedCase
Function 'usingOraclize.oraclize_query' (/sb/0x21e9738e66e9d4a5e145376b4be0867b3666f34f.sol#1143-1150) is not in mixedCase
Function 'usingOraclize.oraclize_query' (/sb/0x21e9738e66e9d4a5e145376b4be0867b3666f34f.sol#1150-1158) is not in mixedCase
Function 'usingOraclize.oraclize_query' (/sb/0x21e9738e66e9d4a5e145376b4be0867b3666f34f.sol#1158-1162) is not in mixedCase
Function 'usingOraclize.oraclize_query' (/sb/0x21e9738e66e9d4a5e145376b4be0867b3666f34f.sol#1162-1168) is not in mixedCase
Function 'usingOraclize.oraclize_query' (/sb/0x21e9738e66e9d4a5e145376b4be0867b3666f34f.sol#1168-1175) is not in mixedCase
Function 'usingOraclize.oraclize_query' (/sb/0x21e9738e66e9d4a5e145376b4be0867b3666f34f.sol#1175-1183) is not in mixedCase
Function 'usingOraclize.oraclize_query' (/sb/0x21e9738e66e9d4a5e145376b4be0867b3666f34f.sol#1183-1191) is not in mixedCase
Function 'usingOraclize.oraclize_query' (/sb/0x21e9738e66e9d4a5e145376b4be0867b3666f34f.sol#1191-1197) is not in mixedCase
Function 'usingOraclize.oraclize_query' (/sb/0x21e9738e66e9d4a5e145376b4be0867b3666f34f.sol#1197-1203) is not in mixedCase
Function 'usingOraclize.oraclize_query' (/sb/0x21e9738e66e9d4a5e145376b4be0867b3666f34f.sol#1203-1209) is not in mixedCase
Function 'usingOraclize.oraclize_query' (/sb/0x21e9738e66e9d4a5e145376b4be0867b3666f34f.sol#1209-1213) is not in mixedCase
Function 'usingOraclize.oraclize_query' (/sb/0x21e9738e66e9d4a5e145376b4be0867b3666f34f.sol#1214-1220) is not in mixedCase
Function 'usingOraclize.oraclize_query' (/sb/0x21e9738e66e9d4a5e145376b4be0867b3666f34f.sol#1220-1227) is not in mixedCase
Function 'usingOraclize.oraclize_query' (/sb/0x21e9738e66e9d4a5e145376b4be0867b3666f34f.sol#1227-1233) is not in mixedCase
Function 'usingOraclize.oraclize_query' (/sb/0x21e9738e66e9d4a5e145376b4be0867b3666f34f.sol#1234-1239) is not in mixedCase
Function 'usingOraclize.oraclize_query' (/sb/0x21e9738e66e9d4a5e145376b4be0867b3666f34f.sol#1240-1247) is not in mixedCase
Function 'usingOraclize.oraclize_query' (/sb/0x21e9738e66e9d4a5e145376b4be0867b3666f34f.sol#1247-1255) is not in mixedCase
Function 'usingOraclize.oraclize_query' (/sb/0x21e9738e66e9d4a5e145376b4be0867b3666f34f.sol#1255-1262) is not in mixedCase
Function 'usingOraclize.oraclize_query' (/sb/0x21e9738e66e9d4a5e145376b4be0867b3666f34f.sol#1263-1269) is not in mixedCase
Function 'usingOraclize.oraclize_query' (/sb/0x21e9738e66e9d4a5e145376b4be0867b3666f34f.sol#1269-1277) is not in mixedCase
Function 'usingOraclize.oraclize_query' (/sb/0x21e9738e66e9d4a5e145376b4be0867b3666f34f.sol#1277-1286) is not in mixedCase
Function 'usingOraclize.oraclize_query' (/sb/0x21e9738e66e9d4a5e145376b4be0867b3666f34f.sol#1286-1295) is not in mixedCase
Function 'usingOraclize.oraclize_query' (/sb/0x21e9738e66e9d4a5e145376b4be0867b3666f34f.sol#1295-1303) is not in mixedCase
Function 'usingOraclize.oraclize_query' (/sb/0x21e9738e66e9d4a5e145376b4be0867b3666f34f.sol#1303-1314) is not in mixedCase
Function 'usingOraclize.oraclize_query' (/sb/0x21e9738e66e9d4a5e145376b4be0867b3666f34f.sol#1314-1324) is not in mixedCase
Function 'usingOraclize.oraclize_query' (/sb/0x21e9738e66e9d4a5e145376b4be0867b3666f34f.sol#1324-1339) is not in mixedCase
Function 'usingOraclize.oraclize_query' (/sb/0x21e9738e66e9d4a5e145376b4be0867b3666f34f.sol#1339-1347) is not in mixedCase
Function 'usingOraclize.oraclize_cbAddress' (/sb/0x21e9738e66e9d4a5e145376b4be0867b3666f34f.sol#1347-1353) is not in mixedCase
Function 'usingOraclize.oraclize_setProof' (/sb/0x21e9738e66e9d4a5e145376b4be0867b3666f34f.sol#1353-1356) is not in mixedCase
Function 'usingOraclize.oraclize_setCustomGasPrice' (/sb/0x21e9738e66e9d4a5e145376b4be0867b3666f34f.sol#1356-1359) is not in mixedCase
Function 'usingOraclize.oraclize_randomDS_getSessionPubKeyHash' (/sb/0x21e9738e66e9d4a5e145376b4be0867b3666f34f.sol#1359-1364) is not in mixedCase
Parameter '_a' of usingOraclize.parseAddr (/sb/0x21e9738e66e9d4a5e145376b4be0867b3666f34f.sol#1372) is not in mixedCase
Parameter '_a' of usingOraclize.strCompare (/sb/0x21e9738e66e9d4a5e145376b4be0867b3666f34f.sol#1393) is not in mixedCase
Parameter '_b' of usingOraclize.strCompare (/sb/0x21e9738e66e9d4a5e145376b4be0867b3666f34f.sol#1393-1394) is not in mixedCase
Parameter '_haystack' of usingOraclize.indexOf (/sb/0x21e9738e66e9d4a5e145376b4be0867b3666f34f.sol#1407) is not in mixedCase
Parameter '_needle' of usingOraclize.indexOf (/sb/0x21e9738e66e9d4a5e145376b4be0867b3666f34f.sol#1408) is not in mixedCase
Parameter '_a' of usingOraclize.strConcat (/sb/0x21e9738e66e9d4a5e145376b4be0867b3666f34f.sol#1433) is not in mixedCase
Parameter '_b' of usingOraclize.strConcat (/sb/0x21e9738e66e9d4a5e145376b4be0867b3666f34f.sol#1433) is not in mixedCase
Parameter '_c' of usingOraclize.strConcat (/sb/0x21e9738e66e9d4a5e145376b4be0867b3666f34f.sol#1433) is not in mixedCase
Parameter '_d' of usingOraclize.strConcat (/sb/0x21e9738e66e9d4a5e145376b4be0867b3666f34f.sol#1433) is not in mixedCase
Parameter '_e' of usingOraclize.strConcat (/sb/0x21e9738e66e9d4a5e145376b4be0867b3666f34f.sol#1433) is not in mixedCase
Parameter '_a' of usingOraclize.strConcat (/sb/0x21e9738e66e9d4a5e145376b4be0867b3666f34f.sol#1460) is not in mixedCase
Parameter '_b' of usingOraclize.strConcat (/sb/0x21e9738e66e9d4a5e145376b4be0867b3666f34f.sol#1460-1461) is not in mixedCase
Parameter '_c' of usingOraclize.strConcat (/sb/0x21e9738e66e9d4a5e145376b4be0867b3666f34f.sol#1461) is not in mixedCase
Parameter '_d' of usingOraclize.strConcat (/sb/0x21e9738e66e9d4a5e145376b4be0867b3666f34f.sol#1461-1462) is not in mixedCase
Parameter '_a' of usingOraclize.strConcat (/sb/0x21e9738e66e9d4a5e145376b4be0867b3666f34f.sol#1468) is not in mixedCase
Parameter '_b' of usingOraclize.strConcat (/sb/0x21e9738e66e9d4a5e145376b4be0867b3666f34f.sol#1468) is not in mixedCase
Parameter '_c' of usingOraclize.strConcat (/sb/0x21e9738e66e9d4a5e145376b4be0867b3666f34f.sol#1468-1469) is not in mixedCase
Parameter '_a' of usingOraclize.strConcat (/sb/0x21e9738e66e9d4a5e145376b4be0867b3666f34f.sol#1471) is not in mixedCase
Parameter '_b' of usingOraclize.strConcat (/sb/0x21e9738e66e9d4a5e145376b4be0867b3666f34f.sol#1471-1472) is not in mixedCase
Parameter '_a' of usingOraclize.parseInt (/sb/0x21e9738e66e9d4a5e145376b4be0867b3666f34f.sol#1476) is not in mixedCase
Parameter '_a' of usingOraclize.parseInt (/sb/0x21e9738e66e9d4a5e145376b4be0867b3666f34f.sol#1481-1482) is not in mixedCase
Parameter '_b' of usingOraclize.parseInt (/sb/0x21e9738e66e9d4a5e145376b4be0867b3666f34f.sol#1482) is not in mixedCase
Function 'usingOraclize.oraclize_setNetworkName' (/sb/0x21e9738e66e9d4a5e145376b4be0867b3666f34f.sol#1529-1530) is not in mixedCase
Parameter '_network_name' of usingOraclize.oraclize_setNetworkName (/sb/0x21e9738e66e9d4a5e145376b4be0867b3666f34f.sol#1530) is not in mixedCase
Function 'usingOraclize.oraclize_getNetworkName' (/sb/0x21e9738e66e9d4a5e145376b4be0867b3666f34f.sol#1530-1531) is not in mixedCase
Function 'usingOraclize.oraclize_newRandomDSQuery' (/sb/0x21e9738e66e9d4a5e145376b4be0867b3666f34f.sol#1531-1585) is not in mixedCase
Parameter '_delay' of usingOraclize.oraclize_newRandomDSQuery (/sb/0x21e9738e66e9d4a5e145376b4be0867b3666f34f.sol#1532) is not in mixedCase
Parameter '_nbytes' of usingOraclize.oraclize_newRandomDSQuery (/sb/0x21e9738e66e9d4a5e145376b4be0867b3666f34f.sol#1532) is not in mixedCase
Parameter '_customGasLimit' of usingOraclize.oraclize_newRandomDSQuery (/sb/0x21e9738e66e9d4a5e145376b4be0867b3666f34f.sol#1532) is not in mixedCase
Function 'usingOraclize.oraclize_randomDS_setCommitment' (/sb/0x21e9738e66e9d4a5e145376b4be0867b3666f34f.sol#1585-1590) is not in mixedCase
Function 'usingOraclize.oraclize_randomDS_proofVerify__sessionKeyValidity' (/sb/0x21e9738e66e9d4a5e145376b4be0867b3666f34f.sol#1616-1652) is not in mixedCase
Function 'usingOraclize.oraclize_randomDS_proofVerify__returnCode' (/sb/0x21e9738e66e9d4a5e145376b4be0867b3666f34f.sol#1658-1666) is not in mixedCase
Parameter '_queryId' of usingOraclize.oraclize_randomDS_proofVerify__returnCode (/sb/0x21e9738e66e9d4a5e145376b4be0867b3666f34f.sol#1659) is not in mixedCase
Parameter '_result' of usingOraclize.oraclize_randomDS_proofVerify__returnCode (/sb/0x21e9738e66e9d4a5e145376b4be0867b3666f34f.sol#1659) is not in mixedCase
Parameter '_proof' of usingOraclize.oraclize_randomDS_proofVerify__returnCode (/sb/0x21e9738e66e9d4a5e145376b4be0867b3666f34f.sol#1659) is not in mixedCase
Parameter 'n_random_bytes' of usingOraclize.matchBytes32Prefix (/sb/0x21e9738e66e9d4a5e145376b4be0867b3666f34f.sol#1667) is not in mixedCase
Function 'usingOraclize.oraclize_randomDS_proofVerify__main' (/sb/0x21e9738e66e9d4a5e145376b4be0867b3666f34f.sol#1671-1730) is not in mixedCase
Parameter 'context_name' of usingOraclize.oraclize_randomDS_proofVerify__main (/sb/0x21e9738e66e9d4a5e145376b4be0867b3666f34f.sol#1676) is not in mixedCase
Function 'usingOraclize.safer_ecrecover' (/sb/0x21e9738e66e9d4a5e145376b4be0867b3666f34f.sol#1759-1802) is not in mixedCase
Constant 'usingOraclize.day' (/sb/0x21e9738e66e9d4a5e145376b4be0867b3666f34f.sol#875-877) is not in UPPER_CASE_WITH_UNDERSCORES
Constant 'usingOraclize.week' (/sb/0x21e9738e66e9d4a5e145376b4be0867b3666f34f.sol#877-879) is not in UPPER_CASE_WITH_UNDERSCORES
Constant 'usingOraclize.month' (/sb/0x21e9738e66e9d4a5e145376b4be0867b3666f34f.sol#879-880) is not in UPPER_CASE_WITH_UNDERSCORES
Constant 'usingOraclize.proofType_NONE' (/sb/0x21e9738e66e9d4a5e145376b4be0867b3666f34f.sol#880-884) is not in UPPER_CASE_WITH_UNDERSCORES
Constant 'usingOraclize.proofType_TLSNotary' (/sb/0x21e9738e66e9d4a5e145376b4be0867b3666f34f.sol#884) is not in UPPER_CASE_WITH_UNDERSCORES
Constant 'usingOraclize.proofType_Android' (/sb/0x21e9738e66e9d4a5e145376b4be0867b3666f34f.sol#884-885) is not in UPPER_CASE_WITH_UNDERSCORES
Constant 'usingOraclize.proofType_Ledger' (/sb/0x21e9738e66e9d4a5e145376b4be0867b3666f34f.sol#885-886) is not in UPPER_CASE_WITH_UNDERSCORES
Constant 'usingOraclize.proofType_Native' (/sb/0x21e9738e66e9d4a5e145376b4be0867b3666f34f.sol#886-887) is not in UPPER_CASE_WITH_UNDERSCORES
Constant 'usingOraclize.proofStorage_IPFS' (/sb/0x21e9738e66e9d4a5e145376b4be0867b3666f34f.sol#888) is not in UPPER_CASE_WITH_UNDERSCORES
Constant 'usingOraclize.networkID_auto' (/sb/0x21e9738e66e9d4a5e145376b4be0867b3666f34f.sol#888-889) is not in UPPER_CASE_WITH_UNDERSCORES
Constant 'usingOraclize.networkID_mainnet' (/sb/0x21e9738e66e9d4a5e145376b4be0867b3666f34f.sol#889) is not in UPPER_CASE_WITH_UNDERSCORES
Constant 'usingOraclize.networkID_testnet' (/sb/0x21e9738e66e9d4a5e145376b4be0867b3666f34f.sol#889-890) is not in UPPER_CASE_WITH_UNDERSCORES
Constant 'usingOraclize.networkID_morden' (/sb/0x21e9738e66e9d4a5e145376b4be0867b3666f34f.sol#890) is not in UPPER_CASE_WITH_UNDERSCORES
Constant 'usingOraclize.networkID_consensys' (/sb/0x21e9738e66e9d4a5e145376b4be0867b3666f34f.sol#890-891) is not in UPPER_CASE_WITH_UNDERSCORES
Variable 'usingOraclize.OAR' (/sb/0x21e9738e66e9d4a5e145376b4be0867b3666f34f.sol#891-892) is not in mixedCase
Variable 'usingOraclize.oraclize_network_name' (/sb/0x21e9738e66e9d4a5e145376b4be0867b3666f34f.sol#1529) is not in mixedCase
Variable 'usingOraclize.oraclize_randomDS_args' (/sb/0x21e9738e66e9d4a5e145376b4be0867b3666f34f.sol#1590-1591) is not in mixedCase
Variable 'usingOraclize.oraclize_randomDS_sessionKeysHashVerified' (/sb/0x21e9738e66e9d4a5e145376b4be0867b3666f34f.sol#1591-1592) is not in mixedCase
Modifier 'usingOraclize.oraclize_randomDS_proofVerify' (/sb/0x21e9738e66e9d4a5e145376b4be0867b3666f34f.sol#1652-1658) is not in mixedCase
Event 'WolfSale.newOraclizeQuery' (/sb/0x21e9738e66e9d4a5e145376b4be0867b3666f34f.sol#1892-1893) is not in CapWords
Event 'WolfSale.newETHUSDPrice' (/sb/0x21e9738e66e9d4a5e145376b4be0867b3666f34f.sol#1893) is not in CapWords
Function 'WolfSale.__callback' (/sb/0x21e9738e66e9d4a5e145376b4be0867b3666f34f.sol#1931-1951) is not in mixedCase
Parameter '' of WolfSale.__callback (/sb/0x21e9738e66e9d4a5e145376b4be0867b3666f34f.sol#1932) is not in mixedCase
Function 'WolfSale.UpdateUSDETHPriceAfter' (/sb/0x21e9738e66e9d4a5e145376b4be0867b3666f34f.sol#1951-1958) is not in mixedCase
Parameter '_tokenContract' of WolfSale. (/sb/0x21e9738e66e9d4a5e145376b4be0867b3666f34f.sol#1960) is not in mixedCase
Parameter '_tokensSaleHolder' of WolfSale. (/sb/0x21e9738e66e9d4a5e145376b4be0867b3666f34f.sol#1960) is not in mixedCase
Parameter '_saleMainAddress' of WolfSale. (/sb/0x21e9738e66e9d4a5e145376b4be0867b3666f34f.sol#1962) is not in mixedCase
Parameter '_saleSecondAddress' of WolfSale. (/sb/0x21e9738e66e9d4a5e145376b4be0867b3666f34f.sol#1962-1964) is not in mixedCase
Parameter '_ICOstarttime' of WolfSale. (/sb/0x21e9738e66e9d4a5e145376b4be0867b3666f34f.sol#1964) is not in mixedCase
Parameter '_ICOendtime' of WolfSale. (/sb/0x21e9738e66e9d4a5e145376b4be0867b3666f34f.sol#1964) is not in mixedCase
Parameter '_minimumInvestment' of WolfSale. (/sb/0x21e9738e66e9d4a5e145376b4be0867b3666f34f.sol#1966) is not in mixedCase
Parameter '_maximumInvestment' of WolfSale. (/sb/0x21e9738e66e9d4a5e145376b4be0867b3666f34f.sol#1966-1967) is not in mixedCase
Parameter '_PriceOf1000TokensInUSD' of WolfSale. (/sb/0x21e9738e66e9d4a5e145376b4be0867b3666f34f.sol#1967-1968) is not in mixedCase
Parameter '_softcapInTokens' of WolfSale. (/sb/0x21e9738e66e9d4a5e145376b4be0867b3666f34f.sol#1968) is not in mixedCase
Parameter '_hardcapInTokens' of WolfSale. (/sb/0x21e9738e66e9d4a5e145376b4be0867b3666f34f.sol#1968-1970) is not in mixedCase
Function 'WolfSale.RefillOraclize' (/sb/0x21e9738e66e9d4a5e145376b4be0867b3666f34f.sol#1987-1990) is not in mixedCase
Function 'WolfSale.RedeemOraclize' (/sb/0x21e9738e66e9d4a5e145376b4be0867b3666f34f.sol) is not in mixedCase
Parameter '_amount' of WolfSale.RedeemOraclize (/sb/0x21e9738e66e9d4a5e145376b4be0867b3666f34f.sol) is not in mixedCase
Function 'WolfSale.ICOactive' (/sb/0x21e9738e66e9d4a5e145376b4be0867b3666f34f.sol) is not in mixedCase
Variable 'WolfSale.ICOstarttime' (/sb/0x21e9738e66e9d4a5e145376b4be0867b3666f34f.sol#1873) is not in mixedCase
Variable 'WolfSale.ICOendtime' (/sb/0x21e9738e66e9d4a5e145376b4be0867b3666f34f.sol#1873-1875) is not in mixedCase
Variable 'WolfSale.USDETH' (/sb/0x21e9738e66e9d4a5e145376b4be0867b3666f34f.sol#1884) is not in mixedCase
Variable 'WolfSale.PriceOf1000TokensInUSD' (/sb/0x21e9738e66e9d4a5e145376b4be0867b3666f34f.sol#1884-1886) is not in mixedCase
Reference: https://github.com/trailofbits/slither/wiki/Detectors-Documentation#conformance-to-solidity-naming-conventions[0m
INFO:Detectors:[92m
usingOraclize.month (/sb/0x21e9738e66e9d4a5e145376b4be0867b3666f34f.sol#879-880) is never used in WolfSale
usingOraclize.proofType_NONE (/sb/0x21e9738e66e9d4a5e145376b4be0867b3666f34f.sol#880-884) is never used in WolfSale
usingOraclize.proofType_TLSNotary (/sb/0x21e9738e66e9d4a5e145376b4be0867b3666f34f.sol#884) is never used in WolfSale
usingOraclize.proofType_Android (/sb/0x21e9738e66e9d4a5e145376b4be0867b3666f34f.sol#884-885) is never used in WolfSale
usingOraclize.proofType_Ledger (/sb/0x21e9738e66e9d4a5e145376b4be0867b3666f34f.sol#885-886) is never used in WolfSale
usingOraclize.proofType_Native (/sb/0x21e9738e66e9d4a5e145376b4be0867b3666f34f.sol#886-887) is never used in WolfSale
usingOraclize.proofStorage_IPFS (/sb/0x21e9738e66e9d4a5e145376b4be0867b3666f34f.sol#888) is never used in WolfSale
usingOraclize.networkID_mainnet (/sb/0x21e9738e66e9d4a5e145376b4be0867b3666f34f.sol#889) is never used in WolfSale
usingOraclize.networkID_testnet (/sb/0x21e9738e66e9d4a5e145376b4be0867b3666f34f.sol#889-890) is never used in WolfSale
usingOraclize.networkID_morden (/sb/0x21e9738e66e9d4a5e145376b4be0867b3666f34f.sol#890) is never used in WolfSale
usingOraclize.networkID_consensys (/sb/0x21e9738e66e9d4a5e145376b4be0867b3666f34f.sol#890-891) is never used in WolfSale
Reference: https://github.com/trailofbits/slither/wiki/Detectors-Documentation#unused-state-variables[0m
INFO:Slither:/sb/0x21e9738e66e9d4a5e145376b4be0867b3666f34f.sol analyzed (20 contracts), 267 result(s) found
