INFO:Detectors:[93m
Reentrancy in TRYTokenVesting.release (/sb/0xc8ec2d16cb82bb1b6c399b84a30205051c3a2e9f.sol#299-312):
	External calls:
	- require(bool,string)(TRYToken.balanceOf(address(this)) >= vesting.amount,INSUFFICIENT_BALANCE) (/sb/0xc8ec2d16cb82bb1b6c399b84a30205051c3a2e9f.sol#305-308)
	State variables written after the call(s):
	- vestings (/sb/0xc8ec2d16cb82bb1b6c399b84a30205051c3a2e9f.sol#308-309)
Reference: https://github.com/trailofbits/slither/wiki/Detectors-Documentation#reentrancy-vulnerabilities-1[0m
INFO:Detectors:[92m
Reentrancy in TRYTokenVesting.release (/sb/0xc8ec2d16cb82bb1b6c399b84a30205051c3a2e9f.sol#299-312):
	External calls:
	- require(bool,string)(TRYToken.balanceOf(address(this)) >= vesting.amount,INSUFFICIENT_BALANCE) (/sb/0xc8ec2d16cb82bb1b6c399b84a30205051c3a2e9f.sol#305-308)
	State variables written after the call(s):
	- tokensToVest (/sb/0xc8ec2d16cb82bb1b6c399b84a30205051c3a2e9f.sol#309)
Reference: https://github.com/trailofbits/slither/wiki/Detectors-Documentation#reentrancy-vulnerabilities-2[0m
INFO:Detectors:[92m
TRYTokenVesting.release (/sb/0xc8ec2d16cb82bb1b6c399b84a30205051c3a2e9f.sol#299-312) uses timestamp for comparisons
	Dangerous comparisons:
	- require(bool,string)(block.timestamp >= vesting.releaseTime,NOT_VESTED) (/sb/0xc8ec2d16cb82bb1b6c399b84a30205051c3a2e9f.sol#304-305)
Reference: https://github.com/trailofbits/slither/wiki/Detectors-Documentation#block-timestamp[0m
INFO:Detectors:[92m
Ownable.renounceOwnership (/sb/0xc8ec2d16cb82bb1b6c399b84a30205051c3a2e9f.sol#57-62) should be declared external
Ownable.transferOwnership (/sb/0xc8ec2d16cb82bb1b6c399b84a30205051c3a2e9f.sol#66-70) should be declared external
TRYTokenVesting.token (/sb/0xc8ec2d16cb82bb1b6c399b84a30205051c3a2e9f.sol#264-265) should be declared external
TRYTokenVesting.beneficiary (/sb/0xc8ec2d16cb82bb1b6c399b84a30205051c3a2e9f.sol#266-270) should be declared external
TRYTokenVesting.releaseTime (/sb/0xc8ec2d16cb82bb1b6c399b84a30205051c3a2e9f.sol#272-274) should be declared external
TRYTokenVesting.vestingAmount (/sb/0xc8ec2d16cb82bb1b6c399b84a30205051c3a2e9f.sol#274-276) should be declared external
TRYTokenVesting.removeVesting (/sb/0xc8ec2d16cb82bb1b6c399b84a30205051c3a2e9f.sol#276-285) should be declared external
TRYTokenVesting.release (/sb/0xc8ec2d16cb82bb1b6c399b84a30205051c3a2e9f.sol#299-312) should be declared external
TRYTokenVesting.retrieveExcessTokens (/sb/0xc8ec2d16cb82bb1b6c399b84a30205051c3a2e9f.sol) should be declared external
Reference: https://github.com/trailofbits/slither/wiki/Detectors-Documentation#public-function-that-could-be-declared-as-external[0m
INFO:Detectors:[92m
Function 'Ownable._transferOwnership' (/sb/0xc8ec2d16cb82bb1b6c399b84a30205051c3a2e9f.sol#74-83) is not in mixedCase
Parameter '_token' of TRYTokenVesting. (/sb/0xc8ec2d16cb82bb1b6c399b84a30205051c3a2e9f.sol#249) is not in mixedCase
Parameter '_vestingId' of TRYTokenVesting.beneficiary (/sb/0xc8ec2d16cb82bb1b6c399b84a30205051c3a2e9f.sol#268) is not in mixedCase
Parameter '_vestingId' of TRYTokenVesting.releaseTime (/sb/0xc8ec2d16cb82bb1b6c399b84a30205051c3a2e9f.sol#272) is not in mixedCase
Parameter '_vestingId' of TRYTokenVesting.vestingAmount (/sb/0xc8ec2d16cb82bb1b6c399b84a30205051c3a2e9f.sol#274) is not in mixedCase
Parameter '_vestingId' of TRYTokenVesting.removeVesting (/sb/0xc8ec2d16cb82bb1b6c399b84a30205051c3a2e9f.sol#277) is not in mixedCase
Parameter '_beneficiary' of TRYTokenVesting.addVesting (/sb/0xc8ec2d16cb82bb1b6c399b84a30205051c3a2e9f.sol#286) is not in mixedCase
Parameter '_releaseTime' of TRYTokenVesting.addVesting (/sb/0xc8ec2d16cb82bb1b6c399b84a30205051c3a2e9f.sol#286-287) is not in mixedCase
Parameter '_amount' of TRYTokenVesting.addVesting (/sb/0xc8ec2d16cb82bb1b6c399b84a30205051c3a2e9f.sol#287) is not in mixedCase
Parameter '_vestingId' of TRYTokenVesting.release (/sb/0xc8ec2d16cb82bb1b6c399b84a30205051c3a2e9f.sol#299) is not in mixedCase
Parameter '_amount' of TRYTokenVesting.retrieveExcessTokens (/sb/0xc8ec2d16cb82bb1b6c399b84a30205051c3a2e9f.sol) is not in mixedCase
Variable 'TRYTokenVesting.TRYToken' (/sb/0xc8ec2d16cb82bb1b6c399b84a30205051c3a2e9f.sol#225) is not in mixedCase
Reference: https://github.com/trailofbits/slither/wiki/Detectors-Documentation#conformance-to-solidity-naming-conventions[0m
INFO:Slither:/sb/0xc8ec2d16cb82bb1b6c399b84a30205051c3a2e9f.sol analyzed (5 contracts), 24 result(s) found
