INFO:Detectors:[92m
BoostPax.decimals should be constant (/sb/0x340085ed7d6c18dcf4c8b661fba6bd95916c8644.sol#34)
Reference: https://github.com/trailofbits/slither/wiki/Detectors-Documentation#state-variables-that-could-be-declared-constant[0m
INFO:Detectors:[92m
owned.transferOwnership (/sb/0x340085ed7d6c18dcf4c8b661fba6bd95916c8644.sol#19-25) should be declared external
BoostPax.transfer (/sb/0x340085ed7d6c18dcf4c8b661fba6bd95916c8644.sol#102-110) should be declared external
BoostPax.transferFrom (/sb/0x340085ed7d6c18dcf4c8b661fba6bd95916c8644.sol#117-127) should be declared external
BoostPax.approveAndCall (/sb/0x340085ed7d6c18dcf4c8b661fba6bd95916c8644.sol#152-165) should be declared external
BoostPax.burn (/sb/0x340085ed7d6c18dcf4c8b661fba6bd95916c8644.sol#169-180) should be declared external
BoostPax.burnFrom (/sb/0x340085ed7d6c18dcf4c8b661fba6bd95916c8644.sol#184-192) should be declared external
Reference: https://github.com/trailofbits/slither/wiki/Detectors-Documentation#public-function-that-could-be-declared-as-external[0m
INFO:Detectors:[92m
Detected issues with version pragma in /sb/0x340085ed7d6c18dcf4c8b661fba6bd95916c8644.sol:
	- pragma solidity>=0.4.22<0.6.0 (/sb/0x340085ed7d6c18dcf4c8b661fba6bd95916c8644.sol#1): it allows old versions
Reference: https://github.com/trailofbits/slither/wiki/Detectors-Documentation#incorrect-version-of-solidity[0m
INFO:Detectors:[92m
Contract 'owned' (/sb/0x340085ed7d6c18dcf4c8b661fba6bd95916c8644.sol#4-25) is not in CapWords
Contract 'tokenRecipient' (/sb/0x340085ed7d6c18dcf4c8b661fba6bd95916c8644.sol#25-30) is not in CapWords
Function 'BoostPax._transfer' (/sb/0x340085ed7d6c18dcf4c8b661fba6bd95916c8644.sol#75-96) is not in mixedCase
Parameter '_from' of BoostPax._transfer (/sb/0x340085ed7d6c18dcf4c8b661fba6bd95916c8644.sol#75) is not in mixedCase
Parameter '_to' of BoostPax._transfer (/sb/0x340085ed7d6c18dcf4c8b661fba6bd95916c8644.sol#75) is not in mixedCase
Parameter '_value' of BoostPax._transfer (/sb/0x340085ed7d6c18dcf4c8b661fba6bd95916c8644.sol#75) is not in mixedCase
Parameter '_to' of BoostPax.transfer (/sb/0x340085ed7d6c18dcf4c8b661fba6bd95916c8644.sol#102-103) is not in mixedCase
Parameter '_value' of BoostPax.transfer (/sb/0x340085ed7d6c18dcf4c8b661fba6bd95916c8644.sol#103) is not in mixedCase
Parameter '_from' of BoostPax.transferFrom (/sb/0x340085ed7d6c18dcf4c8b661fba6bd95916c8644.sol#117) is not in mixedCase
Parameter '_to' of BoostPax.transferFrom (/sb/0x340085ed7d6c18dcf4c8b661fba6bd95916c8644.sol#117) is not in mixedCase
Parameter '_value' of BoostPax.transferFrom (/sb/0x340085ed7d6c18dcf4c8b661fba6bd95916c8644.sol#117-118) is not in mixedCase
Parameter '_spender' of BoostPax.approve (/sb/0x340085ed7d6c18dcf4c8b661fba6bd95916c8644.sol#135) is not in mixedCase
Parameter '_value' of BoostPax.approve (/sb/0x340085ed7d6c18dcf4c8b661fba6bd95916c8644.sol#135) is not in mixedCase
Parameter '_spender' of BoostPax.approveAndCall (/sb/0x340085ed7d6c18dcf4c8b661fba6bd95916c8644.sol#152) is not in mixedCase
Parameter '_value' of BoostPax.approveAndCall (/sb/0x340085ed7d6c18dcf4c8b661fba6bd95916c8644.sol#152-153) is not in mixedCase
Parameter '_extraData' of BoostPax.approveAndCall (/sb/0x340085ed7d6c18dcf4c8b661fba6bd95916c8644.sol#153) is not in mixedCase
Parameter '_value' of BoostPax.burn (/sb/0x340085ed7d6c18dcf4c8b661fba6bd95916c8644.sol#169) is not in mixedCase
Parameter '_from' of BoostPax.burnFrom (/sb/0x340085ed7d6c18dcf4c8b661fba6bd95916c8644.sol#185) is not in mixedCase
Parameter '_value' of BoostPax.burnFrom (/sb/0x340085ed7d6c18dcf4c8b661fba6bd95916c8644.sol#185) is not in mixedCase
Reference: https://github.com/trailofbits/slither/wiki/Detectors-Documentation#conformance-to-solidity-naming-conventions[0m
INFO:Slither:/sb/0x340085ed7d6c18dcf4c8b661fba6bd95916c8644.sol analyzed (3 contracts), 27 result(s) found
