INFO:Slither:Compilation warnings/errors on /sb/0xd7d11099792b6bf5ee8db04813680147f8b831df.sol:
/sb/0xd7d11099792b6bf5ee8db04813680147f8b831df.sol:43:5: Warning: Defining constructors as functions with the same name as the contract is deprecated. Use "constructor(...) { ... }" instead.
    function Ownable() public {
    ^ (Relevant source part starts here and spans across multiple lines).
/sb/0xd7d11099792b6bf5ee8db04813680147f8b831df.sol:104:5: Warning: Defining constructors as functions with the same name as the contract is deprecated. Use "constructor(...) { ... }" instead.
    function POPKOIN() public {
    ^ (Relevant source part starts here and spans across multiple lines).

INFO:Detectors:[93m
Contract locking ether found in /sb/0xd7d11099792b6bf5ee8db04813680147f8b831df.sol:
	Contract POPKOIN has payable functions:
	 - fallback (/sb/0xd7d11099792b6bf5ee8db04813680147f8b831df.sol#219-220)
	But does not have a function to withdraw the ether
Reference: https://github.com/trailofbits/slither/wiki/Detectors-Documentation#contracts-that-lock-ether[0m
INFO:Detectors:[92m
POPKOIN.LOCKUP_TERM should be constant (/sb/0xd7d11099792b6bf5ee8db04813680147f8b831df.sol#98-99)
Reference: https://github.com/trailofbits/slither/wiki/Detectors-Documentation#state-variables-that-could-be-declared-constant[0m
INFO:Detectors:[92m
Ownable.transferOwnership (/sb/0xd7d11099792b6bf5ee8db04813680147f8b831df.sol#58-63) should be declared external
Ownable.acceptOwnership (/sb/0xd7d11099792b6bf5ee8db04813680147f8b831df.sol#63-71) should be declared external
POPKOIN.acceptOwnership (/sb/0xd7d11099792b6bf5ee8db04813680147f8b831df.sol#284-291) should be declared external
POPKOIN.totalSupply (/sb/0xd7d11099792b6bf5ee8db04813680147f8b831df.sol#122-124) should be declared external
ERC20.totalSupply (/sb/0xd7d11099792b6bf5ee8db04813680147f8b831df.sol#75-76) should be declared external
POPKOIN.balanceOf (/sb/0xd7d11099792b6bf5ee8db04813680147f8b831df.sol#146-151) should be declared external
ERC20.balanceOf (/sb/0xd7d11099792b6bf5ee8db04813680147f8b831df.sol#76) should be declared external
ERC20.allowance (/sb/0xd7d11099792b6bf5ee8db04813680147f8b831df.sol#76-78) should be declared external
POPKOIN.allowance (/sb/0xd7d11099792b6bf5ee8db04813680147f8b831df.sol#211-217) should be declared external
POPKOIN.transfer (/sb/0xd7d11099792b6bf5ee8db04813680147f8b831df.sol#128-142) should be declared external
ERC20.transfer (/sb/0xd7d11099792b6bf5ee8db04813680147f8b831df.sol#78) should be declared external
POPKOIN.transferFrom (/sb/0xd7d11099792b6bf5ee8db04813680147f8b831df.sol#175-189) should be declared external
ERC20.transferFrom (/sb/0xd7d11099792b6bf5ee8db04813680147f8b831df.sol#78-80) should be declared external
POPKOIN.approve (/sb/0xd7d11099792b6bf5ee8db04813680147f8b831df.sol#194-201) should be declared external
ERC20.approve (/sb/0xd7d11099792b6bf5ee8db04813680147f8b831df.sol#81) should be declared external
POPKOIN.lockupBalanceOf (/sb/0xd7d11099792b6bf5ee8db04813680147f8b831df.sol#158-160) should be declared external
POPKOIN.unlockTimeOf (/sb/0xd7d11099792b6bf5ee8db04813680147f8b831df.sol#167-169) should be declared external
POPKOIN.fallback (/sb/0xd7d11099792b6bf5ee8db04813680147f8b831df.sol#219-220) should be declared external
POPKOIN.burn (/sb/0xd7d11099792b6bf5ee8db04813680147f8b831df.sol#223-231) should be declared external
POPKOIN.distribute (/sb/0xd7d11099792b6bf5ee8db04813680147f8b831df.sol#238-267) should be declared external
POPKOIN.unlock (/sb/0xd7d11099792b6bf5ee8db04813680147f8b831df.sol#271-283) should be declared external
Reference: https://github.com/trailofbits/slither/wiki/Detectors-Documentation#public-function-that-could-be-declared-as-external[0m
INFO:Detectors:[92m
Detected issues with version pragma in /sb/0xd7d11099792b6bf5ee8db04813680147f8b831df.sol:
	- pragma solidity^0.4.18 (/sb/0xd7d11099792b6bf5ee8db04813680147f8b831df.sol#1): it allows old versions
Reference: https://github.com/trailofbits/slither/wiki/Detectors-Documentation#incorrect-version-of-solidity[0m
INFO:Detectors:[92m
Function 'Ownable.Ownable' (/sb/0xd7d11099792b6bf5ee8db04813680147f8b831df.sol#44-49) is not in mixedCase
Parameter '_newOwner' of Ownable.transferOwnership (/sb/0xd7d11099792b6bf5ee8db04813680147f8b831df.sol#59) is not in mixedCase
Parameter '_holder' of POPKOIN.balanceOf (/sb/0xd7d11099792b6bf5ee8db04813680147f8b831df.sol#149) is not in mixedCase
Parameter '_holder' of POPKOIN.allowance (/sb/0xd7d11099792b6bf5ee8db04813680147f8b831df.sol#211-212) is not in mixedCase
Parameter '_spender' of POPKOIN.allowance (/sb/0xd7d11099792b6bf5ee8db04813680147f8b831df.sol#212-213) is not in mixedCase
Parameter '_to' of POPKOIN.transfer (/sb/0xd7d11099792b6bf5ee8db04813680147f8b831df.sol#128-129) is not in mixedCase
Parameter '_value' of POPKOIN.transfer (/sb/0xd7d11099792b6bf5ee8db04813680147f8b831df.sol#129) is not in mixedCase
Parameter '_from' of POPKOIN.transferFrom (/sb/0xd7d11099792b6bf5ee8db04813680147f8b831df.sol#175-176) is not in mixedCase
Parameter '_to' of POPKOIN.transferFrom (/sb/0xd7d11099792b6bf5ee8db04813680147f8b831df.sol#176) is not in mixedCase
Parameter '_value' of POPKOIN.transferFrom (/sb/0xd7d11099792b6bf5ee8db04813680147f8b831df.sol#176) is not in mixedCase
Parameter '_spender' of POPKOIN.approve (/sb/0xd7d11099792b6bf5ee8db04813680147f8b831df.sol#195) is not in mixedCase
Parameter '_value' of POPKOIN.approve (/sb/0xd7d11099792b6bf5ee8db04813680147f8b831df.sol#195-198) is not in mixedCase
Function 'POPKOIN.POPKOIN' (/sb/0xd7d11099792b6bf5ee8db04813680147f8b831df.sol#109-122) is not in mixedCase
Parameter '_holder' of POPKOIN.lockupBalanceOf (/sb/0xd7d11099792b6bf5ee8db04813680147f8b831df.sol#158) is not in mixedCase
Parameter '_holder' of POPKOIN.unlockTimeOf (/sb/0xd7d11099792b6bf5ee8db04813680147f8b831df.sol#167-168) is not in mixedCase
Parameter '_value' of POPKOIN.burn (/sb/0xd7d11099792b6bf5ee8db04813680147f8b831df.sol#223) is not in mixedCase
Parameter '_to' of POPKOIN.distribute (/sb/0xd7d11099792b6bf5ee8db04813680147f8b831df.sol#238) is not in mixedCase
Parameter '_value' of POPKOIN.distribute (/sb/0xd7d11099792b6bf5ee8db04813680147f8b831df.sol#238-239) is not in mixedCase
Parameter '_lockupRate' of POPKOIN.distribute (/sb/0xd7d11099792b6bf5ee8db04813680147f8b831df.sol#239) is not in mixedCase
Variable 'POPKOIN._totalSupply' (/sb/0xd7d11099792b6bf5ee8db04813680147f8b831df.sol#96) is not in mixedCase
Variable 'POPKOIN.LOCKUP_TERM' (/sb/0xd7d11099792b6bf5ee8db04813680147f8b831df.sol#98-99) is not in mixedCase
Variable 'POPKOIN._balances' (/sb/0xd7d11099792b6bf5ee8db04813680147f8b831df.sol#99-101) is not in mixedCase
Variable 'POPKOIN._allowed' (/sb/0xd7d11099792b6bf5ee8db04813680147f8b831df.sol#101-102) is not in mixedCase
Variable 'POPKOIN._lockupBalances' (/sb/0xd7d11099792b6bf5ee8db04813680147f8b831df.sol#102-105) is not in mixedCase
Variable 'POPKOIN._lockupExpireTime' (/sb/0xd7d11099792b6bf5ee8db04813680147f8b831df.sol#105-107) is not in mixedCase
Reference: https://github.com/trailofbits/slither/wiki/Detectors-Documentation#conformance-to-solidity-naming-conventions[0m
INFO:Slither:/sb/0xd7d11099792b6bf5ee8db04813680147f8b831df.sol analyzed (4 contracts), 49 result(s) found
