INFO:Detectors:[93m
ERC20.grant (/sb/0x0b203383d4bbf67bae45ea93f993bc7f87098302.sol#288-326) uses a dangerous strict equality:
	- require(bool)(_balancesMap[_to].unlockLastTime == 0)
	- _balancesMap[_to].index == 0
Reference: https://github.com/trailofbits/slither/wiki/Detectors-Documentation#dangerous-strict-equalities[0m
INFO:Detectors:[93m
userCFO in ERC20.constructor (/sb/0x0b203383d4bbf67bae45ea93f993bc7f87098302.sol#186) is a local variable never initialiazed
entry in ERC20.log (/sb/0x0b203383d4bbf67bae45ea93f993bc7f87098302.sol) is a local variable never initialiazed
user in ERC20.grant (/sb/0x0b203383d4bbf67bae45ea93f993bc7f87098302.sol#296) is a local variable never initialiazed
user in ERC20.transfer (/sb/0x0b203383d4bbf67bae45ea93f993bc7f87098302.sol#262) is a local variable never initialiazed
Reference: https://github.com/trailofbits/slither/wiki/Detectors-Documentation#uninitialized-local-variables[0m
INFO:Detectors:[92m
ERC20._Thousand should be constant (/sb/0x0b203383d4bbf67bae45ea93f993bc7f87098302.sol#120-121)
ERC20._decimals should be constant (/sb/0x0b203383d4bbf67bae45ea93f993bc7f87098302.sol#127)
ERC20._name should be constant (/sb/0x0b203383d4bbf67bae45ea93f993bc7f87098302.sol#122-124)
ERC20._symbol should be constant (/sb/0x0b203383d4bbf67bae45ea93f993bc7f87098302.sol#125-126)
ERC20.actionGrant should be constant (/sb/0x0b203383d4bbf67bae45ea93f993bc7f87098302.sol#156)
ERC20.actionTransfer should be constant (/sb/0x0b203383d4bbf67bae45ea93f993bc7f87098302.sol#155-156)
ERC20.actionUnlock should be constant (/sb/0x0b203383d4bbf67bae45ea93f993bc7f87098302.sol#156-158)
Reference: https://github.com/trailofbits/slither/wiki/Detectors-Documentation#state-variables-that-could-be-declared-constant[0m
INFO:Detectors:[92m
BobbyERC20Base.setCEO (/sb/0x0b203383d4bbf67bae45ea93f993bc7f87098302.sol#52-58) should be declared external
BobbyERC20Base.setCFO (/sb/0x0b203383d4bbf67bae45ea93f993bc7f87098302.sol#67-76) should be declared external
BobbyERC20Base.unpause (/sb/0x0b203383d4bbf67bae45ea93f993bc7f87098302.sol#91-93) should be declared external
ERC20.name (/sb/0x0b203383d4bbf67bae45ea93f993bc7f87098302.sol#202-203) should be declared external
ERC20Interface.name (/sb/0x0b203383d4bbf67bae45ea93f993bc7f87098302.sol#102-103) should be declared external
ERC20.symbol (/sb/0x0b203383d4bbf67bae45ea93f993bc7f87098302.sol#204-208) should be declared external
ERC20Interface.symbol (/sb/0x0b203383d4bbf67bae45ea93f993bc7f87098302.sol#103-104) should be declared external
ERC20Interface.decimals (/sb/0x0b203383d4bbf67bae45ea93f993bc7f87098302.sol#104-105) should be declared external
ERC20.decimals (/sb/0x0b203383d4bbf67bae45ea93f993bc7f87098302.sol#208-210) should be declared external
ERC20.totalSupply (/sb/0x0b203383d4bbf67bae45ea93f993bc7f87098302.sol#210-212) should be declared external
ERC20Interface.totalSupply (/sb/0x0b203383d4bbf67bae45ea93f993bc7f87098302.sol#105) should be declared external
ERC20Interface.balanceOf (/sb/0x0b203383d4bbf67bae45ea93f993bc7f87098302.sol#106) should be declared external
ERC20.balanceOf (/sb/0x0b203383d4bbf67bae45ea93f993bc7f87098302.sol#213-218) should be declared external
ERC20.transfer (/sb/0x0b203383d4bbf67bae45ea93f993bc7f87098302.sol#220-277) should be declared external
ERC20Interface.transfer (/sb/0x0b203383d4bbf67bae45ea93f993bc7f87098302.sol#106-107) should be declared external
ERC20Interface.transferFrom (/sb/0x0b203383d4bbf67bae45ea93f993bc7f87098302.sol#107-108) should be declared external
ERC20.transferFrom (/sb/0x0b203383d4bbf67bae45ea93f993bc7f87098302.sol#277-280) should be declared external
ERC20Interface.approve (/sb/0x0b203383d4bbf67bae45ea93f993bc7f87098302.sol#108-112) should be declared external
ERC20.approve (/sb/0x0b203383d4bbf67bae45ea93f993bc7f87098302.sol#280-283) should be declared external
ERC20Interface.allowance (/sb/0x0b203383d4bbf67bae45ea93f993bc7f87098302.sol#113-116) should be declared external
ERC20.allowance (/sb/0x0b203383d4bbf67bae45ea93f993bc7f87098302.sol#283-288) should be declared external
ERC20.grant (/sb/0x0b203383d4bbf67bae45ea93f993bc7f87098302.sol#288-326) should be declared external
ERC20.getBalanceAddr (/sb/0x0b203383d4bbf67bae45ea93f993bc7f87098302.sol#326-334) should be declared external
ERC20.getBalanceSize (/sb/0x0b203383d4bbf67bae45ea93f993bc7f87098302.sol#334-335) should be declared external
ERC20.getLockInfo (/sb/0x0b203383d4bbf67bae45ea93f993bc7f87098302.sol#336-346) should be declared external
ERC20.getLogSize (/sb/0x0b203383d4bbf67bae45ea93f993bc7f87098302.sol) should be declared external
ERC20.getLog (/sb/0x0b203383d4bbf67bae45ea93f993bc7f87098302.sol) should be declared external
Reference: https://github.com/trailofbits/slither/wiki/Detectors-Documentation#public-function-that-could-be-declared-as-external[0m
INFO:Detectors:[92m
Detected issues with version pragma in /sb/0x0b203383d4bbf67bae45ea93f993bc7f87098302.sol:
	- pragma solidity^0.4.8 (/sb/0x0b203383d4bbf67bae45ea93f993bc7f87098302.sol#1): it allows old versions
Reference: https://github.com/trailofbits/slither/wiki/Detectors-Documentation#incorrect-version-of-solidity[0m
INFO:Detectors:[92m
Parameter '_newCEO' of BobbyERC20Base.setCEO (/sb/0x0b203383d4bbf67bae45ea93f993bc7f87098302.sol#52-53) is not in mixedCase
Parameter '_newCFO' of BobbyERC20Base.setCFO (/sb/0x0b203383d4bbf67bae45ea93f993bc7f87098302.sol#68) is not in mixedCase
Parameter '_owner' of ERC20.balanceOf (/sb/0x0b203383d4bbf67bae45ea93f993bc7f87098302.sol#213-214) is not in mixedCase
Parameter '_to' of ERC20.transfer (/sb/0x0b203383d4bbf67bae45ea93f993bc7f87098302.sol#220) is not in mixedCase
Parameter '_value' of ERC20.transfer (/sb/0x0b203383d4bbf67bae45ea93f993bc7f87098302.sol#220) is not in mixedCase
Parameter '' of ERC20.transferFrom (/sb/0x0b203383d4bbf67bae45ea93f993bc7f87098302.sol#278) is not in mixedCase
Parameter '_scope_0' of ERC20.transferFrom (/sb/0x0b203383d4bbf67bae45ea93f993bc7f87098302.sol#278) is not in mixedCase
Parameter '_scope_1' of ERC20.transferFrom (/sb/0x0b203383d4bbf67bae45ea93f993bc7f87098302.sol#278-279) is not in mixedCase
Parameter '' of ERC20.approve (/sb/0x0b203383d4bbf67bae45ea93f993bc7f87098302.sol#280) is not in mixedCase
Parameter '_scope_0' of ERC20.approve (/sb/0x0b203383d4bbf67bae45ea93f993bc7f87098302.sol#281) is not in mixedCase
Parameter '' of ERC20.allowance (/sb/0x0b203383d4bbf67bae45ea93f993bc7f87098302.sol#283) is not in mixedCase
Parameter '_scope_0' of ERC20.allowance (/sb/0x0b203383d4bbf67bae45ea93f993bc7f87098302.sol#283-284) is not in mixedCase
Parameter '_to' of ERC20.grant (/sb/0x0b203383d4bbf67bae45ea93f993bc7f87098302.sol#288) is not in mixedCase
Parameter '_value' of ERC20.grant (/sb/0x0b203383d4bbf67bae45ea93f993bc7f87098302.sol#288) is not in mixedCase
Parameter '_duration' of ERC20.grant (/sb/0x0b203383d4bbf67bae45ea93f993bc7f87098302.sol#288-289) is not in mixedCase
Parameter '_periods' of ERC20.grant (/sb/0x0b203383d4bbf67bae45ea93f993bc7f87098302.sol#289) is not in mixedCase
Parameter '_index' of ERC20.getBalanceAddr (/sb/0x0b203383d4bbf67bae45ea93f993bc7f87098302.sol#327-330) is not in mixedCase
Parameter '_v1' of ERC20.log (/sb/0x0b203383d4bbf67bae45ea93f993bc7f87098302.sol) is not in mixedCase
Parameter '_v2' of ERC20.log (/sb/0x0b203383d4bbf67bae45ea93f993bc7f87098302.sol) is not in mixedCase
Parameter '_v3' of ERC20.log (/sb/0x0b203383d4bbf67bae45ea93f993bc7f87098302.sol) is not in mixedCase
Parameter '_index' of ERC20.getLog (/sb/0x0b203383d4bbf67bae45ea93f993bc7f87098302.sol) is not in mixedCase
Reference: https://github.com/trailofbits/slither/wiki/Detectors-Documentation#conformance-to-solidity-naming-conventions[0m
INFO:Detectors:[92m
ERC20._Thousand (/sb/0x0b203383d4bbf67bae45ea93f993bc7f87098302.sol#120-121) is never used in ERC20
ERC20._Billion (/sb/0x0b203383d4bbf67bae45ea93f993bc7f87098302.sol#121-122) is never used in ERC20
Reference: https://github.com/trailofbits/slither/wiki/Detectors-Documentation#unused-state-variables[0m
INFO:Slither:/sb/0x0b203383d4bbf67bae45ea93f993bc7f87098302.sol analyzed (4 contracts), 56 result(s) found
