INFO:Detectors:[92m
MinterRole.addMinter (/sb/0x01a47f1d07f1fd01b6499a4eef7abdc5e9cd3372.sol#70-74) should be declared external
MinterRole.renounceMinter (/sb/0x01a47f1d07f1fd01b6499a4eef7abdc5e9cd3372.sol#75-78) should be declared external
ERC20.totalSupply (/sb/0x01a47f1d07f1fd01b6499a4eef7abdc5e9cd3372.sol#213-216) should be declared external
IERC20.totalSupply (/sb/0x01a47f1d07f1fd01b6499a4eef7abdc5e9cd3372.sol#163-164) should be declared external
IERC20.balanceOf (/sb/0x01a47f1d07f1fd01b6499a4eef7abdc5e9cd3372.sol#166) should be declared external
ERC20.balanceOf (/sb/0x01a47f1d07f1fd01b6499a4eef7abdc5e9cd3372.sol#222-223) should be declared external
ERC20.allowance (/sb/0x01a47f1d07f1fd01b6499a4eef7abdc5e9cd3372.sol#238-243) should be declared external
IERC20.allowance (/sb/0x01a47f1d07f1fd01b6499a4eef7abdc5e9cd3372.sol#166-171) should be declared external
ERC20.transfer (/sb/0x01a47f1d07f1fd01b6499a4eef7abdc5e9cd3372.sol#248-250) should be declared external
IERC20.transfer (/sb/0x01a47f1d07f1fd01b6499a4eef7abdc5e9cd3372.sol#171-172) should be declared external
ERC20.approve (/sb/0x01a47f1d07f1fd01b6499a4eef7abdc5e9cd3372.sol#265-268) should be declared external
IERC20.approve (/sb/0x01a47f1d07f1fd01b6499a4eef7abdc5e9cd3372.sol#172-176) should be declared external
IERC20.transferFrom (/sb/0x01a47f1d07f1fd01b6499a4eef7abdc5e9cd3372.sol#176-182) should be declared external
ERC20.transferFrom (/sb/0x01a47f1d07f1fd01b6499a4eef7abdc5e9cd3372.sol#281-289) should be declared external
ERC20.increaseAllowance (/sb/0x01a47f1d07f1fd01b6499a4eef7abdc5e9cd3372.sol#305-314) should be declared external
ERC20.decreaseAllowance (/sb/0x01a47f1d07f1fd01b6499a4eef7abdc5e9cd3372.sol#329-341) should be declared external
ERC20Burnable.burn (/sb/0x01a47f1d07f1fd01b6499a4eef7abdc5e9cd3372.sol#416-424) should be declared external
ERC20Burnable.burnFrom (/sb/0x01a47f1d07f1fd01b6499a4eef7abdc5e9cd3372.sol#430-434) should be declared external
ERC20Mintable.mint (/sb/0x01a47f1d07f1fd01b6499a4eef7abdc5e9cd3372.sol#452-458) should be declared external
Reference: https://github.com/trailofbits/slither/wiki/Detectors-Documentation#public-function-that-could-be-declared-as-external[0m
INFO:Detectors:[92m
Function 'MinterRole._addMinter' (/sb/0x01a47f1d07f1fd01b6499a4eef7abdc5e9cd3372.sol#78-83) is not in mixedCase
Function 'MinterRole._removeMinter' (/sb/0x01a47f1d07f1fd01b6499a4eef7abdc5e9cd3372.sol#83-91) is not in mixedCase
Function 'ERC20._transfer' (/sb/0x01a47f1d07f1fd01b6499a4eef7abdc5e9cd3372.sol#349-355) is not in mixedCase
Function 'ERC20._mint' (/sb/0x01a47f1d07f1fd01b6499a4eef7abdc5e9cd3372.sol#365-370) is not in mixedCase
Function 'ERC20._burn' (/sb/0x01a47f1d07f1fd01b6499a4eef7abdc5e9cd3372.sol#378-384) is not in mixedCase
Function 'ERC20._burnFrom' (/sb/0x01a47f1d07f1fd01b6499a4eef7abdc5e9cd3372.sol#391-411) is not in mixedCase
Reference: https://github.com/trailofbits/slither/wiki/Detectors-Documentation#conformance-to-solidity-naming-conventions[0m
INFO:Slither:/sb/0x01a47f1d07f1fd01b6499a4eef7abdc5e9cd3372.sol analyzed (8 contracts), 25 result(s) found
