INFO:Slither:Compilation warnings/errors on /sb/0x1a853aa1e872d330f9e743777e02c3ced98b56cc.sol:
/sb/0x1a853aa1e872d330f9e743777e02c3ced98b56cc.sol:25:3: Warning: Defining constructors as functions with the same name as the contract is deprecated. Use "constructor(...) { ... }" instead.
  function Ownable() {
  ^ (Relevant source part starts here and spans across multiple lines).
/sb/0x1a853aa1e872d330f9e743777e02c3ced98b56cc.sol:322:3: Warning: Defining constructors as functions with the same name as the contract is deprecated. Use "constructor(...) { ... }" instead.
  function Crowdsale(uint256 _startTime, uint256 _endTime, uint256 _rate, address _wallet) {
  ^ (Relevant source part starts here and spans across multiple lines).
/sb/0x1a853aa1e872d330f9e743777e02c3ced98b56cc.sol:527:3: Warning: Defining constructors as functions with the same name as the contract is deprecated. Use "constructor(...) { ... }" instead.
  function CappedCrowdsale(uint256 _cap) {
  ^ (Relevant source part starts here and spans across multiple lines).
/sb/0x1a853aa1e872d330f9e743777e02c3ced98b56cc.sol:587:3: Warning: Defining constructors as functions with the same name as the contract is deprecated. Use "constructor(...) { ... }" instead.
  function RefundVault(address _wallet) {
  ^ (Relevant source part starts here and spans across multiple lines).
/sb/0x1a853aa1e872d330f9e743777e02c3ced98b56cc.sol:628:3: Warning: Defining constructors as functions with the same name as the contract is deprecated. Use "constructor(...) { ... }" instead.
  function RefundableCrowdsale(uint256 _goal) {
  ^ (Relevant source part starts here and spans across multiple lines).
/sb/0x1a853aa1e872d330f9e743777e02c3ced98b56cc.sol:683:3: Warning: Defining constructors as functions with the same name as the contract is deprecated. Use "constructor(...) { ... }" instead.
  function BenebitToken() {
  ^ (Relevant source part starts here and spans across multiple lines).
/sb/0x1a853aa1e872d330f9e743777e02c3ced98b56cc.sol:695:5: Warning: Defining constructors as functions with the same name as the contract is deprecated. Use "constructor(...) { ... }" instead.
    function BenebitICO() 
    ^ (Relevant source part starts here and spans across multiple lines).
/sb/0x1a853aa1e872d330f9e743777e02c3ced98b56cc.sol:41:5: Warning: Invoking events without "emit" prefix is deprecated.
    OwnershipTransferred(owner, newOwner);
    ^-----------------------------------^
/sb/0x1a853aa1e872d330f9e743777e02c3ced98b56cc.sol:71:5: Warning: Invoking events without "emit" prefix is deprecated.
    Transfer(msg.sender, _to, _value);
    ^-------------------------------^
/sb/0x1a853aa1e872d330f9e743777e02c3ced98b56cc.sol:116:5: Warning: Invoking events without "emit" prefix is deprecated.
    Transfer(_from, _to, _value);
    ^--------------------------^
/sb/0x1a853aa1e872d330f9e743777e02c3ced98b56cc.sol:131:5: Warning: Invoking events without "emit" prefix is deprecated.
    Approval(msg.sender, _spender, _value);
    ^------------------------------------^
/sb/0x1a853aa1e872d330f9e743777e02c3ced98b56cc.sol:152:5: Warning: Invoking events without "emit" prefix is deprecated.
    Approval(msg.sender, _spender, allowed[msg.sender][_spender]);
    ^-----------------------------------------------------------^
/sb/0x1a853aa1e872d330f9e743777e02c3ced98b56cc.sol:163:5: Warning: Invoking events without "emit" prefix is deprecated.
    Approval(msg.sender, _spender, allowed[msg.sender][_spender]);
    ^-----------------------------------------------------------^
/sb/0x1a853aa1e872d330f9e743777e02c3ced98b56cc.sol:190:5: Warning: Invoking events without "emit" prefix is deprecated.
    Mint(_to, _amount);
    ^----------------^
/sb/0x1a853aa1e872d330f9e743777e02c3ced98b56cc.sol:191:5: Warning: Invoking events without "emit" prefix is deprecated.
    Transfer(msg.sender, _to, _amount);
    ^--------------------------------^
/sb/0x1a853aa1e872d330f9e743777e02c3ced98b56cc.sol:200:5: Warning: Invoking events without "emit" prefix is deprecated.
    MintFinished();
    ^------------^
/sb/0x1a853aa1e872d330f9e743777e02c3ced98b56cc.sol:418:5: Warning: Invoking events without "emit" prefix is deprecated.
    TokenPurchase(msg.sender, beneficiary, weiAmount, tokens);
    ^-------------------------------------------------------^
/sb/0x1a853aa1e872d330f9e743777e02c3ced98b56cc.sol:561:5: Warning: Invoking events without "emit" prefix is deprecated.
    Finalized();
    ^---------^
/sb/0x1a853aa1e872d330f9e743777e02c3ced98b56cc.sol:599:5: Warning: Invoking events without "emit" prefix is deprecated.
    Closed();
    ^------^
/sb/0x1a853aa1e872d330f9e743777e02c3ced98b56cc.sol:600:21: Warning: Using contract member "balance" inherited from the address type is deprecated. Convert the contract to "address" type to access the member, for example use "address(contract).balance" instead.
    wallet.transfer(this.balance);
                    ^----------^
/sb/0x1a853aa1e872d330f9e743777e02c3ced98b56cc.sol:605:5: Warning: Invoking events without "emit" prefix is deprecated.
    RefundsEnabled();
    ^--------------^
/sb/0x1a853aa1e872d330f9e743777e02c3ced98b56cc.sol:612:5: Warning: Invoking events without "emit" prefix is deprecated.
    Refunded(investor, depositedValue);
    ^--------------------------------^
/sb/0x1a853aa1e872d330f9e743777e02c3ced98b56cc.sol:25:3: Warning: No visibility specified. Defaulting to "public". 
  function Ownable() {
  ^ (Relevant source part starts here and spans across multiple lines).
/sb/0x1a853aa1e872d330f9e743777e02c3ced98b56cc.sol:149:3: Warning: No visibility specified. Defaulting to "public". 
  function increaseApproval (address _spender, uint _addedValue)
  ^ (Relevant source part starts here and spans across multiple lines).
/sb/0x1a853aa1e872d330f9e743777e02c3ced98b56cc.sol:155:3: Warning: No visibility specified. Defaulting to "public". 
  function decreaseApproval (address _spender, uint _subtractedValue)
  ^ (Relevant source part starts here and spans across multiple lines).
/sb/0x1a853aa1e872d330f9e743777e02c3ced98b56cc.sol:322:3: Warning: No visibility specified. Defaulting to "public". 
  function Crowdsale(uint256 _startTime, uint256 _endTime, uint256 _rate, address _wallet) {
  ^ (Relevant source part starts here and spans across multiple lines).
/sb/0x1a853aa1e872d330f9e743777e02c3ced98b56cc.sol:369:3: Warning: No visibility specified. Defaulting to "public". 
  function () payable {
  ^ (Relevant source part starts here and spans across multiple lines).
/sb/0x1a853aa1e872d330f9e743777e02c3ced98b56cc.sol:527:3: Warning: No visibility specified. Defaulting to "public". 
  function CappedCrowdsale(uint256 _cap) {
  ^ (Relevant source part starts here and spans across multiple lines).
/sb/0x1a853aa1e872d330f9e743777e02c3ced98b56cc.sol:587:3: Warning: No visibility specified. Defaulting to "public". 
  function RefundVault(address _wallet) {
  ^ (Relevant source part starts here and spans across multiple lines).
/sb/0x1a853aa1e872d330f9e743777e02c3ced98b56cc.sol:628:3: Warning: No visibility specified. Defaulting to "public". 
  function RefundableCrowdsale(uint256 _goal) {
  ^ (Relevant source part starts here and spans across multiple lines).
/sb/0x1a853aa1e872d330f9e743777e02c3ced98b56cc.sol:683:3: Warning: No visibility specified. Defaulting to "public". 
  function BenebitToken() {
  ^ (Relevant source part starts here and spans across multiple lines).
/sb/0x1a853aa1e872d330f9e743777e02c3ced98b56cc.sol:695:5: Warning: No visibility specified. Defaulting to "public". 
    function BenebitICO() 
    ^ (Relevant source part starts here and spans across multiple lines).
/sb/0x1a853aa1e872d330f9e743777e02c3ced98b56cc.sol:212:3: Warning: Function state mutability can be restricted to pure
  function mul(uint256 a, uint256 b) internal constant returns (uint256) {
  ^ (Relevant source part starts here and spans across multiple lines).
/sb/0x1a853aa1e872d330f9e743777e02c3ced98b56cc.sol:217:3: Warning: Function state mutability can be restricted to pure
  function div(uint256 a, uint256 b) internal constant returns (uint256) {
  ^ (Relevant source part starts here and spans across multiple lines).
/sb/0x1a853aa1e872d330f9e743777e02c3ced98b56cc.sol:223:3: Warning: Function state mutability can be restricted to pure
  function sub(uint256 a, uint256 b) internal constant returns (uint256) {
  ^ (Relevant source part starts here and spans across multiple lines).
/sb/0x1a853aa1e872d330f9e743777e02c3ced98b56cc.sol:227:3: Warning: Function state mutability can be restricted to pure
  function add(uint256 a, uint256 b) internal constant returns (uint256) {
  ^ (Relevant source part starts here and spans across multiple lines).
/sb/0x1a853aa1e872d330f9e743777e02c3ced98b56cc.sol:513:3: Warning: Function state mutability can be restricted to view
  function getTokenAddress() onlyOwner public returns (address) {
  ^ (Relevant source part starts here and spans across multiple lines).
/sb/0x1a853aa1e872d330f9e743777e02c3ced98b56cc.sol:516:3: Warning: Function state mutability can be restricted to view
  function getPublicSupply() onlyOwner public returns (uint256) {
  ^ (Relevant source part starts here and spans across multiple lines).
/sb/0x1a853aa1e872d330f9e743777e02c3ced98b56cc.sol:569:3: Warning: Function state mutability can be restricted to pure
  function finalization() internal {
  ^ (Relevant source part starts here and spans across multiple lines).
/sb/0x1a853aa1e872d330f9e743777e02c3ced98b56cc.sol:656:7: Warning: Function declared as view, but this expression (potentially) modifies the state and thus requires non-payable (the default) or payable.
      _goalReached = true;
      ^----------^
/sb/0x1a853aa1e872d330f9e743777e02c3ced98b56cc.sol:668:3: Warning: Function state mutability can be restricted to view
  function getVaultAddress() onlyOwner public returns (address) {
  ^ (Relevant source part starts here and spans across multiple lines).

INFO:Detectors:[93m
RefundableCrowdsale.goalReached (/sb/0x1a853aa1e872d330f9e743777e02c3ced98b56cc.sol#680-688) is declared view but changes state variables:
	- RefundableCrowdsale._goalReached
Reference: https://github.com/trailofbits/slither/wiki/Detectors-Documentation#constant-functions-changing-the-state[0m
INFO:Detectors:[93m
Reentrancy in Crowdsale.burnToken (/sb/0x1a853aa1e872d330f9e743777e02c3ced98b56cc.sol#450-456):
	External calls:
	- token.burnTokens(remainingPublicSupply) (/sb/0x1a853aa1e872d330f9e743777e02c3ced98b56cc.sol#452-453)
	State variables written after the call(s):
	- checkBurnTokens (/sb/0x1a853aa1e872d330f9e743777e02c3ced98b56cc.sol#455)
	- remainingPublicSupply (/sb/0x1a853aa1e872d330f9e743777e02c3ced98b56cc.sol#455)
Reentrancy in Crowdsale.grantAdvisorToken (/sb/0x1a853aa1e872d330f9e743777e02c3ced98b56cc.sol#480-494):
	External calls:
	- token.mint(0xAA855f6D87d5D443eDa49aA034fA99D9EeeA0337,valueToken) (/sb/0x1a853aa1e872d330f9e743777e02c3ced98b56cc.sol#489-491)
	- token.mint(0x4B2e3E1BBEb117b781e71A10376A969860FBcEB3,valueToken) (/sb/0x1a853aa1e872d330f9e743777e02c3ced98b56cc.sol#491-492)
	- token.mint(0xbb3b3799D1b31189b491C26B1D7c17307fb87F5d,valueToken) (/sb/0x1a853aa1e872d330f9e743777e02c3ced98b56cc.sol#492-493)
	State variables written after the call(s):
	- remainingAdvisorSupply (/sb/0x1a853aa1e872d330f9e743777e02c3ced98b56cc.sol#493-494)
Reentrancy in Crowdsale.grantTeamToken (/sb/0x1a853aa1e872d330f9e743777e02c3ced98b56cc.sol#495-510):
	External calls:
	- token.mint(0xBEB9e4057f953AaBdF14Dc4018056888C67E40b0,valueToken) (/sb/0x1a853aa1e872d330f9e743777e02c3ced98b56cc.sol#502-503)
	- token.mint(0x70fcd07629eB9b406223168AEB8De06E2564F558,valueToken) (/sb/0x1a853aa1e872d330f9e743777e02c3ced98b56cc.sol#503-504)
	- token.mint(0x0e562f12239C660627bE186de6535c05983579E9,valueToken) (/sb/0x1a853aa1e872d330f9e743777e02c3ced98b56cc.sol#504-506)
	- token.mint(0x42e045f4D119212AC1CF5820488E69AA9164DC70,valueToken) (/sb/0x1a853aa1e872d330f9e743777e02c3ced98b56cc.sol#506-508)
	- token.mint(0x2f53678a33C0fEE8f30fc5cfaC4E5E140397b40D,valueToken) (/sb/0x1a853aa1e872d330f9e743777e02c3ced98b56cc.sol#508-510)
	State variables written after the call(s):
	- remainingTeamSupply (/sb/0x1a853aa1e872d330f9e743777e02c3ced98b56cc.sol#510)
Reference: https://github.com/trailofbits/slither/wiki/Detectors-Documentation#reentrancy-vulnerabilities-1[0m
INFO:Detectors:[93m
Crowdsale.buyTokens (/sb/0x1a853aa1e872d330f9e743777e02c3ced98b56cc.sol#384-431) does not use the value returned by external calls:
	-token.mint(beneficiary,tokens) (/sb/0x1a853aa1e872d330f9e743777e02c3ced98b56cc.sol#428-429)
Crowdsale.burnToken (/sb/0x1a853aa1e872d330f9e743777e02c3ced98b56cc.sol#450-456) does not use the value returned by external calls:
	-token.burnTokens(remainingPublicSupply) (/sb/0x1a853aa1e872d330f9e743777e02c3ced98b56cc.sol#452-453)
Crowdsale.bountyFunds (/sb/0x1a853aa1e872d330f9e743777e02c3ced98b56cc.sol#461-467) does not use the value returned by external calls:
	-token.mint(beneficiary,valueToken) (/sb/0x1a853aa1e872d330f9e743777e02c3ced98b56cc.sol#466-467)
Crowdsale.rewardsFunds (/sb/0x1a853aa1e872d330f9e743777e02c3ced98b56cc.sol#473-479) does not use the value returned by external calls:
	-token.mint(beneficiary,valueToken) (/sb/0x1a853aa1e872d330f9e743777e02c3ced98b56cc.sol#479)
Crowdsale.grantAdvisorToken (/sb/0x1a853aa1e872d330f9e743777e02c3ced98b56cc.sol#480-494) does not use the value returned by external calls:
	-token.mint(0xAA855f6D87d5D443eDa49aA034fA99D9EeeA0337,valueToken) (/sb/0x1a853aa1e872d330f9e743777e02c3ced98b56cc.sol#489-491)
	-token.mint(0x4B2e3E1BBEb117b781e71A10376A969860FBcEB3,valueToken) (/sb/0x1a853aa1e872d330f9e743777e02c3ced98b56cc.sol#491-492)
	-token.mint(0xbb3b3799D1b31189b491C26B1D7c17307fb87F5d,valueToken) (/sb/0x1a853aa1e872d330f9e743777e02c3ced98b56cc.sol#492-493)
Crowdsale.grantTeamToken (/sb/0x1a853aa1e872d330f9e743777e02c3ced98b56cc.sol#495-510) does not use the value returned by external calls:
	-token.mint(0xBEB9e4057f953AaBdF14Dc4018056888C67E40b0,valueToken) (/sb/0x1a853aa1e872d330f9e743777e02c3ced98b56cc.sol#502-503)
	-token.mint(0x70fcd07629eB9b406223168AEB8De06E2564F558,valueToken) (/sb/0x1a853aa1e872d330f9e743777e02c3ced98b56cc.sol#503-504)
	-token.mint(0x0e562f12239C660627bE186de6535c05983579E9,valueToken) (/sb/0x1a853aa1e872d330f9e743777e02c3ced98b56cc.sol#504-506)
	-token.mint(0x42e045f4D119212AC1CF5820488E69AA9164DC70,valueToken) (/sb/0x1a853aa1e872d330f9e743777e02c3ced98b56cc.sol#506-508)
	-token.mint(0x2f53678a33C0fEE8f30fc5cfaC4E5E140397b40D,valueToken) (/sb/0x1a853aa1e872d330f9e743777e02c3ced98b56cc.sol#508-510)
Crowdsale.transferToken (/sb/0x1a853aa1e872d330f9e743777e02c3ced98b56cc.sol#519-531) does not use the value returned by external calls:
	-token.mint(beneficiary,tokens) (/sb/0x1a853aa1e872d330f9e743777e02c3ced98b56cc.sol#531)
Reference: https://github.com/trailofbits/slither/wiki/Detectors-Documentation#unused-return[0m
INFO:Detectors:[92m
Reentrancy in Crowdsale.burnToken (/sb/0x1a853aa1e872d330f9e743777e02c3ced98b56cc.sol#450-456):
	External calls:
	- token.burnTokens(remainingPublicSupply) (/sb/0x1a853aa1e872d330f9e743777e02c3ced98b56cc.sol#452-453)
	State variables written after the call(s):
	- totalSupply (/sb/0x1a853aa1e872d330f9e743777e02c3ced98b56cc.sol#453-454)
Reference: https://github.com/trailofbits/slither/wiki/Detectors-Documentation#reentrancy-vulnerabilities-2[0m
INFO:Detectors:[92m
BenebitICO._cap should be constant (/sb/0x1a853aa1e872d330f9e743777e02c3ced98b56cc.sol)
BenebitICO._endTime should be constant (/sb/0x1a853aa1e872d330f9e743777e02c3ced98b56cc.sol)
BenebitICO._goal should be constant (/sb/0x1a853aa1e872d330f9e743777e02c3ced98b56cc.sol)
BenebitICO._rate should be constant (/sb/0x1a853aa1e872d330f9e743777e02c3ced98b56cc.sol)
BenebitICO._startTime should be constant (/sb/0x1a853aa1e872d330f9e743777e02c3ced98b56cc.sol)
BenebitICO._wallet should be constant (/sb/0x1a853aa1e872d330f9e743777e02c3ced98b56cc.sol)
Reference: https://github.com/trailofbits/slither/wiki/Detectors-Documentation#state-variables-that-could-be-declared-constant[0m
INFO:Detectors:[92m
BasicToken.balanceOf (/sb/0x1a853aa1e872d330f9e743777e02c3ced98b56cc.sol#79-85) should be declared external
ERC20Basic.balanceOf (/sb/0x1a853aa1e872d330f9e743777e02c3ced98b56cc.sol#9-10) should be declared external
ERC20Basic.transfer (/sb/0x1a853aa1e872d330f9e743777e02c3ced98b56cc.sol#10-11) should be declared external
BasicToken.transfer (/sb/0x1a853aa1e872d330f9e743777e02c3ced98b56cc.sol#66-76) should be declared external
Ownable.transferOwnership (/sb/0x1a853aa1e872d330f9e743777e02c3ced98b56cc.sol#39-47) should be declared external
StandardToken.allowance (/sb/0x1a853aa1e872d330f9e743777e02c3ced98b56cc.sol#142-145) should be declared external
ERC20.allowance (/sb/0x1a853aa1e872d330f9e743777e02c3ced98b56cc.sol#89) should be declared external
StandardToken.transferFrom (/sb/0x1a853aa1e872d330f9e743777e02c3ced98b56cc.sol#109-122) should be declared external
ERC20.transferFrom (/sb/0x1a853aa1e872d330f9e743777e02c3ced98b56cc.sol#90-91) should be declared external
ERC20.approve (/sb/0x1a853aa1e872d330f9e743777e02c3ced98b56cc.sol#91-94) should be declared external
StandardToken.approve (/sb/0x1a853aa1e872d330f9e743777e02c3ced98b56cc.sol#131-136) should be declared external
StandardToken.increaseApproval (/sb/0x1a853aa1e872d330f9e743777e02c3ced98b56cc.sol#151-158) should be declared external
StandardToken.decreaseApproval (/sb/0x1a853aa1e872d330f9e743777e02c3ced98b56cc.sol#158-170) should be declared external
MintableToken.mint (/sb/0x1a853aa1e872d330f9e743777e02c3ced98b56cc.sol#190-199) should be declared external
MintableToken.finishMinting (/sb/0x1a853aa1e872d330f9e743777e02c3ced98b56cc.sol#203-209) should be declared external
MintableToken.burnTokens (/sb/0x1a853aa1e872d330f9e743777e02c3ced98b56cc.sol#209-213) should be declared external
Crowdsale.fallback (/sb/0x1a853aa1e872d330f9e743777e02c3ced98b56cc.sol#381-383) should be declared external
Crowdsale.burnToken (/sb/0x1a853aa1e872d330f9e743777e02c3ced98b56cc.sol#450-456) should be declared external
Crowdsale.bountyFunds (/sb/0x1a853aa1e872d330f9e743777e02c3ced98b56cc.sol#461-467) should be declared external
Crowdsale.rewardsFunds (/sb/0x1a853aa1e872d330f9e743777e02c3ced98b56cc.sol#473-479) should be declared external
Crowdsale.grantAdvisorToken (/sb/0x1a853aa1e872d330f9e743777e02c3ced98b56cc.sol#480-494) should be declared external
Crowdsale.grantTeamToken (/sb/0x1a853aa1e872d330f9e743777e02c3ced98b56cc.sol#495-510) should be declared external
Crowdsale.transferToken (/sb/0x1a853aa1e872d330f9e743777e02c3ced98b56cc.sol#519-531) should be declared external
Crowdsale.getTokenAddress (/sb/0x1a853aa1e872d330f9e743777e02c3ced98b56cc.sol#531-533) should be declared external
Crowdsale.getPublicSupply (/sb/0x1a853aa1e872d330f9e743777e02c3ced98b56cc.sol#533-535) should be declared external
FinalizableCrowdsale.finalize (/sb/0x1a853aa1e872d330f9e743777e02c3ced98b56cc.sol#576-581) should be declared external
RefundVault.deposit (/sb/0x1a853aa1e872d330f9e743777e02c3ced98b56cc.sol#610-617) should be declared external
RefundVault.close (/sb/0x1a853aa1e872d330f9e743777e02c3ced98b56cc.sol#617-619) should be declared external
RefundVault.enableRefunds (/sb/0x1a853aa1e872d330f9e743777e02c3ced98b56cc.sol#620-624) should be declared external
RefundVault.refund (/sb/0x1a853aa1e872d330f9e743777e02c3ced98b56cc.sol#624-630) should be declared external
RefundableCrowdsale.claimRefund (/sb/0x1a853aa1e872d330f9e743777e02c3ced98b56cc.sol#666-673) should be declared external
RefundableCrowdsale.updateGoalCheck (/sb/0x1a853aa1e872d330f9e743777e02c3ced98b56cc.sol#688-690) should be declared external
RefundableCrowdsale.getVaultAddress (/sb/0x1a853aa1e872d330f9e743777e02c3ced98b56cc.sol#691-693) should be declared external
Reference: https://github.com/trailofbits/slither/wiki/Detectors-Documentation#public-function-that-could-be-declared-as-external[0m
INFO:Detectors:[92m
Detected issues with version pragma in /sb/0x1a853aa1e872d330f9e743777e02c3ced98b56cc.sol:
	- pragma solidity^0.4.11 (/sb/0x1a853aa1e872d330f9e743777e02c3ced98b56cc.sol#1): it allows old versions
Reference: https://github.com/trailofbits/slither/wiki/Detectors-Documentation#incorrect-version-of-solidity[0m
INFO:Detectors:[92m
Function 'Ownable.Ownable' (/sb/0x1a853aa1e872d330f9e743777e02c3ced98b56cc.sol#26-29) is not in mixedCase
Parameter '_owner' of BasicToken.balanceOf (/sb/0x1a853aa1e872d330f9e743777e02c3ced98b56cc.sol#80-81) is not in mixedCase
Parameter '_to' of BasicToken.transfer (/sb/0x1a853aa1e872d330f9e743777e02c3ced98b56cc.sol#67) is not in mixedCase
Parameter '_value' of BasicToken.transfer (/sb/0x1a853aa1e872d330f9e743777e02c3ced98b56cc.sol#67-68) is not in mixedCase
Parameter '_owner' of StandardToken.allowance (/sb/0x1a853aa1e872d330f9e743777e02c3ced98b56cc.sol#144) is not in mixedCase
Parameter '_spender' of StandardToken.allowance (/sb/0x1a853aa1e872d330f9e743777e02c3ced98b56cc.sol#144) is not in mixedCase
Parameter '_from' of StandardToken.transferFrom (/sb/0x1a853aa1e872d330f9e743777e02c3ced98b56cc.sol#110) is not in mixedCase
Parameter '_to' of StandardToken.transferFrom (/sb/0x1a853aa1e872d330f9e743777e02c3ced98b56cc.sol#110) is not in mixedCase
Parameter '_value' of StandardToken.transferFrom (/sb/0x1a853aa1e872d330f9e743777e02c3ced98b56cc.sol#110) is not in mixedCase
Parameter '_spender' of StandardToken.approve (/sb/0x1a853aa1e872d330f9e743777e02c3ced98b56cc.sol#131) is not in mixedCase
Parameter '_value' of StandardToken.approve (/sb/0x1a853aa1e872d330f9e743777e02c3ced98b56cc.sol#132) is not in mixedCase
Parameter '_spender' of StandardToken.increaseApproval (/sb/0x1a853aa1e872d330f9e743777e02c3ced98b56cc.sol#151-152) is not in mixedCase
Parameter '_addedValue' of StandardToken.increaseApproval (/sb/0x1a853aa1e872d330f9e743777e02c3ced98b56cc.sol#152) is not in mixedCase
Parameter '_spender' of StandardToken.decreaseApproval (/sb/0x1a853aa1e872d330f9e743777e02c3ced98b56cc.sol#158-159) is not in mixedCase
Parameter '_subtractedValue' of StandardToken.decreaseApproval (/sb/0x1a853aa1e872d330f9e743777e02c3ced98b56cc.sol#159) is not in mixedCase
Parameter '_to' of MintableToken.mint (/sb/0x1a853aa1e872d330f9e743777e02c3ced98b56cc.sol#190-191) is not in mixedCase
Parameter '_amount' of MintableToken.mint (/sb/0x1a853aa1e872d330f9e743777e02c3ced98b56cc.sol#191) is not in mixedCase
Parameter '_unsoldTokens' of MintableToken.burnTokens (/sb/0x1a853aa1e872d330f9e743777e02c3ced98b56cc.sol#209-211) is not in mixedCase
Function 'Crowdsale.Crowdsale' (/sb/0x1a853aa1e872d330f9e743777e02c3ced98b56cc.sol#330-373) is not in mixedCase
Parameter '_startTime' of Crowdsale.Crowdsale (/sb/0x1a853aa1e872d330f9e743777e02c3ced98b56cc.sol#331-332) is not in mixedCase
Parameter '_endTime' of Crowdsale.Crowdsale (/sb/0x1a853aa1e872d330f9e743777e02c3ced98b56cc.sol#332-333) is not in mixedCase
Parameter '_rate' of Crowdsale.Crowdsale (/sb/0x1a853aa1e872d330f9e743777e02c3ced98b56cc.sol#333) is not in mixedCase
Parameter '_wallet' of Crowdsale.Crowdsale (/sb/0x1a853aa1e872d330f9e743777e02c3ced98b56cc.sol#333-334) is not in mixedCase
Variable 'Crowdsale.ICOstartTime' (/sb/0x1a853aa1e872d330f9e743777e02c3ced98b56cc.sol#256-257) is not in mixedCase
Variable 'Crowdsale.ICOEndTime' (/sb/0x1a853aa1e872d330f9e743777e02c3ced98b56cc.sol#257-259) is not in mixedCase
Function 'CappedCrowdsale.CappedCrowdsale' (/sb/0x1a853aa1e872d330f9e743777e02c3ced98b56cc.sol#540-544) is not in mixedCase
Parameter '_cap' of CappedCrowdsale.CappedCrowdsale (/sb/0x1a853aa1e872d330f9e743777e02c3ced98b56cc.sol#540-541) is not in mixedCase
Function 'RefundVault.RefundVault' (/sb/0x1a853aa1e872d330f9e743777e02c3ced98b56cc.sol#607-609) is not in mixedCase
Parameter '_wallet' of RefundVault.RefundVault (/sb/0x1a853aa1e872d330f9e743777e02c3ced98b56cc.sol#607-608) is not in mixedCase
Function 'RefundableCrowdsale.RefundableCrowdsale' (/sb/0x1a853aa1e872d330f9e743777e02c3ced98b56cc.sol#646-652) is not in mixedCase
Parameter '_goal' of RefundableCrowdsale.RefundableCrowdsale (/sb/0x1a853aa1e872d330f9e743777e02c3ced98b56cc.sol#646-647) is not in mixedCase
Function 'BenebitToken.BenebitToken' (/sb/0x1a853aa1e872d330f9e743777e02c3ced98b56cc.sol#704-705) is not in mixedCase
Constant 'BenebitToken._totalSupply' (/sb/0x1a853aa1e872d330f9e743777e02c3ced98b56cc.sol#701-703) is not in UPPER_CASE_WITH_UNDERSCORES
Function 'BenebitICO.BenebitICO' (/sb/0x1a853aa1e872d330f9e743777e02c3ced98b56cc.sol) is not in mixedCase
Variable 'BenebitICO._startTime' (/sb/0x1a853aa1e872d330f9e743777e02c3ced98b56cc.sol) is not in mixedCase
Variable 'BenebitICO._endTime' (/sb/0x1a853aa1e872d330f9e743777e02c3ced98b56cc.sol) is not in mixedCase
Variable 'BenebitICO._rate' (/sb/0x1a853aa1e872d330f9e743777e02c3ced98b56cc.sol) is not in mixedCase
Variable 'BenebitICO._goal' (/sb/0x1a853aa1e872d330f9e743777e02c3ced98b56cc.sol) is not in mixedCase
Variable 'BenebitICO._cap' (/sb/0x1a853aa1e872d330f9e743777e02c3ced98b56cc.sol) is not in mixedCase
Variable 'BenebitICO._wallet' (/sb/0x1a853aa1e872d330f9e743777e02c3ced98b56cc.sol) is not in mixedCase
Reference: https://github.com/trailofbits/slither/wiki/Detectors-Documentation#conformance-to-solidity-naming-conventions[0m
INFO:Detectors:[92m
Crowdsale.publicSupply (/sb/0x1a853aa1e872d330f9e743777e02c3ced98b56cc.sol#280-282) is never used in BenebitICO
Crowdsale.rewardsSupply (/sb/0x1a853aa1e872d330f9e743777e02c3ced98b56cc.sol#282-284) is never used in BenebitICO
Crowdsale.teamSupply (/sb/0x1a853aa1e872d330f9e743777e02c3ced98b56cc.sol#284-286) is never used in BenebitICO
Crowdsale.advisorSupply (/sb/0x1a853aa1e872d330f9e743777e02c3ced98b56cc.sol#286-288) is never used in BenebitICO
Crowdsale.bountySupply (/sb/0x1a853aa1e872d330f9e743777e02c3ced98b56cc.sol#288-290) is never used in BenebitICO
BenebitICO._startTime (/sb/0x1a853aa1e872d330f9e743777e02c3ced98b56cc.sol) is never used in BenebitICO
BenebitICO._endTime (/sb/0x1a853aa1e872d330f9e743777e02c3ced98b56cc.sol) is never used in BenebitICO
BenebitICO._rate (/sb/0x1a853aa1e872d330f9e743777e02c3ced98b56cc.sol) is never used in BenebitICO
BenebitICO._goal (/sb/0x1a853aa1e872d330f9e743777e02c3ced98b56cc.sol) is never used in BenebitICO
BenebitICO._cap (/sb/0x1a853aa1e872d330f9e743777e02c3ced98b56cc.sol) is never used in BenebitICO
BenebitICO._wallet (/sb/0x1a853aa1e872d330f9e743777e02c3ced98b56cc.sol) is never used in BenebitICO
Reference: https://github.com/trailofbits/slither/wiki/Detectors-Documentation#unused-state-variables[0m
INFO:Slither:/sb/0x1a853aa1e872d330f9e743777e02c3ced98b56cc.sol analyzed (14 contracts), 88 result(s) found
