INFO:Slither:Compilation warnings/errors on /sb/0xa9587915625a3d5fbd276762e532aaabe2ad3e2f.sol:
/sb/0xa9587915625a3d5fbd276762e532aaabe2ad3e2f.sol:67:3: Warning: Defining constructors as functions with the same name as the contract is deprecated. Use "constructor(...) { ... }" instead.
  function Ownable() public {
  ^ (Relevant source part starts here and spans across multiple lines).
/sb/0xa9587915625a3d5fbd276762e532aaabe2ad3e2f.sol:87:5: Warning: Invoking events without "emit" prefix is deprecated.
    OwnershipTransferred(owner, newOwner);
    ^-----------------------------------^
/sb/0xa9587915625a3d5fbd276762e532aaabe2ad3e2f.sol:125:5: Warning: Invoking events without "emit" prefix is deprecated.
    Transfer(msg.sender, _to, _value);
    ^-------------------------------^
/sb/0xa9587915625a3d5fbd276762e532aaabe2ad3e2f.sol:161:5: Warning: Invoking events without "emit" prefix is deprecated.
    Transfer(_from, _to, _value);
    ^--------------------------^
/sb/0xa9587915625a3d5fbd276762e532aaabe2ad3e2f.sol:176:5: Warning: Invoking events without "emit" prefix is deprecated.
    Approval(msg.sender, _spender, _value);
    ^------------------------------------^
/sb/0xa9587915625a3d5fbd276762e532aaabe2ad3e2f.sol:198:5: Warning: Invoking events without "emit" prefix is deprecated.
    Approval(msg.sender, _spender, allowed[msg.sender][_spender]);
    ^-----------------------------------------------------------^
/sb/0xa9587915625a3d5fbd276762e532aaabe2ad3e2f.sol:209:5: Warning: Invoking events without "emit" prefix is deprecated.
    Approval(msg.sender, _spender, allowed[msg.sender][_spender]);
    ^-----------------------------------------------------------^
/sb/0xa9587915625a3d5fbd276762e532aaabe2ad3e2f.sol:309:5: Warning: Invoking events without "emit" prefix is deprecated.
    Pause();
    ^-----^
/sb/0xa9587915625a3d5fbd276762e532aaabe2ad3e2f.sol:317:5: Warning: Invoking events without "emit" prefix is deprecated.
    Unpause();
    ^-------^

INFO:Detectors:[92m
Ownable.transferOwnership (/sb/0xa9587915625a3d5fbd276762e532aaabe2ad3e2f.sol#86-96) should be declared external
ERC20Basic.balanceOf (/sb/0xa9587915625a3d5fbd276762e532aaabe2ad3e2f.sol#97-98) should be declared external
BasicToken.balanceOf (/sb/0xa9587915625a3d5fbd276762e532aaabe2ad3e2f.sol#138-140) should be declared external
StandardToken.allowance (/sb/0xa9587915625a3d5fbd276762e532aaabe2ad3e2f.sol#191-193) should be declared external
ERC20.allowance (/sb/0xa9587915625a3d5fbd276762e532aaabe2ad3e2f.sol#103-104) should be declared external
BurnableToken.burn (/sb/0xa9587915625a3d5fbd276762e532aaabe2ad3e2f.sol#233-234) should be declared external
MintableToken.mint (/sb/0xa9587915625a3d5fbd276762e532aaabe2ad3e2f.sol#270-289) should be declared external
Pausable.pause (/sb/0xa9587915625a3d5fbd276762e532aaabe2ad3e2f.sol#323-325) should be declared external
Pausable.unpause (/sb/0xa9587915625a3d5fbd276762e532aaabe2ad3e2f.sol#329-330) should be declared external
Reference: https://github.com/trailofbits/slither/wiki/Detectors-Documentation#public-function-that-could-be-declared-as-external[0m
INFO:Detectors:[92m
Function 'Ownable.Ownable' (/sb/0xa9587915625a3d5fbd276762e532aaabe2ad3e2f.sol#73) is not in mixedCase
Parameter '_owner' of BasicToken.balanceOf (/sb/0xa9587915625a3d5fbd276762e532aaabe2ad3e2f.sol#139) is not in mixedCase
Parameter '_to' of BasicToken.transfer (/sb/0xa9587915625a3d5fbd276762e532aaabe2ad3e2f.sol#120) is not in mixedCase
Parameter '_value' of BasicToken.transfer (/sb/0xa9587915625a3d5fbd276762e532aaabe2ad3e2f.sol#121-122) is not in mixedCase
Parameter '_owner' of StandardToken.allowance (/sb/0xa9587915625a3d5fbd276762e532aaabe2ad3e2f.sol#191-192) is not in mixedCase
Parameter '_spender' of StandardToken.allowance (/sb/0xa9587915625a3d5fbd276762e532aaabe2ad3e2f.sol#192) is not in mixedCase
Parameter '_from' of StandardToken.transferFrom (/sb/0xa9587915625a3d5fbd276762e532aaabe2ad3e2f.sol#156) is not in mixedCase
Parameter '_to' of StandardToken.transferFrom (/sb/0xa9587915625a3d5fbd276762e532aaabe2ad3e2f.sol#156) is not in mixedCase
Parameter '_value' of StandardToken.transferFrom (/sb/0xa9587915625a3d5fbd276762e532aaabe2ad3e2f.sol#156-158) is not in mixedCase
Parameter '_spender' of StandardToken.approve (/sb/0xa9587915625a3d5fbd276762e532aaabe2ad3e2f.sol#180-181) is not in mixedCase
Parameter '_value' of StandardToken.approve (/sb/0xa9587915625a3d5fbd276762e532aaabe2ad3e2f.sol#181) is not in mixedCase
Parameter '_spender' of StandardToken.increaseApproval (/sb/0xa9587915625a3d5fbd276762e532aaabe2ad3e2f.sol#198-199) is not in mixedCase
Parameter '_addedValue' of StandardToken.increaseApproval (/sb/0xa9587915625a3d5fbd276762e532aaabe2ad3e2f.sol#199-200) is not in mixedCase
Parameter '_spender' of StandardToken.decreaseApproval (/sb/0xa9587915625a3d5fbd276762e532aaabe2ad3e2f.sol#206-207) is not in mixedCase
Parameter '_subtractedValue' of StandardToken.decreaseApproval (/sb/0xa9587915625a3d5fbd276762e532aaabe2ad3e2f.sol#207) is not in mixedCase
Parameter '_value' of BurnableToken.burn (/sb/0xa9587915625a3d5fbd276762e532aaabe2ad3e2f.sol#233-234) is not in mixedCase
Function 'BurnableToken._burn' (/sb/0xa9587915625a3d5fbd276762e532aaabe2ad3e2f.sol#234-248) is not in mixedCase
Parameter '_who' of BurnableToken._burn (/sb/0xa9587915625a3d5fbd276762e532aaabe2ad3e2f.sol#234) is not in mixedCase
Parameter '_value' of BurnableToken._burn (/sb/0xa9587915625a3d5fbd276762e532aaabe2ad3e2f.sol#234-236) is not in mixedCase
Parameter '_to' of MintableToken.mint (/sb/0xa9587915625a3d5fbd276762e532aaabe2ad3e2f.sol#271-272) is not in mixedCase
Parameter '_amount' of MintableToken.mint (/sb/0xa9587915625a3d5fbd276762e532aaabe2ad3e2f.sol#273-277) is not in mixedCase
Parameter '_to' of PausableToken.transfer (/sb/0xa9587915625a3d5fbd276762e532aaabe2ad3e2f.sol#333) is not in mixedCase
Parameter '_value' of PausableToken.transfer (/sb/0xa9587915625a3d5fbd276762e532aaabe2ad3e2f.sol#333) is not in mixedCase
Parameter '_from' of PausableToken.transferFrom (/sb/0xa9587915625a3d5fbd276762e532aaabe2ad3e2f.sol#337) is not in mixedCase
Parameter '_to' of PausableToken.transferFrom (/sb/0xa9587915625a3d5fbd276762e532aaabe2ad3e2f.sol#337) is not in mixedCase
Parameter '_value' of PausableToken.transferFrom (/sb/0xa9587915625a3d5fbd276762e532aaabe2ad3e2f.sol#337) is not in mixedCase
Parameter '_spender' of PausableToken.approve (/sb/0xa9587915625a3d5fbd276762e532aaabe2ad3e2f.sol#341) is not in mixedCase
Parameter '_value' of PausableToken.approve (/sb/0xa9587915625a3d5fbd276762e532aaabe2ad3e2f.sol#341) is not in mixedCase
Parameter '_spender' of PausableToken.increaseApproval (/sb/0xa9587915625a3d5fbd276762e532aaabe2ad3e2f.sol#347) is not in mixedCase
Parameter '_addedValue' of PausableToken.increaseApproval (/sb/0xa9587915625a3d5fbd276762e532aaabe2ad3e2f.sol#347) is not in mixedCase
Parameter '_spender' of PausableToken.decreaseApproval (/sb/0xa9587915625a3d5fbd276762e532aaabe2ad3e2f.sol#350-351) is not in mixedCase
Parameter '_subtractedValue' of PausableToken.decreaseApproval (/sb/0xa9587915625a3d5fbd276762e532aaabe2ad3e2f.sol) is not in mixedCase
Reference: https://github.com/trailofbits/slither/wiki/Detectors-Documentation#conformance-to-solidity-naming-conventions[0m
INFO:Slither:/sb/0xa9587915625a3d5fbd276762e532aaabe2ad3e2f.sol analyzed (11 contracts), 41 result(s) found
