INFO:Detectors:[92m
IERC20.totalSupply (/sb/0xfff3ada5a2555a2b59bff4f44dfad90146cce8cb.sol#4-6) should be declared external
DexterCoin.totalSupply (/sb/0xfff3ada5a2555a2b59bff4f44dfad90146cce8cb.sol#98-99) should be declared external
DexterCoin.balanceOf (/sb/0xfff3ada5a2555a2b59bff4f44dfad90146cce8cb.sol#99-107) should be declared external
IERC20.balanceOf (/sb/0xfff3ada5a2555a2b59bff4f44dfad90146cce8cb.sol#6-8) should be declared external
DexterCoin.allowance (/sb/0xfff3ada5a2555a2b59bff4f44dfad90146cce8cb.sol#107-114) should be declared external
IERC20.allowance (/sb/0xfff3ada5a2555a2b59bff4f44dfad90146cce8cb.sol#8-11) should be declared external
DexterCoin.transfer (/sb/0xfff3ada5a2555a2b59bff4f44dfad90146cce8cb.sol#115-119) should be declared external
IERC20.transfer (/sb/0xfff3ada5a2555a2b59bff4f44dfad90146cce8cb.sol#11-13) should be declared external
DexterCoin.approve (/sb/0xfff3ada5a2555a2b59bff4f44dfad90146cce8cb.sol#121-132) should be declared external
IERC20.approve (/sb/0xfff3ada5a2555a2b59bff4f44dfad90146cce8cb.sol#13-16) should be declared external
IERC20.transferFrom (/sb/0xfff3ada5a2555a2b59bff4f44dfad90146cce8cb.sol#16-19) should be declared external
DexterCoin.transferFrom (/sb/0xfff3ada5a2555a2b59bff4f44dfad90146cce8cb.sol#132-143) should be declared external
IERC20.burn (/sb/0xfff3ada5a2555a2b59bff4f44dfad90146cce8cb.sol#19-21) should be declared external
DexterCoin.burn (/sb/0xfff3ada5a2555a2b59bff4f44dfad90146cce8cb.sol#154-158) should be declared external
Reference: https://github.com/trailofbits/slither/wiki/Detectors-Documentation#public-function-that-could-be-declared-as-external[0m
INFO:Detectors:[92m
Function 'DexterCoin._transfer' (/sb/0xfff3ada5a2555a2b59bff4f44dfad90146cce8cb.sol#143-154) is not in mixedCase
Reference: https://github.com/trailofbits/slither/wiki/Detectors-Documentation#conformance-to-solidity-naming-conventions[0m
INFO:Slither:/sb/0xfff3ada5a2555a2b59bff4f44dfad90146cce8cb.sol analyzed (3 contracts), 15 result(s) found
