INFO:Slither:Compilation warnings/errors on /sb/0xfffc5ae5939671192286a9ce37b2e6fe534ca49d.sol:
/sb/0xfffc5ae5939671192286a9ce37b2e6fe534ca49d.sol:103:5: Warning: Defining constructors as functions with the same name as the contract is deprecated. Use "constructor(...) { ... }" instead.
    function Token99 (uint random, address randomAddr) public {
    ^ (Relevant source part starts here and spans across multiple lines).
/sb/0xfffc5ae5939671192286a9ce37b2e6fe534ca49d.sol:55:5: Warning: Functions in interfaces should be declared external.
    function distr(address _to, uint256 _value) public returns (bool);
    ^----------------------------------------------------------------^
/sb/0xfffc5ae5939671192286a9ce37b2e6fe534ca49d.sol:56:5: Warning: Functions in interfaces should be declared external.
    function totalSupply() constant public returns (uint256 supply);
    ^--------------------------------------------------------------^
/sb/0xfffc5ae5939671192286a9ce37b2e6fe534ca49d.sol:57:5: Warning: Functions in interfaces should be declared external.
    function balanceOf(address _owner) constant public returns (uint256 balance);
    ^---------------------------------------------------------------------------^
/sb/0xfffc5ae5939671192286a9ce37b2e6fe534ca49d.sol:129:9: Warning: Invoking events without "emit" prefix is deprecated.
        DistrFinished();
        ^-------------^
/sb/0xfffc5ae5939671192286a9ce37b2e6fe534ca49d.sol:137:9: Warning: Invoking events without "emit" prefix is deprecated.
        Distr(_to, _amount);
        ^-----------------^
/sb/0xfffc5ae5939671192286a9ce37b2e6fe534ca49d.sol:138:9: Warning: Invoking events without "emit" prefix is deprecated.
        Transfer(address(0), _to, _amount);
        ^--------------------------------^
/sb/0xfffc5ae5939671192286a9ce37b2e6fe534ca49d.sol:236:9: Warning: Invoking events without "emit" prefix is deprecated.
        Transfer(msg.sender, _to, _amount);
        ^--------------------------------^
/sb/0xfffc5ae5939671192286a9ce37b2e6fe534ca49d.sol:250:9: Warning: Invoking events without "emit" prefix is deprecated.
        Transfer(_from, _to, _amount);
        ^---------------------------^
/sb/0xfffc5ae5939671192286a9ce37b2e6fe534ca49d.sol:258:9: Warning: Invoking events without "emit" prefix is deprecated.
        Approval(msg.sender, _spender, _value);
        ^------------------------------------^
/sb/0xfffc5ae5939671192286a9ce37b2e6fe534ca49d.sol:273:32: Warning: Using contract member "balance" inherited from the address type is deprecated. Convert the contract to "address" type to access the member, for example use "address(contract).balance" instead.
        uint256 etherBalance = this.balance;
                               ^----------^
/sb/0xfffc5ae5939671192286a9ce37b2e6fe534ca49d.sol:286:9: Warning: Invoking events without "emit" prefix is deprecated.
        Burn(burner, _value);
        ^------------------^
/sb/0xfffc5ae5939671192286a9ce37b2e6fe534ca49d.sol:103:23: Warning: Unused function parameter. Remove or comment out the variable name to silence this warning.
    function Token99 (uint random, address randomAddr) public {
                      ^---------^
/sb/0xfffc5ae5939671192286a9ce37b2e6fe534ca49d.sol:103:36: Warning: Unused function parameter. Remove or comment out the variable name to silence this warning.
    function Token99 (uint random, address randomAddr) public {
                                   ^----------------^

INFO:Detectors:[93m
Token99.totalSupply (/sb/0xfffc5ae5939671192286a9ce37b2e6fe534ca49d.sol#74-75) shadows:
	- ERC20Basic.totalSupply (/sb/0xfffc5ae5939671192286a9ce37b2e6fe534ca49d.sol#42)
Reference: https://github.com/trailofbits/slither/wiki/Detectors-Documentation#state-variable-shadowing-from-abstract-contracts[0m
INFO:Detectors:[92m
ERC20Basic.totalSupply should be constant (/sb/0xfffc5ae5939671192286a9ce37b2e6fe534ca49d.sol#42)
Reference: https://github.com/trailofbits/slither/wiki/Detectors-Documentation#state-variables-that-could-be-declared-constant[0m
INFO:Detectors:[92m
ForeignToken.balanceOf (/sb/0xfffc5ae5939671192286a9ce37b2e6fe534ca49d.sol#36-37) should be declared external
ForeignToken.transfer (/sb/0xfffc5ae5939671192286a9ce37b2e6fe534ca49d.sol#37-41) should be declared external
Token99.balanceOf (/sb/0xfffc5ae5939671192286a9ce37b2e6fe534ca49d.sol#225-229) should be declared external
ERC20Basic.balanceOf (/sb/0xfffc5ae5939671192286a9ce37b2e6fe534ca49d.sol#42-43) should be declared external
Token99.transfer (/sb/0xfffc5ae5939671192286a9ce37b2e6fe534ca49d.sol#234-245) should be declared external
ERC20Basic.transfer (/sb/0xfffc5ae5939671192286a9ce37b2e6fe534ca49d.sol#43-44) should be declared external
Token99.allowance (/sb/0xfffc5ae5939671192286a9ce37b2e6fe534ca49d.sol#267-273) should be declared external
ERC20.allowance (/sb/0xfffc5ae5939671192286a9ce37b2e6fe534ca49d.sol#48-49) should be declared external
Token99.transferFrom (/sb/0xfffc5ae5939671192286a9ce37b2e6fe534ca49d.sol#245-257) should be declared external
ERC20.transferFrom (/sb/0xfffc5ae5939671192286a9ce37b2e6fe534ca49d.sol#49-50) should be declared external
ERC20.approve (/sb/0xfffc5ae5939671192286a9ce37b2e6fe534ca49d.sol#50-51) should be declared external
Token99.approve (/sb/0xfffc5ae5939671192286a9ce37b2e6fe534ca49d.sol#257-267) should be declared external
Token.distr (/sb/0xfffc5ae5939671192286a9ce37b2e6fe534ca49d.sol#55-56) should be declared external
Token.totalSupply (/sb/0xfffc5ae5939671192286a9ce37b2e6fe534ca49d.sol#56-57) should be declared external
Token.balanceOf (/sb/0xfffc5ae5939671192286a9ce37b2e6fe534ca49d.sol#57-62) should be declared external
Token99.transferOwnership (/sb/0xfffc5ae5939671192286a9ce37b2e6fe534ca49d.sol#111-116) should be declared external
Token99.enableWhitelist (/sb/0xfffc5ae5939671192286a9ce37b2e6fe534ca49d.sol#116-122) should be declared external
Token99.disableWhitelist (/sb/0xfffc5ae5939671192286a9ce37b2e6fe534ca49d.sol#123-129) should be declared external
Token99.finishDistribution (/sb/0xfffc5ae5939671192286a9ce37b2e6fe534ca49d.sol#129-134) should be declared external
Token99.airdrop (/sb/0xfffc5ae5939671192286a9ce37b2e6fe534ca49d.sol#149-164) should be declared external
Token99.distribution (/sb/0xfffc5ae5939671192286a9ce37b2e6fe534ca49d.sol#164-179) should be declared external
Token99.distributeAmounts (/sb/0xfffc5ae5939671192286a9ce37b2e6fe534ca49d.sol#179-198) should be declared external
Token99.getTokenBalance (/sb/0xfffc5ae5939671192286a9ce37b2e6fe534ca49d.sol#273-279) should be declared external
Token99.withdraw (/sb/0xfffc5ae5939671192286a9ce37b2e6fe534ca49d.sol#279-280) should be declared external
Token99.burn (/sb/0xfffc5ae5939671192286a9ce37b2e6fe534ca49d.sol#280-295) should be declared external
Token99.withdrawForeignTokens (/sb/0xfffc5ae5939671192286a9ce37b2e6fe534ca49d.sol) should be declared external
Reference: https://github.com/trailofbits/slither/wiki/Detectors-Documentation#public-function-that-could-be-declared-as-external[0m
INFO:Detectors:[92m
Detected issues with version pragma in /sb/0xfffc5ae5939671192286a9ce37b2e6fe534ca49d.sol:
	- pragma solidity^0.4.19 (/sb/0xfffc5ae5939671192286a9ce37b2e6fe534ca49d.sol#1): it allows old versions
Reference: https://github.com/trailofbits/slither/wiki/Detectors-Documentation#incorrect-version-of-solidity[0m
INFO:Detectors:[92m
Parameter '_owner' of Token99.balanceOf (/sb/0xfffc5ae5939671192286a9ce37b2e6fe534ca49d.sol#225-226) is not in mixedCase
Parameter '_to' of Token99.transfer (/sb/0xfffc5ae5939671192286a9ce37b2e6fe534ca49d.sol#234) is not in mixedCase
Parameter '_amount' of Token99.transfer (/sb/0xfffc5ae5939671192286a9ce37b2e6fe534ca49d.sol#235) is not in mixedCase
Parameter '_owner' of Token99.allowance (/sb/0xfffc5ae5939671192286a9ce37b2e6fe534ca49d.sol#267-268) is not in mixedCase
Parameter '_spender' of Token99.allowance (/sb/0xfffc5ae5939671192286a9ce37b2e6fe534ca49d.sol#268) is not in mixedCase
Parameter '_from' of Token99.transferFrom (/sb/0xfffc5ae5939671192286a9ce37b2e6fe534ca49d.sol#246-247) is not in mixedCase
Parameter '_to' of Token99.transferFrom (/sb/0xfffc5ae5939671192286a9ce37b2e6fe534ca49d.sol#247) is not in mixedCase
Parameter '_amount' of Token99.transferFrom (/sb/0xfffc5ae5939671192286a9ce37b2e6fe534ca49d.sol#247) is not in mixedCase
Parameter '_spender' of Token99.approve (/sb/0xfffc5ae5939671192286a9ce37b2e6fe534ca49d.sol#257-258) is not in mixedCase
Parameter '_value' of Token99.approve (/sb/0xfffc5ae5939671192286a9ce37b2e6fe534ca49d.sol#258) is not in mixedCase
Function 'Token99.Token99' (/sb/0xfffc5ae5939671192286a9ce37b2e6fe534ca49d.sol#105-110) is not in mixedCase
Parameter '_to' of Token99.distr (/sb/0xfffc5ae5939671192286a9ce37b2e6fe534ca49d.sol#135) is not in mixedCase
Parameter '_amount' of Token99.distr (/sb/0xfffc5ae5939671192286a9ce37b2e6fe534ca49d.sol#135) is not in mixedCase
Parameter '_value' of Token99.burn (/sb/0xfffc5ae5939671192286a9ce37b2e6fe534ca49d.sol#282) is not in mixedCase
Parameter '_tokenContract' of Token99.withdrawForeignTokens (/sb/0xfffc5ae5939671192286a9ce37b2e6fe534ca49d.sol) is not in mixedCase
Reference: https://github.com/trailofbits/slither/wiki/Detectors-Documentation#conformance-to-solidity-naming-conventions[0m
INFO:Slither:/sb/0xfffc5ae5939671192286a9ce37b2e6fe534ca49d.sol analyzed (6 contracts), 44 result(s) found
