INFO:Slither:Compilation warnings/errors on /sb/0x9a0587eae7ef64b2b38a10442a44cfa43edd7d2a.sol:
/sb/0x9a0587eae7ef64b2b38a10442a44cfa43edd7d2a.sol:65:3: Warning: Defining constructors as functions with the same name as the contract is deprecated. Use "constructor(...) { ... }" instead.
  function Ownable() public {
  ^ (Relevant source part starts here and spans across multiple lines).
/sb/0x9a0587eae7ef64b2b38a10442a44cfa43edd7d2a.sol:348:3: Warning: Defining constructors as functions with the same name as the contract is deprecated. Use "constructor(...) { ... }" instead.
  function CappedToken(uint256 _cap) public {
  ^ (Relevant source part starts here and spans across multiple lines).
/sb/0x9a0587eae7ef64b2b38a10442a44cfa43edd7d2a.sol:432:3: Warning: Defining constructors as functions with the same name as the contract is deprecated. Use "constructor(...) { ... }" instead.
  function HardcapToken() public CappedToken(TOKEN_CAP) {
  ^ (Relevant source part starts here and spans across multiple lines).
/sb/0x9a0587eae7ef64b2b38a10442a44cfa43edd7d2a.sol:83:5: Warning: Invoking events without "emit" prefix is deprecated.
    OwnershipTransferred(owner, newOwner);
    ^-----------------------------------^
/sb/0x9a0587eae7ef64b2b38a10442a44cfa43edd7d2a.sol:121:5: Warning: Invoking events without "emit" prefix is deprecated.
    Pause();
    ^-----^
/sb/0x9a0587eae7ef64b2b38a10442a44cfa43edd7d2a.sol:129:5: Warning: Invoking events without "emit" prefix is deprecated.
    Unpause();
    ^-------^
/sb/0x9a0587eae7ef64b2b38a10442a44cfa43edd7d2a.sol:185:5: Warning: Invoking events without "emit" prefix is deprecated.
    Transfer(msg.sender, _to, _value);
    ^-------------------------------^
/sb/0x9a0587eae7ef64b2b38a10442a44cfa43edd7d2a.sol:227:5: Warning: Invoking events without "emit" prefix is deprecated.
    Transfer(_from, _to, _value);
    ^--------------------------^
/sb/0x9a0587eae7ef64b2b38a10442a44cfa43edd7d2a.sol:243:5: Warning: Invoking events without "emit" prefix is deprecated.
    Approval(msg.sender, _spender, _value);
    ^------------------------------------^
/sb/0x9a0587eae7ef64b2b38a10442a44cfa43edd7d2a.sol:269:5: Warning: Invoking events without "emit" prefix is deprecated.
    Approval(msg.sender, _spender, allowed[msg.sender][_spender]);
    ^-----------------------------------------------------------^
/sb/0x9a0587eae7ef64b2b38a10442a44cfa43edd7d2a.sol:290:5: Warning: Invoking events without "emit" prefix is deprecated.
    Approval(msg.sender, _spender, allowed[msg.sender][_spender]);
    ^-----------------------------------------------------------^
/sb/0x9a0587eae7ef64b2b38a10442a44cfa43edd7d2a.sol:323:5: Warning: Invoking events without "emit" prefix is deprecated.
    Mint(_to, _amount);
    ^----------------^
/sb/0x9a0587eae7ef64b2b38a10442a44cfa43edd7d2a.sol:324:5: Warning: Invoking events without "emit" prefix is deprecated.
    Transfer(address(0), _to, _amount);
    ^--------------------------------^
/sb/0x9a0587eae7ef64b2b38a10442a44cfa43edd7d2a.sol:334:5: Warning: Invoking events without "emit" prefix is deprecated.
    MintFinished();
    ^------------^
/sb/0x9a0587eae7ef64b2b38a10442a44cfa43edd7d2a.sol:414:5: Warning: Invoking events without "emit" prefix is deprecated.
    Burn(burner, _value);
    ^------------------^
/sb/0x9a0587eae7ef64b2b38a10442a44cfa43edd7d2a.sol:415:5: Warning: Invoking events without "emit" prefix is deprecated.
    Transfer(burner, address(0), _value);
    ^----------------------------------^

INFO:Detectors:[92m
Ownable.transferOwnership (/sb/0x9a0587eae7ef64b2b38a10442a44cfa43edd7d2a.sol#82-91) should be declared external
Pausable.pause (/sb/0x9a0587eae7ef64b2b38a10442a44cfa43edd7d2a.sol#125-127) should be declared external
Pausable.unpause (/sb/0x9a0587eae7ef64b2b38a10442a44cfa43edd7d2a.sol#135-137) should be declared external
BasicToken.totalSupply (/sb/0x9a0587eae7ef64b2b38a10442a44cfa43edd7d2a.sol#176-179) should be declared external
ERC20Basic.totalSupply (/sb/0x9a0587eae7ef64b2b38a10442a44cfa43edd7d2a.sol#141-142) should be declared external
BasicToken.balanceOf (/sb/0x9a0587eae7ef64b2b38a10442a44cfa43edd7d2a.sol#204-206) should be declared external
ERC20Basic.balanceOf (/sb/0x9a0587eae7ef64b2b38a10442a44cfa43edd7d2a.sol#142) should be declared external
StandardToken.allowance (/sb/0x9a0587eae7ef64b2b38a10442a44cfa43edd7d2a.sol#260-262) should be declared external
ERC20.allowance (/sb/0x9a0587eae7ef64b2b38a10442a44cfa43edd7d2a.sol#151-152) should be declared external
MintableToken.finishMinting (/sb/0x9a0587eae7ef64b2b38a10442a44cfa43edd7d2a.sol#349-355) should be declared external
BurnableToken.burn (/sb/0x9a0587eae7ef64b2b38a10442a44cfa43edd7d2a.sol#414-430) should be declared external
Reference: https://github.com/trailofbits/slither/wiki/Detectors-Documentation#public-function-that-could-be-declared-as-external[0m
INFO:Detectors:[92m
Detected issues with version pragma in /sb/0x9a0587eae7ef64b2b38a10442a44cfa43edd7d2a.sol:
	- pragma solidity^0.4.18 (/sb/0x9a0587eae7ef64b2b38a10442a44cfa43edd7d2a.sol#1): it allows old versions
Reference: https://github.com/trailofbits/slither/wiki/Detectors-Documentation#incorrect-version-of-solidity[0m
INFO:Detectors:[92m
Function 'Ownable.Ownable' (/sb/0x9a0587eae7ef64b2b38a10442a44cfa43edd7d2a.sol#70) is not in mixedCase
Parameter '_owner' of BasicToken.balanceOf (/sb/0x9a0587eae7ef64b2b38a10442a44cfa43edd7d2a.sol#205) is not in mixedCase
Parameter '_to' of BasicToken.transfer (/sb/0x9a0587eae7ef64b2b38a10442a44cfa43edd7d2a.sol#183) is not in mixedCase
Parameter '_value' of BasicToken.transfer (/sb/0x9a0587eae7ef64b2b38a10442a44cfa43edd7d2a.sol#183-184) is not in mixedCase
Parameter '_owner' of StandardToken.allowance (/sb/0x9a0587eae7ef64b2b38a10442a44cfa43edd7d2a.sol#260) is not in mixedCase
Parameter '_spender' of StandardToken.allowance (/sb/0x9a0587eae7ef64b2b38a10442a44cfa43edd7d2a.sol#261) is not in mixedCase
Parameter '_from' of StandardToken.transferFrom (/sb/0x9a0587eae7ef64b2b38a10442a44cfa43edd7d2a.sol#224) is not in mixedCase
Parameter '_to' of StandardToken.transferFrom (/sb/0x9a0587eae7ef64b2b38a10442a44cfa43edd7d2a.sol#224-225) is not in mixedCase
Parameter '_value' of StandardToken.transferFrom (/sb/0x9a0587eae7ef64b2b38a10442a44cfa43edd7d2a.sol#225) is not in mixedCase
Parameter '_spender' of StandardToken.approve (/sb/0x9a0587eae7ef64b2b38a10442a44cfa43edd7d2a.sol#248) is not in mixedCase
Parameter '_value' of StandardToken.approve (/sb/0x9a0587eae7ef64b2b38a10442a44cfa43edd7d2a.sol#248-249) is not in mixedCase
Parameter '_spender' of StandardToken.increaseApproval (/sb/0x9a0587eae7ef64b2b38a10442a44cfa43edd7d2a.sol#274) is not in mixedCase
Parameter '_addedValue' of StandardToken.increaseApproval (/sb/0x9a0587eae7ef64b2b38a10442a44cfa43edd7d2a.sol#274) is not in mixedCase
Parameter '_spender' of StandardToken.decreaseApproval (/sb/0x9a0587eae7ef64b2b38a10442a44cfa43edd7d2a.sol#289-290) is not in mixedCase
Parameter '_subtractedValue' of StandardToken.decreaseApproval (/sb/0x9a0587eae7ef64b2b38a10442a44cfa43edd7d2a.sol#290) is not in mixedCase
Parameter '_to' of MintableToken.mint (/sb/0x9a0587eae7ef64b2b38a10442a44cfa43edd7d2a.sol#330) is not in mixedCase
Parameter '_amount' of MintableToken.mint (/sb/0x9a0587eae7ef64b2b38a10442a44cfa43edd7d2a.sol#330) is not in mixedCase
Parameter '_to' of CappedToken.mint (/sb/0x9a0587eae7ef64b2b38a10442a44cfa43edd7d2a.sol#373) is not in mixedCase
Parameter '_amount' of CappedToken.mint (/sb/0x9a0587eae7ef64b2b38a10442a44cfa43edd7d2a.sol#373) is not in mixedCase
Function 'CappedToken.CappedToken' (/sb/0x9a0587eae7ef64b2b38a10442a44cfa43edd7d2a.sol#359-360) is not in mixedCase
Parameter '_cap' of CappedToken.CappedToken (/sb/0x9a0587eae7ef64b2b38a10442a44cfa43edd7d2a.sol#359) is not in mixedCase
Parameter '_to' of PausableToken.transfer (/sb/0x9a0587eae7ef64b2b38a10442a44cfa43edd7d2a.sol#382) is not in mixedCase
Parameter '_value' of PausableToken.transfer (/sb/0x9a0587eae7ef64b2b38a10442a44cfa43edd7d2a.sol#382) is not in mixedCase
Parameter '_from' of PausableToken.transferFrom (/sb/0x9a0587eae7ef64b2b38a10442a44cfa43edd7d2a.sol#385-386) is not in mixedCase
Parameter '_to' of PausableToken.transferFrom (/sb/0x9a0587eae7ef64b2b38a10442a44cfa43edd7d2a.sol#386) is not in mixedCase
Parameter '_value' of PausableToken.transferFrom (/sb/0x9a0587eae7ef64b2b38a10442a44cfa43edd7d2a.sol#386) is not in mixedCase
Parameter '_spender' of PausableToken.approve (/sb/0x9a0587eae7ef64b2b38a10442a44cfa43edd7d2a.sol#389) is not in mixedCase
Parameter '_value' of PausableToken.approve (/sb/0x9a0587eae7ef64b2b38a10442a44cfa43edd7d2a.sol#389-390) is not in mixedCase
Parameter '_spender' of PausableToken.increaseApproval (/sb/0x9a0587eae7ef64b2b38a10442a44cfa43edd7d2a.sol#396) is not in mixedCase
Parameter '_addedValue' of PausableToken.increaseApproval (/sb/0x9a0587eae7ef64b2b38a10442a44cfa43edd7d2a.sol#396) is not in mixedCase
Parameter '_spender' of PausableToken.decreaseApproval (/sb/0x9a0587eae7ef64b2b38a10442a44cfa43edd7d2a.sol#403-404) is not in mixedCase
Parameter '_subtractedValue' of PausableToken.decreaseApproval (/sb/0x9a0587eae7ef64b2b38a10442a44cfa43edd7d2a.sol#404) is not in mixedCase
Parameter '_value' of BurnableToken.burn (/sb/0x9a0587eae7ef64b2b38a10442a44cfa43edd7d2a.sol#415) is not in mixedCase
Function 'HardcapToken.HardcapToken' (/sb/0x9a0587eae7ef64b2b38a10442a44cfa43edd7d2a.sol) is not in mixedCase
Reference: https://github.com/trailofbits/slither/wiki/Detectors-Documentation#conformance-to-solidity-naming-conventions[0m
INFO:Detectors:[92m
HardcapToken.TOKEN_CAP (/sb/0x9a0587eae7ef64b2b38a10442a44cfa43edd7d2a.sol) is never used in HardcapToken
Reference: https://github.com/trailofbits/slither/wiki/Detectors-Documentation#unused-state-variables[0m
INFO:Slither:/sb/0x9a0587eae7ef64b2b38a10442a44cfa43edd7d2a.sol analyzed (12 contracts), 47 result(s) found
