INFO:Detectors:[92m
Token.constructor.name (local variable @ /sb/0x0cbacc56e499d912d707d90e2fba104fa6f0715d.sol#782) shadows:
	- DetailedERC20.name (state variable @ /sb/0x0cbacc56e499d912d707d90e2fba104fa6f0715d.sol#502-503)
Token.constructor.symbol (local variable @ /sb/0x0cbacc56e499d912d707d90e2fba104fa6f0715d.sol#782) shadows:
	- DetailedERC20.symbol (state variable @ /sb/0x0cbacc56e499d912d707d90e2fba104fa6f0715d.sol#503)
Token.constructor.decimals (local variable @ /sb/0x0cbacc56e499d912d707d90e2fba104fa6f0715d.sol#782) shadows:
	- DetailedERC20.decimals (state variable @ /sb/0x0cbacc56e499d912d707d90e2fba104fa6f0715d.sol#503-504)
Reference: https://github.com/trailofbits/slither/wiki/Detectors-Documentation#local-variable-shadowing[0m
INFO:Detectors:[92m
StandardToken.allowance (/sb/0x0cbacc56e499d912d707d90e2fba104fa6f0715d.sol#216-218) should be declared external
ERC20.allowance (/sb/0x0cbacc56e499d912d707d90e2fba104fa6f0715d.sol#78-81) should be declared external
Ownable.renounceOwnership (/sb/0x0cbacc56e499d912d707d90e2fba104fa6f0715d.sol#314-319) should be declared external
Token.renounceOwnership (/sb/0x0cbacc56e499d912d707d90e2fba104fa6f0715d.sol) should be declared external
IToken.renounceOwnership (/sb/0x0cbacc56e499d912d707d90e2fba104fa6f0715d.sol#419-422) should be declared external
Token.mint (/sb/0x0cbacc56e499d912d707d90e2fba104fa6f0715d.sol#1241-1258) should be declared external
IToken.mint (/sb/0x0cbacc56e499d912d707d90e2fba104fa6f0715d.sol#426-427) should be declared external
Token.finishMinting (/sb/0x0cbacc56e499d912d707d90e2fba104fa6f0715d.sol) should be declared external
IToken.finishMinting (/sb/0x0cbacc56e499d912d707d90e2fba104fa6f0715d.sol#427) should be declared external
Token.burn (/sb/0x0cbacc56e499d912d707d90e2fba104fa6f0715d.sol) should be declared external
IToken.burn (/sb/0x0cbacc56e499d912d707d90e2fba104fa6f0715d.sol#430) should be declared external
IToken.pause (/sb/0x0cbacc56e499d912d707d90e2fba104fa6f0715d.sol#432-440) should be declared external
Pausable.pause (/sb/0x0cbacc56e499d912d707d90e2fba104fa6f0715d.sol#624-630) should be declared external
Pausable.unpause (/sb/0x0cbacc56e499d912d707d90e2fba104fa6f0715d.sol#636-642) should be declared external
IToken.unpause (/sb/0x0cbacc56e499d912d707d90e2fba104fa6f0715d.sol#440-441) should be declared external
IToken.transferOwnership (/sb/0x0cbacc56e499d912d707d90e2fba104fa6f0715d.sol#441-443) should be declared external
Token.transferOwnership (/sb/0x0cbacc56e499d912d707d90e2fba104fa6f0715d.sol#1065-1079) should be declared external
Token.increaseApproval (/sb/0x0cbacc56e499d912d707d90e2fba104fa6f0715d.sol#1091-1100) should be declared external
IToken.increaseApproval (/sb/0x0cbacc56e499d912d707d90e2fba104fa6f0715d.sol#448-451) should be declared external
IToken.decreaseApproval (/sb/0x0cbacc56e499d912d707d90e2fba104fa6f0715d.sol#451-455) should be declared external
Token.decreaseApproval (/sb/0x0cbacc56e499d912d707d90e2fba104fa6f0715d.sol#1107-1119) should be declared external
MintableToken.finishMinting (/sb/0x0cbacc56e499d912d707d90e2fba104fa6f0715d.sol#581-589) should be declared external
Token.toggleBlockOtherAccounts (/sb/0x0cbacc56e499d912d707d90e2fba104fa6f0715d.sol#1259-1266) should be declared external
Reference: https://github.com/trailofbits/slither/wiki/Detectors-Documentation#public-function-that-could-be-declared-as-external[0m
INFO:Detectors:[92m
Parameter '_a' of SafeMath.mul (/sb/0x0cbacc56e499d912d707d90e2fba104fa6f0715d.sol#13) is not in mixedCase
Parameter '_b' of SafeMath.mul (/sb/0x0cbacc56e499d912d707d90e2fba104fa6f0715d.sol#13) is not in mixedCase
Parameter '_a' of SafeMath.div (/sb/0x0cbacc56e499d912d707d90e2fba104fa6f0715d.sol#29) is not in mixedCase
Parameter '_b' of SafeMath.div (/sb/0x0cbacc56e499d912d707d90e2fba104fa6f0715d.sol#29) is not in mixedCase
Parameter '_a' of SafeMath.sub (/sb/0x0cbacc56e499d912d707d90e2fba104fa6f0715d.sol#39) is not in mixedCase
Parameter '_b' of SafeMath.sub (/sb/0x0cbacc56e499d912d707d90e2fba104fa6f0715d.sol#39-40) is not in mixedCase
Parameter '_a' of SafeMath.add (/sb/0x0cbacc56e499d912d707d90e2fba104fa6f0715d.sol#47) is not in mixedCase
Parameter '_b' of SafeMath.add (/sb/0x0cbacc56e499d912d707d90e2fba104fa6f0715d.sol#47-48) is not in mixedCase
Parameter '_owner' of BasicToken.balanceOf (/sb/0x0cbacc56e499d912d707d90e2fba104fa6f0715d.sol#149) is not in mixedCase
Parameter '_to' of BasicToken.transfer (/sb/0x0cbacc56e499d912d707d90e2fba104fa6f0715d.sol#122-123) is not in mixedCase
Parameter '_value' of BasicToken.transfer (/sb/0x0cbacc56e499d912d707d90e2fba104fa6f0715d.sol#124) is not in mixedCase
Parameter '_owner' of StandardToken.allowance (/sb/0x0cbacc56e499d912d707d90e2fba104fa6f0715d.sol#216-217) is not in mixedCase
Parameter '_spender' of StandardToken.allowance (/sb/0x0cbacc56e499d912d707d90e2fba104fa6f0715d.sol#217) is not in mixedCase
Parameter '_from' of StandardToken.transferFrom (/sb/0x0cbacc56e499d912d707d90e2fba104fa6f0715d.sol#173) is not in mixedCase
Parameter '_to' of StandardToken.transferFrom (/sb/0x0cbacc56e499d912d707d90e2fba104fa6f0715d.sol#174) is not in mixedCase
Parameter '_value' of StandardToken.transferFrom (/sb/0x0cbacc56e499d912d707d90e2fba104fa6f0715d.sol#174-176) is not in mixedCase
Parameter '_spender' of StandardToken.approve (/sb/0x0cbacc56e499d912d707d90e2fba104fa6f0715d.sol#199) is not in mixedCase
Parameter '_value' of StandardToken.approve (/sb/0x0cbacc56e499d912d707d90e2fba104fa6f0715d.sol#199) is not in mixedCase
Parameter '_spender' of StandardToken.increaseApproval (/sb/0x0cbacc56e499d912d707d90e2fba104fa6f0715d.sol#233) is not in mixedCase
Parameter '_addedValue' of StandardToken.increaseApproval (/sb/0x0cbacc56e499d912d707d90e2fba104fa6f0715d.sol#234-236) is not in mixedCase
Parameter '_spender' of StandardToken.decreaseApproval (/sb/0x0cbacc56e499d912d707d90e2fba104fa6f0715d.sol#257) is not in mixedCase
Parameter '_subtractedValue' of StandardToken.decreaseApproval (/sb/0x0cbacc56e499d912d707d90e2fba104fa6f0715d.sol#257) is not in mixedCase
Parameter '_newOwner' of Ownable.transferOwnership (/sb/0x0cbacc56e499d912d707d90e2fba104fa6f0715d.sol#324) is not in mixedCase
Function 'Ownable._transferOwnership' (/sb/0x0cbacc56e499d912d707d90e2fba104fa6f0715d.sol#337-342) is not in mixedCase
Parameter '_newOwner' of Ownable._transferOwnership (/sb/0x0cbacc56e499d912d707d90e2fba104fa6f0715d.sol#337-338) is not in mixedCase
Parameter '_token' of SafeERC20.safeTransfer (/sb/0x0cbacc56e499d912d707d90e2fba104fa6f0715d.sol#363-364) is not in mixedCase
Parameter '_to' of SafeERC20.safeTransfer (/sb/0x0cbacc56e499d912d707d90e2fba104fa6f0715d.sol#364-365) is not in mixedCase
Parameter '_value' of SafeERC20.safeTransfer (/sb/0x0cbacc56e499d912d707d90e2fba104fa6f0715d.sol#365-367) is not in mixedCase
Parameter '_token' of SafeERC20.safeTransferFrom (/sb/0x0cbacc56e499d912d707d90e2fba104fa6f0715d.sol#379) is not in mixedCase
Parameter '_from' of SafeERC20.safeTransferFrom (/sb/0x0cbacc56e499d912d707d90e2fba104fa6f0715d.sol#379) is not in mixedCase
Parameter '_to' of SafeERC20.safeTransferFrom (/sb/0x0cbacc56e499d912d707d90e2fba104fa6f0715d.sol#379) is not in mixedCase
Parameter '_value' of SafeERC20.safeTransferFrom (/sb/0x0cbacc56e499d912d707d90e2fba104fa6f0715d.sol#379-380) is not in mixedCase
Parameter '_token' of SafeERC20.safeApprove (/sb/0x0cbacc56e499d912d707d90e2fba104fa6f0715d.sol#384) is not in mixedCase
Parameter '_spender' of SafeERC20.safeApprove (/sb/0x0cbacc56e499d912d707d90e2fba104fa6f0715d.sol#384) is not in mixedCase
Parameter '_value' of SafeERC20.safeApprove (/sb/0x0cbacc56e499d912d707d90e2fba104fa6f0715d.sol#384-386) is not in mixedCase
Parameter 'TAP' of IToken.whitelist (/sb/0x0cbacc56e499d912d707d90e2fba104fa6f0715d.sol#400) is not in mixedCase
Parameter 'TAP' of IToken.deWhitelist (/sb/0x0cbacc56e499d912d707d90e2fba104fa6f0715d.sol#401-402) is not in mixedCase
Parameter '_value' of BurnableToken.burn (/sb/0x0cbacc56e499d912d707d90e2fba104fa6f0715d.sol#462-463) is not in mixedCase
Function 'BurnableToken._burn' (/sb/0x0cbacc56e499d912d707d90e2fba104fa6f0715d.sol#473-486) is not in mixedCase
Parameter '_who' of BurnableToken._burn (/sb/0x0cbacc56e499d912d707d90e2fba104fa6f0715d.sol#473-474) is not in mixedCase
Parameter '_value' of BurnableToken._burn (/sb/0x0cbacc56e499d912d707d90e2fba104fa6f0715d.sol#474) is not in mixedCase
Parameter '_name' of DetailedERC20. (/sb/0x0cbacc56e499d912d707d90e2fba104fa6f0715d.sol#506) is not in mixedCase
Parameter '_symbol' of DetailedERC20. (/sb/0x0cbacc56e499d912d707d90e2fba104fa6f0715d.sol#506) is not in mixedCase
Parameter '_decimals' of DetailedERC20. (/sb/0x0cbacc56e499d912d707d90e2fba104fa6f0715d.sol#506-509) is not in mixedCase
Parameter '_to' of MintableToken.mint (/sb/0x0cbacc56e499d912d707d90e2fba104fa6f0715d.sol#547-548) is not in mixedCase
Parameter '_amount' of MintableToken.mint (/sb/0x0cbacc56e499d912d707d90e2fba104fa6f0715d.sol#548-559) is not in mixedCase
Parameter '_to' of PausableToken.transfer (/sb/0x0cbacc56e499d912d707d90e2fba104fa6f0715d.sol#653-654) is not in mixedCase
Parameter '_value' of PausableToken.transfer (/sb/0x0cbacc56e499d912d707d90e2fba104fa6f0715d.sol#655) is not in mixedCase
Parameter '_from' of PausableToken.transferFrom (/sb/0x0cbacc56e499d912d707d90e2fba104fa6f0715d.sol#663) is not in mixedCase
Parameter '_to' of PausableToken.transferFrom (/sb/0x0cbacc56e499d912d707d90e2fba104fa6f0715d.sol#664) is not in mixedCase
Parameter '_value' of PausableToken.transferFrom (/sb/0x0cbacc56e499d912d707d90e2fba104fa6f0715d.sol#664-666) is not in mixedCase
Parameter '_spender' of PausableToken.approve (/sb/0x0cbacc56e499d912d707d90e2fba104fa6f0715d.sol#672-673) is not in mixedCase
Parameter '_value' of PausableToken.approve (/sb/0x0cbacc56e499d912d707d90e2fba104fa6f0715d.sol#673-674) is not in mixedCase
Parameter '_spender' of PausableToken.increaseApproval (/sb/0x0cbacc56e499d912d707d90e2fba104fa6f0715d.sol#678-680) is not in mixedCase
Parameter '_addedValue' of PausableToken.increaseApproval (/sb/0x0cbacc56e499d912d707d90e2fba104fa6f0715d.sol#680) is not in mixedCase
Parameter '_spender' of PausableToken.decreaseApproval (/sb/0x0cbacc56e499d912d707d90e2fba104fa6f0715d.sol#685) is not in mixedCase
Parameter '_subtractedValue' of PausableToken.decreaseApproval (/sb/0x0cbacc56e499d912d707d90e2fba104fa6f0715d.sol#685-686) is not in mixedCase
Parameter '_to' of Token.transfer (/sb/0x0cbacc56e499d912d707d90e2fba104fa6f0715d.sol#1131-1132) is not in mixedCase
Parameter '_value' of Token.transfer (/sb/0x0cbacc56e499d912d707d90e2fba104fa6f0715d.sol#1134-1135) is not in mixedCase
Parameter '_from' of Token.transferFrom (/sb/0x0cbacc56e499d912d707d90e2fba104fa6f0715d.sol#1178) is not in mixedCase
Parameter '_to' of Token.transferFrom (/sb/0x0cbacc56e499d912d707d90e2fba104fa6f0715d.sol#1178) is not in mixedCase
Parameter '_value' of Token.transferFrom (/sb/0x0cbacc56e499d912d707d90e2fba104fa6f0715d.sol#1178) is not in mixedCase
Parameter '_spender' of Token.approve (/sb/0x0cbacc56e499d912d707d90e2fba104fa6f0715d.sol#1230) is not in mixedCase
Parameter '_value' of Token.approve (/sb/0x0cbacc56e499d912d707d90e2fba104fa6f0715d.sol#1230) is not in mixedCase
Parameter '_token' of Token.reclaimToken (/sb/0x0cbacc56e499d912d707d90e2fba104fa6f0715d.sol#812-813) is not in mixedCase
Parameter '_to' of Token.reclaimToken (/sb/0x0cbacc56e499d912d707d90e2fba104fa6f0715d.sol#813) is not in mixedCase
Parameter 'TAP' of Token.whitelist (/sb/0x0cbacc56e499d912d707d90e2fba104fa6f0715d.sol#832-833) is not in mixedCase
Parameter 'TAP' of Token.deWhitelist (/sb/0x0cbacc56e499d912d707d90e2fba104fa6f0715d.sol#841) is not in mixedCase
Parameter '_to' of Token.mint (/sb/0x0cbacc56e499d912d707d90e2fba104fa6f0715d.sol#1241-1242) is not in mixedCase
Parameter '_amount' of Token.mint (/sb/0x0cbacc56e499d912d707d90e2fba104fa6f0715d.sol#1242) is not in mixedCase
Parameter '' of Token.burn (/sb/0x0cbacc56e499d912d707d90e2fba104fa6f0715d.sol) is not in mixedCase
Parameter '_newOwner' of Token.transferOwnership (/sb/0x0cbacc56e499d912d707d90e2fba104fa6f0715d.sol#1066) is not in mixedCase
Parameter '_newSuperowner' of Token.transferSuperownership (/sb/0x0cbacc56e499d912d707d90e2fba104fa6f0715d.sol#994-995) is not in mixedCase
Parameter '_spender' of Token.increaseApproval (/sb/0x0cbacc56e499d912d707d90e2fba104fa6f0715d.sol#1091) is not in mixedCase
Parameter '_addedValue' of Token.increaseApproval (/sb/0x0cbacc56e499d912d707d90e2fba104fa6f0715d.sol#1091-1092) is not in mixedCase
Parameter '_spender' of Token.decreaseApproval (/sb/0x0cbacc56e499d912d707d90e2fba104fa6f0715d.sol#1108-1109) is not in mixedCase
Parameter '_subtractedValue' of Token.decreaseApproval (/sb/0x0cbacc56e499d912d707d90e2fba104fa6f0715d.sol#1109) is not in mixedCase
Parameter '_superowner' of Token. (/sb/0x0cbacc56e499d912d707d90e2fba104fa6f0715d.sol#782) is not in mixedCase
Parameter '_to' of Token.computeAndBurnFee (/sb/0x0cbacc56e499d912d707d90e2fba104fa6f0715d.sol) is not in mixedCase
Parameter '_value' of Token.computeAndBurnFee (/sb/0x0cbacc56e499d912d707d90e2fba104fa6f0715d.sol) is not in mixedCase
Variable 'Token.TAPwhiteListed' (/sb/0x0cbacc56e499d912d707d90e2fba104fa6f0715d.sol#727-729) is not in mixedCase
Reference: https://github.com/trailofbits/slither/wiki/Detectors-Documentation#conformance-to-solidity-naming-conventions[0m
INFO:Slither:/sb/0x0cbacc56e499d912d707d90e2fba104fa6f0715d.sol analyzed (14 contracts), 107 result(s) found
