INFO:Detectors:[93m
Contract locking ether found in /sb/0x9a481d1f92b9edc2c9876fed31995db4195c1c3f.sol:
	Contract QINTAR has payable functions:
	 - fallback (/sb/0x9a481d1f92b9edc2c9876fed31995db4195c1c3f.sol#219)
	But does not have a function to withdraw the ether
Reference: https://github.com/trailofbits/slither/wiki/Detectors-Documentation#contracts-that-lock-ether[0m
INFO:Detectors:[92m
SafeMath.safeMul (/sb/0x9a481d1f92b9edc2c9876fed31995db4195c1c3f.sol#30-34) should be declared external
SafeMath.safeDiv (/sb/0x9a481d1f92b9edc2c9876fed31995db4195c1c3f.sol#34-41) should be declared external
QINTAR.totalSupply (/sb/0x9a481d1f92b9edc2c9876fed31995db4195c1c3f.sol#133-134) should be declared external
ERC20Interface.totalSupply (/sb/0x9a481d1f92b9edc2c9876fed31995db4195c1c3f.sol#46-47) should be declared external
ERC20Interface.balanceOf (/sb/0x9a481d1f92b9edc2c9876fed31995db4195c1c3f.sol#47-48) should be declared external
QINTAR.balanceOf (/sb/0x9a481d1f92b9edc2c9876fed31995db4195c1c3f.sol#141-142) should be declared external
ERC20Interface.allowance (/sb/0x9a481d1f92b9edc2c9876fed31995db4195c1c3f.sol#48-49) should be declared external
QINTAR.allowance (/sb/0x9a481d1f92b9edc2c9876fed31995db4195c1c3f.sol#196-198) should be declared external
ERC20Interface.transfer (/sb/0x9a481d1f92b9edc2c9876fed31995db4195c1c3f.sol#49-50) should be declared external
QINTAR.transfer (/sb/0x9a481d1f92b9edc2c9876fed31995db4195c1c3f.sol#148-155) should be declared external
ERC20Interface.approve (/sb/0x9a481d1f92b9edc2c9876fed31995db4195c1c3f.sol#50-51) should be declared external
QINTAR.approve (/sb/0x9a481d1f92b9edc2c9876fed31995db4195c1c3f.sol#164-172) should be declared external
QINTAR.transferFrom (/sb/0x9a481d1f92b9edc2c9876fed31995db4195c1c3f.sol#180-189) should be declared external
ERC20Interface.transferFrom (/sb/0x9a481d1f92b9edc2c9876fed31995db4195c1c3f.sol#51-53) should be declared external
ApproveAndCallFallBack.receiveApproval (/sb/0x9a481d1f92b9edc2c9876fed31995db4195c1c3f.sol#64-68) should be declared external
Owned.transferOwnership (/sb/0x9a481d1f92b9edc2c9876fed31995db4195c1c3f.sol#87-91) should be declared external
Owned.acceptOwnership (/sb/0x9a481d1f92b9edc2c9876fed31995db4195c1c3f.sol#91-99) should be declared external
QINTAR.approveAndCall (/sb/0x9a481d1f92b9edc2c9876fed31995db4195c1c3f.sol#204-212) should be declared external
QINTAR.fallback (/sb/0x9a481d1f92b9edc2c9876fed31995db4195c1c3f.sol#219) should be declared external
QINTAR.transferAnyERC20Token (/sb/0x9a481d1f92b9edc2c9876fed31995db4195c1c3f.sol) should be declared external
Reference: https://github.com/trailofbits/slither/wiki/Detectors-Documentation#public-function-that-could-be-declared-as-external[0m
INFO:Detectors:[92m
Parameter '_newOwner' of Owned.transferOwnership (/sb/0x9a481d1f92b9edc2c9876fed31995db4195c1c3f.sol#89) is not in mixedCase
Variable 'QINTAR._totalSupply' (/sb/0x9a481d1f92b9edc2c9876fed31995db4195c1c3f.sol#109-112) is not in mixedCase
Reference: https://github.com/trailofbits/slither/wiki/Detectors-Documentation#conformance-to-solidity-naming-conventions[0m
INFO:Slither:/sb/0x9a481d1f92b9edc2c9876fed31995db4195c1c3f.sol analyzed (5 contracts), 23 result(s) found
