INFO:Slither:Compilation warnings/errors on /sb/0x21ef3d6663a7468200a9c671526986f7e12682a8.sol:
/sb/0x21ef3d6663a7468200a9c671526986f7e12682a8.sol:11:2: Warning: Function state mutability can be restricted to pure
	function mul(uint256 a, uint256 b) internal constant returns (uint256) {
 ^ (Relevant source part starts here and spans across multiple lines).
/sb/0x21ef3d6663a7468200a9c671526986f7e12682a8.sol:17:2: Warning: Function state mutability can be restricted to pure
	function div(uint256 a, uint256 b) internal constant returns (uint256) {
 ^ (Relevant source part starts here and spans across multiple lines).
/sb/0x21ef3d6663a7468200a9c671526986f7e12682a8.sol:24:2: Warning: Function state mutability can be restricted to pure
	function sub(uint256 a, uint256 b) internal constant returns (uint256) {
 ^ (Relevant source part starts here and spans across multiple lines).
/sb/0x21ef3d6663a7468200a9c671526986f7e12682a8.sol:29:2: Warning: Function state mutability can be restricted to pure
	function add(uint256 a, uint256 b) internal constant returns (uint256) {
 ^ (Relevant source part starts here and spans across multiple lines).

INFO:Detectors:[92m
realestate.getSigns.signBuyer (local variable @ /sb/0x21ef3d6663a7468200a9c671526986f7e12682a8.sol#205-206) shadows:
	- realestate.signBuyer (function @ /sb/0x21ef3d6663a7468200a9c671526986f7e12682a8.sol#337-357)
realestate.getSigns.signSeller (local variable @ /sb/0x21ef3d6663a7468200a9c671526986f7e12682a8.sol#206-207) shadows:
	- realestate.signSeller (function @ /sb/0x21ef3d6663a7468200a9c671526986f7e12682a8.sol#358-369)
Reference: https://github.com/trailofbits/slither/wiki/Detectors-Documentation#local-variable-shadowing[0m
INFO:Detectors:[92m
Ownable.transferOwnership (/sb/0x21ef3d6663a7468200a9c671526986f7e12682a8.sol#63-69) should be declared external
Ownable.confirmOwnership (/sb/0x21ef3d6663a7468200a9c671526986f7e12682a8.sol#71-78) should be declared external
realestate.changeAgencyOwner (/sb/0x21ef3d6663a7468200a9c671526986f7e12682a8.sol#182-186) should be declared external
realestate.changeAgencyReceiver (/sb/0x21ef3d6663a7468200a9c671526986f7e12682a8.sol#188-194) should be declared external
realestate.getSigns (/sb/0x21ef3d6663a7468200a9c671526986f7e12682a8.sol#202-216) should be declared external
realestate.getDealByNumber (/sb/0x21ef3d6663a7468200a9c671526986f7e12682a8.sol#216-239) should be declared external
realestate.getDealsLength (/sb/0x21ef3d6663a7468200a9c671526986f7e12682a8.sol#239-243) should be declared external
realestate.getDealById (/sb/0x21ef3d6663a7468200a9c671526986f7e12682a8.sol#243-264) should be declared external
realestate.getDealDataByNumber (/sb/0x21ef3d6663a7468200a9c671526986f7e12682a8.sol#264-275) should be declared external
realestate.addDeal (/sb/0x21ef3d6663a7468200a9c671526986f7e12682a8.sol#278-336) should be declared external
realestate.signBuyer (/sb/0x21ef3d6663a7468200a9c671526986f7e12682a8.sol#337-357) should be declared external
realestate.signSeller (/sb/0x21ef3d6663a7468200a9c671526986f7e12682a8.sol#358-369) should be declared external
realestate.finishDeal (/sb/0x21ef3d6663a7468200a9c671526986f7e12682a8.sol#420-464) should be declared external
realestate.cancelDeal (/sb/0x21ef3d6663a7468200a9c671526986f7e12682a8.sol) should be declared external
Reference: https://github.com/trailofbits/slither/wiki/Detectors-Documentation#public-function-that-could-be-declared-as-external[0m
INFO:Detectors:[92m
Contract 'realestate' (/sb/0x21ef3d6663a7468200a9c671526986f7e12682a8.sol#95-464) is not in CapWords
Struct 'realestate._sdeal' (/sb/0x21ef3d6663a7468200a9c671526986f7e12682a8.sol#103-129) is not in CapWords
Struct 'realestate._sSigns' (/sb/0x21ef3d6663a7468200a9c671526986f7e12682a8.sol#129-133) is not in CapWords
Parameter '_agencyReceiver' of realestate.changeAgencyReceiver (/sb/0x21ef3d6663a7468200a9c671526986f7e12682a8.sol#188) is not in mixedCase
Parameter '_dealNumber' of realestate.getSigns (/sb/0x21ef3d6663a7468200a9c671526986f7e12682a8.sol#203) is not in mixedCase
Parameter '_dealNumber' of realestate.getDealByNumber (/sb/0x21ef3d6663a7468200a9c671526986f7e12682a8.sol#217-218) is not in mixedCase
Parameter '_dealNumber' of realestate.getDealDataByNumber (/sb/0x21ef3d6663a7468200a9c671526986f7e12682a8.sol#264) is not in mixedCase
Parameter '_dealNumber' of realestate.addDeal (/sb/0x21ef3d6663a7468200a9c671526986f7e12682a8.sol#284) is not in mixedCase
Parameter '_dealNumber' of realestate.signBuyer (/sb/0x21ef3d6663a7468200a9c671526986f7e12682a8.sol#337-339) is not in mixedCase
Parameter '_dealNumber' of realestate.signSeller (/sb/0x21ef3d6663a7468200a9c671526986f7e12682a8.sol#358-360) is not in mixedCase
Parameter '_dealNumber' of realestate.finishDeal (/sb/0x21ef3d6663a7468200a9c671526986f7e12682a8.sol#421-422) is not in mixedCase
Parameter '_dealNumber' of realestate.cancelDeal (/sb/0x21ef3d6663a7468200a9c671526986f7e12682a8.sol) is not in mixedCase
Enum 'realestate.statuses' (/sb/0x21ef3d6663a7468200a9c671526986f7e12682a8.sol#100-103) is not in CapWords
Reference: https://github.com/trailofbits/slither/wiki/Detectors-Documentation#conformance-to-solidity-naming-conventions[0m
INFO:Slither:/sb/0x21ef3d6663a7468200a9c671526986f7e12682a8.sol analyzed (3 contracts), 29 result(s) found
