INFO:Slither:Compilation warnings/errors on /sb/0x42cdb3b7a8014fb65c51dd46d37fe43b443d8582.sol:
/sb/0x42cdb3b7a8014fb65c51dd46d37fe43b443d8582.sol:19:5: Warning: Defining constructors as functions with the same name as the contract is deprecated. Use "constructor(...) { ... }" instead.
    function Ownable() public {
    ^ (Relevant source part starts here and spans across multiple lines).
/sb/0x42cdb3b7a8014fb65c51dd46d37fe43b443d8582.sol:189:42: Warning: Unused function parameter. Remove or comment out the variable name to silence this warning.
    function transferFrom(address _from, address _to, uint256 _value) public returns (bool) {
                                         ^---------^

INFO:Detectors:[92m
Token.assigner should be constant (/sb/0x42cdb3b7a8014fb65c51dd46d37fe43b443d8582.sol#291)
Reference: https://github.com/trailofbits/slither/wiki/Detectors-Documentation#state-variables-that-could-be-declared-constant[0m
INFO:Detectors:[92m
Ownable.transferOwnership (/sb/0x42cdb3b7a8014fb65c51dd46d37fe43b443d8582.sol#35-46) should be declared external
ERC20Basic.totalSupply (/sb/0x42cdb3b7a8014fb65c51dd46d37fe43b443d8582.sol#99-101) should be declared external
BasicToken.totalSupply (/sb/0x42cdb3b7a8014fb65c51dd46d37fe43b443d8582.sol#128-130) should be declared external
ERC20Basic.balanceOf (/sb/0x42cdb3b7a8014fb65c51dd46d37fe43b443d8582.sol#101-103) should be declared external
BasicToken.balanceOf (/sb/0x42cdb3b7a8014fb65c51dd46d37fe43b443d8582.sol#157-160) should be declared external
Token.transfer (/sb/0x42cdb3b7a8014fb65c51dd46d37fe43b443d8582.sol#409-413) should be declared external
BasicToken.transfer (/sb/0x42cdb3b7a8014fb65c51dd46d37fe43b443d8582.sol#134-145) should be declared external
ERC20Basic.transfer (/sb/0x42cdb3b7a8014fb65c51dd46d37fe43b443d8582.sol#103-110) should be declared external
ERC20.allowance (/sb/0x42cdb3b7a8014fb65c51dd46d37fe43b443d8582.sol#162-164) should be declared external
StandardToken.allowance (/sb/0x42cdb3b7a8014fb65c51dd46d37fe43b443d8582.sol#224-227) should be declared external
ERC20.approve (/sb/0x42cdb3b7a8014fb65c51dd46d37fe43b443d8582.sol#171-174) should be declared external
StandardToken.approve (/sb/0x42cdb3b7a8014fb65c51dd46d37fe43b443d8582.sol#213-216) should be declared external
StandardToken.increaseApproval (/sb/0x42cdb3b7a8014fb65c51dd46d37fe43b443d8582.sol#235-243) should be declared external
StandardToken.decreaseApproval (/sb/0x42cdb3b7a8014fb65c51dd46d37fe43b443d8582.sol#253-267) should be declared external
Token.getamount (/sb/0x42cdb3b7a8014fb65c51dd46d37fe43b443d8582.sol#417-420) should be declared external
Token.txRecordCount (/sb/0x42cdb3b7a8014fb65c51dd46d37fe43b443d8582.sol#502-504) should be declared external
Reference: https://github.com/trailofbits/slither/wiki/Detectors-Documentation#public-function-that-could-be-declared-as-external[0m
INFO:Detectors:[92m
Detected issues with version pragma in /sb/0x42cdb3b7a8014fb65c51dd46d37fe43b443d8582.sol:
	- pragma solidity0.4.23 (/sb/0x42cdb3b7a8014fb65c51dd46d37fe43b443d8582.sol#1): it allows old versions
Reference: https://github.com/trailofbits/slither/wiki/Detectors-Documentation#incorrect-version-of-solidity[0m
INFO:Detectors:[92m
Function 'Ownable.Ownable' (/sb/0x42cdb3b7a8014fb65c51dd46d37fe43b443d8582.sol#19-24) is not in mixedCase
Parameter '_owner' of BasicToken.balanceOf (/sb/0x42cdb3b7a8014fb65c51dd46d37fe43b443d8582.sol#157) is not in mixedCase
Parameter '_to' of BasicToken.transfer (/sb/0x42cdb3b7a8014fb65c51dd46d37fe43b443d8582.sol#134-136) is not in mixedCase
Parameter '_value' of BasicToken.transfer (/sb/0x42cdb3b7a8014fb65c51dd46d37fe43b443d8582.sol#136) is not in mixedCase
Parameter '_owner' of StandardToken.allowance (/sb/0x42cdb3b7a8014fb65c51dd46d37fe43b443d8582.sol#226) is not in mixedCase
Parameter '_spender' of StandardToken.allowance (/sb/0x42cdb3b7a8014fb65c51dd46d37fe43b443d8582.sol#226) is not in mixedCase
Parameter '_from' of StandardToken.transferFrom (/sb/0x42cdb3b7a8014fb65c51dd46d37fe43b443d8582.sol#193) is not in mixedCase
Parameter '_value' of StandardToken.transferFrom (/sb/0x42cdb3b7a8014fb65c51dd46d37fe43b443d8582.sol#193) is not in mixedCase
Parameter '_spender' of StandardToken.approve (/sb/0x42cdb3b7a8014fb65c51dd46d37fe43b443d8582.sol#214) is not in mixedCase
Parameter '_value' of StandardToken.approve (/sb/0x42cdb3b7a8014fb65c51dd46d37fe43b443d8582.sol#214) is not in mixedCase
Parameter '_spender' of StandardToken.increaseApproval (/sb/0x42cdb3b7a8014fb65c51dd46d37fe43b443d8582.sol#236-237) is not in mixedCase
Parameter '_addedValue' of StandardToken.increaseApproval (/sb/0x42cdb3b7a8014fb65c51dd46d37fe43b443d8582.sol#237-240) is not in mixedCase
Parameter '_spender' of StandardToken.decreaseApproval (/sb/0x42cdb3b7a8014fb65c51dd46d37fe43b443d8582.sol#254) is not in mixedCase
Parameter '_subtractedValue' of StandardToken.decreaseApproval (/sb/0x42cdb3b7a8014fb65c51dd46d37fe43b443d8582.sol#254) is not in mixedCase
Parameter '_to' of Token.transfer (/sb/0x42cdb3b7a8014fb65c51dd46d37fe43b443d8582.sol#409) is not in mixedCase
Parameter '_value' of Token.transfer (/sb/0x42cdb3b7a8014fb65c51dd46d37fe43b443d8582.sol#409-410) is not in mixedCase
Parameter '_from' of Token.transferFrom (/sb/0x42cdb3b7a8014fb65c51dd46d37fe43b443d8582.sol) is not in mixedCase
Parameter '_to' of Token.transferFrom (/sb/0x42cdb3b7a8014fb65c51dd46d37fe43b443d8582.sol) is not in mixedCase
Parameter '_value' of Token.transferFrom (/sb/0x42cdb3b7a8014fb65c51dd46d37fe43b443d8582.sol) is not in mixedCase
Parameter '_locker' of Token. (/sb/0x42cdb3b7a8014fb65c51dd46d37fe43b443d8582.sol#322-323) is not in mixedCase
Parameter '_newLocker' of Token.transferLocker (/sb/0x42cdb3b7a8014fb65c51dd46d37fe43b443d8582.sol#341) is not in mixedCase
Parameter '_address' of Token.lockAddress (/sb/0x42cdb3b7a8014fb65c51dd46d37fe43b443d8582.sol#354-355) is not in mixedCase
Parameter '_address' of Token.unlockAddress (/sb/0x42cdb3b7a8014fb65c51dd46d37fe43b443d8582.sol#368) is not in mixedCase
Parameter '_addresses' of Token.lockInBatches (/sb/0x42cdb3b7a8014fb65c51dd46d37fe43b443d8582.sol#379) is not in mixedCase
Parameter '_addresses' of Token.unlockInBatches (/sb/0x42cdb3b7a8014fb65c51dd46d37fe43b443d8582.sol#392) is not in mixedCase
Parameter '_address' of Token.isLocked (/sb/0x42cdb3b7a8014fb65c51dd46d37fe43b443d8582.sol#406) is not in mixedCase
Parameter '_to' of Token.transferL (/sb/0x42cdb3b7a8014fb65c51dd46d37fe43b443d8582.sol#413-414) is not in mixedCase
Parameter '_value' of Token.transferL (/sb/0x42cdb3b7a8014fb65c51dd46d37fe43b443d8582.sol#414) is not in mixedCase
Parameter '_from' of Token.payop (/sb/0x42cdb3b7a8014fb65c51dd46d37fe43b443d8582.sol#421) is not in mixedCase
Parameter '_to' of Token.recop (/sb/0x42cdb3b7a8014fb65c51dd46d37fe43b443d8582.sol#443) is not in mixedCase
Parameter '_value' of Token.recop (/sb/0x42cdb3b7a8014fb65c51dd46d37fe43b443d8582.sol#443) is not in mixedCase
Parameter '_from' of Token.transferFT (/sb/0x42cdb3b7a8014fb65c51dd46d37fe43b443d8582.sol#494) is not in mixedCase
Parameter '_to' of Token.transferFT (/sb/0x42cdb3b7a8014fb65c51dd46d37fe43b443d8582.sol#494) is not in mixedCase
Parameter '_value' of Token.transferFT (/sb/0x42cdb3b7a8014fb65c51dd46d37fe43b443d8582.sol#494-498) is not in mixedCase
Reference: https://github.com/trailofbits/slither/wiki/Detectors-Documentation#conformance-to-solidity-naming-conventions[0m
INFO:Slither:/sb/0x42cdb3b7a8014fb65c51dd46d37fe43b443d8582.sol analyzed (7 contracts), 52 result(s) found
