INFO:Slither:Compilation warnings/errors on /sb/0x114ffec3f9bb44694051b61806b4da2793a2efcf.sol:
/sb/0x114ffec3f9bb44694051b61806b4da2793a2efcf.sol:71:5: Warning: Defining constructors as functions with the same name as the contract is deprecated. Use "constructor(...) { ... }" instead.
    function ETTOKEN() public {
    ^ (Relevant source part starts here and spans across multiple lines).

INFO:Detectors:[92m
StandardToken.balanceOf (/sb/0x114ffec3f9bb44694051b61806b4da2793a2efcf.sol#37-40) should be declared external
ERC20.balanceOf (/sb/0x114ffec3f9bb44694051b61806b4da2793a2efcf.sol#25-26) should be declared external
ERC20.transfer (/sb/0x114ffec3f9bb44694051b61806b4da2793a2efcf.sol#26-27) should be declared external
StandardToken.transfer (/sb/0x114ffec3f9bb44694051b61806b4da2793a2efcf.sol#40-47) should be declared external
StandardToken.allowance (/sb/0x114ffec3f9bb44694051b61806b4da2793a2efcf.sol#63-68) should be declared external
ERC20.allowance (/sb/0x114ffec3f9bb44694051b61806b4da2793a2efcf.sol#27-28) should be declared external
ERC20.transferFrom (/sb/0x114ffec3f9bb44694051b61806b4da2793a2efcf.sol#28-29) should be declared external
StandardToken.transferFrom (/sb/0x114ffec3f9bb44694051b61806b4da2793a2efcf.sol#47-57) should be declared external
ERC20.approve (/sb/0x114ffec3f9bb44694051b61806b4da2793a2efcf.sol#29-30) should be declared external
StandardToken.approve (/sb/0x114ffec3f9bb44694051b61806b4da2793a2efcf.sol#57-63) should be declared external
Reference: https://github.com/trailofbits/slither/wiki/Detectors-Documentation#public-function-that-could-be-declared-as-external[0m
INFO:Detectors:[92m
Detected issues with version pragma in /sb/0x114ffec3f9bb44694051b61806b4da2793a2efcf.sol:
	- pragma solidity^0.4.18 (/sb/0x114ffec3f9bb44694051b61806b4da2793a2efcf.sol#1): it allows old versions
Reference: https://github.com/trailofbits/slither/wiki/Detectors-Documentation#incorrect-version-of-solidity[0m
INFO:Detectors:[92m
Parameter '_owner' of StandardToken.balanceOf (/sb/0x114ffec3f9bb44694051b61806b4da2793a2efcf.sol#37) is not in mixedCase
Parameter '_to' of StandardToken.transfer (/sb/0x114ffec3f9bb44694051b61806b4da2793a2efcf.sol#40) is not in mixedCase
Parameter '_value' of StandardToken.transfer (/sb/0x114ffec3f9bb44694051b61806b4da2793a2efcf.sol#41) is not in mixedCase
Parameter '_owner' of StandardToken.allowance (/sb/0x114ffec3f9bb44694051b61806b4da2793a2efcf.sol#63-64) is not in mixedCase
Parameter '_spender' of StandardToken.allowance (/sb/0x114ffec3f9bb44694051b61806b4da2793a2efcf.sol#64) is not in mixedCase
Parameter '_from' of StandardToken.transferFrom (/sb/0x114ffec3f9bb44694051b61806b4da2793a2efcf.sol#47) is not in mixedCase
Parameter '_to' of StandardToken.transferFrom (/sb/0x114ffec3f9bb44694051b61806b4da2793a2efcf.sol#47-48) is not in mixedCase
Parameter '_value' of StandardToken.transferFrom (/sb/0x114ffec3f9bb44694051b61806b4da2793a2efcf.sol#48) is not in mixedCase
Parameter '_spender' of StandardToken.approve (/sb/0x114ffec3f9bb44694051b61806b4da2793a2efcf.sol#57-58) is not in mixedCase
Parameter '_value' of StandardToken.approve (/sb/0x114ffec3f9bb44694051b61806b4da2793a2efcf.sol#58) is not in mixedCase
Function 'ETTOKEN.ETTOKEN' (/sb/0x114ffec3f9bb44694051b61806b4da2793a2efcf.sol#72-75) is not in mixedCase
Reference: https://github.com/trailofbits/slither/wiki/Detectors-Documentation#conformance-to-solidity-naming-conventions[0m
INFO:Slither:/sb/0x114ffec3f9bb44694051b61806b4da2793a2efcf.sol analyzed (4 contracts), 22 result(s) found
