INFO:Slither:Compilation warnings/errors on /sb/0x114dd22f944cd914be44b0d1297c8ebadbef675e.sol:
/sb/0x114dd22f944cd914be44b0d1297c8ebadbef675e.sol:141:3: Warning: Defining constructors as functions with the same name as the contract is deprecated. Use "constructor(...) { ... }" instead.
  function Ownable() {
  ^ (Relevant source part starts here and spans across multiple lines).
/sb/0x114dd22f944cd914be44b0d1297c8ebadbef675e.sol:233:5: Warning: Defining constructors as functions with the same name as the contract is deprecated. Use "constructor(...) { ... }" instead.
    function CMTC() {
    ^ (Relevant source part starts here and spans across multiple lines).
/sb/0x114dd22f944cd914be44b0d1297c8ebadbef675e.sol:57:5: Warning: Invoking events without "emit" prefix is deprecated.
    Transfer(msg.sender, _to, _value);
    ^-------------------------------^
/sb/0x114dd22f944cd914be44b0d1297c8ebadbef675e.sol:101:5: Warning: Invoking events without "emit" prefix is deprecated.
    Transfer(_from, _to, _value);
    ^--------------------------^
/sb/0x114dd22f944cd914be44b0d1297c8ebadbef675e.sol:116:5: Warning: Invoking events without "emit" prefix is deprecated.
    Approval(msg.sender, _spender, _value);
    ^------------------------------------^
/sb/0x114dd22f944cd914be44b0d1297c8ebadbef675e.sol:157:5: Warning: Invoking events without "emit" prefix is deprecated.
    OwnershipTransferred(owner, newOwner);
    ^-----------------------------------^
/sb/0x114dd22f944cd914be44b0d1297c8ebadbef675e.sol:188:5: Warning: Invoking events without "emit" prefix is deprecated.
    Pause();
    ^-----^
/sb/0x114dd22f944cd914be44b0d1297c8ebadbef675e.sol:195:5: Warning: Invoking events without "emit" prefix is deprecated.
    Unpause();
    ^-------^
/sb/0x114dd22f944cd914be44b0d1297c8ebadbef675e.sol:236:4: Warning: Invoking events without "emit" prefix is deprecated.
	  Transfer(address(0),0x79923f31846708AEB3080d53A8FFd8175acb4AF8, totalSupply);
	  ^--------------------------------------------------------------------------^
/sb/0x114dd22f944cd914be44b0d1297c8ebadbef675e.sol:141:3: Warning: No visibility specified. Defaulting to "public". 
  function Ownable() {
  ^ (Relevant source part starts here and spans across multiple lines).
/sb/0x114dd22f944cd914be44b0d1297c8ebadbef675e.sol:233:5: Warning: No visibility specified. Defaulting to "public". 
    function CMTC() {
    ^ (Relevant source part starts here and spans across multiple lines).
/sb/0x114dd22f944cd914be44b0d1297c8ebadbef675e.sol:238:5: Warning: No visibility specified. Defaulting to "public". 
    function () {
    ^ (Relevant source part starts here and spans across multiple lines).
/sb/0x114dd22f944cd914be44b0d1297c8ebadbef675e.sol:7:3: Warning: Function state mutability can be restricted to pure
  function mul(uint256 a, uint256 b) internal constant returns (uint256) {
  ^ (Relevant source part starts here and spans across multiple lines).
/sb/0x114dd22f944cd914be44b0d1297c8ebadbef675e.sol:12:3: Warning: Function state mutability can be restricted to pure
  function div(uint256 a, uint256 b) internal constant returns (uint256) {
  ^ (Relevant source part starts here and spans across multiple lines).
/sb/0x114dd22f944cd914be44b0d1297c8ebadbef675e.sol:18:3: Warning: Function state mutability can be restricted to pure
  function sub(uint256 a, uint256 b) internal constant returns (uint256) {
  ^ (Relevant source part starts here and spans across multiple lines).
/sb/0x114dd22f944cd914be44b0d1297c8ebadbef675e.sol:22:3: Warning: Function state mutability can be restricted to pure
  function add(uint256 a, uint256 b) internal constant returns (uint256) {
  ^ (Relevant source part starts here and spans across multiple lines).

INFO:Detectors:[92m
CMTC.decimals should be constant (/sb/0x114dd22f944cd914be44b0d1297c8ebadbef675e.sol#235)
CMTC.name should be constant (/sb/0x114dd22f944cd914be44b0d1297c8ebadbef675e.sol#231-233)
CMTC.symbol should be constant (/sb/0x114dd22f944cd914be44b0d1297c8ebadbef675e.sol#234)
CMTC.version should be constant (/sb/0x114dd22f944cd914be44b0d1297c8ebadbef675e.sol#234-235)
Reference: https://github.com/trailofbits/slither/wiki/Detectors-Documentation#state-variables-that-could-be-declared-constant[0m
INFO:Detectors:[92m
BasicToken.balanceOf (/sb/0x114dd22f944cd914be44b0d1297c8ebadbef675e.sol#65-71) should be declared external
ERC20Basic.balanceOf (/sb/0x114dd22f944cd914be44b0d1297c8ebadbef675e.sol#35-36) should be declared external
StandardToken.allowance (/sb/0x114dd22f944cd914be44b0d1297c8ebadbef675e.sol#126-132) should be declared external
ERC20.allowance (/sb/0x114dd22f944cd914be44b0d1297c8ebadbef675e.sol#74-75) should be declared external
Ownable.transferOwnership (/sb/0x114dd22f944cd914be44b0d1297c8ebadbef675e.sol#158-166) should be declared external
Pausable.pause (/sb/0x114dd22f944cd914be44b0d1297c8ebadbef675e.sol#193-199) should be declared external
Pausable.unpause (/sb/0x114dd22f944cd914be44b0d1297c8ebadbef675e.sol#203-204) should be declared external
CMTC.fallback (/sb/0x114dd22f944cd914be44b0d1297c8ebadbef675e.sol) should be declared external
Reference: https://github.com/trailofbits/slither/wiki/Detectors-Documentation#public-function-that-could-be-declared-as-external[0m
INFO:Detectors:[92m
Detected issues with version pragma in /sb/0x114dd22f944cd914be44b0d1297c8ebadbef675e.sol:
	- pragma solidity^0.4.16 (/sb/0x114dd22f944cd914be44b0d1297c8ebadbef675e.sol#1): it allows old versions
Reference: https://github.com/trailofbits/slither/wiki/Detectors-Documentation#incorrect-version-of-solidity[0m
INFO:Detectors:[92m
Parameter '_owner' of BasicToken.balanceOf (/sb/0x114dd22f944cd914be44b0d1297c8ebadbef675e.sol#66) is not in mixedCase
Parameter '_to' of BasicToken.transfer (/sb/0x114dd22f944cd914be44b0d1297c8ebadbef675e.sol#51-52) is not in mixedCase
Parameter '_value' of BasicToken.transfer (/sb/0x114dd22f944cd914be44b0d1297c8ebadbef675e.sol#52) is not in mixedCase
Parameter '_owner' of StandardToken.allowance (/sb/0x114dd22f944cd914be44b0d1297c8ebadbef675e.sol#129-130) is not in mixedCase
Parameter '_spender' of StandardToken.allowance (/sb/0x114dd22f944cd914be44b0d1297c8ebadbef675e.sol#130-131) is not in mixedCase
Parameter '_from' of StandardToken.transferFrom (/sb/0x114dd22f944cd914be44b0d1297c8ebadbef675e.sol#95-96) is not in mixedCase
Parameter '_to' of StandardToken.transferFrom (/sb/0x114dd22f944cd914be44b0d1297c8ebadbef675e.sol#96) is not in mixedCase
Parameter '_value' of StandardToken.transferFrom (/sb/0x114dd22f944cd914be44b0d1297c8ebadbef675e.sol#96) is not in mixedCase
Parameter '_spender' of StandardToken.approve (/sb/0x114dd22f944cd914be44b0d1297c8ebadbef675e.sol#116) is not in mixedCase
Parameter '_value' of StandardToken.approve (/sb/0x114dd22f944cd914be44b0d1297c8ebadbef675e.sol#116) is not in mixedCase
Function 'Ownable.Ownable' (/sb/0x114dd22f944cd914be44b0d1297c8ebadbef675e.sol#147-149) is not in mixedCase
Parameter '_to' of PausableToken.transfer (/sb/0x114dd22f944cd914be44b0d1297c8ebadbef675e.sol#207) is not in mixedCase
Parameter '_value' of PausableToken.transfer (/sb/0x114dd22f944cd914be44b0d1297c8ebadbef675e.sol#207-208) is not in mixedCase
Parameter '_from' of PausableToken.transferFrom (/sb/0x114dd22f944cd914be44b0d1297c8ebadbef675e.sol#210) is not in mixedCase
Parameter '_to' of PausableToken.transferFrom (/sb/0x114dd22f944cd914be44b0d1297c8ebadbef675e.sol#210-211) is not in mixedCase
Parameter '_value' of PausableToken.transferFrom (/sb/0x114dd22f944cd914be44b0d1297c8ebadbef675e.sol#211) is not in mixedCase
Parameter '_spender' of PausableToken.approve (/sb/0x114dd22f944cd914be44b0d1297c8ebadbef675e.sol#217-219) is not in mixedCase
Parameter '_value' of PausableToken.approve (/sb/0x114dd22f944cd914be44b0d1297c8ebadbef675e.sol#219) is not in mixedCase
Function 'CMTC.CMTC' (/sb/0x114dd22f944cd914be44b0d1297c8ebadbef675e.sol#236-242) is not in mixedCase
Reference: https://github.com/trailofbits/slither/wiki/Detectors-Documentation#conformance-to-solidity-naming-conventions[0m
INFO:Slither:/sb/0x114dd22f944cd914be44b0d1297c8ebadbef675e.sol analyzed (9 contracts), 29 result(s) found
