INFO:Detectors:[92m
Token.releasedAmount should be constant (/sb/0xfff1a80358db33689d9d535e07565b83c2af9da2.sol#424-426)
Reference: https://github.com/trailofbits/slither/wiki/Detectors-Documentation#state-variables-that-could-be-declared-constant[0m
INFO:Detectors:[92m
Ownable.renounceOwnership (/sb/0xfff1a80358db33689d9d535e07565b83c2af9da2.sol#84-89) should be declared external
Ownable.transferOwnership (/sb/0xfff1a80358db33689d9d535e07565b83c2af9da2.sol#93-98) should be declared external
Pausable.pause (/sb/0xfff1a80358db33689d9d535e07565b83c2af9da2.sol#140-143) should be declared external
Pausable.unpause (/sb/0xfff1a80358db33689d9d535e07565b83c2af9da2.sol#150-151) should be declared external
ERC20Basic.totalSupply (/sb/0xfff1a80358db33689d9d535e07565b83c2af9da2.sol#152-153) should be declared external
BasicToken.totalSupply (/sb/0xfff1a80358db33689d9d535e07565b83c2af9da2.sol#190-192) should be declared external
BasicToken.balanceOf (/sb/0xfff1a80358db33689d9d535e07565b83c2af9da2.sol#216-221) should be declared external
ERC20Basic.balanceOf (/sb/0xfff1a80358db33689d9d535e07565b83c2af9da2.sol#153-157) should be declared external
StandardToken.allowance (/sb/0xfff1a80358db33689d9d535e07565b83c2af9da2.sol#278-280) should be declared external
ERC20.allowance (/sb/0xfff1a80358db33689d9d535e07565b83c2af9da2.sol#162-164) should be declared external
TokenDestructible.destroy (/sb/0xfff1a80358db33689d9d535e07565b83c2af9da2.sol#413-416) should be declared external
Reference: https://github.com/trailofbits/slither/wiki/Detectors-Documentation#public-function-that-could-be-declared-as-external[0m
INFO:Detectors:[92m
Parameter '_newOwner' of Ownable.transferOwnership (/sb/0xfff1a80358db33689d9d535e07565b83c2af9da2.sol#97) is not in mixedCase
Function 'Ownable._transferOwnership' (/sb/0xfff1a80358db33689d9d535e07565b83c2af9da2.sol#102-113) is not in mixedCase
Parameter '_newOwner' of Ownable._transferOwnership (/sb/0xfff1a80358db33689d9d535e07565b83c2af9da2.sol#102) is not in mixedCase
Parameter '_owner' of BasicToken.balanceOf (/sb/0xfff1a80358db33689d9d535e07565b83c2af9da2.sol#219-220) is not in mixedCase
Parameter '_to' of BasicToken.transfer (/sb/0xfff1a80358db33689d9d535e07565b83c2af9da2.sol#196-197) is not in mixedCase
Parameter '_value' of BasicToken.transfer (/sb/0xfff1a80358db33689d9d535e07565b83c2af9da2.sol#197) is not in mixedCase
Parameter '_owner' of StandardToken.allowance (/sb/0xfff1a80358db33689d9d535e07565b83c2af9da2.sol#278) is not in mixedCase
Parameter '_spender' of StandardToken.allowance (/sb/0xfff1a80358db33689d9d535e07565b83c2af9da2.sol#279) is not in mixedCase
Parameter '_from' of StandardToken.transferFrom (/sb/0xfff1a80358db33689d9d535e07565b83c2af9da2.sol#237) is not in mixedCase
Parameter '_to' of StandardToken.transferFrom (/sb/0xfff1a80358db33689d9d535e07565b83c2af9da2.sol#237) is not in mixedCase
Parameter '_value' of StandardToken.transferFrom (/sb/0xfff1a80358db33689d9d535e07565b83c2af9da2.sol#237-238) is not in mixedCase
Parameter '_spender' of StandardToken.approve (/sb/0xfff1a80358db33689d9d535e07565b83c2af9da2.sol#260-261) is not in mixedCase
Parameter '_value' of StandardToken.approve (/sb/0xfff1a80358db33689d9d535e07565b83c2af9da2.sol#261) is not in mixedCase
Parameter '_spender' of StandardToken.increaseApproval (/sb/0xfff1a80358db33689d9d535e07565b83c2af9da2.sol#299) is not in mixedCase
Parameter '_addedValue' of StandardToken.increaseApproval (/sb/0xfff1a80358db33689d9d535e07565b83c2af9da2.sol#299) is not in mixedCase
Parameter '_spender' of StandardToken.decreaseApproval (/sb/0xfff1a80358db33689d9d535e07565b83c2af9da2.sol#319-320) is not in mixedCase
Parameter '_subtractedValue' of StandardToken.decreaseApproval (/sb/0xfff1a80358db33689d9d535e07565b83c2af9da2.sol#320) is not in mixedCase
Parameter '_to' of PausableToken.transfer (/sb/0xfff1a80358db33689d9d535e07565b83c2af9da2.sol#352) is not in mixedCase
Parameter '_value' of PausableToken.transfer (/sb/0xfff1a80358db33689d9d535e07565b83c2af9da2.sol#353) is not in mixedCase
Parameter '_from' of PausableToken.transferFrom (/sb/0xfff1a80358db33689d9d535e07565b83c2af9da2.sol#363) is not in mixedCase
Parameter '_to' of PausableToken.transferFrom (/sb/0xfff1a80358db33689d9d535e07565b83c2af9da2.sol#364) is not in mixedCase
Parameter '_value' of PausableToken.transferFrom (/sb/0xfff1a80358db33689d9d535e07565b83c2af9da2.sol#364-365) is not in mixedCase
Parameter '_spender' of PausableToken.approve (/sb/0xfff1a80358db33689d9d535e07565b83c2af9da2.sol#374) is not in mixedCase
Parameter '_value' of PausableToken.approve (/sb/0xfff1a80358db33689d9d535e07565b83c2af9da2.sol#375) is not in mixedCase
Parameter '_spender' of PausableToken.increaseApproval (/sb/0xfff1a80358db33689d9d535e07565b83c2af9da2.sol#382-387) is not in mixedCase
Parameter '_addedValue' of PausableToken.increaseApproval (/sb/0xfff1a80358db33689d9d535e07565b83c2af9da2.sol#387) is not in mixedCase
Parameter '_spender' of PausableToken.decreaseApproval (/sb/0xfff1a80358db33689d9d535e07565b83c2af9da2.sol#393) is not in mixedCase
Parameter '_subtractedValue' of PausableToken.decreaseApproval (/sb/0xfff1a80358db33689d9d535e07565b83c2af9da2.sol#394) is not in mixedCase
Parameter '_totalSupply' of Token. (/sb/0xfff1a80358db33689d9d535e07565b83c2af9da2.sol) is not in mixedCase
Parameter '_decimals' of Token. (/sb/0xfff1a80358db33689d9d535e07565b83c2af9da2.sol) is not in mixedCase
Parameter '_name' of Token. (/sb/0xfff1a80358db33689d9d535e07565b83c2af9da2.sol) is not in mixedCase
Parameter '_symbol' of Token. (/sb/0xfff1a80358db33689d9d535e07565b83c2af9da2.sol) is not in mixedCase
Reference: https://github.com/trailofbits/slither/wiki/Detectors-Documentation#conformance-to-solidity-naming-conventions[0m
INFO:Detectors:[92m
Token.releasedAmount (/sb/0xfff1a80358db33689d9d535e07565b83c2af9da2.sol#424-426) is never used in Token
Reference: https://github.com/trailofbits/slither/wiki/Detectors-Documentation#unused-state-variables[0m
INFO:Slither:/sb/0xfff1a80358db33689d9d535e07565b83c2af9da2.sol analyzed (10 contracts), 45 result(s) found
