INFO:Detectors:[93m
AddressUtils.isContract (/sb/0xb57756d92bd170a66b4f361eafbfd13e625372c2.sol#410-431) is declared view but contains assembly code
Reference: https://github.com/trailofbits/slither/wiki/Detectors-Documentation#constant-functions-changing-the-state[0m
INFO:Detectors:[93m
ERC721 (/sb/0xb57756d92bd170a66b4f361eafbfd13e625372c2.sol#56-225) has incorrect ERC20 function interface(s):
	-transferFrom (/sb/0xb57756d92bd170a66b4f361eafbfd13e625372c2.sol#165-166)
	-approve (/sb/0xb57756d92bd170a66b4f361eafbfd13e625372c2.sol#178-180)
NFToken (/sb/0xb57756d92bd170a66b4f361eafbfd13e625372c2.sol#506-970) has incorrect ERC20 function interface(s):
	-transferFrom (/sb/0xb57756d92bd170a66b4f361eafbfd13e625372c2.sol#718-733)
	-approve (/sb/0xb57756d92bd170a66b4f361eafbfd13e625372c2.sol#739-752)
Reference: https://github.com/trailofbits/slither/wiki/Detectors-Documentation#incorrect-erc20-interface[0m
INFO:Detectors:[92m
PausableXcert.canTransfer.owner (local variable @ /sb/0xb57756d92bd170a66b4f361eafbfd13e625372c2.sol) shadows:
	- Ownable.owner (state variable @ /sb/0xb57756d92bd170a66b4f361eafbfd13e625372c2.sol#353)
Reference: https://github.com/trailofbits/slither/wiki/Detectors-Documentation#local-variable-shadowing[0m
INFO:Detectors:[92m
AddressUtils.isContract uses assembly (/sb/0xb57756d92bd170a66b4f361eafbfd13e625372c2.sol#410-431)
	- /sb/0xb57756d92bd170a66b4f361eafbfd13e625372c2.sol#428-431
Reference: https://github.com/trailofbits/slither/wiki/Detectors-Documentation#assembly-usage[0m
INFO:Detectors:[92m
Ownable.transferOwnership (/sb/0xb57756d92bd170a66b4f361eafbfd13e625372c2.sol#394-406) should be declared external
Xcert.tokenDataValue (/sb/0xb57756d92bd170a66b4f361eafbfd13e625372c2.sol#1442-1452) should be declared external
Reference: https://github.com/trailofbits/slither/wiki/Detectors-Documentation#public-function-that-could-be-declared-as-external[0m
INFO:Detectors:[92m
Parameter '_a' of SafeMath.mul (/sb/0xb57756d92bd170a66b4f361eafbfd13e625372c2.sol#277-278) is not in mixedCase
Parameter '_b' of SafeMath.mul (/sb/0xb57756d92bd170a66b4f361eafbfd13e625372c2.sol#278) is not in mixedCase
Parameter '_a' of SafeMath.div (/sb/0xb57756d92bd170a66b4f361eafbfd13e625372c2.sol#295-296) is not in mixedCase
Parameter '_b' of SafeMath.div (/sb/0xb57756d92bd170a66b4f361eafbfd13e625372c2.sol#296) is not in mixedCase
Parameter '_a' of SafeMath.sub (/sb/0xb57756d92bd170a66b4f361eafbfd13e625372c2.sol#322-323) is not in mixedCase
Parameter '_b' of SafeMath.sub (/sb/0xb57756d92bd170a66b4f361eafbfd13e625372c2.sol#323-324) is not in mixedCase
Parameter '_a' of SafeMath.add (/sb/0xb57756d92bd170a66b4f361eafbfd13e625372c2.sol#336) is not in mixedCase
Parameter '_b' of SafeMath.add (/sb/0xb57756d92bd170a66b4f361eafbfd13e625372c2.sol#336) is not in mixedCase
Parameter '_newOwner' of Ownable.transferOwnership (/sb/0xb57756d92bd170a66b4f361eafbfd13e625372c2.sol#394) is not in mixedCase
Parameter '_interfaceID' of SupportsInterface.supportsInterface (/sb/0xb57756d92bd170a66b4f361eafbfd13e625372c2.sol#496) is not in mixedCase
Parameter '_owner' of NFToken.balanceOf (/sb/0xb57756d92bd170a66b4f361eafbfd13e625372c2.sol#645) is not in mixedCase
Parameter '_tokenId' of NFToken.ownerOf (/sb/0xb57756d92bd170a66b4f361eafbfd13e625372c2.sol#649) is not in mixedCase
Parameter '_from' of NFToken.safeTransferFrom (/sb/0xb57756d92bd170a66b4f361eafbfd13e625372c2.sol#682-685) is not in mixedCase
Parameter '_to' of NFToken.safeTransferFrom (/sb/0xb57756d92bd170a66b4f361eafbfd13e625372c2.sol#685) is not in mixedCase
Parameter '_tokenId' of NFToken.safeTransferFrom (/sb/0xb57756d92bd170a66b4f361eafbfd13e625372c2.sol#685) is not in mixedCase
Parameter '_data' of NFToken.safeTransferFrom (/sb/0xb57756d92bd170a66b4f361eafbfd13e625372c2.sol#685) is not in mixedCase
Parameter '_from' of NFToken.safeTransferFrom (/sb/0xb57756d92bd170a66b4f361eafbfd13e625372c2.sol#695) is not in mixedCase
Parameter '_to' of NFToken.safeTransferFrom (/sb/0xb57756d92bd170a66b4f361eafbfd13e625372c2.sol#696) is not in mixedCase
Parameter '_tokenId' of NFToken.safeTransferFrom (/sb/0xb57756d92bd170a66b4f361eafbfd13e625372c2.sol#697) is not in mixedCase
Parameter '_from' of NFToken.transferFrom (/sb/0xb57756d92bd170a66b4f361eafbfd13e625372c2.sol#719-720) is not in mixedCase
Parameter '_to' of NFToken.transferFrom (/sb/0xb57756d92bd170a66b4f361eafbfd13e625372c2.sol#721-722) is not in mixedCase
Parameter '_tokenId' of NFToken.transferFrom (/sb/0xb57756d92bd170a66b4f361eafbfd13e625372c2.sol#722-723) is not in mixedCase
Parameter '_approved' of NFToken.approve (/sb/0xb57756d92bd170a66b4f361eafbfd13e625372c2.sol#739-740) is not in mixedCase
Parameter '_tokenId' of NFToken.approve (/sb/0xb57756d92bd170a66b4f361eafbfd13e625372c2.sol#740-741) is not in mixedCase
Parameter '_operator' of NFToken.setApprovalForAll (/sb/0xb57756d92bd170a66b4f361eafbfd13e625372c2.sol#769-770) is not in mixedCase
Parameter '_approved' of NFToken.setApprovalForAll (/sb/0xb57756d92bd170a66b4f361eafbfd13e625372c2.sol#771) is not in mixedCase
Parameter '_tokenId' of NFToken.getApproved (/sb/0xb57756d92bd170a66b4f361eafbfd13e625372c2.sol#788-789) is not in mixedCase
Parameter '_owner' of NFToken.isApprovedForAll (/sb/0xb57756d92bd170a66b4f361eafbfd13e625372c2.sol#805) is not in mixedCase
Parameter '_operator' of NFToken.isApprovedForAll (/sb/0xb57756d92bd170a66b4f361eafbfd13e625372c2.sol#805-807) is not in mixedCase
Function 'NFToken._safeTransferFrom' (/sb/0xb57756d92bd170a66b4f361eafbfd13e625372c2.sol#825-840) is not in mixedCase
Parameter '_from' of NFToken._safeTransferFrom (/sb/0xb57756d92bd170a66b4f361eafbfd13e625372c2.sol#827) is not in mixedCase
Parameter '_to' of NFToken._safeTransferFrom (/sb/0xb57756d92bd170a66b4f361eafbfd13e625372c2.sol#827-828) is not in mixedCase
Parameter '_tokenId' of NFToken._safeTransferFrom (/sb/0xb57756d92bd170a66b4f361eafbfd13e625372c2.sol#828) is not in mixedCase
Parameter '_data' of NFToken._safeTransferFrom (/sb/0xb57756d92bd170a66b4f361eafbfd13e625372c2.sol#829) is not in mixedCase
Function 'NFToken._transfer' (/sb/0xb57756d92bd170a66b4f361eafbfd13e625372c2.sol#850-860) is not in mixedCase
Parameter '_to' of NFToken._transfer (/sb/0xb57756d92bd170a66b4f361eafbfd13e625372c2.sol#852) is not in mixedCase
Parameter '_tokenId' of NFToken._transfer (/sb/0xb57756d92bd170a66b4f361eafbfd13e625372c2.sol#854) is not in mixedCase
Function 'NFToken._mint' (/sb/0xb57756d92bd170a66b4f361eafbfd13e625372c2.sol#875-888) is not in mixedCase
Parameter '_to' of NFToken._mint (/sb/0xb57756d92bd170a66b4f361eafbfd13e625372c2.sol#878) is not in mixedCase
Parameter '_tokenId' of NFToken._mint (/sb/0xb57756d92bd170a66b4f361eafbfd13e625372c2.sol#878) is not in mixedCase
Function 'NFToken._burn' (/sb/0xb57756d92bd170a66b4f361eafbfd13e625372c2.sol#901-910) is not in mixedCase
Parameter '_owner' of NFToken._burn (/sb/0xb57756d92bd170a66b4f361eafbfd13e625372c2.sol#903) is not in mixedCase
Parameter '_tokenId' of NFToken._burn (/sb/0xb57756d92bd170a66b4f361eafbfd13e625372c2.sol#903-904) is not in mixedCase
Parameter '_owner' of NFToken.clearApproval (/sb/0xb57756d92bd170a66b4f361eafbfd13e625372c2.sol#913) is not in mixedCase
Parameter '_tokenId' of NFToken.clearApproval (/sb/0xb57756d92bd170a66b4f361eafbfd13e625372c2.sol#913) is not in mixedCase
Parameter '_from' of NFToken.removeNFToken (/sb/0xb57756d92bd170a66b4f361eafbfd13e625372c2.sol#932-934) is not in mixedCase
Parameter '_tokenId' of NFToken.removeNFToken (/sb/0xb57756d92bd170a66b4f361eafbfd13e625372c2.sol#934-935) is not in mixedCase
Parameter '_to' of NFToken.addNFToken (/sb/0xb57756d92bd170a66b4f361eafbfd13e625372c2.sol#960) is not in mixedCase
Parameter '_tokenId' of NFToken.addNFToken (/sb/0xb57756d92bd170a66b4f361eafbfd13e625372c2.sol#960-962) is not in mixedCase
Function 'NFTokenEnumerable._mint' (/sb/0xb57756d92bd170a66b4f361eafbfd13e625372c2.sol#1016-1018) is not in mixedCase
Parameter '_to' of NFTokenEnumerable._mint (/sb/0xb57756d92bd170a66b4f361eafbfd13e625372c2.sol#1017) is not in mixedCase
Parameter '_tokenId' of NFTokenEnumerable._mint (/sb/0xb57756d92bd170a66b4f361eafbfd13e625372c2.sol#1017) is not in mixedCase
Function 'NFTokenEnumerable._burn' (/sb/0xb57756d92bd170a66b4f361eafbfd13e625372c2.sol#1031-1045) is not in mixedCase
Parameter '_owner' of NFTokenEnumerable._burn (/sb/0xb57756d92bd170a66b4f361eafbfd13e625372c2.sol#1032) is not in mixedCase
Parameter '_tokenId' of NFTokenEnumerable._burn (/sb/0xb57756d92bd170a66b4f361eafbfd13e625372c2.sol#1032) is not in mixedCase
Parameter '_from' of NFTokenEnumerable.removeNFToken (/sb/0xb57756d92bd170a66b4f361eafbfd13e625372c2.sol#1061) is not in mixedCase
Parameter '_tokenId' of NFTokenEnumerable.removeNFToken (/sb/0xb57756d92bd170a66b4f361eafbfd13e625372c2.sol#1061) is not in mixedCase
Parameter '_to' of NFTokenEnumerable.addNFToken (/sb/0xb57756d92bd170a66b4f361eafbfd13e625372c2.sol#1100) is not in mixedCase
Parameter '_tokenId' of NFTokenEnumerable.addNFToken (/sb/0xb57756d92bd170a66b4f361eafbfd13e625372c2.sol#1100-1105) is not in mixedCase
Parameter '_index' of NFTokenEnumerable.tokenByIndex (/sb/0xb57756d92bd170a66b4f361eafbfd13e625372c2.sol#1127) is not in mixedCase
Parameter '_owner' of NFTokenEnumerable.tokenOfOwnerByIndex (/sb/0xb57756d92bd170a66b4f361eafbfd13e625372c2.sol#1141) is not in mixedCase
Parameter '_index' of NFTokenEnumerable.tokenOfOwnerByIndex (/sb/0xb57756d92bd170a66b4f361eafbfd13e625372c2.sol#1141) is not in mixedCase
Function 'NFTokenMetadata._burn' (/sb/0xb57756d92bd170a66b4f361eafbfd13e625372c2.sol#1240-1257) is not in mixedCase
Parameter '_owner' of NFTokenMetadata._burn (/sb/0xb57756d92bd170a66b4f361eafbfd13e625372c2.sol#1241-1242) is not in mixedCase
Parameter '_tokenId' of NFTokenMetadata._burn (/sb/0xb57756d92bd170a66b4f361eafbfd13e625372c2.sol#1242-1244) is not in mixedCase
Parameter '_tokenId' of NFTokenMetadata.tokenURI (/sb/0xb57756d92bd170a66b4f361eafbfd13e625372c2.sol#1293) is not in mixedCase
Function 'NFTokenMetadata._setTokenUri' (/sb/0xb57756d92bd170a66b4f361eafbfd13e625372c2.sol#1272-1279) is not in mixedCase
Parameter '_tokenId' of NFTokenMetadata._setTokenUri (/sb/0xb57756d92bd170a66b4f361eafbfd13e625372c2.sol#1272-1274) is not in mixedCase
Parameter '_uri' of NFTokenMetadata._setTokenUri (/sb/0xb57756d92bd170a66b4f361eafbfd13e625372c2.sol#1275) is not in mixedCase
Parameter '_to' of Xcert.mint (/sb/0xb57756d92bd170a66b4f361eafbfd13e625372c2.sol#1394) is not in mixedCase
Parameter '_id' of Xcert.mint (/sb/0xb57756d92bd170a66b4f361eafbfd13e625372c2.sol#1394-1395) is not in mixedCase
Parameter '_uri' of Xcert.mint (/sb/0xb57756d92bd170a66b4f361eafbfd13e625372c2.sol#1395) is not in mixedCase
Parameter '_proof' of Xcert.mint (/sb/0xb57756d92bd170a66b4f361eafbfd13e625372c2.sol#1395) is not in mixedCase
Parameter '_config' of Xcert.mint (/sb/0xb57756d92bd170a66b4f361eafbfd13e625372c2.sol#1395-1396) is not in mixedCase
Parameter '_data' of Xcert.mint (/sb/0xb57756d92bd170a66b4f361eafbfd13e625372c2.sol#1397) is not in mixedCase
Parameter '_tokenId' of Xcert.tokenProof (/sb/0xb57756d92bd170a66b4f361eafbfd13e625372c2.sol#1426-1427) is not in mixedCase
Parameter '_tokenId' of Xcert.tokenDataValue (/sb/0xb57756d92bd170a66b4f361eafbfd13e625372c2.sol#1445) is not in mixedCase
Parameter '_index' of Xcert.tokenDataValue (/sb/0xb57756d92bd170a66b4f361eafbfd13e625372c2.sol#1445) is not in mixedCase
Parameter '_tokenId' of Xcert.tokenExpirationTime (/sb/0xb57756d92bd170a66b4f361eafbfd13e625372c2.sol#1461) is not in mixedCase
Parameter '_target' of Xcert.setAuthorizedAddress (/sb/0xb57756d92bd170a66b4f361eafbfd13e625372c2.sol#1476-1477) is not in mixedCase
Parameter '_authorized' of Xcert.setAuthorizedAddress (/sb/0xb57756d92bd170a66b4f361eafbfd13e625372c2.sol#1477-1478) is not in mixedCase
Parameter '_target' of Xcert.isAuthorizedAddress (/sb/0xb57756d92bd170a66b4f361eafbfd13e625372c2.sol#1496-1497) is not in mixedCase
Parameter '_tokenId' of MutableXcert.setTokenData (/sb/0xb57756d92bd170a66b4f361eafbfd13e625372c2.sol#1551) is not in mixedCase
Parameter '_data' of MutableXcert.setTokenData (/sb/0xb57756d92bd170a66b4f361eafbfd13e625372c2.sol#1551) is not in mixedCase
Parameter '_isPaused' of PausableXcert.setPause (/sb/0xb57756d92bd170a66b4f361eafbfd13e625372c2.sol) is not in mixedCase
Parameter '_tokenId' of RevokableXcert.revoke (/sb/0xb57756d92bd170a66b4f361eafbfd13e625372c2.sol) is not in mixedCase
Reference: https://github.com/trailofbits/slither/wiki/Detectors-Documentation#conformance-to-solidity-naming-conventions[0m
INFO:Detectors:[92m
NFTokenEnumerable.idToIndex (/sb/0xb57756d92bd170a66b4f361eafbfd13e625372c2.sol#983-987) is never used in KycToken
Reference: https://github.com/trailofbits/slither/wiki/Detectors-Documentation#unused-state-variables[0m
INFO:Slither:/sb/0xb57756d92bd170a66b4f361eafbfd13e625372c2.sol analyzed (17 contracts), 94 result(s) found
