INFO:Slither:Compilation warnings/errors on /sb/0x7b085e7a87f03c5cdee1093dd98819ac5919ad25.sol:
/sb/0x7b085e7a87f03c5cdee1093dd98819ac5919ad25.sol:6:5: Warning: No visibility specified. Defaulting to "public".
    function totalSupply() constant returns (uint supply) {}
    ^------------------------------------------------------^
/sb/0x7b085e7a87f03c5cdee1093dd98819ac5919ad25.sol:10:5: Warning: No visibility specified. Defaulting to "public".
    function balanceOf(address _owner) constant returns (uint balance) {}
    ^-------------------------------------------------------------------^
/sb/0x7b085e7a87f03c5cdee1093dd98819ac5919ad25.sol:16:5: Warning: No visibility specified. Defaulting to "public".
    function transfer(address _to, uint _value) returns (bool success) {}
    ^-------------------------------------------------------------------^
/sb/0x7b085e7a87f03c5cdee1093dd98819ac5919ad25.sol:23:5: Warning: No visibility specified. Defaulting to "public".
    function transferFrom(address _from, address _to, uint _value) returns (bool success) {}
    ^--------------------------------------------------------------------------------------^
/sb/0x7b085e7a87f03c5cdee1093dd98819ac5919ad25.sol:29:5: Warning: No visibility specified. Defaulting to "public".
    function approve(address _spender, uint _value) returns (bool success) {}
    ^-----------------------------------------------------------------------^
/sb/0x7b085e7a87f03c5cdee1093dd98819ac5919ad25.sol:34:5: Warning: No visibility specified. Defaulting to "public".
    function allowance(address _owner, address _spender) constant returns (uint remaining) {}
    ^---------------------------------------------------------------------------------------^
/sb/0x7b085e7a87f03c5cdee1093dd98819ac5919ad25.sol:42:5: Warning: No visibility specified. Defaulting to "public".
    function transfer(address _to, uint _value) returns (bool) {
    ^
Spanning multiple lines.
/sb/0x7b085e7a87f03c5cdee1093dd98819ac5919ad25.sol:51:5: Warning: No visibility specified. Defaulting to "public".
    function transferFrom(address _from, address _to, uint _value) returns (bool) {
    ^
Spanning multiple lines.
/sb/0x7b085e7a87f03c5cdee1093dd98819ac5919ad25.sol:61:5: Warning: No visibility specified. Defaulting to "public".
    function balanceOf(address _owner) constant returns (uint) {
    ^
Spanning multiple lines.
/sb/0x7b085e7a87f03c5cdee1093dd98819ac5919ad25.sol:65:5: Warning: No visibility specified. Defaulting to "public".
    function approve(address _spender, uint _value) returns (bool) {
    ^
Spanning multiple lines.
/sb/0x7b085e7a87f03c5cdee1093dd98819ac5919ad25.sol:71:5: Warning: No visibility specified. Defaulting to "public".
    function allowance(address _owner, address _spender) constant returns (uint) {
    ^
Spanning multiple lines.
/sb/0x7b085e7a87f03c5cdee1093dd98819ac5919ad25.sol:118:5: Warning: No visibility specified. Defaulting to "public".
    function NEBlockchain() {
    ^
Spanning multiple lines.
/sb/0x7b085e7a87f03c5cdee1093dd98819ac5919ad25.sol:6:46: Warning: Unused function parameter. Remove or comment out the variable name to silence this warning.
    function totalSupply() constant returns (uint supply) {}
                                             ^---------^
/sb/0x7b085e7a87f03c5cdee1093dd98819ac5919ad25.sol:10:24: Warning: Unused function parameter. Remove or comment out the variable name to silence this warning.
    function balanceOf(address _owner) constant returns (uint balance) {}
                       ^------------^
/sb/0x7b085e7a87f03c5cdee1093dd98819ac5919ad25.sol:10:58: Warning: Unused function parameter. Remove or comment out the variable name to silence this warning.
    function balanceOf(address _owner) constant returns (uint balance) {}
                                                         ^----------^
/sb/0x7b085e7a87f03c5cdee1093dd98819ac5919ad25.sol:16:23: Warning: Unused function parameter. Remove or comment out the variable name to silence this warning.
    function transfer(address _to, uint _value) returns (bool success) {}
                      ^---------^
/sb/0x7b085e7a87f03c5cdee1093dd98819ac5919ad25.sol:16:36: Warning: Unused function parameter. Remove or comment out the variable name to silence this warning.
    function transfer(address _to, uint _value) returns (bool success) {}
                                   ^---------^
/sb/0x7b085e7a87f03c5cdee1093dd98819ac5919ad25.sol:16:58: Warning: Unused function parameter. Remove or comment out the variable name to silence this warning.
    function transfer(address _to, uint _value) returns (bool success) {}
                                                         ^----------^
/sb/0x7b085e7a87f03c5cdee1093dd98819ac5919ad25.sol:23:27: Warning: Unused function parameter. Remove or comment out the variable name to silence this warning.
    function transferFrom(address _from, address _to, uint _value) returns (bool success) {}
                          ^-----------^
/sb/0x7b085e7a87f03c5cdee1093dd98819ac5919ad25.sol:23:42: Warning: Unused function parameter. Remove or comment out the variable name to silence this warning.
    function transferFrom(address _from, address _to, uint _value) returns (bool success) {}
                                         ^---------^
/sb/0x7b085e7a87f03c5cdee1093dd98819ac5919ad25.sol:23:55: Warning: Unused function parameter. Remove or comment out the variable name to silence this warning.
    function transferFrom(address _from, address _to, uint _value) returns (bool success) {}
                                                      ^---------^
/sb/0x7b085e7a87f03c5cdee1093dd98819ac5919ad25.sol:23:77: Warning: Unused function parameter. Remove or comment out the variable name to silence this warning.
    function transferFrom(address _from, address _to, uint _value) returns (bool success) {}
                                                                            ^----------^
/sb/0x7b085e7a87f03c5cdee1093dd98819ac5919ad25.sol:29:22: Warning: Unused function parameter. Remove or comment out the variable name to silence this warning.
    function approve(address _spender, uint _value) returns (bool success) {}
                     ^--------------^
/sb/0x7b085e7a87f03c5cdee1093dd98819ac5919ad25.sol:29:40: Warning: Unused function parameter. Remove or comment out the variable name to silence this warning.
    function approve(address _spender, uint _value) returns (bool success) {}
                                       ^---------^
/sb/0x7b085e7a87f03c5cdee1093dd98819ac5919ad25.sol:29:62: Warning: Unused function parameter. Remove or comment out the variable name to silence this warning.
    function approve(address _spender, uint _value) returns (bool success) {}
                                                             ^----------^
/sb/0x7b085e7a87f03c5cdee1093dd98819ac5919ad25.sol:34:24: Warning: Unused function parameter. Remove or comment out the variable name to silence this warning.
    function allowance(address _owner, address _spender) constant returns (uint remaining) {}
                       ^------------^
/sb/0x7b085e7a87f03c5cdee1093dd98819ac5919ad25.sol:34:40: Warning: Unused function parameter. Remove or comment out the variable name to silence this warning.
    function allowance(address _owner, address _spender) constant returns (uint remaining) {}
                                       ^--------------^
/sb/0x7b085e7a87f03c5cdee1093dd98819ac5919ad25.sol:34:76: Warning: Unused function parameter. Remove or comment out the variable name to silence this warning.
    function allowance(address _owner, address _spender) constant returns (uint remaining) {}
                                                                           ^------------^
/sb/0x7b085e7a87f03c5cdee1093dd98819ac5919ad25.sol:6:5: Warning: Function state mutability can be restricted to pure
    function totalSupply() constant returns (uint supply) {}
    ^------------------------------------------------------^
/sb/0x7b085e7a87f03c5cdee1093dd98819ac5919ad25.sol:10:5: Warning: Function state mutability can be restricted to pure
    function balanceOf(address _owner) constant returns (uint balance) {}
    ^-------------------------------------------------------------------^
/sb/0x7b085e7a87f03c5cdee1093dd98819ac5919ad25.sol:16:5: Warning: Function state mutability can be restricted to pure
    function transfer(address _to, uint _value) returns (bool success) {}
    ^-------------------------------------------------------------------^
/sb/0x7b085e7a87f03c5cdee1093dd98819ac5919ad25.sol:23:5: Warning: Function state mutability can be restricted to pure
    function transferFrom(address _from, address _to, uint _value) returns (bool success) {}
    ^--------------------------------------------------------------------------------------^
/sb/0x7b085e7a87f03c5cdee1093dd98819ac5919ad25.sol:29:5: Warning: Function state mutability can be restricted to pure
    function approve(address _spender, uint _value) returns (bool success) {}
    ^-----------------------------------------------------------------------^
/sb/0x7b085e7a87f03c5cdee1093dd98819ac5919ad25.sol:34:5: Warning: Function state mutability can be restricted to pure
    function allowance(address _owner, address _spender) constant returns (uint remaining) {}
    ^---------------------------------------------------------------------------------------^

INFO:Detectors:[91m
NEBlockchain.totalSupply (/sb/0x7b085e7a87f03c5cdee1093dd98819ac5919ad25.sol#115-116) shadows:
	- RegularToken.totalSupply (/sb/0x7b085e7a87f03c5cdee1093dd98819ac5919ad25.sol#80-82)
Reference: https://github.com/trailofbits/slither/wiki/Detectors-Documentation#state-variable-shadowing[0m
INFO:Detectors:[92m
UnboundedRegularToken.transferFrom.allowance (local variable @ /sb/0x7b085e7a87f03c5cdee1093dd98819ac5919ad25.sol#95-96) shadows:
	- RegularToken.allowance (function @ /sb/0x7b085e7a87f03c5cdee1093dd98819ac5919ad25.sol#71-76)
	- Token.allowance (function @ /sb/0x7b085e7a87f03c5cdee1093dd98819ac5919ad25.sol#34-36)
Reference: https://github.com/trailofbits/slither/wiki/Detectors-Documentation#local-variable-shadowing[0m
INFO:Detectors:[92m
NEBlockchain.totalSupply should be constant (/sb/0x7b085e7a87f03c5cdee1093dd98819ac5919ad25.sol#115-116)
RegularToken.totalSupply should be constant (/sb/0x7b085e7a87f03c5cdee1093dd98819ac5919ad25.sol#80-82)
Reference: https://github.com/trailofbits/slither/wiki/Detectors-Documentation#state-variables-that-could-be-declared-constant[0m
INFO:Detectors:[92m
Token.totalSupply (/sb/0x7b085e7a87f03c5cdee1093dd98819ac5919ad25.sol#6-8) should be declared external
Token.balanceOf (/sb/0x7b085e7a87f03c5cdee1093dd98819ac5919ad25.sol#10-12) should be declared external
RegularToken.balanceOf (/sb/0x7b085e7a87f03c5cdee1093dd98819ac5919ad25.sol#61-65) should be declared external
RegularToken.transfer (/sb/0x7b085e7a87f03c5cdee1093dd98819ac5919ad25.sol#42-51) should be declared external
Token.transfer (/sb/0x7b085e7a87f03c5cdee1093dd98819ac5919ad25.sol#16-18) should be declared external
UnboundedRegularToken.transferFrom (/sb/0x7b085e7a87f03c5cdee1093dd98819ac5919ad25.sol#91-114) should be declared external
Token.transferFrom (/sb/0x7b085e7a87f03c5cdee1093dd98819ac5919ad25.sol#23-25) should be declared external
RegularToken.transferFrom (/sb/0x7b085e7a87f03c5cdee1093dd98819ac5919ad25.sol#51-61) should be declared external
RegularToken.approve (/sb/0x7b085e7a87f03c5cdee1093dd98819ac5919ad25.sol#65-71) should be declared external
Token.approve (/sb/0x7b085e7a87f03c5cdee1093dd98819ac5919ad25.sol#29-31) should be declared external
Token.allowance (/sb/0x7b085e7a87f03c5cdee1093dd98819ac5919ad25.sol#34-36) should be declared external
RegularToken.allowance (/sb/0x7b085e7a87f03c5cdee1093dd98819ac5919ad25.sol#71-76) should be declared external
Reference: https://github.com/trailofbits/slither/wiki/Detectors-Documentation#public-function-that-could-be-declared-as-external[0m
INFO:Detectors:[92m
Detected issues with version pragma in /sb/0x7b085e7a87f03c5cdee1093dd98819ac5919ad25.sol:
	- pragma solidity0.4.19 (/sb/0x7b085e7a87f03c5cdee1093dd98819ac5919ad25.sol#1): it allows old versions
Reference: https://github.com/trailofbits/slither/wiki/Detectors-Documentation#incorrect-version-of-solidity[0m
INFO:Detectors:[92m
Parameter '_owner' of RegularToken.balanceOf (/sb/0x7b085e7a87f03c5cdee1093dd98819ac5919ad25.sol#62) is not in mixedCase
Parameter '_to' of RegularToken.transfer (/sb/0x7b085e7a87f03c5cdee1093dd98819ac5919ad25.sol#42-43) is not in mixedCase
Parameter '_value' of RegularToken.transfer (/sb/0x7b085e7a87f03c5cdee1093dd98819ac5919ad25.sol#43) is not in mixedCase
Parameter '_from' of RegularToken.transferFrom (/sb/0x7b085e7a87f03c5cdee1093dd98819ac5919ad25.sol#51-52) is not in mixedCase
Parameter '_to' of RegularToken.transferFrom (/sb/0x7b085e7a87f03c5cdee1093dd98819ac5919ad25.sol#52) is not in mixedCase
Parameter '_value' of RegularToken.transferFrom (/sb/0x7b085e7a87f03c5cdee1093dd98819ac5919ad25.sol#52) is not in mixedCase
Parameter '_spender' of RegularToken.approve (/sb/0x7b085e7a87f03c5cdee1093dd98819ac5919ad25.sol#66) is not in mixedCase
Parameter '_value' of RegularToken.approve (/sb/0x7b085e7a87f03c5cdee1093dd98819ac5919ad25.sol#66) is not in mixedCase
Parameter '_owner' of RegularToken.allowance (/sb/0x7b085e7a87f03c5cdee1093dd98819ac5919ad25.sol#72) is not in mixedCase
Parameter '_spender' of RegularToken.allowance (/sb/0x7b085e7a87f03c5cdee1093dd98819ac5919ad25.sol#72-73) is not in mixedCase
Parameter '_from' of UnboundedRegularToken.transferFrom (/sb/0x7b085e7a87f03c5cdee1093dd98819ac5919ad25.sol#93) is not in mixedCase
Parameter '_to' of UnboundedRegularToken.transferFrom (/sb/0x7b085e7a87f03c5cdee1093dd98819ac5919ad25.sol#93) is not in mixedCase
Parameter '_value' of UnboundedRegularToken.transferFrom (/sb/0x7b085e7a87f03c5cdee1093dd98819ac5919ad25.sol#93) is not in mixedCase
Function 'NEBlockchain.NEBlockchain' (/sb/0x7b085e7a87f03c5cdee1093dd98819ac5919ad25.sol#120-122) is not in mixedCase
Reference: https://github.com/trailofbits/slither/wiki/Detectors-Documentation#conformance-to-solidity-naming-conventions[0m
INFO:Slither:/sb/0x7b085e7a87f03c5cdee1093dd98819ac5919ad25.sol analyzed (4 contracts), 30 result(s) found
