INFO:Slither:Compilation warnings/errors on /sb/0xd7de419b6331c160eaa33ae32b635f6aa54e0e61.sol:
/sb/0xd7de419b6331c160eaa33ae32b635f6aa54e0e61.sol:32:3: Warning: Defining constructors as functions with the same name as the contract is deprecated. Use "constructor(...) { ... }" instead.
  function Ownable() public {
  ^ (Relevant source part starts here and spans across multiple lines).
/sb/0xd7de419b6331c160eaa33ae32b635f6aa54e0e61.sol:102:2: Warning: Defining constructors as functions with the same name as the contract is deprecated. Use "constructor(...) { ... }" instead.
	function ZYL() public {
 ^ (Relevant source part starts here and spans across multiple lines).

INFO:Detectors:[93m
ZYL.totalSupply (/sb/0xd7de419b6331c160eaa33ae32b635f6aa54e0e61.sol#96-97) shadows:
	- ERC20Basic.totalSupply (/sb/0xd7de419b6331c160eaa33ae32b635f6aa54e0e61.sol#4-5)
Reference: https://github.com/trailofbits/slither/wiki/Detectors-Documentation#state-variable-shadowing-from-abstract-contracts[0m
INFO:Detectors:[92m
ERC20Basic.totalSupply should be constant (/sb/0xd7de419b6331c160eaa33ae32b635f6aa54e0e61.sol#4-5)
ZYL.symbol should be constant (/sb/0xd7de419b6331c160eaa33ae32b635f6aa54e0e61.sol#91-92)
Reference: https://github.com/trailofbits/slither/wiki/Detectors-Documentation#state-variables-that-could-be-declared-constant[0m
INFO:Detectors:[92m
ERC20Basic.balanceOf (/sb/0xd7de419b6331c160eaa33ae32b635f6aa54e0e61.sol#5-6) should be declared external
ZYL.balanceOf (/sb/0xd7de419b6331c160eaa33ae32b635f6aa54e0e61.sol#136-139) should be declared external
ZYL.transfer (/sb/0xd7de419b6331c160eaa33ae32b635f6aa54e0e61.sol#124-136) should be declared external
ERC20Basic.transfer (/sb/0xd7de419b6331c160eaa33ae32b635f6aa54e0e61.sol#6-7) should be declared external
ERC20.allowance (/sb/0xd7de419b6331c160eaa33ae32b635f6aa54e0e61.sol#12-13) should be declared external
ZYL.allowance (/sb/0xd7de419b6331c160eaa33ae32b635f6aa54e0e61.sol) should be declared external
ZYL.transferFrom (/sb/0xd7de419b6331c160eaa33ae32b635f6aa54e0e61.sol#139-151) should be declared external
ERC20.transferFrom (/sb/0xd7de419b6331c160eaa33ae32b635f6aa54e0e61.sol#13-14) should be declared external
ERC20.approve (/sb/0xd7de419b6331c160eaa33ae32b635f6aa54e0e61.sol#14-15) should be declared external
ZYL.approve (/sb/0xd7de419b6331c160eaa33ae32b635f6aa54e0e61.sol#151-160) should be declared external
Ownable.transferOwnership (/sb/0xd7de419b6331c160eaa33ae32b635f6aa54e0e61.sol#50-61) should be declared external
Reference: https://github.com/trailofbits/slither/wiki/Detectors-Documentation#public-function-that-could-be-declared-as-external[0m
INFO:Detectors:[92m
Detected issues with version pragma in /sb/0xd7de419b6331c160eaa33ae32b635f6aa54e0e61.sol:
	- pragma solidity^0.4.18 (/sb/0xd7de419b6331c160eaa33ae32b635f6aa54e0e61.sol#1): it allows old versions
Reference: https://github.com/trailofbits/slither/wiki/Detectors-Documentation#incorrect-version-of-solidity[0m
INFO:Detectors:[92m
Function 'Ownable.Ownable' (/sb/0xd7de419b6331c160eaa33ae32b635f6aa54e0e61.sol#33-38) is not in mixedCase
Parameter '_owner' of ZYL.balanceOf (/sb/0xd7de419b6331c160eaa33ae32b635f6aa54e0e61.sol#136) is not in mixedCase
Parameter '_to' of ZYL.transfer (/sb/0xd7de419b6331c160eaa33ae32b635f6aa54e0e61.sol#124) is not in mixedCase
Parameter '_value' of ZYL.transfer (/sb/0xd7de419b6331c160eaa33ae32b635f6aa54e0e61.sol#124-125) is not in mixedCase
Parameter '_owner' of ZYL.allowance (/sb/0xd7de419b6331c160eaa33ae32b635f6aa54e0e61.sol) is not in mixedCase
Parameter '_spender' of ZYL.allowance (/sb/0xd7de419b6331c160eaa33ae32b635f6aa54e0e61.sol) is not in mixedCase
Parameter '_from' of ZYL.transferFrom (/sb/0xd7de419b6331c160eaa33ae32b635f6aa54e0e61.sol#139) is not in mixedCase
Parameter '_to' of ZYL.transferFrom (/sb/0xd7de419b6331c160eaa33ae32b635f6aa54e0e61.sol#139-141) is not in mixedCase
Parameter '_value' of ZYL.transferFrom (/sb/0xd7de419b6331c160eaa33ae32b635f6aa54e0e61.sol#141) is not in mixedCase
Parameter '_spender' of ZYL.approve (/sb/0xd7de419b6331c160eaa33ae32b635f6aa54e0e61.sol#151-152) is not in mixedCase
Parameter '_value' of ZYL.approve (/sb/0xd7de419b6331c160eaa33ae32b635f6aa54e0e61.sol#152-155) is not in mixedCase
Function 'ZYL.ZYL' (/sb/0xd7de419b6331c160eaa33ae32b635f6aa54e0e61.sol#105-114) is not in mixedCase
Constant 'ZYL.version' (/sb/0xd7de419b6331c160eaa33ae32b635f6aa54e0e61.sol#92-94) is not in UPPER_CASE_WITH_UNDERSCORES
Reference: https://github.com/trailofbits/slither/wiki/Detectors-Documentation#conformance-to-solidity-naming-conventions[0m
INFO:Slither:/sb/0xd7de419b6331c160eaa33ae32b635f6aa54e0e61.sol analyzed (5 contracts), 27 result(s) found
