INFO:Detectors:[93m
Contract locking ether found in /sb/0xd7a84fee93853e68b1065defa2856a700c25cd44.sol:
	Contract DragonToken has payable functions:
	 - fallback (/sb/0xd7a84fee93853e68b1065defa2856a700c25cd44.sol#219)
	But does not have a function to withdraw the ether
Reference: https://github.com/trailofbits/slither/wiki/Detectors-Documentation#contracts-that-lock-ether[0m
INFO:Detectors:[92m
SafeMath.safeMul (/sb/0xd7a84fee93853e68b1065defa2856a700c25cd44.sol#30-34) should be declared external
SafeMath.safeDiv (/sb/0xd7a84fee93853e68b1065defa2856a700c25cd44.sol#34-41) should be declared external
DragonToken.totalSupply (/sb/0xd7a84fee93853e68b1065defa2856a700c25cd44.sol#133-134) should be declared external
ERC20Interface.totalSupply (/sb/0xd7a84fee93853e68b1065defa2856a700c25cd44.sol#46-47) should be declared external
DragonToken.balanceOf (/sb/0xd7a84fee93853e68b1065defa2856a700c25cd44.sol#141-142) should be declared external
ERC20Interface.balanceOf (/sb/0xd7a84fee93853e68b1065defa2856a700c25cd44.sol#47-48) should be declared external
ERC20Interface.allowance (/sb/0xd7a84fee93853e68b1065defa2856a700c25cd44.sol#48-49) should be declared external
DragonToken.allowance (/sb/0xd7a84fee93853e68b1065defa2856a700c25cd44.sol#196-198) should be declared external
ERC20Interface.transfer (/sb/0xd7a84fee93853e68b1065defa2856a700c25cd44.sol#49-50) should be declared external
DragonToken.transfer (/sb/0xd7a84fee93853e68b1065defa2856a700c25cd44.sol#148-155) should be declared external
ERC20Interface.approve (/sb/0xd7a84fee93853e68b1065defa2856a700c25cd44.sol#50-51) should be declared external
DragonToken.approve (/sb/0xd7a84fee93853e68b1065defa2856a700c25cd44.sol#164-172) should be declared external
ERC20Interface.transferFrom (/sb/0xd7a84fee93853e68b1065defa2856a700c25cd44.sol#51-53) should be declared external
DragonToken.transferFrom (/sb/0xd7a84fee93853e68b1065defa2856a700c25cd44.sol#180-189) should be declared external
ApproveAndCallFallBack.receiveApproval (/sb/0xd7a84fee93853e68b1065defa2856a700c25cd44.sol#64-68) should be declared external
Owned.transferOwnership (/sb/0xd7a84fee93853e68b1065defa2856a700c25cd44.sol#87-91) should be declared external
Owned.acceptOwnership (/sb/0xd7a84fee93853e68b1065defa2856a700c25cd44.sol#91-99) should be declared external
DragonToken.approveAndCall (/sb/0xd7a84fee93853e68b1065defa2856a700c25cd44.sol#204-212) should be declared external
DragonToken.fallback (/sb/0xd7a84fee93853e68b1065defa2856a700c25cd44.sol#219) should be declared external
DragonToken.transferAnyERC20Token (/sb/0xd7a84fee93853e68b1065defa2856a700c25cd44.sol) should be declared external
Reference: https://github.com/trailofbits/slither/wiki/Detectors-Documentation#public-function-that-could-be-declared-as-external[0m
INFO:Detectors:[92m
Parameter '_newOwner' of Owned.transferOwnership (/sb/0xd7a84fee93853e68b1065defa2856a700c25cd44.sol#89) is not in mixedCase
Variable 'DragonToken._totalSupply' (/sb/0xd7a84fee93853e68b1065defa2856a700c25cd44.sol#109-112) is not in mixedCase
Reference: https://github.com/trailofbits/slither/wiki/Detectors-Documentation#conformance-to-solidity-naming-conventions[0m
INFO:Slither:/sb/0xd7a84fee93853e68b1065defa2856a700c25cd44.sol analyzed (5 contracts), 23 result(s) found
