INFO:Slither:Compilation warnings/errors on /sb/0xa4498450465ae8d7a11ef3ff2aa033fd595d3d23.sol:
/sb/0xa4498450465ae8d7a11ef3ff2aa033fd595d3d23.sol:149:5: Warning: Defining constructors as functions with the same name as the contract is deprecated. Use "constructor(...) { ... }" instead.
    function PRBCoin() {
    ^ (Relevant source part starts here and spans across multiple lines).
/sb/0xa4498450465ae8d7a11ef3ff2aa033fd595d3d23.sol:181:141: Warning: "throw" is deprecated in favour of "revert()", "require()" and "assert()".
        if(!_spender.call(bytes4(bytes32(sha3("receiveApproval(address,uint256,address,bytes)"))), msg.sender, _value, this, _extraData)) { throw; }
                                                                                                                                            ^---^
/sb/0xa4498450465ae8d7a11ef3ff2aa033fd595d3d23.sol:93:13: Warning: Invoking events without "emit" prefix is deprecated.
            Transfer(msg.sender, _to, _value);
            ^-------------------------------^
/sb/0xa4498450465ae8d7a11ef3ff2aa033fd595d3d23.sol:105:13: Warning: Invoking events without "emit" prefix is deprecated.
            Transfer(_from, _to, _value);
            ^--------------------------^
/sb/0xa4498450465ae8d7a11ef3ff2aa033fd595d3d23.sol:116:9: Warning: Invoking events without "emit" prefix is deprecated.
        Approval(msg.sender, _spender, _value);
        ^------------------------------------^
/sb/0xa4498450465ae8d7a11ef3ff2aa033fd595d3d23.sol:167:9: Warning: Invoking events without "emit" prefix is deprecated.
        Transfer(fundsWallet, msg.sender, amount); // Broadcast a message to the blockchain
        ^---------------------------------------^
/sb/0xa4498450465ae8d7a11ef3ff2aa033fd595d3d23.sol:176:9: Warning: Invoking events without "emit" prefix is deprecated.
        Approval(msg.sender, _spender, _value);
        ^------------------------------------^
/sb/0xa4498450465ae8d7a11ef3ff2aa033fd595d3d23.sol:181:42: Warning: "sha3" has been deprecated in favour of "keccak256"
        if(!_spender.call(bytes4(bytes32(sha3("receiveApproval(address,uint256,address,bytes)"))), msg.sender, _value, this, _extraData)) { throw; }
                                         ^----------------------------------------------------^
/sb/0xa4498450465ae8d7a11ef3ff2aa033fd595d3d23.sol:48:5: Warning: No visibility specified. Defaulting to "public". 
    function totalSupply() constant returns (uint256 supply) {}
    ^---------------------------------------------------------^
/sb/0xa4498450465ae8d7a11ef3ff2aa033fd595d3d23.sol:48:46: Warning: Unused function parameter. Remove or comment out the variable name to silence this warning.
    function totalSupply() constant returns (uint256 supply) {}
                                             ^------------^
/sb/0xa4498450465ae8d7a11ef3ff2aa033fd595d3d23.sol:52:5: Warning: No visibility specified. Defaulting to "public". 
    function balanceOf(address _owner) constant returns (uint256 balance) {}
    ^----------------------------------------------------------------------^
/sb/0xa4498450465ae8d7a11ef3ff2aa033fd595d3d23.sol:52:24: Warning: Unused function parameter. Remove or comment out the variable name to silence this warning.
    function balanceOf(address _owner) constant returns (uint256 balance) {}
                       ^------------^
/sb/0xa4498450465ae8d7a11ef3ff2aa033fd595d3d23.sol:52:58: Warning: Unused function parameter. Remove or comment out the variable name to silence this warning.
    function balanceOf(address _owner) constant returns (uint256 balance) {}
                                                         ^-------------^
/sb/0xa4498450465ae8d7a11ef3ff2aa033fd595d3d23.sol:58:5: Warning: No visibility specified. Defaulting to "public". 
    function transfer(address _to, uint256 _value) returns (bool success) {}
    ^----------------------------------------------------------------------^
/sb/0xa4498450465ae8d7a11ef3ff2aa033fd595d3d23.sol:58:23: Warning: Unused function parameter. Remove or comment out the variable name to silence this warning.
    function transfer(address _to, uint256 _value) returns (bool success) {}
                      ^---------^
/sb/0xa4498450465ae8d7a11ef3ff2aa033fd595d3d23.sol:58:36: Warning: Unused function parameter. Remove or comment out the variable name to silence this warning.
    function transfer(address _to, uint256 _value) returns (bool success) {}
                                   ^------------^
/sb/0xa4498450465ae8d7a11ef3ff2aa033fd595d3d23.sol:58:61: Warning: Unused function parameter. Remove or comment out the variable name to silence this warning.
    function transfer(address _to, uint256 _value) returns (bool success) {}
                                                            ^----------^
/sb/0xa4498450465ae8d7a11ef3ff2aa033fd595d3d23.sol:65:5: Warning: No visibility specified. Defaulting to "public". 
    function transferFrom(address _from, address _to, uint256 _value) returns (bool success) {}
    ^-----------------------------------------------------------------------------------------^
/sb/0xa4498450465ae8d7a11ef3ff2aa033fd595d3d23.sol:65:27: Warning: Unused function parameter. Remove or comment out the variable name to silence this warning.
    function transferFrom(address _from, address _to, uint256 _value) returns (bool success) {}
                          ^-----------^
/sb/0xa4498450465ae8d7a11ef3ff2aa033fd595d3d23.sol:65:42: Warning: Unused function parameter. Remove or comment out the variable name to silence this warning.
    function transferFrom(address _from, address _to, uint256 _value) returns (bool success) {}
                                         ^---------^
/sb/0xa4498450465ae8d7a11ef3ff2aa033fd595d3d23.sol:65:55: Warning: Unused function parameter. Remove or comment out the variable name to silence this warning.
    function transferFrom(address _from, address _to, uint256 _value) returns (bool success) {}
                                                      ^------------^
/sb/0xa4498450465ae8d7a11ef3ff2aa033fd595d3d23.sol:65:80: Warning: Unused function parameter. Remove or comment out the variable name to silence this warning.
    function transferFrom(address _from, address _to, uint256 _value) returns (bool success) {}
                                                                               ^----------^
/sb/0xa4498450465ae8d7a11ef3ff2aa033fd595d3d23.sol:71:5: Warning: No visibility specified. Defaulting to "public". 
    function approve(address _spender, uint256 _value) returns (bool success) {}
    ^--------------------------------------------------------------------------^
/sb/0xa4498450465ae8d7a11ef3ff2aa033fd595d3d23.sol:71:22: Warning: Unused function parameter. Remove or comment out the variable name to silence this warning.
    function approve(address _spender, uint256 _value) returns (bool success) {}
                     ^--------------^
/sb/0xa4498450465ae8d7a11ef3ff2aa033fd595d3d23.sol:71:40: Warning: Unused function parameter. Remove or comment out the variable name to silence this warning.
    function approve(address _spender, uint256 _value) returns (bool success) {}
                                       ^------------^
/sb/0xa4498450465ae8d7a11ef3ff2aa033fd595d3d23.sol:71:65: Warning: Unused function parameter. Remove or comment out the variable name to silence this warning.
    function approve(address _spender, uint256 _value) returns (bool success) {}
                                                                ^----------^
/sb/0xa4498450465ae8d7a11ef3ff2aa033fd595d3d23.sol:76:5: Warning: No visibility specified. Defaulting to "public". 
    function allowance(address _owner, address _spender) constant returns (uint256 remaining) {}
    ^------------------------------------------------------------------------------------------^
/sb/0xa4498450465ae8d7a11ef3ff2aa033fd595d3d23.sol:76:24: Warning: Unused function parameter. Remove or comment out the variable name to silence this warning.
    function allowance(address _owner, address _spender) constant returns (uint256 remaining) {}
                       ^------------^
/sb/0xa4498450465ae8d7a11ef3ff2aa033fd595d3d23.sol:76:40: Warning: Unused function parameter. Remove or comment out the variable name to silence this warning.
    function allowance(address _owner, address _spender) constant returns (uint256 remaining) {}
                                       ^--------------^
/sb/0xa4498450465ae8d7a11ef3ff2aa033fd595d3d23.sol:76:76: Warning: Unused function parameter. Remove or comment out the variable name to silence this warning.
    function allowance(address _owner, address _spender) constant returns (uint256 remaining) {}
                                                                           ^---------------^
/sb/0xa4498450465ae8d7a11ef3ff2aa033fd595d3d23.sol:85:5: Warning: No visibility specified. Defaulting to "public". 
    function transfer(address _to, uint256 _value) returns (bool success) {
    ^ (Relevant source part starts here and spans across multiple lines).
/sb/0xa4498450465ae8d7a11ef3ff2aa033fd595d3d23.sol:98:5: Warning: No visibility specified. Defaulting to "public". 
    function transferFrom(address _from, address _to, uint256 _value) returns (bool success) {
    ^ (Relevant source part starts here and spans across multiple lines).
/sb/0xa4498450465ae8d7a11ef3ff2aa033fd595d3d23.sol:110:5: Warning: No visibility specified. Defaulting to "public". 
    function balanceOf(address _owner) constant returns (uint256 balance) {
    ^ (Relevant source part starts here and spans across multiple lines).
/sb/0xa4498450465ae8d7a11ef3ff2aa033fd595d3d23.sol:114:5: Warning: No visibility specified. Defaulting to "public". 
    function approve(address _spender, uint256 _value) returns (bool success) {
    ^ (Relevant source part starts here and spans across multiple lines).
/sb/0xa4498450465ae8d7a11ef3ff2aa033fd595d3d23.sol:120:5: Warning: No visibility specified. Defaulting to "public". 
    function allowance(address _owner, address _spender) constant returns (uint256 remaining) {
    ^ (Relevant source part starts here and spans across multiple lines).
/sb/0xa4498450465ae8d7a11ef3ff2aa033fd595d3d23.sol:149:5: Warning: No visibility specified. Defaulting to "public". 
    function PRBCoin() {
    ^ (Relevant source part starts here and spans across multiple lines).
/sb/0xa4498450465ae8d7a11ef3ff2aa033fd595d3d23.sol:159:5: Warning: No visibility specified. Defaulting to "public". 
    function() payable{
    ^ (Relevant source part starts here and spans across multiple lines).
/sb/0xa4498450465ae8d7a11ef3ff2aa033fd595d3d23.sol:174:5: Warning: No visibility specified. Defaulting to "public". 
    function approveAndCall(address _spender, uint256 _value, bytes _extraData) returns (bool success) {
    ^ (Relevant source part starts here and spans across multiple lines).
/sb/0xa4498450465ae8d7a11ef3ff2aa033fd595d3d23.sol:48:5: Warning: Function state mutability can be restricted to pure
    function totalSupply() constant returns (uint256 supply) {}
    ^---------------------------------------------------------^
/sb/0xa4498450465ae8d7a11ef3ff2aa033fd595d3d23.sol:52:5: Warning: Function state mutability can be restricted to pure
    function balanceOf(address _owner) constant returns (uint256 balance) {}
    ^----------------------------------------------------------------------^
/sb/0xa4498450465ae8d7a11ef3ff2aa033fd595d3d23.sol:58:5: Warning: Function state mutability can be restricted to pure
    function transfer(address _to, uint256 _value) returns (bool success) {}
    ^----------------------------------------------------------------------^
/sb/0xa4498450465ae8d7a11ef3ff2aa033fd595d3d23.sol:65:5: Warning: Function state mutability can be restricted to pure
    function transferFrom(address _from, address _to, uint256 _value) returns (bool success) {}
    ^-----------------------------------------------------------------------------------------^
/sb/0xa4498450465ae8d7a11ef3ff2aa033fd595d3d23.sol:71:5: Warning: Function state mutability can be restricted to pure
    function approve(address _spender, uint256 _value) returns (bool success) {}
    ^--------------------------------------------------------------------------^
/sb/0xa4498450465ae8d7a11ef3ff2aa033fd595d3d23.sol:76:5: Warning: Function state mutability can be restricted to pure
    function allowance(address _owner, address _spender) constant returns (uint256 remaining) {}
    ^------------------------------------------------------------------------------------------^

INFO:Detectors:[92m
PRBCoin.version should be constant (/sb/0xa4498450465ae8d7a11ef3ff2aa033fd595d3d23.sol#144)
Reference: https://github.com/trailofbits/slither/wiki/Detectors-Documentation#state-variables-that-could-be-declared-constant[0m
INFO:Detectors:[92m
Deprecated standard detected @ /sb/0xa4498450465ae8d7a11ef3ff2aa033fd595d3d23.sol:
	- Usage of "sha3()" should be replaced with "keccak256()"
Deprecated standard detected @ /sb/0xa4498450465ae8d7a11ef3ff2aa033fd595d3d23.sol:
	- Usage of "throw" should be replaced with "revert()"
Reference: https://github.com/trailofbits/slither/wiki/Detectors-Documentation#deprecated-standards[0m
INFO:Detectors:[92m
Token.totalSupply (/sb/0xa4498450465ae8d7a11ef3ff2aa033fd595d3d23.sol#48-50) should be declared external
Token.balanceOf (/sb/0xa4498450465ae8d7a11ef3ff2aa033fd595d3d23.sol#52-54) should be declared external
StandardToken.balanceOf (/sb/0xa4498450465ae8d7a11ef3ff2aa033fd595d3d23.sol#112-115) should be declared external
StandardToken.transfer (/sb/0xa4498450465ae8d7a11ef3ff2aa033fd595d3d23.sol#86-98) should be declared external
Token.transfer (/sb/0xa4498450465ae8d7a11ef3ff2aa033fd595d3d23.sol#58-60) should be declared external
Token.transferFrom (/sb/0xa4498450465ae8d7a11ef3ff2aa033fd595d3d23.sol#65-67) should be declared external
StandardToken.transferFrom (/sb/0xa4498450465ae8d7a11ef3ff2aa033fd595d3d23.sol#99-111) should be declared external
StandardToken.approve (/sb/0xa4498450465ae8d7a11ef3ff2aa033fd595d3d23.sol#115-121) should be declared external
Token.approve (/sb/0xa4498450465ae8d7a11ef3ff2aa033fd595d3d23.sol#71-74) should be declared external
Token.allowance (/sb/0xa4498450465ae8d7a11ef3ff2aa033fd595d3d23.sol#76-78) should be declared external
StandardToken.allowance (/sb/0xa4498450465ae8d7a11ef3ff2aa033fd595d3d23.sol#121-126) should be declared external
PRBCoin.fallback (/sb/0xa4498450465ae8d7a11ef3ff2aa033fd595d3d23.sol#162-175) should be declared external
PRBCoin.approveAndCall (/sb/0xa4498450465ae8d7a11ef3ff2aa033fd595d3d23.sol#176-184) should be declared external
Reference: https://github.com/trailofbits/slither/wiki/Detectors-Documentation#public-function-that-could-be-declared-as-external[0m
INFO:Detectors:[92m
Detected issues with version pragma in /sb/0xa4498450465ae8d7a11ef3ff2aa033fd595d3d23.sol:
	- pragma solidity^0.4.4 (/sb/0xa4498450465ae8d7a11ef3ff2aa033fd595d3d23.sol#1): it allows old versions
Reference: https://github.com/trailofbits/slither/wiki/Detectors-Documentation#incorrect-version-of-solidity[0m
INFO:Detectors:[92m
Low level call in PRBCoin.approveAndCall (/sb/0xa4498450465ae8d7a11ef3ff2aa033fd595d3d23.sol#176-184):
	-! _spender.call(bytes4(bytes32(sha3()(receiveApproval(address,uint256,address,bytes)))),msg.sender,_value,this,_extraData) /sb/0xa4498450465ae8d7a11ef3ff2aa033fd595d3d23.sol
Reference: https://github.com/trailofbits/slither/wiki/Detectors-Documentation#low-level-calls[0m
INFO:Detectors:[92m
Parameter '_owner' of StandardToken.balanceOf (/sb/0xa4498450465ae8d7a11ef3ff2aa033fd595d3d23.sol#114) is not in mixedCase
Parameter '_to' of StandardToken.transfer (/sb/0xa4498450465ae8d7a11ef3ff2aa033fd595d3d23.sol#86) is not in mixedCase
Parameter '_value' of StandardToken.transfer (/sb/0xa4498450465ae8d7a11ef3ff2aa033fd595d3d23.sol#86) is not in mixedCase
Parameter '_from' of StandardToken.transferFrom (/sb/0xa4498450465ae8d7a11ef3ff2aa033fd595d3d23.sol#99) is not in mixedCase
Parameter '_to' of StandardToken.transferFrom (/sb/0xa4498450465ae8d7a11ef3ff2aa033fd595d3d23.sol#99) is not in mixedCase
Parameter '_value' of StandardToken.transferFrom (/sb/0xa4498450465ae8d7a11ef3ff2aa033fd595d3d23.sol#99) is not in mixedCase
Parameter '_spender' of StandardToken.approve (/sb/0xa4498450465ae8d7a11ef3ff2aa033fd595d3d23.sol#116) is not in mixedCase
Parameter '_value' of StandardToken.approve (/sb/0xa4498450465ae8d7a11ef3ff2aa033fd595d3d23.sol#116) is not in mixedCase
Parameter '_owner' of StandardToken.allowance (/sb/0xa4498450465ae8d7a11ef3ff2aa033fd595d3d23.sol#123-124) is not in mixedCase
Parameter '_spender' of StandardToken.allowance (/sb/0xa4498450465ae8d7a11ef3ff2aa033fd595d3d23.sol#124) is not in mixedCase
Function 'PRBCoin.PRBCoin' (/sb/0xa4498450465ae8d7a11ef3ff2aa033fd595d3d23.sol#150-162) is not in mixedCase
Parameter '_spender' of PRBCoin.approveAndCall (/sb/0xa4498450465ae8d7a11ef3ff2aa033fd595d3d23.sol#177-178) is not in mixedCase
Parameter '_value' of PRBCoin.approveAndCall (/sb/0xa4498450465ae8d7a11ef3ff2aa033fd595d3d23.sol#178) is not in mixedCase
Parameter '_extraData' of PRBCoin.approveAndCall (/sb/0xa4498450465ae8d7a11ef3ff2aa033fd595d3d23.sol#178) is not in mixedCase
Reference: https://github.com/trailofbits/slither/wiki/Detectors-Documentation#conformance-to-solidity-naming-conventions[0m
INFO:Slither:/sb/0xa4498450465ae8d7a11ef3ff2aa033fd595d3d23.sol analyzed (4 contracts), 32 result(s) found
