INFO:Detectors:[92m
BNIToken.decimals should be constant (/sb/0x00a4a3e9279678ca1b564bca66396bb5801192da.sol#139-140)
BNIToken.name should be constant (/sb/0x00a4a3e9279678ca1b564bca66396bb5801192da.sol#135-137)
BNIToken.symbol should be constant (/sb/0x00a4a3e9279678ca1b564bca66396bb5801192da.sol#137-139)
Reference: https://github.com/trailofbits/slither/wiki/Detectors-Documentation#state-variables-that-could-be-declared-constant[0m
INFO:Detectors:[92m
ERC20Basic.balanceOf (/sb/0x00a4a3e9279678ca1b564bca66396bb5801192da.sol#31-32) should be declared external
BasicToken.balanceOf (/sb/0x00a4a3e9279678ca1b564bca66396bb5801192da.sol#59-67) should be declared external
ERC20Basic.transfer (/sb/0x00a4a3e9279678ca1b564bca66396bb5801192da.sol#32-33) should be declared external
BasicToken.transfer (/sb/0x00a4a3e9279678ca1b564bca66396bb5801192da.sol#48-59) should be declared external
StandardToken.allowance (/sb/0x00a4a3e9279678ca1b564bca66396bb5801192da.sol#87-91) should be declared external
ERC20.allowance (/sb/0x00a4a3e9279678ca1b564bca66396bb5801192da.sol#37-38) should be declared external
StandardToken.transferFrom (/sb/0x00a4a3e9279678ca1b564bca66396bb5801192da.sol#69-81) should be declared external
ERC20.transferFrom (/sb/0x00a4a3e9279678ca1b564bca66396bb5801192da.sol#38-39) should be declared external
ERC20.approve (/sb/0x00a4a3e9279678ca1b564bca66396bb5801192da.sol#39-40) should be declared external
StandardToken.approve (/sb/0x00a4a3e9279678ca1b564bca66396bb5801192da.sol#82-87) should be declared external
StandardToken.increaseApproval (/sb/0x00a4a3e9279678ca1b564bca66396bb5801192da.sol#91-97) should be declared external
StandardToken.decreaseApproval (/sb/0x00a4a3e9279678ca1b564bca66396bb5801192da.sol#97-115) should be declared external
Ownable.transferOwnership (/sb/0x00a4a3e9279678ca1b564bca66396bb5801192da.sol#124-133) should be declared external
Reference: https://github.com/trailofbits/slither/wiki/Detectors-Documentation#public-function-that-could-be-declared-as-external[0m
INFO:Detectors:[92m
Detected issues with version pragma in /sb/0x00a4a3e9279678ca1b564bca66396bb5801192da.sol:
	- pragma solidity0.4.18 (/sb/0x00a4a3e9279678ca1b564bca66396bb5801192da.sol#1): it allows old versions
Reference: https://github.com/trailofbits/slither/wiki/Detectors-Documentation#incorrect-version-of-solidity[0m
INFO:Detectors:[92m
Parameter '_owner' of BasicToken.balanceOf (/sb/0x00a4a3e9279678ca1b564bca66396bb5801192da.sol#59-60) is not in mixedCase
Parameter '_to' of BasicToken.transfer (/sb/0x00a4a3e9279678ca1b564bca66396bb5801192da.sol#48-49) is not in mixedCase
Parameter '_value' of BasicToken.transfer (/sb/0x00a4a3e9279678ca1b564bca66396bb5801192da.sol#49) is not in mixedCase
Parameter '_owner' of StandardToken.allowance (/sb/0x00a4a3e9279678ca1b564bca66396bb5801192da.sol#88) is not in mixedCase
Parameter '_spender' of StandardToken.allowance (/sb/0x00a4a3e9279678ca1b564bca66396bb5801192da.sol#88-89) is not in mixedCase
Parameter '_from' of StandardToken.transferFrom (/sb/0x00a4a3e9279678ca1b564bca66396bb5801192da.sol#70) is not in mixedCase
Parameter '_to' of StandardToken.transferFrom (/sb/0x00a4a3e9279678ca1b564bca66396bb5801192da.sol#70) is not in mixedCase
Parameter '_value' of StandardToken.transferFrom (/sb/0x00a4a3e9279678ca1b564bca66396bb5801192da.sol#70-71) is not in mixedCase
Parameter '_spender' of StandardToken.approve (/sb/0x00a4a3e9279678ca1b564bca66396bb5801192da.sol#82) is not in mixedCase
Parameter '_value' of StandardToken.approve (/sb/0x00a4a3e9279678ca1b564bca66396bb5801192da.sol#82-83) is not in mixedCase
Parameter '_spender' of StandardToken.increaseApproval (/sb/0x00a4a3e9279678ca1b564bca66396bb5801192da.sol#92) is not in mixedCase
Parameter '_addedValue' of StandardToken.increaseApproval (/sb/0x00a4a3e9279678ca1b564bca66396bb5801192da.sol#92) is not in mixedCase
Parameter '_spender' of StandardToken.decreaseApproval (/sb/0x00a4a3e9279678ca1b564bca66396bb5801192da.sol#98) is not in mixedCase
Parameter '_subtractedValue' of StandardToken.decreaseApproval (/sb/0x00a4a3e9279678ca1b564bca66396bb5801192da.sol#98-99) is not in mixedCase
Function 'Ownable.Ownable' (/sb/0x00a4a3e9279678ca1b564bca66396bb5801192da.sol#118-122) is not in mixedCase
Function 'BNIToken.BNIToken' (/sb/0x00a4a3e9279678ca1b564bca66396bb5801192da.sol#141-143) is not in mixedCase
Constant 'BNIToken.initialSupply' (/sb/0x00a4a3e9279678ca1b564bca66396bb5801192da.sol#140-141) is not in UPPER_CASE_WITH_UNDERSCORES
Reference: https://github.com/trailofbits/slither/wiki/Detectors-Documentation#conformance-to-solidity-naming-conventions[0m
INFO:Slither:/sb/0x00a4a3e9279678ca1b564bca66396bb5801192da.sol analyzed (7 contracts), 32 result(s) found
