INFO:Detectors:[91m
MangoCoin.frozenAccount (/sb/0x0a3f6648fdf7df0f542c7ef3df86406cec5bfade.sol#200-201) shadows:
	- ERC20CompatibleToken.frozenAccount (/sb/0x0a3f6648fdf7df0f542c7ef3df86406cec5bfade.sol#38-42)
Reference: https://github.com/trailofbits/slither/wiki/Detectors-Documentation#state-variable-shadowing[0m
INFO:Detectors:[93m
ERC223Interface (/sb/0x0a3f6648fdf7df0f542c7ef3df86406cec5bfade.sol#150-160) has incorrect ERC20 function interface(s):
	-transfer (/sb/0x0a3f6648fdf7df0f542c7ef3df86406cec5bfade.sol#152)
MangoCoin (/sb/0x0a3f6648fdf7df0f542c7ef3df86406cec5bfade.sol#197-293) has incorrect ERC20 function interface(s):
	-transfer (/sb/0x0a3f6648fdf7df0f542c7ef3df86406cec5bfade.sol#253-278)
Reference: https://github.com/trailofbits/slither/wiki/Detectors-Documentation#incorrect-erc20-interface[0m
INFO:Detectors:[93m
Reentrancy in ERC20CompatibleToken.transferFrom (/sb/0x0a3f6648fdf7df0f542c7ef3df86406cec5bfade.sol#63-91):
	External calls:
	- receiver.tokenFallback(_from,_value,empty) (/sb/0x0a3f6648fdf7df0f542c7ef3df86406cec5bfade.sol#83-84)
	State variables written after the call(s):
	- allowed (/sb/0x0a3f6648fdf7df0f542c7ef3df86406cec5bfade.sol#86-91)
	- balances (/sb/0x0a3f6648fdf7df0f542c7ef3df86406cec5bfade.sol#84-85)
	- balances (/sb/0x0a3f6648fdf7df0f542c7ef3df86406cec5bfade.sol#85-86)
Reference: https://github.com/trailofbits/slither/wiki/Detectors-Documentation#reentrancy-vulnerabilities-1[0m
INFO:Detectors:[92m
ERC20CompatibleToken.constructor.owner (local variable @ /sb/0x0a3f6648fdf7df0f542c7ef3df86406cec5bfade.sol#51) shadows:
	- owned.owner (state variable @ /sb/0x0a3f6648fdf7df0f542c7ef3df86406cec5bfade.sol#4-6)
MangoCoin.constructor.owner (local variable @ /sb/0x0a3f6648fdf7df0f542c7ef3df86406cec5bfade.sol#207) shadows:
	- owned.owner (state variable @ /sb/0x0a3f6648fdf7df0f542c7ef3df86406cec5bfade.sol#4-6)
Reference: https://github.com/trailofbits/slither/wiki/Detectors-Documentation#local-variable-shadowing[0m
INFO:Detectors:[92m
ERC20CompatibleToken.transferFrom uses assembly (/sb/0x0a3f6648fdf7df0f542c7ef3df86406cec5bfade.sol#63-91)
	- /sb/0x0a3f6648fdf7df0f542c7ef3df86406cec5bfade.sol#75-79
MangoCoin.transfer uses assembly (/sb/0x0a3f6648fdf7df0f542c7ef3df86406cec5bfade.sol#253-278)
	- /sb/0x0a3f6648fdf7df0f542c7ef3df86406cec5bfade.sol#261-264
MangoCoin.transfer uses assembly (/sb/0x0a3f6648fdf7df0f542c7ef3df86406cec5bfade.sol#219-243)
	- /sb/0x0a3f6648fdf7df0f542c7ef3df86406cec5bfade.sol#230-233
Reference: https://github.com/trailofbits/slither/wiki/Detectors-Documentation#assembly-usage[0m
INFO:Detectors:[92m
ERC20CompatibleToken.decimals should be constant (/sb/0x0a3f6648fdf7df0f542c7ef3df86406cec5bfade.sol#31)
Reference: https://github.com/trailofbits/slither/wiki/Detectors-Documentation#state-variables-that-could-be-declared-constant[0m
INFO:Detectors:[92m
owned.transferOwnership (/sb/0x0a3f6648fdf7df0f542c7ef3df86406cec5bfade.sol#15-20) should be declared external
ERC223ReceivingContract.tokenFallback (/sb/0x0a3f6648fdf7df0f542c7ef3df86406cec5bfade.sol#21-24) should be declared external
ERC20CompatibleToken.transferFrom (/sb/0x0a3f6648fdf7df0f542c7ef3df86406cec5bfade.sol#63-91) should be declared external
ERC20CompatibleToken.approve (/sb/0x0a3f6648fdf7df0f542c7ef3df86406cec5bfade.sol#97-104) should be declared external
ERC20CompatibleToken.allowance (/sb/0x0a3f6648fdf7df0f542c7ef3df86406cec5bfade.sol#109-114) should be declared external
ERC20CompatibleToken.increaseApproval (/sb/0x0a3f6648fdf7df0f542c7ef3df86406cec5bfade.sol#119-125) should be declared external
ERC20CompatibleToken.decreaseApproval (/sb/0x0a3f6648fdf7df0f542c7ef3df86406cec5bfade.sol#125-136) should be declared external
MangoCoin.freezeAccount (/sb/0x0a3f6648fdf7df0f542c7ef3df86406cec5bfade.sol) should be declared external
ERC20CompatibleToken.freezeAccount (/sb/0x0a3f6648fdf7df0f542c7ef3df86406cec5bfade.sol#143-150) should be declared external
ERC223Interface.balanceOf (/sb/0x0a3f6648fdf7df0f542c7ef3df86406cec5bfade.sol#151-152) should be declared external
MangoCoin.balanceOf (/sb/0x0a3f6648fdf7df0f542c7ef3df86406cec5bfade.sol#284-286) should be declared external
ERC223Interface.transfer (/sb/0x0a3f6648fdf7df0f542c7ef3df86406cec5bfade.sol#152) should be declared external
MangoCoin.transfer (/sb/0x0a3f6648fdf7df0f542c7ef3df86406cec5bfade.sol#253-278) should be declared external
MangoCoin.transfer (/sb/0x0a3f6648fdf7df0f542c7ef3df86406cec5bfade.sol#219-243) should be declared external
ERC223Interface.transfer (/sb/0x0a3f6648fdf7df0f542c7ef3df86406cec5bfade.sol#154-157) should be declared external
Reference: https://github.com/trailofbits/slither/wiki/Detectors-Documentation#public-function-that-could-be-declared-as-external[0m
INFO:Detectors:[92m
Contract 'owned' (/sb/0x0a3f6648fdf7df0f542c7ef3df86406cec5bfade.sol#3-20) is not in CapWords
Parameter '_from' of ERC20CompatibleToken.transferFrom (/sb/0x0a3f6648fdf7df0f542c7ef3df86406cec5bfade.sol#63-64) is not in mixedCase
Parameter '_to' of ERC20CompatibleToken.transferFrom (/sb/0x0a3f6648fdf7df0f542c7ef3df86406cec5bfade.sol#64) is not in mixedCase
Parameter '_value' of ERC20CompatibleToken.transferFrom (/sb/0x0a3f6648fdf7df0f542c7ef3df86406cec5bfade.sol#65) is not in mixedCase
Parameter '_spender' of ERC20CompatibleToken.approve (/sb/0x0a3f6648fdf7df0f542c7ef3df86406cec5bfade.sol#97-98) is not in mixedCase
Parameter '_value' of ERC20CompatibleToken.approve (/sb/0x0a3f6648fdf7df0f542c7ef3df86406cec5bfade.sol#98) is not in mixedCase
Parameter '_owner' of ERC20CompatibleToken.allowance (/sb/0x0a3f6648fdf7df0f542c7ef3df86406cec5bfade.sol#110-113) is not in mixedCase
Parameter '_spender' of ERC20CompatibleToken.allowance (/sb/0x0a3f6648fdf7df0f542c7ef3df86406cec5bfade.sol#113) is not in mixedCase
Parameter '_spender' of ERC20CompatibleToken.increaseApproval (/sb/0x0a3f6648fdf7df0f542c7ef3df86406cec5bfade.sol#119) is not in mixedCase
Parameter '_addedValue' of ERC20CompatibleToken.increaseApproval (/sb/0x0a3f6648fdf7df0f542c7ef3df86406cec5bfade.sol#119-120) is not in mixedCase
Parameter '_spender' of ERC20CompatibleToken.decreaseApproval (/sb/0x0a3f6648fdf7df0f542c7ef3df86406cec5bfade.sol#126) is not in mixedCase
Parameter '_subtractedValue' of ERC20CompatibleToken.decreaseApproval (/sb/0x0a3f6648fdf7df0f542c7ef3df86406cec5bfade.sol#126-127) is not in mixedCase
Parameter '_owner' of MangoCoin.balanceOf (/sb/0x0a3f6648fdf7df0f542c7ef3df86406cec5bfade.sol#284) is not in mixedCase
Parameter '_to' of MangoCoin.transfer (/sb/0x0a3f6648fdf7df0f542c7ef3df86406cec5bfade.sol#253) is not in mixedCase
Parameter '_value' of MangoCoin.transfer (/sb/0x0a3f6648fdf7df0f542c7ef3df86406cec5bfade.sol#253) is not in mixedCase
Parameter '_to' of MangoCoin.transfer (/sb/0x0a3f6648fdf7df0f542c7ef3df86406cec5bfade.sol#221) is not in mixedCase
Parameter '_value' of MangoCoin.transfer (/sb/0x0a3f6648fdf7df0f542c7ef3df86406cec5bfade.sol#221) is not in mixedCase
Parameter '_data' of MangoCoin.transfer (/sb/0x0a3f6648fdf7df0f542c7ef3df86406cec5bfade.sol#221) is not in mixedCase
Reference: https://github.com/trailofbits/slither/wiki/Detectors-Documentation#conformance-to-solidity-naming-conventions[0m
INFO:Slither:/sb/0x0a3f6648fdf7df0f542c7ef3df86406cec5bfade.sol analyzed (6 contracts), 43 result(s) found
