INFO:Slither:Compilation warnings/errors on /sb/0x0eded32c438c03e61507736eac2198a4d9810760.sol:
/sb/0x0eded32c438c03e61507736eac2198a4d9810760.sol:67:5: Warning: Defining constructors as functions with the same name as the contract is deprecated. Use "constructor(...) { ... }" instead.
    function Ownable(address _owner) public {
    ^ (Relevant source part starts here and spans across multiple lines).
/sb/0x0eded32c438c03e61507736eac2198a4d9810760.sol:160:3: Warning: Defining constructors as functions with the same name as the contract is deprecated. Use "constructor(...) { ... }" instead.
  function Crowdsale(address _newOwner, address _wallet, TravelHelperToken _token,uint256 _ethPriceInCents) Ownable(_newOwner) public {
  ^ (Relevant source part starts here and spans across multiple lines).
/sb/0x0eded32c438c03e61507736eac2198a4d9810760.sol:100:27: Warning: Unused function parameter. Remove or comment out the variable name to silence this warning.
    function saleTransfer(address _to, uint256 _value) public returns (bool) {}
                          ^---------^
/sb/0x0eded32c438c03e61507736eac2198a4d9810760.sol:100:40: Warning: Unused function parameter. Remove or comment out the variable name to silence this warning.
    function saleTransfer(address _to, uint256 _value) public returns (bool) {}
                                       ^------------^
/sb/0x0eded32c438c03e61507736eac2198a4d9810760.sol:100:5: Warning: Function state mutability can be restricted to pure
    function saleTransfer(address _to, uint256 _value) public returns (bool) {}
    ^-------------------------------------------------------------------------^
/sb/0x0eded32c438c03e61507736eac2198a4d9810760.sol:318:3: Warning: Function state mutability can be restricted to view
  function finalizeSale() public onlyOwner {
  ^ (Relevant source part starts here and spans across multiple lines).

INFO:Detectors:[93m
TravelHelperToken (/sb/0x0eded32c438c03e61507736eac2198a4d9810760.sol#99-108) has incorrect ERC20 function interface(s):
	-transfer (/sb/0x0eded32c438c03e61507736eac2198a4d9810760.sol#99-100)
Reference: https://github.com/trailofbits/slither/wiki/Detectors-Documentation#incorrect-erc20-interface[0m
INFO:Detectors:[93m
tokens in Crowdsale._getTokenAmount (/sb/0x0eded32c438c03e61507736eac2198a4d9810760.sol#274) is a local variable never initialiazed
Reference: https://github.com/trailofbits/slither/wiki/Detectors-Documentation#uninitialized-local-variables[0m
INFO:Detectors:[92m
Crowdsale.discountedIcoTokensSold should be constant (/sb/0x0eded32c438c03e61507736eac2198a4d9810760.sol#125-127)
Crowdsale.discountedSaleDuration should be constant (/sb/0x0eded32c438c03e61507736eac2198a4d9810760.sol#140-143)
Crowdsale.discountedTokensPerDollar should be constant (/sb/0x0eded32c438c03e61507736eac2198a4d9810760.sol#131-133)
Crowdsale.hardCapInCents should be constant (/sb/0x0eded32c438c03e61507736eac2198a4d9810760.sol#133-134)
Crowdsale.icoCap should be constant (/sb/0x0eded32c438c03e61507736eac2198a4d9810760.sol#121-122)
Crowdsale.mainSaleDuration should be constant (/sb/0x0eded32c438c03e61507736eac2198a4d9810760.sol#145-147)
Crowdsale.mainTokensPerDollar should be constant (/sb/0x0eded32c438c03e61507736eac2198a4d9810760.sol#128-129)
Crowdsale.preIcoCap should be constant (/sb/0x0eded32c438c03e61507736eac2198a4d9810760.sol#119-121)
Crowdsale.preSaleDuration should be constant (/sb/0x0eded32c438c03e61507736eac2198a4d9810760.sol#137-140)
Crowdsale.presaleTokensPerDollar should be constant (/sb/0x0eded32c438c03e61507736eac2198a4d9810760.sol#130-131)
Reference: https://github.com/trailofbits/slither/wiki/Detectors-Documentation#state-variables-that-could-be-declared-constant[0m
INFO:Detectors:[92m
TravelHelperToken.transfer (/sb/0x0eded32c438c03e61507736eac2198a4d9810760.sol#99-100) should be declared external
TravelHelperToken.burnTokensForSale (/sb/0x0eded32c438c03e61507736eac2198a4d9810760.sol#100-101) should be declared external
TravelHelperToken.saleTransfer (/sb/0x0eded32c438c03e61507736eac2198a4d9810760.sol#101-105) should be declared external
TravelHelperToken.finalize (/sb/0x0eded32c438c03e61507736eac2198a4d9810760.sol#105-108) should be declared external
Crowdsale.startCrowdsale (/sb/0x0eded32c438c03e61507736eac2198a4d9810760.sol#174-185) should be declared external
Crowdsale.setEthPriceInDollar (/sb/0x0eded32c438c03e61507736eac2198a4d9810760.sol#225-231) should be declared external
Crowdsale.getStage (/sb/0x0eded32c438c03e61507736eac2198a4d9810760.sol#292-316) should be declared external
Crowdsale.burnTokens (/sb/0x0eded32c438c03e61507736eac2198a4d9810760.sol#319-327) should be declared external
Crowdsale.finalizeSale (/sb/0x0eded32c438c03e61507736eac2198a4d9810760.sol) should be declared external
Reference: https://github.com/trailofbits/slither/wiki/Detectors-Documentation#public-function-that-could-be-declared-as-external[0m
INFO:Detectors:[92m
Function 'Ownable.Ownable' (/sb/0x0eded32c438c03e61507736eac2198a4d9810760.sol#68-80) is not in mixedCase
Parameter '_owner' of Ownable.Ownable (/sb/0x0eded32c438c03e61507736eac2198a4d9810760.sol#69) is not in mixedCase
Parameter '' of TravelHelperToken.transfer (/sb/0x0eded32c438c03e61507736eac2198a4d9810760.sol#100) is not in mixedCase
Parameter '_scope_0' of TravelHelperToken.transfer (/sb/0x0eded32c438c03e61507736eac2198a4d9810760.sol#100) is not in mixedCase
Function 'Crowdsale.Crowdsale' (/sb/0x0eded32c438c03e61507736eac2198a4d9810760.sol#161-173) is not in mixedCase
Parameter '_newOwner' of Crowdsale.Crowdsale (/sb/0x0eded32c438c03e61507736eac2198a4d9810760.sol#162) is not in mixedCase
Parameter '_wallet' of Crowdsale.Crowdsale (/sb/0x0eded32c438c03e61507736eac2198a4d9810760.sol#162-163) is not in mixedCase
Parameter '_token' of Crowdsale.Crowdsale (/sb/0x0eded32c438c03e61507736eac2198a4d9810760.sol#163) is not in mixedCase
Parameter '_ethPriceInCents' of Crowdsale.Crowdsale (/sb/0x0eded32c438c03e61507736eac2198a4d9810760.sol#163-165) is not in mixedCase
Parameter '_beneficiary' of Crowdsale.buyTokens (/sb/0x0eded32c438c03e61507736eac2198a4d9810760.sol#199-201) is not in mixedCase
Parameter '_ethPriceInCents' of Crowdsale.setEthPriceInDollar (/sb/0x0eded32c438c03e61507736eac2198a4d9810760.sol#226) is not in mixedCase
Function 'Crowdsale._validateTokensLimits' (/sb/0x0eded32c438c03e61507736eac2198a4d9810760.sol#236-250) is not in mixedCase
Parameter '_tokens' of Crowdsale._validateTokensLimits (/sb/0x0eded32c438c03e61507736eac2198a4d9810760.sol#236) is not in mixedCase
Function 'Crowdsale._deliverTokens' (/sb/0x0eded32c438c03e61507736eac2198a4d9810760.sol#257-261) is not in mixedCase
Parameter '_beneficiary' of Crowdsale._deliverTokens (/sb/0x0eded32c438c03e61507736eac2198a4d9810760.sol#258) is not in mixedCase
Parameter '_tokenAmount' of Crowdsale._deliverTokens (/sb/0x0eded32c438c03e61507736eac2198a4d9810760.sol#258) is not in mixedCase
Function 'Crowdsale._processPurchase' (/sb/0x0eded32c438c03e61507736eac2198a4d9810760.sol#268-271) is not in mixedCase
Parameter '_beneficiary' of Crowdsale._processPurchase (/sb/0x0eded32c438c03e61507736eac2198a4d9810760.sol#268-270) is not in mixedCase
Parameter '_tokenAmount' of Crowdsale._processPurchase (/sb/0x0eded32c438c03e61507736eac2198a4d9810760.sol#270) is not in mixedCase
Function 'Crowdsale._getTokenAmount' (/sb/0x0eded32c438c03e61507736eac2198a4d9810760.sol#274-288) is not in mixedCase
Parameter '_usdCents' of Crowdsale._getTokenAmount (/sb/0x0eded32c438c03e61507736eac2198a4d9810760.sol#274) is not in mixedCase
Function 'Crowdsale._forwardFunds' (/sb/0x0eded32c438c03e61507736eac2198a4d9810760.sol) is not in mixedCase
Modifier 'Crowdsale.CrowdsaleStarted' (/sb/0x0eded32c438c03e61507736eac2198a4d9810760.sol#147-149) is not in mixedCase
Reference: https://github.com/trailofbits/slither/wiki/Detectors-Documentation#conformance-to-solidity-naming-conventions[0m
INFO:Slither:/sb/0x0eded32c438c03e61507736eac2198a4d9810760.sol analyzed (4 contracts), 35 result(s) found
