INFO:Slither:Compilation warnings/errors on /sb/0x0a2ea71d943bf917b410593194595e1f48d40e54.sol:
/sb/0x0a2ea71d943bf917b410593194595e1f48d40e54.sol:165:9: Warning: Use of the "var" keyword is deprecated.
        var outputString = new string(_stringLength);
        ^--------------^
/sb/0x0a2ea71d943bf917b410593194595e1f48d40e54.sol:533:5: Warning: Defining constructors as functions with the same name as the contract is deprecated. Use "constructor(...) { ... }" instead.
    function AuctionManager() public {
    ^ (Relevant source part starts here and spans across multiple lines).
/sb/0x0a2ea71d943bf917b410593194595e1f48d40e54.sol:719:5: Warning: Defining constructors as functions with the same name as the contract is deprecated. Use "constructor(...) { ... }" instead.
    function MarketManager() public {
    ^ (Relevant source part starts here and spans across multiple lines).
/sb/0x0a2ea71d943bf917b410593194595e1f48d40e54.sol:879:5: Warning: Defining constructors as functions with the same name as the contract is deprecated. Use "constructor(...) { ... }" instead.
    function GenesMarket() public {
    ^ (Relevant source part starts here and spans across multiple lines).
/sb/0x0a2ea71d943bf917b410593194595e1f48d40e54.sol:1059:5: Warning: Defining constructors as functions with the same name as the contract is deprecated. Use "constructor(...) { ... }" instead.
    function REPOPCore() public{
    ^ (Relevant source part starts here and spans across multiple lines).
/sb/0x0a2ea71d943bf917b410593194595e1f48d40e54.sol:146:7: Warning: Function state mutability can be restricted to pure
      function _memcpy(uint _dest, uint _src, uint _len) private view {
      ^ (Relevant source part starts here and spans across multiple lines).
/sb/0x0a2ea71d943bf917b410593194595e1f48d40e54.sol:187:5: Warning: Function state mutability can be restricted to pure
    function uintToBytes(uint v) public view returns (bytes32 ret) {
    ^ (Relevant source part starts here and spans across multiple lines).

INFO:Detectors:[93m
MetadataContract._memcpy (/sb/0x0a2ea71d943bf917b410593194595e1f48d40e54.sol#150-166) is declared view but contains assembly code
MetadataContract._toString (/sb/0x0a2ea71d943bf917b410593194595e1f48d40e54.sol#166-182) is declared view but contains assembly code
REPOPERC721.stringToBytes32 (/sb/0x0a2ea71d943bf917b410593194595e1f48d40e54.sol#431-443) is declared view but contains assembly code
Reference: https://github.com/trailofbits/slither/wiki/Detectors-Documentation#constant-functions-changing-the-state[0m
INFO:Detectors:[93m
ERC721 (/sb/0x0a2ea71d943bf917b410593194595e1f48d40e54.sol#94-111) has incorrect ERC20 function interface(s):
	-approve (/sb/0x0a2ea71d943bf917b410593194595e1f48d40e54.sol#94-95)
	-transferFrom (/sb/0x0a2ea71d943bf917b410593194595e1f48d40e54.sol#100-101)
	-transfer (/sb/0x0a2ea71d943bf917b410593194595e1f48d40e54.sol#101-103)
REPOPERC721 (/sb/0x0a2ea71d943bf917b410593194595e1f48d40e54.sol#211-459) has incorrect ERC20 function interface(s):
	-approve (/sb/0x0a2ea71d943bf917b410593194595e1f48d40e54.sol#252-260)
	-transferFrom (/sb/0x0a2ea71d943bf917b410593194595e1f48d40e54.sol#321-329)
	-transfer (/sb/0x0a2ea71d943bf917b410593194595e1f48d40e54.sol#310-318)
Reference: https://github.com/trailofbits/slither/wiki/Detectors-Documentation#incorrect-erc20-interface[0m
INFO:Detectors:[93m
Reentrancy in REPOPCore.cloneWithPopAndBottle (/sb/0x0a2ea71d943bf917b410593194595e1f48d40e54.sol#1257-1262):
	External calls:
	- require(bool)(getOwnershipForCloning(_aParentId)) (/sb/0x0a2ea71d943bf917b410593194595e1f48d40e54.sol#1261-1262)
	- genesMarket.useBottle(msg.sender,_bParentId_bottle) (/sb/0x0a2ea71d943bf917b410593194595e1f48d40e54.sol)
	- childGenes = geneScience.mixGenes(aParent.genes,bParent.genes) (/sb/0x0a2ea71d943bf917b410593194595e1f48d40e54.sol)
	State variables written after the call(s):
	- popIndexToOwner (/sb/0x0a2ea71d943bf917b410593194595e1f48d40e54.sol)
	- pops (/sb/0x0a2ea71d943bf917b410593194595e1f48d40e54.sol)
Reentrancy in REPOPCore.cloneWithTwoPops (/sb/0x0a2ea71d943bf917b410593194595e1f48d40e54.sol#1214-1255):
	External calls:
	- require(bool)(getOwnershipForCloning(_aParentId)) (/sb/0x0a2ea71d943bf917b410593194595e1f48d40e54.sol#1218-1221)
	- require(bool)(getOwnershipForCloning(_bParentId)) (/sb/0x0a2ea71d943bf917b410593194595e1f48d40e54.sol#1223)
	- childGenes = geneScience.mixGenes(aParent.genes,bParent.genes) (/sb/0x0a2ea71d943bf917b410593194595e1f48d40e54.sol#1239-1242)
	State variables written after the call(s):
	- popIndexToOwner (/sb/0x0a2ea71d943bf917b410593194595e1f48d40e54.sol#1250-1252)
	- pops (/sb/0x0a2ea71d943bf917b410593194595e1f48d40e54.sol#1246-1250)
Reference: https://github.com/trailofbits/slither/wiki/Detectors-Documentation#reentrancy-vulnerabilities-1[0m
INFO:Detectors:[92m
Reentrancy in REPOPCore.cloneWithPopAndBottle (/sb/0x0a2ea71d943bf917b410593194595e1f48d40e54.sol#1257-1262):
	External calls:
	- require(bool)(getOwnershipForCloning(_aParentId)) (/sb/0x0a2ea71d943bf917b410593194595e1f48d40e54.sol#1261-1262)
	- genesMarket.useBottle(msg.sender,_bParentId_bottle) (/sb/0x0a2ea71d943bf917b410593194595e1f48d40e54.sol)
	- childGenes = geneScience.mixGenes(aParent.genes,bParent.genes) (/sb/0x0a2ea71d943bf917b410593194595e1f48d40e54.sol)
	State variables written after the call(s):
	- ownershipTokenCount (/sb/0x0a2ea71d943bf917b410593194595e1f48d40e54.sol)
Reentrancy in REPOPCore.cloneWithTwoPops (/sb/0x0a2ea71d943bf917b410593194595e1f48d40e54.sol#1214-1255):
	External calls:
	- require(bool)(getOwnershipForCloning(_aParentId)) (/sb/0x0a2ea71d943bf917b410593194595e1f48d40e54.sol#1218-1221)
	- require(bool)(getOwnershipForCloning(_bParentId)) (/sb/0x0a2ea71d943bf917b410593194595e1f48d40e54.sol#1223)
	- childGenes = geneScience.mixGenes(aParent.genes,bParent.genes) (/sb/0x0a2ea71d943bf917b410593194595e1f48d40e54.sol#1239-1242)
	State variables written after the call(s):
	- ownershipTokenCount (/sb/0x0a2ea71d943bf917b410593194595e1f48d40e54.sol#1252)
Reentrancy in AuctionManager.createAuction (/sb/0x0a2ea71d943bf917b410593194595e1f48d40e54.sol#609-636):
	External calls:
	- _takeOwnershipOfTokenFrom(_itemForAuctionID,_seller) (/sb/0x0a2ea71d943bf917b410593194595e1f48d40e54.sol#615-616)
	State variables written after the call(s):
	- _auctionID2itemID (/sb/0x0a2ea71d943bf917b410593194595e1f48d40e54.sol#625-626)
	- _auctionsArray (/sb/0x0a2ea71d943bf917b410593194595e1f48d40e54.sol#621-624)
	- _auctionsArray (/sb/0x0a2ea71d943bf917b410593194595e1f48d40e54.sol#629-630)
	- _auctionsArray (/sb/0x0a2ea71d943bf917b410593194595e1f48d40e54.sol#631-632)
	- _auctionsArray (/sb/0x0a2ea71d943bf917b410593194595e1f48d40e54.sol#632)
	- _auctionsArray (/sb/0x0a2ea71d943bf917b410593194595e1f48d40e54.sol#633)
	- _auctionsArray (/sb/0x0a2ea71d943bf917b410593194595e1f48d40e54.sol#634)
	- _itemID2auctionID (/sb/0x0a2ea71d943bf917b410593194595e1f48d40e54.sol#624-625)
Reentrancy in REPOPCore.removeCooldown (/sb/0x0a2ea71d943bf917b410593194595e1f48d40e54.sol#1189-1198):
	External calls:
	- require(bool)(_ownerOfPopInAnyPlatform(popId)) (/sb/0x0a2ea71d943bf917b410593194595e1f48d40e54.sol#1193)
	State variables written after the call(s):
	- pops (/sb/0x0a2ea71d943bf917b410593194595e1f48d40e54.sol#1195-1197)
Reentrancy in MarketManager.sellPop (/sb/0x0a2ea71d943bf917b410593194595e1f48d40e54.sol#824-844):
	External calls:
	- _takeOwnershipOfTokenFrom(_popId,seller) (/sb/0x0a2ea71d943bf917b410593194595e1f48d40e54.sol#832)
	State variables written after the call(s):
	- _itemID2saleID (/sb/0x0a2ea71d943bf917b410593194595e1f48d40e54.sol#835-836)
	- _saleID2itemID (/sb/0x0a2ea71d943bf917b410593194595e1f48d40e54.sol#836-837)
	- _salesArray (/sb/0x0a2ea71d943bf917b410593194595e1f48d40e54.sol#834-835)
	- _salesArray (/sb/0x0a2ea71d943bf917b410593194595e1f48d40e54.sol#841)
	- _salesArray (/sb/0x0a2ea71d943bf917b410593194595e1f48d40e54.sol#841-842)
Reentrancy in REPOPCore.setAuctionManagerAddress (/sb/0x0a2ea71d943bf917b410593194595e1f48d40e54.sol#1104-1113):
	External calls:
	- require(bool)(candidateContract.isAuctionManager()) (/sb/0x0a2ea71d943bf917b410593194595e1f48d40e54.sol#1109-1110)
	State variables written after the call(s):
	- auctionManager (/sb/0x0a2ea71d943bf917b410593194595e1f48d40e54.sol#1110-1113)
Reentrancy in REPOPCore.setGeneScienceAddress (/sb/0x0a2ea71d943bf917b410593194595e1f48d40e54.sol#1126-1132):
	External calls:
	- require(bool)(candidateContract.isGeneScience()) (/sb/0x0a2ea71d943bf917b410593194595e1f48d40e54.sol#1129-1132)
	State variables written after the call(s):
	- geneScience (/sb/0x0a2ea71d943bf917b410593194595e1f48d40e54.sol#1132)
Reentrancy in REPOPCore.setGenesMarketAddress (/sb/0x0a2ea71d943bf917b410593194595e1f48d40e54.sol#1135-1143):
	External calls:
	- require(bool)(candidateContract.isGenesMarket()) (/sb/0x0a2ea71d943bf917b410593194595e1f48d40e54.sol#1139-1140)
	State variables written after the call(s):
	- genesMarket (/sb/0x0a2ea71d943bf917b410593194595e1f48d40e54.sol#1140-1143)
Reentrancy in REPOPCore.setMarketManagerAddress (/sb/0x0a2ea71d943bf917b410593194595e1f48d40e54.sol#1117-1122):
	External calls:
	- require(bool)(candidateContract.isMarketManager()) (/sb/0x0a2ea71d943bf917b410593194595e1f48d40e54.sol#1120-1121)
	State variables written after the call(s):
	- marketManager (/sb/0x0a2ea71d943bf917b410593194595e1f48d40e54.sol#1121-1122)
Reentrancy in REPOPCore.setPopName (/sb/0x0a2ea71d943bf917b410593194595e1f48d40e54.sol#1177-1189):
	External calls:
	- require(bool)(_ownerOfPopInAnyPlatform(popId)) (/sb/0x0a2ea71d943bf917b410593194595e1f48d40e54.sol#1180-1182)
	State variables written after the call(s):
	- pops (/sb/0x0a2ea71d943bf917b410593194595e1f48d40e54.sol#1187)
Reentrancy in GenesMarket.startSellingGenes (/sb/0x0a2ea71d943bf917b410593194595e1f48d40e54.sol#917-940):
	External calls:
	- _takeOwnershipOfTokenFrom(_popId,_seller) (/sb/0x0a2ea71d943bf917b410593194595e1f48d40e54.sol#922-924)
	State variables written after the call(s):
	- _geneSaleID2itemID (/sb/0x0a2ea71d943bf917b410593194595e1f48d40e54.sol#931-932)
	- _genesForSaleArray (/sb/0x0a2ea71d943bf917b410593194595e1f48d40e54.sol#928-930)
	- _genesForSaleArray (/sb/0x0a2ea71d943bf917b410593194595e1f48d40e54.sol#938)
	- _genesForSaleArray (/sb/0x0a2ea71d943bf917b410593194595e1f48d40e54.sol#939)
	- _itemID2geneSaleID (/sb/0x0a2ea71d943bf917b410593194595e1f48d40e54.sol#930)
Reference: https://github.com/trailofbits/slither/wiki/Detectors-Documentation#reentrancy-vulnerabilities-2[0m
INFO:Detectors:[92m
MetadataContract._memcpy uses assembly (/sb/0x0a2ea71d943bf917b410593194595e1f48d40e54.sol#150-166)
	- /sb/0x0a2ea71d943bf917b410593194595e1f48d40e54.sol#156-158
	- /sb/0x0a2ea71d943bf917b410593194595e1f48d40e54.sol#160-166
MetadataContract._toString uses assembly (/sb/0x0a2ea71d943bf917b410593194595e1f48d40e54.sol#166-182)
	- /sb/0x0a2ea71d943bf917b410593194595e1f48d40e54.sol#176-180
REPOPERC721.stringToBytes32 uses assembly (/sb/0x0a2ea71d943bf917b410593194595e1f48d40e54.sol#431-443)
	- /sb/0x0a2ea71d943bf917b410593194595e1f48d40e54.sol#438-443
Reference: https://github.com/trailofbits/slither/wiki/Detectors-Documentation#assembly-usage[0m
INFO:Detectors:[92m
AuctionManager.isAuctionManager should be constant (/sb/0x0a2ea71d943bf917b410593194595e1f48d40e54.sol#535-536)
AuctionManager.marginPerThousandForDevelopers should be constant (/sb/0x0a2ea71d943bf917b410593194595e1f48d40e54.sol#536-539)
AuctionManager.percentageBidIncrease should be constant (/sb/0x0a2ea71d943bf917b410593194595e1f48d40e54.sol#539)
GenesMarket.MAX_SELLING_PRICE should be constant (/sb/0x0a2ea71d943bf917b410593194595e1f48d40e54.sol#897-898)
GenesMarket.isGenesMarket should be constant (/sb/0x0a2ea71d943bf917b410593194595e1f48d40e54.sol#901)
GenesMarket.marginPerThousandForDevelopers should be constant (/sb/0x0a2ea71d943bf917b410593194595e1f48d40e54.sol#896-897)
MarketManager.MAX_SELLING_PRICE should be constant (/sb/0x0a2ea71d943bf917b410593194595e1f48d40e54.sol#733-734)
MarketManager.isMarketManager should be constant (/sb/0x0a2ea71d943bf917b410593194595e1f48d40e54.sol#730)
MarketManager.marginPerThousandForDevelopers should be constant (/sb/0x0a2ea71d943bf917b410593194595e1f48d40e54.sol#730-731)
Reference: https://github.com/trailofbits/slither/wiki/Detectors-Documentation#state-variables-that-could-be-declared-constant[0m
INFO:Detectors:[92m
REPOPAccessControl.unpause (/sb/0x0a2ea71d943bf917b410593194595e1f48d40e54.sol#69-74) should be declared external
REPOPERC721.implementsERC721 (/sb/0x0a2ea71d943bf917b410593194595e1f48d40e54.sol#265-266) should be declared external
ERC721.implementsERC721 (/sb/0x0a2ea71d943bf917b410593194595e1f48d40e54.sol#96-97) should be declared external
REPOPERC721.takeOwnership (/sb/0x0a2ea71d943bf917b410593194595e1f48d40e54.sol#272-282) should be declared external
ERC721.takeOwnership (/sb/0x0a2ea71d943bf917b410593194595e1f48d40e54.sol#98-99) should be declared external
REPOPERC721.transferFrom (/sb/0x0a2ea71d943bf917b410593194595e1f48d40e54.sol#321-329) should be declared external
ERC721.transferFrom (/sb/0x0a2ea71d943bf917b410593194595e1f48d40e54.sol#100-101) should be declared external
REPOPERC721.transfer (/sb/0x0a2ea71d943bf917b410593194595e1f48d40e54.sol#310-318) should be declared external
ERC721.transfer (/sb/0x0a2ea71d943bf917b410593194595e1f48d40e54.sol#101-103) should be declared external
REPOPERC721.tokenMetadata (/sb/0x0a2ea71d943bf917b410593194595e1f48d40e54.sol#227-235) should be declared external
ERC721.tokenMetadata (/sb/0x0a2ea71d943bf917b410593194595e1f48d40e54.sol#103-104) should be declared external
REPOPERC721.setMetadataContractAddress (/sb/0x0a2ea71d943bf917b410593194595e1f48d40e54.sol#235-240) should be declared external
REPOPERC721.getPop (/sb/0x0a2ea71d943bf917b410593194595e1f48d40e54.sol#387-413) should be declared external
MoneyManager.getBalance (/sb/0x0a2ea71d943bf917b410593194595e1f48d40e54.sol#486-488) should be declared external
AuctionManager.setERCContract (/sb/0x0a2ea71d943bf917b410593194595e1f48d40e54.sol#554-556) should be declared external
AuctionManager.createAuction (/sb/0x0a2ea71d943bf917b410593194595e1f48d40e54.sol#609-636) should be declared external
AuctionManager.bid (/sb/0x0a2ea71d943bf917b410593194595e1f48d40e54.sol#636-652) should be declared external
AuctionManager.endAuction (/sb/0x0a2ea71d943bf917b410593194595e1f48d40e54.sol#652-661) should be declared external
AuctionManager.getAuctionStartBid (/sb/0x0a2ea71d943bf917b410593194595e1f48d40e54.sol#700-701) should be declared external
AuctionManager.setAuctionStartBid (/sb/0x0a2ea71d943bf917b410593194595e1f48d40e54.sol#701-703) should be declared external
MarketManager.setERCContract (/sb/0x0a2ea71d943bf917b410593194595e1f48d40e54.sol#742-748) should be declared external
MarketManager.purchasePop (/sb/0x0a2ea71d943bf917b410593194595e1f48d40e54.sol#799-816) should be declared external
MarketManager.sellerOf (/sb/0x0a2ea71d943bf917b410593194595e1f48d40e54.sol#816-824) should be declared external
MarketManager.sellPop (/sb/0x0a2ea71d943bf917b410593194595e1f48d40e54.sol#824-844) should be declared external
MarketManager.cancelSellPop (/sb/0x0a2ea71d943bf917b410593194595e1f48d40e54.sol#845-850) should be declared external
MarketManager.changeSellPOPPrice (/sb/0x0a2ea71d943bf917b410593194595e1f48d40e54.sol#850-862) should be declared external
CloningInterface.isGeneScience (/sb/0x0a2ea71d943bf917b410593194595e1f48d40e54.sol#876-877) should be declared external
CloningInterface.mixGenes (/sb/0x0a2ea71d943bf917b410593194595e1f48d40e54.sol#877-880) should be declared external
GenesMarket.setERCContract (/sb/0x0a2ea71d943bf917b410593194595e1f48d40e54.sol#908-911) should be declared external
GenesMarket.startSellingGenes (/sb/0x0a2ea71d943bf917b410593194595e1f48d40e54.sol#917-940) should be declared external
GenesMarket.stopSellingGenes (/sb/0x0a2ea71d943bf917b410593194595e1f48d40e54.sol#940-950) should be declared external
GenesMarket.sellerOf (/sb/0x0a2ea71d943bf917b410593194595e1f48d40e54.sol#950-956) should be declared external
GenesMarket.purchaseGenes (/sb/0x0a2ea71d943bf917b410593194595e1f48d40e54.sol#961-979) should be declared external
GenesMarket.getGenesForSale (/sb/0x0a2ea71d943bf917b410593194595e1f48d40e54.sol#980-1001) should be declared external
GenesMarket.getGenesForSaleBySeller (/sb/0x0a2ea71d943bf917b410593194595e1f48d40e54.sol#1001-1030) should be declared external
GenesMarket.getAmountOfGene (/sb/0x0a2ea71d943bf917b410593194595e1f48d40e54.sol#1030-1035) should be declared external
GenesMarket.getMyGenes (/sb/0x0a2ea71d943bf917b410593194595e1f48d40e54.sol#1035-1052) should be declared external
GenesMarket.changeSellGenesPrice (/sb/0x0a2ea71d943bf917b410593194595e1f48d40e54.sol#1052-1064) should be declared external
REPOPCore.createNewAuction (/sb/0x0a2ea71d943bf917b410593194595e1f48d40e54.sol#1097-1104) should be declared external
REPOPCore.getAuctionManagerAddress (/sb/0x0a2ea71d943bf917b410593194595e1f48d40e54.sol#1113-1117) should be declared external
REPOPCore.getMarketManagerAddress (/sb/0x0a2ea71d943bf917b410593194595e1f48d40e54.sol#1122-1126) should be declared external
REPOPCore.getGeneScienceAddress (/sb/0x0a2ea71d943bf917b410593194595e1f48d40e54.sol#1132-1134) should be declared external
REPOPCore.getGenesMarketAddress (/sb/0x0a2ea71d943bf917b410593194595e1f48d40e54.sol#1143-1148) should be declared external
REPOPCore.sellPop (/sb/0x0a2ea71d943bf917b410593194595e1f48d40e54.sol#1149-1159) should be declared external
REPOPCore.sellGenes (/sb/0x0a2ea71d943bf917b410593194595e1f48d40e54.sol#1159-1168) should be declared external
REPOPCore.getOwnerInAnyPlatformById (/sb/0x0a2ea71d943bf917b410593194595e1f48d40e54.sol#1168-1177) should be declared external
REPOPCore.changeRefresherFee (/sb/0x0a2ea71d943bf917b410593194595e1f48d40e54.sol#1212-1214) should be declared external
Reference: https://github.com/trailofbits/slither/wiki/Detectors-Documentation#public-function-that-could-be-declared-as-external[0m
INFO:Detectors:[92m
Detected issues with version pragma in /sb/0x0a2ea71d943bf917b410593194595e1f48d40e54.sol:
	- pragma solidity^0.4.21 (/sb/0x0a2ea71d943bf917b410593194595e1f48d40e54.sol#1): it allows old versions
Reference: https://github.com/trailofbits/slither/wiki/Detectors-Documentation#incorrect-version-of-solidity[0m
INFO:Detectors:[92m
Low level call in CarefulTransfer.carefulSendWithFixedGas (/sb/0x0a2ea71d943bf917b410593194595e1f48d40e54.sol#460-464):
	-_toAddress.call.value(_valueWei).gas(_extraGasIncluded)() /sb/0x0a2ea71d943bf917b410593194595e1f48d40e54.sol#463-464
Reference: https://github.com/trailofbits/slither/wiki/Detectors-Documentation#low-level-calls[0m
INFO:Detectors:[92m
Parameter '_newCEO' of REPOPAccessControl.setCEO (/sb/0x0a2ea71d943bf917b410593194595e1f48d40e54.sol#35-36) is not in mixedCase
Parameter '_newCFO' of REPOPAccessControl.setCFO (/sb/0x0a2ea71d943bf917b410593194595e1f48d40e54.sol#42) is not in mixedCase
Parameter '_newCOO' of REPOPAccessControl.setCOO (/sb/0x0a2ea71d943bf917b410593194595e1f48d40e54.sol#48) is not in mixedCase
Parameter '_tokenId' of MetadataContract.getMetadata (/sb/0x0a2ea71d943bf917b410593194595e1f48d40e54.sol#142) is not in mixedCase
Function 'MetadataContract._memcpy' (/sb/0x0a2ea71d943bf917b410593194595e1f48d40e54.sol#150-166) is not in mixedCase
Parameter '_dest' of MetadataContract._memcpy (/sb/0x0a2ea71d943bf917b410593194595e1f48d40e54.sol#150) is not in mixedCase
Parameter '_src' of MetadataContract._memcpy (/sb/0x0a2ea71d943bf917b410593194595e1f48d40e54.sol#151) is not in mixedCase
Parameter '_len' of MetadataContract._memcpy (/sb/0x0a2ea71d943bf917b410593194595e1f48d40e54.sol#151-152) is not in mixedCase
Function 'MetadataContract._toString' (/sb/0x0a2ea71d943bf917b410593194595e1f48d40e54.sol#166-182) is not in mixedCase
Parameter '_stringLength' of MetadataContract._toString (/sb/0x0a2ea71d943bf917b410593194595e1f48d40e54.sol#169-170) is not in mixedCase
Parameter '_tokenId' of MetadataContract.getMetadataUrl (/sb/0x0a2ea71d943bf917b410593194595e1f48d40e54.sol#184) is not in mixedCase
Parameter '_to' of REPOPERC721.approve (/sb/0x0a2ea71d943bf917b410593194595e1f48d40e54.sol#252) is not in mixedCase
Parameter '_tokenId' of REPOPERC721.approve (/sb/0x0a2ea71d943bf917b410593194595e1f48d40e54.sol#252) is not in mixedCase
Parameter '_owner' of REPOPERC721.balanceOf (/sb/0x0a2ea71d943bf917b410593194595e1f48d40e54.sol#260) is not in mixedCase
Parameter '_tokenId' of REPOPERC721.ownerOf (/sb/0x0a2ea71d943bf917b410593194595e1f48d40e54.sol#267) is not in mixedCase
Parameter '_tokenId' of REPOPERC721.takeOwnership (/sb/0x0a2ea71d943bf917b410593194595e1f48d40e54.sol#273) is not in mixedCase
Parameter '_from' of REPOPERC721.transferFrom (/sb/0x0a2ea71d943bf917b410593194595e1f48d40e54.sol#321) is not in mixedCase
Parameter '_to' of REPOPERC721.transferFrom (/sb/0x0a2ea71d943bf917b410593194595e1f48d40e54.sol#321) is not in mixedCase
Parameter '_tokenId' of REPOPERC721.transferFrom (/sb/0x0a2ea71d943bf917b410593194595e1f48d40e54.sol#321) is not in mixedCase
Parameter '_to' of REPOPERC721.transfer (/sb/0x0a2ea71d943bf917b410593194595e1f48d40e54.sol#310) is not in mixedCase
Parameter '_tokenId' of REPOPERC721.transfer (/sb/0x0a2ea71d943bf917b410593194595e1f48d40e54.sol#310-311) is not in mixedCase
Parameter '_tokenId' of REPOPERC721.tokenMetadata (/sb/0x0a2ea71d943bf917b410593194595e1f48d40e54.sol#228-230) is not in mixedCase
Parameter '_interfaceID' of REPOPERC721.supportsInterface (/sb/0x0a2ea71d943bf917b410593194595e1f48d40e54.sol#243-245) is not in mixedCase
Parameter '_owner' of REPOPERC721.tokensOfOwner (/sb/0x0a2ea71d943bf917b410593194595e1f48d40e54.sol#283) is not in mixedCase
Function 'REPOPERC721._addressNotNull' (/sb/0x0a2ea71d943bf917b410593194595e1f48d40e54.sol#329-333) is not in mixedCase
Parameter '_to' of REPOPERC721._addressNotNull (/sb/0x0a2ea71d943bf917b410593194595e1f48d40e54.sol#330) is not in mixedCase
Function 'REPOPERC721._approved' (/sb/0x0a2ea71d943bf917b410593194595e1f48d40e54.sol#333-335) is not in mixedCase
Parameter '_to' of REPOPERC721._approved (/sb/0x0a2ea71d943bf917b410593194595e1f48d40e54.sol#333-334) is not in mixedCase
Parameter '_tokenId' of REPOPERC721._approved (/sb/0x0a2ea71d943bf917b410593194595e1f48d40e54.sol#334) is not in mixedCase
Function 'REPOPERC721._owns' (/sb/0x0a2ea71d943bf917b410593194595e1f48d40e54.sol#336-338) is not in mixedCase
Parameter '_tokenId' of REPOPERC721._owns (/sb/0x0a2ea71d943bf917b410593194595e1f48d40e54.sol#336-337) is not in mixedCase
Function 'REPOPERC721._transfer' (/sb/0x0a2ea71d943bf917b410593194595e1f48d40e54.sol#339-351) is not in mixedCase
Parameter '_to' of REPOPERC721._transfer (/sb/0x0a2ea71d943bf917b410593194595e1f48d40e54.sol#341) is not in mixedCase
Parameter '_tokenID' of REPOPERC721._transfer (/sb/0x0a2ea71d943bf917b410593194595e1f48d40e54.sol#341) is not in mixedCase
Parameter '_popId' of REPOPERC721.getPop (/sb/0x0a2ea71d943bf917b410593194595e1f48d40e54.sol#387) is not in mixedCase
Function 'REPOPERC721._triggerCooldown' (/sb/0x0a2ea71d943bf917b410593194595e1f48d40e54.sol#426-431) is not in mixedCase
Parameter '_pop' of REPOPERC721._triggerCooldown (/sb/0x0a2ea71d943bf917b410593194595e1f48d40e54.sol#427-430) is not in mixedCase
Constant 'REPOPERC721.InterfaceSignature_ERC165' (/sb/0x0a2ea71d943bf917b410593194595e1f48d40e54.sol#213-215) is not in UPPER_CASE_WITH_UNDERSCORES
Constant 'REPOPERC721.InterfaceSignature_ERC721' (/sb/0x0a2ea71d943bf917b410593194595e1f48d40e54.sol#216-227) is not in UPPER_CASE_WITH_UNDERSCORES
Parameter '_toAddress' of CarefulTransfer.carefulSendWithFixedGas (/sb/0x0a2ea71d943bf917b410593194595e1f48d40e54.sol#460) is not in mixedCase
Parameter '_valueWei' of CarefulTransfer.carefulSendWithFixedGas (/sb/0x0a2ea71d943bf917b410593194595e1f48d40e54.sol#460-461) is not in mixedCase
Parameter '_extraGasIncluded' of CarefulTransfer.carefulSendWithFixedGas (/sb/0x0a2ea71d943bf917b410593194595e1f48d40e54.sol#461) is not in mixedCase
Constant 'CarefulTransfer.suggestedExtraGasToIncludeWithSends' (/sb/0x0a2ea71d943bf917b410593194595e1f48d40e54.sol#459) is not in UPPER_CASE_WITH_UNDERSCORES
Function 'MoneyManager._repopTransaction' (/sb/0x0a2ea71d943bf917b410593194595e1f48d40e54.sol#468-483) is not in mixedCase
Parameter '_receiver' of MoneyManager._repopTransaction (/sb/0x0a2ea71d943bf917b410593194595e1f48d40e54.sol#469) is not in mixedCase
Parameter '_amountWei' of MoneyManager._repopTransaction (/sb/0x0a2ea71d943bf917b410593194595e1f48d40e54.sol#469-470) is not in mixedCase
Parameter '_marginPerThousandForDevelopers' of MoneyManager._repopTransaction (/sb/0x0a2ea71d943bf917b410593194595e1f48d40e54.sol#470-473) is not in mixedCase
Parameter '_rawValueWei' of RoundMoneyNicely.roundMoneyDownNicely (/sb/0x0a2ea71d943bf917b410593194595e1f48d40e54.sol#489) is not in mixedCase
Parameter '_valueWei' of RoundMoneyNicely.roundMoneyUpToWholeFinney (/sb/0x0a2ea71d943bf917b410593194595e1f48d40e54.sol#517) is not in mixedCase
Function 'AuctionManager.AuctionManager' (/sb/0x0a2ea71d943bf917b410593194595e1f48d40e54.sol#549-554) is not in mixedCase
Parameter '_itemForAuctionID' of AuctionManager.createAuction (/sb/0x0a2ea71d943bf917b410593194595e1f48d40e54.sol#609) is not in mixedCase
Parameter '_auctionDurationSeconds' of AuctionManager.createAuction (/sb/0x0a2ea71d943bf917b410593194595e1f48d40e54.sol#609-610) is not in mixedCase
Parameter '_seller' of AuctionManager.createAuction (/sb/0x0a2ea71d943bf917b410593194595e1f48d40e54.sol#610) is not in mixedCase
Parameter '_auctionID' of AuctionManager.requiredBid (/sb/0x0a2ea71d943bf917b410593194595e1f48d40e54.sol#661) is not in mixedCase
Parameter '_itemForAuctionID' of AuctionManager.getAuction (/sb/0x0a2ea71d943bf917b410593194595e1f48d40e54.sol#671) is not in mixedCase
Parameter '_auctionStartBid' of AuctionManager.setAuctionStartBid (/sb/0x0a2ea71d943bf917b410593194595e1f48d40e54.sol#702) is not in mixedCase
Function 'AuctionManager._addressNotNull' (/sb/0x0a2ea71d943bf917b410593194595e1f48d40e54.sol#703-711) is not in mixedCase
Parameter '_to' of AuctionManager._addressNotNull (/sb/0x0a2ea71d943bf917b410593194595e1f48d40e54.sol#703-705) is not in mixedCase
Function 'AuctionManager._takeOwnershipOfToken' (/sb/0x0a2ea71d943bf917b410593194595e1f48d40e54.sol#711-714) is not in mixedCase
Parameter '_itemForAuctionID' of AuctionManager._takeOwnershipOfToken (/sb/0x0a2ea71d943bf917b410593194595e1f48d40e54.sol#712) is not in mixedCase
Function 'AuctionManager._takeOwnershipOfTokenFrom' (/sb/0x0a2ea71d943bf917b410593194595e1f48d40e54.sol#714-719) is not in mixedCase
Parameter '_itemForAuctionID' of AuctionManager._takeOwnershipOfTokenFrom (/sb/0x0a2ea71d943bf917b410593194595e1f48d40e54.sol#714-715) is not in mixedCase
Variable 'AuctionManager._itemID2auctionID' (/sb/0x0a2ea71d943bf917b410593194595e1f48d40e54.sol#543-545) is not in mixedCase
Variable 'AuctionManager._auctionID2itemID' (/sb/0x0a2ea71d943bf917b410593194595e1f48d40e54.sol#545-548) is not in mixedCase
Variable 'AuctionManager._auctionsArray' (/sb/0x0a2ea71d943bf917b410593194595e1f48d40e54.sol#548) is not in mixedCase
Function 'MarketManager.MarketManager' (/sb/0x0a2ea71d943bf917b410593194595e1f48d40e54.sol#738-742) is not in mixedCase
Parameter '_popId' of MarketManager.purchasePop (/sb/0x0a2ea71d943bf917b410593194595e1f48d40e54.sol#800) is not in mixedCase
Parameter '_popId' of MarketManager.sellerOf (/sb/0x0a2ea71d943bf917b410593194595e1f48d40e54.sol#817) is not in mixedCase
Parameter '_popId' of MarketManager.sellPop (/sb/0x0a2ea71d943bf917b410593194595e1f48d40e54.sol#824) is not in mixedCase
Parameter '_sellingPrice' of MarketManager.sellPop (/sb/0x0a2ea71d943bf917b410593194595e1f48d40e54.sol#824-825) is not in mixedCase
Parameter '_popId' of MarketManager.cancelSellPop (/sb/0x0a2ea71d943bf917b410593194595e1f48d40e54.sol#845) is not in mixedCase
Parameter '_popId' of MarketManager.changeSellPOPPrice (/sb/0x0a2ea71d943bf917b410593194595e1f48d40e54.sol#854) is not in mixedCase
Parameter '_newSellingValue' of MarketManager.changeSellPOPPrice (/sb/0x0a2ea71d943bf917b410593194595e1f48d40e54.sol#855) is not in mixedCase
Function 'MarketManager._addressNotNull' (/sb/0x0a2ea71d943bf917b410593194595e1f48d40e54.sol#862-866) is not in mixedCase
Parameter '_to' of MarketManager._addressNotNull (/sb/0x0a2ea71d943bf917b410593194595e1f48d40e54.sol#862) is not in mixedCase
Function 'MarketManager._takeOwnershipOfToken' (/sb/0x0a2ea71d943bf917b410593194595e1f48d40e54.sol#866-870) is not in mixedCase
Parameter '_itemForAuctionID' of MarketManager._takeOwnershipOfToken (/sb/0x0a2ea71d943bf917b410593194595e1f48d40e54.sol#869) is not in mixedCase
Function 'MarketManager._takeOwnershipOfTokenFrom' (/sb/0x0a2ea71d943bf917b410593194595e1f48d40e54.sol#870-875) is not in mixedCase
Parameter '_itemForAuctionID' of MarketManager._takeOwnershipOfTokenFrom (/sb/0x0a2ea71d943bf917b410593194595e1f48d40e54.sol#871-872) is not in mixedCase
Variable 'MarketManager.MAX_SELLING_PRICE' (/sb/0x0a2ea71d943bf917b410593194595e1f48d40e54.sol#733-734) is not in mixedCase
Variable 'MarketManager._itemID2saleID' (/sb/0x0a2ea71d943bf917b410593194595e1f48d40e54.sol#734-735) is not in mixedCase
Variable 'MarketManager._saleID2itemID' (/sb/0x0a2ea71d943bf917b410593194595e1f48d40e54.sol#735-738) is not in mixedCase
Variable 'MarketManager._salesArray' (/sb/0x0a2ea71d943bf917b410593194595e1f48d40e54.sol#738) is not in mixedCase
Function 'GenesMarket.GenesMarket' (/sb/0x0a2ea71d943bf917b410593194595e1f48d40e54.sol#901-906) is not in mixedCase
Parameter '_popId' of GenesMarket.startSellingGenes (/sb/0x0a2ea71d943bf917b410593194595e1f48d40e54.sol#917-918) is not in mixedCase
Parameter '_sellingPrice' of GenesMarket.startSellingGenes (/sb/0x0a2ea71d943bf917b410593194595e1f48d40e54.sol#918) is not in mixedCase
Parameter '_seller' of GenesMarket.startSellingGenes (/sb/0x0a2ea71d943bf917b410593194595e1f48d40e54.sol#918) is not in mixedCase
Parameter '_popId' of GenesMarket.stopSellingGenes (/sb/0x0a2ea71d943bf917b410593194595e1f48d40e54.sol#940) is not in mixedCase
Parameter '_popId' of GenesMarket.sellerOf (/sb/0x0a2ea71d943bf917b410593194595e1f48d40e54.sol#951) is not in mixedCase
Parameter '_user' of GenesMarket.useBottle (/sb/0x0a2ea71d943bf917b410593194595e1f48d40e54.sol#958) is not in mixedCase
Parameter '_popId' of GenesMarket.useBottle (/sb/0x0a2ea71d943bf917b410593194595e1f48d40e54.sol#958) is not in mixedCase
Parameter '_popId' of GenesMarket.purchaseGenes (/sb/0x0a2ea71d943bf917b410593194595e1f48d40e54.sol#963) is not in mixedCase
Parameter '_amountGenes' of GenesMarket.purchaseGenes (/sb/0x0a2ea71d943bf917b410593194595e1f48d40e54.sol#963) is not in mixedCase
Parameter '_popId' of GenesMarket.getAmountOfGene (/sb/0x0a2ea71d943bf917b410593194595e1f48d40e54.sol#1030-1032) is not in mixedCase
Parameter '_popId' of GenesMarket.changeSellGenesPrice (/sb/0x0a2ea71d943bf917b410593194595e1f48d40e54.sol#1052) is not in mixedCase
Parameter '_newSellingValue' of GenesMarket.changeSellGenesPrice (/sb/0x0a2ea71d943bf917b410593194595e1f48d40e54.sol#1053) is not in mixedCase
Function 'GenesMarket._takeOwnershipOfTokenFrom' (/sb/0x0a2ea71d943bf917b410593194595e1f48d40e54.sol#1065-1069) is not in mixedCase
Parameter '_popId' of GenesMarket._takeOwnershipOfTokenFrom (/sb/0x0a2ea71d943bf917b410593194595e1f48d40e54.sol#1065-1068) is not in mixedCase
Variable 'GenesMarket._itemID2geneSaleID' (/sb/0x0a2ea71d943bf917b410593194595e1f48d40e54.sol#892-893) is not in mixedCase
Variable 'GenesMarket._geneSaleID2itemID' (/sb/0x0a2ea71d943bf917b410593194595e1f48d40e54.sol#893-896) is not in mixedCase
Variable 'GenesMarket._genesForSaleArray' (/sb/0x0a2ea71d943bf917b410593194595e1f48d40e54.sol#896) is not in mixedCase
Variable 'GenesMarket.MAX_SELLING_PRICE' (/sb/0x0a2ea71d943bf917b410593194595e1f48d40e54.sol#897-898) is not in mixedCase
Variable 'GenesMarket._genesOwned' (/sb/0x0a2ea71d943bf917b410593194595e1f48d40e54.sol#898-899) is not in mixedCase
Variable 'GenesMarket._ownedGenesPopsId' (/sb/0x0a2ea71d943bf917b410593194595e1f48d40e54.sol#900-901) is not in mixedCase
Function 'REPOPCore.REPOPCore' (/sb/0x0a2ea71d943bf917b410593194595e1f48d40e54.sol#1091-1097) is not in mixedCase
Parameter '_itemForAuctionID' of REPOPCore.createNewAuction (/sb/0x0a2ea71d943bf917b410593194595e1f48d40e54.sol#1098) is not in mixedCase
Parameter '_auctionDurationSeconds' of REPOPCore.createNewAuction (/sb/0x0a2ea71d943bf917b410593194595e1f48d40e54.sol#1098-1099) is not in mixedCase
Parameter '_address' of REPOPCore.setAuctionManagerAddress (/sb/0x0a2ea71d943bf917b410593194595e1f48d40e54.sol#1107) is not in mixedCase
Parameter '_address' of REPOPCore.setMarketManagerAddress (/sb/0x0a2ea71d943bf917b410593194595e1f48d40e54.sol#1118) is not in mixedCase
Parameter '_address' of REPOPCore.setGeneScienceAddress (/sb/0x0a2ea71d943bf917b410593194595e1f48d40e54.sol#1127) is not in mixedCase
Parameter '_address' of REPOPCore.setGenesMarketAddress (/sb/0x0a2ea71d943bf917b410593194595e1f48d40e54.sol#1136) is not in mixedCase
Parameter '_popId' of REPOPCore.sellPop (/sb/0x0a2ea71d943bf917b410593194595e1f48d40e54.sol#1149) is not in mixedCase
Parameter '_price' of REPOPCore.sellPop (/sb/0x0a2ea71d943bf917b410593194595e1f48d40e54.sol#1149-1150) is not in mixedCase
Parameter '_popId' of REPOPCore.sellGenes (/sb/0x0a2ea71d943bf917b410593194595e1f48d40e54.sol#1161) is not in mixedCase
Parameter '_price' of REPOPCore.sellGenes (/sb/0x0a2ea71d943bf917b410593194595e1f48d40e54.sol#1161) is not in mixedCase
Function 'REPOPCore._ownerOfPopInAnyPlatform' (/sb/0x0a2ea71d943bf917b410593194595e1f48d40e54.sol#1198-1207) is not in mixedCase
Parameter '_popId' of REPOPCore._ownerOfPopInAnyPlatform (/sb/0x0a2ea71d943bf917b410593194595e1f48d40e54.sol#1199) is not in mixedCase
Parameter '_popId' of REPOPCore.getOwnershipForCloning (/sb/0x0a2ea71d943bf917b410593194595e1f48d40e54.sol#1207-1209) is not in mixedCase
Parameter '_newFee' of REPOPCore.changeRefresherFee (/sb/0x0a2ea71d943bf917b410593194595e1f48d40e54.sol#1212) is not in mixedCase
Parameter '_aParentId' of REPOPCore.cloneWithTwoPops (/sb/0x0a2ea71d943bf917b410593194595e1f48d40e54.sol#1215) is not in mixedCase
Parameter '_bParentId' of REPOPCore.cloneWithTwoPops (/sb/0x0a2ea71d943bf917b410593194595e1f48d40e54.sol#1215) is not in mixedCase
Parameter '_aParentId' of REPOPCore.cloneWithPopAndBottle (/sb/0x0a2ea71d943bf917b410593194595e1f48d40e54.sol#1257) is not in mixedCase
Parameter '_bParentId_bottle' of REPOPCore.cloneWithPopAndBottle (/sb/0x0a2ea71d943bf917b410593194595e1f48d40e54.sol#1257) is not in mixedCase
Reference: https://github.com/trailofbits/slither/wiki/Detectors-Documentation#conformance-to-solidity-naming-conventions[0m
INFO:Detectors:[92m
REPOPERC721 (/sb/0x0a2ea71d943bf917b410593194595e1f48d40e54.sol#211-459) does not mark important ERC20 parameters as 'indexed':
	-Transfer (/sb/0x0a2ea71d943bf917b410593194595e1f48d40e54.sol#356-358) does not index parameter 'from'
	-Transfer (/sb/0x0a2ea71d943bf917b410593194595e1f48d40e54.sol#356-358) does not index parameter 'to'
Reference: https://github.com/trailofbits/slither/wiki/Detectors-Documentation#unindexed-erc20-event-parameters[0m
INFO:Detectors:[92m
CarefulTransfer.suggestedExtraGasToIncludeWithSends (/sb/0x0a2ea71d943bf917b410593194595e1f48d40e54.sol#459) is never used in AuctionManager
CarefulTransfer.suggestedExtraGasToIncludeWithSends (/sb/0x0a2ea71d943bf917b410593194595e1f48d40e54.sol#459) is never used in MarketManager
CarefulTransfer.suggestedExtraGasToIncludeWithSends (/sb/0x0a2ea71d943bf917b410593194595e1f48d40e54.sol#459) is never used in GenesMarket
CarefulTransfer.suggestedExtraGasToIncludeWithSends (/sb/0x0a2ea71d943bf917b410593194595e1f48d40e54.sol#459) is never used in REPOPCore
Reference: https://github.com/trailofbits/slither/wiki/Detectors-Documentation#unused-state-variables[0m
INFO:Slither:/sb/0x0a2ea71d943bf917b410593194595e1f48d40e54.sol analyzed (14 contracts), 199 result(s) found
