INFO:Detectors:[92m
MoonProjectToken.name should be constant (/sb/0x0d068b35c5eda0fe336fe629718c00dbde36d27a.sol#63-64)
MoonProjectToken.stakingRequirement should be constant (/sb/0x0d068b35c5eda0fe336fe629718c00dbde36d27a.sol#76-77)
MoonProjectToken.symbol should be constant (/sb/0x0d068b35c5eda0fe336fe629718c00dbde36d27a.sol#64)
Reference: https://github.com/trailofbits/slither/wiki/Detectors-Documentation#state-variables-that-could-be-declared-constant[0m
INFO:Detectors:[92m
MoonProjectToken.buy (/sb/0x0d068b35c5eda0fe336fe629718c00dbde36d27a.sol#83-90) should be declared external
MoonProjectToken.fallback (/sb/0x0d068b35c5eda0fe336fe629718c00dbde36d27a.sol#90-91) should be declared external
MoonProjectToken.reinvest (/sb/0x0d068b35c5eda0fe336fe629718c00dbde36d27a.sol#92-102) should be declared external
MoonProjectToken.exit (/sb/0x0d068b35c5eda0fe336fe629718c00dbde36d27a.sol#102-109) should be declared external
MoonProjectToken.transfer (/sb/0x0d068b35c5eda0fe336fe629718c00dbde36d27a.sol#141-167) should be declared external
MoonProjectToken.totalEthereumBalance (/sb/0x0d068b35c5eda0fe336fe629718c00dbde36d27a.sol#168-172) should be declared external
MoonProjectToken.totalSupply (/sb/0x0d068b35c5eda0fe336fe629718c00dbde36d27a.sol#172-176) should be declared external
MoonProjectToken.sellPrice (/sb/0x0d068b35c5eda0fe336fe629718c00dbde36d27a.sol#192-206) should be declared external
MoonProjectToken.calculateTokensReceived (/sb/0x0d068b35c5eda0fe336fe629718c00dbde36d27a.sol#216-225) should be declared external
MoonProjectToken.calculateEthereumReceived (/sb/0x0d068b35c5eda0fe336fe629718c00dbde36d27a.sol#225-233) should be declared external
Reference: https://github.com/trailofbits/slither/wiki/Detectors-Documentation#public-function-that-could-be-declared-as-external[0m
INFO:Detectors:[92m
Event 'MoonProjectToken.onTokenPurchase' (/sb/0x0d068b35c5eda0fe336fe629718c00dbde36d27a.sol#29-38) is not in CapWords
Event 'MoonProjectToken.onTokenSell' (/sb/0x0d068b35c5eda0fe336fe629718c00dbde36d27a.sol#38-46) is not in CapWords
Event 'MoonProjectToken.onReinvestment' (/sb/0x0d068b35c5eda0fe336fe629718c00dbde36d27a.sol#46-52) is not in CapWords
Event 'MoonProjectToken.onWithdraw' (/sb/0x0d068b35c5eda0fe336fe629718c00dbde36d27a.sol#52-58) is not in CapWords
Parameter '_referredBy' of MoonProjectToken.buy (/sb/0x0d068b35c5eda0fe336fe629718c00dbde36d27a.sol#83) is not in mixedCase
Parameter '_amountOfTokens' of MoonProjectToken.sell (/sb/0x0d068b35c5eda0fe336fe629718c00dbde36d27a.sol#119) is not in mixedCase
Parameter '_toAddress' of MoonProjectToken.transfer (/sb/0x0d068b35c5eda0fe336fe629718c00dbde36d27a.sol#142) is not in mixedCase
Parameter '_amountOfTokens' of MoonProjectToken.transfer (/sb/0x0d068b35c5eda0fe336fe629718c00dbde36d27a.sol#142) is not in mixedCase
Parameter '_includeReferralBonus' of MoonProjectToken.myDividends (/sb/0x0d068b35c5eda0fe336fe629718c00dbde36d27a.sol#178) is not in mixedCase
Parameter '_customerAddress' of MoonProjectToken.balanceOf (/sb/0x0d068b35c5eda0fe336fe629718c00dbde36d27a.sol#185-186) is not in mixedCase
Parameter '_customerAddress' of MoonProjectToken.dividendsOf (/sb/0x0d068b35c5eda0fe336fe629718c00dbde36d27a.sol#186-189) is not in mixedCase
Parameter '_ethereumToSpend' of MoonProjectToken.calculateTokensReceived (/sb/0x0d068b35c5eda0fe336fe629718c00dbde36d27a.sol#216-217) is not in mixedCase
Parameter '_tokensToSell' of MoonProjectToken.calculateEthereumReceived (/sb/0x0d068b35c5eda0fe336fe629718c00dbde36d27a.sol#225-226) is not in mixedCase
Parameter '_incomingEthereum' of MoonProjectToken.purchaseTokens (/sb/0x0d068b35c5eda0fe336fe629718c00dbde36d27a.sol#234) is not in mixedCase
Parameter '_referredBy' of MoonProjectToken.purchaseTokens (/sb/0x0d068b35c5eda0fe336fe629718c00dbde36d27a.sol#234) is not in mixedCase
Parameter '_ethereum' of MoonProjectToken.ethereumToTokens_ (/sb/0x0d068b35c5eda0fe336fe629718c00dbde36d27a.sol#278-279) is not in mixedCase
Parameter '_tokens' of MoonProjectToken.tokensToEthereum_ (/sb/0x0d068b35c5eda0fe336fe629718c00dbde36d27a.sol#303-304) is not in mixedCase
Constant 'MoonProjectToken.boss' (/sb/0x0d068b35c5eda0fe336fe629718c00dbde36d27a.sol#64-66) is not in UPPER_CASE_WITH_UNDERSCORES
Constant 'MoonProjectToken.entryFee_' (/sb/0x0d068b35c5eda0fe336fe629718c00dbde36d27a.sol#67-68) is not in UPPER_CASE_WITH_UNDERSCORES
Constant 'MoonProjectToken.transferFee_' (/sb/0x0d068b35c5eda0fe336fe629718c00dbde36d27a.sol#68-69) is not in UPPER_CASE_WITH_UNDERSCORES
Constant 'MoonProjectToken.exitFee_' (/sb/0x0d068b35c5eda0fe336fe629718c00dbde36d27a.sol#69-70) is not in UPPER_CASE_WITH_UNDERSCORES
Constant 'MoonProjectToken.refferalFee_' (/sb/0x0d068b35c5eda0fe336fe629718c00dbde36d27a.sol#70-71) is not in UPPER_CASE_WITH_UNDERSCORES
Constant 'MoonProjectToken.ownerFee1' (/sb/0x0d068b35c5eda0fe336fe629718c00dbde36d27a.sol#71-72) is not in UPPER_CASE_WITH_UNDERSCORES
Constant 'MoonProjectToken.ownerFee2' (/sb/0x0d068b35c5eda0fe336fe629718c00dbde36d27a.sol#72-73) is not in UPPER_CASE_WITH_UNDERSCORES
Constant 'MoonProjectToken.tokenPriceInitial_' (/sb/0x0d068b35c5eda0fe336fe629718c00dbde36d27a.sol#73-74) is not in UPPER_CASE_WITH_UNDERSCORES
Constant 'MoonProjectToken.tokenPriceIncremental_' (/sb/0x0d068b35c5eda0fe336fe629718c00dbde36d27a.sol#74-75) is not in UPPER_CASE_WITH_UNDERSCORES
Constant 'MoonProjectToken.magnitude' (/sb/0x0d068b35c5eda0fe336fe629718c00dbde36d27a.sol#75-76) is not in UPPER_CASE_WITH_UNDERSCORES
Reference: https://github.com/trailofbits/slither/wiki/Detectors-Documentation#conformance-to-solidity-naming-conventions[0m
INFO:Slither:/sb/0x0d068b35c5eda0fe336fe629718c00dbde36d27a.sol analyzed (2 contracts), 38 result(s) found
