INFO:Slither:Compilation warnings/errors on /sb/0x68914f948f37f1273d86c03130efaab97bc7ee3f.sol:
/sb/0x68914f948f37f1273d86c03130efaab97bc7ee3f.sol:22:3: Warning: Defining constructors as functions with the same name as the contract is deprecated. Use "constructor(...) { ... }" instead.
  function Ownable() public {
  ^ (Relevant source part starts here and spans across multiple lines).
/sb/0x68914f948f37f1273d86c03130efaab97bc7ee3f.sol:390:2: Warning: Defining constructors as functions with the same name as the contract is deprecated. Use "constructor(...) { ... }" instead.
	function WfcpToken(address admin) public {
 ^ (Relevant source part starts here and spans across multiple lines).
/sb/0x68914f948f37f1273d86c03130efaab97bc7ee3f.sol:40:5: Warning: Invoking events without "emit" prefix is deprecated.
    OwnershipTransferred(owner, newOwner);
    ^-----------------------------------^
/sb/0x68914f948f37f1273d86c03130efaab97bc7ee3f.sol:151:5: Warning: Invoking events without "emit" prefix is deprecated.
    Transfer(msg.sender, _to, _value);
    ^-------------------------------^
/sb/0x68914f948f37f1273d86c03130efaab97bc7ee3f.sol:216:5: Warning: Invoking events without "emit" prefix is deprecated.
    Transfer(_from, _to, _value);
    ^--------------------------^
/sb/0x68914f948f37f1273d86c03130efaab97bc7ee3f.sol:232:5: Warning: Invoking events without "emit" prefix is deprecated.
    Approval(msg.sender, _spender, _value);
    ^------------------------------------^
/sb/0x68914f948f37f1273d86c03130efaab97bc7ee3f.sol:258:5: Warning: Invoking events without "emit" prefix is deprecated.
    Approval(msg.sender, _spender, allowed[msg.sender][_spender]);
    ^-----------------------------------------------------------^
/sb/0x68914f948f37f1273d86c03130efaab97bc7ee3f.sol:279:5: Warning: Invoking events without "emit" prefix is deprecated.
    Approval(msg.sender, _spender, allowed[msg.sender][_spender]);
    ^-----------------------------------------------------------^
/sb/0x68914f948f37f1273d86c03130efaab97bc7ee3f.sol:311:5: Warning: Invoking events without "emit" prefix is deprecated.
    Burn(burner, _value);
    ^------------------^
/sb/0x68914f948f37f1273d86c03130efaab97bc7ee3f.sol:395:3: Warning: Invoking events without "emit" prefix is deprecated.
		Transfer(address(0x0), msg.sender, totalSupply_);
		^----------------------------------------------^

INFO:Detectors:[92m
Different versions of Solidity is used in /sb/0x68914f948f37f1273d86c03130efaab97bc7ee3f.sol:
	- Version used: ['^0.4.18', '^0.4.23']
	- /sb/0x68914f948f37f1273d86c03130efaab97bc7ee3f.sol#3-5 declares pragma solidity^0.4.18
	- /sb/0x68914f948f37f1273d86c03130efaab97bc7ee3f.sol#52-53 declares pragma solidity^0.4.18
	- /sb/0x68914f948f37f1273d86c03130efaab97bc7ee3f.sol#70 declares pragma solidity^0.4.18
	- /sb/0x68914f948f37f1273d86c03130efaab97bc7ee3f.sol#124-125 declares pragma solidity^0.4.18
	- /sb/0x68914f948f37f1273d86c03130efaab97bc7ee3f.sol#177 declares pragma solidity^0.4.18
	- /sb/0x68914f948f37f1273d86c03130efaab97bc7ee3f.sol#195 declares pragma solidity^0.4.18
	- /sb/0x68914f948f37f1273d86c03130efaab97bc7ee3f.sol#301 declares pragma solidity^0.4.18
	- /sb/0x68914f948f37f1273d86c03130efaab97bc7ee3f.sol#328-331 declares pragma solidity^0.4.23
Reference: https://github.com/trailofbits/slither/wiki/Detectors-Documentation#different-pragma-directives-are-used[0m
INFO:Detectors:[92m
Ownable.transferOwnership (/sb/0x68914f948f37f1273d86c03130efaab97bc7ee3f.sol#38-46) should be declared external
ERC20Basic.totalSupply (/sb/0x68914f948f37f1273d86c03130efaab97bc7ee3f.sol#58) should be declared external
BasicToken.totalSupply (/sb/0x68914f948f37f1273d86c03130efaab97bc7ee3f.sol#140-142) should be declared external
ERC20Basic.balanceOf (/sb/0x68914f948f37f1273d86c03130efaab97bc7ee3f.sol#58-59) should be declared external
BasicToken.balanceOf (/sb/0x68914f948f37f1273d86c03130efaab97bc7ee3f.sol#166-174) should be declared external
ERC20.allowance (/sb/0x68914f948f37f1273d86c03130efaab97bc7ee3f.sol#179-180) should be declared external
StandardToken.allowance (/sb/0x68914f948f37f1273d86c03130efaab97bc7ee3f.sol#249-250) should be declared external
StandardToken.increaseApproval (/sb/0x68914f948f37f1273d86c03130efaab97bc7ee3f.sol#260-267) should be declared external
StandardToken.decreaseApproval (/sb/0x68914f948f37f1273d86c03130efaab97bc7ee3f.sol#277-297) should be declared external
Reference: https://github.com/trailofbits/slither/wiki/Detectors-Documentation#public-function-that-could-be-declared-as-external[0m
INFO:Detectors:[92m
Detected issues with version pragma in /sb/0x68914f948f37f1273d86c03130efaab97bc7ee3f.sol:
	- pragma solidity^0.4.18 (/sb/0x68914f948f37f1273d86c03130efaab97bc7ee3f.sol#3-5): it allows old versions
	- pragma solidity^0.4.18 (/sb/0x68914f948f37f1273d86c03130efaab97bc7ee3f.sol#52-53): it allows old versions
	- pragma solidity^0.4.18 (/sb/0x68914f948f37f1273d86c03130efaab97bc7ee3f.sol#70): it allows old versions
	- pragma solidity^0.4.18 (/sb/0x68914f948f37f1273d86c03130efaab97bc7ee3f.sol#124-125): it allows old versions
	- pragma solidity^0.4.18 (/sb/0x68914f948f37f1273d86c03130efaab97bc7ee3f.sol#177): it allows old versions
	- pragma solidity^0.4.18 (/sb/0x68914f948f37f1273d86c03130efaab97bc7ee3f.sol#195): it allows old versions
	- pragma solidity^0.4.18 (/sb/0x68914f948f37f1273d86c03130efaab97bc7ee3f.sol#301): it allows old versions
	- pragma solidity^0.4.23 (/sb/0x68914f948f37f1273d86c03130efaab97bc7ee3f.sol#328-331): it allows old versions
Reference: https://github.com/trailofbits/slither/wiki/Detectors-Documentation#incorrect-version-of-solidity[0m
INFO:Detectors:[92m
Function 'Ownable.Ownable' (/sb/0x68914f948f37f1273d86c03130efaab97bc7ee3f.sol#22-27) is not in mixedCase
Parameter '_owner' of BasicToken.balanceOf (/sb/0x68914f948f37f1273d86c03130efaab97bc7ee3f.sol#168) is not in mixedCase
Parameter '_to' of BasicToken.transfer (/sb/0x68914f948f37f1273d86c03130efaab97bc7ee3f.sol#148) is not in mixedCase
Parameter '_value' of BasicToken.transfer (/sb/0x68914f948f37f1273d86c03130efaab97bc7ee3f.sol#148) is not in mixedCase
Parameter '_owner' of StandardToken.allowance (/sb/0x68914f948f37f1273d86c03130efaab97bc7ee3f.sol#249) is not in mixedCase
Parameter '_spender' of StandardToken.allowance (/sb/0x68914f948f37f1273d86c03130efaab97bc7ee3f.sol#249-250) is not in mixedCase
Parameter '_from' of StandardToken.transferFrom (/sb/0x68914f948f37f1273d86c03130efaab97bc7ee3f.sol#213) is not in mixedCase
Parameter '_to' of StandardToken.transferFrom (/sb/0x68914f948f37f1273d86c03130efaab97bc7ee3f.sol#213) is not in mixedCase
Parameter '_value' of StandardToken.transferFrom (/sb/0x68914f948f37f1273d86c03130efaab97bc7ee3f.sol#213-214) is not in mixedCase
Parameter '_spender' of StandardToken.approve (/sb/0x68914f948f37f1273d86c03130efaab97bc7ee3f.sol#237) is not in mixedCase
Parameter '_value' of StandardToken.approve (/sb/0x68914f948f37f1273d86c03130efaab97bc7ee3f.sol#237-238) is not in mixedCase
Parameter '_spender' of StandardToken.increaseApproval (/sb/0x68914f948f37f1273d86c03130efaab97bc7ee3f.sol#263) is not in mixedCase
Parameter '_addedValue' of StandardToken.increaseApproval (/sb/0x68914f948f37f1273d86c03130efaab97bc7ee3f.sol#263) is not in mixedCase
Parameter '_spender' of StandardToken.decreaseApproval (/sb/0x68914f948f37f1273d86c03130efaab97bc7ee3f.sol#277-279) is not in mixedCase
Parameter '_subtractedValue' of StandardToken.decreaseApproval (/sb/0x68914f948f37f1273d86c03130efaab97bc7ee3f.sol#279) is not in mixedCase
Parameter '_value' of BurnableToken.burn (/sb/0x68914f948f37f1273d86c03130efaab97bc7ee3f.sol#309) is not in mixedCase
Function 'WfcpToken.WfcpToken' (/sb/0x68914f948f37f1273d86c03130efaab97bc7ee3f.sol#405-411) is not in mixedCase
Reference: https://github.com/trailofbits/slither/wiki/Detectors-Documentation#conformance-to-solidity-naming-conventions[0m
INFO:Slither:/sb/0x68914f948f37f1273d86c03130efaab97bc7ee3f.sol analyzed (8 contracts), 28 result(s) found
