INFO:Detectors:[93m
Reentrancy in TokenVesting.release (/sb/0xb55283fb3a40ecdc33e32caeb8e56ed8cdbb31be.sol#301-307):
	External calls:
	- unreleased = releasableAmount(token) (/sb/0xb55283fb3a40ecdc33e32caeb8e56ed8cdbb31be.sol#301-302)
	State variables written after the call(s):
	- released (/sb/0xb55283fb3a40ecdc33e32caeb8e56ed8cdbb31be.sol#303-304)
Reentrancy in TokenVesting.revoke (/sb/0xb55283fb3a40ecdc33e32caeb8e56ed8cdbb31be.sol#316-330):
	External calls:
	- balance = token.balanceOf(this) (/sb/0xb55283fb3a40ecdc33e32caeb8e56ed8cdbb31be.sol#322-323)
	- unreleased = releasableAmount(token) (/sb/0xb55283fb3a40ecdc33e32caeb8e56ed8cdbb31be.sol#323-325)
	State variables written after the call(s):
	- revoked (/sb/0xb55283fb3a40ecdc33e32caeb8e56ed8cdbb31be.sol#325-326)
Reference: https://github.com/trailofbits/slither/wiki/Detectors-Documentation#reentrancy-vulnerabilities-1[0m
INFO:Detectors:[92m
TokenVesting.vestedAmount (/sb/0xb55283fb3a40ecdc33e32caeb8e56ed8cdbb31be.sol#340-360) uses timestamp for comparisons
	Dangerous comparisons:
	- block.timestamp >= start.add(duration) || revoked[token] (/sb/0xb55283fb3a40ecdc33e32caeb8e56ed8cdbb31be.sol#353-359)
	- block.timestamp < cliff (/sb/0xb55283fb3a40ecdc33e32caeb8e56ed8cdbb31be.sol#350-359)
Reference: https://github.com/trailofbits/slither/wiki/Detectors-Documentation#block-timestamp[0m
INFO:Detectors:[92m
ERC20Basic.totalSupply (/sb/0xb55283fb3a40ecdc33e32caeb8e56ed8cdbb31be.sol#57) should be declared external
BasicToken.totalSupply (/sb/0xb55283fb3a40ecdc33e32caeb8e56ed8cdbb31be.sol#78-83) should be declared external
ERC20Basic.balanceOf (/sb/0xb55283fb3a40ecdc33e32caeb8e56ed8cdbb31be.sol#57-58) should be declared external
BasicToken.balanceOf (/sb/0xb55283fb3a40ecdc33e32caeb8e56ed8cdbb31be.sol#103-111) should be declared external
ERC20.allowance (/sb/0xb55283fb3a40ecdc33e32caeb8e56ed8cdbb31be.sol#113-114) should be declared external
StandardToken.allowance (/sb/0xb55283fb3a40ecdc33e32caeb8e56ed8cdbb31be.sol#174-176) should be declared external
ERC20.approve (/sb/0xb55283fb3a40ecdc33e32caeb8e56ed8cdbb31be.sol#115-119) should be declared external
StandardToken.approve (/sb/0xb55283fb3a40ecdc33e32caeb8e56ed8cdbb31be.sol#159-166) should be declared external
StandardToken.increaseApproval (/sb/0xb55283fb3a40ecdc33e32caeb8e56ed8cdbb31be.sol#180-187) should be declared external
StandardToken.decreaseApproval (/sb/0xb55283fb3a40ecdc33e32caeb8e56ed8cdbb31be.sol#187-201) should be declared external
TokenVesting.release (/sb/0xb55283fb3a40ecdc33e32caeb8e56ed8cdbb31be.sol#301-307) should be declared external
TokenVesting.revoke (/sb/0xb55283fb3a40ecdc33e32caeb8e56ed8cdbb31be.sol#316-330) should be declared external
BurnableToken.burn (/sb/0xb55283fb3a40ecdc33e32caeb8e56ed8cdbb31be.sol#368-369) should be declared external
Reference: https://github.com/trailofbits/slither/wiki/Detectors-Documentation#public-function-that-could-be-declared-as-external[0m
INFO:Detectors:[92m
Parameter '_owner' of BasicToken.balanceOf (/sb/0xb55283fb3a40ecdc33e32caeb8e56ed8cdbb31be.sol#107-108) is not in mixedCase
Parameter '_to' of BasicToken.transfer (/sb/0xb55283fb3a40ecdc33e32caeb8e56ed8cdbb31be.sol#87-88) is not in mixedCase
Parameter '_value' of BasicToken.transfer (/sb/0xb55283fb3a40ecdc33e32caeb8e56ed8cdbb31be.sol#88) is not in mixedCase
Parameter '_owner' of StandardToken.allowance (/sb/0xb55283fb3a40ecdc33e32caeb8e56ed8cdbb31be.sol#174) is not in mixedCase
Parameter '_spender' of StandardToken.allowance (/sb/0xb55283fb3a40ecdc33e32caeb8e56ed8cdbb31be.sol#174) is not in mixedCase
Parameter '_from' of StandardToken.transferFrom (/sb/0xb55283fb3a40ecdc33e32caeb8e56ed8cdbb31be.sol#137) is not in mixedCase
Parameter '_to' of StandardToken.transferFrom (/sb/0xb55283fb3a40ecdc33e32caeb8e56ed8cdbb31be.sol#138) is not in mixedCase
Parameter '_value' of StandardToken.transferFrom (/sb/0xb55283fb3a40ecdc33e32caeb8e56ed8cdbb31be.sol#138) is not in mixedCase
Parameter '_spender' of StandardToken.approve (/sb/0xb55283fb3a40ecdc33e32caeb8e56ed8cdbb31be.sol#159-160) is not in mixedCase
Parameter '_value' of StandardToken.approve (/sb/0xb55283fb3a40ecdc33e32caeb8e56ed8cdbb31be.sol#160-163) is not in mixedCase
Parameter '_spender' of StandardToken.increaseApproval (/sb/0xb55283fb3a40ecdc33e32caeb8e56ed8cdbb31be.sol#181) is not in mixedCase
Parameter '_addedValue' of StandardToken.increaseApproval (/sb/0xb55283fb3a40ecdc33e32caeb8e56ed8cdbb31be.sol#181) is not in mixedCase
Parameter '_spender' of StandardToken.decreaseApproval (/sb/0xb55283fb3a40ecdc33e32caeb8e56ed8cdbb31be.sol#188) is not in mixedCase
Parameter '_subtractedValue' of StandardToken.decreaseApproval (/sb/0xb55283fb3a40ecdc33e32caeb8e56ed8cdbb31be.sol#188-189) is not in mixedCase
Parameter '_beneficiary' of TokenVesting. (/sb/0xb55283fb3a40ecdc33e32caeb8e56ed8cdbb31be.sol#279) is not in mixedCase
Parameter '_start' of TokenVesting. (/sb/0xb55283fb3a40ecdc33e32caeb8e56ed8cdbb31be.sol#280) is not in mixedCase
Parameter '_cliff' of TokenVesting. (/sb/0xb55283fb3a40ecdc33e32caeb8e56ed8cdbb31be.sol#280-281) is not in mixedCase
Parameter '_duration' of TokenVesting. (/sb/0xb55283fb3a40ecdc33e32caeb8e56ed8cdbb31be.sol#281-285) is not in mixedCase
Parameter '_revocable' of TokenVesting. (/sb/0xb55283fb3a40ecdc33e32caeb8e56ed8cdbb31be.sol#285) is not in mixedCase
Parameter '_value' of BurnableToken.burn (/sb/0xb55283fb3a40ecdc33e32caeb8e56ed8cdbb31be.sol#368) is not in mixedCase
Function 'BurnableToken._burn' (/sb/0xb55283fb3a40ecdc33e32caeb8e56ed8cdbb31be.sol#370-383) is not in mixedCase
Parameter '_who' of BurnableToken._burn (/sb/0xb55283fb3a40ecdc33e32caeb8e56ed8cdbb31be.sol#370) is not in mixedCase
Parameter '_value' of BurnableToken._burn (/sb/0xb55283fb3a40ecdc33e32caeb8e56ed8cdbb31be.sol#371) is not in mixedCase
Parameter '_to' of AgateToken.transfer (/sb/0xb55283fb3a40ecdc33e32caeb8e56ed8cdbb31be.sol) is not in mixedCase
Parameter '_value' of AgateToken.transfer (/sb/0xb55283fb3a40ecdc33e32caeb8e56ed8cdbb31be.sol) is not in mixedCase
Parameter '_from' of AgateToken.transferFrom (/sb/0xb55283fb3a40ecdc33e32caeb8e56ed8cdbb31be.sol#490) is not in mixedCase
Parameter '_to' of AgateToken.transferFrom (/sb/0xb55283fb3a40ecdc33e32caeb8e56ed8cdbb31be.sol#490) is not in mixedCase
Parameter '_value' of AgateToken.transferFrom (/sb/0xb55283fb3a40ecdc33e32caeb8e56ed8cdbb31be.sol#491-492) is not in mixedCase
Parameter '_teamTokensAddress' of AgateToken. (/sb/0xb55283fb3a40ecdc33e32caeb8e56ed8cdbb31be.sol#422-424) is not in mixedCase
Parameter '_reserveTokensAddress' of AgateToken. (/sb/0xb55283fb3a40ecdc33e32caeb8e56ed8cdbb31be.sol#424) is not in mixedCase
Parameter '_advisorsTokensAddress' of AgateToken. (/sb/0xb55283fb3a40ecdc33e32caeb8e56ed8cdbb31be.sol#425) is not in mixedCase
Parameter '_saleTokensAddress' of AgateToken. (/sb/0xb55283fb3a40ecdc33e32caeb8e56ed8cdbb31be.sol#425-426) is not in mixedCase
Parameter '_bountyTokensAddress' of AgateToken. (/sb/0xb55283fb3a40ecdc33e32caeb8e56ed8cdbb31be.sol#426) is not in mixedCase
Constant 'AgateToken.date15Nov2018' (/sb/0xb55283fb3a40ecdc33e32caeb8e56ed8cdbb31be.sol#418-419) is not in UPPER_CASE_WITH_UNDERSCORES
Reference: https://github.com/trailofbits/slither/wiki/Detectors-Documentation#conformance-to-solidity-naming-conventions[0m
INFO:Slither:/sb/0xb55283fb3a40ecdc33e32caeb8e56ed8cdbb31be.sol analyzed (10 contracts), 50 result(s) found
