INFO:Slither:Compilation warnings/errors on /sb/0x0f7466e713b582630504dd39a72f6e15d2d052a9.sol:
/sb/0x0f7466e713b582630504dd39a72f6e15d2d052a9.sol:108:13: Warning: Failure condition of 'send' ignored. Consider using 'transfer' instead.
            PROMO1.send(promo1);
            ^-----------------^
/sb/0x0f7466e713b582630504dd39a72f6e15d2d052a9.sol:110:13: Warning: Failure condition of 'send' ignored. Consider using 'transfer' instead.
            PROMO2.send(promo2);
            ^-----------------^
/sb/0x0f7466e713b582630504dd39a72f6e15d2d052a9.sol:112:13: Warning: Failure condition of 'send' ignored. Consider using 'transfer' instead.
            TECH.send(tech);
            ^-------------^
/sb/0x0f7466e713b582630504dd39a72f6e15d2d052a9.sol:134:17: Warning: Failure condition of 'send' ignored. Consider using 'transfer' instead.
                dep.depositor.send(dep.expect); //Send money to him
                ^----------------------------^
/sb/0x0f7466e713b582630504dd39a72f6e15d2d052a9.sol:141:17: Warning: Failure condition of 'send' ignored. Consider using 'transfer' instead.
                dep.depositor.send(money); //Send to him everything we have
                ^-----------------------^

INFO:Detectors:[92m
Multiplier.pay has external calls inside a loop:
	- dep.depositor.send(dep.expect) (/sb/0x0f7466e713b582630504dd39a72f6e15d2d052a9.sol#156-157)
Multiplier.pay has external calls inside a loop:
	- dep.depositor.send(money) (/sb/0x0f7466e713b582630504dd39a72f6e15d2d052a9.sol#164-165)
Reference: https://github.com/trailofbits/slither/wiki/Detectors-Documentation/_edit#calls-inside-a-loop[0m
INFO:Detectors:[92m
Multiplier.fallback (/sb/0x0f7466e713b582630504dd39a72f6e15d2d052a9.sol#121-140) should be declared external
Multiplier.getDeposit (/sb/0x0f7466e713b582630504dd39a72f6e15d2d052a9.sol#182-188) should be declared external
Multiplier.getDeposits (/sb/0x0f7466e713b582630504dd39a72f6e15d2d052a9.sol) should be declared external
Multiplier.getQueueLength (/sb/0x0f7466e713b582630504dd39a72f6e15d2d052a9.sol) should be declared external
Reference: https://github.com/trailofbits/slither/wiki/Detectors-Documentation#public-function-that-could-be-declared-as-external[0m
INFO:Slither:/sb/0x0f7466e713b582630504dd39a72f6e15d2d052a9.sol analyzed (1 contracts), 6 result(s) found
