INFO:Slither:Compilation warnings/errors on /sb/0xb51088f5f37286b5c3462043200a0ce9aee71459.sol:
/sb/0xb51088f5f37286b5c3462043200a0ce9aee71459.sol:18:9: Warning: Use of the "var" keyword is deprecated.
        var _locks = bitlocks;
        ^--------^
/sb/0xb51088f5f37286b5c3462043200a0ce9aee71459.sol:63:5: Warning: Defining constructors as functions with the same name as the contract is deprecated. Use "constructor(...) { ... }" instead.
    function Owned() {
    ^ (Relevant source part starts here and spans across multiple lines).
/sb/0xb51088f5f37286b5c3462043200a0ce9aee71459.sol:115:5: Warning: Defining constructors as functions with the same name as the contract is deprecated. Use "constructor(...) { ... }" instead.
    function Crowdsale(address _foundersWallet, address _beneficiary){
    ^ (Relevant source part starts here and spans across multiple lines).
/sb/0xb51088f5f37286b5c3462043200a0ce9aee71459.sol:70:9: Warning: Invoking events without "emit" prefix is deprecated.
        OwnershipTransferred(owner, newOwner);
        ^-----------------------------------^
/sb/0xb51088f5f37286b5c3462043200a0ce9aee71459.sol:224:9: Warning: Invoking events without "emit" prefix is deprecated.
        Transfer(msg.sender, transferTokens);
        ^----------------------------------^
/sb/0xb51088f5f37286b5c3462043200a0ce9aee71459.sol:26:5: Warning: No visibility specified. Defaulting to "public". 
    function mint(address _to, uint _amount);
    ^---------------------------------------^
/sb/0xb51088f5f37286b5c3462043200a0ce9aee71459.sol:27:5: Warning: No visibility specified. Defaulting to "public". 
    function start();
    ^---------------^
/sb/0xb51088f5f37286b5c3462043200a0ce9aee71459.sol:28:5: Warning: No visibility specified. Defaulting to "public". 
    function getTotalSupply() returns(uint);
    ^--------------------------------------^
/sb/0xb51088f5f37286b5c3462043200a0ce9aee71459.sol:29:5: Warning: No visibility specified. Defaulting to "public". 
    function balanceOf(address _owner) returns(uint);
    ^-----------------------------------------------^
/sb/0xb51088f5f37286b5c3462043200a0ce9aee71459.sol:30:5: Warning: No visibility specified. Defaulting to "public". 
    function transfer(address _to, uint _amount) returns (bool success);
    ^------------------------------------------------------------------^
/sb/0xb51088f5f37286b5c3462043200a0ce9aee71459.sol:31:5: Warning: No visibility specified. Defaulting to "public". 
    function transferFrom(address _from, address _to, uint _value) returns (bool success);
    ^------------------------------------------------------------------------------------^
/sb/0xb51088f5f37286b5c3462043200a0ce9aee71459.sol:32:5: Warning: No visibility specified. Defaulting to "public". 
    function burn(uint256 _amount, address _address)  returns (bool success);
    ^-----------------------------------------------------------------------^
/sb/0xb51088f5f37286b5c3462043200a0ce9aee71459.sol:63:5: Warning: No visibility specified. Defaulting to "public". 
    function Owned() {
    ^ (Relevant source part starts here and spans across multiple lines).
/sb/0xb51088f5f37286b5c3462043200a0ce9aee71459.sol:66:5: Warning: No visibility specified. Defaulting to "public". 
    function transferOwnership(address _newOwner) only(owner) {
    ^ (Relevant source part starts here and spans across multiple lines).
/sb/0xb51088f5f37286b5c3462043200a0ce9aee71459.sol:69:5: Warning: No visibility specified. Defaulting to "public". 
    function acceptOwnership() only(newOwner) {
    ^ (Relevant source part starts here and spans across multiple lines).
/sb/0xb51088f5f37286b5c3462043200a0ce9aee71459.sol:115:5: Warning: No visibility specified. Defaulting to "public". 
    function Crowdsale(address _foundersWallet, address _beneficiary){
    ^ (Relevant source part starts here and spans across multiple lines).
/sb/0xb51088f5f37286b5c3462043200a0ce9aee71459.sol:246:5: Warning: No visibility specified. Defaulting to "public". 
    function burn(uint256 _amount, address _address) only(owner) {
    ^ (Relevant source part starts here and spans across multiple lines).
/sb/0xb51088f5f37286b5c3462043200a0ce9aee71459.sol:39:5: Warning: Function state mutability can be restricted to pure
    function mul(uint256 a, uint256 b) internal constant returns (uint256) {
    ^ (Relevant source part starts here and spans across multiple lines).
/sb/0xb51088f5f37286b5c3462043200a0ce9aee71459.sol:44:5: Warning: Function state mutability can be restricted to pure
    function div(uint256 a, uint256 b) internal constant returns (uint256) {
    ^ (Relevant source part starts here and spans across multiple lines).
/sb/0xb51088f5f37286b5c3462043200a0ce9aee71459.sol:50:5: Warning: Function state mutability can be restricted to pure
    function sub(uint256 a, uint256 b) internal constant returns (uint256) {
    ^ (Relevant source part starts here and spans across multiple lines).
/sb/0xb51088f5f37286b5c3462043200a0ce9aee71459.sol:54:5: Warning: Function state mutability can be restricted to pure
    function add(uint256 a, uint256 b) internal constant returns (uint256) {
    ^ (Relevant source part starts here and spans across multiple lines).
/sb/0xb51088f5f37286b5c3462043200a0ce9aee71459.sol:232:5: Warning: Function state mutability can be restricted to view
    function _checkMaxRoundSupply(uint _amountTokens)
    ^ (Relevant source part starts here and spans across multiple lines).

INFO:Detectors:[92m
Reentrancy in Crowdsale.burn (/sb/0xb51088f5f37286b5c3462043200a0ce9aee71459.sol#255-257):
	External calls:
	- require(bool)(token.burn(_amount,_address)) (/sb/0xb51088f5f37286b5c3462043200a0ce9aee71459.sol)
	State variables written after the call(s):
	- totalSaleSupply (/sb/0xb51088f5f37286b5c3462043200a0ce9aee71459.sol)
Reference: https://github.com/trailofbits/slither/wiki/Detectors-Documentation#reentrancy-vulnerabilities-2[0m
INFO:Detectors:[92m
Crowdsale.bonusBase should be constant (/sb/0xb51088f5f37286b5c3462043200a0ce9aee71459.sol#99-100)
Crowdsale.foundersAmount should be constant (/sb/0xb51088f5f37286b5c3462043200a0ce9aee71459.sol#92-93)
Crowdsale.maxICOFirstSupply should be constant (/sb/0xb51088f5f37286b5c3462043200a0ce9aee71459.sol#94-95)
Crowdsale.maxICOSecondSupply should be constant (/sb/0xb51088f5f37286b5c3462043200a0ce9aee71459.sol#95-97)
Crowdsale.maxICOThirdSupply should be constant (/sb/0xb51088f5f37286b5c3462043200a0ce9aee71459.sol#97-98)
Crowdsale.maxPreICOSupply should be constant (/sb/0xb51088f5f37286b5c3462043200a0ce9aee71459.sol#93-94)
Crowdsale.tokenPrice should be constant (/sb/0xb51088f5f37286b5c3462043200a0ce9aee71459.sol#85-87)
Reference: https://github.com/trailofbits/slither/wiki/Detectors-Documentation#state-variables-that-could-be-declared-constant[0m
INFO:Detectors:[92m
IToken.mint (/sb/0xb51088f5f37286b5c3462043200a0ce9aee71459.sol#26-28) should be declared external
IToken.start (/sb/0xb51088f5f37286b5c3462043200a0ce9aee71459.sol#28) should be declared external
IToken.getTotalSupply (/sb/0xb51088f5f37286b5c3462043200a0ce9aee71459.sol#28-29) should be declared external
IToken.balanceOf (/sb/0xb51088f5f37286b5c3462043200a0ce9aee71459.sol#29-30) should be declared external
IToken.transfer (/sb/0xb51088f5f37286b5c3462043200a0ce9aee71459.sol#30-31) should be declared external
IToken.transferFrom (/sb/0xb51088f5f37286b5c3462043200a0ce9aee71459.sol#31-32) should be declared external
IToken.burn (/sb/0xb51088f5f37286b5c3462043200a0ce9aee71459.sol#32-36) should be declared external
Owned.transferOwnership (/sb/0xb51088f5f37286b5c3462043200a0ce9aee71459.sol#67-70) should be declared external
Owned.acceptOwnership (/sb/0xb51088f5f37286b5c3462043200a0ce9aee71459.sol#70-73) should be declared external
Crowdsale.initialize (/sb/0xb51088f5f37286b5c3462043200a0ce9aee71459.sol#124-134) should be declared external
Crowdsale.setBonus (/sb/0xb51088f5f37286b5c3462043200a0ce9aee71459.sol#134-140) should be declared external
Crowdsale.setPrice (/sb/0xb51088f5f37286b5c3462043200a0ce9aee71459.sol#140-145) should be declared external
Crowdsale.setState (/sb/0xb51088f5f37286b5c3462043200a0ce9aee71459.sol#145-172) should be declared external
Crowdsale.setStateWithBonus (/sb/0xb51088f5f37286b5c3462043200a0ce9aee71459.sol#172-195) should be declared external
Crowdsale.mintPresale (/sb/0xb51088f5f37286b5c3462043200a0ce9aee71459.sol#195-210) should be declared external
Crowdsale.fallback (/sb/0xb51088f5f37286b5c3462043200a0ce9aee71459.sol#211-214) should be declared external
Crowdsale.burn (/sb/0xb51088f5f37286b5c3462043200a0ce9aee71459.sol#255-257) should be declared external
Reference: https://github.com/trailofbits/slither/wiki/Detectors-Documentation#public-function-that-could-be-declared-as-external[0m
INFO:Detectors:[92m
Detected issues with version pragma in /sb/0xb51088f5f37286b5c3462043200a0ce9aee71459.sol:
	- pragma solidity^0.4.15 (/sb/0xb51088f5f37286b5c3462043200a0ce9aee71459.sol#1): it allows old versions
Reference: https://github.com/trailofbits/slither/wiki/Detectors-Documentation#incorrect-version-of-solidity[0m
INFO:Detectors:[92m
Function 'Owned.Owned' (/sb/0xb51088f5f37286b5c3462043200a0ce9aee71459.sol#66) is not in mixedCase
Parameter '_newOwner' of Owned.transferOwnership (/sb/0xb51088f5f37286b5c3462043200a0ce9aee71459.sol#68-69) is not in mixedCase
Function 'Crowdsale.Crowdsale' (/sb/0xb51088f5f37286b5c3462043200a0ce9aee71459.sol#117-124) is not in mixedCase
Parameter '_foundersWallet' of Crowdsale.Crowdsale (/sb/0xb51088f5f37286b5c3462043200a0ce9aee71459.sol#117-119) is not in mixedCase
Parameter '_beneficiary' of Crowdsale.Crowdsale (/sb/0xb51088f5f37286b5c3462043200a0ce9aee71459.sol#119) is not in mixedCase
Parameter '_token' of Crowdsale.initialize (/sb/0xb51088f5f37286b5c3462043200a0ce9aee71459.sol#125) is not in mixedCase
Parameter '_bonus' of Crowdsale.setBonus (/sb/0xb51088f5f37286b5c3462043200a0ce9aee71459.sol#136-137) is not in mixedCase
Parameter '_tokenPrice' of Crowdsale.setPrice (/sb/0xb51088f5f37286b5c3462043200a0ce9aee71459.sol#141-142) is not in mixedCase
Parameter '_newState' of Crowdsale.setState (/sb/0xb51088f5f37286b5c3462043200a0ce9aee71459.sol#146) is not in mixedCase
Parameter '_newState' of Crowdsale.setStateWithBonus (/sb/0xb51088f5f37286b5c3462043200a0ce9aee71459.sol#173) is not in mixedCase
Parameter '_bonus' of Crowdsale.setStateWithBonus (/sb/0xb51088f5f37286b5c3462043200a0ce9aee71459.sol#173) is not in mixedCase
Parameter '_to' of Crowdsale.mintPresale (/sb/0xb51088f5f37286b5c3462043200a0ce9aee71459.sol#195) is not in mixedCase
Parameter '_amount' of Crowdsale.mintPresale (/sb/0xb51088f5f37286b5c3462043200a0ce9aee71459.sol#195-196) is not in mixedCase
Function 'Crowdsale._receiveFunds' (/sb/0xb51088f5f37286b5c3462043200a0ce9aee71459.sol#215-235) is not in mixedCase
Function 'Crowdsale._mint' (/sb/0xb51088f5f37286b5c3462043200a0ce9aee71459.sol#235-237) is not in mixedCase
Parameter '_to' of Crowdsale._mint (/sb/0xb51088f5f37286b5c3462043200a0ce9aee71459.sol#236) is not in mixedCase
Parameter '_amount' of Crowdsale._mint (/sb/0xb51088f5f37286b5c3462043200a0ce9aee71459.sol#236) is not in mixedCase
Function 'Crowdsale._checkMaxRoundSupply' (/sb/0xb51088f5f37286b5c3462043200a0ce9aee71459.sol#237-255) is not in mixedCase
Parameter '_amountTokens' of Crowdsale._checkMaxRoundSupply (/sb/0xb51088f5f37286b5c3462043200a0ce9aee71459.sol#238) is not in mixedCase
Parameter '_amount' of Crowdsale.burn (/sb/0xb51088f5f37286b5c3462043200a0ce9aee71459.sol#257) is not in mixedCase
Parameter '_address' of Crowdsale.burn (/sb/0xb51088f5f37286b5c3462043200a0ce9aee71459.sol) is not in mixedCase
Function 'Crowdsale._finish' (/sb/0xb51088f5f37286b5c3462043200a0ce9aee71459.sol) is not in mixedCase
Reference: https://github.com/trailofbits/slither/wiki/Detectors-Documentation#conformance-to-solidity-naming-conventions[0m
INFO:Detectors:[92m
Base.L00 (/sb/0xb51088f5f37286b5c3462043200a0ce9aee71459.sol#10-11) is never used in Crowdsale
Base.L01 (/sb/0xb51088f5f37286b5c3462043200a0ce9aee71459.sol#11-12) is never used in Crowdsale
Base.L02 (/sb/0xb51088f5f37286b5c3462043200a0ce9aee71459.sol#12-13) is never used in Crowdsale
Base.L03 (/sb/0xb51088f5f37286b5c3462043200a0ce9aee71459.sol#13-14) is never used in Crowdsale
Base.L04 (/sb/0xb51088f5f37286b5c3462043200a0ce9aee71459.sol#14-15) is never used in Crowdsale
Base.L05 (/sb/0xb51088f5f37286b5c3462043200a0ce9aee71459.sol#15-16) is never used in Crowdsale
Reference: https://github.com/trailofbits/slither/wiki/Detectors-Documentation#unused-state-variables[0m
INFO:Slither:/sb/0xb51088f5f37286b5c3462043200a0ce9aee71459.sol analyzed (5 contracts), 43 result(s) found
